Copyright 1986-2020 Xilinx, Inc. All Rights Reserved.
------------------------------------------------------------------------------------------------------
| Tool Version      : Vivado v.2020.1 (lin64) Build 2902540 Wed May 27 19:54:35 MDT 2020
| Date              : Tue Mar 15 16:03:20 2022
| Host              : lepus running 64-bit CentOS Linux release 7.9.2009 (Core)
| Command           : report_timing_summary -file ./output/fc2_1/report/timing-summary-post-place.rpt
| Design            : top
| Device            : xcvu9p-flga2104
| Speed File        : -2L  PRODUCTION 1.27 02-28-2020
| Temperature Grade : E
------------------------------------------------------------------------------------------------------

Timing Summary Report

------------------------------------------------------------------------------------------------
| Timer Settings
| --------------
------------------------------------------------------------------------------------------------

  Enable Multi Corner Analysis               :  Yes
  Enable Pessimism Removal                   :  Yes
  Pessimism Removal Resolution               :  Nearest Common Node
  Enable Input Delay Default Clock           :  No
  Enable Preset / Clear Arcs                 :  No
  Disable Flight Delays                      :  No
  Ignore I/O Paths                           :  No
  Timing Early Launch at Borrowing Latches   :  No
  Borrow Time for Max Delay Exceptions       :  Yes
  Merge Timing Exceptions                    :  Yes

  Corner  Analyze    Analyze    
  Name    Max Paths  Min Paths  
  ------  ---------  ---------  
  Slow    Yes        Yes        
  Fast    Yes        Yes        



check_timing report

Table of Contents
-----------------
1. checking no_clock (0)
2. checking constant_clock (0)
3. checking pulse_width_clock (0)
4. checking unconstrained_internal_endpoints (0)
5. checking no_input_delay (10)
6. checking no_output_delay (22)
7. checking multiple_clock (0)
8. checking generated_clocks (0)
9. checking loops (0)
10. checking partial_input_delay (0)
11. checking partial_output_delay (0)
12. checking latch_loops (0)

1. checking no_clock (0)
------------------------
 There are 0 register/latch pins with no clock.


2. checking constant_clock (0)
------------------------------
 There are 0 register/latch pins with constant_clock.


3. checking pulse_width_clock (0)
---------------------------------
 There are 0 register/latch pins which need pulse_width check


4. checking unconstrained_internal_endpoints (0)
------------------------------------------------
 There are 0 pins that are not constrained for maximum delay.

 There are 0 pins that are not constrained for maximum delay due to constant clock.


5. checking no_input_delay (10)
-------------------------------
 There are 10 input ports with no input delay specified. (HIGH)

 There are 0 input ports with no input delay but user has a false path constraint.


6. checking no_output_delay (22)
--------------------------------
 There are 22 ports with no output delay specified. (HIGH)

 There are 0 ports with no output delay but user has a false path constraint

 There are 0 ports with no output delay but with a timing clock defined on it or propagating through it


7. checking multiple_clock (0)
------------------------------
 There are 0 register/latch pins with multiple clocks.


8. checking generated_clocks (0)
--------------------------------
 There are 0 generated clocks that are not connected to a clock source.


9. checking loops (0)
---------------------
 There are 0 combinational loops in the design.


10. checking partial_input_delay (0)
------------------------------------
 There are 0 input ports with partial input delay specified.


11. checking partial_output_delay (0)
-------------------------------------
 There are 0 ports with partial output delay specified.


12. checking latch_loops (0)
----------------------------
 There are 0 combinational latch loops in the design through latch input



------------------------------------------------------------------------------------------------
| Design Timing Summary
| ---------------------
------------------------------------------------------------------------------------------------

    WNS(ns)      TNS(ns)  TNS Failing Endpoints  TNS Total Endpoints      WHS(ns)      THS(ns)  THS Failing Endpoints  THS Total Endpoints     WPWS(ns)     TPWS(ns)  TPWS Failing Endpoints  TPWS Total Endpoints  
    -------      -------  ---------------------  -------------------      -------      -------  ---------------------  -------------------     --------     --------  ----------------------  --------------------  
     -0.708      -18.822                     40                 1171       -0.029       -0.201                     13                 1171        1.725        0.000                       0                  1151  


Timing constraints are not met.


------------------------------------------------------------------------------------------------
| Clock Summary
| -------------
------------------------------------------------------------------------------------------------

Clock          Waveform(ns)         Period(ns)      Frequency(MHz)
-----          ------------         ----------      --------------
virtual_clock  {0.000 2.000}        4.000           250.000         


------------------------------------------------------------------------------------------------
| Intra Clock Table
| -----------------
------------------------------------------------------------------------------------------------

Clock              WNS(ns)      TNS(ns)  TNS Failing Endpoints  TNS Total Endpoints      WHS(ns)      THS(ns)  THS Failing Endpoints  THS Total Endpoints     WPWS(ns)     TPWS(ns)  TPWS Failing Endpoints  TPWS Total Endpoints  
-----              -------      -------  ---------------------  -------------------      -------      -------  ---------------------  -------------------     --------     --------  ----------------------  --------------------  
virtual_clock       -0.708      -18.822                     40                 1171       -0.029       -0.201                     13                 1171        1.725        0.000                       0                  1151  


------------------------------------------------------------------------------------------------
| Inter Clock Table
| -----------------
------------------------------------------------------------------------------------------------

From Clock    To Clock          WNS(ns)      TNS(ns)  TNS Failing Endpoints  TNS Total Endpoints      WHS(ns)      THS(ns)  THS Failing Endpoints  THS Total Endpoints  
----------    --------          -------      -------  ---------------------  -------------------      -------      -------  ---------------------  -------------------  


------------------------------------------------------------------------------------------------
| Other Path Groups Table
| -----------------------
------------------------------------------------------------------------------------------------

Path Group    From Clock    To Clock          WNS(ns)      TNS(ns)  TNS Failing Endpoints  TNS Total Endpoints      WHS(ns)      THS(ns)  THS Failing Endpoints  THS Total Endpoints  
----------    ----------    --------          -------      -------  ---------------------  -------------------      -------      -------  ---------------------  -------------------  


------------------------------------------------------------------------------------------------
| Timing Details
| --------------
------------------------------------------------------------------------------------------------


---------------------------------------------------------------------------------------------------
From Clock:  virtual_clock
  To Clock:  virtual_clock

Setup :           40  Failing Endpoints,  Worst Slack       -0.708ns,  Total Violation      -18.822ns
Hold  :           13  Failing Endpoints,  Worst Slack       -0.029ns,  Total Violation       -0.201ns
PW    :            0  Failing Endpoints,  Worst Slack        1.725ns,  Total Violation        0.000ns
---------------------------------------------------------------------------------------------------


Max Delay Paths
--------------------------------------------------------------------------------------
Slack (VIOLATED) :        -0.708ns  (required time - arrival time)
  Source:                 genblk1[8].reg_in/reg_out_reg[3]/C
                            (rising edge-triggered cell FDRE clocked by virtual_clock  {rise@0.000ns fall@2.000ns period=4.000ns})
  Destination:            reg_out/reg_out_reg[10]/R
                            (rising edge-triggered cell FDRE clocked by virtual_clock  {rise@0.000ns fall@2.000ns period=4.000ns})
  Path Group:             virtual_clock
  Path Type:              Setup (Max at Slow Process Corner)
  Requirement:            4.000ns  (virtual_clock rise@4.000ns - virtual_clock rise@0.000ns)
  Data Path Delay:        4.525ns  (logic 1.950ns (43.094%)  route 2.575ns (56.906%))
  Logic Levels:           19  (CARRY8=11 LUT2=8)
  Clock Path Skew:        -0.074ns (DCD - SCD + CPR)
    Destination Clock Delay (DCD):    1.424ns = ( 5.424 - 4.000 ) 
    Source Clock Delay      (SCD):    1.825ns
    Clock Pessimism Removal (CPR):    0.328ns
  Clock Uncertainty:      0.035ns  ((TSJ^2 + TIJ^2)^1/2 + DJ) / 2 + PE
    Total System Jitter     (TSJ):    0.071ns
    Total Input Jitter      (TIJ):    0.000ns
    Discrete Jitter          (DJ):    0.000ns
    Phase Error              (PE):    0.000ns
  Clock Net Delay (Source):      0.879ns (routing 0.000ns, distribution 0.879ns)
  Clock Net Delay (Destination): 0.768ns (routing 0.000ns, distribution 0.768ns)

    Location             Delay type                Incr(ns)  Path(ns)    Netlist Resource(s)
  -------------------------------------------------------------------    -------------------
                         (clock virtual_clock rise edge)
                                                      0.000     0.000 r  
    AP13                                              0.000     0.000 r  clk (IN)
                         net (fo=0)                   0.000     0.000    clk_IBUF_inst/I
    AP13                 INBUF (Prop_INBUF_HPIOB_M_PAD_O)
                                                      0.595     0.595 r  clk_IBUF_inst/INBUF_INST/O
                         net (fo=1, routed)           0.000     0.595    clk_IBUF_inst/OUT
    AP13                 IBUFCTRL (Prop_IBUFCTRL_HPIOB_M_I_O)
                                                      0.000     0.595 r  clk_IBUF_inst/IBUFCTRL_INST/O
                         net (fo=1, estimated)        0.323     0.918    clk_IBUF
    BUFGCE_X1Y194        BUFGCE (Prop_BUFCE_BUFGCE_I_O)
                                                      0.028     0.946 r  clk_IBUF_BUFG_inst/O
    X4Y8 (CLOCK_ROOT)    net (fo=1150, estimated)     0.879     1.825    genblk1[8].reg_in/clk_IBUF_BUFG
    SLICE_X107Y510       FDRE                                         r  genblk1[8].reg_in/reg_out_reg[3]/C
  -------------------------------------------------------------------    -------------------
    SLICE_X107Y510       FDRE (Prop_AFF_SLICEM_C_Q)
                                                      0.077     1.902 r  genblk1[8].reg_in/reg_out_reg[3]/Q
                         net (fo=3, estimated)        0.102     2.004    conv/mul05/O9[3]
    SLICE_X107Y510       LUT2 (Prop_B6LUT_SLICEM_I0_O)
                                                      0.089     2.093 r  conv/mul05/reg_out[0]_i_587/O
                         net (fo=1, routed)           0.016     2.109    conv/mul05/reg_out[0]_i_587_n_0
    SLICE_X107Y510       CARRY8 (Prop_CARRY8_SLICEM_S[1]_O[5])
                                                      0.237     2.346 r  conv/mul05/reg_out_reg[0]_i_329/O[5]
                         net (fo=1, estimated)        0.386     2.732    genblk1[7].reg_in/out0[4]
    SLICE_X105Y505       LUT2 (Prop_F6LUT_SLICEL_I1_O)
                                                      0.035     2.767 r  genblk1[7].reg_in/reg_out[0]_i_308/O
                         net (fo=1, routed)           0.011     2.778    conv/add000068/reg_out_reg[0]_i_56_1[4]
    SLICE_X105Y505       CARRY8 (Prop_CARRY8_SLICEL_S[5]_CO[7])
                                                      0.155     2.933 r  conv/add000068/reg_out_reg[0]_i_154/CO[7]
                         net (fo=1, estimated)        0.026     2.959    conv/add000068/reg_out_reg[0]_i_154_n_0
    SLICE_X105Y506       CARRY8 (Prop_CARRY8_SLICEL_CI_O[0])
                                                      0.056     3.015 r  conv/add000068/reg_out_reg[0]_i_506/O[0]
                         net (fo=2, estimated)        0.284     3.299    conv/add000068/reg_out_reg[0]_i_506_n_15
    SLICE_X106Y504       CARRY8 (Prop_CARRY8_SLICEL_DI[3]_O[5])
                                                      0.177     3.476 r  conv/add000068/reg_out_reg[0]_i_239/O[5]
                         net (fo=1, estimated)        0.250     3.726    conv/add000068/reg_out_reg[0]_i_239_n_10
    SLICE_X106Y498       LUT2 (Prop_F6LUT_SLICEL_I1_O)
                                                      0.035     3.761 r  conv/add000068/reg_out[0]_i_109/O
                         net (fo=1, routed)           0.011     3.772    conv/add000068/reg_out[0]_i_109_n_0
    SLICE_X106Y498       CARRY8 (Prop_CARRY8_SLICEL_S[5]_O[7])
                                                      0.134     3.906 r  conv/add000068/reg_out_reg[0]_i_36/O[7]
                         net (fo=2, estimated)        0.266     4.172    conv/add000068/reg_out_reg[0]_i_36_n_8
    SLICE_X105Y496       LUT2 (Prop_H6LUT_SLICEL_I0_O)
                                                      0.051     4.223 r  conv/add000068/reg_out[0]_i_37/O
                         net (fo=1, routed)           0.010     4.233    conv/add000068/reg_out[0]_i_37_n_0
    SLICE_X105Y496       CARRY8 (Prop_CARRY8_SLICEL_S[7]_CO[7])
                                                      0.115     4.348 r  conv/add000068/reg_out_reg[0]_i_13/CO[7]
                         net (fo=1, estimated)        0.026     4.374    conv/add000068/reg_out_reg[0]_i_13_n_0
    SLICE_X105Y497       CARRY8 (Prop_CARRY8_SLICEL_CI_O[0])
                                                      0.056     4.430 r  conv/add000068/reg_out_reg[21]_i_17/O[0]
                         net (fo=2, estimated)        0.227     4.657    conv/add000068/reg_out_reg[21]_i_17_n_15
    SLICE_X102Y496       LUT2 (Prop_H6LUT_SLICEM_I0_O)
                                                      0.053     4.710 r  conv/add000068/reg_out[21]_i_21/O
                         net (fo=1, routed)           0.015     4.725    conv/add000068/reg_out[21]_i_21_n_0
    SLICE_X102Y496       CARRY8 (Prop_CARRY8_SLICEM_S[7]_CO[7])
                                                      0.117     4.842 r  conv/add000068/reg_out_reg[21]_i_11/CO[7]
                         net (fo=1, estimated)        0.026     4.868    conv/add000068/reg_out_reg[21]_i_11_n_0
    SLICE_X102Y497       CARRY8 (Prop_CARRY8_SLICEM_CI_O[0])
                                                      0.056     4.924 r  conv/add000068/reg_out_reg[21]_i_10/O[0]
                         net (fo=2, estimated)        0.264     5.188    conv/add000068/reg_out_reg[21]_i_10_n_15
    SLICE_X103Y501       LUT2 (Prop_B6LUT_SLICEL_I0_O)
                                                      0.051     5.239 r  conv/add000068/reg_out[21]_i_15/O
                         net (fo=1, routed)           0.009     5.248    conv/add000068/reg_out[21]_i_15_n_0
    SLICE_X103Y501       CARRY8 (Prop_CARRY8_SLICEL_S[1]_O[4])
                                                      0.200     5.448 r  conv/add000068/reg_out_reg[21]_i_3/O[4]
                         net (fo=3, estimated)        0.224     5.672    conv/add000068/reg_out_reg[21]_i_3_n_11
    SLICE_X102Y500       LUT2 (Prop_D6LUT_SLICEM_I1_O)
                                                      0.037     5.709 r  conv/add000068/reg_out[21]_i_6/O
                         net (fo=1, routed)           0.025     5.734    conv/add000068/reg_out[21]_i_6_n_0
    SLICE_X102Y500       CARRY8 (Prop_CARRY8_SLICEM_S[3]_O[5])
                                                      0.184     5.918 r  conv/add000068/reg_out_reg[21]_i_2/O[5]
                         net (fo=2, estimated)        0.133     6.051    reg_out/a[21]
    SLICE_X101Y500       LUT2 (Prop_C6LUT_SLICEL_I0_O)
                                                      0.035     6.086 r  reg_out/reg_out[21]_i_1/O
                         net (fo=21, estimated)       0.264     6.350    reg_out/reg_out[21]_i_1_n_0
    SLICE_X103Y500       FDRE                                         r  reg_out/reg_out_reg[10]/R
  -------------------------------------------------------------------    -------------------

                         (clock virtual_clock rise edge)
                                                      4.000     4.000 r  
    AP13                                              0.000     4.000 r  clk (IN)
                         net (fo=0)                   0.000     4.000    clk_IBUF_inst/I
    AP13                 INBUF (Prop_INBUF_HPIOB_M_PAD_O)
                                                      0.345     4.345 r  clk_IBUF_inst/INBUF_INST/O
                         net (fo=1, routed)           0.000     4.345    clk_IBUF_inst/OUT
    AP13                 IBUFCTRL (Prop_IBUFCTRL_HPIOB_M_I_O)
                                                      0.000     4.345 r  clk_IBUF_inst/IBUFCTRL_INST/O
                         net (fo=1, estimated)        0.287     4.632    clk_IBUF
    BUFGCE_X1Y194        BUFGCE (Prop_BUFCE_BUFGCE_I_O)
                                                      0.024     4.656 r  clk_IBUF_BUFG_inst/O
    X4Y8 (CLOCK_ROOT)    net (fo=1150, estimated)     0.768     5.424    reg_out/clk_IBUF_BUFG
    SLICE_X103Y500       FDRE                                         r  reg_out/reg_out_reg[10]/C
                         clock pessimism              0.328     5.752    
                         clock uncertainty           -0.035     5.716    
    SLICE_X103Y500       FDRE (Setup_BFF_SLICEL_C_R)
                                                     -0.074     5.642    reg_out/reg_out_reg[10]
  -------------------------------------------------------------------
                         required time                          5.642    
                         arrival time                          -6.350    
  -------------------------------------------------------------------
                         slack                                 -0.708    





Min Delay Paths
--------------------------------------------------------------------------------------
Slack (VIOLATED) :        -0.029ns  (arrival time - required time)
  Source:                 demux/genblk1[100].z_reg[100][1]/C
                            (rising edge-triggered cell FDRE clocked by virtual_clock  {rise@0.000ns fall@2.000ns period=4.000ns})
  Destination:            genblk1[100].reg_in/reg_out_reg[1]/D
                            (rising edge-triggered cell FDRE clocked by virtual_clock  {rise@0.000ns fall@2.000ns period=4.000ns})
  Path Group:             virtual_clock
  Path Type:              Hold (Min at Slow Process Corner)
  Requirement:            0.000ns  (virtual_clock rise@0.000ns - virtual_clock rise@0.000ns)
  Data Path Delay:        0.136ns  (logic 0.060ns (44.118%)  route 0.076ns (55.882%))
  Logic Levels:           0  
  Clock Path Skew:        0.103ns (DCD - SCD - CPR)
    Destination Clock Delay (DCD):    1.836ns
    Source Clock Delay      (SCD):    1.406ns
    Clock Pessimism Removal (CPR):    0.328ns
  Clock Net Delay (Source):      0.750ns (routing 0.000ns, distribution 0.750ns)
  Clock Net Delay (Destination): 0.890ns (routing 0.000ns, distribution 0.890ns)

    Location             Delay type                Incr(ns)  Path(ns)    Netlist Resource(s)
  -------------------------------------------------------------------    -------------------
                         (clock virtual_clock rise edge)
                                                      0.000     0.000 r  
    AP13                                              0.000     0.000 r  clk (IN)
                         net (fo=0)                   0.000     0.000    clk_IBUF_inst/I
    AP13                 INBUF (Prop_INBUF_HPIOB_M_PAD_O)
                                                      0.345     0.345 r  clk_IBUF_inst/INBUF_INST/O
                         net (fo=1, routed)           0.000     0.345    clk_IBUF_inst/OUT
    AP13                 IBUFCTRL (Prop_IBUFCTRL_HPIOB_M_I_O)
                                                      0.000     0.345 r  clk_IBUF_inst/IBUFCTRL_INST/O
                         net (fo=1, estimated)        0.287     0.632    clk_IBUF
    BUFGCE_X1Y194        BUFGCE (Prop_BUFCE_BUFGCE_I_O)
                                                      0.024     0.656 r  clk_IBUF_BUFG_inst/O
    X4Y8 (CLOCK_ROOT)    net (fo=1150, estimated)     0.750     1.406    demux/clk_IBUF_BUFG
    SLICE_X110Y494       FDRE                                         r  demux/genblk1[100].z_reg[100][1]/C
  -------------------------------------------------------------------    -------------------
    SLICE_X110Y494       FDRE (Prop_AFF2_SLICEM_C_Q)
                                                      0.060     1.466 r  demux/genblk1[100].z_reg[100][1]/Q
                         net (fo=1, estimated)        0.076     1.542    genblk1[100].reg_in/D[1]
    SLICE_X109Y494       FDRE                                         r  genblk1[100].reg_in/reg_out_reg[1]/D
  -------------------------------------------------------------------    -------------------

                         (clock virtual_clock rise edge)
                                                      0.000     0.000 r  
    AP13                                              0.000     0.000 r  clk (IN)
                         net (fo=0)                   0.000     0.000    clk_IBUF_inst/I
    AP13                 INBUF (Prop_INBUF_HPIOB_M_PAD_O)
                                                      0.595     0.595 r  clk_IBUF_inst/INBUF_INST/O
                         net (fo=1, routed)           0.000     0.595    clk_IBUF_inst/OUT
    AP13                 IBUFCTRL (Prop_IBUFCTRL_HPIOB_M_I_O)
                                                      0.000     0.595 r  clk_IBUF_inst/IBUFCTRL_INST/O
                         net (fo=1, estimated)        0.323     0.918    clk_IBUF
    BUFGCE_X1Y194        BUFGCE (Prop_BUFCE_BUFGCE_I_O)
                                                      0.028     0.946 r  clk_IBUF_BUFG_inst/O
    X4Y8 (CLOCK_ROOT)    net (fo=1150, estimated)     0.890     1.836    genblk1[100].reg_in/clk_IBUF_BUFG
    SLICE_X109Y494       FDRE                                         r  genblk1[100].reg_in/reg_out_reg[1]/C
                         clock pessimism             -0.328     1.508    
    SLICE_X109Y494       FDRE (Hold_FFF2_SLICEL_C_D)
                                                      0.062     1.570    genblk1[100].reg_in/reg_out_reg[1]
  -------------------------------------------------------------------
                         required time                         -1.570    
                         arrival time                           1.542    
  -------------------------------------------------------------------
                         slack                                 -0.029    





Pulse Width Checks
--------------------------------------------------------------------------------------
Clock Name:         virtual_clock
Waveform(ns):       { 0.000 2.000 }
Period(ns):         4.000
Sources:            { clk }

Check Type        Corner  Lib Pin   Reference Pin  Required(ns)  Actual(ns)  Slack(ns)  Location        Pin
Min Period        n/a     BUFGCE/I  n/a            1.290         4.000       2.710      BUFGCE_X1Y194   clk_IBUF_BUFG_inst/I
Low Pulse Width   Slow    FDRE/C    n/a            0.275         2.000       1.725      SLICE_X110Y508  genblk1[114].reg_in/reg_out_reg[7]/C
High Pulse Width  Fast    FDRE/C    n/a            0.275         2.000       1.725      SLICE_X104Y494  demux/genblk1[33].z_reg[33][0]/C



