Copyright 1986-2020 Xilinx, Inc. All Rights Reserved.
-------------------------------------------------------------------------------------------------------
| Tool Version      : Vivado v.2020.1 (lin64) Build 2902540 Wed May 27 19:54:35 MDT 2020
| Date              : Wed Mar 16 01:00:10 2022
| Host              : lepus running 64-bit CentOS Linux release 7.9.2009 (Core)
| Command           : report_timing_summary -file ./output/fc2_54/report/timing-summary-post-place.rpt
| Design            : top
| Device            : xcvu9p-flga2104
| Speed File        : -2L  PRODUCTION 1.27 02-28-2020
| Temperature Grade : E
-------------------------------------------------------------------------------------------------------

Timing Summary Report

------------------------------------------------------------------------------------------------
| Timer Settings
| --------------
------------------------------------------------------------------------------------------------

  Enable Multi Corner Analysis               :  Yes
  Enable Pessimism Removal                   :  Yes
  Pessimism Removal Resolution               :  Nearest Common Node
  Enable Input Delay Default Clock           :  No
  Enable Preset / Clear Arcs                 :  No
  Disable Flight Delays                      :  No
  Ignore I/O Paths                           :  No
  Timing Early Launch at Borrowing Latches   :  No
  Borrow Time for Max Delay Exceptions       :  Yes
  Merge Timing Exceptions                    :  Yes

  Corner  Analyze    Analyze    
  Name    Max Paths  Min Paths  
  ------  ---------  ---------  
  Slow    Yes        Yes        
  Fast    Yes        Yes        



check_timing report

Table of Contents
-----------------
1. checking no_clock (0)
2. checking constant_clock (0)
3. checking pulse_width_clock (0)
4. checking unconstrained_internal_endpoints (0)
5. checking no_input_delay (10)
6. checking no_output_delay (21)
7. checking multiple_clock (0)
8. checking generated_clocks (0)
9. checking loops (0)
10. checking partial_input_delay (0)
11. checking partial_output_delay (0)
12. checking latch_loops (0)

1. checking no_clock (0)
------------------------
 There are 0 register/latch pins with no clock.


2. checking constant_clock (0)
------------------------------
 There are 0 register/latch pins with constant_clock.


3. checking pulse_width_clock (0)
---------------------------------
 There are 0 register/latch pins which need pulse_width check


4. checking unconstrained_internal_endpoints (0)
------------------------------------------------
 There are 0 pins that are not constrained for maximum delay.

 There are 0 pins that are not constrained for maximum delay due to constant clock.


5. checking no_input_delay (10)
-------------------------------
 There are 10 input ports with no input delay specified. (HIGH)

 There are 0 input ports with no input delay but user has a false path constraint.


6. checking no_output_delay (21)
--------------------------------
 There are 21 ports with no output delay specified. (HIGH)

 There are 0 ports with no output delay but user has a false path constraint

 There are 0 ports with no output delay but with a timing clock defined on it or propagating through it


7. checking multiple_clock (0)
------------------------------
 There are 0 register/latch pins with multiple clocks.


8. checking generated_clocks (0)
--------------------------------
 There are 0 generated clocks that are not connected to a clock source.


9. checking loops (0)
---------------------
 There are 0 combinational loops in the design.


10. checking partial_input_delay (0)
------------------------------------
 There are 0 input ports with partial input delay specified.


11. checking partial_output_delay (0)
-------------------------------------
 There are 0 ports with partial output delay specified.


12. checking latch_loops (0)
----------------------------
 There are 0 combinational latch loops in the design through latch input



------------------------------------------------------------------------------------------------
| Design Timing Summary
| ---------------------
------------------------------------------------------------------------------------------------

    WNS(ns)      TNS(ns)  TNS Failing Endpoints  TNS Total Endpoints      WHS(ns)      THS(ns)  THS Failing Endpoints  THS Total Endpoints     WPWS(ns)     TPWS(ns)  TPWS Failing Endpoints  TPWS Total Endpoints  
    -------      -------  ---------------------  -------------------      -------      -------  ---------------------  -------------------     --------     --------  ----------------------  --------------------  
     -0.166       -1.191                      8                 1021       -0.124       -0.676                     11                 1021        1.725        0.000                       0                  1022  


Timing constraints are not met.


------------------------------------------------------------------------------------------------
| Clock Summary
| -------------
------------------------------------------------------------------------------------------------

Clock          Waveform(ns)         Period(ns)      Frequency(MHz)
-----          ------------         ----------      --------------
virtual_clock  {0.000 2.000}        4.000           250.000         


------------------------------------------------------------------------------------------------
| Intra Clock Table
| -----------------
------------------------------------------------------------------------------------------------

Clock              WNS(ns)      TNS(ns)  TNS Failing Endpoints  TNS Total Endpoints      WHS(ns)      THS(ns)  THS Failing Endpoints  THS Total Endpoints     WPWS(ns)     TPWS(ns)  TPWS Failing Endpoints  TPWS Total Endpoints  
-----              -------      -------  ---------------------  -------------------      -------      -------  ---------------------  -------------------     --------     --------  ----------------------  --------------------  
virtual_clock       -0.166       -1.191                      8                 1021       -0.124       -0.676                     11                 1021        1.725        0.000                       0                  1022  


------------------------------------------------------------------------------------------------
| Inter Clock Table
| -----------------
------------------------------------------------------------------------------------------------

From Clock    To Clock          WNS(ns)      TNS(ns)  TNS Failing Endpoints  TNS Total Endpoints      WHS(ns)      THS(ns)  THS Failing Endpoints  THS Total Endpoints  
----------    --------          -------      -------  ---------------------  -------------------      -------      -------  ---------------------  -------------------  


------------------------------------------------------------------------------------------------
| Other Path Groups Table
| -----------------------
------------------------------------------------------------------------------------------------

Path Group    From Clock    To Clock          WNS(ns)      TNS(ns)  TNS Failing Endpoints  TNS Total Endpoints      WHS(ns)      THS(ns)  THS Failing Endpoints  THS Total Endpoints  
----------    ----------    --------          -------      -------  ---------------------  -------------------      -------      -------  ---------------------  -------------------  


------------------------------------------------------------------------------------------------
| Timing Details
| --------------
------------------------------------------------------------------------------------------------


---------------------------------------------------------------------------------------------------
From Clock:  virtual_clock
  To Clock:  virtual_clock

Setup :            8  Failing Endpoints,  Worst Slack       -0.166ns,  Total Violation       -1.191ns
Hold  :           11  Failing Endpoints,  Worst Slack       -0.124ns,  Total Violation       -0.676ns
PW    :            0  Failing Endpoints,  Worst Slack        1.725ns,  Total Violation        0.000ns
---------------------------------------------------------------------------------------------------


Max Delay Paths
--------------------------------------------------------------------------------------
Slack (VIOLATED) :        -0.166ns  (required time - arrival time)
  Source:                 demux/sel_reg[3]/C
                            (rising edge-triggered cell FDRE clocked by virtual_clock  {rise@0.000ns fall@2.000ns period=4.000ns})
  Destination:            demux/sel_reg[4]/D
                            (rising edge-triggered cell FDRE clocked by virtual_clock  {rise@0.000ns fall@2.000ns period=4.000ns})
  Path Group:             virtual_clock
  Path Type:              Setup (Max at Slow Process Corner)
  Requirement:            4.000ns  (virtual_clock rise@4.000ns - virtual_clock rise@0.000ns)
  Data Path Delay:        4.055ns  (logic 1.556ns (38.372%)  route 2.499ns (61.628%))
  Logic Levels:           16  (CARRY8=9 LUT2=2 LUT3=2 LUT5=1 LUT6=2)
  Clock Path Skew:        -0.101ns (DCD - SCD + CPR)
    Destination Clock Delay (DCD):    2.333ns = ( 6.333 - 4.000 ) 
    Source Clock Delay      (SCD):    2.865ns
    Clock Pessimism Removal (CPR):    0.431ns
  Clock Uncertainty:      0.035ns  ((TSJ^2 + TIJ^2)^1/2 + DJ) / 2 + PE
    Total System Jitter     (TSJ):    0.071ns
    Total Input Jitter      (TIJ):    0.000ns
    Discrete Jitter          (DJ):    0.000ns
    Phase Error              (PE):    0.000ns
  Clock Net Delay (Source):      1.904ns (routing 1.005ns, distribution 0.899ns)
  Clock Net Delay (Destination): 1.663ns (routing 0.914ns, distribution 0.749ns)

    Location             Delay type                Incr(ns)  Path(ns)    Netlist Resource(s)
  -------------------------------------------------------------------    -------------------
                         (clock virtual_clock rise edge)
                                                      0.000     0.000 r  
    AR14                                              0.000     0.000 r  clk (IN)
                         net (fo=0)                   0.000     0.000    clk_IBUF_inst/I
    AR14                 INBUF (Prop_INBUF_HPIOB_M_PAD_O)
                                                      0.610     0.610 r  clk_IBUF_inst/INBUF_INST/O
                         net (fo=1, routed)           0.000     0.610    clk_IBUF_inst/OUT
    AR14                 IBUFCTRL (Prop_IBUFCTRL_HPIOB_M_I_O)
                                                      0.000     0.610 r  clk_IBUF_inst/IBUFCTRL_INST/O
                         net (fo=1, estimated)        0.323     0.933    clk_IBUF
    BUFGCE_X1Y194        BUFGCE (Prop_BUFCE_BUFGCE_I_O)
                                                      0.028     0.961 r  clk_IBUF_BUFG_inst/O
    X3Y7 (CLOCK_ROOT)    net (fo=1021, estimated)     1.904     2.865    demux/CLK
    SLICE_X111Y493       FDRE                                         r  demux/sel_reg[3]/C
  -------------------------------------------------------------------    -------------------
    SLICE_X111Y493       FDRE (Prop_BFF_SLICEL_C_Q)
                                                      0.079     2.944 r  demux/sel_reg[3]/Q
                         net (fo=61, estimated)       0.285     3.229    demux/sel[3]
    SLICE_X109Y494       CARRY8 (Prop_CARRY8_SLICEL_S[2]_O[6])
                                                      0.184     3.413 r  demux/sel_reg[7]_i_6/O[6]
                         net (fo=26, estimated)       0.330     3.743    p_1_in[7]
    SLICE_X108Y490       LUT2 (Prop_H6LUT_SLICEM_I1_O)
                                                      0.039     3.782 r  sel[7]_i_185/O
                         net (fo=1, routed)           0.015     3.797    demux/S[3]
    SLICE_X108Y490       CARRY8 (Prop_CARRY8_SLICEM_S[7]_CO[7])
                                                      0.117     3.914 r  demux/sel_reg[7]_i_143/CO[7]
                         net (fo=1, estimated)        0.026     3.940    demux/sel_reg[7]_i_143_n_0
    SLICE_X108Y491       CARRY8 (Prop_CARRY8_SLICEM_CI_CO[4])
                                                      0.092     4.032 r  demux/sel_reg[7]_i_88/CO[4]
                         net (fo=41, estimated)       0.240     4.272    demux/CO[0]
    SLICE_X108Y493       LUT3 (Prop_B6LUT_SLICEM_I1_O)
                                                      0.052     4.324 r  demux/sel[7]_i_125/O
                         net (fo=1, routed)           0.016     4.340    demux/sel[7]_i_125_n_0
    SLICE_X108Y493       CARRY8 (Prop_CARRY8_SLICEM_S[1]_O[2])
                                                      0.117     4.457 r  demux/sel_reg[7]_i_58/O[2]
                         net (fo=3, estimated)        0.282     4.739    demux_n_25
    SLICE_X111Y490       LUT3 (Prop_F5LUT_SLICEL_I2_O)
                                                      0.106     4.845 r  sel[7]_i_85/O
                         net (fo=2, estimated)        0.131     4.976    demux/sel_reg[7]_i_21_2
    SLICE_X111Y490       LUT5 (Prop_H5LUT_SLICEL_I0_O)
                                                      0.133     5.109 r  demux/sel[7]_i_43/O
                         net (fo=2, estimated)        0.167     5.276    demux/sel[7]_i_43_n_0
    SLICE_X109Y491       LUT6 (Prop_C6LUT_SLICEL_I0_O)
                                                      0.035     5.311 r  demux/sel[7]_i_51/O
                         net (fo=1, routed)           0.010     5.321    demux/sel[7]_i_51_n_0
    SLICE_X109Y491       CARRY8 (Prop_CARRY8_SLICEL_S[2]_CO[7])
                                                      0.155     5.476 r  demux/sel_reg[7]_i_21/CO[7]
                         net (fo=1, estimated)        0.026     5.502    demux/sel_reg[7]_i_21_n_0
    SLICE_X109Y492       CARRY8 (Prop_CARRY8_SLICEL_CI_O[6])
                                                      0.103     5.605 r  demux/sel_reg[7]_i_18/O[6]
                         net (fo=1, estimated)        0.376     5.981    demux_n_49
    SLICE_X107Y492       CARRY8 (Prop_CARRY8_SLICEM_S[0]_O[1])
                                                      0.096     6.077 r  sel_reg[7]_i_17/O[1]
                         net (fo=1, estimated)        0.251     6.328    sel_reg[7]_i_17_n_14
    SLICE_X110Y491       LUT2 (Prop_H6LUT_SLICEM_I1_O)
                                                      0.039     6.367 r  sel[7]_i_8/O
                         net (fo=1, routed)           0.015     6.382    demux/sel_reg[7]_0[6]
    SLICE_X110Y491       CARRY8 (Prop_CARRY8_SLICEM_S[7]_CO[7])
                                                      0.117     6.499 r  demux/sel_reg[7]_i_3/CO[7]
                         net (fo=1, estimated)        0.026     6.525    demux/sel_reg[7]_i_3_n_0
    SLICE_X110Y492       CARRY8 (Prop_CARRY8_SLICEM_CI_O[0])
                                                      0.056     6.581 r  demux/sel_reg[7]_i_4/O[0]
                         net (fo=8, estimated)        0.252     6.833    demux/sel_reg[7]_i_4_n_15
    SLICE_X109Y495       LUT6 (Prop_H6LUT_SLICEL_I5_O)
                                                      0.036     6.869 r  demux/sel[4]_i_1/O
                         net (fo=1, routed)           0.051     6.920    demux/sel20_in[4]
    SLICE_X109Y495       FDRE                                         r  demux/sel_reg[4]/D
  -------------------------------------------------------------------    -------------------

                         (clock virtual_clock rise edge)
                                                      4.000     4.000 r  
    AR14                                              0.000     4.000 r  clk (IN)
                         net (fo=0)                   0.000     4.000    clk_IBUF_inst/I
    AR14                 INBUF (Prop_INBUF_HPIOB_M_PAD_O)
                                                      0.359     4.359 r  clk_IBUF_inst/INBUF_INST/O
                         net (fo=1, routed)           0.000     4.359    clk_IBUF_inst/OUT
    AR14                 IBUFCTRL (Prop_IBUFCTRL_HPIOB_M_I_O)
                                                      0.000     4.359 r  clk_IBUF_inst/IBUFCTRL_INST/O
                         net (fo=1, estimated)        0.287     4.646    clk_IBUF
    BUFGCE_X1Y194        BUFGCE (Prop_BUFCE_BUFGCE_I_O)
                                                      0.024     4.670 r  clk_IBUF_BUFG_inst/O
    X3Y7 (CLOCK_ROOT)    net (fo=1021, estimated)     1.663     6.333    demux/CLK
    SLICE_X109Y495       FDRE                                         r  demux/sel_reg[4]/C
                         clock pessimism              0.431     6.764    
                         clock uncertainty           -0.035     6.729    
    SLICE_X109Y495       FDRE (Setup_HFF_SLICEL_C_D)
                                                      0.025     6.754    demux/sel_reg[4]
  -------------------------------------------------------------------
                         required time                          6.754    
                         arrival time                          -6.920    
  -------------------------------------------------------------------
                         slack                                 -0.166    





Min Delay Paths
--------------------------------------------------------------------------------------
Slack (VIOLATED) :        -0.124ns  (arrival time - required time)
  Source:                 demux/genblk1[27].z_reg[27][4]/C
                            (rising edge-triggered cell FDRE clocked by virtual_clock  {rise@0.000ns fall@2.000ns period=4.000ns})
  Destination:            genblk1[27].reg_in/reg_out_reg[4]/D
                            (rising edge-triggered cell FDRE clocked by virtual_clock  {rise@0.000ns fall@2.000ns period=4.000ns})
  Path Group:             virtual_clock
  Path Type:              Hold (Min at Slow Process Corner)
  Requirement:            0.000ns  (virtual_clock rise@0.000ns - virtual_clock rise@0.000ns)
  Data Path Delay:        0.138ns  (logic 0.058ns (42.029%)  route 0.080ns (57.971%))
  Logic Levels:           0  
  Clock Path Skew:        0.200ns (DCD - SCD - CPR)
    Destination Clock Delay (DCD):    2.860ns
    Source Clock Delay      (SCD):    2.278ns
    Clock Pessimism Removal (CPR):    0.382ns
  Clock Net Delay (Source):      1.608ns (routing 0.914ns, distribution 0.694ns)
  Clock Net Delay (Destination): 1.899ns (routing 1.005ns, distribution 0.894ns)

    Location             Delay type                Incr(ns)  Path(ns)    Netlist Resource(s)
  -------------------------------------------------------------------    -------------------
                         (clock virtual_clock rise edge)
                                                      0.000     0.000 r  
    AR14                                              0.000     0.000 r  clk (IN)
                         net (fo=0)                   0.000     0.000    clk_IBUF_inst/I
    AR14                 INBUF (Prop_INBUF_HPIOB_M_PAD_O)
                                                      0.359     0.359 r  clk_IBUF_inst/INBUF_INST/O
                         net (fo=1, routed)           0.000     0.359    clk_IBUF_inst/OUT
    AR14                 IBUFCTRL (Prop_IBUFCTRL_HPIOB_M_I_O)
                                                      0.000     0.359 r  clk_IBUF_inst/IBUFCTRL_INST/O
                         net (fo=1, estimated)        0.287     0.646    clk_IBUF
    BUFGCE_X1Y194        BUFGCE (Prop_BUFCE_BUFGCE_I_O)
                                                      0.024     0.670 r  clk_IBUF_BUFG_inst/O
    X3Y7 (CLOCK_ROOT)    net (fo=1021, estimated)     1.608     2.278    demux/CLK
    SLICE_X102Y479       FDRE                                         r  demux/genblk1[27].z_reg[27][4]/C
  -------------------------------------------------------------------    -------------------
    SLICE_X102Y479       FDRE (Prop_GFF_SLICEM_C_Q)
                                                      0.058     2.336 r  demux/genblk1[27].z_reg[27][4]/Q
                         net (fo=1, estimated)        0.080     2.416    genblk1[27].reg_in/D[4]
    SLICE_X102Y480       FDRE                                         r  genblk1[27].reg_in/reg_out_reg[4]/D
  -------------------------------------------------------------------    -------------------

                         (clock virtual_clock rise edge)
                                                      0.000     0.000 r  
    AR14                                              0.000     0.000 r  clk (IN)
                         net (fo=0)                   0.000     0.000    clk_IBUF_inst/I
    AR14                 INBUF (Prop_INBUF_HPIOB_M_PAD_O)
                                                      0.610     0.610 r  clk_IBUF_inst/INBUF_INST/O
                         net (fo=1, routed)           0.000     0.610    clk_IBUF_inst/OUT
    AR14                 IBUFCTRL (Prop_IBUFCTRL_HPIOB_M_I_O)
                                                      0.000     0.610 r  clk_IBUF_inst/IBUFCTRL_INST/O
                         net (fo=1, estimated)        0.323     0.933    clk_IBUF
    BUFGCE_X1Y194        BUFGCE (Prop_BUFCE_BUFGCE_I_O)
                                                      0.028     0.961 r  clk_IBUF_BUFG_inst/O
    X3Y7 (CLOCK_ROOT)    net (fo=1021, estimated)     1.899     2.860    genblk1[27].reg_in/CLK
    SLICE_X102Y480       FDRE                                         r  genblk1[27].reg_in/reg_out_reg[4]/C
                         clock pessimism             -0.382     2.478    
    SLICE_X102Y480       FDRE (Hold_BFF2_SLICEM_C_D)
                                                      0.062     2.540    genblk1[27].reg_in/reg_out_reg[4]
  -------------------------------------------------------------------
                         required time                         -2.540    
                         arrival time                           2.416    
  -------------------------------------------------------------------
                         slack                                 -0.124    





Pulse Width Checks
--------------------------------------------------------------------------------------
Clock Name:         virtual_clock
Waveform(ns):       { 0.000 2.000 }
Period(ns):         4.000
Sources:            { clk }

Check Type        Corner  Lib Pin   Reference Pin  Required(ns)  Actual(ns)  Slack(ns)  Location        Pin
Min Period        n/a     BUFGCE/I  n/a            1.290         4.000       2.710      BUFGCE_X1Y194   clk_IBUF_BUFG_inst/I
Low Pulse Width   Slow    FDRE/C    n/a            0.275         2.000       1.725      SLICE_X101Y489  genblk1[78].reg_in/reg_out_reg[0]/C
High Pulse Width  Fast    FDRE/C    n/a            0.275         2.000       1.725      SLICE_X109Y474  demux/genblk1[34].z_reg[34][2]/C



