Copyright 1986-2020 Xilinx, Inc. All Rights Reserved.
-------------------------------------------------------------------------------------------------------
| Tool Version      : Vivado v.2020.1 (lin64) Build 2902540 Wed May 27 19:54:35 MDT 2020
| Date              : Tue Mar 15 01:50:51 2022
| Host              : lepus running 64-bit CentOS Linux release 7.9.2009 (Core)
| Command           : report_timing_summary -file ./output/fc1_53/report/timing-summary-post-place.rpt
| Design            : top
| Device            : xcvu9p-flga2104
| Speed File        : -2L  PRODUCTION 1.27 02-28-2020
| Temperature Grade : E
-------------------------------------------------------------------------------------------------------

Timing Summary Report

------------------------------------------------------------------------------------------------
| Timer Settings
| --------------
------------------------------------------------------------------------------------------------

  Enable Multi Corner Analysis               :  Yes
  Enable Pessimism Removal                   :  Yes
  Pessimism Removal Resolution               :  Nearest Common Node
  Enable Input Delay Default Clock           :  No
  Enable Preset / Clear Arcs                 :  No
  Disable Flight Delays                      :  No
  Ignore I/O Paths                           :  No
  Timing Early Launch at Borrowing Latches   :  No
  Borrow Time for Max Delay Exceptions       :  Yes
  Merge Timing Exceptions                    :  Yes

  Corner  Analyze    Analyze    
  Name    Max Paths  Min Paths  
  ------  ---------  ---------  
  Slow    Yes        Yes        
  Fast    Yes        Yes        



check_timing report

Table of Contents
-----------------
1. checking no_clock (0)
2. checking constant_clock (0)
3. checking pulse_width_clock (0)
4. checking unconstrained_internal_endpoints (0)
5. checking no_input_delay (10)
6. checking no_output_delay (24)
7. checking multiple_clock (0)
8. checking generated_clocks (0)
9. checking loops (0)
10. checking partial_input_delay (0)
11. checking partial_output_delay (0)
12. checking latch_loops (0)

1. checking no_clock (0)
------------------------
 There are 0 register/latch pins with no clock.


2. checking constant_clock (0)
------------------------------
 There are 0 register/latch pins with constant_clock.


3. checking pulse_width_clock (0)
---------------------------------
 There are 0 register/latch pins which need pulse_width check


4. checking unconstrained_internal_endpoints (0)
------------------------------------------------
 There are 0 pins that are not constrained for maximum delay.

 There are 0 pins that are not constrained for maximum delay due to constant clock.


5. checking no_input_delay (10)
-------------------------------
 There are 10 input ports with no input delay specified. (HIGH)

 There are 0 input ports with no input delay but user has a false path constraint.


6. checking no_output_delay (24)
--------------------------------
 There are 24 ports with no output delay specified. (HIGH)

 There are 0 ports with no output delay but user has a false path constraint

 There are 0 ports with no output delay but with a timing clock defined on it or propagating through it


7. checking multiple_clock (0)
------------------------------
 There are 0 register/latch pins with multiple clocks.


8. checking generated_clocks (0)
--------------------------------
 There are 0 generated clocks that are not connected to a clock source.


9. checking loops (0)
---------------------
 There are 0 combinational loops in the design.


10. checking partial_input_delay (0)
------------------------------------
 There are 0 input ports with partial input delay specified.


11. checking partial_output_delay (0)
-------------------------------------
 There are 0 ports with partial output delay specified.


12. checking latch_loops (0)
----------------------------
 There are 0 combinational latch loops in the design through latch input



------------------------------------------------------------------------------------------------
| Design Timing Summary
| ---------------------
------------------------------------------------------------------------------------------------

    WNS(ns)      TNS(ns)  TNS Failing Endpoints  TNS Total Endpoints      WHS(ns)      THS(ns)  THS Failing Endpoints  THS Total Endpoints     WPWS(ns)     TPWS(ns)  TPWS Failing Endpoints  TPWS Total Endpoints  
    -------      -------  ---------------------  -------------------      -------      -------  ---------------------  -------------------     --------     --------  ----------------------  --------------------  
     -0.800       -9.685                     20                 2257       -0.065       -1.020                     61                 2257        1.725        0.000                       0                  2258  


Timing constraints are not met.


------------------------------------------------------------------------------------------------
| Clock Summary
| -------------
------------------------------------------------------------------------------------------------

Clock          Waveform(ns)         Period(ns)      Frequency(MHz)
-----          ------------         ----------      --------------
virtual_clock  {0.000 2.000}        4.000           250.000         


------------------------------------------------------------------------------------------------
| Intra Clock Table
| -----------------
------------------------------------------------------------------------------------------------

Clock              WNS(ns)      TNS(ns)  TNS Failing Endpoints  TNS Total Endpoints      WHS(ns)      THS(ns)  THS Failing Endpoints  THS Total Endpoints     WPWS(ns)     TPWS(ns)  TPWS Failing Endpoints  TPWS Total Endpoints  
-----              -------      -------  ---------------------  -------------------      -------      -------  ---------------------  -------------------     --------     --------  ----------------------  --------------------  
virtual_clock       -0.800       -9.685                     20                 2257       -0.065       -1.020                     61                 2257        1.725        0.000                       0                  2258  


------------------------------------------------------------------------------------------------
| Inter Clock Table
| -----------------
------------------------------------------------------------------------------------------------

From Clock    To Clock          WNS(ns)      TNS(ns)  TNS Failing Endpoints  TNS Total Endpoints      WHS(ns)      THS(ns)  THS Failing Endpoints  THS Total Endpoints  
----------    --------          -------      -------  ---------------------  -------------------      -------      -------  ---------------------  -------------------  


------------------------------------------------------------------------------------------------
| Other Path Groups Table
| -----------------------
------------------------------------------------------------------------------------------------

Path Group    From Clock    To Clock          WNS(ns)      TNS(ns)  TNS Failing Endpoints  TNS Total Endpoints      WHS(ns)      THS(ns)  THS Failing Endpoints  THS Total Endpoints  
----------    ----------    --------          -------      -------  ---------------------  -------------------      -------      -------  ---------------------  -------------------  


------------------------------------------------------------------------------------------------
| Timing Details
| --------------
------------------------------------------------------------------------------------------------


---------------------------------------------------------------------------------------------------
From Clock:  virtual_clock
  To Clock:  virtual_clock

Setup :           20  Failing Endpoints,  Worst Slack       -0.800ns,  Total Violation       -9.685ns
Hold  :           61  Failing Endpoints,  Worst Slack       -0.065ns,  Total Violation       -1.020ns
PW    :            0  Failing Endpoints,  Worst Slack        1.725ns,  Total Violation        0.000ns
---------------------------------------------------------------------------------------------------


Max Delay Paths
--------------------------------------------------------------------------------------
Slack (VIOLATED) :        -0.800ns  (required time - arrival time)
  Source:                 demux/sel_reg[5]/C
                            (rising edge-triggered cell FDRE clocked by virtual_clock  {rise@0.000ns fall@2.000ns period=4.000ns})
  Destination:            demux/sel_reg[1]/D
                            (rising edge-triggered cell FDRE clocked by virtual_clock  {rise@0.000ns fall@2.000ns period=4.000ns})
  Path Group:             virtual_clock
  Path Type:              Setup (Max at Slow Process Corner)
  Requirement:            4.000ns  (virtual_clock rise@4.000ns - virtual_clock rise@0.000ns)
  Data Path Delay:        4.741ns  (logic 1.852ns (39.063%)  route 2.889ns (60.936%))
  Logic Levels:           19  (CARRY8=11 LUT2=1 LUT3=2 LUT4=2 LUT5=1 LUT6=2)
  Clock Path Skew:        -0.048ns (DCD - SCD + CPR)
    Destination Clock Delay (DCD):    1.727ns = ( 5.727 - 4.000 ) 
    Source Clock Delay      (SCD):    2.212ns
    Clock Pessimism Removal (CPR):    0.437ns
  Clock Uncertainty:      0.035ns  ((TSJ^2 + TIJ^2)^1/2 + DJ) / 2 + PE
    Total System Jitter     (TSJ):    0.071ns
    Total Input Jitter      (TIJ):    0.000ns
    Discrete Jitter          (DJ):    0.000ns
    Phase Error              (PE):    0.000ns
  Clock Net Delay (Source):      1.251ns (routing 0.210ns, distribution 1.041ns)
  Clock Net Delay (Destination): 1.057ns (routing 0.190ns, distribution 0.867ns)

    Location             Delay type                Incr(ns)  Path(ns)    Netlist Resource(s)
  -------------------------------------------------------------------    -------------------
                         (clock virtual_clock rise edge)
                                                      0.000     0.000 r  
    AR14                                              0.000     0.000 r  clk (IN)
                         net (fo=0)                   0.000     0.000    clk_IBUF_inst/I
    AR14                 INBUF (Prop_INBUF_HPIOB_M_PAD_O)
                                                      0.610     0.610 r  clk_IBUF_inst/INBUF_INST/O
                         net (fo=1, routed)           0.000     0.610    clk_IBUF_inst/OUT
    AR14                 IBUFCTRL (Prop_IBUFCTRL_HPIOB_M_I_O)
                                                      0.000     0.610 r  clk_IBUF_inst/IBUFCTRL_INST/O
                         net (fo=1, estimated)        0.323     0.933    clk_IBUF
    BUFGCE_X1Y212        BUFGCE (Prop_BUFCE_BUFGCE_I_O)
                                                      0.028     0.961 r  clk_IBUF_BUFG_inst/O
    X4Y8 (CLOCK_ROOT)    net (fo=2257, estimated)     1.251     2.212    demux/CLK
    SLICE_X119Y470       FDRE                                         r  demux/sel_reg[5]/C
  -------------------------------------------------------------------    -------------------
    SLICE_X119Y470       FDRE (Prop_BFF_SLICEM_C_Q)
                                                      0.078     2.290 r  demux/sel_reg[5]/Q
                         net (fo=134, estimated)      0.338     2.628    demux/sel[5]
    SLICE_X120Y470       CARRY8 (Prop_CARRY8_SLICEL_S[4]_CO[7])
                                                      0.153     2.781 r  demux/sel_reg[8]_i_6/CO[7]
                         net (fo=1, estimated)        0.026     2.807    demux/sel_reg[8]_i_6_n_0
    SLICE_X120Y471       CARRY8 (Prop_CARRY8_SLICEL_CI_CO[0])
                                                      0.052     2.859 r  demux/sel_reg[8]_i_20/CO[0]
                         net (fo=39, estimated)       0.351     3.210    p_1_in[9]
    SLICE_X121Y464       LUT6 (Prop_F6LUT_SLICEM_I5_O)
                                                      0.037     3.247 r  sel[8]_i_231/O
                         net (fo=1, routed)           0.022     3.269    demux/S[1]
    SLICE_X121Y464       CARRY8 (Prop_CARRY8_SLICEM_S[5]_CO[7])
                                                      0.159     3.428 f  demux/sel_reg[8]_i_196/CO[7]
                         net (fo=1, estimated)        0.026     3.454    demux/sel_reg[8]_i_196_n_0
    SLICE_X121Y465       CARRY8 (Prop_CARRY8_SLICEM_CI_CO[5])
                                                      0.077     3.531 f  demux/sel_reg[8]_i_171/CO[5]
                         net (fo=41, estimated)       0.326     3.857    demux_n_10
    SLICE_X119Y466       LUT3 (Prop_C5LUT_SLICEM_I2_O)
                                                      0.099     3.956 r  sel[8]_i_139/O
                         net (fo=2, estimated)        0.177     4.133    sel[8]_i_139_n_0
    SLICE_X119Y466       LUT4 (Prop_D6LUT_SLICEM_I3_O)
                                                      0.051     4.184 r  sel[8]_i_146/O
                         net (fo=1, routed)           0.025     4.209    demux/sel[8]_i_73_0[2]
    SLICE_X119Y466       CARRY8 (Prop_CARRY8_SLICEM_S[3]_CO[7])
                                                      0.163     4.372 r  demux/sel_reg[8]_i_81/CO[7]
                         net (fo=1, estimated)        0.026     4.398    demux/sel_reg[8]_i_81_n_0
    SLICE_X119Y467       CARRY8 (Prop_CARRY8_SLICEM_CI_O[1])
                                                      0.076     4.474 r  demux/sel_reg[8]_i_77/O[1]
                         net (fo=2, estimated)        0.293     4.767    demux_n_89
    SLICE_X118Y467       LUT3 (Prop_E5LUT_SLICEL_I1_O)
                                                      0.101     4.868 r  sel[8]_i_32/O
                         net (fo=2, estimated)        0.163     5.031    sel[8]_i_32_n_0
    SLICE_X118Y467       LUT4 (Prop_F6LUT_SLICEL_I3_O)
                                                      0.049     5.080 r  sel[8]_i_40/O
                         net (fo=1, routed)           0.011     5.091    demux/sel[8]_i_25_0[5]
    SLICE_X118Y467       CARRY8 (Prop_CARRY8_SLICEL_S[5]_CO[7])
                                                      0.155     5.246 r  demux/sel_reg[8]_i_19/CO[7]
                         net (fo=1, estimated)        0.026     5.272    demux/sel_reg[8]_i_19_n_0
    SLICE_X118Y468       CARRY8 (Prop_CARRY8_SLICEL_CI_O[0])
                                                      0.056     5.328 r  demux/sel_reg[8]_i_22/O[0]
                         net (fo=4, estimated)        0.325     5.653    demux_n_104
    SLICE_X118Y470       CARRY8 (Prop_CARRY8_SLICEL_S[0]_O[2])
                                                      0.132     5.785 r  sel_reg[8]_i_18/O[2]
                         net (fo=1, estimated)        0.177     5.962    sel_reg[8]_i_18_n_13
    SLICE_X119Y470       LUT2 (Prop_F6LUT_SLICEM_I1_O)
                                                      0.051     6.013 r  sel[8]_i_10/O
                         net (fo=1, routed)           0.022     6.035    demux/sel_reg[5]_0[4]
    SLICE_X119Y470       CARRY8 (Prop_CARRY8_SLICEM_S[5]_CO[7])
                                                      0.159     6.194 r  demux/sel_reg[8]_i_4/CO[7]
                         net (fo=1, estimated)        0.026     6.220    demux/sel_reg[8]_i_4_n_0
    SLICE_X119Y471       CARRY8 (Prop_CARRY8_SLICEM_CI_O[1])
                                                      0.076     6.296 r  demux/sel_reg[8]_i_5/O[1]
                         net (fo=10, estimated)       0.212     6.508    demux/sel_reg[8]_i_5_n_14
    SLICE_X119Y469       LUT5 (Prop_F6LUT_SLICEM_I4_O)
                                                      0.037     6.545 r  demux/sel[3]_i_2/O
                         net (fo=4, estimated)        0.054     6.599    demux/sel[3]_i_2_n_0
    SLICE_X119Y469       LUT6 (Prop_E6LUT_SLICEM_I0_O)
                                                      0.091     6.690 r  demux/sel[1]_i_1/O
                         net (fo=1, estimated)        0.263     6.953    demux/sel20_in[1]
    SLICE_X120Y470       FDRE                                         r  demux/sel_reg[1]/D
  -------------------------------------------------------------------    -------------------

                         (clock virtual_clock rise edge)
                                                      4.000     4.000 r  
    AR14                                              0.000     4.000 r  clk (IN)
                         net (fo=0)                   0.000     4.000    clk_IBUF_inst/I
    AR14                 INBUF (Prop_INBUF_HPIOB_M_PAD_O)
                                                      0.359     4.359 r  clk_IBUF_inst/INBUF_INST/O
                         net (fo=1, routed)           0.000     4.359    clk_IBUF_inst/OUT
    AR14                 IBUFCTRL (Prop_IBUFCTRL_HPIOB_M_I_O)
                                                      0.000     4.359 r  clk_IBUF_inst/IBUFCTRL_INST/O
                         net (fo=1, estimated)        0.287     4.646    clk_IBUF
    BUFGCE_X1Y212        BUFGCE (Prop_BUFCE_BUFGCE_I_O)
                                                      0.024     4.670 r  clk_IBUF_BUFG_inst/O
    X4Y8 (CLOCK_ROOT)    net (fo=2257, estimated)     1.057     5.727    demux/CLK
    SLICE_X120Y470       FDRE                                         r  demux/sel_reg[1]/C
                         clock pessimism              0.437     6.164    
                         clock uncertainty           -0.035     6.129    
    SLICE_X120Y470       FDRE (Setup_DFF_SLICEL_C_D)
                                                      0.025     6.154    demux/sel_reg[1]
  -------------------------------------------------------------------
                         required time                          6.154    
                         arrival time                          -6.953    
  -------------------------------------------------------------------
                         slack                                 -0.800    





Min Delay Paths
--------------------------------------------------------------------------------------
Slack (VIOLATED) :        -0.065ns  (arrival time - required time)
  Source:                 demux/genblk1[105].z_reg[105][6]/C
                            (rising edge-triggered cell FDRE clocked by virtual_clock  {rise@0.000ns fall@2.000ns period=4.000ns})
  Destination:            genblk1[105].reg_in/reg_out_reg[6]/D
                            (rising edge-triggered cell FDRE clocked by virtual_clock  {rise@0.000ns fall@2.000ns period=4.000ns})
  Path Group:             virtual_clock
  Path Type:              Hold (Min at Slow Process Corner)
  Requirement:            0.000ns  (virtual_clock rise@0.000ns - virtual_clock rise@0.000ns)
  Data Path Delay:        0.176ns  (logic 0.060ns (34.091%)  route 0.116ns (65.909%))
  Logic Levels:           0  
  Clock Path Skew:        0.179ns (DCD - SCD - CPR)
    Destination Clock Delay (DCD):    2.248ns
    Source Clock Delay      (SCD):    1.758ns
    Clock Pessimism Removal (CPR):    0.311ns
  Clock Net Delay (Source):      1.088ns (routing 0.190ns, distribution 0.898ns)
  Clock Net Delay (Destination): 1.287ns (routing 0.210ns, distribution 1.077ns)

    Location             Delay type                Incr(ns)  Path(ns)    Netlist Resource(s)
  -------------------------------------------------------------------    -------------------
                         (clock virtual_clock rise edge)
                                                      0.000     0.000 r  
    AR14                                              0.000     0.000 r  clk (IN)
                         net (fo=0)                   0.000     0.000    clk_IBUF_inst/I
    AR14                 INBUF (Prop_INBUF_HPIOB_M_PAD_O)
                                                      0.359     0.359 r  clk_IBUF_inst/INBUF_INST/O
                         net (fo=1, routed)           0.000     0.359    clk_IBUF_inst/OUT
    AR14                 IBUFCTRL (Prop_IBUFCTRL_HPIOB_M_I_O)
                                                      0.000     0.359 r  clk_IBUF_inst/IBUFCTRL_INST/O
                         net (fo=1, estimated)        0.287     0.646    clk_IBUF
    BUFGCE_X1Y212        BUFGCE (Prop_BUFCE_BUFGCE_I_O)
                                                      0.024     0.670 r  clk_IBUF_BUFG_inst/O
    X4Y8 (CLOCK_ROOT)    net (fo=2257, estimated)     1.088     1.758    demux/CLK
    SLICE_X128Y480       FDRE                                         r  demux/genblk1[105].z_reg[105][6]/C
  -------------------------------------------------------------------    -------------------
    SLICE_X128Y480       FDRE (Prop_FFF2_SLICEL_C_Q)
                                                      0.060     1.818 r  demux/genblk1[105].z_reg[105][6]/Q
                         net (fo=1, estimated)        0.116     1.934    genblk1[105].reg_in/D[6]
    SLICE_X130Y477       FDRE                                         r  genblk1[105].reg_in/reg_out_reg[6]/D
  -------------------------------------------------------------------    -------------------

                         (clock virtual_clock rise edge)
                                                      0.000     0.000 r  
    AR14                                              0.000     0.000 r  clk (IN)
                         net (fo=0)                   0.000     0.000    clk_IBUF_inst/I
    AR14                 INBUF (Prop_INBUF_HPIOB_M_PAD_O)
                                                      0.610     0.610 r  clk_IBUF_inst/INBUF_INST/O
                         net (fo=1, routed)           0.000     0.610    clk_IBUF_inst/OUT
    AR14                 IBUFCTRL (Prop_IBUFCTRL_HPIOB_M_I_O)
                                                      0.000     0.610 r  clk_IBUF_inst/IBUFCTRL_INST/O
                         net (fo=1, estimated)        0.323     0.933    clk_IBUF
    BUFGCE_X1Y212        BUFGCE (Prop_BUFCE_BUFGCE_I_O)
                                                      0.028     0.961 r  clk_IBUF_BUFG_inst/O
    X4Y8 (CLOCK_ROOT)    net (fo=2257, estimated)     1.287     2.248    genblk1[105].reg_in/CLK
    SLICE_X130Y477       FDRE                                         r  genblk1[105].reg_in/reg_out_reg[6]/C
                         clock pessimism             -0.311     1.937    
    SLICE_X130Y477       FDRE (Hold_HFF2_SLICEL_C_D)
                                                      0.062     1.999    genblk1[105].reg_in/reg_out_reg[6]
  -------------------------------------------------------------------
                         required time                         -1.999    
                         arrival time                           1.934    
  -------------------------------------------------------------------
                         slack                                 -0.065    





Pulse Width Checks
--------------------------------------------------------------------------------------
Clock Name:         virtual_clock
Waveform(ns):       { 0.000 2.000 }
Period(ns):         4.000
Sources:            { clk }

Check Type        Corner  Lib Pin   Reference Pin  Required(ns)  Actual(ns)  Slack(ns)  Location        Pin
Min Period        n/a     BUFGCE/I  n/a            1.290         4.000       2.710      BUFGCE_X1Y212   clk_IBUF_BUFG_inst/I
Low Pulse Width   Slow    FDRE/C    n/a            0.275         2.000       1.725      SLICE_X137Y495  genblk1[187].reg_in/reg_out_reg[7]/C
High Pulse Width  Fast    FDRE/C    n/a            0.275         2.000       1.725      SLICE_X119Y494  demux/genblk1[354].z_reg[354][2]/C



