Copyright 1986-2020 Xilinx, Inc. All Rights Reserved.
--------------------------------------------------------------------------------------------
| Tool Version      : Vivado v.2020.1 (lin64) Build 2902540 Wed May 27 19:54:35 MDT 2020
| Date              : Wed Mar 16 00:13:47 2022
| Host              : lepus running 64-bit CentOS Linux release 7.9.2009 (Core)
| Command           : report_timing_summary -file ./output/fc2_49/report/timing-summary.rpt
| Design            : top
| Device            : xcvu9p-flga2104
| Speed File        : -2L  PRODUCTION 1.27 02-28-2020
| Temperature Grade : E
--------------------------------------------------------------------------------------------

Timing Summary Report

------------------------------------------------------------------------------------------------
| Timer Settings
| --------------
------------------------------------------------------------------------------------------------

  Enable Multi Corner Analysis               :  Yes
  Enable Pessimism Removal                   :  Yes
  Pessimism Removal Resolution               :  Nearest Common Node
  Enable Input Delay Default Clock           :  No
  Enable Preset / Clear Arcs                 :  No
  Disable Flight Delays                      :  No
  Ignore I/O Paths                           :  No
  Timing Early Launch at Borrowing Latches   :  No
  Borrow Time for Max Delay Exceptions       :  Yes
  Merge Timing Exceptions                    :  Yes

  Corner  Analyze    Analyze    
  Name    Max Paths  Min Paths  
  ------  ---------  ---------  
  Slow    Yes        Yes        
  Fast    Yes        Yes        



check_timing report

Table of Contents
-----------------
1. checking no_clock (0)
2. checking constant_clock (0)
3. checking pulse_width_clock (0)
4. checking unconstrained_internal_endpoints (0)
5. checking no_input_delay (10)
6. checking no_output_delay (22)
7. checking multiple_clock (0)
8. checking generated_clocks (0)
9. checking loops (0)
10. checking partial_input_delay (0)
11. checking partial_output_delay (0)
12. checking latch_loops (0)

1. checking no_clock (0)
------------------------
 There are 0 register/latch pins with no clock.


2. checking constant_clock (0)
------------------------------
 There are 0 register/latch pins with constant_clock.


3. checking pulse_width_clock (0)
---------------------------------
 There are 0 register/latch pins which need pulse_width check


4. checking unconstrained_internal_endpoints (0)
------------------------------------------------
 There are 0 pins that are not constrained for maximum delay.

 There are 0 pins that are not constrained for maximum delay due to constant clock.


5. checking no_input_delay (10)
-------------------------------
 There are 10 input ports with no input delay specified. (HIGH)

 There are 0 input ports with no input delay but user has a false path constraint.


6. checking no_output_delay (22)
--------------------------------
 There are 22 ports with no output delay specified. (HIGH)

 There are 0 ports with no output delay but user has a false path constraint

 There are 0 ports with no output delay but with a timing clock defined on it or propagating through it


7. checking multiple_clock (0)
------------------------------
 There are 0 register/latch pins with multiple clocks.


8. checking generated_clocks (0)
--------------------------------
 There are 0 generated clocks that are not connected to a clock source.


9. checking loops (0)
---------------------
 There are 0 combinational loops in the design.


10. checking partial_input_delay (0)
------------------------------------
 There are 0 input ports with partial input delay specified.


11. checking partial_output_delay (0)
-------------------------------------
 There are 0 ports with partial output delay specified.


12. checking latch_loops (0)
----------------------------
 There are 0 combinational latch loops in the design through latch input



------------------------------------------------------------------------------------------------
| Design Timing Summary
| ---------------------
------------------------------------------------------------------------------------------------

    WNS(ns)      TNS(ns)  TNS Failing Endpoints  TNS Total Endpoints      WHS(ns)      THS(ns)  THS Failing Endpoints  THS Total Endpoints     WPWS(ns)     TPWS(ns)  TPWS Failing Endpoints  TPWS Total Endpoints  
    -------      -------  ---------------------  -------------------      -------      -------  ---------------------  -------------------     --------     --------  ----------------------  --------------------  
      0.003        0.000                      0                  910        0.012        0.000                      0                  910        1.725        0.000                       0                   911  


All user specified timing constraints are met.


------------------------------------------------------------------------------------------------
| Clock Summary
| -------------
------------------------------------------------------------------------------------------------

Clock          Waveform(ns)         Period(ns)      Frequency(MHz)
-----          ------------         ----------      --------------
virtual_clock  {0.000 2.000}        4.000           250.000         


------------------------------------------------------------------------------------------------
| Intra Clock Table
| -----------------
------------------------------------------------------------------------------------------------

Clock              WNS(ns)      TNS(ns)  TNS Failing Endpoints  TNS Total Endpoints      WHS(ns)      THS(ns)  THS Failing Endpoints  THS Total Endpoints     WPWS(ns)     TPWS(ns)  TPWS Failing Endpoints  TPWS Total Endpoints  
-----              -------      -------  ---------------------  -------------------      -------      -------  ---------------------  -------------------     --------     --------  ----------------------  --------------------  
virtual_clock        0.003        0.000                      0                  910        0.012        0.000                      0                  910        1.725        0.000                       0                   911  


------------------------------------------------------------------------------------------------
| Inter Clock Table
| -----------------
------------------------------------------------------------------------------------------------

From Clock    To Clock          WNS(ns)      TNS(ns)  TNS Failing Endpoints  TNS Total Endpoints      WHS(ns)      THS(ns)  THS Failing Endpoints  THS Total Endpoints  
----------    --------          -------      -------  ---------------------  -------------------      -------      -------  ---------------------  -------------------  


------------------------------------------------------------------------------------------------
| Other Path Groups Table
| -----------------------
------------------------------------------------------------------------------------------------

Path Group    From Clock    To Clock          WNS(ns)      TNS(ns)  TNS Failing Endpoints  TNS Total Endpoints      WHS(ns)      THS(ns)  THS Failing Endpoints  THS Total Endpoints  
----------    ----------    --------          -------      -------  ---------------------  -------------------      -------      -------  ---------------------  -------------------  


------------------------------------------------------------------------------------------------
| Timing Details
| --------------
------------------------------------------------------------------------------------------------


---------------------------------------------------------------------------------------------------
From Clock:  virtual_clock
  To Clock:  virtual_clock

Setup :            0  Failing Endpoints,  Worst Slack        0.003ns,  Total Violation        0.000ns
Hold  :            0  Failing Endpoints,  Worst Slack        0.012ns,  Total Violation        0.000ns
PW    :            0  Failing Endpoints,  Worst Slack        1.725ns,  Total Violation        0.000ns
---------------------------------------------------------------------------------------------------


Max Delay Paths
--------------------------------------------------------------------------------------
Slack (MET) :             0.003ns  (required time - arrival time)
  Source:                 demux/sel_reg[1]/C
                            (rising edge-triggered cell FDRE clocked by virtual_clock  {rise@0.000ns fall@2.000ns period=4.000ns})
  Destination:            demux/sel_reg[3]/D
                            (rising edge-triggered cell FDRE clocked by virtual_clock  {rise@0.000ns fall@2.000ns period=4.000ns})
  Path Group:             virtual_clock
  Path Type:              Setup (Max at Slow Process Corner)
  Requirement:            4.000ns  (virtual_clock rise@4.000ns - virtual_clock rise@0.000ns)
  Data Path Delay:        3.962ns  (logic 1.747ns (44.094%)  route 2.215ns (55.906%))
  Logic Levels:           16  (CARRY8=9 LUT2=3 LUT3=1 LUT5=1 LUT6=2)
  Clock Path Skew:        -0.024ns (DCD - SCD + CPR)
    Destination Clock Delay (DCD):    1.353ns = ( 5.353 - 4.000 ) 
    Source Clock Delay      (SCD):    1.748ns
    Clock Pessimism Removal (CPR):    0.370ns
  Clock Uncertainty:      0.035ns  ((TSJ^2 + TIJ^2)^1/2 + DJ) / 2 + PE
    Total System Jitter     (TSJ):    0.071ns
    Total Input Jitter      (TIJ):    0.000ns
    Discrete Jitter          (DJ):    0.000ns
    Phase Error              (PE):    0.000ns
  Clock Net Delay (Source):      0.787ns (routing 0.001ns, distribution 0.786ns)
  Clock Net Delay (Destination): 0.683ns (routing 0.001ns, distribution 0.682ns)

    Location             Delay type                Incr(ns)  Path(ns)    Netlist Resource(s)
  -------------------------------------------------------------------    -------------------
                         (clock virtual_clock rise edge)
                                                      0.000     0.000 r  
    AR14                                              0.000     0.000 r  clk (IN)
                         net (fo=0)                   0.000     0.000    clk_IBUF_inst/I
    AR14                 INBUF (Prop_INBUF_HPIOB_M_PAD_O)
                                                      0.610     0.610 r  clk_IBUF_inst/INBUF_INST/O
                         net (fo=1, routed)           0.000     0.610    clk_IBUF_inst/OUT
    AR14                 IBUFCTRL (Prop_IBUFCTRL_HPIOB_M_I_O)
                                                      0.000     0.610 r  clk_IBUF_inst/IBUFCTRL_INST/O
                         net (fo=1, routed)           0.323     0.933    clk_IBUF
    BUFGCE_X1Y194        BUFGCE (Prop_BUFCE_BUFGCE_I_O)
                                                      0.028     0.961 r  clk_IBUF_BUFG_inst/O
    X4Y8 (CLOCK_ROOT)    net (fo=910, routed)         0.787     1.748    demux/CLK
    SLICE_X116Y483       FDRE                                         r  demux/sel_reg[1]/C
  -------------------------------------------------------------------    -------------------
    SLICE_X116Y483       FDRE (Prop_GFF_SLICEM_C_Q)
                                                      0.078     1.826 r  demux/sel_reg[1]/Q
                         net (fo=13, routed)          0.253     2.079    demux/sel[1]
    SLICE_X117Y482       CARRY8 (Prop_CARRY8_SLICEM_S[0]_O[6])
                                                      0.226     2.305 r  demux/sel_reg[7]_i_6/O[6]
                         net (fo=27, routed)          0.195     2.500    p_1_in[7]
    SLICE_X117Y478       LUT2 (Prop_H6LUT_SLICEM_I1_O)
                                                      0.090     2.590 r  sel[7]_i_184/O
                         net (fo=1, routed)           0.015     2.605    demux/S[3]
    SLICE_X117Y478       CARRY8 (Prop_CARRY8_SLICEM_S[7]_CO[7])
                                                      0.117     2.722 r  demux/sel_reg[7]_i_143/CO[7]
                         net (fo=1, routed)           0.026     2.748    demux/sel_reg[7]_i_143_n_0
    SLICE_X117Y479       CARRY8 (Prop_CARRY8_SLICEM_CI_CO[4])
                                                      0.092     2.840 r  demux/sel_reg[7]_i_88/CO[4]
                         net (fo=41, routed)          0.201     3.041    demux/CO[0]
    SLICE_X118Y479       LUT2 (Prop_A6LUT_SLICEL_I1_O)
                                                      0.050     3.091 r  demux/sel[7]_i_126/O
                         net (fo=1, routed)           0.009     3.100    demux/sel[7]_i_126_n_0
    SLICE_X118Y479       CARRY8 (Prop_CARRY8_SLICEL_S[0]_O[4])
                                                      0.204     3.304 r  demux/sel_reg[7]_i_58/O[4]
                         net (fo=3, routed)           0.249     3.553    demux/sel_reg[7]_i_58_n_11
    SLICE_X116Y483       LUT3 (Prop_H5LUT_SLICEM_I1_O)
                                                      0.066     3.619 r  demux/sel[7]_i_82/O
                         net (fo=2, routed)           0.214     3.833    demux/sel[7]_i_82_n_0
    SLICE_X116Y482       LUT5 (Prop_E5LUT_SLICEM_I1_O)
                                                      0.070     3.903 r  demux/sel[7]_i_41/O
                         net (fo=2, routed)           0.176     4.079    demux/sel[7]_i_41_n_0
    SLICE_X116Y479       LUT6 (Prop_E6LUT_SLICEM_I0_O)
                                                      0.052     4.131 r  demux/sel[7]_i_49/O
                         net (fo=1, routed)           0.014     4.145    demux/sel[7]_i_49_n_0
    SLICE_X116Y479       CARRY8 (Prop_CARRY8_SLICEM_S[4]_CO[7])
                                                      0.156     4.301 r  demux/sel_reg[7]_i_21/CO[7]
                         net (fo=1, routed)           0.026     4.327    demux/sel_reg[7]_i_21_n_0
    SLICE_X116Y480       CARRY8 (Prop_CARRY8_SLICEM_CI_O[6])
                                                      0.103     4.430 r  demux/sel_reg[7]_i_18/O[6]
                         net (fo=1, routed)           0.411     4.841    demux_n_28
    SLICE_X116Y484       CARRY8 (Prop_CARRY8_SLICEM_S[0]_O[1])
                                                      0.096     4.937 r  sel_reg[7]_i_17/O[1]
                         net (fo=1, routed)           0.182     5.119    demux/sel_reg[7]_i_5_0[1]
    SLICE_X115Y482       LUT2 (Prop_H6LUT_SLICEL_I1_O)
                                                      0.051     5.170 r  demux/sel[7]_i_8/O
                         net (fo=1, routed)           0.010     5.180    demux/sel[7]_i_8_n_0
    SLICE_X115Y482       CARRY8 (Prop_CARRY8_SLICEL_S[7]_CO[7])
                                                      0.115     5.295 r  demux/sel_reg[7]_i_4/CO[7]
                         net (fo=1, routed)           0.026     5.321    demux/sel_reg[7]_i_4_n_0
    SLICE_X115Y483       CARRY8 (Prop_CARRY8_SLICEL_CI_O[0])
                                                      0.056     5.377 r  demux/sel_reg[7]_i_5/O[0]
                         net (fo=8, routed)           0.149     5.526    demux/sel_reg[7]_i_5_n_15
    SLICE_X116Y483       LUT6 (Prop_B6LUT_SLICEM_I4_O)
                                                      0.125     5.651 r  demux/sel[3]_i_1/O
                         net (fo=1, routed)           0.059     5.710    demux/sel20_in[3]
    SLICE_X116Y483       FDRE                                         r  demux/sel_reg[3]/D
  -------------------------------------------------------------------    -------------------

                         (clock virtual_clock rise edge)
                                                      4.000     4.000 r  
    AR14                                              0.000     4.000 r  clk (IN)
                         net (fo=0)                   0.000     4.000    clk_IBUF_inst/I
    AR14                 INBUF (Prop_INBUF_HPIOB_M_PAD_O)
                                                      0.359     4.359 r  clk_IBUF_inst/INBUF_INST/O
                         net (fo=1, routed)           0.000     4.359    clk_IBUF_inst/OUT
    AR14                 IBUFCTRL (Prop_IBUFCTRL_HPIOB_M_I_O)
                                                      0.000     4.359 r  clk_IBUF_inst/IBUFCTRL_INST/O
                         net (fo=1, routed)           0.287     4.646    clk_IBUF
    BUFGCE_X1Y194        BUFGCE (Prop_BUFCE_BUFGCE_I_O)
                                                      0.024     4.670 r  clk_IBUF_BUFG_inst/O
    X4Y8 (CLOCK_ROOT)    net (fo=910, routed)         0.683     5.353    demux/CLK
    SLICE_X116Y483       FDRE                                         r  demux/sel_reg[3]/C
                         clock pessimism              0.370     5.724    
                         clock uncertainty           -0.035     5.688    
    SLICE_X116Y483       FDRE (Setup_BFF_SLICEM_C_D)
                                                      0.025     5.713    demux/sel_reg[3]
  -------------------------------------------------------------------
                         required time                          5.713    
                         arrival time                          -5.710    
  -------------------------------------------------------------------
                         slack                                  0.003    





Min Delay Paths
--------------------------------------------------------------------------------------
Slack (MET) :             0.012ns  (arrival time - required time)
  Source:                 demux/genblk1[124].z_reg[124][7]/C
                            (rising edge-triggered cell FDRE clocked by virtual_clock  {rise@0.000ns fall@2.000ns period=4.000ns})
  Destination:            genblk1[124].reg_in/reg_out_reg[7]/D
                            (rising edge-triggered cell FDRE clocked by virtual_clock  {rise@0.000ns fall@2.000ns period=4.000ns})
  Path Group:             virtual_clock
  Path Type:              Hold (Min at Slow Process Corner)
  Requirement:            0.000ns  (virtual_clock rise@0.000ns - virtual_clock rise@0.000ns)
  Data Path Delay:        0.137ns  (logic 0.058ns (42.336%)  route 0.079ns (57.664%))
  Logic Levels:           0  
  Clock Path Skew:        0.063ns (DCD - SCD - CPR)
    Destination Clock Delay (DCD):    1.713ns
    Source Clock Delay      (SCD):    1.342ns
    Clock Pessimism Removal (CPR):    0.308ns
  Clock Net Delay (Source):      0.672ns (routing 0.001ns, distribution 0.671ns)
  Clock Net Delay (Destination): 0.752ns (routing 0.001ns, distribution 0.751ns)

    Location             Delay type                Incr(ns)  Path(ns)    Netlist Resource(s)
  -------------------------------------------------------------------    -------------------
                         (clock virtual_clock rise edge)
                                                      0.000     0.000 r  
    AR14                                              0.000     0.000 r  clk (IN)
                         net (fo=0)                   0.000     0.000    clk_IBUF_inst/I
    AR14                 INBUF (Prop_INBUF_HPIOB_M_PAD_O)
                                                      0.359     0.359 r  clk_IBUF_inst/INBUF_INST/O
                         net (fo=1, routed)           0.000     0.359    clk_IBUF_inst/OUT
    AR14                 IBUFCTRL (Prop_IBUFCTRL_HPIOB_M_I_O)
                                                      0.000     0.359 r  clk_IBUF_inst/IBUFCTRL_INST/O
                         net (fo=1, routed)           0.287     0.646    clk_IBUF
    BUFGCE_X1Y194        BUFGCE (Prop_BUFCE_BUFGCE_I_O)
                                                      0.024     0.670 r  clk_IBUF_BUFG_inst/O
    X4Y8 (CLOCK_ROOT)    net (fo=910, routed)         0.672     1.342    demux/CLK
    SLICE_X113Y497       FDRE                                         r  demux/genblk1[124].z_reg[124][7]/C
  -------------------------------------------------------------------    -------------------
    SLICE_X113Y497       FDRE (Prop_DFF_SLICEM_C_Q)
                                                      0.058     1.400 r  demux/genblk1[124].z_reg[124][7]/Q
                         net (fo=1, routed)           0.079     1.479    genblk1[124].reg_in/D[7]
    SLICE_X112Y497       FDRE                                         r  genblk1[124].reg_in/reg_out_reg[7]/D
  -------------------------------------------------------------------    -------------------

                         (clock virtual_clock rise edge)
                                                      0.000     0.000 r  
    AR14                                              0.000     0.000 r  clk (IN)
                         net (fo=0)                   0.000     0.000    clk_IBUF_inst/I
    AR14                 INBUF (Prop_INBUF_HPIOB_M_PAD_O)
                                                      0.610     0.610 r  clk_IBUF_inst/INBUF_INST/O
                         net (fo=1, routed)           0.000     0.610    clk_IBUF_inst/OUT
    AR14                 IBUFCTRL (Prop_IBUFCTRL_HPIOB_M_I_O)
                                                      0.000     0.610 r  clk_IBUF_inst/IBUFCTRL_INST/O
                         net (fo=1, routed)           0.323     0.933    clk_IBUF
    BUFGCE_X1Y194        BUFGCE (Prop_BUFCE_BUFGCE_I_O)
                                                      0.028     0.961 r  clk_IBUF_BUFG_inst/O
    X4Y8 (CLOCK_ROOT)    net (fo=910, routed)         0.752     1.713    genblk1[124].reg_in/CLK
    SLICE_X112Y497       FDRE                                         r  genblk1[124].reg_in/reg_out_reg[7]/C
                         clock pessimism             -0.308     1.405    
    SLICE_X112Y497       FDRE (Hold_AFF2_SLICEL_C_D)
                                                      0.062     1.467    genblk1[124].reg_in/reg_out_reg[7]
  -------------------------------------------------------------------
                         required time                         -1.467    
                         arrival time                           1.479    
  -------------------------------------------------------------------
                         slack                                  0.012    





Pulse Width Checks
--------------------------------------------------------------------------------------
Clock Name:         virtual_clock
Waveform(ns):       { 0.000 2.000 }
Period(ns):         4.000
Sources:            { clk }

Check Type        Corner  Lib Pin   Reference Pin  Required(ns)  Actual(ns)  Slack(ns)  Location        Pin
Min Period        n/a     BUFGCE/I  n/a            1.290         4.000       2.710      BUFGCE_X1Y194   clk_IBUF_BUFG_inst/I
Low Pulse Width   Slow    FDRE/C    n/a            0.275         2.000       1.725      SLICE_X119Y508  genblk1[71].reg_in/reg_out_reg[1]/C
High Pulse Width  Fast    FDRE/C    n/a            0.275         2.000       1.725      SLICE_X113Y498  demux/genblk1[102].z_reg[102][1]/C



