Copyright 1986-2020 Xilinx, Inc. All Rights Reserved.
--------------------------------------------------------------------------------------------
| Tool Version      : Vivado v.2020.1 (lin64) Build 2902540 Wed May 27 19:54:35 MDT 2020
| Date              : Tue Mar 15 08:29:55 2022
| Host              : lepus running 64-bit CentOS Linux release 7.9.2009 (Core)
| Command           : report_timing_summary -file ./output/fc1_88/report/timing-summary.rpt
| Design            : top
| Device            : xcvu9p-flga2104
| Speed File        : -2L  PRODUCTION 1.27 02-28-2020
| Temperature Grade : E
--------------------------------------------------------------------------------------------

Timing Summary Report

------------------------------------------------------------------------------------------------
| Timer Settings
| --------------
------------------------------------------------------------------------------------------------

  Enable Multi Corner Analysis               :  Yes
  Enable Pessimism Removal                   :  Yes
  Pessimism Removal Resolution               :  Nearest Common Node
  Enable Input Delay Default Clock           :  No
  Enable Preset / Clear Arcs                 :  No
  Disable Flight Delays                      :  No
  Ignore I/O Paths                           :  No
  Timing Early Launch at Borrowing Latches   :  No
  Borrow Time for Max Delay Exceptions       :  Yes
  Merge Timing Exceptions                    :  Yes

  Corner  Analyze    Analyze    
  Name    Max Paths  Min Paths  
  ------  ---------  ---------  
  Slow    Yes        Yes        
  Fast    Yes        Yes        



check_timing report

Table of Contents
-----------------
1. checking no_clock (0)
2. checking constant_clock (0)
3. checking pulse_width_clock (0)
4. checking unconstrained_internal_endpoints (0)
5. checking no_input_delay (10)
6. checking no_output_delay (24)
7. checking multiple_clock (0)
8. checking generated_clocks (0)
9. checking loops (0)
10. checking partial_input_delay (0)
11. checking partial_output_delay (0)
12. checking latch_loops (0)

1. checking no_clock (0)
------------------------
 There are 0 register/latch pins with no clock.


2. checking constant_clock (0)
------------------------------
 There are 0 register/latch pins with constant_clock.


3. checking pulse_width_clock (0)
---------------------------------
 There are 0 register/latch pins which need pulse_width check


4. checking unconstrained_internal_endpoints (0)
------------------------------------------------
 There are 0 pins that are not constrained for maximum delay.

 There are 0 pins that are not constrained for maximum delay due to constant clock.


5. checking no_input_delay (10)
-------------------------------
 There are 10 input ports with no input delay specified. (HIGH)

 There are 0 input ports with no input delay but user has a false path constraint.


6. checking no_output_delay (24)
--------------------------------
 There are 24 ports with no output delay specified. (HIGH)

 There are 0 ports with no output delay but user has a false path constraint

 There are 0 ports with no output delay but with a timing clock defined on it or propagating through it


7. checking multiple_clock (0)
------------------------------
 There are 0 register/latch pins with multiple clocks.


8. checking generated_clocks (0)
--------------------------------
 There are 0 generated clocks that are not connected to a clock source.


9. checking loops (0)
---------------------
 There are 0 combinational loops in the design.


10. checking partial_input_delay (0)
------------------------------------
 There are 0 input ports with partial input delay specified.


11. checking partial_output_delay (0)
-------------------------------------
 There are 0 ports with partial output delay specified.


12. checking latch_loops (0)
----------------------------
 There are 0 combinational latch loops in the design through latch input



------------------------------------------------------------------------------------------------
| Design Timing Summary
| ---------------------
------------------------------------------------------------------------------------------------

    WNS(ns)      TNS(ns)  TNS Failing Endpoints  TNS Total Endpoints      WHS(ns)      THS(ns)  THS Failing Endpoints  THS Total Endpoints     WPWS(ns)     TPWS(ns)  TPWS Failing Endpoints  TPWS Total Endpoints  
    -------      -------  ---------------------  -------------------      -------      -------  ---------------------  -------------------     --------     --------  ----------------------  --------------------  
      0.062        0.000                      0                 3298        0.004        0.000                      0                 3298        2.229        0.000                       0                  3299  


All user specified timing constraints are met.


------------------------------------------------------------------------------------------------
| Clock Summary
| -------------
------------------------------------------------------------------------------------------------

Clock   Waveform(ns)         Period(ns)      Frequency(MHz)
-----   ------------         ----------      --------------
vclock  {0.000 2.504}        5.009           199.641         


------------------------------------------------------------------------------------------------
| Intra Clock Table
| -----------------
------------------------------------------------------------------------------------------------

Clock             WNS(ns)      TNS(ns)  TNS Failing Endpoints  TNS Total Endpoints      WHS(ns)      THS(ns)  THS Failing Endpoints  THS Total Endpoints     WPWS(ns)     TPWS(ns)  TPWS Failing Endpoints  TPWS Total Endpoints  
-----             -------      -------  ---------------------  -------------------      -------      -------  ---------------------  -------------------     --------     --------  ----------------------  --------------------  
vclock              0.062        0.000                      0                 3298        0.004        0.000                      0                 3298        2.229        0.000                       0                  3299  


------------------------------------------------------------------------------------------------
| Inter Clock Table
| -----------------
------------------------------------------------------------------------------------------------

From Clock    To Clock          WNS(ns)      TNS(ns)  TNS Failing Endpoints  TNS Total Endpoints      WHS(ns)      THS(ns)  THS Failing Endpoints  THS Total Endpoints  
----------    --------          -------      -------  ---------------------  -------------------      -------      -------  ---------------------  -------------------  


------------------------------------------------------------------------------------------------
| Other Path Groups Table
| -----------------------
------------------------------------------------------------------------------------------------

Path Group    From Clock    To Clock          WNS(ns)      TNS(ns)  TNS Failing Endpoints  TNS Total Endpoints      WHS(ns)      THS(ns)  THS Failing Endpoints  THS Total Endpoints  
----------    ----------    --------          -------      -------  ---------------------  -------------------      -------      -------  ---------------------  -------------------  


------------------------------------------------------------------------------------------------
| Timing Details
| --------------
------------------------------------------------------------------------------------------------


---------------------------------------------------------------------------------------------------
From Clock:  vclock
  To Clock:  vclock

Setup :            0  Failing Endpoints,  Worst Slack        0.062ns,  Total Violation        0.000ns
Hold  :            0  Failing Endpoints,  Worst Slack        0.004ns,  Total Violation        0.000ns
PW    :            0  Failing Endpoints,  Worst Slack        2.229ns,  Total Violation        0.000ns
---------------------------------------------------------------------------------------------------


Max Delay Paths
--------------------------------------------------------------------------------------
Slack (MET) :             0.062ns  (required time - arrival time)
  Source:                 demux/sel_reg[1]/C
                            (rising edge-triggered cell FDRE clocked by vclock  {rise@0.000ns fall@2.504ns period=5.009ns})
  Destination:            demux/sel_reg[3]/D
                            (rising edge-triggered cell FDRE clocked by vclock  {rise@0.000ns fall@2.504ns period=5.009ns})
  Path Group:             vclock
  Path Type:              Setup (Max at Slow Process Corner)
  Requirement:            5.009ns  (vclock rise@5.009ns - vclock rise@0.000ns)
  Data Path Delay:        4.808ns  (logic 1.995ns (41.493%)  route 2.813ns (58.507%))
  Logic Levels:           18  (CARRY8=8 LUT2=4 LUT3=2 LUT4=3 LUT6=1)
  Clock Path Skew:        -0.129ns (DCD - SCD + CPR)
    Destination Clock Delay (DCD):    1.777ns = ( 6.786 - 5.009 ) 
    Source Clock Delay      (SCD):    2.267ns
    Clock Pessimism Removal (CPR):    0.361ns
  Clock Uncertainty:      0.035ns  ((TSJ^2 + TIJ^2)^1/2 + DJ) / 2 + PE
    Total System Jitter     (TSJ):    0.071ns
    Total Input Jitter      (TIJ):    0.000ns
    Discrete Jitter          (DJ):    0.000ns
    Phase Error              (PE):    0.000ns
  Clock Net Delay (Source):      1.306ns (routing 0.171ns, distribution 1.135ns)
  Clock Net Delay (Destination): 1.107ns (routing 0.155ns, distribution 0.952ns)

    Location             Delay type                Incr(ns)  Path(ns)    Netlist Resource(s)
  -------------------------------------------------------------------    -------------------
                         (clock vclock rise edge)     0.000     0.000 r  
    AR14                                              0.000     0.000 r  clk (IN)
                         net (fo=0)                   0.000     0.000    clk_IBUF_inst/I
    AR14                 INBUF (Prop_INBUF_HPIOB_M_PAD_O)
                                                      0.610     0.610 r  clk_IBUF_inst/INBUF_INST/O
                         net (fo=1, routed)           0.000     0.610    clk_IBUF_inst/OUT
    AR14                 IBUFCTRL (Prop_IBUFCTRL_HPIOB_M_I_O)
                                                      0.000     0.610 r  clk_IBUF_inst/IBUFCTRL_INST/O
                         net (fo=1, routed)           0.323     0.933    clk_IBUF
    BUFGCE_X1Y212        BUFGCE (Prop_BUFCE_BUFGCE_I_O)
                                                      0.028     0.961 r  clk_IBUF_BUFG_inst/O
    X4Y8 (CLOCK_ROOT)    net (fo=3298, routed)        1.306     2.267    demux/CLK
    SLICE_X136Y443       FDRE                                         r  demux/sel_reg[1]/C
  -------------------------------------------------------------------    -------------------
    SLICE_X136Y443       FDRE (Prop_GFF2_SLICEL_C_Q)
                                                      0.081     2.348 r  demux/sel_reg[1]/Q
                         net (fo=180, routed)         0.184     2.532    demux/sel[1]
    SLICE_X135Y443       CARRY8 (Prop_CARRY8_SLICEM_S[0]_O[4])
                                                      0.206     2.738 r  demux/sel_reg[8]_i_6/O[4]
                         net (fo=33, routed)          0.370     3.108    demux/p_1_in[4]
    SLICE_X137Y437       LUT3 (Prop_C5LUT_SLICEM_I0_O)
                                                      0.111     3.219 r  demux/sel[8]_i_236/O
                         net (fo=2, routed)           0.143     3.362    demux/sel[8]_i_236_n_0
    SLICE_X137Y437       LUT4 (Prop_D6LUT_SLICEM_I3_O)
                                                      0.088     3.450 r  demux/sel[8]_i_243/O
                         net (fo=1, routed)           0.025     3.475    demux/sel[8]_i_243_n_0
    SLICE_X137Y437       CARRY8 (Prop_CARRY8_SLICEM_S[3]_CO[7])
                                                      0.163     3.638 f  demux/sel_reg[8]_i_200/CO[7]
                         net (fo=1, routed)           0.026     3.664    demux/sel_reg[8]_i_200_n_0
    SLICE_X137Y438       CARRY8 (Prop_CARRY8_SLICEM_CI_CO[5])
                                                      0.077     3.741 f  demux/sel_reg[8]_i_166/CO[5]
                         net (fo=30, routed)          0.256     3.997    demux_n_9
    SLICE_X135Y441       LUT2 (Prop_B5LUT_SLICEM_I0_O)
                                                      0.116     4.113 r  sel[8]_i_101/O
                         net (fo=17, routed)          0.297     4.410    demux/sel[8]_i_64[1]
    SLICE_X135Y439       CARRY8 (Prop_CARRY8_SLICEM_DI[2]_O[5])
                                                      0.186     4.596 r  demux/sel_reg[8]_i_81/O[5]
                         net (fo=2, routed)           0.242     4.838    demux_n_86
    SLICE_X136Y440       LUT3 (Prop_A5LUT_SLICEL_I2_O)
                                                      0.138     4.976 r  sel[8]_i_36/O
                         net (fo=2, routed)           0.226     5.202    sel[8]_i_36_n_0
    SLICE_X136Y440       LUT4 (Prop_B6LUT_SLICEL_I3_O)
                                                      0.051     5.253 r  sel[8]_i_44/O
                         net (fo=1, routed)           0.009     5.262    demux/sel[8]_i_28_0[1]
    SLICE_X136Y440       CARRY8 (Prop_CARRY8_SLICEL_S[1]_CO[7])
                                                      0.186     5.448 r  demux/sel_reg[8]_i_20/CO[7]
                         net (fo=1, routed)           0.026     5.474    demux/sel_reg[8]_i_20_n_0
    SLICE_X136Y441       CARRY8 (Prop_CARRY8_SLICEL_CI_O[0])
                                                      0.056     5.530 r  demux/sel_reg[8]_i_22/O[0]
                         net (fo=3, routed)           0.253     5.783    demux_n_16
    SLICE_X137Y442       LUT2 (Prop_E5LUT_SLICEM_I0_O)
                                                      0.139     5.922 r  sel[8]_i_21/O
                         net (fo=2, routed)           0.161     6.083    sel[8]_i_21_n_0
    SLICE_X137Y442       LUT4 (Prop_F6LUT_SLICEM_I0_O)
                                                      0.098     6.181 r  sel[8]_i_24/O
                         net (fo=1, routed)           0.022     6.203    demux/sel[8]_i_14_0[4]
    SLICE_X137Y442       CARRY8 (Prop_CARRY8_SLICEM_S[5]_O[5])
                                                      0.058     6.261 r  demux/sel_reg[8]_i_19/O[5]
                         net (fo=1, routed)           0.183     6.444    demux_n_105
    SLICE_X136Y443       LUT2 (Prop_A6LUT_SLICEL_I1_O)
                                                      0.090     6.534 r  sel[8]_i_8/O
                         net (fo=1, routed)           0.009     6.543    demux/sel_reg[0]_rep_11[0]
    SLICE_X136Y443       CARRY8 (Prop_CARRY8_SLICEL_S[0]_O[0])
                                                      0.063     6.606 f  demux/sel_reg[8]_i_3/O[0]
                         net (fo=7, routed)           0.224     6.830    demux/sel_reg[8]_i_3_n_15
    SLICE_X137Y443       LUT2 (Prop_F6LUT_SLICEM_I1_O)
                                                      0.037     6.867 r  demux/sel[4]_i_2/O
                         net (fo=4, routed)           0.091     6.958    demux/sel[4]_i_2_n_0
    SLICE_X137Y443       LUT6 (Prop_C6LUT_SLICEM_I0_O)
                                                      0.051     7.009 r  demux/sel[3]_i_1/O
                         net (fo=1, routed)           0.066     7.075    demux/sel20_in[3]
    SLICE_X137Y443       FDRE                                         r  demux/sel_reg[3]/D
  -------------------------------------------------------------------    -------------------

                         (clock vclock rise edge)     5.009     5.009 r  
    AR14                                              0.000     5.009 r  clk (IN)
                         net (fo=0)                   0.000     5.009    clk_IBUF_inst/I
    AR14                 INBUF (Prop_INBUF_HPIOB_M_PAD_O)
                                                      0.359     5.368 r  clk_IBUF_inst/INBUF_INST/O
                         net (fo=1, routed)           0.000     5.368    clk_IBUF_inst/OUT
    AR14                 IBUFCTRL (Prop_IBUFCTRL_HPIOB_M_I_O)
                                                      0.000     5.368 r  clk_IBUF_inst/IBUFCTRL_INST/O
                         net (fo=1, routed)           0.287     5.655    clk_IBUF
    BUFGCE_X1Y212        BUFGCE (Prop_BUFCE_BUFGCE_I_O)
                                                      0.024     5.679 r  clk_IBUF_BUFG_inst/O
    X4Y8 (CLOCK_ROOT)    net (fo=3298, routed)        1.107     6.786    demux/CLK
    SLICE_X137Y443       FDRE                                         r  demux/sel_reg[3]/C
                         clock pessimism              0.361     7.147    
                         clock uncertainty           -0.035     7.112    
    SLICE_X137Y443       FDRE (Setup_CFF_SLICEM_C_D)
                                                      0.025     7.137    demux/sel_reg[3]
  -------------------------------------------------------------------
                         required time                          7.137    
                         arrival time                          -7.075    
  -------------------------------------------------------------------
                         slack                                  0.062    





Min Delay Paths
--------------------------------------------------------------------------------------
Slack (MET) :             0.004ns  (arrival time - required time)
  Source:                 demux/genblk1[36].z_reg[36][6]/C
                            (rising edge-triggered cell FDRE clocked by vclock  {rise@0.000ns fall@2.504ns period=5.009ns})
  Destination:            genblk1[36].reg_in/reg_out_reg[6]/D
                            (rising edge-triggered cell FDRE clocked by vclock  {rise@0.000ns fall@2.504ns period=5.009ns})
  Path Group:             vclock
  Path Type:              Hold (Min at Slow Process Corner)
  Requirement:            0.000ns  (vclock rise@0.000ns - vclock rise@0.000ns)
  Data Path Delay:        0.127ns  (logic 0.060ns (47.244%)  route 0.067ns (52.756%))
  Logic Levels:           0  
  Clock Path Skew:        0.061ns (DCD - SCD - CPR)
    Destination Clock Delay (DCD):    2.199ns
    Source Clock Delay      (SCD):    1.726ns
    Clock Pessimism Removal (CPR):    0.412ns
  Clock Net Delay (Source):      1.056ns (routing 0.155ns, distribution 0.901ns)
  Clock Net Delay (Destination): 1.238ns (routing 0.171ns, distribution 1.067ns)

    Location             Delay type                Incr(ns)  Path(ns)    Netlist Resource(s)
  -------------------------------------------------------------------    -------------------
                         (clock vclock rise edge)     0.000     0.000 r  
    AR14                                              0.000     0.000 r  clk (IN)
                         net (fo=0)                   0.000     0.000    clk_IBUF_inst/I
    AR14                 INBUF (Prop_INBUF_HPIOB_M_PAD_O)
                                                      0.359     0.359 r  clk_IBUF_inst/INBUF_INST/O
                         net (fo=1, routed)           0.000     0.359    clk_IBUF_inst/OUT
    AR14                 IBUFCTRL (Prop_IBUFCTRL_HPIOB_M_I_O)
                                                      0.000     0.359 r  clk_IBUF_inst/IBUFCTRL_INST/O
                         net (fo=1, routed)           0.287     0.646    clk_IBUF
    BUFGCE_X1Y212        BUFGCE (Prop_BUFCE_BUFGCE_I_O)
                                                      0.024     0.670 r  clk_IBUF_BUFG_inst/O
    X4Y8 (CLOCK_ROOT)    net (fo=3298, routed)        1.056     1.726    demux/CLK
    SLICE_X118Y468       FDRE                                         r  demux/genblk1[36].z_reg[36][6]/C
  -------------------------------------------------------------------    -------------------
    SLICE_X118Y468       FDRE (Prop_AFF2_SLICEL_C_Q)
                                                      0.060     1.786 r  demux/genblk1[36].z_reg[36][6]/Q
                         net (fo=1, routed)           0.067     1.853    genblk1[36].reg_in/D[6]
    SLICE_X118Y469       FDRE                                         r  genblk1[36].reg_in/reg_out_reg[6]/D
  -------------------------------------------------------------------    -------------------

                         (clock vclock rise edge)     0.000     0.000 r  
    AR14                                              0.000     0.000 r  clk (IN)
                         net (fo=0)                   0.000     0.000    clk_IBUF_inst/I
    AR14                 INBUF (Prop_INBUF_HPIOB_M_PAD_O)
                                                      0.610     0.610 r  clk_IBUF_inst/INBUF_INST/O
                         net (fo=1, routed)           0.000     0.610    clk_IBUF_inst/OUT
    AR14                 IBUFCTRL (Prop_IBUFCTRL_HPIOB_M_I_O)
                                                      0.000     0.610 r  clk_IBUF_inst/IBUFCTRL_INST/O
                         net (fo=1, routed)           0.323     0.933    clk_IBUF
    BUFGCE_X1Y212        BUFGCE (Prop_BUFCE_BUFGCE_I_O)
                                                      0.028     0.961 r  clk_IBUF_BUFG_inst/O
    X4Y8 (CLOCK_ROOT)    net (fo=3298, routed)        1.238     2.199    genblk1[36].reg_in/CLK
    SLICE_X118Y469       FDRE                                         r  genblk1[36].reg_in/reg_out_reg[6]/C
                         clock pessimism             -0.412     1.787    
    SLICE_X118Y469       FDRE (Hold_GFF2_SLICEL_C_D)
                                                      0.062     1.849    genblk1[36].reg_in/reg_out_reg[6]
  -------------------------------------------------------------------
                         required time                         -1.849    
                         arrival time                           1.853    
  -------------------------------------------------------------------
                         slack                                  0.004    





Pulse Width Checks
--------------------------------------------------------------------------------------
Clock Name:         vclock
Waveform(ns):       { 0.000 2.504 }
Period(ns):         5.009
Sources:            { clk }

Check Type        Corner  Lib Pin   Reference Pin  Required(ns)  Actual(ns)  Slack(ns)  Location        Pin
Min Period        n/a     BUFGCE/I  n/a            1.290         5.009       3.719      BUFGCE_X1Y212   clk_IBUF_BUFG_inst/I
Low Pulse Width   Fast    FDRE/C    n/a            0.275         2.504       2.229      SLICE_X121Y448  genblk1[310].reg_in/reg_out_reg[6]/C
High Pulse Width  Fast    FDRE/C    n/a            0.275         2.504       2.229      SLICE_X119Y448  genblk1[308].reg_in/reg_out_reg[5]/C



