Copyright 1986-2020 Xilinx, Inc. All Rights Reserved.
--------------------------------------------------------------------------------------------
| Tool Version      : Vivado v.2020.1 (lin64) Build 2902540 Wed May 27 19:54:35 MDT 2020
| Date              : Tue Mar 15 00:27:12 2022
| Host              : lepus running 64-bit CentOS Linux release 7.9.2009 (Core)
| Command           : report_timing_summary -file ./output/fc1_45/report/timing-summary.rpt
| Design            : top
| Device            : xcvu9p-flga2104
| Speed File        : -2L  PRODUCTION 1.27 02-28-2020
| Temperature Grade : E
--------------------------------------------------------------------------------------------

Timing Summary Report

------------------------------------------------------------------------------------------------
| Timer Settings
| --------------
------------------------------------------------------------------------------------------------

  Enable Multi Corner Analysis               :  Yes
  Enable Pessimism Removal                   :  Yes
  Pessimism Removal Resolution               :  Nearest Common Node
  Enable Input Delay Default Clock           :  No
  Enable Preset / Clear Arcs                 :  No
  Disable Flight Delays                      :  No
  Ignore I/O Paths                           :  No
  Timing Early Launch at Borrowing Latches   :  No
  Borrow Time for Max Delay Exceptions       :  Yes
  Merge Timing Exceptions                    :  Yes

  Corner  Analyze    Analyze    
  Name    Max Paths  Min Paths  
  ------  ---------  ---------  
  Slow    Yes        Yes        
  Fast    Yes        Yes        



check_timing report

Table of Contents
-----------------
1. checking no_clock (0)
2. checking constant_clock (0)
3. checking pulse_width_clock (0)
4. checking unconstrained_internal_endpoints (0)
5. checking no_input_delay (10)
6. checking no_output_delay (24)
7. checking multiple_clock (0)
8. checking generated_clocks (0)
9. checking loops (0)
10. checking partial_input_delay (0)
11. checking partial_output_delay (0)
12. checking latch_loops (0)

1. checking no_clock (0)
------------------------
 There are 0 register/latch pins with no clock.


2. checking constant_clock (0)
------------------------------
 There are 0 register/latch pins with constant_clock.


3. checking pulse_width_clock (0)
---------------------------------
 There are 0 register/latch pins which need pulse_width check


4. checking unconstrained_internal_endpoints (0)
------------------------------------------------
 There are 0 pins that are not constrained for maximum delay.

 There are 0 pins that are not constrained for maximum delay due to constant clock.


5. checking no_input_delay (10)
-------------------------------
 There are 10 input ports with no input delay specified. (HIGH)

 There are 0 input ports with no input delay but user has a false path constraint.


6. checking no_output_delay (24)
--------------------------------
 There are 24 ports with no output delay specified. (HIGH)

 There are 0 ports with no output delay but user has a false path constraint

 There are 0 ports with no output delay but with a timing clock defined on it or propagating through it


7. checking multiple_clock (0)
------------------------------
 There are 0 register/latch pins with multiple clocks.


8. checking generated_clocks (0)
--------------------------------
 There are 0 generated clocks that are not connected to a clock source.


9. checking loops (0)
---------------------
 There are 0 combinational loops in the design.


10. checking partial_input_delay (0)
------------------------------------
 There are 0 input ports with partial input delay specified.


11. checking partial_output_delay (0)
-------------------------------------
 There are 0 ports with partial output delay specified.


12. checking latch_loops (0)
----------------------------
 There are 0 combinational latch loops in the design through latch input



------------------------------------------------------------------------------------------------
| Design Timing Summary
| ---------------------
------------------------------------------------------------------------------------------------

    WNS(ns)      TNS(ns)  TNS Failing Endpoints  TNS Total Endpoints      WHS(ns)      THS(ns)  THS Failing Endpoints  THS Total Endpoints     WPWS(ns)     TPWS(ns)  TPWS Failing Endpoints  TPWS Total Endpoints  
    -------      -------  ---------------------  -------------------      -------      -------  ---------------------  -------------------     --------     --------  ----------------------  --------------------  
      0.065        0.000                      0                 2513        0.011        0.000                      0                 2513        2.197        0.000                       0                  2514  


All user specified timing constraints are met.


------------------------------------------------------------------------------------------------
| Clock Summary
| -------------
------------------------------------------------------------------------------------------------

Clock   Waveform(ns)         Period(ns)      Frequency(MHz)
-----   ------------         ----------      --------------
vclock  {0.000 2.472}        4.944           202.265         


------------------------------------------------------------------------------------------------
| Intra Clock Table
| -----------------
------------------------------------------------------------------------------------------------

Clock             WNS(ns)      TNS(ns)  TNS Failing Endpoints  TNS Total Endpoints      WHS(ns)      THS(ns)  THS Failing Endpoints  THS Total Endpoints     WPWS(ns)     TPWS(ns)  TPWS Failing Endpoints  TPWS Total Endpoints  
-----             -------      -------  ---------------------  -------------------      -------      -------  ---------------------  -------------------     --------     --------  ----------------------  --------------------  
vclock              0.065        0.000                      0                 2513        0.011        0.000                      0                 2513        2.197        0.000                       0                  2514  


------------------------------------------------------------------------------------------------
| Inter Clock Table
| -----------------
------------------------------------------------------------------------------------------------

From Clock    To Clock          WNS(ns)      TNS(ns)  TNS Failing Endpoints  TNS Total Endpoints      WHS(ns)      THS(ns)  THS Failing Endpoints  THS Total Endpoints  
----------    --------          -------      -------  ---------------------  -------------------      -------      -------  ---------------------  -------------------  


------------------------------------------------------------------------------------------------
| Other Path Groups Table
| -----------------------
------------------------------------------------------------------------------------------------

Path Group    From Clock    To Clock          WNS(ns)      TNS(ns)  TNS Failing Endpoints  TNS Total Endpoints      WHS(ns)      THS(ns)  THS Failing Endpoints  THS Total Endpoints  
----------    ----------    --------          -------      -------  ---------------------  -------------------      -------      -------  ---------------------  -------------------  


------------------------------------------------------------------------------------------------
| Timing Details
| --------------
------------------------------------------------------------------------------------------------


---------------------------------------------------------------------------------------------------
From Clock:  vclock
  To Clock:  vclock

Setup :            0  Failing Endpoints,  Worst Slack        0.065ns,  Total Violation        0.000ns
Hold  :            0  Failing Endpoints,  Worst Slack        0.011ns,  Total Violation        0.000ns
PW    :            0  Failing Endpoints,  Worst Slack        2.197ns,  Total Violation        0.000ns
---------------------------------------------------------------------------------------------------


Max Delay Paths
--------------------------------------------------------------------------------------
Slack (MET) :             0.065ns  (required time - arrival time)
  Source:                 demux/sel_reg[1]/C
                            (rising edge-triggered cell FDRE clocked by vclock  {rise@0.000ns fall@2.472ns period=4.944ns})
  Destination:            demux/sel_reg[3]/D
                            (rising edge-triggered cell FDRE clocked by vclock  {rise@0.000ns fall@2.472ns period=4.944ns})
  Path Group:             vclock
  Path Type:              Setup (Max at Slow Process Corner)
  Requirement:            4.944ns  (vclock rise@4.944ns - vclock rise@0.000ns)
  Data Path Delay:        4.754ns  (logic 2.110ns (44.384%)  route 2.644ns (55.616%))
  Logic Levels:           19  (CARRY8=10 LUT2=2 LUT3=3 LUT4=3 LUT6=1)
  Clock Path Skew:        -0.115ns (DCD - SCD + CPR)
    Destination Clock Delay (DCD):    1.770ns = ( 6.714 - 4.944 ) 
    Source Clock Delay      (SCD):    2.245ns
    Clock Pessimism Removal (CPR):    0.360ns
  Clock Uncertainty:      0.035ns  ((TSJ^2 + TIJ^2)^1/2 + DJ) / 2 + PE
    Total System Jitter     (TSJ):    0.071ns
    Total Input Jitter      (TIJ):    0.000ns
    Discrete Jitter          (DJ):    0.000ns
    Phase Error              (PE):    0.000ns
  Clock Net Delay (Source):      1.284ns (routing 0.171ns, distribution 1.113ns)
  Clock Net Delay (Destination): 1.100ns (routing 0.155ns, distribution 0.945ns)

    Location             Delay type                Incr(ns)  Path(ns)    Netlist Resource(s)
  -------------------------------------------------------------------    -------------------
                         (clock vclock rise edge)     0.000     0.000 r  
    AR14                                              0.000     0.000 r  clk (IN)
                         net (fo=0)                   0.000     0.000    clk_IBUF_inst/I
    AR14                 INBUF (Prop_INBUF_HPIOB_M_PAD_O)
                                                      0.610     0.610 r  clk_IBUF_inst/INBUF_INST/O
                         net (fo=1, routed)           0.000     0.610    clk_IBUF_inst/OUT
    AR14                 IBUFCTRL (Prop_IBUFCTRL_HPIOB_M_I_O)
                                                      0.000     0.610 r  clk_IBUF_inst/IBUFCTRL_INST/O
                         net (fo=1, routed)           0.323     0.933    clk_IBUF
    BUFGCE_X1Y212        BUFGCE (Prop_BUFCE_BUFGCE_I_O)
                                                      0.028     0.961 r  clk_IBUF_BUFG_inst/O
    X4Y8 (CLOCK_ROOT)    net (fo=2513, routed)        1.284     2.245    demux/CLK
    SLICE_X124Y492       FDRE                                         r  demux/sel_reg[1]/C
  -------------------------------------------------------------------    -------------------
    SLICE_X124Y492       FDRE (Prop_AFF_SLICEL_C_Q)
                                                      0.079     2.324 r  demux/sel_reg[1]/Q
                         net (fo=30, routed)          0.190     2.514    demux/sel[1]
    SLICE_X125Y492       CARRY8 (Prop_CARRY8_SLICEM_S[0]_O[4])
                                                      0.206     2.720 r  demux/sel_reg[8]_i_6/O[4]
                         net (fo=33, routed)          0.331     3.051    demux/sel_reg[0]_0[4]
    SLICE_X123Y488       LUT3 (Prop_C5LUT_SLICEM_I0_O)
                                                      0.111     3.162 r  demux/sel[8]_i_236/O
                         net (fo=2, routed)           0.104     3.266    demux/sel[8]_i_236_n_0
    SLICE_X123Y488       LUT4 (Prop_D6LUT_SLICEM_I3_O)
                                                      0.099     3.365 r  demux/sel[8]_i_243/O
                         net (fo=1, routed)           0.025     3.390    demux/sel[8]_i_243_n_0
    SLICE_X123Y488       CARRY8 (Prop_CARRY8_SLICEM_S[3]_CO[7])
                                                      0.163     3.553 f  demux/sel_reg[8]_i_200/CO[7]
                         net (fo=1, routed)           0.026     3.579    demux/sel_reg[8]_i_200_n_0
    SLICE_X123Y489       CARRY8 (Prop_CARRY8_SLICEM_CI_CO[5])
                                                      0.077     3.656 f  demux/sel_reg[8]_i_166/CO[5]
                         net (fo=30, routed)          0.249     3.905    demux_n_9
    SLICE_X122Y490       LUT3 (Prop_F5LUT_SLICEL_I0_O)
                                                      0.167     4.072 r  sel[8]_i_136/O
                         net (fo=2, routed)           0.231     4.303    sel[8]_i_136_n_0
    SLICE_X122Y490       LUT4 (Prop_G6LUT_SLICEL_I3_O)
                                                      0.050     4.353 r  sel[8]_i_143/O
                         net (fo=1, routed)           0.008     4.361    demux/sel[8]_i_64_0[5]
    SLICE_X122Y490       CARRY8 (Prop_CARRY8_SLICEL_S[6]_CO[7])
                                                      0.115     4.476 r  demux/sel_reg[8]_i_81/CO[7]
                         net (fo=1, routed)           0.026     4.502    demux/sel_reg[8]_i_81_n_0
    SLICE_X122Y491       CARRY8 (Prop_CARRY8_SLICEL_CI_O[1])
                                                      0.076     4.578 r  demux/sel_reg[8]_i_77/O[1]
                         net (fo=2, routed)           0.299     4.877    demux_n_98
    SLICE_X123Y492       LUT3 (Prop_E5LUT_SLICEM_I2_O)
                                                      0.102     4.979 r  sel[8]_i_32/O
                         net (fo=2, routed)           0.131     5.110    sel[8]_i_32_n_0
    SLICE_X123Y492       LUT4 (Prop_F6LUT_SLICEM_I3_O)
                                                      0.088     5.198 r  sel[8]_i_40/O
                         net (fo=1, routed)           0.022     5.220    demux/sel[8]_i_28_0[5]
    SLICE_X123Y492       CARRY8 (Prop_CARRY8_SLICEM_S[5]_CO[7])
                                                      0.159     5.379 r  demux/sel_reg[8]_i_20/CO[7]
                         net (fo=1, routed)           0.026     5.405    demux/sel_reg[8]_i_20_n_0
    SLICE_X123Y493       CARRY8 (Prop_CARRY8_SLICEM_CI_O[0])
                                                      0.056     5.461 r  demux/sel_reg[8]_i_22/O[0]
                         net (fo=3, routed)           0.403     5.864    demux/O[0]
    SLICE_X126Y493       CARRY8 (Prop_CARRY8_SLICEL_S[0]_O[4])
                                                      0.204     6.068 r  demux/sel_reg[8]_i_19/O[4]
                         net (fo=1, routed)           0.236     6.304    demux_n_106
    SLICE_X126Y491       LUT2 (Prop_H6LUT_SLICEL_I1_O)
                                                      0.036     6.340 r  sel[8]_i_10/O
                         net (fo=1, routed)           0.010     6.350    demux/sel_reg[6]_0[6]
    SLICE_X126Y491       CARRY8 (Prop_CARRY8_SLICEL_S[7]_CO[7])
                                                      0.115     6.465 r  demux/sel_reg[8]_i_4/CO[7]
                         net (fo=1, routed)           0.026     6.491    demux/sel_reg[8]_i_4_n_0
    SLICE_X126Y492       CARRY8 (Prop_CARRY8_SLICEL_CI_O[0])
                                                      0.056     6.547 f  demux/sel_reg[8]_i_3/O[0]
                         net (fo=6, routed)           0.145     6.692    demux/sel_reg[8]_i_3_n_15
    SLICE_X127Y492       LUT2 (Prop_E6LUT_SLICEM_I1_O)
                                                      0.100     6.792 r  demux/sel[4]_i_2/O
                         net (fo=4, routed)           0.092     6.884    demux/sel[4]_i_2_n_0
    SLICE_X127Y491       LUT6 (Prop_C6LUT_SLICEM_I0_O)
                                                      0.051     6.935 r  demux/sel[3]_i_1/O
                         net (fo=1, routed)           0.064     6.999    demux/sel20_in[3]
    SLICE_X127Y491       FDRE                                         r  demux/sel_reg[3]/D
  -------------------------------------------------------------------    -------------------

                         (clock vclock rise edge)     4.944     4.944 r  
    AR14                                              0.000     4.944 r  clk (IN)
                         net (fo=0)                   0.000     4.944    clk_IBUF_inst/I
    AR14                 INBUF (Prop_INBUF_HPIOB_M_PAD_O)
                                                      0.359     5.303 r  clk_IBUF_inst/INBUF_INST/O
                         net (fo=1, routed)           0.000     5.303    clk_IBUF_inst/OUT
    AR14                 IBUFCTRL (Prop_IBUFCTRL_HPIOB_M_I_O)
                                                      0.000     5.303 r  clk_IBUF_inst/IBUFCTRL_INST/O
                         net (fo=1, routed)           0.287     5.590    clk_IBUF
    BUFGCE_X1Y212        BUFGCE (Prop_BUFCE_BUFGCE_I_O)
                                                      0.024     5.614 r  clk_IBUF_BUFG_inst/O
    X4Y8 (CLOCK_ROOT)    net (fo=2513, routed)        1.100     6.714    demux/CLK
    SLICE_X127Y491       FDRE                                         r  demux/sel_reg[3]/C
                         clock pessimism              0.360     7.074    
                         clock uncertainty           -0.035     7.039    
    SLICE_X127Y491       FDRE (Setup_CFF2_SLICEM_C_D)
                                                      0.025     7.064    demux/sel_reg[3]
  -------------------------------------------------------------------
                         required time                          7.064    
                         arrival time                          -6.999    
  -------------------------------------------------------------------
                         slack                                  0.065    





Min Delay Paths
--------------------------------------------------------------------------------------
Slack (MET) :             0.011ns  (arrival time - required time)
  Source:                 demux/genblk1[247].z_reg[247][7]/C
                            (rising edge-triggered cell FDRE clocked by vclock  {rise@0.000ns fall@2.472ns period=4.944ns})
  Destination:            genblk1[247].reg_in/reg_out_reg[7]/D
                            (rising edge-triggered cell FDRE clocked by vclock  {rise@0.000ns fall@2.472ns period=4.944ns})
  Path Group:             vclock
  Path Type:              Hold (Min at Slow Process Corner)
  Requirement:            0.000ns  (vclock rise@0.000ns - vclock rise@0.000ns)
  Data Path Delay:        0.126ns  (logic 0.060ns (47.619%)  route 0.066ns (52.381%))
  Logic Levels:           0  
  Clock Path Skew:        0.053ns (DCD - SCD - CPR)
    Destination Clock Delay (DCD):    2.227ns
    Source Clock Delay      (SCD):    1.758ns
    Clock Pessimism Removal (CPR):    0.416ns
  Clock Net Delay (Source):      1.088ns (routing 0.155ns, distribution 0.933ns)
  Clock Net Delay (Destination): 1.266ns (routing 0.171ns, distribution 1.095ns)

    Location             Delay type                Incr(ns)  Path(ns)    Netlist Resource(s)
  -------------------------------------------------------------------    -------------------
                         (clock vclock rise edge)     0.000     0.000 r  
    AR14                                              0.000     0.000 r  clk (IN)
                         net (fo=0)                   0.000     0.000    clk_IBUF_inst/I
    AR14                 INBUF (Prop_INBUF_HPIOB_M_PAD_O)
                                                      0.359     0.359 r  clk_IBUF_inst/INBUF_INST/O
                         net (fo=1, routed)           0.000     0.359    clk_IBUF_inst/OUT
    AR14                 IBUFCTRL (Prop_IBUFCTRL_HPIOB_M_I_O)
                                                      0.000     0.359 r  clk_IBUF_inst/IBUFCTRL_INST/O
                         net (fo=1, routed)           0.287     0.646    clk_IBUF
    BUFGCE_X1Y212        BUFGCE (Prop_BUFCE_BUFGCE_I_O)
                                                      0.024     0.670 r  clk_IBUF_BUFG_inst/O
    X4Y8 (CLOCK_ROOT)    net (fo=2513, routed)        1.088     1.758    demux/CLK
    SLICE_X130Y496       FDRE                                         r  demux/genblk1[247].z_reg[247][7]/C
  -------------------------------------------------------------------    -------------------
    SLICE_X130Y496       FDRE (Prop_BFF2_SLICEL_C_Q)
                                                      0.060     1.818 r  demux/genblk1[247].z_reg[247][7]/Q
                         net (fo=1, routed)           0.066     1.884    genblk1[247].reg_in/D[7]
    SLICE_X130Y497       FDRE                                         r  genblk1[247].reg_in/reg_out_reg[7]/D
  -------------------------------------------------------------------    -------------------

                         (clock vclock rise edge)     0.000     0.000 r  
    AR14                                              0.000     0.000 r  clk (IN)
                         net (fo=0)                   0.000     0.000    clk_IBUF_inst/I
    AR14                 INBUF (Prop_INBUF_HPIOB_M_PAD_O)
                                                      0.610     0.610 r  clk_IBUF_inst/INBUF_INST/O
                         net (fo=1, routed)           0.000     0.610    clk_IBUF_inst/OUT
    AR14                 IBUFCTRL (Prop_IBUFCTRL_HPIOB_M_I_O)
                                                      0.000     0.610 r  clk_IBUF_inst/IBUFCTRL_INST/O
                         net (fo=1, routed)           0.323     0.933    clk_IBUF
    BUFGCE_X1Y212        BUFGCE (Prop_BUFCE_BUFGCE_I_O)
                                                      0.028     0.961 r  clk_IBUF_BUFG_inst/O
    X4Y8 (CLOCK_ROOT)    net (fo=2513, routed)        1.266     2.227    genblk1[247].reg_in/CLK
    SLICE_X130Y497       FDRE                                         r  genblk1[247].reg_in/reg_out_reg[7]/C
                         clock pessimism             -0.416     1.811    
    SLICE_X130Y497       FDRE (Hold_BFF2_SLICEL_C_D)
                                                      0.062     1.873    genblk1[247].reg_in/reg_out_reg[7]
  -------------------------------------------------------------------
                         required time                         -1.873    
                         arrival time                           1.884    
  -------------------------------------------------------------------
                         slack                                  0.011    





Pulse Width Checks
--------------------------------------------------------------------------------------
Clock Name:         vclock
Waveform(ns):       { 0.000 2.472 }
Period(ns):         4.944
Sources:            { clk }

Check Type        Corner  Lib Pin   Reference Pin  Required(ns)  Actual(ns)  Slack(ns)  Location        Pin
Min Period        n/a     BUFGCE/I  n/a            1.290         4.944       3.654      BUFGCE_X1Y212   clk_IBUF_BUFG_inst/I
Low Pulse Width   Slow    FDRE/C    n/a            0.275         2.472       2.197      SLICE_X134Y526  genblk1[306].reg_in/reg_out_reg[1]/C
High Pulse Width  Fast    FDRE/C    n/a            0.275         2.472       2.197      SLICE_X127Y525  genblk1[0].reg_in/reg_out_reg[0]/C



