Copyright 1986-2020 Xilinx, Inc. All Rights Reserved.
--------------------------------------------------------------------------------------------------------
| Tool Version      : Vivado v.2020.1 (lin64) Build 2902540 Wed May 27 19:54:35 MDT 2020
| Date              : Tue Mar 15 14:47:41 2022
| Host              : lepus running 64-bit CentOS Linux release 7.9.2009 (Core)
| Command           : report_timing_summary -file ./output/fc1_122/report/timing-summary-post-place.rpt
| Design            : top
| Device            : xcvu9p-flga2104
| Speed File        : -2L  PRODUCTION 1.27 02-28-2020
| Temperature Grade : E
--------------------------------------------------------------------------------------------------------

Timing Summary Report

------------------------------------------------------------------------------------------------
| Timer Settings
| --------------
------------------------------------------------------------------------------------------------

  Enable Multi Corner Analysis               :  Yes
  Enable Pessimism Removal                   :  Yes
  Pessimism Removal Resolution               :  Nearest Common Node
  Enable Input Delay Default Clock           :  No
  Enable Preset / Clear Arcs                 :  No
  Disable Flight Delays                      :  No
  Ignore I/O Paths                           :  No
  Timing Early Launch at Borrowing Latches   :  No
  Borrow Time for Max Delay Exceptions       :  Yes
  Merge Timing Exceptions                    :  Yes

  Corner  Analyze    Analyze    
  Name    Max Paths  Min Paths  
  ------  ---------  ---------  
  Slow    Yes        Yes        
  Fast    Yes        Yes        



check_timing report

Table of Contents
-----------------
1. checking no_clock (0)
2. checking constant_clock (0)
3. checking pulse_width_clock (0)
4. checking unconstrained_internal_endpoints (0)
5. checking no_input_delay (10)
6. checking no_output_delay (24)
7. checking multiple_clock (0)
8. checking generated_clocks (0)
9. checking loops (0)
10. checking partial_input_delay (0)
11. checking partial_output_delay (0)
12. checking latch_loops (0)

1. checking no_clock (0)
------------------------
 There are 0 register/latch pins with no clock.


2. checking constant_clock (0)
------------------------------
 There are 0 register/latch pins with constant_clock.


3. checking pulse_width_clock (0)
---------------------------------
 There are 0 register/latch pins which need pulse_width check


4. checking unconstrained_internal_endpoints (0)
------------------------------------------------
 There are 0 pins that are not constrained for maximum delay.

 There are 0 pins that are not constrained for maximum delay due to constant clock.


5. checking no_input_delay (10)
-------------------------------
 There are 10 input ports with no input delay specified. (HIGH)

 There are 0 input ports with no input delay but user has a false path constraint.


6. checking no_output_delay (24)
--------------------------------
 There are 24 ports with no output delay specified. (HIGH)

 There are 0 ports with no output delay but user has a false path constraint

 There are 0 ports with no output delay but with a timing clock defined on it or propagating through it


7. checking multiple_clock (0)
------------------------------
 There are 0 register/latch pins with multiple clocks.


8. checking generated_clocks (0)
--------------------------------
 There are 0 generated clocks that are not connected to a clock source.


9. checking loops (0)
---------------------
 There are 0 combinational loops in the design.


10. checking partial_input_delay (0)
------------------------------------
 There are 0 input ports with partial input delay specified.


11. checking partial_output_delay (0)
-------------------------------------
 There are 0 ports with partial output delay specified.


12. checking latch_loops (0)
----------------------------
 There are 0 combinational latch loops in the design through latch input



------------------------------------------------------------------------------------------------
| Design Timing Summary
| ---------------------
------------------------------------------------------------------------------------------------

    WNS(ns)      TNS(ns)  TNS Failing Endpoints  TNS Total Endpoints      WHS(ns)      THS(ns)  THS Failing Endpoints  THS Total Endpoints     WPWS(ns)     TPWS(ns)  TPWS Failing Endpoints  TPWS Total Endpoints  
    -------      -------  ---------------------  -------------------      -------      -------  ---------------------  -------------------     --------     --------  ----------------------  --------------------  
     -0.728       -9.990                     23                 2785       -0.109       -0.620                     38                 2785        1.725        0.000                       0                  2786  


Timing constraints are not met.


------------------------------------------------------------------------------------------------
| Clock Summary
| -------------
------------------------------------------------------------------------------------------------

Clock          Waveform(ns)         Period(ns)      Frequency(MHz)
-----          ------------         ----------      --------------
virtual_clock  {0.000 2.000}        4.000           250.000         


------------------------------------------------------------------------------------------------
| Intra Clock Table
| -----------------
------------------------------------------------------------------------------------------------

Clock              WNS(ns)      TNS(ns)  TNS Failing Endpoints  TNS Total Endpoints      WHS(ns)      THS(ns)  THS Failing Endpoints  THS Total Endpoints     WPWS(ns)     TPWS(ns)  TPWS Failing Endpoints  TPWS Total Endpoints  
-----              -------      -------  ---------------------  -------------------      -------      -------  ---------------------  -------------------     --------     --------  ----------------------  --------------------  
virtual_clock       -0.728       -9.990                     23                 2785       -0.109       -0.620                     38                 2785        1.725        0.000                       0                  2786  


------------------------------------------------------------------------------------------------
| Inter Clock Table
| -----------------
------------------------------------------------------------------------------------------------

From Clock    To Clock          WNS(ns)      TNS(ns)  TNS Failing Endpoints  TNS Total Endpoints      WHS(ns)      THS(ns)  THS Failing Endpoints  THS Total Endpoints  
----------    --------          -------      -------  ---------------------  -------------------      -------      -------  ---------------------  -------------------  


------------------------------------------------------------------------------------------------
| Other Path Groups Table
| -----------------------
------------------------------------------------------------------------------------------------

Path Group    From Clock    To Clock          WNS(ns)      TNS(ns)  TNS Failing Endpoints  TNS Total Endpoints      WHS(ns)      THS(ns)  THS Failing Endpoints  THS Total Endpoints  
----------    ----------    --------          -------      -------  ---------------------  -------------------      -------      -------  ---------------------  -------------------  


------------------------------------------------------------------------------------------------
| Timing Details
| --------------
------------------------------------------------------------------------------------------------


---------------------------------------------------------------------------------------------------
From Clock:  virtual_clock
  To Clock:  virtual_clock

Setup :           23  Failing Endpoints,  Worst Slack       -0.728ns,  Total Violation       -9.990ns
Hold  :           38  Failing Endpoints,  Worst Slack       -0.109ns,  Total Violation       -0.620ns
PW    :            0  Failing Endpoints,  Worst Slack        1.725ns,  Total Violation        0.000ns
---------------------------------------------------------------------------------------------------


Max Delay Paths
--------------------------------------------------------------------------------------
Slack (VIOLATED) :        -0.728ns  (required time - arrival time)
  Source:                 demux/sel_reg[7]/C
                            (rising edge-triggered cell FDSE clocked by virtual_clock  {rise@0.000ns fall@2.000ns period=4.000ns})
  Destination:            demux/sel_reg[1]/D
                            (rising edge-triggered cell FDRE clocked by virtual_clock  {rise@0.000ns fall@2.000ns period=4.000ns})
  Path Group:             virtual_clock
  Path Type:              Setup (Max at Slow Process Corner)
  Requirement:            4.000ns  (virtual_clock rise@4.000ns - virtual_clock rise@0.000ns)
  Data Path Delay:        4.614ns  (logic 1.699ns (36.823%)  route 2.915ns (63.177%))
  Logic Levels:           17  (CARRY8=9 LUT2=2 LUT3=2 LUT4=2 LUT5=1 LUT6=1)
  Clock Path Skew:        -0.104ns (DCD - SCD + CPR)
    Destination Clock Delay (DCD):    1.756ns = ( 5.756 - 4.000 ) 
    Source Clock Delay      (SCD):    2.237ns
    Clock Pessimism Removal (CPR):    0.377ns
  Clock Uncertainty:      0.035ns  ((TSJ^2 + TIJ^2)^1/2 + DJ) / 2 + PE
    Total System Jitter     (TSJ):    0.071ns
    Total Input Jitter      (TIJ):    0.000ns
    Discrete Jitter          (DJ):    0.000ns
    Phase Error              (PE):    0.000ns
  Clock Net Delay (Source):      1.276ns (routing 0.210ns, distribution 1.066ns)
  Clock Net Delay (Destination): 1.086ns (routing 0.190ns, distribution 0.896ns)

    Location             Delay type                Incr(ns)  Path(ns)    Netlist Resource(s)
  -------------------------------------------------------------------    -------------------
                         (clock virtual_clock rise edge)
                                                      0.000     0.000 r  
    AR14                                              0.000     0.000 r  clk (IN)
                         net (fo=0)                   0.000     0.000    clk_IBUF_inst/I
    AR14                 INBUF (Prop_INBUF_HPIOB_M_PAD_O)
                                                      0.610     0.610 r  clk_IBUF_inst/INBUF_INST/O
                         net (fo=1, routed)           0.000     0.610    clk_IBUF_inst/OUT
    AR14                 IBUFCTRL (Prop_IBUFCTRL_HPIOB_M_I_O)
                                                      0.000     0.610 r  clk_IBUF_inst/IBUFCTRL_INST/O
                         net (fo=1, estimated)        0.323     0.933    clk_IBUF
    BUFGCE_X1Y212        BUFGCE (Prop_BUFCE_BUFGCE_I_O)
                                                      0.028     0.961 r  clk_IBUF_BUFG_inst/O
    X4Y8 (CLOCK_ROOT)    net (fo=2785, estimated)     1.276     2.237    demux/CLK
    SLICE_X125Y490       FDSE                                         r  demux/sel_reg[7]/C
  -------------------------------------------------------------------    -------------------
    SLICE_X125Y490       FDSE (Prop_HFF2_SLICEM_C_Q)
                                                      0.078     2.315 r  demux/sel_reg[7]/Q
                         net (fo=145, estimated)      0.393     2.708    demux/sel[7]
    SLICE_X126Y490       CARRY8 (Prop_CARRY8_SLICEL_S[6]_O[7])
                                                      0.081     2.789 f  demux/sel_reg[8]_i_6/O[7]
                         net (fo=40, estimated)       0.320     3.109    demux/sel_reg[0]_0[7]
    SLICE_X128Y490       LUT3 (Prop_G5LUT_SLICEL_I0_O)
                                                      0.111     3.220 f  demux/sel[8]_i_224/O
                         net (fo=1, estimated)        0.139     3.359    demux/sel[8]_i_224_n_0
    SLICE_X128Y491       CARRY8 (Prop_CARRY8_SLICEL_DI[5]_CO[7])
                                                      0.083     3.442 f  demux/sel_reg[8]_i_196/CO[7]
                         net (fo=1, estimated)        0.026     3.468    demux/sel_reg[8]_i_196_n_0
    SLICE_X128Y492       CARRY8 (Prop_CARRY8_SLICEL_CI_CO[5])
                                                      0.077     3.545 f  demux/sel_reg[8]_i_171/CO[5]
                         net (fo=41, estimated)       0.289     3.834    demux_n_10
    SLICE_X127Y493       LUT2 (Prop_B5LUT_SLICEM_I0_O)
                                                      0.116     3.950 r  sel[8]_i_101/O
                         net (fo=17, estimated)       0.175     4.125    sel[8]_i_101_n_0
    SLICE_X127Y491       LUT4 (Prop_C6LUT_SLICEM_I3_O)
                                                      0.051     4.176 r  sel[8]_i_147/O
                         net (fo=1, routed)           0.021     4.197    demux/sel[8]_i_73_0[1]
    SLICE_X127Y491       CARRY8 (Prop_CARRY8_SLICEM_S[2]_CO[7])
                                                      0.161     4.358 r  demux/sel_reg[8]_i_81/CO[7]
                         net (fo=1, estimated)        0.026     4.384    demux/sel_reg[8]_i_81_n_0
    SLICE_X127Y492       CARRY8 (Prop_CARRY8_SLICEM_CI_O[1])
                                                      0.076     4.460 r  demux/sel_reg[8]_i_77/O[1]
                         net (fo=2, estimated)        0.304     4.764    demux_n_89
    SLICE_X125Y492       LUT3 (Prop_E5LUT_SLICEM_I1_O)
                                                      0.102     4.866 r  sel[8]_i_32/O
                         net (fo=2, estimated)        0.160     5.026    sel[8]_i_32_n_0
    SLICE_X125Y492       LUT4 (Prop_F6LUT_SLICEM_I3_O)
                                                      0.051     5.077 r  sel[8]_i_40/O
                         net (fo=1, routed)           0.022     5.099    demux/sel[8]_i_25_0[5]
    SLICE_X125Y492       CARRY8 (Prop_CARRY8_SLICEM_S[5]_CO[7])
                                                      0.159     5.258 r  demux/sel_reg[8]_i_19/CO[7]
                         net (fo=1, estimated)        0.026     5.284    demux/sel_reg[8]_i_19_n_0
    SLICE_X125Y493       CARRY8 (Prop_CARRY8_SLICEM_CI_O[0])
                                                      0.056     5.340 r  demux/sel_reg[8]_i_22/O[0]
                         net (fo=4, estimated)        0.378     5.718    demux_n_104
    SLICE_X124Y491       CARRY8 (Prop_CARRY8_SLICEL_S[0]_O[5])
                                                      0.238     5.956 r  sel_reg[8]_i_18/O[5]
                         net (fo=1, estimated)        0.225     6.181    sel_reg[8]_i_18_n_10
    SLICE_X123Y492       LUT2 (Prop_A6LUT_SLICEM_I1_O)
                                                      0.038     6.219 r  sel[8]_i_17/O
                         net (fo=1, routed)           0.013     6.232    demux/sel_reg[5]_1[0]
    SLICE_X123Y492       CARRY8 (Prop_CARRY8_SLICEM_S[0]_O[1])
                                                      0.096     6.328 r  demux/sel_reg[8]_i_5/O[1]
                         net (fo=10, estimated)       0.219     6.547    demux/sel_reg[8]_i_5_n_14
    SLICE_X123Y490       LUT5 (Prop_C6LUT_SLICEM_I4_O)
                                                      0.037     6.584 r  demux/sel[3]_i_2/O
                         net (fo=4, estimated)        0.107     6.691    demux/sel[3]_i_2_n_0
    SLICE_X123Y490       LUT6 (Prop_D6LUT_SLICEM_I0_O)
                                                      0.088     6.779 r  demux/sel[1]_i_1/O
                         net (fo=1, routed)           0.072     6.851    demux/sel20_in[1]
    SLICE_X123Y490       FDRE                                         r  demux/sel_reg[1]/D
  -------------------------------------------------------------------    -------------------

                         (clock virtual_clock rise edge)
                                                      4.000     4.000 r  
    AR14                                              0.000     4.000 r  clk (IN)
                         net (fo=0)                   0.000     4.000    clk_IBUF_inst/I
    AR14                 INBUF (Prop_INBUF_HPIOB_M_PAD_O)
                                                      0.359     4.359 r  clk_IBUF_inst/INBUF_INST/O
                         net (fo=1, routed)           0.000     4.359    clk_IBUF_inst/OUT
    AR14                 IBUFCTRL (Prop_IBUFCTRL_HPIOB_M_I_O)
                                                      0.000     4.359 r  clk_IBUF_inst/IBUFCTRL_INST/O
                         net (fo=1, estimated)        0.287     4.646    clk_IBUF
    BUFGCE_X1Y212        BUFGCE (Prop_BUFCE_BUFGCE_I_O)
                                                      0.024     4.670 r  clk_IBUF_BUFG_inst/O
    X4Y8 (CLOCK_ROOT)    net (fo=2785, estimated)     1.086     5.756    demux/CLK
    SLICE_X123Y490       FDRE                                         r  demux/sel_reg[1]/C
                         clock pessimism              0.377     6.134    
                         clock uncertainty           -0.035     6.098    
    SLICE_X123Y490       FDRE (Setup_DFF_SLICEM_C_D)
                                                      0.025     6.123    demux/sel_reg[1]
  -------------------------------------------------------------------
                         required time                          6.123    
                         arrival time                          -6.851    
  -------------------------------------------------------------------
                         slack                                 -0.728    





Min Delay Paths
--------------------------------------------------------------------------------------
Slack (VIOLATED) :        -0.109ns  (arrival time - required time)
  Source:                 demux/genblk1[363].z_reg[363][7]/C
                            (rising edge-triggered cell FDRE clocked by virtual_clock  {rise@0.000ns fall@2.000ns period=4.000ns})
  Destination:            genblk1[363].reg_in/reg_out_reg[7]/D
                            (rising edge-triggered cell FDRE clocked by virtual_clock  {rise@0.000ns fall@2.000ns period=4.000ns})
  Path Group:             virtual_clock
  Path Type:              Hold (Min at Slow Process Corner)
  Requirement:            0.000ns  (virtual_clock rise@0.000ns - virtual_clock rise@0.000ns)
  Data Path Delay:        0.131ns  (logic 0.060ns (45.801%)  route 0.071ns (54.198%))
  Logic Levels:           0  
  Clock Path Skew:        0.178ns (DCD - SCD - CPR)
    Destination Clock Delay (DCD):    2.240ns
    Source Clock Delay      (SCD):    1.751ns
    Clock Pessimism Removal (CPR):    0.311ns
  Clock Net Delay (Source):      1.081ns (routing 0.190ns, distribution 0.891ns)
  Clock Net Delay (Destination): 1.279ns (routing 0.210ns, distribution 1.069ns)

    Location             Delay type                Incr(ns)  Path(ns)    Netlist Resource(s)
  -------------------------------------------------------------------    -------------------
                         (clock virtual_clock rise edge)
                                                      0.000     0.000 r  
    AR14                                              0.000     0.000 r  clk (IN)
                         net (fo=0)                   0.000     0.000    clk_IBUF_inst/I
    AR14                 INBUF (Prop_INBUF_HPIOB_M_PAD_O)
                                                      0.359     0.359 r  clk_IBUF_inst/INBUF_INST/O
                         net (fo=1, routed)           0.000     0.359    clk_IBUF_inst/OUT
    AR14                 IBUFCTRL (Prop_IBUFCTRL_HPIOB_M_I_O)
                                                      0.000     0.359 r  clk_IBUF_inst/IBUFCTRL_INST/O
                         net (fo=1, estimated)        0.287     0.646    clk_IBUF
    BUFGCE_X1Y212        BUFGCE (Prop_BUFCE_BUFGCE_I_O)
                                                      0.024     0.670 r  clk_IBUF_BUFG_inst/O
    X4Y8 (CLOCK_ROOT)    net (fo=2785, estimated)     1.081     1.751    demux/CLK
    SLICE_X124Y480       FDRE                                         r  demux/genblk1[363].z_reg[363][7]/C
  -------------------------------------------------------------------    -------------------
    SLICE_X124Y480       FDRE (Prop_AFF2_SLICEL_C_Q)
                                                      0.060     1.811 r  demux/genblk1[363].z_reg[363][7]/Q
                         net (fo=1, estimated)        0.071     1.882    genblk1[363].reg_in/D[7]
    SLICE_X124Y479       FDRE                                         r  genblk1[363].reg_in/reg_out_reg[7]/D
  -------------------------------------------------------------------    -------------------

                         (clock virtual_clock rise edge)
                                                      0.000     0.000 r  
    AR14                                              0.000     0.000 r  clk (IN)
                         net (fo=0)                   0.000     0.000    clk_IBUF_inst/I
    AR14                 INBUF (Prop_INBUF_HPIOB_M_PAD_O)
                                                      0.610     0.610 r  clk_IBUF_inst/INBUF_INST/O
                         net (fo=1, routed)           0.000     0.610    clk_IBUF_inst/OUT
    AR14                 IBUFCTRL (Prop_IBUFCTRL_HPIOB_M_I_O)
                                                      0.000     0.610 r  clk_IBUF_inst/IBUFCTRL_INST/O
                         net (fo=1, estimated)        0.323     0.933    clk_IBUF
    BUFGCE_X1Y212        BUFGCE (Prop_BUFCE_BUFGCE_I_O)
                                                      0.028     0.961 r  clk_IBUF_BUFG_inst/O
    X4Y8 (CLOCK_ROOT)    net (fo=2785, estimated)     1.279     2.240    genblk1[363].reg_in/CLK
    SLICE_X124Y479       FDRE                                         r  genblk1[363].reg_in/reg_out_reg[7]/C
                         clock pessimism             -0.311     1.929    
    SLICE_X124Y479       FDRE (Hold_EFF2_SLICEL_C_D)
                                                      0.062     1.991    genblk1[363].reg_in/reg_out_reg[7]
  -------------------------------------------------------------------
                         required time                         -1.991    
                         arrival time                           1.882    
  -------------------------------------------------------------------
                         slack                                 -0.109    





Pulse Width Checks
--------------------------------------------------------------------------------------
Clock Name:         virtual_clock
Waveform(ns):       { 0.000 2.000 }
Period(ns):         4.000
Sources:            { clk }

Check Type        Corner  Lib Pin   Reference Pin  Required(ns)  Actual(ns)  Slack(ns)  Location        Pin
Min Period        n/a     BUFGCE/I  n/a            1.290         4.000       2.710      BUFGCE_X1Y212   clk_IBUF_BUFG_inst/I
Low Pulse Width   Slow    FDRE/C    n/a            0.275         2.000       1.725      SLICE_X121Y492  genblk1[303].reg_in/reg_out_reg[3]/C
High Pulse Width  Fast    FDRE/C    n/a            0.275         2.000       1.725      SLICE_X131Y488  demux/genblk1[346].z_reg[346][1]/C



