Copyright 1986-2020 Xilinx, Inc. All Rights Reserved.
-------------------------------------------------------------------------------------------------------
| Tool Version      : Vivado v.2020.1 (lin64) Build 2902540 Wed May 27 19:54:35 MDT 2020
| Date              : Tue Mar 15 07:41:03 2022
| Host              : lepus running 64-bit CentOS Linux release 7.9.2009 (Core)
| Command           : report_timing_summary -file ./output/fc1_84/report/timing-summary-post-place.rpt
| Design            : top
| Device            : xcvu9p-flga2104
| Speed File        : -2L  PRODUCTION 1.27 02-28-2020
| Temperature Grade : E
-------------------------------------------------------------------------------------------------------

Timing Summary Report

------------------------------------------------------------------------------------------------
| Timer Settings
| --------------
------------------------------------------------------------------------------------------------

  Enable Multi Corner Analysis               :  Yes
  Enable Pessimism Removal                   :  Yes
  Pessimism Removal Resolution               :  Nearest Common Node
  Enable Input Delay Default Clock           :  No
  Enable Preset / Clear Arcs                 :  No
  Disable Flight Delays                      :  No
  Ignore I/O Paths                           :  No
  Timing Early Launch at Borrowing Latches   :  No
  Borrow Time for Max Delay Exceptions       :  Yes
  Merge Timing Exceptions                    :  Yes

  Corner  Analyze    Analyze    
  Name    Max Paths  Min Paths  
  ------  ---------  ---------  
  Slow    Yes        Yes        
  Fast    Yes        Yes        



check_timing report

Table of Contents
-----------------
1. checking no_clock (0)
2. checking constant_clock (0)
3. checking pulse_width_clock (0)
4. checking unconstrained_internal_endpoints (0)
5. checking no_input_delay (10)
6. checking no_output_delay (22)
7. checking multiple_clock (0)
8. checking generated_clocks (0)
9. checking loops (0)
10. checking partial_input_delay (0)
11. checking partial_output_delay (0)
12. checking latch_loops (0)

1. checking no_clock (0)
------------------------
 There are 0 register/latch pins with no clock.


2. checking constant_clock (0)
------------------------------
 There are 0 register/latch pins with constant_clock.


3. checking pulse_width_clock (0)
---------------------------------
 There are 0 register/latch pins which need pulse_width check


4. checking unconstrained_internal_endpoints (0)
------------------------------------------------
 There are 0 pins that are not constrained for maximum delay.

 There are 0 pins that are not constrained for maximum delay due to constant clock.


5. checking no_input_delay (10)
-------------------------------
 There are 10 input ports with no input delay specified. (HIGH)

 There are 0 input ports with no input delay but user has a false path constraint.


6. checking no_output_delay (22)
--------------------------------
 There are 22 ports with no output delay specified. (HIGH)

 There are 0 ports with no output delay but user has a false path constraint

 There are 0 ports with no output delay but with a timing clock defined on it or propagating through it


7. checking multiple_clock (0)
------------------------------
 There are 0 register/latch pins with multiple clocks.


8. checking generated_clocks (0)
--------------------------------
 There are 0 generated clocks that are not connected to a clock source.


9. checking loops (0)
---------------------
 There are 0 combinational loops in the design.


10. checking partial_input_delay (0)
------------------------------------
 There are 0 input ports with partial input delay specified.


11. checking partial_output_delay (0)
-------------------------------------
 There are 0 ports with partial output delay specified.


12. checking latch_loops (0)
----------------------------
 There are 0 combinational latch loops in the design through latch input



------------------------------------------------------------------------------------------------
| Design Timing Summary
| ---------------------
------------------------------------------------------------------------------------------------

    WNS(ns)      TNS(ns)  TNS Failing Endpoints  TNS Total Endpoints      WHS(ns)      THS(ns)  THS Failing Endpoints  THS Total Endpoints     WPWS(ns)     TPWS(ns)  TPWS Failing Endpoints  TPWS Total Endpoints  
    -------      -------  ---------------------  -------------------      -------      -------  ---------------------  -------------------     --------     --------  ----------------------  --------------------  
     -0.262       -2.182                     14                 1407       -0.075       -0.615                     22                 1407        1.725        0.000                       0                  1408  


Timing constraints are not met.


------------------------------------------------------------------------------------------------
| Clock Summary
| -------------
------------------------------------------------------------------------------------------------

Clock          Waveform(ns)         Period(ns)      Frequency(MHz)
-----          ------------         ----------      --------------
virtual_clock  {0.000 2.000}        4.000           250.000         


------------------------------------------------------------------------------------------------
| Intra Clock Table
| -----------------
------------------------------------------------------------------------------------------------

Clock              WNS(ns)      TNS(ns)  TNS Failing Endpoints  TNS Total Endpoints      WHS(ns)      THS(ns)  THS Failing Endpoints  THS Total Endpoints     WPWS(ns)     TPWS(ns)  TPWS Failing Endpoints  TPWS Total Endpoints  
-----              -------      -------  ---------------------  -------------------      -------      -------  ---------------------  -------------------     --------     --------  ----------------------  --------------------  
virtual_clock       -0.262       -2.182                     14                 1407       -0.075       -0.615                     22                 1407        1.725        0.000                       0                  1408  


------------------------------------------------------------------------------------------------
| Inter Clock Table
| -----------------
------------------------------------------------------------------------------------------------

From Clock    To Clock          WNS(ns)      TNS(ns)  TNS Failing Endpoints  TNS Total Endpoints      WHS(ns)      THS(ns)  THS Failing Endpoints  THS Total Endpoints  
----------    --------          -------      -------  ---------------------  -------------------      -------      -------  ---------------------  -------------------  


------------------------------------------------------------------------------------------------
| Other Path Groups Table
| -----------------------
------------------------------------------------------------------------------------------------

Path Group    From Clock    To Clock          WNS(ns)      TNS(ns)  TNS Failing Endpoints  TNS Total Endpoints      WHS(ns)      THS(ns)  THS Failing Endpoints  THS Total Endpoints  
----------    ----------    --------          -------      -------  ---------------------  -------------------      -------      -------  ---------------------  -------------------  


------------------------------------------------------------------------------------------------
| Timing Details
| --------------
------------------------------------------------------------------------------------------------


---------------------------------------------------------------------------------------------------
From Clock:  virtual_clock
  To Clock:  virtual_clock

Setup :           14  Failing Endpoints,  Worst Slack       -0.262ns,  Total Violation       -2.182ns
Hold  :           22  Failing Endpoints,  Worst Slack       -0.075ns,  Total Violation       -0.615ns
PW    :            0  Failing Endpoints,  Worst Slack        1.725ns,  Total Violation        0.000ns
---------------------------------------------------------------------------------------------------


Max Delay Paths
--------------------------------------------------------------------------------------
Slack (VIOLATED) :        -0.262ns  (required time - arrival time)
  Source:                 demux/sel_reg[4]/C
                            (rising edge-triggered cell FDSE clocked by virtual_clock  {rise@0.000ns fall@2.000ns period=4.000ns})
  Destination:            demux/sel_reg[1]/D
                            (rising edge-triggered cell FDRE clocked by virtual_clock  {rise@0.000ns fall@2.000ns period=4.000ns})
  Path Group:             virtual_clock
  Path Type:              Setup (Max at Slow Process Corner)
  Requirement:            4.000ns  (virtual_clock rise@4.000ns - virtual_clock rise@0.000ns)
  Data Path Delay:        4.139ns  (logic 1.734ns (41.894%)  route 2.405ns (58.106%))
  Logic Levels:           18  (CARRY8=9 LUT2=2 LUT3=2 LUT4=2 LUT5=1 LUT6=2)
  Clock Path Skew:        -0.112ns (DCD - SCD + CPR)
    Destination Clock Delay (DCD):    2.284ns = ( 6.284 - 4.000 ) 
    Source Clock Delay      (SCD):    2.827ns
    Clock Pessimism Removal (CPR):    0.431ns
  Clock Uncertainty:      0.035ns  ((TSJ^2 + TIJ^2)^1/2 + DJ) / 2 + PE
    Total System Jitter     (TSJ):    0.071ns
    Total Input Jitter      (TIJ):    0.000ns
    Discrete Jitter          (DJ):    0.000ns
    Phase Error              (PE):    0.000ns
  Clock Net Delay (Source):      1.881ns (routing 1.005ns, distribution 0.876ns)
  Clock Net Delay (Destination): 1.628ns (routing 0.914ns, distribution 0.714ns)

    Location             Delay type                Incr(ns)  Path(ns)    Netlist Resource(s)
  -------------------------------------------------------------------    -------------------
                         (clock virtual_clock rise edge)
                                                      0.000     0.000 r  
    AP13                                              0.000     0.000 r  clk (IN)
                         net (fo=0)                   0.000     0.000    clk_IBUF_inst/I
    AP13                 INBUF (Prop_INBUF_HPIOB_M_PAD_O)
                                                      0.595     0.595 r  clk_IBUF_inst/INBUF_INST/O
                         net (fo=1, routed)           0.000     0.595    clk_IBUF_inst/OUT
    AP13                 IBUFCTRL (Prop_IBUFCTRL_HPIOB_M_I_O)
                                                      0.000     0.595 r  clk_IBUF_inst/IBUFCTRL_INST/O
                         net (fo=1, estimated)        0.323     0.918    clk_IBUF
    BUFGCE_X1Y194        BUFGCE (Prop_BUFCE_BUFGCE_I_O)
                                                      0.028     0.946 r  clk_IBUF_BUFG_inst/O
    X3Y7 (CLOCK_ROOT)    net (fo=1407, estimated)     1.881     2.827    demux/CLK
    SLICE_X99Y498        FDSE                                         r  demux/sel_reg[4]/C
  -------------------------------------------------------------------    -------------------
    SLICE_X99Y498        FDSE (Prop_BFF_SLICEM_C_Q)
                                                      0.078     2.905 r  demux/sel_reg[4]/Q
                         net (fo=59, estimated)       0.256     3.161    demux/sel[4]
    SLICE_X97Y498        CARRY8 (Prop_CARRY8_SLICEM_S[3]_O[4])
                                                      0.149     3.310 r  demux/sel_reg[8]_i_6/O[4]
                         net (fo=36, estimated)       0.332     3.642    p_1_in[5]
    SLICE_X96Y495        LUT6 (Prop_G6LUT_SLICEL_I0_O)
                                                      0.149     3.791 r  sel[8]_i_245/O
                         net (fo=1, routed)           0.008     3.799    demux/sel[8]_i_201[2]
    SLICE_X96Y495        CARRY8 (Prop_CARRY8_SLICEL_S[6]_CO[7])
                                                      0.115     3.914 f  demux/sel_reg[8]_i_213/CO[7]
                         net (fo=1, estimated)        0.026     3.940    demux/sel_reg[8]_i_213_n_0
    SLICE_X96Y496        CARRY8 (Prop_CARRY8_SLICEL_CI_CO[5])
                                                      0.077     4.017 f  demux/sel_reg[8]_i_195/CO[5]
                         net (fo=30, estimated)       0.289     4.306    demux_n_9
    SLICE_X98Y496        LUT3 (Prop_F6LUT_SLICEL_I1_O)
                                                      0.049     4.355 r  sel[8]_i_137/O
                         net (fo=2, estimated)        0.183     4.538    sel[8]_i_137_n_0
    SLICE_X97Y493        LUT4 (Prop_F6LUT_SLICEM_I3_O)
                                                      0.037     4.575 r  sel[8]_i_144/O
                         net (fo=1, routed)           0.022     4.597    demux/sel[8]_i_73_0[4]
    SLICE_X97Y493        CARRY8 (Prop_CARRY8_SLICEM_S[5]_CO[7])
                                                      0.159     4.756 r  demux/sel_reg[8]_i_81/CO[7]
                         net (fo=1, estimated)        0.026     4.782    demux/sel_reg[8]_i_81_n_0
    SLICE_X97Y494        CARRY8 (Prop_CARRY8_SLICEM_CI_O[1])
                                                      0.076     4.858 r  demux/sel_reg[8]_i_77/O[1]
                         net (fo=2, estimated)        0.250     5.108    demux_n_89
    SLICE_X99Y495        LUT3 (Prop_C6LUT_SLICEM_I1_O)
                                                      0.037     5.145 r  sel[8]_i_32/O
                         net (fo=2, estimated)        0.085     5.230    sel[8]_i_32_n_0
    SLICE_X98Y494        LUT4 (Prop_F6LUT_SLICEL_I3_O)
                                                      0.049     5.279 r  sel[8]_i_40/O
                         net (fo=1, routed)           0.011     5.290    demux/sel[8]_i_25_0[5]
    SLICE_X98Y494        CARRY8 (Prop_CARRY8_SLICEL_S[5]_CO[7])
                                                      0.155     5.445 r  demux/sel_reg[8]_i_19/CO[7]
                         net (fo=1, estimated)        0.026     5.471    demux/sel_reg[8]_i_19_n_0
    SLICE_X98Y495        CARRY8 (Prop_CARRY8_SLICEL_CI_O[1])
                                                      0.076     5.547 r  demux/sel_reg[8]_i_22/O[1]
                         net (fo=4, estimated)        0.279     5.826    demux_n_103
    SLICE_X99Y497        LUT2 (Prop_B6LUT_SLICEM_I0_O)
                                                      0.037     5.863 r  sel[8]_i_28/O
                         net (fo=1, routed)           0.016     5.879    sel[8]_i_28_n_0
    SLICE_X99Y497        CARRY8 (Prop_CARRY8_SLICEM_S[1]_O[5])
                                                      0.237     6.116 r  sel_reg[8]_i_18/O[5]
                         net (fo=1, estimated)        0.229     6.345    sel_reg[8]_i_18_n_10
    SLICE_X98Y498        LUT2 (Prop_A6LUT_SLICEL_I1_O)
                                                      0.035     6.380 r  sel[8]_i_17/O
                         net (fo=1, routed)           0.009     6.389    demux/sel_reg[5]_1[0]
    SLICE_X98Y498        CARRY8 (Prop_CARRY8_SLICEL_S[0]_O[1])
                                                      0.094     6.483 r  demux/sel_reg[8]_i_5/O[1]
                         net (fo=10, estimated)       0.204     6.687    demux/sel_reg[8]_i_5_n_14
    SLICE_X98Y499        LUT5 (Prop_G6LUT_SLICEL_I4_O)
                                                      0.035     6.722 r  demux/sel[3]_i_2/O
                         net (fo=4, estimated)        0.105     6.827    demux/sel[3]_i_2_n_0
    SLICE_X98Y499        LUT6 (Prop_B6LUT_SLICEL_I0_O)
                                                      0.090     6.917 r  demux/sel[1]_i_1/O
                         net (fo=1, routed)           0.049     6.966    demux/sel20_in[1]
    SLICE_X98Y499        FDRE                                         r  demux/sel_reg[1]/D
  -------------------------------------------------------------------    -------------------

                         (clock virtual_clock rise edge)
                                                      4.000     4.000 r  
    AP13                                              0.000     4.000 r  clk (IN)
                         net (fo=0)                   0.000     4.000    clk_IBUF_inst/I
    AP13                 INBUF (Prop_INBUF_HPIOB_M_PAD_O)
                                                      0.345     4.345 r  clk_IBUF_inst/INBUF_INST/O
                         net (fo=1, routed)           0.000     4.345    clk_IBUF_inst/OUT
    AP13                 IBUFCTRL (Prop_IBUFCTRL_HPIOB_M_I_O)
                                                      0.000     4.345 r  clk_IBUF_inst/IBUFCTRL_INST/O
                         net (fo=1, estimated)        0.287     4.632    clk_IBUF
    BUFGCE_X1Y194        BUFGCE (Prop_BUFCE_BUFGCE_I_O)
                                                      0.024     4.656 r  clk_IBUF_BUFG_inst/O
    X3Y7 (CLOCK_ROOT)    net (fo=1407, estimated)     1.628     6.284    demux/CLK
    SLICE_X98Y499        FDRE                                         r  demux/sel_reg[1]/C
                         clock pessimism              0.431     6.715    
                         clock uncertainty           -0.035     6.680    
    SLICE_X98Y499        FDRE (Setup_BFF_SLICEL_C_D)
                                                      0.025     6.705    demux/sel_reg[1]
  -------------------------------------------------------------------
                         required time                          6.705    
                         arrival time                          -6.966    
  -------------------------------------------------------------------
                         slack                                 -0.262    





Min Delay Paths
--------------------------------------------------------------------------------------
Slack (VIOLATED) :        -0.075ns  (arrival time - required time)
  Source:                 demux/genblk1[126].z_reg[126][3]/C
                            (rising edge-triggered cell FDRE clocked by virtual_clock  {rise@0.000ns fall@2.000ns period=4.000ns})
  Destination:            genblk1[126].reg_in/reg_out_reg[3]/D
                            (rising edge-triggered cell FDRE clocked by virtual_clock  {rise@0.000ns fall@2.000ns period=4.000ns})
  Path Group:             virtual_clock
  Path Type:              Hold (Min at Slow Process Corner)
  Requirement:            0.000ns  (virtual_clock rise@0.000ns - virtual_clock rise@0.000ns)
  Data Path Delay:        0.184ns  (logic 0.060ns (32.609%)  route 0.124ns (67.391%))
  Logic Levels:           0  
  Clock Path Skew:        0.199ns (DCD - SCD - CPR)
    Destination Clock Delay (DCD):    2.804ns
    Source Clock Delay      (SCD):    2.224ns
    Clock Pessimism Removal (CPR):    0.382ns
  Clock Net Delay (Source):      1.568ns (routing 0.914ns, distribution 0.654ns)
  Clock Net Delay (Destination): 1.858ns (routing 1.005ns, distribution 0.853ns)

    Location             Delay type                Incr(ns)  Path(ns)    Netlist Resource(s)
  -------------------------------------------------------------------    -------------------
                         (clock virtual_clock rise edge)
                                                      0.000     0.000 r  
    AP13                                              0.000     0.000 r  clk (IN)
                         net (fo=0)                   0.000     0.000    clk_IBUF_inst/I
    AP13                 INBUF (Prop_INBUF_HPIOB_M_PAD_O)
                                                      0.345     0.345 r  clk_IBUF_inst/INBUF_INST/O
                         net (fo=1, routed)           0.000     0.345    clk_IBUF_inst/OUT
    AP13                 IBUFCTRL (Prop_IBUFCTRL_HPIOB_M_I_O)
                                                      0.000     0.345 r  clk_IBUF_inst/IBUFCTRL_INST/O
                         net (fo=1, estimated)        0.287     0.632    clk_IBUF
    BUFGCE_X1Y194        BUFGCE (Prop_BUFCE_BUFGCE_I_O)
                                                      0.024     0.656 r  clk_IBUF_BUFG_inst/O
    X3Y7 (CLOCK_ROOT)    net (fo=1407, estimated)     1.568     2.224    demux/CLK
    SLICE_X93Y478        FDRE                                         r  demux/genblk1[126].z_reg[126][3]/C
  -------------------------------------------------------------------    -------------------
    SLICE_X93Y478        FDRE (Prop_BFF2_SLICEM_C_Q)
                                                      0.060     2.284 r  demux/genblk1[126].z_reg[126][3]/Q
                         net (fo=1, estimated)        0.124     2.408    genblk1[126].reg_in/D[3]
    SLICE_X95Y480        FDRE                                         r  genblk1[126].reg_in/reg_out_reg[3]/D
  -------------------------------------------------------------------    -------------------

                         (clock virtual_clock rise edge)
                                                      0.000     0.000 r  
    AP13                                              0.000     0.000 r  clk (IN)
                         net (fo=0)                   0.000     0.000    clk_IBUF_inst/I
    AP13                 INBUF (Prop_INBUF_HPIOB_M_PAD_O)
                                                      0.595     0.595 r  clk_IBUF_inst/INBUF_INST/O
                         net (fo=1, routed)           0.000     0.595    clk_IBUF_inst/OUT
    AP13                 IBUFCTRL (Prop_IBUFCTRL_HPIOB_M_I_O)
                                                      0.000     0.595 r  clk_IBUF_inst/IBUFCTRL_INST/O
                         net (fo=1, estimated)        0.323     0.918    clk_IBUF
    BUFGCE_X1Y194        BUFGCE (Prop_BUFCE_BUFGCE_I_O)
                                                      0.028     0.946 r  clk_IBUF_BUFG_inst/O
    X3Y7 (CLOCK_ROOT)    net (fo=1407, estimated)     1.858     2.804    genblk1[126].reg_in/CLK
    SLICE_X95Y480        FDRE                                         r  genblk1[126].reg_in/reg_out_reg[3]/C
                         clock pessimism             -0.382     2.422    
    SLICE_X95Y480        FDRE (Hold_HFF_SLICEM_C_D)
                                                      0.060     2.482    genblk1[126].reg_in/reg_out_reg[3]
  -------------------------------------------------------------------
                         required time                         -2.482    
                         arrival time                           2.408    
  -------------------------------------------------------------------
                         slack                                 -0.075    





Pulse Width Checks
--------------------------------------------------------------------------------------
Clock Name:         virtual_clock
Waveform(ns):       { 0.000 2.000 }
Period(ns):         4.000
Sources:            { clk }

Check Type        Corner  Lib Pin   Reference Pin  Required(ns)  Actual(ns)  Slack(ns)  Location        Pin
Min Period        n/a     BUFGCE/I  n/a            1.290         4.000       2.710      BUFGCE_X1Y194   clk_IBUF_BUFG_inst/I
Low Pulse Width   Slow    FDRE/C    n/a            0.275         2.000       1.725      SLICE_X105Y483  demux/genblk1[269].z_reg[269][2]/C
High Pulse Width  Fast    FDRE/C    n/a            0.275         2.000       1.725      SLICE_X104Y479  demux/genblk1[269].z_reg[269][3]/C



