Copyright 1986-2020 Xilinx, Inc. All Rights Reserved.
------------------------------------------------------------------------------------------------------
| Tool Version      : Vivado v.2020.1 (lin64) Build 2902540 Wed May 27 19:54:35 MDT 2020
| Date              : Tue Mar 15 17:24:02 2022
| Host              : lepus running 64-bit CentOS Linux release 7.9.2009 (Core)
| Command           : report_timing_summary -file ./output/fc2_8/report/timing-summary-post-place.rpt
| Design            : top
| Device            : xcvu9p-flga2104
| Speed File        : -2L  PRODUCTION 1.27 02-28-2020
| Temperature Grade : E
------------------------------------------------------------------------------------------------------

Timing Summary Report

------------------------------------------------------------------------------------------------
| Timer Settings
| --------------
------------------------------------------------------------------------------------------------

  Enable Multi Corner Analysis               :  Yes
  Enable Pessimism Removal                   :  Yes
  Pessimism Removal Resolution               :  Nearest Common Node
  Enable Input Delay Default Clock           :  No
  Enable Preset / Clear Arcs                 :  No
  Disable Flight Delays                      :  No
  Ignore I/O Paths                           :  No
  Timing Early Launch at Borrowing Latches   :  No
  Borrow Time for Max Delay Exceptions       :  Yes
  Merge Timing Exceptions                    :  Yes

  Corner  Analyze    Analyze    
  Name    Max Paths  Min Paths  
  ------  ---------  ---------  
  Slow    Yes        Yes        
  Fast    Yes        Yes        



check_timing report

Table of Contents
-----------------
1. checking no_clock (0)
2. checking constant_clock (0)
3. checking pulse_width_clock (0)
4. checking unconstrained_internal_endpoints (0)
5. checking no_input_delay (10)
6. checking no_output_delay (22)
7. checking multiple_clock (0)
8. checking generated_clocks (0)
9. checking loops (0)
10. checking partial_input_delay (0)
11. checking partial_output_delay (0)
12. checking latch_loops (0)

1. checking no_clock (0)
------------------------
 There are 0 register/latch pins with no clock.


2. checking constant_clock (0)
------------------------------
 There are 0 register/latch pins with constant_clock.


3. checking pulse_width_clock (0)
---------------------------------
 There are 0 register/latch pins which need pulse_width check


4. checking unconstrained_internal_endpoints (0)
------------------------------------------------
 There are 0 pins that are not constrained for maximum delay.

 There are 0 pins that are not constrained for maximum delay due to constant clock.


5. checking no_input_delay (10)
-------------------------------
 There are 10 input ports with no input delay specified. (HIGH)

 There are 0 input ports with no input delay but user has a false path constraint.


6. checking no_output_delay (22)
--------------------------------
 There are 22 ports with no output delay specified. (HIGH)

 There are 0 ports with no output delay but user has a false path constraint

 There are 0 ports with no output delay but with a timing clock defined on it or propagating through it


7. checking multiple_clock (0)
------------------------------
 There are 0 register/latch pins with multiple clocks.


8. checking generated_clocks (0)
--------------------------------
 There are 0 generated clocks that are not connected to a clock source.


9. checking loops (0)
---------------------
 There are 0 combinational loops in the design.


10. checking partial_input_delay (0)
------------------------------------
 There are 0 input ports with partial input delay specified.


11. checking partial_output_delay (0)
-------------------------------------
 There are 0 ports with partial output delay specified.


12. checking latch_loops (0)
----------------------------
 There are 0 combinational latch loops in the design through latch input



------------------------------------------------------------------------------------------------
| Design Timing Summary
| ---------------------
------------------------------------------------------------------------------------------------

    WNS(ns)      TNS(ns)  TNS Failing Endpoints  TNS Total Endpoints      WHS(ns)      THS(ns)  THS Failing Endpoints  THS Total Endpoints     WPWS(ns)     TPWS(ns)  TPWS Failing Endpoints  TPWS Total Endpoints  
    -------      -------  ---------------------  -------------------      -------      -------  ---------------------  -------------------     --------     --------  ----------------------  --------------------  
     -0.002       -0.002                      1                  942       -0.029       -0.211                     18                  942        1.725        0.000                       0                   943  


Timing constraints are not met.


------------------------------------------------------------------------------------------------
| Clock Summary
| -------------
------------------------------------------------------------------------------------------------

Clock          Waveform(ns)         Period(ns)      Frequency(MHz)
-----          ------------         ----------      --------------
virtual_clock  {0.000 2.000}        4.000           250.000         


------------------------------------------------------------------------------------------------
| Intra Clock Table
| -----------------
------------------------------------------------------------------------------------------------

Clock              WNS(ns)      TNS(ns)  TNS Failing Endpoints  TNS Total Endpoints      WHS(ns)      THS(ns)  THS Failing Endpoints  THS Total Endpoints     WPWS(ns)     TPWS(ns)  TPWS Failing Endpoints  TPWS Total Endpoints  
-----              -------      -------  ---------------------  -------------------      -------      -------  ---------------------  -------------------     --------     --------  ----------------------  --------------------  
virtual_clock       -0.002       -0.002                      1                  942       -0.029       -0.211                     18                  942        1.725        0.000                       0                   943  


------------------------------------------------------------------------------------------------
| Inter Clock Table
| -----------------
------------------------------------------------------------------------------------------------

From Clock    To Clock          WNS(ns)      TNS(ns)  TNS Failing Endpoints  TNS Total Endpoints      WHS(ns)      THS(ns)  THS Failing Endpoints  THS Total Endpoints  
----------    --------          -------      -------  ---------------------  -------------------      -------      -------  ---------------------  -------------------  


------------------------------------------------------------------------------------------------
| Other Path Groups Table
| -----------------------
------------------------------------------------------------------------------------------------

Path Group    From Clock    To Clock          WNS(ns)      TNS(ns)  TNS Failing Endpoints  TNS Total Endpoints      WHS(ns)      THS(ns)  THS Failing Endpoints  THS Total Endpoints  
----------    ----------    --------          -------      -------  ---------------------  -------------------      -------      -------  ---------------------  -------------------  


------------------------------------------------------------------------------------------------
| Timing Details
| --------------
------------------------------------------------------------------------------------------------


---------------------------------------------------------------------------------------------------
From Clock:  virtual_clock
  To Clock:  virtual_clock

Setup :            1  Failing Endpoint ,  Worst Slack       -0.002ns,  Total Violation       -0.002ns
Hold  :           18  Failing Endpoints,  Worst Slack       -0.029ns,  Total Violation       -0.211ns
PW    :            0  Failing Endpoints,  Worst Slack        1.725ns,  Total Violation        0.000ns
---------------------------------------------------------------------------------------------------


Max Delay Paths
--------------------------------------------------------------------------------------
Slack (VIOLATED) :        -0.002ns  (required time - arrival time)
  Source:                 demux/sel_reg[1]/C
                            (rising edge-triggered cell FDRE clocked by virtual_clock  {rise@0.000ns fall@2.000ns period=4.000ns})
  Destination:            demux/sel_reg[7]/D
                            (rising edge-triggered cell FDSE clocked by virtual_clock  {rise@0.000ns fall@2.000ns period=4.000ns})
  Path Group:             virtual_clock
  Path Type:              Setup (Max at Slow Process Corner)
  Requirement:            4.000ns  (virtual_clock rise@4.000ns - virtual_clock rise@0.000ns)
  Data Path Delay:        3.936ns  (logic 1.649ns (41.895%)  route 2.287ns (58.105%))
  Logic Levels:           15  (CARRY8=7 LUT1=1 LUT2=1 LUT3=2 LUT4=1 LUT5=1 LUT6=2)
  Clock Path Skew:        -0.056ns (DCD - SCD + CPR)
    Destination Clock Delay (DCD):    1.697ns = ( 5.697 - 4.000 ) 
    Source Clock Delay      (SCD):    2.167ns
    Clock Pessimism Removal (CPR):    0.414ns
  Clock Uncertainty:      0.035ns  ((TSJ^2 + TIJ^2)^1/2 + DJ) / 2 + PE
    Total System Jitter     (TSJ):    0.071ns
    Total Input Jitter      (TIJ):    0.000ns
    Discrete Jitter          (DJ):    0.000ns
    Phase Error              (PE):    0.000ns
  Clock Net Delay (Source):      1.206ns (routing 0.210ns, distribution 0.996ns)
  Clock Net Delay (Destination): 1.027ns (routing 0.190ns, distribution 0.837ns)

    Location             Delay type                Incr(ns)  Path(ns)    Netlist Resource(s)
  -------------------------------------------------------------------    -------------------
                         (clock virtual_clock rise edge)
                                                      0.000     0.000 r  
    AR14                                              0.000     0.000 r  clk (IN)
                         net (fo=0)                   0.000     0.000    clk_IBUF_inst/I
    AR14                 INBUF (Prop_INBUF_HPIOB_M_PAD_O)
                                                      0.610     0.610 r  clk_IBUF_inst/INBUF_INST/O
                         net (fo=1, routed)           0.000     0.610    clk_IBUF_inst/OUT
    AR14                 IBUFCTRL (Prop_IBUFCTRL_HPIOB_M_I_O)
                                                      0.000     0.610 r  clk_IBUF_inst/IBUFCTRL_INST/O
                         net (fo=1, estimated)        0.323     0.933    clk_IBUF
    BUFGCE_X1Y194        BUFGCE (Prop_BUFCE_BUFGCE_I_O)
                                                      0.028     0.961 r  clk_IBUF_BUFG_inst/O
    X4Y8 (CLOCK_ROOT)    net (fo=942, estimated)      1.206     2.167    demux/CLK
    SLICE_X114Y478       FDRE                                         r  demux/sel_reg[1]/C
  -------------------------------------------------------------------    -------------------
    SLICE_X114Y478       FDRE (Prop_CFF_SLICEL_C_Q)
                                                      0.079     2.246 r  demux/sel_reg[1]/Q
                         net (fo=17, estimated)       0.289     2.535    demux/sel[1]
    SLICE_X114Y472       CARRY8 (Prop_CARRY8_SLICEL_S[0]_O[5])
                                                      0.238     2.773 f  demux/sel_reg[7]_i_6/O[5]
                         net (fo=26, estimated)       0.291     3.064    demux/O[5]
    SLICE_X112Y473       LUT1 (Prop_B6LUT_SLICEL_I0_O)
                                                      0.036     3.100 r  demux/sel[7]_i_173/O
                         net (fo=1, routed)           0.009     3.109    demux/sel[7]_i_173_n_0
    SLICE_X112Y473       CARRY8 (Prop_CARRY8_SLICEL_S[1]_CO[4])
                                                      0.209     3.318 f  demux/sel_reg[7]_i_88/CO[4]
                         net (fo=41, estimated)       0.193     3.511    demux/CO[0]
    SLICE_X112Y471       LUT3 (Prop_E6LUT_SLICEL_I2_O)
                                                      0.051     3.562 r  demux/sel[7]_i_116/O
                         net (fo=2, estimated)        0.136     3.698    demux/sel[7]_i_116_n_0
    SLICE_X112Y474       LUT4 (Prop_D6LUT_SLICEL_I3_O)
                                                      0.036     3.734 r  demux/sel[7]_i_123/O
                         net (fo=1, routed)           0.009     3.743    demux/sel[7]_i_123_n_0
    SLICE_X112Y474       CARRY8 (Prop_CARRY8_SLICEL_S[3]_O[5])
                                                      0.180     3.923 r  demux/sel_reg[7]_i_58/O[5]
                         net (fo=3, estimated)        0.237     4.160    demux_n_22
    SLICE_X114Y475       LUT3 (Prop_A6LUT_SLICEL_I2_O)
                                                      0.050     4.210 r  sel[7]_i_80/O
                         net (fo=2, estimated)        0.149     4.359    demux/sel_reg[7]_i_21_5
    SLICE_X114Y475       LUT5 (Prop_G5LUT_SLICEL_I0_O)
                                                      0.135     4.494 r  demux/sel[7]_i_40/O
                         net (fo=2, estimated)        0.110     4.604    demux/sel[7]_i_40_n_0
    SLICE_X113Y475       LUT6 (Prop_F6LUT_SLICEM_I0_O)
                                                      0.037     4.641 r  demux/sel[7]_i_48/O
                         net (fo=1, routed)           0.022     4.663    demux/sel[7]_i_48_n_0
    SLICE_X113Y475       CARRY8 (Prop_CARRY8_SLICEM_S[5]_CO[7])
                                                      0.159     4.822 r  demux/sel_reg[7]_i_21/CO[7]
                         net (fo=1, estimated)        0.026     4.848    demux/sel_reg[7]_i_21_n_0
    SLICE_X113Y476       CARRY8 (Prop_CARRY8_SLICEM_CI_O[6])
                                                      0.103     4.951 r  demux/sel_reg[7]_i_18/O[6]
                         net (fo=1, estimated)        0.317     5.268    demux_n_49
    SLICE_X113Y478       CARRY8 (Prop_CARRY8_SLICEM_S[0]_O[1])
                                                      0.096     5.364 r  sel_reg[7]_i_17/O[1]
                         net (fo=1, estimated)        0.221     5.585    sel_reg[7]_i_17_n_14
    SLICE_X114Y476       LUT2 (Prop_H6LUT_SLICEL_I1_O)
                                                      0.036     5.621 r  sel[7]_i_8/O
                         net (fo=1, routed)           0.010     5.631    demux/sel_reg[7]_0[6]
    SLICE_X114Y476       CARRY8 (Prop_CARRY8_SLICEL_S[7]_O[7])
                                                      0.054     5.685 r  demux/sel_reg[7]_i_3/O[7]
                         net (fo=8, estimated)        0.217     5.902    demux/sel_reg[7]_i_3_n_8
    SLICE_X114Y479       LUT6 (Prop_H6LUT_SLICEL_I0_O)
                                                      0.150     6.052 r  demux/sel[7]_i_2/O
                         net (fo=1, routed)           0.051     6.103    demux/sel20_in[7]
    SLICE_X114Y479       FDSE                                         r  demux/sel_reg[7]/D
  -------------------------------------------------------------------    -------------------

                         (clock virtual_clock rise edge)
                                                      4.000     4.000 r  
    AR14                                              0.000     4.000 r  clk (IN)
                         net (fo=0)                   0.000     4.000    clk_IBUF_inst/I
    AR14                 INBUF (Prop_INBUF_HPIOB_M_PAD_O)
                                                      0.359     4.359 r  clk_IBUF_inst/INBUF_INST/O
                         net (fo=1, routed)           0.000     4.359    clk_IBUF_inst/OUT
    AR14                 IBUFCTRL (Prop_IBUFCTRL_HPIOB_M_I_O)
                                                      0.000     4.359 r  clk_IBUF_inst/IBUFCTRL_INST/O
                         net (fo=1, estimated)        0.287     4.646    clk_IBUF
    BUFGCE_X1Y194        BUFGCE (Prop_BUFCE_BUFGCE_I_O)
                                                      0.024     4.670 r  clk_IBUF_BUFG_inst/O
    X4Y8 (CLOCK_ROOT)    net (fo=942, estimated)      1.027     5.697    demux/CLK
    SLICE_X114Y479       FDSE                                         r  demux/sel_reg[7]/C
                         clock pessimism              0.414     6.111    
                         clock uncertainty           -0.035     6.076    
    SLICE_X114Y479       FDSE (Setup_HFF_SLICEL_C_D)
                                                      0.025     6.101    demux/sel_reg[7]
  -------------------------------------------------------------------
                         required time                          6.101    
                         arrival time                          -6.103    
  -------------------------------------------------------------------
                         slack                                 -0.002    





Min Delay Paths
--------------------------------------------------------------------------------------
Slack (VIOLATED) :        -0.029ns  (arrival time - required time)
  Source:                 demux/genblk1[78].z_reg[78][7]/C
                            (rising edge-triggered cell FDRE clocked by virtual_clock  {rise@0.000ns fall@2.000ns period=4.000ns})
  Destination:            genblk1[78].reg_in/reg_out_reg[7]/D
                            (rising edge-triggered cell FDRE clocked by virtual_clock  {rise@0.000ns fall@2.000ns period=4.000ns})
  Path Group:             virtual_clock
  Path Type:              Hold (Min at Slow Process Corner)
  Requirement:            0.000ns  (virtual_clock rise@0.000ns - virtual_clock rise@0.000ns)
  Data Path Delay:        0.141ns  (logic 0.061ns (43.262%)  route 0.080ns (56.738%))
  Logic Levels:           0  
  Clock Path Skew:        0.110ns (DCD - SCD - CPR)
    Destination Clock Delay (DCD):    2.200ns
    Source Clock Delay      (SCD):    1.713ns
    Clock Pessimism Removal (CPR):    0.377ns
  Clock Net Delay (Source):      1.043ns (routing 0.190ns, distribution 0.853ns)
  Clock Net Delay (Destination): 1.239ns (routing 0.210ns, distribution 1.029ns)

    Location             Delay type                Incr(ns)  Path(ns)    Netlist Resource(s)
  -------------------------------------------------------------------    -------------------
                         (clock virtual_clock rise edge)
                                                      0.000     0.000 r  
    AR14                                              0.000     0.000 r  clk (IN)
                         net (fo=0)                   0.000     0.000    clk_IBUF_inst/I
    AR14                 INBUF (Prop_INBUF_HPIOB_M_PAD_O)
                                                      0.359     0.359 r  clk_IBUF_inst/INBUF_INST/O
                         net (fo=1, routed)           0.000     0.359    clk_IBUF_inst/OUT
    AR14                 IBUFCTRL (Prop_IBUFCTRL_HPIOB_M_I_O)
                                                      0.000     0.359 r  clk_IBUF_inst/IBUFCTRL_INST/O
                         net (fo=1, estimated)        0.287     0.646    clk_IBUF
    BUFGCE_X1Y194        BUFGCE (Prop_BUFCE_BUFGCE_I_O)
                                                      0.024     0.670 r  clk_IBUF_BUFG_inst/O
    X4Y8 (CLOCK_ROOT)    net (fo=942, estimated)      1.043     1.713    demux/CLK
    SLICE_X120Y468       FDRE                                         r  demux/genblk1[78].z_reg[78][7]/C
  -------------------------------------------------------------------    -------------------
    SLICE_X120Y468       FDRE (Prop_DFF2_SLICEL_C_Q)
                                                      0.061     1.774 r  demux/genblk1[78].z_reg[78][7]/Q
                         net (fo=1, estimated)        0.080     1.854    genblk1[78].reg_in/D[7]
    SLICE_X121Y468       FDRE                                         r  genblk1[78].reg_in/reg_out_reg[7]/D
  -------------------------------------------------------------------    -------------------

                         (clock virtual_clock rise edge)
                                                      0.000     0.000 r  
    AR14                                              0.000     0.000 r  clk (IN)
                         net (fo=0)                   0.000     0.000    clk_IBUF_inst/I
    AR14                 INBUF (Prop_INBUF_HPIOB_M_PAD_O)
                                                      0.610     0.610 r  clk_IBUF_inst/INBUF_INST/O
                         net (fo=1, routed)           0.000     0.610    clk_IBUF_inst/OUT
    AR14                 IBUFCTRL (Prop_IBUFCTRL_HPIOB_M_I_O)
                                                      0.000     0.610 r  clk_IBUF_inst/IBUFCTRL_INST/O
                         net (fo=1, estimated)        0.323     0.933    clk_IBUF
    BUFGCE_X1Y194        BUFGCE (Prop_BUFCE_BUFGCE_I_O)
                                                      0.028     0.961 r  clk_IBUF_BUFG_inst/O
    X4Y8 (CLOCK_ROOT)    net (fo=942, estimated)      1.239     2.200    genblk1[78].reg_in/CLK
    SLICE_X121Y468       FDRE                                         r  genblk1[78].reg_in/reg_out_reg[7]/C
                         clock pessimism             -0.377     1.824    
    SLICE_X121Y468       FDRE (Hold_HFF_SLICEM_C_D)
                                                      0.060     1.884    genblk1[78].reg_in/reg_out_reg[7]
  -------------------------------------------------------------------
                         required time                         -1.884    
                         arrival time                           1.854    
  -------------------------------------------------------------------
                         slack                                 -0.029    





Pulse Width Checks
--------------------------------------------------------------------------------------
Clock Name:         virtual_clock
Waveform(ns):       { 0.000 2.000 }
Period(ns):         4.000
Sources:            { clk }

Check Type        Corner  Lib Pin   Reference Pin  Required(ns)  Actual(ns)  Slack(ns)  Location        Pin
Min Period        n/a     BUFGCE/I  n/a            1.290         4.000       2.710      BUFGCE_X1Y194   clk_IBUF_BUFG_inst/I
Low Pulse Width   Slow    FDRE/C    n/a            0.275         2.000       1.725      SLICE_X115Y477  demux/genblk1[100].z_reg[100][0]/C
High Pulse Width  Fast    FDRE/C    n/a            0.275         2.000       1.725      SLICE_X115Y477  demux/genblk1[100].z_reg[100][0]/C



