Copyright 1986-2020 Xilinx, Inc. All Rights Reserved.
-------------------------------------------------------------------------------------------------------
| Tool Version      : Vivado v.2020.1 (lin64) Build 2902540 Wed May 27 19:54:35 MDT 2020
| Date              : Mon Mar 14 19:05:26 2022
| Host              : lepus running 64-bit CentOS Linux release 7.9.2009 (Core)
| Command           : report_timing_summary -file ./output/fc1_17/report/timing-summary-post-place.rpt
| Design            : top
| Device            : xcvu9p-flga2104
| Speed File        : -2L  PRODUCTION 1.27 02-28-2020
| Temperature Grade : E
-------------------------------------------------------------------------------------------------------

Timing Summary Report

------------------------------------------------------------------------------------------------
| Timer Settings
| --------------
------------------------------------------------------------------------------------------------

  Enable Multi Corner Analysis               :  Yes
  Enable Pessimism Removal                   :  Yes
  Pessimism Removal Resolution               :  Nearest Common Node
  Enable Input Delay Default Clock           :  No
  Enable Preset / Clear Arcs                 :  No
  Disable Flight Delays                      :  No
  Ignore I/O Paths                           :  No
  Timing Early Launch at Borrowing Latches   :  No
  Borrow Time for Max Delay Exceptions       :  Yes
  Merge Timing Exceptions                    :  Yes

  Corner  Analyze    Analyze    
  Name    Max Paths  Min Paths  
  ------  ---------  ---------  
  Slow    Yes        Yes        
  Fast    Yes        Yes        



check_timing report

Table of Contents
-----------------
1. checking no_clock (0)
2. checking constant_clock (0)
3. checking pulse_width_clock (0)
4. checking unconstrained_internal_endpoints (0)
5. checking no_input_delay (10)
6. checking no_output_delay (24)
7. checking multiple_clock (0)
8. checking generated_clocks (0)
9. checking loops (0)
10. checking partial_input_delay (0)
11. checking partial_output_delay (0)
12. checking latch_loops (0)

1. checking no_clock (0)
------------------------
 There are 0 register/latch pins with no clock.


2. checking constant_clock (0)
------------------------------
 There are 0 register/latch pins with constant_clock.


3. checking pulse_width_clock (0)
---------------------------------
 There are 0 register/latch pins which need pulse_width check


4. checking unconstrained_internal_endpoints (0)
------------------------------------------------
 There are 0 pins that are not constrained for maximum delay.

 There are 0 pins that are not constrained for maximum delay due to constant clock.


5. checking no_input_delay (10)
-------------------------------
 There are 10 input ports with no input delay specified. (HIGH)

 There are 0 input ports with no input delay but user has a false path constraint.


6. checking no_output_delay (24)
--------------------------------
 There are 24 ports with no output delay specified. (HIGH)

 There are 0 ports with no output delay but user has a false path constraint

 There are 0 ports with no output delay but with a timing clock defined on it or propagating through it


7. checking multiple_clock (0)
------------------------------
 There are 0 register/latch pins with multiple clocks.


8. checking generated_clocks (0)
--------------------------------
 There are 0 generated clocks that are not connected to a clock source.


9. checking loops (0)
---------------------
 There are 0 combinational loops in the design.


10. checking partial_input_delay (0)
------------------------------------
 There are 0 input ports with partial input delay specified.


11. checking partial_output_delay (0)
-------------------------------------
 There are 0 ports with partial output delay specified.


12. checking latch_loops (0)
----------------------------
 There are 0 combinational latch loops in the design through latch input



------------------------------------------------------------------------------------------------
| Design Timing Summary
| ---------------------
------------------------------------------------------------------------------------------------

    WNS(ns)      TNS(ns)  TNS Failing Endpoints  TNS Total Endpoints      WHS(ns)      THS(ns)  THS Failing Endpoints  THS Total Endpoints     WPWS(ns)     TPWS(ns)  TPWS Failing Endpoints  TPWS Total Endpoints  
    -------      -------  ---------------------  -------------------      -------      -------  ---------------------  -------------------     --------     --------  ----------------------  --------------------  
     -0.962      -13.358                     25                 2882       -0.082       -1.958                     76                 2882        1.725        0.000                       0                  2883  


Timing constraints are not met.


------------------------------------------------------------------------------------------------
| Clock Summary
| -------------
------------------------------------------------------------------------------------------------

Clock          Waveform(ns)         Period(ns)      Frequency(MHz)
-----          ------------         ----------      --------------
virtual_clock  {0.000 2.000}        4.000           250.000         


------------------------------------------------------------------------------------------------
| Intra Clock Table
| -----------------
------------------------------------------------------------------------------------------------

Clock              WNS(ns)      TNS(ns)  TNS Failing Endpoints  TNS Total Endpoints      WHS(ns)      THS(ns)  THS Failing Endpoints  THS Total Endpoints     WPWS(ns)     TPWS(ns)  TPWS Failing Endpoints  TPWS Total Endpoints  
-----              -------      -------  ---------------------  -------------------      -------      -------  ---------------------  -------------------     --------     --------  ----------------------  --------------------  
virtual_clock       -0.962      -13.358                     25                 2882       -0.082       -1.958                     76                 2882        1.725        0.000                       0                  2883  


------------------------------------------------------------------------------------------------
| Inter Clock Table
| -----------------
------------------------------------------------------------------------------------------------

From Clock    To Clock          WNS(ns)      TNS(ns)  TNS Failing Endpoints  TNS Total Endpoints      WHS(ns)      THS(ns)  THS Failing Endpoints  THS Total Endpoints  
----------    --------          -------      -------  ---------------------  -------------------      -------      -------  ---------------------  -------------------  


------------------------------------------------------------------------------------------------
| Other Path Groups Table
| -----------------------
------------------------------------------------------------------------------------------------

Path Group    From Clock    To Clock          WNS(ns)      TNS(ns)  TNS Failing Endpoints  TNS Total Endpoints      WHS(ns)      THS(ns)  THS Failing Endpoints  THS Total Endpoints  
----------    ----------    --------          -------      -------  ---------------------  -------------------      -------      -------  ---------------------  -------------------  


------------------------------------------------------------------------------------------------
| Timing Details
| --------------
------------------------------------------------------------------------------------------------


---------------------------------------------------------------------------------------------------
From Clock:  virtual_clock
  To Clock:  virtual_clock

Setup :           25  Failing Endpoints,  Worst Slack       -0.962ns,  Total Violation      -13.358ns
Hold  :           76  Failing Endpoints,  Worst Slack       -0.082ns,  Total Violation       -1.958ns
PW    :            0  Failing Endpoints,  Worst Slack        1.725ns,  Total Violation        0.000ns
---------------------------------------------------------------------------------------------------


Max Delay Paths
--------------------------------------------------------------------------------------
Slack (VIOLATED) :        -0.962ns  (required time - arrival time)
  Source:                 demux/sel_reg[0]/C
                            (rising edge-triggered cell FDRE clocked by virtual_clock  {rise@0.000ns fall@2.000ns period=4.000ns})
  Destination:            demux/sel_reg[1]/D
                            (rising edge-triggered cell FDRE clocked by virtual_clock  {rise@0.000ns fall@2.000ns period=4.000ns})
  Path Group:             virtual_clock
  Path Type:              Setup (Max at Slow Process Corner)
  Requirement:            4.000ns  (virtual_clock rise@4.000ns - virtual_clock rise@0.000ns)
  Data Path Delay:        4.843ns  (logic 1.805ns (37.270%)  route 3.038ns (62.730%))
  Logic Levels:           18  (CARRY8=10 LUT2=1 LUT3=2 LUT4=2 LUT5=2 LUT6=1)
  Clock Path Skew:        -0.109ns (DCD - SCD + CPR)
    Destination Clock Delay (DCD):    1.766ns = ( 5.766 - 4.000 ) 
    Source Clock Delay      (SCD):    2.253ns
    Clock Pessimism Removal (CPR):    0.378ns
  Clock Uncertainty:      0.035ns  ((TSJ^2 + TIJ^2)^1/2 + DJ) / 2 + PE
    Total System Jitter     (TSJ):    0.071ns
    Total Input Jitter      (TIJ):    0.000ns
    Discrete Jitter          (DJ):    0.000ns
    Phase Error              (PE):    0.000ns
  Clock Net Delay (Source):      1.292ns (routing 0.210ns, distribution 1.082ns)
  Clock Net Delay (Destination): 1.096ns (routing 0.190ns, distribution 0.906ns)

    Location             Delay type                Incr(ns)  Path(ns)    Netlist Resource(s)
  -------------------------------------------------------------------    -------------------
                         (clock virtual_clock rise edge)
                                                      0.000     0.000 r  
    AR14                                              0.000     0.000 r  clk (IN)
                         net (fo=0)                   0.000     0.000    clk_IBUF_inst/I
    AR14                 INBUF (Prop_INBUF_HPIOB_M_PAD_O)
                                                      0.610     0.610 r  clk_IBUF_inst/INBUF_INST/O
                         net (fo=1, routed)           0.000     0.610    clk_IBUF_inst/OUT
    AR14                 IBUFCTRL (Prop_IBUFCTRL_HPIOB_M_I_O)
                                                      0.000     0.610 r  clk_IBUF_inst/IBUFCTRL_INST/O
                         net (fo=1, estimated)        0.323     0.933    clk_IBUF
    BUFGCE_X1Y212        BUFGCE (Prop_BUFCE_BUFGCE_I_O)
                                                      0.028     0.961 r  clk_IBUF_BUFG_inst/O
    X4Y8 (CLOCK_ROOT)    net (fo=2882, estimated)     1.292     2.253    demux/CLK
    SLICE_X133Y465       FDRE                                         r  demux/sel_reg[0]/C
  -------------------------------------------------------------------    -------------------
    SLICE_X133Y465       FDRE (Prop_BFF_SLICEM_C_Q)
                                                      0.078     2.331 r  demux/sel_reg[0]/Q
                         net (fo=143, estimated)      0.284     2.615    demux/sel[0]
    SLICE_X132Y464       CARRY8 (Prop_CARRY8_SLICEL_CI_O[4])
                                                      0.191     2.806 r  demux/sel_reg[8]_i_6/O[4]
                         net (fo=36, estimated)       0.396     3.202    p_1_in[5]
    SLICE_X131Y460       LUT5 (Prop_G6LUT_SLICEM_I0_O)
                                                      0.150     3.352 r  sel[8]_i_230/O
                         net (fo=1, routed)           0.016     3.368    demux/S[2]
    SLICE_X131Y460       CARRY8 (Prop_CARRY8_SLICEM_S[6]_CO[7])
                                                      0.117     3.485 f  demux/sel_reg[8]_i_196/CO[7]
                         net (fo=1, estimated)        0.026     3.511    demux/sel_reg[8]_i_196_n_0
    SLICE_X131Y461       CARRY8 (Prop_CARRY8_SLICEM_CI_CO[5])
                                                      0.077     3.588 f  demux/sel_reg[8]_i_171/CO[5]
                         net (fo=41, estimated)       0.339     3.927    demux_n_10
    SLICE_X130Y464       LUT3 (Prop_G5LUT_SLICEL_I2_O)
                                                      0.099     4.026 r  sel[8]_i_135/O
                         net (fo=2, estimated)        0.205     4.231    sel[8]_i_135_n_0
    SLICE_X130Y464       LUT4 (Prop_H6LUT_SLICEL_I3_O)
                                                      0.051     4.282 r  sel[8]_i_142/O
                         net (fo=1, routed)           0.010     4.292    demux/sel[8]_i_73_0[6]
    SLICE_X130Y464       CARRY8 (Prop_CARRY8_SLICEL_S[7]_CO[7])
                                                      0.115     4.407 r  demux/sel_reg[8]_i_81/CO[7]
                         net (fo=1, estimated)        0.026     4.433    demux/sel_reg[8]_i_81_n_0
    SLICE_X130Y465       CARRY8 (Prop_CARRY8_SLICEL_CI_O[1])
                                                      0.076     4.509 r  demux/sel_reg[8]_i_77/O[1]
                         net (fo=2, estimated)        0.246     4.755    demux_n_89
    SLICE_X131Y464       LUT3 (Prop_E5LUT_SLICEM_I1_O)
                                                      0.102     4.857 r  sel[8]_i_32/O
                         net (fo=2, estimated)        0.160     5.017    sel[8]_i_32_n_0
    SLICE_X131Y464       LUT4 (Prop_F6LUT_SLICEM_I3_O)
                                                      0.051     5.068 r  sel[8]_i_40/O
                         net (fo=1, routed)           0.022     5.090    demux/sel[8]_i_25_0[5]
    SLICE_X131Y464       CARRY8 (Prop_CARRY8_SLICEM_S[5]_CO[7])
                                                      0.159     5.249 r  demux/sel_reg[8]_i_19/CO[7]
                         net (fo=1, estimated)        0.026     5.275    demux/sel_reg[8]_i_19_n_0
    SLICE_X131Y465       CARRY8 (Prop_CARRY8_SLICEM_CI_O[0])
                                                      0.056     5.331 r  demux/sel_reg[8]_i_22/O[0]
                         net (fo=4, estimated)        0.457     5.788    demux_n_104
    SLICE_X134Y465       CARRY8 (Prop_CARRY8_SLICEL_S[0]_O[1])
                                                      0.094     5.882 r  sel_reg[8]_i_18/O[1]
                         net (fo=1, estimated)        0.291     6.173    sel_reg[8]_i_18_n_14
    SLICE_X133Y463       LUT2 (Prop_E6LUT_SLICEM_I1_O)
                                                      0.037     6.210 r  sel[8]_i_11/O
                         net (fo=1, routed)           0.014     6.224    demux/sel_reg[5]_0[3]
    SLICE_X133Y463       CARRY8 (Prop_CARRY8_SLICEM_S[4]_CO[7])
                                                      0.156     6.380 r  demux/sel_reg[8]_i_4/CO[7]
                         net (fo=1, estimated)        0.026     6.406    demux/sel_reg[8]_i_4_n_0
    SLICE_X133Y464       CARRY8 (Prop_CARRY8_SLICEM_CI_O[0])
                                                      0.056     6.462 r  demux/sel_reg[8]_i_5/O[0]
                         net (fo=10, estimated)       0.217     6.679    demux/sel_reg[8]_i_5_n_15
    SLICE_X133Y466       LUT5 (Prop_B6LUT_SLICEM_I0_O)
                                                      0.052     6.731 r  demux/sel[3]_i_2/O
                         net (fo=5, estimated)        0.117     6.848    demux/sel[3]_i_2_n_0
    SLICE_X133Y466       LUT6 (Prop_D6LUT_SLICEM_I0_O)
                                                      0.088     6.936 r  demux/sel[1]_i_1/O
                         net (fo=1, estimated)        0.160     7.096    demux/sel20_in[1]
    SLICE_X132Y466       FDRE                                         r  demux/sel_reg[1]/D
  -------------------------------------------------------------------    -------------------

                         (clock virtual_clock rise edge)
                                                      4.000     4.000 r  
    AR14                                              0.000     4.000 r  clk (IN)
                         net (fo=0)                   0.000     4.000    clk_IBUF_inst/I
    AR14                 INBUF (Prop_INBUF_HPIOB_M_PAD_O)
                                                      0.359     4.359 r  clk_IBUF_inst/INBUF_INST/O
                         net (fo=1, routed)           0.000     4.359    clk_IBUF_inst/OUT
    AR14                 IBUFCTRL (Prop_IBUFCTRL_HPIOB_M_I_O)
                                                      0.000     4.359 r  clk_IBUF_inst/IBUFCTRL_INST/O
                         net (fo=1, estimated)        0.287     4.646    clk_IBUF
    BUFGCE_X1Y212        BUFGCE (Prop_BUFCE_BUFGCE_I_O)
                                                      0.024     4.670 r  clk_IBUF_BUFG_inst/O
    X4Y8 (CLOCK_ROOT)    net (fo=2882, estimated)     1.096     5.766    demux/CLK
    SLICE_X132Y466       FDRE                                         r  demux/sel_reg[1]/C
                         clock pessimism              0.378     6.144    
                         clock uncertainty           -0.035     6.109    
    SLICE_X132Y466       FDRE (Setup_EFF2_SLICEL_C_D)
                                                      0.025     6.134    demux/sel_reg[1]
  -------------------------------------------------------------------
                         required time                          6.134    
                         arrival time                          -7.096    
  -------------------------------------------------------------------
                         slack                                 -0.962    





Min Delay Paths
--------------------------------------------------------------------------------------
Slack (VIOLATED) :        -0.082ns  (arrival time - required time)
  Source:                 demux/genblk1[286].z_reg[286][7]/C
                            (rising edge-triggered cell FDRE clocked by virtual_clock  {rise@0.000ns fall@2.000ns period=4.000ns})
  Destination:            genblk1[286].reg_in/reg_out_reg[7]/D
                            (rising edge-triggered cell FDRE clocked by virtual_clock  {rise@0.000ns fall@2.000ns period=4.000ns})
  Path Group:             virtual_clock
  Path Type:              Hold (Min at Slow Process Corner)
  Requirement:            0.000ns  (virtual_clock rise@0.000ns - virtual_clock rise@0.000ns)
  Data Path Delay:        0.143ns  (logic 0.060ns (41.958%)  route 0.083ns (58.042%))
  Logic Levels:           0  
  Clock Path Skew:        0.163ns (DCD - SCD - CPR)
    Destination Clock Delay (DCD):    2.241ns
    Source Clock Delay      (SCD):    1.767ns
    Clock Pessimism Removal (CPR):    0.311ns
  Clock Net Delay (Source):      1.097ns (routing 0.190ns, distribution 0.907ns)
  Clock Net Delay (Destination): 1.280ns (routing 0.210ns, distribution 1.070ns)

    Location             Delay type                Incr(ns)  Path(ns)    Netlist Resource(s)
  -------------------------------------------------------------------    -------------------
                         (clock virtual_clock rise edge)
                                                      0.000     0.000 r  
    AR14                                              0.000     0.000 r  clk (IN)
                         net (fo=0)                   0.000     0.000    clk_IBUF_inst/I
    AR14                 INBUF (Prop_INBUF_HPIOB_M_PAD_O)
                                                      0.359     0.359 r  clk_IBUF_inst/INBUF_INST/O
                         net (fo=1, routed)           0.000     0.359    clk_IBUF_inst/OUT
    AR14                 IBUFCTRL (Prop_IBUFCTRL_HPIOB_M_I_O)
                                                      0.000     0.359 r  clk_IBUF_inst/IBUFCTRL_INST/O
                         net (fo=1, estimated)        0.287     0.646    clk_IBUF
    BUFGCE_X1Y212        BUFGCE (Prop_BUFCE_BUFGCE_I_O)
                                                      0.024     0.670 r  clk_IBUF_BUFG_inst/O
    X4Y8 (CLOCK_ROOT)    net (fo=2882, estimated)     1.097     1.767    demux/CLK
    SLICE_X125Y478       FDRE                                         r  demux/genblk1[286].z_reg[286][7]/C
  -------------------------------------------------------------------    -------------------
    SLICE_X125Y478       FDRE (Prop_EFF2_SLICEM_C_Q)
                                                      0.060     1.827 r  demux/genblk1[286].z_reg[286][7]/Q
                         net (fo=1, estimated)        0.083     1.910    genblk1[286].reg_in/D[7]
    SLICE_X125Y480       FDRE                                         r  genblk1[286].reg_in/reg_out_reg[7]/D
  -------------------------------------------------------------------    -------------------

                         (clock virtual_clock rise edge)
                                                      0.000     0.000 r  
    AR14                                              0.000     0.000 r  clk (IN)
                         net (fo=0)                   0.000     0.000    clk_IBUF_inst/I
    AR14                 INBUF (Prop_INBUF_HPIOB_M_PAD_O)
                                                      0.610     0.610 r  clk_IBUF_inst/INBUF_INST/O
                         net (fo=1, routed)           0.000     0.610    clk_IBUF_inst/OUT
    AR14                 IBUFCTRL (Prop_IBUFCTRL_HPIOB_M_I_O)
                                                      0.000     0.610 r  clk_IBUF_inst/IBUFCTRL_INST/O
                         net (fo=1, estimated)        0.323     0.933    clk_IBUF
    BUFGCE_X1Y212        BUFGCE (Prop_BUFCE_BUFGCE_I_O)
                                                      0.028     0.961 r  clk_IBUF_BUFG_inst/O
    X4Y8 (CLOCK_ROOT)    net (fo=2882, estimated)     1.280     2.241    genblk1[286].reg_in/CLK
    SLICE_X125Y480       FDRE                                         r  genblk1[286].reg_in/reg_out_reg[7]/C
                         clock pessimism             -0.311     1.930    
    SLICE_X125Y480       FDRE (Hold_AFF2_SLICEM_C_D)
                                                      0.062     1.992    genblk1[286].reg_in/reg_out_reg[7]
  -------------------------------------------------------------------
                         required time                         -1.992    
                         arrival time                           1.910    
  -------------------------------------------------------------------
                         slack                                 -0.082    





Pulse Width Checks
--------------------------------------------------------------------------------------
Clock Name:         virtual_clock
Waveform(ns):       { 0.000 2.000 }
Period(ns):         4.000
Sources:            { clk }

Check Type        Corner  Lib Pin   Reference Pin  Required(ns)  Actual(ns)  Slack(ns)  Location        Pin
Min Period        n/a     BUFGCE/I  n/a            1.290         4.000       2.710      BUFGCE_X1Y212   clk_IBUF_BUFG_inst/I
Low Pulse Width   Slow    FDRE/C    n/a            0.275         2.000       1.725      SLICE_X125Y468  demux/genblk1[323].z_reg[323][7]/C
High Pulse Width  Fast    FDRE/C    n/a            0.275         2.000       1.725      SLICE_X127Y467  demux/genblk1[316].z_reg[316][1]/C



