Copyright 1986-2020 Xilinx, Inc. All Rights Reserved.
--------------------------------------------------------------------------------------------
| Tool Version      : Vivado v.2020.1 (lin64) Build 2902540 Wed May 27 19:54:35 MDT 2020
| Date              : Mon Mar 14 19:11:17 2022
| Host              : lepus running 64-bit CentOS Linux release 7.9.2009 (Core)
| Command           : report_timing_summary -file ./output/fc1_17/report/timing-summary.rpt
| Design            : top
| Device            : xcvu9p-flga2104
| Speed File        : -2L  PRODUCTION 1.27 02-28-2020
| Temperature Grade : E
--------------------------------------------------------------------------------------------

Timing Summary Report

------------------------------------------------------------------------------------------------
| Timer Settings
| --------------
------------------------------------------------------------------------------------------------

  Enable Multi Corner Analysis               :  Yes
  Enable Pessimism Removal                   :  Yes
  Pessimism Removal Resolution               :  Nearest Common Node
  Enable Input Delay Default Clock           :  No
  Enable Preset / Clear Arcs                 :  No
  Disable Flight Delays                      :  No
  Ignore I/O Paths                           :  No
  Timing Early Launch at Borrowing Latches   :  No
  Borrow Time for Max Delay Exceptions       :  Yes
  Merge Timing Exceptions                    :  Yes

  Corner  Analyze    Analyze    
  Name    Max Paths  Min Paths  
  ------  ---------  ---------  
  Slow    Yes        Yes        
  Fast    Yes        Yes        



check_timing report

Table of Contents
-----------------
1. checking no_clock (0)
2. checking constant_clock (0)
3. checking pulse_width_clock (0)
4. checking unconstrained_internal_endpoints (0)
5. checking no_input_delay (10)
6. checking no_output_delay (24)
7. checking multiple_clock (0)
8. checking generated_clocks (0)
9. checking loops (0)
10. checking partial_input_delay (0)
11. checking partial_output_delay (0)
12. checking latch_loops (0)

1. checking no_clock (0)
------------------------
 There are 0 register/latch pins with no clock.


2. checking constant_clock (0)
------------------------------
 There are 0 register/latch pins with constant_clock.


3. checking pulse_width_clock (0)
---------------------------------
 There are 0 register/latch pins which need pulse_width check


4. checking unconstrained_internal_endpoints (0)
------------------------------------------------
 There are 0 pins that are not constrained for maximum delay.

 There are 0 pins that are not constrained for maximum delay due to constant clock.


5. checking no_input_delay (10)
-------------------------------
 There are 10 input ports with no input delay specified. (HIGH)

 There are 0 input ports with no input delay but user has a false path constraint.


6. checking no_output_delay (24)
--------------------------------
 There are 24 ports with no output delay specified. (HIGH)

 There are 0 ports with no output delay but user has a false path constraint

 There are 0 ports with no output delay but with a timing clock defined on it or propagating through it


7. checking multiple_clock (0)
------------------------------
 There are 0 register/latch pins with multiple clocks.


8. checking generated_clocks (0)
--------------------------------
 There are 0 generated clocks that are not connected to a clock source.


9. checking loops (0)
---------------------
 There are 0 combinational loops in the design.


10. checking partial_input_delay (0)
------------------------------------
 There are 0 input ports with partial input delay specified.


11. checking partial_output_delay (0)
-------------------------------------
 There are 0 ports with partial output delay specified.


12. checking latch_loops (0)
----------------------------
 There are 0 combinational latch loops in the design through latch input



------------------------------------------------------------------------------------------------
| Design Timing Summary
| ---------------------
------------------------------------------------------------------------------------------------

    WNS(ns)      TNS(ns)  TNS Failing Endpoints  TNS Total Endpoints      WHS(ns)      THS(ns)  THS Failing Endpoints  THS Total Endpoints     WPWS(ns)     TPWS(ns)  TPWS Failing Endpoints  TPWS Total Endpoints  
    -------      -------  ---------------------  -------------------      -------      -------  ---------------------  -------------------     --------     --------  ----------------------  --------------------  
      0.070        0.000                      0                 2882        0.002        0.000                      0                 2882        2.141        0.000                       0                  2883  


All user specified timing constraints are met.


------------------------------------------------------------------------------------------------
| Clock Summary
| -------------
------------------------------------------------------------------------------------------------

Clock   Waveform(ns)         Period(ns)      Frequency(MHz)
-----   ------------         ----------      --------------
vclock  {0.000 2.417}        4.833           206.911         


------------------------------------------------------------------------------------------------
| Intra Clock Table
| -----------------
------------------------------------------------------------------------------------------------

Clock             WNS(ns)      TNS(ns)  TNS Failing Endpoints  TNS Total Endpoints      WHS(ns)      THS(ns)  THS Failing Endpoints  THS Total Endpoints     WPWS(ns)     TPWS(ns)  TPWS Failing Endpoints  TPWS Total Endpoints  
-----             -------      -------  ---------------------  -------------------      -------      -------  ---------------------  -------------------     --------     --------  ----------------------  --------------------  
vclock              0.070        0.000                      0                 2882        0.002        0.000                      0                 2882        2.141        0.000                       0                  2883  


------------------------------------------------------------------------------------------------
| Inter Clock Table
| -----------------
------------------------------------------------------------------------------------------------

From Clock    To Clock          WNS(ns)      TNS(ns)  TNS Failing Endpoints  TNS Total Endpoints      WHS(ns)      THS(ns)  THS Failing Endpoints  THS Total Endpoints  
----------    --------          -------      -------  ---------------------  -------------------      -------      -------  ---------------------  -------------------  


------------------------------------------------------------------------------------------------
| Other Path Groups Table
| -----------------------
------------------------------------------------------------------------------------------------

Path Group    From Clock    To Clock          WNS(ns)      TNS(ns)  TNS Failing Endpoints  TNS Total Endpoints      WHS(ns)      THS(ns)  THS Failing Endpoints  THS Total Endpoints  
----------    ----------    --------          -------      -------  ---------------------  -------------------      -------      -------  ---------------------  -------------------  


------------------------------------------------------------------------------------------------
| Timing Details
| --------------
------------------------------------------------------------------------------------------------


---------------------------------------------------------------------------------------------------
From Clock:  vclock
  To Clock:  vclock

Setup :            0  Failing Endpoints,  Worst Slack        0.070ns,  Total Violation        0.000ns
Hold  :            0  Failing Endpoints,  Worst Slack        0.002ns,  Total Violation        0.000ns
PW    :            0  Failing Endpoints,  Worst Slack        2.141ns,  Total Violation        0.000ns
---------------------------------------------------------------------------------------------------


Max Delay Paths
--------------------------------------------------------------------------------------
Slack (MET) :             0.070ns  (required time - arrival time)
  Source:                 demux/sel_reg[0]/C
                            (rising edge-triggered cell FDRE clocked by vclock  {rise@0.000ns fall@2.417ns period=4.833ns})
  Destination:            demux/sel_reg[1]/D
                            (rising edge-triggered cell FDRE clocked by vclock  {rise@0.000ns fall@2.417ns period=4.833ns})
  Path Group:             vclock
  Path Type:              Setup (Max at Slow Process Corner)
  Requirement:            4.833ns  (vclock rise@4.833ns - vclock rise@0.000ns)
  Data Path Delay:        4.703ns  (logic 1.875ns (39.868%)  route 2.828ns (60.132%))
  Logic Levels:           17  (CARRY8=9 LUT2=1 LUT3=3 LUT4=2 LUT5=1 LUT6=1)
  Clock Path Skew:        -0.050ns (DCD - SCD + CPR)
    Destination Clock Delay (DCD):    1.815ns = ( 6.648 - 4.833 ) 
    Source Clock Delay      (SCD):    2.226ns
    Clock Pessimism Removal (CPR):    0.361ns
  Clock Uncertainty:      0.035ns  ((TSJ^2 + TIJ^2)^1/2 + DJ) / 2 + PE
    Total System Jitter     (TSJ):    0.071ns
    Total Input Jitter      (TIJ):    0.000ns
    Discrete Jitter          (DJ):    0.000ns
    Phase Error              (PE):    0.000ns
  Clock Net Delay (Source):      1.265ns (routing 0.171ns, distribution 1.094ns)
  Clock Net Delay (Destination): 1.145ns (routing 0.155ns, distribution 0.990ns)

    Location             Delay type                Incr(ns)  Path(ns)    Netlist Resource(s)
  -------------------------------------------------------------------    -------------------
                         (clock vclock rise edge)     0.000     0.000 r  
    AR14                                              0.000     0.000 r  clk (IN)
                         net (fo=0)                   0.000     0.000    clk_IBUF_inst/I
    AR14                 INBUF (Prop_INBUF_HPIOB_M_PAD_O)
                                                      0.610     0.610 r  clk_IBUF_inst/INBUF_INST/O
                         net (fo=1, routed)           0.000     0.610    clk_IBUF_inst/OUT
    AR14                 IBUFCTRL (Prop_IBUFCTRL_HPIOB_M_I_O)
                                                      0.000     0.610 r  clk_IBUF_inst/IBUFCTRL_INST/O
                         net (fo=1, routed)           0.323     0.933    clk_IBUF
    BUFGCE_X1Y212        BUFGCE (Prop_BUFCE_BUFGCE_I_O)
                                                      0.028     0.961 r  clk_IBUF_BUFG_inst/O
    X4Y8 (CLOCK_ROOT)    net (fo=2882, routed)        1.265     2.226    demux/CLK
    SLICE_X133Y465       FDRE                                         r  demux/sel_reg[0]/C
  -------------------------------------------------------------------    -------------------
    SLICE_X133Y465       FDRE (Prop_BFF_SLICEM_C_Q)
                                                      0.078     2.304 r  demux/sel_reg[0]/Q
                         net (fo=143, routed)         0.191     2.495    demux/sel[0]
    SLICE_X132Y464       CARRY8 (Prop_CARRY8_SLICEL_CI_O[1])
                                                      0.130     2.625 r  demux/sel_reg[8]_i_6/O[1]
                         net (fo=35, routed)          0.322     2.947    demux/sel_reg[0]_0[1]
    SLICE_X131Y459       LUT3 (Prop_F5LUT_SLICEM_I1_O)
                                                      0.117     3.064 f  demux/sel[8]_i_226/O
                         net (fo=1, routed)           0.240     3.304    demux/sel[8]_i_226_n_0
    SLICE_X131Y460       CARRY8 (Prop_CARRY8_SLICEM_DI[3]_CO[7])
                                                      0.106     3.410 f  demux/sel_reg[8]_i_196/CO[7]
                         net (fo=1, routed)           0.026     3.436    demux/sel_reg[8]_i_196_n_0
    SLICE_X131Y461       CARRY8 (Prop_CARRY8_SLICEM_CI_CO[5])
                                                      0.077     3.513 f  demux/sel_reg[8]_i_171/CO[5]
                         net (fo=41, routed)          0.243     3.756    demux_n_10
    SLICE_X130Y464       LUT3 (Prop_D5LUT_SLICEL_I2_O)
                                                      0.133     3.889 r  sel[8]_i_138/O
                         net (fo=2, routed)           0.147     4.036    sel[8]_i_138_n_0
    SLICE_X130Y464       LUT4 (Prop_E6LUT_SLICEL_I3_O)
                                                      0.147     4.183 r  sel[8]_i_145/O
                         net (fo=1, routed)           0.007     4.190    demux/sel[8]_i_73_0[3]
    SLICE_X130Y464       CARRY8 (Prop_CARRY8_SLICEL_S[4]_CO[7])
                                                      0.153     4.343 r  demux/sel_reg[8]_i_81/CO[7]
                         net (fo=1, routed)           0.026     4.369    demux/sel_reg[8]_i_81_n_0
    SLICE_X130Y465       CARRY8 (Prop_CARRY8_SLICEL_CI_O[3])
                                                      0.082     4.451 r  demux/sel_reg[8]_i_77/O[3]
                         net (fo=2, routed)           0.323     4.774    demux_n_87
    SLICE_X131Y464       LUT3 (Prop_G5LUT_SLICEM_I0_O)
                                                      0.068     4.842 r  sel[8]_i_30/O
                         net (fo=2, routed)           0.163     5.005    sel[8]_i_30_n_0
    SLICE_X131Y464       LUT4 (Prop_H6LUT_SLICEM_I3_O)
                                                      0.101     5.106 r  sel[8]_i_38/O
                         net (fo=1, routed)           0.015     5.121    demux/sel[8]_i_25_0[7]
    SLICE_X131Y464       CARRY8 (Prop_CARRY8_SLICEM_S[7]_CO[7])
                                                      0.117     5.238 r  demux/sel_reg[8]_i_19/CO[7]
                         net (fo=1, routed)           0.026     5.264    demux/sel_reg[8]_i_19_n_0
    SLICE_X131Y465       CARRY8 (Prop_CARRY8_SLICEM_CI_O[0])
                                                      0.056     5.320 r  demux/sel_reg[8]_i_22/O[0]
                         net (fo=4, routed)           0.335     5.655    demux_n_104
    SLICE_X134Y465       CARRY8 (Prop_CARRY8_SLICEL_S[0]_O[0])
                                                      0.063     5.718 r  sel_reg[8]_i_18/O[0]
                         net (fo=1, routed)           0.281     5.999    sel_reg[8]_i_18_n_15
    SLICE_X133Y463       LUT2 (Prop_D6LUT_SLICEM_I1_O)
                                                      0.037     6.036 r  sel[8]_i_12/O
                         net (fo=1, routed)           0.025     6.061    demux/sel_reg[5]_0[2]
    SLICE_X133Y463       CARRY8 (Prop_CARRY8_SLICEM_S[3]_O[7])
                                                      0.187     6.248 r  demux/sel_reg[8]_i_4/O[7]
                         net (fo=10, routed)          0.201     6.449    demux/sel_reg[8]_i_4_n_8
    SLICE_X133Y466       LUT5 (Prop_H6LUT_SLICEM_I3_O)
                                                      0.101     6.550 r  demux/sel[1]_i_2/O
                         net (fo=3, routed)           0.099     6.649    demux/sel[1]_i_2_n_0
    SLICE_X133Y466       LUT6 (Prop_D6LUT_SLICEM_I1_O)
                                                      0.122     6.771 r  demux/sel[1]_i_1/O
                         net (fo=1, routed)           0.158     6.929    demux/sel20_in[1]
    SLICE_X132Y466       FDRE                                         r  demux/sel_reg[1]/D
  -------------------------------------------------------------------    -------------------

                         (clock vclock rise edge)     4.833     4.833 r  
    AR14                                              0.000     4.833 r  clk (IN)
                         net (fo=0)                   0.000     4.833    clk_IBUF_inst/I
    AR14                 INBUF (Prop_INBUF_HPIOB_M_PAD_O)
                                                      0.359     5.192 r  clk_IBUF_inst/INBUF_INST/O
                         net (fo=1, routed)           0.000     5.192    clk_IBUF_inst/OUT
    AR14                 IBUFCTRL (Prop_IBUFCTRL_HPIOB_M_I_O)
                                                      0.000     5.192 r  clk_IBUF_inst/IBUFCTRL_INST/O
                         net (fo=1, routed)           0.287     5.479    clk_IBUF
    BUFGCE_X1Y212        BUFGCE (Prop_BUFCE_BUFGCE_I_O)
                                                      0.024     5.503 r  clk_IBUF_BUFG_inst/O
    X4Y8 (CLOCK_ROOT)    net (fo=2882, routed)        1.145     6.648    demux/CLK
    SLICE_X132Y466       FDRE                                         r  demux/sel_reg[1]/C
                         clock pessimism              0.361     7.009    
                         clock uncertainty           -0.035     6.974    
    SLICE_X132Y466       FDRE (Setup_EFF2_SLICEL_C_D)
                                                      0.025     6.999    demux/sel_reg[1]
  -------------------------------------------------------------------
                         required time                          6.999    
                         arrival time                          -6.929    
  -------------------------------------------------------------------
                         slack                                  0.070    





Min Delay Paths
--------------------------------------------------------------------------------------
Slack (MET) :             0.002ns  (arrival time - required time)
  Source:                 demux/genblk1[93].z_reg[93][5]/C
                            (rising edge-triggered cell FDRE clocked by vclock  {rise@0.000ns fall@2.417ns period=4.833ns})
  Destination:            genblk1[93].reg_in/reg_out_reg[5]/D
                            (rising edge-triggered cell FDRE clocked by vclock  {rise@0.000ns fall@2.417ns period=4.833ns})
  Path Group:             vclock
  Path Type:              Hold (Min at Slow Process Corner)
  Requirement:            0.000ns  (vclock rise@0.000ns - vclock rise@0.000ns)
  Data Path Delay:        0.123ns  (logic 0.059ns (47.968%)  route 0.064ns (52.033%))
  Logic Levels:           0  
  Clock Path Skew:        0.059ns (DCD - SCD - CPR)
    Destination Clock Delay (DCD):    2.234ns
    Source Clock Delay      (SCD):    1.760ns
    Clock Pessimism Removal (CPR):    0.415ns
  Clock Net Delay (Source):      1.090ns (routing 0.155ns, distribution 0.935ns)
  Clock Net Delay (Destination): 1.273ns (routing 0.171ns, distribution 1.102ns)

    Location             Delay type                Incr(ns)  Path(ns)    Netlist Resource(s)
  -------------------------------------------------------------------    -------------------
                         (clock vclock rise edge)     0.000     0.000 r  
    AR14                                              0.000     0.000 r  clk (IN)
                         net (fo=0)                   0.000     0.000    clk_IBUF_inst/I
    AR14                 INBUF (Prop_INBUF_HPIOB_M_PAD_O)
                                                      0.359     0.359 r  clk_IBUF_inst/INBUF_INST/O
                         net (fo=1, routed)           0.000     0.359    clk_IBUF_inst/OUT
    AR14                 IBUFCTRL (Prop_IBUFCTRL_HPIOB_M_I_O)
                                                      0.000     0.359 r  clk_IBUF_inst/IBUFCTRL_INST/O
                         net (fo=1, routed)           0.287     0.646    clk_IBUF
    BUFGCE_X1Y212        BUFGCE (Prop_BUFCE_BUFGCE_I_O)
                                                      0.024     0.670 r  clk_IBUF_BUFG_inst/O
    X4Y8 (CLOCK_ROOT)    net (fo=2882, routed)        1.090     1.760    demux/CLK
    SLICE_X124Y477       FDRE                                         r  demux/genblk1[93].z_reg[93][5]/C
  -------------------------------------------------------------------    -------------------
    SLICE_X124Y477       FDRE (Prop_GFF_SLICEL_C_Q)
                                                      0.059     1.819 r  demux/genblk1[93].z_reg[93][5]/Q
                         net (fo=1, routed)           0.064     1.883    genblk1[93].reg_in/D[5]
    SLICE_X124Y478       FDRE                                         r  genblk1[93].reg_in/reg_out_reg[5]/D
  -------------------------------------------------------------------    -------------------

                         (clock vclock rise edge)     0.000     0.000 r  
    AR14                                              0.000     0.000 r  clk (IN)
                         net (fo=0)                   0.000     0.000    clk_IBUF_inst/I
    AR14                 INBUF (Prop_INBUF_HPIOB_M_PAD_O)
                                                      0.610     0.610 r  clk_IBUF_inst/INBUF_INST/O
                         net (fo=1, routed)           0.000     0.610    clk_IBUF_inst/OUT
    AR14                 IBUFCTRL (Prop_IBUFCTRL_HPIOB_M_I_O)
                                                      0.000     0.610 r  clk_IBUF_inst/IBUFCTRL_INST/O
                         net (fo=1, routed)           0.323     0.933    clk_IBUF
    BUFGCE_X1Y212        BUFGCE (Prop_BUFCE_BUFGCE_I_O)
                                                      0.028     0.961 r  clk_IBUF_BUFG_inst/O
    X4Y8 (CLOCK_ROOT)    net (fo=2882, routed)        1.273     2.234    genblk1[93].reg_in/CLK
    SLICE_X124Y478       FDRE                                         r  genblk1[93].reg_in/reg_out_reg[5]/C
                         clock pessimism             -0.415     1.819    
    SLICE_X124Y478       FDRE (Hold_CFF2_SLICEL_C_D)
                                                      0.062     1.881    genblk1[93].reg_in/reg_out_reg[5]
  -------------------------------------------------------------------
                         required time                         -1.881    
                         arrival time                           1.883    
  -------------------------------------------------------------------
                         slack                                  0.002    





Pulse Width Checks
--------------------------------------------------------------------------------------
Clock Name:         vclock
Waveform(ns):       { 0.000 2.417 }
Period(ns):         4.833
Sources:            { clk }

Check Type        Corner  Lib Pin   Reference Pin  Required(ns)  Actual(ns)  Slack(ns)  Location        Pin
Min Period        n/a     BUFGCE/I  n/a            1.290         4.833       3.543      BUFGCE_X1Y212   clk_IBUF_BUFG_inst/I
Low Pulse Width   Fast    FDRE/C    n/a            0.275         2.416       2.141      SLICE_X117Y471  demux/genblk1[320].z_reg[320][5]/C
High Pulse Width  Fast    FDRE/C    n/a            0.275         2.416       2.141      SLICE_X126Y470  demux/genblk1[324].z_reg[324][0]/C



