Copyright 1986-2020 Xilinx, Inc. All Rights Reserved.
--------------------------------------------------------------------------------------------
| Tool Version      : Vivado v.2020.1 (lin64) Build 2902540 Wed May 27 19:54:35 MDT 2020
| Date              : Mon Mar 14 22:22:07 2022
| Host              : lepus running 64-bit CentOS Linux release 7.9.2009 (Core)
| Command           : report_timing_summary -file ./output/fc1_34/report/timing-summary.rpt
| Design            : top
| Device            : xcvu9p-flga2104
| Speed File        : -2L  PRODUCTION 1.27 02-28-2020
| Temperature Grade : E
--------------------------------------------------------------------------------------------

Timing Summary Report

------------------------------------------------------------------------------------------------
| Timer Settings
| --------------
------------------------------------------------------------------------------------------------

  Enable Multi Corner Analysis               :  Yes
  Enable Pessimism Removal                   :  Yes
  Pessimism Removal Resolution               :  Nearest Common Node
  Enable Input Delay Default Clock           :  No
  Enable Preset / Clear Arcs                 :  No
  Disable Flight Delays                      :  No
  Ignore I/O Paths                           :  No
  Timing Early Launch at Borrowing Latches   :  No
  Borrow Time for Max Delay Exceptions       :  Yes
  Merge Timing Exceptions                    :  Yes

  Corner  Analyze    Analyze    
  Name    Max Paths  Min Paths  
  ------  ---------  ---------  
  Slow    Yes        Yes        
  Fast    Yes        Yes        



check_timing report

Table of Contents
-----------------
1. checking no_clock (0)
2. checking constant_clock (0)
3. checking pulse_width_clock (0)
4. checking unconstrained_internal_endpoints (0)
5. checking no_input_delay (10)
6. checking no_output_delay (24)
7. checking multiple_clock (0)
8. checking generated_clocks (0)
9. checking loops (0)
10. checking partial_input_delay (0)
11. checking partial_output_delay (0)
12. checking latch_loops (0)

1. checking no_clock (0)
------------------------
 There are 0 register/latch pins with no clock.


2. checking constant_clock (0)
------------------------------
 There are 0 register/latch pins with constant_clock.


3. checking pulse_width_clock (0)
---------------------------------
 There are 0 register/latch pins which need pulse_width check


4. checking unconstrained_internal_endpoints (0)
------------------------------------------------
 There are 0 pins that are not constrained for maximum delay.

 There are 0 pins that are not constrained for maximum delay due to constant clock.


5. checking no_input_delay (10)
-------------------------------
 There are 10 input ports with no input delay specified. (HIGH)

 There are 0 input ports with no input delay but user has a false path constraint.


6. checking no_output_delay (24)
--------------------------------
 There are 24 ports with no output delay specified. (HIGH)

 There are 0 ports with no output delay but user has a false path constraint

 There are 0 ports with no output delay but with a timing clock defined on it or propagating through it


7. checking multiple_clock (0)
------------------------------
 There are 0 register/latch pins with multiple clocks.


8. checking generated_clocks (0)
--------------------------------
 There are 0 generated clocks that are not connected to a clock source.


9. checking loops (0)
---------------------
 There are 0 combinational loops in the design.


10. checking partial_input_delay (0)
------------------------------------
 There are 0 input ports with partial input delay specified.


11. checking partial_output_delay (0)
-------------------------------------
 There are 0 ports with partial output delay specified.


12. checking latch_loops (0)
----------------------------
 There are 0 combinational latch loops in the design through latch input



------------------------------------------------------------------------------------------------
| Design Timing Summary
| ---------------------
------------------------------------------------------------------------------------------------

    WNS(ns)      TNS(ns)  TNS Failing Endpoints  TNS Total Endpoints      WHS(ns)      THS(ns)  THS Failing Endpoints  THS Total Endpoints     WPWS(ns)     TPWS(ns)  TPWS Failing Endpoints  TPWS Total Endpoints  
    -------      -------  ---------------------  -------------------      -------      -------  ---------------------  -------------------     --------     --------  ----------------------  --------------------  
      0.057        0.000                      0                 2769        0.004        0.000                      0                 2769        2.282        0.000                       0                  2770  


All user specified timing constraints are met.


------------------------------------------------------------------------------------------------
| Clock Summary
| -------------
------------------------------------------------------------------------------------------------

Clock   Waveform(ns)         Period(ns)      Frequency(MHz)
-----   ------------         ----------      --------------
vclock  {0.000 2.557}        5.114           195.542         


------------------------------------------------------------------------------------------------
| Intra Clock Table
| -----------------
------------------------------------------------------------------------------------------------

Clock             WNS(ns)      TNS(ns)  TNS Failing Endpoints  TNS Total Endpoints      WHS(ns)      THS(ns)  THS Failing Endpoints  THS Total Endpoints     WPWS(ns)     TPWS(ns)  TPWS Failing Endpoints  TPWS Total Endpoints  
-----             -------      -------  ---------------------  -------------------      -------      -------  ---------------------  -------------------     --------     --------  ----------------------  --------------------  
vclock              0.057        0.000                      0                 2769        0.004        0.000                      0                 2769        2.282        0.000                       0                  2770  


------------------------------------------------------------------------------------------------
| Inter Clock Table
| -----------------
------------------------------------------------------------------------------------------------

From Clock    To Clock          WNS(ns)      TNS(ns)  TNS Failing Endpoints  TNS Total Endpoints      WHS(ns)      THS(ns)  THS Failing Endpoints  THS Total Endpoints  
----------    --------          -------      -------  ---------------------  -------------------      -------      -------  ---------------------  -------------------  


------------------------------------------------------------------------------------------------
| Other Path Groups Table
| -----------------------
------------------------------------------------------------------------------------------------

Path Group    From Clock    To Clock          WNS(ns)      TNS(ns)  TNS Failing Endpoints  TNS Total Endpoints      WHS(ns)      THS(ns)  THS Failing Endpoints  THS Total Endpoints  
----------    ----------    --------          -------      -------  ---------------------  -------------------      -------      -------  ---------------------  -------------------  


------------------------------------------------------------------------------------------------
| Timing Details
| --------------
------------------------------------------------------------------------------------------------


---------------------------------------------------------------------------------------------------
From Clock:  vclock
  To Clock:  vclock

Setup :            0  Failing Endpoints,  Worst Slack        0.057ns,  Total Violation        0.000ns
Hold  :            0  Failing Endpoints,  Worst Slack        0.004ns,  Total Violation        0.000ns
PW    :            0  Failing Endpoints,  Worst Slack        2.282ns,  Total Violation        0.000ns
---------------------------------------------------------------------------------------------------


Max Delay Paths
--------------------------------------------------------------------------------------
Slack (MET) :             0.057ns  (required time - arrival time)
  Source:                 demux/sel_reg[0]/C
                            (rising edge-triggered cell FDRE clocked by vclock  {rise@0.000ns fall@2.557ns period=5.114ns})
  Destination:            demux/sel_reg[2]/D
                            (rising edge-triggered cell FDRE clocked by vclock  {rise@0.000ns fall@2.557ns period=5.114ns})
  Path Group:             vclock
  Path Type:              Setup (Max at Slow Process Corner)
  Requirement:            5.114ns  (vclock rise@5.114ns - vclock rise@0.000ns)
  Data Path Delay:        4.975ns  (logic 2.101ns (42.231%)  route 2.874ns (57.769%))
  Logic Levels:           18  (CARRY8=10 LUT2=1 LUT3=2 LUT4=2 LUT5=1 LUT6=2)
  Clock Path Skew:        -0.072ns (DCD - SCD + CPR)
    Destination Clock Delay (DCD):    1.724ns = ( 6.838 - 5.114 ) 
    Source Clock Delay      (SCD):    2.157ns
    Clock Pessimism Removal (CPR):    0.361ns
  Clock Uncertainty:      0.035ns  ((TSJ^2 + TIJ^2)^1/2 + DJ) / 2 + PE
    Total System Jitter     (TSJ):    0.071ns
    Total Input Jitter      (TIJ):    0.000ns
    Discrete Jitter          (DJ):    0.000ns
    Phase Error              (PE):    0.000ns
  Clock Net Delay (Source):      1.196ns (routing 0.171ns, distribution 1.025ns)
  Clock Net Delay (Destination): 1.054ns (routing 0.155ns, distribution 0.899ns)

    Location             Delay type                Incr(ns)  Path(ns)    Netlist Resource(s)
  -------------------------------------------------------------------    -------------------
                         (clock vclock rise edge)     0.000     0.000 r  
    AR14                                              0.000     0.000 r  clk (IN)
                         net (fo=0)                   0.000     0.000    clk_IBUF_inst/I
    AR14                 INBUF (Prop_INBUF_HPIOB_M_PAD_O)
                                                      0.610     0.610 r  clk_IBUF_inst/INBUF_INST/O
                         net (fo=1, routed)           0.000     0.610    clk_IBUF_inst/OUT
    AR14                 IBUFCTRL (Prop_IBUFCTRL_HPIOB_M_I_O)
                                                      0.000     0.610 r  clk_IBUF_inst/IBUFCTRL_INST/O
                         net (fo=1, routed)           0.323     0.933    clk_IBUF
    BUFGCE_X1Y212        BUFGCE (Prop_BUFCE_BUFGCE_I_O)
                                                      0.028     0.961 r  clk_IBUF_BUFG_inst/O
    X4Y8 (CLOCK_ROOT)    net (fo=2769, routed)        1.196     2.157    demux/CLK
    SLICE_X119Y526       FDRE                                         r  demux/sel_reg[0]/C
  -------------------------------------------------------------------    -------------------
    SLICE_X119Y526       FDRE (Prop_EFF_SLICEM_C_Q)
                                                      0.076     2.233 r  demux/sel_reg[0]/Q
                         net (fo=95, routed)          0.283     2.516    demux/sel[0]
    SLICE_X121Y524       CARRY8 (Prop_CARRY8_SLICEM_CI_O[5])
                                                      0.228     2.744 r  demux/sel_reg[8]_i_6/O[5]
                         net (fo=41, routed)          0.395     3.139    p_1_in[6]
    SLICE_X121Y522       LUT6 (Prop_E6LUT_SLICEM_I2_O)
                                                      0.052     3.191 r  sel[8]_i_247/O
                         net (fo=1, routed)           0.014     3.205    demux/sel[8]_i_201[0]
    SLICE_X121Y522       CARRY8 (Prop_CARRY8_SLICEM_S[4]_CO[7])
                                                      0.156     3.361 f  demux/sel_reg[8]_i_213/CO[7]
                         net (fo=1, routed)           0.026     3.387    demux/sel_reg[8]_i_213_n_0
    SLICE_X121Y523       CARRY8 (Prop_CARRY8_SLICEM_CI_CO[5])
                                                      0.077     3.464 f  demux/sel_reg[8]_i_195/CO[5]
                         net (fo=30, routed)          0.334     3.798    demux_n_9
    SLICE_X120Y520       LUT3 (Prop_D5LUT_SLICEL_I1_O)
                                                      0.096     3.894 r  sel[8]_i_138/O
                         net (fo=2, routed)           0.135     4.029    sel[8]_i_138_n_0
    SLICE_X120Y520       LUT4 (Prop_E6LUT_SLICEL_I3_O)
                                                      0.123     4.152 r  sel[8]_i_145/O
                         net (fo=1, routed)           0.007     4.159    demux/sel[8]_i_73_0[3]
    SLICE_X120Y520       CARRY8 (Prop_CARRY8_SLICEL_S[4]_CO[7])
                                                      0.153     4.312 r  demux/sel_reg[8]_i_81/CO[7]
                         net (fo=1, routed)           0.026     4.338    demux/sel_reg[8]_i_81_n_0
    SLICE_X120Y521       CARRY8 (Prop_CARRY8_SLICEL_CI_O[1])
                                                      0.076     4.414 r  demux/sel_reg[8]_i_77/O[1]
                         net (fo=2, routed)           0.256     4.670    demux_n_89
    SLICE_X120Y525       LUT3 (Prop_E5LUT_SLICEL_I1_O)
                                                      0.114     4.784 r  sel[8]_i_32/O
                         net (fo=2, routed)           0.149     4.933    sel[8]_i_32_n_0
    SLICE_X120Y525       LUT4 (Prop_F6LUT_SLICEL_I3_O)
                                                      0.089     5.022 r  sel[8]_i_40/O
                         net (fo=1, routed)           0.011     5.033    demux/sel[8]_i_25_0[5]
    SLICE_X120Y525       CARRY8 (Prop_CARRY8_SLICEL_S[5]_CO[7])
                                                      0.155     5.188 r  demux/sel_reg[8]_i_19/CO[7]
                         net (fo=1, routed)           0.026     5.214    demux/sel_reg[8]_i_19_n_0
    SLICE_X120Y526       CARRY8 (Prop_CARRY8_SLICEL_CI_O[0])
                                                      0.056     5.270 r  demux/sel_reg[8]_i_22/O[0]
                         net (fo=4, routed)           0.311     5.581    demux_n_104
    SLICE_X120Y528       CARRY8 (Prop_CARRY8_SLICEL_S[0]_O[4])
                                                      0.204     5.785 r  sel_reg[8]_i_18/O[4]
                         net (fo=1, routed)           0.177     5.962    sel_reg[8]_i_18_n_11
    SLICE_X121Y526       LUT2 (Prop_H6LUT_SLICEM_I1_O)
                                                      0.039     6.001 r  sel[8]_i_8/O
                         net (fo=1, routed)           0.015     6.016    demux/sel_reg[5]_0[6]
    SLICE_X121Y526       CARRY8 (Prop_CARRY8_SLICEM_S[7]_CO[7])
                                                      0.117     6.133 r  demux/sel_reg[8]_i_4/CO[7]
                         net (fo=1, routed)           0.026     6.159    demux/sel_reg[8]_i_4_n_0
    SLICE_X121Y527       CARRY8 (Prop_CARRY8_SLICEM_CI_O[1])
                                                      0.076     6.235 r  demux/sel_reg[8]_i_5/O[1]
                         net (fo=10, routed)          0.325     6.560    demux/sel_reg[8]_i_5_n_14
    SLICE_X122Y526       LUT5 (Prop_G6LUT_SLICEL_I4_O)
                                                      0.089     6.649 r  demux/sel[3]_i_2/O
                         net (fo=4, routed)           0.305     6.954    demux/sel[3]_i_2_n_0
    SLICE_X121Y528       LUT6 (Prop_A6LUT_SLICEM_I3_O)
                                                      0.125     7.079 r  demux/sel[2]_i_1/O
                         net (fo=1, routed)           0.053     7.132    demux/sel20_in[2]
    SLICE_X121Y528       FDRE                                         r  demux/sel_reg[2]/D
  -------------------------------------------------------------------    -------------------

                         (clock vclock rise edge)     5.114     5.114 r  
    AR14                                              0.000     5.114 r  clk (IN)
                         net (fo=0)                   0.000     5.114    clk_IBUF_inst/I
    AR14                 INBUF (Prop_INBUF_HPIOB_M_PAD_O)
                                                      0.359     5.473 r  clk_IBUF_inst/INBUF_INST/O
                         net (fo=1, routed)           0.000     5.473    clk_IBUF_inst/OUT
    AR14                 IBUFCTRL (Prop_IBUFCTRL_HPIOB_M_I_O)
                                                      0.000     5.473 r  clk_IBUF_inst/IBUFCTRL_INST/O
                         net (fo=1, routed)           0.287     5.760    clk_IBUF
    BUFGCE_X1Y212        BUFGCE (Prop_BUFCE_BUFGCE_I_O)
                                                      0.024     5.784 r  clk_IBUF_BUFG_inst/O
    X4Y8 (CLOCK_ROOT)    net (fo=2769, routed)        1.054     6.838    demux/CLK
    SLICE_X121Y528       FDRE                                         r  demux/sel_reg[2]/C
                         clock pessimism              0.361     7.199    
                         clock uncertainty           -0.035     7.164    
    SLICE_X121Y528       FDRE (Setup_AFF_SLICEM_C_D)
                                                      0.025     7.189    demux/sel_reg[2]
  -------------------------------------------------------------------
                         required time                          7.189    
                         arrival time                          -7.132    
  -------------------------------------------------------------------
                         slack                                  0.057    





Min Delay Paths
--------------------------------------------------------------------------------------
Slack (MET) :             0.004ns  (arrival time - required time)
  Source:                 demux/genblk1[279].z_reg[279][0]/C
                            (rising edge-triggered cell FDRE clocked by vclock  {rise@0.000ns fall@2.557ns period=5.114ns})
  Destination:            genblk1[279].reg_in/reg_out_reg[0]/D
                            (rising edge-triggered cell FDRE clocked by vclock  {rise@0.000ns fall@2.557ns period=5.114ns})
  Path Group:             vclock
  Path Type:              Hold (Min at Slow Process Corner)
  Requirement:            0.000ns  (vclock rise@0.000ns - vclock rise@0.000ns)
  Data Path Delay:        0.164ns  (logic 0.061ns (37.195%)  route 0.103ns (62.805%))
  Logic Levels:           0  
  Clock Path Skew:        0.098ns (DCD - SCD - CPR)
    Destination Clock Delay (DCD):    2.217ns
    Source Clock Delay      (SCD):    1.758ns
    Clock Pessimism Removal (CPR):    0.360ns
  Clock Net Delay (Source):      1.088ns (routing 0.155ns, distribution 0.933ns)
  Clock Net Delay (Destination): 1.256ns (routing 0.171ns, distribution 1.085ns)

    Location             Delay type                Incr(ns)  Path(ns)    Netlist Resource(s)
  -------------------------------------------------------------------    -------------------
                         (clock vclock rise edge)     0.000     0.000 r  
    AR14                                              0.000     0.000 r  clk (IN)
                         net (fo=0)                   0.000     0.000    clk_IBUF_inst/I
    AR14                 INBUF (Prop_INBUF_HPIOB_M_PAD_O)
                                                      0.359     0.359 r  clk_IBUF_inst/INBUF_INST/O
                         net (fo=1, routed)           0.000     0.359    clk_IBUF_inst/OUT
    AR14                 IBUFCTRL (Prop_IBUFCTRL_HPIOB_M_I_O)
                                                      0.000     0.359 r  clk_IBUF_inst/IBUFCTRL_INST/O
                         net (fo=1, routed)           0.287     0.646    clk_IBUF
    BUFGCE_X1Y212        BUFGCE (Prop_BUFCE_BUFGCE_I_O)
                                                      0.024     0.670 r  clk_IBUF_BUFG_inst/O
    X4Y8 (CLOCK_ROOT)    net (fo=2769, routed)        1.088     1.758    demux/CLK
    SLICE_X132Y503       FDRE                                         r  demux/genblk1[279].z_reg[279][0]/C
  -------------------------------------------------------------------    -------------------
    SLICE_X132Y503       FDRE (Prop_DFF2_SLICEL_C_Q)
                                                      0.061     1.819 r  demux/genblk1[279].z_reg[279][0]/Q
                         net (fo=1, routed)           0.103     1.922    genblk1[279].reg_in/D[0]
    SLICE_X134Y505       FDRE                                         r  genblk1[279].reg_in/reg_out_reg[0]/D
  -------------------------------------------------------------------    -------------------

                         (clock vclock rise edge)     0.000     0.000 r  
    AR14                                              0.000     0.000 r  clk (IN)
                         net (fo=0)                   0.000     0.000    clk_IBUF_inst/I
    AR14                 INBUF (Prop_INBUF_HPIOB_M_PAD_O)
                                                      0.610     0.610 r  clk_IBUF_inst/INBUF_INST/O
                         net (fo=1, routed)           0.000     0.610    clk_IBUF_inst/OUT
    AR14                 IBUFCTRL (Prop_IBUFCTRL_HPIOB_M_I_O)
                                                      0.000     0.610 r  clk_IBUF_inst/IBUFCTRL_INST/O
                         net (fo=1, routed)           0.323     0.933    clk_IBUF
    BUFGCE_X1Y212        BUFGCE (Prop_BUFCE_BUFGCE_I_O)
                                                      0.028     0.961 r  clk_IBUF_BUFG_inst/O
    X4Y8 (CLOCK_ROOT)    net (fo=2769, routed)        1.256     2.217    genblk1[279].reg_in/CLK
    SLICE_X134Y505       FDRE                                         r  genblk1[279].reg_in/reg_out_reg[0]/C
                         clock pessimism             -0.360     1.857    
    SLICE_X134Y505       FDRE (Hold_EFF2_SLICEL_C_D)
                                                      0.062     1.919    genblk1[279].reg_in/reg_out_reg[0]
  -------------------------------------------------------------------
                         required time                         -1.919    
                         arrival time                           1.922    
  -------------------------------------------------------------------
                         slack                                  0.004    





Pulse Width Checks
--------------------------------------------------------------------------------------
Clock Name:         vclock
Waveform(ns):       { 0.000 2.557 }
Period(ns):         5.114
Sources:            { clk }

Check Type        Corner  Lib Pin   Reference Pin  Required(ns)  Actual(ns)  Slack(ns)  Location        Pin
Min Period        n/a     BUFGCE/I  n/a            1.290         5.114       3.824      BUFGCE_X1Y212   clk_IBUF_BUFG_inst/I
Low Pulse Width   Slow    FDRE/C    n/a            0.275         2.557       2.282      SLICE_X119Y498  genblk1[100].reg_in/reg_out_reg[2]/C
High Pulse Width  Fast    FDRE/C    n/a            0.275         2.557       2.282      SLICE_X130Y503  demux/genblk1[34].z_reg[34][7]/C



