Copyright 1986-2020 Xilinx, Inc. All Rights Reserved.
-------------------------------------------------------------------------------------------------------
| Tool Version      : Vivado v.2020.1 (lin64) Build 2902540 Wed May 27 19:54:35 MDT 2020
| Date              : Tue Mar 15 10:15:35 2022
| Host              : lepus running 64-bit CentOS Linux release 7.9.2009 (Core)
| Command           : report_timing_summary -file ./output/fc1_98/report/timing-summary-post-place.rpt
| Design            : top
| Device            : xcvu9p-flga2104
| Speed File        : -2L  PRODUCTION 1.27 02-28-2020
| Temperature Grade : E
-------------------------------------------------------------------------------------------------------

Timing Summary Report

------------------------------------------------------------------------------------------------
| Timer Settings
| --------------
------------------------------------------------------------------------------------------------

  Enable Multi Corner Analysis               :  Yes
  Enable Pessimism Removal                   :  Yes
  Pessimism Removal Resolution               :  Nearest Common Node
  Enable Input Delay Default Clock           :  No
  Enable Preset / Clear Arcs                 :  No
  Disable Flight Delays                      :  No
  Ignore I/O Paths                           :  No
  Timing Early Launch at Borrowing Latches   :  No
  Borrow Time for Max Delay Exceptions       :  Yes
  Merge Timing Exceptions                    :  Yes

  Corner  Analyze    Analyze    
  Name    Max Paths  Min Paths  
  ------  ---------  ---------  
  Slow    Yes        Yes        
  Fast    Yes        Yes        



check_timing report

Table of Contents
-----------------
1. checking no_clock (0)
2. checking constant_clock (0)
3. checking pulse_width_clock (0)
4. checking unconstrained_internal_endpoints (0)
5. checking no_input_delay (10)
6. checking no_output_delay (22)
7. checking multiple_clock (0)
8. checking generated_clocks (0)
9. checking loops (0)
10. checking partial_input_delay (0)
11. checking partial_output_delay (0)
12. checking latch_loops (0)

1. checking no_clock (0)
------------------------
 There are 0 register/latch pins with no clock.


2. checking constant_clock (0)
------------------------------
 There are 0 register/latch pins with constant_clock.


3. checking pulse_width_clock (0)
---------------------------------
 There are 0 register/latch pins which need pulse_width check


4. checking unconstrained_internal_endpoints (0)
------------------------------------------------
 There are 0 pins that are not constrained for maximum delay.

 There are 0 pins that are not constrained for maximum delay due to constant clock.


5. checking no_input_delay (10)
-------------------------------
 There are 10 input ports with no input delay specified. (HIGH)

 There are 0 input ports with no input delay but user has a false path constraint.


6. checking no_output_delay (22)
--------------------------------
 There are 22 ports with no output delay specified. (HIGH)

 There are 0 ports with no output delay but user has a false path constraint

 There are 0 ports with no output delay but with a timing clock defined on it or propagating through it


7. checking multiple_clock (0)
------------------------------
 There are 0 register/latch pins with multiple clocks.


8. checking generated_clocks (0)
--------------------------------
 There are 0 generated clocks that are not connected to a clock source.


9. checking loops (0)
---------------------
 There are 0 combinational loops in the design.


10. checking partial_input_delay (0)
------------------------------------
 There are 0 input ports with partial input delay specified.


11. checking partial_output_delay (0)
-------------------------------------
 There are 0 ports with partial output delay specified.


12. checking latch_loops (0)
----------------------------
 There are 0 combinational latch loops in the design through latch input



------------------------------------------------------------------------------------------------
| Design Timing Summary
| ---------------------
------------------------------------------------------------------------------------------------

    WNS(ns)      TNS(ns)  TNS Failing Endpoints  TNS Total Endpoints      WHS(ns)      THS(ns)  THS Failing Endpoints  THS Total Endpoints     WPWS(ns)     TPWS(ns)  TPWS Failing Endpoints  TPWS Total Endpoints  
    -------      -------  ---------------------  -------------------      -------      -------  ---------------------  -------------------     --------     --------  ----------------------  --------------------  
     -0.568       -4.797                     14                 1199       -0.043       -0.292                     17                 1199        1.725        0.000                       0                  1200  


Timing constraints are not met.


------------------------------------------------------------------------------------------------
| Clock Summary
| -------------
------------------------------------------------------------------------------------------------

Clock          Waveform(ns)         Period(ns)      Frequency(MHz)
-----          ------------         ----------      --------------
virtual_clock  {0.000 2.000}        4.000           250.000         


------------------------------------------------------------------------------------------------
| Intra Clock Table
| -----------------
------------------------------------------------------------------------------------------------

Clock              WNS(ns)      TNS(ns)  TNS Failing Endpoints  TNS Total Endpoints      WHS(ns)      THS(ns)  THS Failing Endpoints  THS Total Endpoints     WPWS(ns)     TPWS(ns)  TPWS Failing Endpoints  TPWS Total Endpoints  
-----              -------      -------  ---------------------  -------------------      -------      -------  ---------------------  -------------------     --------     --------  ----------------------  --------------------  
virtual_clock       -0.568       -4.797                     14                 1199       -0.043       -0.292                     17                 1199        1.725        0.000                       0                  1200  


------------------------------------------------------------------------------------------------
| Inter Clock Table
| -----------------
------------------------------------------------------------------------------------------------

From Clock    To Clock          WNS(ns)      TNS(ns)  TNS Failing Endpoints  TNS Total Endpoints      WHS(ns)      THS(ns)  THS Failing Endpoints  THS Total Endpoints  
----------    --------          -------      -------  ---------------------  -------------------      -------      -------  ---------------------  -------------------  


------------------------------------------------------------------------------------------------
| Other Path Groups Table
| -----------------------
------------------------------------------------------------------------------------------------

Path Group    From Clock    To Clock          WNS(ns)      TNS(ns)  TNS Failing Endpoints  TNS Total Endpoints      WHS(ns)      THS(ns)  THS Failing Endpoints  THS Total Endpoints  
----------    ----------    --------          -------      -------  ---------------------  -------------------      -------      -------  ---------------------  -------------------  


------------------------------------------------------------------------------------------------
| Timing Details
| --------------
------------------------------------------------------------------------------------------------


---------------------------------------------------------------------------------------------------
From Clock:  virtual_clock
  To Clock:  virtual_clock

Setup :           14  Failing Endpoints,  Worst Slack       -0.568ns,  Total Violation       -4.797ns
Hold  :           17  Failing Endpoints,  Worst Slack       -0.043ns,  Total Violation       -0.292ns
PW    :            0  Failing Endpoints,  Worst Slack        1.725ns,  Total Violation        0.000ns
---------------------------------------------------------------------------------------------------


Max Delay Paths
--------------------------------------------------------------------------------------
Slack (VIOLATED) :        -0.568ns  (required time - arrival time)
  Source:                 demux/sel_reg[1]/C
                            (rising edge-triggered cell FDRE clocked by virtual_clock  {rise@0.000ns fall@2.000ns period=4.000ns})
  Destination:            demux/sel_reg[3]/D
                            (rising edge-triggered cell FDRE clocked by virtual_clock  {rise@0.000ns fall@2.000ns period=4.000ns})
  Path Group:             virtual_clock
  Path Type:              Setup (Max at Slow Process Corner)
  Requirement:            4.000ns  (virtual_clock rise@4.000ns - virtual_clock rise@0.000ns)
  Data Path Delay:        4.509ns  (logic 1.844ns (40.896%)  route 2.665ns (59.104%))
  Logic Levels:           17  (CARRY8=9 LUT2=1 LUT3=3 LUT4=2 LUT6=2)
  Clock Path Skew:        -0.048ns (DCD - SCD + CPR)
    Destination Clock Delay (DCD):    1.716ns = ( 5.716 - 4.000 ) 
    Source Clock Delay      (SCD):    2.200ns
    Clock Pessimism Removal (CPR):    0.437ns
  Clock Uncertainty:      0.035ns  ((TSJ^2 + TIJ^2)^1/2 + DJ) / 2 + PE
    Total System Jitter     (TSJ):    0.071ns
    Total Input Jitter      (TIJ):    0.000ns
    Discrete Jitter          (DJ):    0.000ns
    Phase Error              (PE):    0.000ns
  Clock Net Delay (Source):      1.254ns (routing 0.210ns, distribution 1.044ns)
  Clock Net Delay (Destination): 1.060ns (routing 0.190ns, distribution 0.870ns)

    Location             Delay type                Incr(ns)  Path(ns)    Netlist Resource(s)
  -------------------------------------------------------------------    -------------------
                         (clock virtual_clock rise edge)
                                                      0.000     0.000 r  
    AP13                                              0.000     0.000 r  clk (IN)
                         net (fo=0)                   0.000     0.000    clk_IBUF_inst/I
    AP13                 INBUF (Prop_INBUF_HPIOB_M_PAD_O)
                                                      0.595     0.595 r  clk_IBUF_inst/INBUF_INST/O
                         net (fo=1, routed)           0.000     0.595    clk_IBUF_inst/OUT
    AP13                 IBUFCTRL (Prop_IBUFCTRL_HPIOB_M_I_O)
                                                      0.000     0.595 r  clk_IBUF_inst/IBUFCTRL_INST/O
                         net (fo=1, estimated)        0.323     0.918    clk_IBUF
    BUFGCE_X1Y194        BUFGCE (Prop_BUFCE_BUFGCE_I_O)
                                                      0.028     0.946 r  clk_IBUF_BUFG_inst/O
    X4Y8 (CLOCK_ROOT)    net (fo=1199, estimated)     1.254     2.200    demux/CLK
    SLICE_X125Y486       FDRE                                         r  demux/sel_reg[1]/C
  -------------------------------------------------------------------    -------------------
    SLICE_X125Y486       FDRE (Prop_AFF_SLICEM_C_Q)
                                                      0.077     2.277 r  demux/sel_reg[1]/Q
                         net (fo=33, estimated)       0.235     2.512    demux/sel[1]
    SLICE_X124Y486       CARRY8 (Prop_CARRY8_SLICEL_S[0]_O[5])
                                                      0.238     2.750 f  demux/sel_reg[8]_i_6/O[5]
                         net (fo=42, estimated)       0.280     3.030    demux/sel_reg[0]_0[5]
    SLICE_X122Y485       LUT3 (Prop_A5LUT_SLICEL_I0_O)
                                                      0.161     3.191 f  demux/sel[8]_i_235/O
                         net (fo=1, estimated)        0.149     3.340    demux/sel[8]_i_235_n_0
    SLICE_X122Y483       CARRY8 (Prop_CARRY8_SLICEL_DI[4]_CO[7])
                                                      0.091     3.431 f  demux/sel_reg[8]_i_200/CO[7]
                         net (fo=1, estimated)        0.026     3.457    demux/sel_reg[8]_i_200_n_0
    SLICE_X122Y484       CARRY8 (Prop_CARRY8_SLICEL_CI_CO[5])
                                                      0.077     3.534 f  demux/sel_reg[8]_i_166/CO[5]
                         net (fo=31, estimated)       0.243     3.777    demux_n_9
    SLICE_X123Y484       LUT3 (Prop_G5LUT_SLICEM_I1_O)
                                                      0.112     3.889 r  sel[8]_i_135/O
                         net (fo=2, estimated)        0.219     4.108    sel[8]_i_135_n_0
    SLICE_X123Y484       LUT4 (Prop_H6LUT_SLICEM_I3_O)
                                                      0.053     4.161 r  sel[8]_i_142/O
                         net (fo=1, routed)           0.015     4.176    demux/sel[8]_i_73_0[6]
    SLICE_X123Y484       CARRY8 (Prop_CARRY8_SLICEM_S[7]_CO[7])
                                                      0.117     4.293 r  demux/sel_reg[8]_i_81/CO[7]
                         net (fo=1, estimated)        0.026     4.319    demux/sel_reg[8]_i_81_n_0
    SLICE_X123Y485       CARRY8 (Prop_CARRY8_SLICEM_CI_O[1])
                                                      0.076     4.395 r  demux/sel_reg[8]_i_77/O[1]
                         net (fo=2, estimated)        0.242     4.637    demux_n_89
    SLICE_X124Y484       LUT3 (Prop_E5LUT_SLICEL_I2_O)
                                                      0.101     4.738 r  sel[8]_i_32/O
                         net (fo=2, estimated)        0.159     4.897    sel[8]_i_32_n_0
    SLICE_X124Y484       LUT4 (Prop_F6LUT_SLICEL_I3_O)
                                                      0.049     4.946 r  sel[8]_i_40/O
                         net (fo=1, routed)           0.011     4.957    demux/sel[8]_i_25_0[5]
    SLICE_X124Y484       CARRY8 (Prop_CARRY8_SLICEL_S[5]_CO[7])
                                                      0.155     5.112 r  demux/sel_reg[8]_i_19/CO[7]
                         net (fo=1, estimated)        0.026     5.138    demux/sel_reg[8]_i_19_n_0
    SLICE_X124Y485       CARRY8 (Prop_CARRY8_SLICEL_CI_O[0])
                                                      0.056     5.194 r  demux/sel_reg[8]_i_22/O[0]
                         net (fo=4, estimated)        0.425     5.619    demux_n_104
    SLICE_X125Y488       CARRY8 (Prop_CARRY8_SLICEM_S[0]_O[0])
                                                      0.065     5.684 r  sel_reg[8]_i_18/O[0]
                         net (fo=1, estimated)        0.179     5.863    sel_reg[8]_i_18_n_15
    SLICE_X124Y488       LUT2 (Prop_D6LUT_SLICEL_I1_O)
                                                      0.036     5.899 r  sel[8]_i_12/O
                         net (fo=1, routed)           0.009     5.908    demux/sel_reg[0]_10[2]
    SLICE_X124Y488       CARRY8 (Prop_CARRY8_SLICEL_S[3]_O[4])
                                                      0.144     6.052 r  demux/sel_reg[8]_i_3/O[4]
                         net (fo=3, estimated)        0.152     6.204    demux/sel_reg[8]_i_3_n_11
    SLICE_X124Y490       LUT6 (Prop_B6LUT_SLICEL_I0_O)
                                                      0.148     6.352 r  demux/sel[8]_i_5/O
                         net (fo=7, estimated)        0.219     6.571    demux/sel[8]_i_5_n_0
    SLICE_X126Y486       LUT6 (Prop_C6LUT_SLICEL_I2_O)
                                                      0.088     6.659 r  demux/sel[3]_i_1/O
                         net (fo=1, routed)           0.050     6.709    demux/sel20_in[3]
    SLICE_X126Y486       FDRE                                         r  demux/sel_reg[3]/D
  -------------------------------------------------------------------    -------------------

                         (clock virtual_clock rise edge)
                                                      4.000     4.000 r  
    AP13                                              0.000     4.000 r  clk (IN)
                         net (fo=0)                   0.000     4.000    clk_IBUF_inst/I
    AP13                 INBUF (Prop_INBUF_HPIOB_M_PAD_O)
                                                      0.345     4.345 r  clk_IBUF_inst/INBUF_INST/O
                         net (fo=1, routed)           0.000     4.345    clk_IBUF_inst/OUT
    AP13                 IBUFCTRL (Prop_IBUFCTRL_HPIOB_M_I_O)
                                                      0.000     4.345 r  clk_IBUF_inst/IBUFCTRL_INST/O
                         net (fo=1, estimated)        0.287     4.632    clk_IBUF
    BUFGCE_X1Y194        BUFGCE (Prop_BUFCE_BUFGCE_I_O)
                                                      0.024     4.656 r  clk_IBUF_BUFG_inst/O
    X4Y8 (CLOCK_ROOT)    net (fo=1199, estimated)     1.060     5.716    demux/CLK
    SLICE_X126Y486       FDRE                                         r  demux/sel_reg[3]/C
                         clock pessimism              0.437     6.152    
                         clock uncertainty           -0.035     6.117    
    SLICE_X126Y486       FDRE (Setup_CFF_SLICEL_C_D)
                                                      0.025     6.142    demux/sel_reg[3]
  -------------------------------------------------------------------
                         required time                          6.142    
                         arrival time                          -6.709    
  -------------------------------------------------------------------
                         slack                                 -0.568    





Min Delay Paths
--------------------------------------------------------------------------------------
Slack (VIOLATED) :        -0.043ns  (arrival time - required time)
  Source:                 demux/genblk1[7].z_reg[7][0]/C
                            (rising edge-triggered cell FDRE clocked by virtual_clock  {rise@0.000ns fall@2.000ns period=4.000ns})
  Destination:            genblk1[7].reg_in/reg_out_reg[0]/D
                            (rising edge-triggered cell FDRE clocked by virtual_clock  {rise@0.000ns fall@2.000ns period=4.000ns})
  Path Group:             virtual_clock
  Path Type:              Hold (Min at Slow Process Corner)
  Requirement:            0.000ns  (virtual_clock rise@0.000ns - virtual_clock rise@0.000ns)
  Data Path Delay:        0.178ns  (logic 0.059ns (33.146%)  route 0.119ns (66.854%))
  Logic Levels:           0  
  Clock Path Skew:        0.161ns (DCD - SCD - CPR)
    Destination Clock Delay (DCD):    2.195ns
    Source Clock Delay      (SCD):    1.724ns
    Clock Pessimism Removal (CPR):    0.311ns
  Clock Net Delay (Source):      1.068ns (routing 0.190ns, distribution 0.878ns)
  Clock Net Delay (Destination): 1.249ns (routing 0.210ns, distribution 1.039ns)

    Location             Delay type                Incr(ns)  Path(ns)    Netlist Resource(s)
  -------------------------------------------------------------------    -------------------
                         (clock virtual_clock rise edge)
                                                      0.000     0.000 r  
    AP13                                              0.000     0.000 r  clk (IN)
                         net (fo=0)                   0.000     0.000    clk_IBUF_inst/I
    AP13                 INBUF (Prop_INBUF_HPIOB_M_PAD_O)
                                                      0.345     0.345 r  clk_IBUF_inst/INBUF_INST/O
                         net (fo=1, routed)           0.000     0.345    clk_IBUF_inst/OUT
    AP13                 IBUFCTRL (Prop_IBUFCTRL_HPIOB_M_I_O)
                                                      0.000     0.345 r  clk_IBUF_inst/IBUFCTRL_INST/O
                         net (fo=1, estimated)        0.287     0.632    clk_IBUF
    BUFGCE_X1Y194        BUFGCE (Prop_BUFCE_BUFGCE_I_O)
                                                      0.024     0.656 r  clk_IBUF_BUFG_inst/O
    X4Y8 (CLOCK_ROOT)    net (fo=1199, estimated)     1.068     1.724    demux/CLK
    SLICE_X124Y479       FDRE                                         r  demux/genblk1[7].z_reg[7][0]/C
  -------------------------------------------------------------------    -------------------
    SLICE_X124Y479       FDRE (Prop_HFF2_SLICEL_C_Q)
                                                      0.059     1.783 r  demux/genblk1[7].z_reg[7][0]/Q
                         net (fo=1, estimated)        0.119     1.902    genblk1[7].reg_in/D[0]
    SLICE_X126Y480       FDRE                                         r  genblk1[7].reg_in/reg_out_reg[0]/D
  -------------------------------------------------------------------    -------------------

                         (clock virtual_clock rise edge)
                                                      0.000     0.000 r  
    AP13                                              0.000     0.000 r  clk (IN)
                         net (fo=0)                   0.000     0.000    clk_IBUF_inst/I
    AP13                 INBUF (Prop_INBUF_HPIOB_M_PAD_O)
                                                      0.595     0.595 r  clk_IBUF_inst/INBUF_INST/O
                         net (fo=1, routed)           0.000     0.595    clk_IBUF_inst/OUT
    AP13                 IBUFCTRL (Prop_IBUFCTRL_HPIOB_M_I_O)
                                                      0.000     0.595 r  clk_IBUF_inst/IBUFCTRL_INST/O
                         net (fo=1, estimated)        0.323     0.918    clk_IBUF
    BUFGCE_X1Y194        BUFGCE (Prop_BUFCE_BUFGCE_I_O)
                                                      0.028     0.946 r  clk_IBUF_BUFG_inst/O
    X4Y8 (CLOCK_ROOT)    net (fo=1199, estimated)     1.249     2.195    genblk1[7].reg_in/CLK
    SLICE_X126Y480       FDRE                                         r  genblk1[7].reg_in/reg_out_reg[0]/C
                         clock pessimism             -0.311     1.884    
    SLICE_X126Y480       FDRE (Hold_EFF_SLICEL_C_D)
                                                      0.060     1.944    genblk1[7].reg_in/reg_out_reg[0]
  -------------------------------------------------------------------
                         required time                         -1.944    
                         arrival time                           1.902    
  -------------------------------------------------------------------
                         slack                                 -0.043    





Pulse Width Checks
--------------------------------------------------------------------------------------
Clock Name:         virtual_clock
Waveform(ns):       { 0.000 2.000 }
Period(ns):         4.000
Sources:            { clk }

Check Type        Corner  Lib Pin   Reference Pin  Required(ns)  Actual(ns)  Slack(ns)  Location        Pin
Min Period        n/a     BUFGCE/I  n/a            1.290         4.000       2.710      BUFGCE_X1Y194   clk_IBUF_BUFG_inst/I
Low Pulse Width   Slow    FDRE/C    n/a            0.275         2.000       1.725      SLICE_X125Y469  demux/genblk1[157].z_reg[157][6]/C
High Pulse Width  Fast    FDRE/C    n/a            0.275         2.000       1.725      SLICE_X128Y462  demux/genblk1[157].z_reg[157][5]/C



