Copyright 1986-2020 Xilinx, Inc. All Rights Reserved.
--------------------------------------------------------------------------------------------------------
| Tool Version      : Vivado v.2020.1 (lin64) Build 2902540 Wed May 27 19:54:35 MDT 2020
| Date              : Tue Mar 15 11:58:15 2022
| Host              : lepus running 64-bit CentOS Linux release 7.9.2009 (Core)
| Command           : report_timing_summary -file ./output/fc1_107/report/timing-summary-post-place.rpt
| Design            : top
| Device            : xcvu9p-flga2104
| Speed File        : -2L  PRODUCTION 1.27 02-28-2020
| Temperature Grade : E
--------------------------------------------------------------------------------------------------------

Timing Summary Report

------------------------------------------------------------------------------------------------
| Timer Settings
| --------------
------------------------------------------------------------------------------------------------

  Enable Multi Corner Analysis               :  Yes
  Enable Pessimism Removal                   :  Yes
  Pessimism Removal Resolution               :  Nearest Common Node
  Enable Input Delay Default Clock           :  No
  Enable Preset / Clear Arcs                 :  No
  Disable Flight Delays                      :  No
  Ignore I/O Paths                           :  No
  Timing Early Launch at Borrowing Latches   :  No
  Borrow Time for Max Delay Exceptions       :  Yes
  Merge Timing Exceptions                    :  Yes

  Corner  Analyze    Analyze    
  Name    Max Paths  Min Paths  
  ------  ---------  ---------  
  Slow    Yes        Yes        
  Fast    Yes        Yes        



check_timing report

Table of Contents
-----------------
1. checking no_clock (0)
2. checking constant_clock (0)
3. checking pulse_width_clock (0)
4. checking unconstrained_internal_endpoints (0)
5. checking no_input_delay (10)
6. checking no_output_delay (24)
7. checking multiple_clock (0)
8. checking generated_clocks (0)
9. checking loops (0)
10. checking partial_input_delay (0)
11. checking partial_output_delay (0)
12. checking latch_loops (0)

1. checking no_clock (0)
------------------------
 There are 0 register/latch pins with no clock.


2. checking constant_clock (0)
------------------------------
 There are 0 register/latch pins with constant_clock.


3. checking pulse_width_clock (0)
---------------------------------
 There are 0 register/latch pins which need pulse_width check


4. checking unconstrained_internal_endpoints (0)
------------------------------------------------
 There are 0 pins that are not constrained for maximum delay.

 There are 0 pins that are not constrained for maximum delay due to constant clock.


5. checking no_input_delay (10)
-------------------------------
 There are 10 input ports with no input delay specified. (HIGH)

 There are 0 input ports with no input delay but user has a false path constraint.


6. checking no_output_delay (24)
--------------------------------
 There are 24 ports with no output delay specified. (HIGH)

 There are 0 ports with no output delay but user has a false path constraint

 There are 0 ports with no output delay but with a timing clock defined on it or propagating through it


7. checking multiple_clock (0)
------------------------------
 There are 0 register/latch pins with multiple clocks.


8. checking generated_clocks (0)
--------------------------------
 There are 0 generated clocks that are not connected to a clock source.


9. checking loops (0)
---------------------
 There are 0 combinational loops in the design.


10. checking partial_input_delay (0)
------------------------------------
 There are 0 input ports with partial input delay specified.


11. checking partial_output_delay (0)
-------------------------------------
 There are 0 ports with partial output delay specified.


12. checking latch_loops (0)
----------------------------
 There are 0 combinational latch loops in the design through latch input



------------------------------------------------------------------------------------------------
| Design Timing Summary
| ---------------------
------------------------------------------------------------------------------------------------

    WNS(ns)      TNS(ns)  TNS Failing Endpoints  TNS Total Endpoints      WHS(ns)      THS(ns)  THS Failing Endpoints  THS Total Endpoints     WPWS(ns)     TPWS(ns)  TPWS Failing Endpoints  TPWS Total Endpoints  
    -------      -------  ---------------------  -------------------      -------      -------  ---------------------  -------------------     --------     --------  ----------------------  --------------------  
     -1.181      -15.957                     25                 2657       -0.038       -0.741                     41                 2657        1.725        0.000                       0                  2658  


Timing constraints are not met.


------------------------------------------------------------------------------------------------
| Clock Summary
| -------------
------------------------------------------------------------------------------------------------

Clock          Waveform(ns)         Period(ns)      Frequency(MHz)
-----          ------------         ----------      --------------
virtual_clock  {0.000 2.000}        4.000           250.000         


------------------------------------------------------------------------------------------------
| Intra Clock Table
| -----------------
------------------------------------------------------------------------------------------------

Clock              WNS(ns)      TNS(ns)  TNS Failing Endpoints  TNS Total Endpoints      WHS(ns)      THS(ns)  THS Failing Endpoints  THS Total Endpoints     WPWS(ns)     TPWS(ns)  TPWS Failing Endpoints  TPWS Total Endpoints  
-----              -------      -------  ---------------------  -------------------      -------      -------  ---------------------  -------------------     --------     --------  ----------------------  --------------------  
virtual_clock       -1.181      -15.957                     25                 2657       -0.038       -0.741                     41                 2657        1.725        0.000                       0                  2658  


------------------------------------------------------------------------------------------------
| Inter Clock Table
| -----------------
------------------------------------------------------------------------------------------------

From Clock    To Clock          WNS(ns)      TNS(ns)  TNS Failing Endpoints  TNS Total Endpoints      WHS(ns)      THS(ns)  THS Failing Endpoints  THS Total Endpoints  
----------    --------          -------      -------  ---------------------  -------------------      -------      -------  ---------------------  -------------------  


------------------------------------------------------------------------------------------------
| Other Path Groups Table
| -----------------------
------------------------------------------------------------------------------------------------

Path Group    From Clock    To Clock          WNS(ns)      TNS(ns)  TNS Failing Endpoints  TNS Total Endpoints      WHS(ns)      THS(ns)  THS Failing Endpoints  THS Total Endpoints  
----------    ----------    --------          -------      -------  ---------------------  -------------------      -------      -------  ---------------------  -------------------  


------------------------------------------------------------------------------------------------
| Timing Details
| --------------
------------------------------------------------------------------------------------------------


---------------------------------------------------------------------------------------------------
From Clock:  virtual_clock
  To Clock:  virtual_clock

Setup :           25  Failing Endpoints,  Worst Slack       -1.181ns,  Total Violation      -15.957ns
Hold  :           41  Failing Endpoints,  Worst Slack       -0.038ns,  Total Violation       -0.741ns
PW    :            0  Failing Endpoints,  Worst Slack        1.725ns,  Total Violation        0.000ns
---------------------------------------------------------------------------------------------------


Max Delay Paths
--------------------------------------------------------------------------------------
Slack (VIOLATED) :        -1.181ns  (required time - arrival time)
  Source:                 demux/sel_reg[0]/C
                            (rising edge-triggered cell FDRE clocked by virtual_clock  {rise@0.000ns fall@2.000ns period=4.000ns})
  Destination:            demux/sel_reg[2]/D
                            (rising edge-triggered cell FDRE clocked by virtual_clock  {rise@0.000ns fall@2.000ns period=4.000ns})
  Path Group:             virtual_clock
  Path Type:              Setup (Max at Slow Process Corner)
  Requirement:            4.000ns  (virtual_clock rise@4.000ns - virtual_clock rise@0.000ns)
  Data Path Delay:        5.061ns  (logic 1.953ns (38.589%)  route 3.108ns (61.411%))
  Logic Levels:           18  (CARRY8=9 LUT2=1 LUT3=3 LUT4=3 LUT6=2)
  Clock Path Skew:        -0.110ns (DCD - SCD + CPR)
    Destination Clock Delay (DCD):    1.753ns = ( 5.753 - 4.000 ) 
    Source Clock Delay      (SCD):    2.241ns
    Clock Pessimism Removal (CPR):    0.378ns
  Clock Uncertainty:      0.035ns  ((TSJ^2 + TIJ^2)^1/2 + DJ) / 2 + PE
    Total System Jitter     (TSJ):    0.071ns
    Total Input Jitter      (TIJ):    0.000ns
    Discrete Jitter          (DJ):    0.000ns
    Phase Error              (PE):    0.000ns
  Clock Net Delay (Source):      1.280ns (routing 0.210ns, distribution 1.070ns)
  Clock Net Delay (Destination): 1.083ns (routing 0.190ns, distribution 0.893ns)

    Location             Delay type                Incr(ns)  Path(ns)    Netlist Resource(s)
  -------------------------------------------------------------------    -------------------
                         (clock virtual_clock rise edge)
                                                      0.000     0.000 r  
    AR14                                              0.000     0.000 r  clk (IN)
                         net (fo=0)                   0.000     0.000    clk_IBUF_inst/I
    AR14                 INBUF (Prop_INBUF_HPIOB_M_PAD_O)
                                                      0.610     0.610 r  clk_IBUF_inst/INBUF_INST/O
                         net (fo=1, routed)           0.000     0.610    clk_IBUF_inst/OUT
    AR14                 IBUFCTRL (Prop_IBUFCTRL_HPIOB_M_I_O)
                                                      0.000     0.610 r  clk_IBUF_inst/IBUFCTRL_INST/O
                         net (fo=1, estimated)        0.323     0.933    clk_IBUF
    BUFGCE_X1Y212        BUFGCE (Prop_BUFCE_BUFGCE_I_O)
                                                      0.028     0.961 r  clk_IBUF_BUFG_inst/O
    X4Y8 (CLOCK_ROOT)    net (fo=2657, estimated)     1.280     2.241    demux/CLK
    SLICE_X125Y463       FDRE                                         r  demux/sel_reg[0]/C
  -------------------------------------------------------------------    -------------------
    SLICE_X125Y463       FDRE (Prop_HFF2_SLICEM_C_Q)
                                                      0.078     2.319 r  demux/sel_reg[0]/Q
                         net (fo=106, estimated)      0.278     2.597    demux/sel[0]
    SLICE_X123Y463       CARRY8 (Prop_CARRY8_SLICEM_CI_O[7])
                                                      0.231     2.828 r  demux/sel_reg[8]_i_6/O[7]
                         net (fo=37, estimated)       0.336     3.164    p_1_in[8]
    SLICE_X122Y459       LUT3 (Prop_F5LUT_SLICEL_I2_O)
                                                      0.106     3.270 r  sel[8]_i_233/O
                         net (fo=2, estimated)        0.223     3.493    sel[8]_i_233_n_0
    SLICE_X122Y459       LUT4 (Prop_G6LUT_SLICEL_I0_O)
                                                      0.097     3.590 r  sel[8]_i_240/O
                         net (fo=1, routed)           0.008     3.598    demux/sel[8]_i_196_0[2]
    SLICE_X122Y459       CARRY8 (Prop_CARRY8_SLICEL_S[6]_CO[7])
                                                      0.115     3.713 f  demux/sel_reg[8]_i_200/CO[7]
                         net (fo=1, estimated)        0.026     3.739    demux/sel_reg[8]_i_200_n_0
    SLICE_X122Y460       CARRY8 (Prop_CARRY8_SLICEL_CI_CO[5])
                                                      0.077     3.816 f  demux/sel_reg[8]_i_166/CO[5]
                         net (fo=30, estimated)       0.294     4.110    demux_n_9
    SLICE_X122Y463       LUT3 (Prop_G5LUT_SLICEL_I0_O)
                                                      0.111     4.221 r  sel[8]_i_135/O
                         net (fo=2, estimated)        0.205     4.426    sel[8]_i_135_n_0
    SLICE_X122Y463       LUT4 (Prop_H6LUT_SLICEL_I3_O)
                                                      0.051     4.477 r  sel[8]_i_142/O
                         net (fo=1, routed)           0.010     4.487    demux/sel[8]_i_64_0[6]
    SLICE_X122Y463       CARRY8 (Prop_CARRY8_SLICEL_S[7]_CO[7])
                                                      0.115     4.602 r  demux/sel_reg[8]_i_81/CO[7]
                         net (fo=1, estimated)        0.026     4.628    demux/sel_reg[8]_i_81_n_0
    SLICE_X122Y464       CARRY8 (Prop_CARRY8_SLICEL_CI_O[1])
                                                      0.076     4.704 r  demux/sel_reg[8]_i_77/O[1]
                         net (fo=2, estimated)        0.379     5.083    demux_n_98
    SLICE_X121Y463       LUT3 (Prop_E5LUT_SLICEM_I2_O)
                                                      0.102     5.185 r  sel[8]_i_32/O
                         net (fo=2, estimated)        0.160     5.345    sel[8]_i_32_n_0
    SLICE_X121Y463       LUT4 (Prop_F6LUT_SLICEM_I3_O)
                                                      0.051     5.396 r  sel[8]_i_40/O
                         net (fo=1, routed)           0.022     5.418    demux/sel[8]_i_28_0[5]
    SLICE_X121Y463       CARRY8 (Prop_CARRY8_SLICEM_S[5]_CO[7])
                                                      0.159     5.577 r  demux/sel_reg[8]_i_20/CO[7]
                         net (fo=1, estimated)        0.026     5.603    demux/sel_reg[8]_i_20_n_0
    SLICE_X121Y464       CARRY8 (Prop_CARRY8_SLICEM_CI_O[0])
                                                      0.056     5.659 r  demux/sel_reg[8]_i_22/O[0]
                         net (fo=3, estimated)        0.315     5.974    demux/O[0]
    SLICE_X120Y464       CARRY8 (Prop_CARRY8_SLICEL_S[0]_O[0])
                                                      0.063     6.037 r  demux/sel_reg[8]_i_19/O[0]
                         net (fo=1, estimated)        0.410     6.447    demux_n_110
    SLICE_X124Y463       LUT2 (Prop_D6LUT_SLICEL_I1_O)
                                                      0.036     6.483 r  sel[8]_i_14/O
                         net (fo=1, routed)           0.009     6.492    demux/sel_reg[6]_0[2]
    SLICE_X124Y463       CARRY8 (Prop_CARRY8_SLICEL_S[3]_O[5])
                                                      0.180     6.672 f  demux/sel_reg[8]_i_4/O[5]
                         net (fo=6, estimated)        0.176     6.848    demux/sel_reg[8]_i_4_n_10
    SLICE_X125Y463       LUT6 (Prop_G6LUT_SLICEM_I0_O)
                                                      0.150     6.998 r  demux/sel[3]_i_2/O
                         net (fo=4, estimated)        0.154     7.152    demux/sel[3]_i_2_n_0
    SLICE_X124Y462       LUT6 (Prop_H6LUT_SLICEL_I1_O)
                                                      0.099     7.251 r  demux/sel[2]_i_1/O
                         net (fo=1, routed)           0.051     7.302    demux/sel20_in[2]
    SLICE_X124Y462       FDRE                                         r  demux/sel_reg[2]/D
  -------------------------------------------------------------------    -------------------

                         (clock virtual_clock rise edge)
                                                      4.000     4.000 r  
    AR14                                              0.000     4.000 r  clk (IN)
                         net (fo=0)                   0.000     4.000    clk_IBUF_inst/I
    AR14                 INBUF (Prop_INBUF_HPIOB_M_PAD_O)
                                                      0.359     4.359 r  clk_IBUF_inst/INBUF_INST/O
                         net (fo=1, routed)           0.000     4.359    clk_IBUF_inst/OUT
    AR14                 IBUFCTRL (Prop_IBUFCTRL_HPIOB_M_I_O)
                                                      0.000     4.359 r  clk_IBUF_inst/IBUFCTRL_INST/O
                         net (fo=1, estimated)        0.287     4.646    clk_IBUF
    BUFGCE_X1Y212        BUFGCE (Prop_BUFCE_BUFGCE_I_O)
                                                      0.024     4.670 r  clk_IBUF_BUFG_inst/O
    X4Y8 (CLOCK_ROOT)    net (fo=2657, estimated)     1.083     5.753    demux/CLK
    SLICE_X124Y462       FDRE                                         r  demux/sel_reg[2]/C
                         clock pessimism              0.378     6.132    
                         clock uncertainty           -0.035     6.096    
    SLICE_X124Y462       FDRE (Setup_HFF_SLICEL_C_D)
                                                      0.025     6.121    demux/sel_reg[2]
  -------------------------------------------------------------------
                         required time                          6.121    
                         arrival time                          -7.302    
  -------------------------------------------------------------------
                         slack                                 -1.181    





Min Delay Paths
--------------------------------------------------------------------------------------
Slack (VIOLATED) :        -0.038ns  (arrival time - required time)
  Source:                 demux/genblk1[366].z_reg[366][7]/C
                            (rising edge-triggered cell FDRE clocked by virtual_clock  {rise@0.000ns fall@2.000ns period=4.000ns})
  Destination:            genblk1[366].reg_in/reg_out_reg[7]/D
                            (rising edge-triggered cell FDRE clocked by virtual_clock  {rise@0.000ns fall@2.000ns period=4.000ns})
  Path Group:             virtual_clock
  Path Type:              Hold (Min at Slow Process Corner)
  Requirement:            0.000ns  (virtual_clock rise@0.000ns - virtual_clock rise@0.000ns)
  Data Path Delay:        0.185ns  (logic 0.060ns (32.432%)  route 0.125ns (67.568%))
  Logic Levels:           0  
  Clock Path Skew:        0.163ns (DCD - SCD - CPR)
    Destination Clock Delay (DCD):    2.250ns
    Source Clock Delay      (SCD):    1.776ns
    Clock Pessimism Removal (CPR):    0.311ns
  Clock Net Delay (Source):      1.106ns (routing 0.190ns, distribution 0.916ns)
  Clock Net Delay (Destination): 1.289ns (routing 0.210ns, distribution 1.079ns)

    Location             Delay type                Incr(ns)  Path(ns)    Netlist Resource(s)
  -------------------------------------------------------------------    -------------------
                         (clock virtual_clock rise edge)
                                                      0.000     0.000 r  
    AR14                                              0.000     0.000 r  clk (IN)
                         net (fo=0)                   0.000     0.000    clk_IBUF_inst/I
    AR14                 INBUF (Prop_INBUF_HPIOB_M_PAD_O)
                                                      0.359     0.359 r  clk_IBUF_inst/INBUF_INST/O
                         net (fo=1, routed)           0.000     0.359    clk_IBUF_inst/OUT
    AR14                 IBUFCTRL (Prop_IBUFCTRL_HPIOB_M_I_O)
                                                      0.000     0.359 r  clk_IBUF_inst/IBUFCTRL_INST/O
                         net (fo=1, estimated)        0.287     0.646    clk_IBUF
    BUFGCE_X1Y212        BUFGCE (Prop_BUFCE_BUFGCE_I_O)
                                                      0.024     0.670 r  clk_IBUF_BUFG_inst/O
    X4Y8 (CLOCK_ROOT)    net (fo=2657, estimated)     1.106     1.776    demux/CLK
    SLICE_X133Y479       FDRE                                         r  demux/genblk1[366].z_reg[366][7]/C
  -------------------------------------------------------------------    -------------------
    SLICE_X133Y479       FDRE (Prop_EFF2_SLICEM_C_Q)
                                                      0.060     1.836 r  demux/genblk1[366].z_reg[366][7]/Q
                         net (fo=1, estimated)        0.125     1.961    genblk1[366].reg_in/D[7]
    SLICE_X133Y480       FDRE                                         r  genblk1[366].reg_in/reg_out_reg[7]/D
  -------------------------------------------------------------------    -------------------

                         (clock virtual_clock rise edge)
                                                      0.000     0.000 r  
    AR14                                              0.000     0.000 r  clk (IN)
                         net (fo=0)                   0.000     0.000    clk_IBUF_inst/I
    AR14                 INBUF (Prop_INBUF_HPIOB_M_PAD_O)
                                                      0.610     0.610 r  clk_IBUF_inst/INBUF_INST/O
                         net (fo=1, routed)           0.000     0.610    clk_IBUF_inst/OUT
    AR14                 IBUFCTRL (Prop_IBUFCTRL_HPIOB_M_I_O)
                                                      0.000     0.610 r  clk_IBUF_inst/IBUFCTRL_INST/O
                         net (fo=1, estimated)        0.323     0.933    clk_IBUF
    BUFGCE_X1Y212        BUFGCE (Prop_BUFCE_BUFGCE_I_O)
                                                      0.028     0.961 r  clk_IBUF_BUFG_inst/O
    X4Y8 (CLOCK_ROOT)    net (fo=2657, estimated)     1.289     2.250    genblk1[366].reg_in/CLK
    SLICE_X133Y480       FDRE                                         r  genblk1[366].reg_in/reg_out_reg[7]/C
                         clock pessimism             -0.311     1.939    
    SLICE_X133Y480       FDRE (Hold_EFF_SLICEM_C_D)
                                                      0.060     1.999    genblk1[366].reg_in/reg_out_reg[7]
  -------------------------------------------------------------------
                         required time                         -1.999    
                         arrival time                           1.961    
  -------------------------------------------------------------------
                         slack                                 -0.038    





Pulse Width Checks
--------------------------------------------------------------------------------------
Clock Name:         virtual_clock
Waveform(ns):       { 0.000 2.000 }
Period(ns):         4.000
Sources:            { clk }

Check Type        Corner  Lib Pin   Reference Pin  Required(ns)  Actual(ns)  Slack(ns)  Location        Pin
Min Period        n/a     BUFGCE/I  n/a            1.290         4.000       2.710      BUFGCE_X1Y212   clk_IBUF_BUFG_inst/I
Low Pulse Width   Slow    FDRE/C    n/a            0.275         2.000       1.725      SLICE_X121Y434  genblk1[106].reg_in/reg_out_reg[6]/C
High Pulse Width  Fast    FDRE/C    n/a            0.275         2.000       1.725      SLICE_X131Y441  demux/genblk1[297].z_reg[297][2]/C



