Copyright 1986-2020 Xilinx, Inc. All Rights Reserved.
-------------------------------------------------------------------------------------------
| Tool Version      : Vivado v.2020.1 (lin64) Build 2902540 Wed May 27 19:54:35 MDT 2020
| Date              : Wed Mar 16 07:09:32 2022
| Host              : lepus running 64-bit CentOS Linux release 7.9.2009 (Core)
| Command           : report_timing_summary -file ./output/fc3_7/report/timing-summary.rpt
| Design            : top
| Device            : xcvu9p-flga2104
| Speed File        : -2L  PRODUCTION 1.27 02-28-2020
| Temperature Grade : E
-------------------------------------------------------------------------------------------

Timing Summary Report

------------------------------------------------------------------------------------------------
| Timer Settings
| --------------
------------------------------------------------------------------------------------------------

  Enable Multi Corner Analysis               :  Yes
  Enable Pessimism Removal                   :  Yes
  Pessimism Removal Resolution               :  Nearest Common Node
  Enable Input Delay Default Clock           :  No
  Enable Preset / Clear Arcs                 :  No
  Disable Flight Delays                      :  No
  Ignore I/O Paths                           :  No
  Timing Early Launch at Borrowing Latches   :  No
  Borrow Time for Max Delay Exceptions       :  Yes
  Merge Timing Exceptions                    :  Yes

  Corner  Analyze    Analyze    
  Name    Max Paths  Min Paths  
  ------  ---------  ---------  
  Slow    Yes        Yes        
  Fast    Yes        Yes        



check_timing report

Table of Contents
-----------------
1. checking no_clock (0)
2. checking constant_clock (0)
3. checking pulse_width_clock (0)
4. checking unconstrained_internal_endpoints (0)
5. checking no_input_delay (10)
6. checking no_output_delay (21)
7. checking multiple_clock (0)
8. checking generated_clocks (0)
9. checking loops (0)
10. checking partial_input_delay (0)
11. checking partial_output_delay (0)
12. checking latch_loops (0)

1. checking no_clock (0)
------------------------
 There are 0 register/latch pins with no clock.


2. checking constant_clock (0)
------------------------------
 There are 0 register/latch pins with constant_clock.


3. checking pulse_width_clock (0)
---------------------------------
 There are 0 register/latch pins which need pulse_width check


4. checking unconstrained_internal_endpoints (0)
------------------------------------------------
 There are 0 pins that are not constrained for maximum delay.

 There are 0 pins that are not constrained for maximum delay due to constant clock.


5. checking no_input_delay (10)
-------------------------------
 There are 10 input ports with no input delay specified. (HIGH)

 There are 0 input ports with no input delay but user has a false path constraint.


6. checking no_output_delay (21)
--------------------------------
 There are 21 ports with no output delay specified. (HIGH)

 There are 0 ports with no output delay but user has a false path constraint

 There are 0 ports with no output delay but with a timing clock defined on it or propagating through it


7. checking multiple_clock (0)
------------------------------
 There are 0 register/latch pins with multiple clocks.


8. checking generated_clocks (0)
--------------------------------
 There are 0 generated clocks that are not connected to a clock source.


9. checking loops (0)
---------------------
 There are 0 combinational loops in the design.


10. checking partial_input_delay (0)
------------------------------------
 There are 0 input ports with partial input delay specified.


11. checking partial_output_delay (0)
-------------------------------------
 There are 0 ports with partial output delay specified.


12. checking latch_loops (0)
----------------------------
 There are 0 combinational latch loops in the design through latch input



------------------------------------------------------------------------------------------------
| Design Timing Summary
| ---------------------
------------------------------------------------------------------------------------------------

    WNS(ns)      TNS(ns)  TNS Failing Endpoints  TNS Total Endpoints      WHS(ns)      THS(ns)  THS Failing Endpoints  THS Total Endpoints     WPWS(ns)     TPWS(ns)  TPWS Failing Endpoints  TPWS Total Endpoints  
    -------      -------  ---------------------  -------------------      -------      -------  ---------------------  -------------------     --------     --------  ----------------------  --------------------  
      0.042        0.000                      0                  764        0.014        0.000                      0                  764        1.725        0.000                       0                   765  


All user specified timing constraints are met.


------------------------------------------------------------------------------------------------
| Clock Summary
| -------------
------------------------------------------------------------------------------------------------

Clock          Waveform(ns)         Period(ns)      Frequency(MHz)
-----          ------------         ----------      --------------
virtual_clock  {0.000 2.000}        4.000           250.000         


------------------------------------------------------------------------------------------------
| Intra Clock Table
| -----------------
------------------------------------------------------------------------------------------------

Clock              WNS(ns)      TNS(ns)  TNS Failing Endpoints  TNS Total Endpoints      WHS(ns)      THS(ns)  THS Failing Endpoints  THS Total Endpoints     WPWS(ns)     TPWS(ns)  TPWS Failing Endpoints  TPWS Total Endpoints  
-----              -------      -------  ---------------------  -------------------      -------      -------  ---------------------  -------------------     --------     --------  ----------------------  --------------------  
virtual_clock        0.042        0.000                      0                  764        0.014        0.000                      0                  764        1.725        0.000                       0                   765  


------------------------------------------------------------------------------------------------
| Inter Clock Table
| -----------------
------------------------------------------------------------------------------------------------

From Clock    To Clock          WNS(ns)      TNS(ns)  TNS Failing Endpoints  TNS Total Endpoints      WHS(ns)      THS(ns)  THS Failing Endpoints  THS Total Endpoints  
----------    --------          -------      -------  ---------------------  -------------------      -------      -------  ---------------------  -------------------  


------------------------------------------------------------------------------------------------
| Other Path Groups Table
| -----------------------
------------------------------------------------------------------------------------------------

Path Group    From Clock    To Clock          WNS(ns)      TNS(ns)  TNS Failing Endpoints  TNS Total Endpoints      WHS(ns)      THS(ns)  THS Failing Endpoints  THS Total Endpoints  
----------    ----------    --------          -------      -------  ---------------------  -------------------      -------      -------  ---------------------  -------------------  


------------------------------------------------------------------------------------------------
| Timing Details
| --------------
------------------------------------------------------------------------------------------------


---------------------------------------------------------------------------------------------------
From Clock:  virtual_clock
  To Clock:  virtual_clock

Setup :            0  Failing Endpoints,  Worst Slack        0.042ns,  Total Violation        0.000ns
Hold  :            0  Failing Endpoints,  Worst Slack        0.014ns,  Total Violation        0.000ns
PW    :            0  Failing Endpoints,  Worst Slack        1.725ns,  Total Violation        0.000ns
---------------------------------------------------------------------------------------------------


Max Delay Paths
--------------------------------------------------------------------------------------
Slack (MET) :             0.042ns  (required time - arrival time)
  Source:                 genblk1[46].reg_in/reg_out_reg[1]/C
                            (rising edge-triggered cell FDRE clocked by virtual_clock  {rise@0.000ns fall@2.000ns period=4.000ns})
  Destination:            reg_out/reg_out_reg[21]/D
                            (rising edge-triggered cell FDRE clocked by virtual_clock  {rise@0.000ns fall@2.000ns period=4.000ns})
  Path Group:             virtual_clock
  Path Type:              Setup (Max at Slow Process Corner)
  Requirement:            4.000ns  (virtual_clock rise@4.000ns - virtual_clock rise@0.000ns)
  Data Path Delay:        3.847ns  (logic 2.004ns (52.093%)  route 1.843ns (47.907%))
  Logic Levels:           19  (CARRY8=11 LUT2=6 LUT3=1 LUT4=1)
  Clock Path Skew:        -0.101ns (DCD - SCD + CPR)
    Destination Clock Delay (DCD):    1.339ns = ( 5.339 - 4.000 ) 
    Source Clock Delay      (SCD):    1.748ns
    Clock Pessimism Removal (CPR):    0.308ns
  Clock Uncertainty:      0.035ns  ((TSJ^2 + TIJ^2)^1/2 + DJ) / 2 + PE
    Total System Jitter     (TSJ):    0.071ns
    Total Input Jitter      (TIJ):    0.000ns
    Discrete Jitter          (DJ):    0.000ns
    Phase Error              (PE):    0.000ns
  Clock Net Delay (Source):      0.787ns (routing 0.001ns, distribution 0.786ns)
  Clock Net Delay (Destination): 0.669ns (routing 0.001ns, distribution 0.668ns)

    Location             Delay type                Incr(ns)  Path(ns)    Netlist Resource(s)
  -------------------------------------------------------------------    -------------------
                         (clock virtual_clock rise edge)
                                                      0.000     0.000 r  
    AR14                                              0.000     0.000 r  clk (IN)
                         net (fo=0)                   0.000     0.000    clk_IBUF_inst/I
    AR14                 INBUF (Prop_INBUF_HPIOB_M_PAD_O)
                                                      0.610     0.610 r  clk_IBUF_inst/INBUF_INST/O
                         net (fo=1, routed)           0.000     0.610    clk_IBUF_inst/OUT
    AR14                 IBUFCTRL (Prop_IBUFCTRL_HPIOB_M_I_O)
                                                      0.000     0.610 r  clk_IBUF_inst/IBUFCTRL_INST/O
                         net (fo=1, routed)           0.323     0.933    clk_IBUF
    BUFGCE_X1Y194        BUFGCE (Prop_BUFCE_BUFGCE_I_O)
                                                      0.028     0.961 r  clk_IBUF_BUFG_inst/O
    X4Y8 (CLOCK_ROOT)    net (fo=764, routed)         0.787     1.748    genblk1[46].reg_in/CLK
    SLICE_X116Y483       FDRE                                         r  genblk1[46].reg_in/reg_out_reg[1]/C
  -------------------------------------------------------------------    -------------------
    SLICE_X116Y483       FDRE (Prop_EFF_SLICEM_C_Q)
                                                      0.076     1.824 r  genblk1[46].reg_in/reg_out_reg[1]/Q
                         net (fo=5, routed)           0.062     1.886    conv/mul25/reg_out_reg[8]_i_51_0[1]
    SLICE_X116Y483       LUT3 (Prop_G5LUT_SLICEM_I1_O)
                                                      0.137     2.023 r  conv/mul25/reg_out[8]_i_110/O
                         net (fo=2, routed)           0.133     2.156    conv/mul25/reg_out[8]_i_110_n_0
    SLICE_X116Y484       LUT4 (Prop_F6LUT_SLICEM_I0_O)
                                                      0.123     2.279 r  conv/mul25/reg_out[8]_i_114/O
                         net (fo=1, routed)           0.022     2.301    conv/mul25/reg_out[8]_i_114_n_0
    SLICE_X116Y484       CARRY8 (Prop_CARRY8_SLICEM_S[5]_CO[7])
                                                      0.159     2.460 r  conv/mul25/reg_out_reg[8]_i_51/CO[7]
                         net (fo=1, routed)           0.026     2.486    conv/mul25/reg_out_reg[8]_i_51_n_0
    SLICE_X116Y485       CARRY8 (Prop_CARRY8_SLICEM_CI_O[1])
                                                      0.076     2.562 r  conv/mul25/reg_out_reg[8]_i_190/O[1]
                         net (fo=1, routed)           0.245     2.807    conv/add000044/in1[9]
    SLICE_X119Y484       LUT2 (Prop_H6LUT_SLICEM_I1_O)
                                                      0.053     2.860 r  conv/add000044/reg_out[8]_i_148/O
                         net (fo=1, routed)           0.015     2.875    conv/add000044/reg_out[8]_i_148_n_0
    SLICE_X119Y484       CARRY8 (Prop_CARRY8_SLICEM_S[7]_CO[7])
                                                      0.117     2.992 r  conv/add000044/reg_out_reg[8]_i_89/CO[7]
                         net (fo=1, routed)           0.026     3.018    conv/add000044/reg_out_reg[8]_i_89_n_0
    SLICE_X119Y485       CARRY8 (Prop_CARRY8_SLICEM_CI_O[0])
                                                      0.056     3.074 r  conv/add000044/reg_out_reg[21]_i_182/O[0]
                         net (fo=2, routed)           0.231     3.305    conv/add000044/reg_out_reg[21]_i_182_n_15
    SLICE_X117Y484       LUT2 (Prop_B6LUT_SLICEM_I0_O)
                                                      0.089     3.394 r  conv/add000044/reg_out[21]_i_188/O
                         net (fo=1, routed)           0.016     3.410    conv/add000044/reg_out[21]_i_188_n_0
    SLICE_X117Y484       CARRY8 (Prop_CARRY8_SLICEM_S[1]_O[4])
                                                      0.204     3.614 r  conv/add000044/reg_out_reg[21]_i_110/O[4]
                         net (fo=2, routed)           0.131     3.745    conv/add000044/reg_out_reg[21]_i_110_n_11
    SLICE_X117Y486       LUT2 (Prop_H6LUT_SLICEM_I0_O)
                                                      0.039     3.784 r  conv/add000044/reg_out[21]_i_133/O
                         net (fo=1, routed)           0.015     3.799    conv/add000044/reg_out[21]_i_133_n_0
    SLICE_X117Y486       CARRY8 (Prop_CARRY8_SLICEM_S[7]_CO[7])
                                                      0.117     3.916 r  conv/add000044/reg_out_reg[21]_i_79/CO[7]
                         net (fo=1, routed)           0.026     3.942    conv/add000044/reg_out_reg[21]_i_79_n_0
    SLICE_X117Y487       CARRY8 (Prop_CARRY8_SLICEM_CI_O[1])
                                                      0.076     4.018 r  conv/add000044/reg_out_reg[21]_i_68/O[1]
                         net (fo=1, routed)           0.236     4.254    conv/add000044/reg_out_reg[21]_i_68_n_14
    SLICE_X115Y486       LUT2 (Prop_H6LUT_SLICEL_I1_O)
                                                      0.036     4.290 r  conv/add000044/reg_out[21]_i_41/O
                         net (fo=1, routed)           0.010     4.300    conv/add000044/reg_out[21]_i_41_n_0
    SLICE_X115Y486       CARRY8 (Prop_CARRY8_SLICEL_S[7]_CO[7])
                                                      0.115     4.415 r  conv/add000044/reg_out_reg[21]_i_25/CO[7]
                         net (fo=1, routed)           0.026     4.441    conv/add000044/reg_out_reg[21]_i_25_n_0
    SLICE_X115Y487       CARRY8 (Prop_CARRY8_SLICEL_CI_O[0])
                                                      0.056     4.497 r  conv/add000044/reg_out_reg[21]_i_24/O[0]
                         net (fo=1, routed)           0.372     4.869    conv/add000044/reg_out_reg[21]_i_24_n_15
    SLICE_X113Y494       LUT2 (Prop_C6LUT_SLICEM_I1_O)
                                                      0.051     4.920 r  conv/add000044/reg_out[21]_i_10/O
                         net (fo=1, routed)           0.021     4.941    conv/add000044/reg_out[21]_i_10_n_0
    SLICE_X113Y494       CARRY8 (Prop_CARRY8_SLICEM_S[2]_CO[4])
                                                      0.176     5.117 r  conv/add000044/reg_out_reg[21]_i_2/CO[4]
                         net (fo=2, routed)           0.180     5.297    conv/add000042/reg_out_reg[21][0]
    SLICE_X113Y499       LUT2 (Prop_D6LUT_SLICEM_I1_O)
                                                      0.099     5.396 r  conv/add000042/reg_out[21]_i_3/O
                         net (fo=1, routed)           0.025     5.421    conv/add000044/reg_out_reg[21]_0[0]
    SLICE_X113Y499       CARRY8 (Prop_CARRY8_SLICEM_S[3]_O[4])
                                                      0.149     5.570 r  conv/add000044/reg_out_reg[21]_i_1/O[4]
                         net (fo=1, routed)           0.025     5.595    reg_out/D[20]
    SLICE_X113Y499       FDRE                                         r  reg_out/reg_out_reg[21]/D
  -------------------------------------------------------------------    -------------------

                         (clock virtual_clock rise edge)
                                                      4.000     4.000 r  
    AR14                                              0.000     4.000 r  clk (IN)
                         net (fo=0)                   0.000     4.000    clk_IBUF_inst/I
    AR14                 INBUF (Prop_INBUF_HPIOB_M_PAD_O)
                                                      0.359     4.359 r  clk_IBUF_inst/INBUF_INST/O
                         net (fo=1, routed)           0.000     4.359    clk_IBUF_inst/OUT
    AR14                 IBUFCTRL (Prop_IBUFCTRL_HPIOB_M_I_O)
                                                      0.000     4.359 r  clk_IBUF_inst/IBUFCTRL_INST/O
                         net (fo=1, routed)           0.287     4.646    clk_IBUF
    BUFGCE_X1Y194        BUFGCE (Prop_BUFCE_BUFGCE_I_O)
                                                      0.024     4.670 r  clk_IBUF_BUFG_inst/O
    X4Y8 (CLOCK_ROOT)    net (fo=764, routed)         0.669     5.339    reg_out/CLK
    SLICE_X113Y499       FDRE                                         r  reg_out/reg_out_reg[21]/C
                         clock pessimism              0.308     5.647    
                         clock uncertainty           -0.035     5.612    
    SLICE_X113Y499       FDRE (Setup_EFF_SLICEM_C_D)
                                                      0.025     5.637    reg_out/reg_out_reg[21]
  -------------------------------------------------------------------
                         required time                          5.637    
                         arrival time                          -5.595    
  -------------------------------------------------------------------
                         slack                                  0.042    





Min Delay Paths
--------------------------------------------------------------------------------------
Slack (MET) :             0.014ns  (arrival time - required time)
  Source:                 demux/genblk1[73].z_reg[73][1]/C
                            (rising edge-triggered cell FDRE clocked by virtual_clock  {rise@0.000ns fall@2.000ns period=4.000ns})
  Destination:            genblk1[73].reg_in/reg_out_reg[1]/D
                            (rising edge-triggered cell FDRE clocked by virtual_clock  {rise@0.000ns fall@2.000ns period=4.000ns})
  Path Group:             virtual_clock
  Path Type:              Hold (Min at Slow Process Corner)
  Requirement:            0.000ns  (virtual_clock rise@0.000ns - virtual_clock rise@0.000ns)
  Data Path Delay:        0.166ns  (logic 0.060ns (36.145%)  route 0.106ns (63.855%))
  Logic Levels:           0  
  Clock Path Skew:        0.090ns (DCD - SCD - CPR)
    Destination Clock Delay (DCD):    1.830ns
    Source Clock Delay      (SCD):    1.426ns
    Clock Pessimism Removal (CPR):    0.314ns
  Clock Net Delay (Source):      0.756ns (routing 0.001ns, distribution 0.755ns)
  Clock Net Delay (Destination): 0.869ns (routing 0.001ns, distribution 0.868ns)

    Location             Delay type                Incr(ns)  Path(ns)    Netlist Resource(s)
  -------------------------------------------------------------------    -------------------
                         (clock virtual_clock rise edge)
                                                      0.000     0.000 r  
    AR14                                              0.000     0.000 r  clk (IN)
                         net (fo=0)                   0.000     0.000    clk_IBUF_inst/I
    AR14                 INBUF (Prop_INBUF_HPIOB_M_PAD_O)
                                                      0.359     0.359 r  clk_IBUF_inst/INBUF_INST/O
                         net (fo=1, routed)           0.000     0.359    clk_IBUF_inst/OUT
    AR14                 IBUFCTRL (Prop_IBUFCTRL_HPIOB_M_I_O)
                                                      0.000     0.359 r  clk_IBUF_inst/IBUFCTRL_INST/O
                         net (fo=1, routed)           0.287     0.646    clk_IBUF
    BUFGCE_X1Y194        BUFGCE (Prop_BUFCE_BUFGCE_I_O)
                                                      0.024     0.670 r  clk_IBUF_BUFG_inst/O
    X4Y8 (CLOCK_ROOT)    net (fo=764, routed)         0.756     1.426    demux/CLK
    SLICE_X107Y504       FDRE                                         r  demux/genblk1[73].z_reg[73][1]/C
  -------------------------------------------------------------------    -------------------
    SLICE_X107Y504       FDRE (Prop_AFF2_SLICEM_C_Q)
                                                      0.060     1.486 r  demux/genblk1[73].z_reg[73][1]/Q
                         net (fo=1, routed)           0.106     1.592    genblk1[73].reg_in/D[1]
    SLICE_X106Y503       FDRE                                         r  genblk1[73].reg_in/reg_out_reg[1]/D
  -------------------------------------------------------------------    -------------------

                         (clock virtual_clock rise edge)
                                                      0.000     0.000 r  
    AR14                                              0.000     0.000 r  clk (IN)
                         net (fo=0)                   0.000     0.000    clk_IBUF_inst/I
    AR14                 INBUF (Prop_INBUF_HPIOB_M_PAD_O)
                                                      0.610     0.610 r  clk_IBUF_inst/INBUF_INST/O
                         net (fo=1, routed)           0.000     0.610    clk_IBUF_inst/OUT
    AR14                 IBUFCTRL (Prop_IBUFCTRL_HPIOB_M_I_O)
                                                      0.000     0.610 r  clk_IBUF_inst/IBUFCTRL_INST/O
                         net (fo=1, routed)           0.323     0.933    clk_IBUF
    BUFGCE_X1Y194        BUFGCE (Prop_BUFCE_BUFGCE_I_O)
                                                      0.028     0.961 r  clk_IBUF_BUFG_inst/O
    X4Y8 (CLOCK_ROOT)    net (fo=764, routed)         0.869     1.830    genblk1[73].reg_in/CLK
    SLICE_X106Y503       FDRE                                         r  genblk1[73].reg_in/reg_out_reg[1]/C
                         clock pessimism             -0.314     1.516    
    SLICE_X106Y503       FDRE (Hold_FFF2_SLICEL_C_D)
                                                      0.062     1.578    genblk1[73].reg_in/reg_out_reg[1]
  -------------------------------------------------------------------
                         required time                         -1.578    
                         arrival time                           1.592    
  -------------------------------------------------------------------
                         slack                                  0.014    





Pulse Width Checks
--------------------------------------------------------------------------------------
Clock Name:         virtual_clock
Waveform(ns):       { 0.000 2.000 }
Period(ns):         4.000
Sources:            { clk }

Check Type        Corner  Lib Pin   Reference Pin  Required(ns)  Actual(ns)  Slack(ns)  Location        Pin
Min Period        n/a     BUFGCE/I  n/a            1.290         4.000       2.710      BUFGCE_X1Y194   clk_IBUF_BUFG_inst/I
Low Pulse Width   Slow    FDRE/C    n/a            0.275         2.000       1.725      SLICE_X111Y500  genblk1[76].reg_in/reg_out_reg[0]/C
High Pulse Width  Fast    FDRE/C    n/a            0.275         2.000       1.725      SLICE_X116Y481  demux/genblk1[48].z_reg[48][2]/C



