Copyright 1986-2020 Xilinx, Inc. All Rights Reserved.
-------------------------------------------------------------------------------------------------------
| Tool Version      : Vivado v.2020.1 (lin64) Build 2902540 Wed May 27 19:54:35 MDT 2020
| Date              : Mon Mar 14 21:30:18 2022
| Host              : lepus running 64-bit CentOS Linux release 7.9.2009 (Core)
| Command           : report_timing_summary -file ./output/fc1_30/report/timing-summary-post-place.rpt
| Design            : top
| Device            : xcvu9p-flga2104
| Speed File        : -2L  PRODUCTION 1.27 02-28-2020
| Temperature Grade : E
-------------------------------------------------------------------------------------------------------

Timing Summary Report

------------------------------------------------------------------------------------------------
| Timer Settings
| --------------
------------------------------------------------------------------------------------------------

  Enable Multi Corner Analysis               :  Yes
  Enable Pessimism Removal                   :  Yes
  Pessimism Removal Resolution               :  Nearest Common Node
  Enable Input Delay Default Clock           :  No
  Enable Preset / Clear Arcs                 :  No
  Disable Flight Delays                      :  No
  Ignore I/O Paths                           :  No
  Timing Early Launch at Borrowing Latches   :  No
  Borrow Time for Max Delay Exceptions       :  Yes
  Merge Timing Exceptions                    :  Yes

  Corner  Analyze    Analyze    
  Name    Max Paths  Min Paths  
  ------  ---------  ---------  
  Slow    Yes        Yes        
  Fast    Yes        Yes        



check_timing report

Table of Contents
-----------------
1. checking no_clock (0)
2. checking constant_clock (0)
3. checking pulse_width_clock (0)
4. checking unconstrained_internal_endpoints (0)
5. checking no_input_delay (10)
6. checking no_output_delay (24)
7. checking multiple_clock (0)
8. checking generated_clocks (0)
9. checking loops (0)
10. checking partial_input_delay (0)
11. checking partial_output_delay (0)
12. checking latch_loops (0)

1. checking no_clock (0)
------------------------
 There are 0 register/latch pins with no clock.


2. checking constant_clock (0)
------------------------------
 There are 0 register/latch pins with constant_clock.


3. checking pulse_width_clock (0)
---------------------------------
 There are 0 register/latch pins which need pulse_width check


4. checking unconstrained_internal_endpoints (0)
------------------------------------------------
 There are 0 pins that are not constrained for maximum delay.

 There are 0 pins that are not constrained for maximum delay due to constant clock.


5. checking no_input_delay (10)
-------------------------------
 There are 10 input ports with no input delay specified. (HIGH)

 There are 0 input ports with no input delay but user has a false path constraint.


6. checking no_output_delay (24)
--------------------------------
 There are 24 ports with no output delay specified. (HIGH)

 There are 0 ports with no output delay but user has a false path constraint

 There are 0 ports with no output delay but with a timing clock defined on it or propagating through it


7. checking multiple_clock (0)
------------------------------
 There are 0 register/latch pins with multiple clocks.


8. checking generated_clocks (0)
--------------------------------
 There are 0 generated clocks that are not connected to a clock source.


9. checking loops (0)
---------------------
 There are 0 combinational loops in the design.


10. checking partial_input_delay (0)
------------------------------------
 There are 0 input ports with partial input delay specified.


11. checking partial_output_delay (0)
-------------------------------------
 There are 0 ports with partial output delay specified.


12. checking latch_loops (0)
----------------------------
 There are 0 combinational latch loops in the design through latch input



------------------------------------------------------------------------------------------------
| Design Timing Summary
| ---------------------
------------------------------------------------------------------------------------------------

    WNS(ns)      TNS(ns)  TNS Failing Endpoints  TNS Total Endpoints      WHS(ns)      THS(ns)  THS Failing Endpoints  THS Total Endpoints     WPWS(ns)     TPWS(ns)  TPWS Failing Endpoints  TPWS Total Endpoints  
    -------      -------  ---------------------  -------------------      -------      -------  ---------------------  -------------------     --------     --------  ----------------------  --------------------  
     -0.766      -11.738                     24                 2481       -0.063       -1.386                     74                 2481        1.725        0.000                       0                  2482  


Timing constraints are not met.


------------------------------------------------------------------------------------------------
| Clock Summary
| -------------
------------------------------------------------------------------------------------------------

Clock          Waveform(ns)         Period(ns)      Frequency(MHz)
-----          ------------         ----------      --------------
virtual_clock  {0.000 2.000}        4.000           250.000         


------------------------------------------------------------------------------------------------
| Intra Clock Table
| -----------------
------------------------------------------------------------------------------------------------

Clock              WNS(ns)      TNS(ns)  TNS Failing Endpoints  TNS Total Endpoints      WHS(ns)      THS(ns)  THS Failing Endpoints  THS Total Endpoints     WPWS(ns)     TPWS(ns)  TPWS Failing Endpoints  TPWS Total Endpoints  
-----              -------      -------  ---------------------  -------------------      -------      -------  ---------------------  -------------------     --------     --------  ----------------------  --------------------  
virtual_clock       -0.766      -11.738                     24                 2481       -0.063       -1.386                     74                 2481        1.725        0.000                       0                  2482  


------------------------------------------------------------------------------------------------
| Inter Clock Table
| -----------------
------------------------------------------------------------------------------------------------

From Clock    To Clock          WNS(ns)      TNS(ns)  TNS Failing Endpoints  TNS Total Endpoints      WHS(ns)      THS(ns)  THS Failing Endpoints  THS Total Endpoints  
----------    --------          -------      -------  ---------------------  -------------------      -------      -------  ---------------------  -------------------  


------------------------------------------------------------------------------------------------
| Other Path Groups Table
| -----------------------
------------------------------------------------------------------------------------------------

Path Group    From Clock    To Clock          WNS(ns)      TNS(ns)  TNS Failing Endpoints  TNS Total Endpoints      WHS(ns)      THS(ns)  THS Failing Endpoints  THS Total Endpoints  
----------    ----------    --------          -------      -------  ---------------------  -------------------      -------      -------  ---------------------  -------------------  


------------------------------------------------------------------------------------------------
| Timing Details
| --------------
------------------------------------------------------------------------------------------------


---------------------------------------------------------------------------------------------------
From Clock:  virtual_clock
  To Clock:  virtual_clock

Setup :           24  Failing Endpoints,  Worst Slack       -0.766ns,  Total Violation      -11.738ns
Hold  :           74  Failing Endpoints,  Worst Slack       -0.063ns,  Total Violation       -1.386ns
PW    :            0  Failing Endpoints,  Worst Slack        1.725ns,  Total Violation        0.000ns
---------------------------------------------------------------------------------------------------


Max Delay Paths
--------------------------------------------------------------------------------------
Slack (VIOLATED) :        -0.766ns  (required time - arrival time)
  Source:                 demux/sel_reg[1]/C
                            (rising edge-triggered cell FDRE clocked by virtual_clock  {rise@0.000ns fall@2.000ns period=4.000ns})
  Destination:            demux/sel_reg[0]/D
                            (rising edge-triggered cell FDRE clocked by virtual_clock  {rise@0.000ns fall@2.000ns period=4.000ns})
  Path Group:             virtual_clock
  Path Type:              Setup (Max at Slow Process Corner)
  Requirement:            4.000ns  (virtual_clock rise@4.000ns - virtual_clock rise@0.000ns)
  Data Path Delay:        4.650ns  (logic 1.932ns (41.548%)  route 2.718ns (58.452%))
  Logic Levels:           18  (CARRY8=10 LUT2=1 LUT3=2 LUT4=2 LUT5=1 LUT6=2)
  Clock Path Skew:        -0.106ns (DCD - SCD + CPR)
    Destination Clock Delay (DCD):    1.760ns = ( 5.760 - 4.000 ) 
    Source Clock Delay      (SCD):    2.244ns
    Clock Pessimism Removal (CPR):    0.378ns
  Clock Uncertainty:      0.035ns  ((TSJ^2 + TIJ^2)^1/2 + DJ) / 2 + PE
    Total System Jitter     (TSJ):    0.071ns
    Total Input Jitter      (TIJ):    0.000ns
    Discrete Jitter          (DJ):    0.000ns
    Phase Error              (PE):    0.000ns
  Clock Net Delay (Source):      1.283ns (routing 0.210ns, distribution 1.073ns)
  Clock Net Delay (Destination): 1.090ns (routing 0.190ns, distribution 0.900ns)

    Location             Delay type                Incr(ns)  Path(ns)    Netlist Resource(s)
  -------------------------------------------------------------------    -------------------
                         (clock virtual_clock rise edge)
                                                      0.000     0.000 r  
    AR14                                              0.000     0.000 r  clk (IN)
                         net (fo=0)                   0.000     0.000    clk_IBUF_inst/I
    AR14                 INBUF (Prop_INBUF_HPIOB_M_PAD_O)
                                                      0.610     0.610 r  clk_IBUF_inst/INBUF_INST/O
                         net (fo=1, routed)           0.000     0.610    clk_IBUF_inst/OUT
    AR14                 IBUFCTRL (Prop_IBUFCTRL_HPIOB_M_I_O)
                                                      0.000     0.610 r  clk_IBUF_inst/IBUFCTRL_INST/O
                         net (fo=1, estimated)        0.323     0.933    clk_IBUF
    BUFGCE_X1Y212        BUFGCE (Prop_BUFCE_BUFGCE_I_O)
                                                      0.028     0.961 r  clk_IBUF_BUFG_inst/O
    X4Y8 (CLOCK_ROOT)    net (fo=2481, estimated)     1.283     2.244    demux/CLK
    SLICE_X125Y466       FDRE                                         r  demux/sel_reg[1]/C
  -------------------------------------------------------------------    -------------------
    SLICE_X125Y466       FDRE (Prop_BFF_SLICEM_C_Q)
                                                      0.078     2.322 r  demux/sel_reg[1]/Q
                         net (fo=49, estimated)       0.251     2.573    demux/sel[1]
    SLICE_X125Y467       CARRY8 (Prop_CARRY8_SLICEM_S[0]_O[5])
                                                      0.240     2.813 r  demux/sel_reg[8]_i_6/O[5]
                         net (fo=41, estimated)       0.375     3.188    p_1_in[6]
    SLICE_X124Y461       LUT6 (Prop_E6LUT_SLICEL_I2_O)
                                                      0.099     3.287 r  sel[8]_i_247/O
                         net (fo=1, routed)           0.007     3.294    demux/sel[8]_i_201[0]
    SLICE_X124Y461       CARRY8 (Prop_CARRY8_SLICEL_S[4]_CO[7])
                                                      0.153     3.447 f  demux/sel_reg[8]_i_213/CO[7]
                         net (fo=1, estimated)        0.026     3.473    demux/sel_reg[8]_i_213_n_0
    SLICE_X124Y462       CARRY8 (Prop_CARRY8_SLICEL_CI_CO[5])
                                                      0.077     3.550 f  demux/sel_reg[8]_i_195/CO[5]
                         net (fo=30, estimated)       0.293     3.843    demux_n_9
    SLICE_X125Y463       LUT3 (Prop_G5LUT_SLICEM_I1_O)
                                                      0.112     3.955 r  sel[8]_i_135/O
                         net (fo=2, estimated)        0.219     4.174    sel[8]_i_135_n_0
    SLICE_X125Y463       LUT4 (Prop_H6LUT_SLICEM_I3_O)
                                                      0.053     4.227 r  sel[8]_i_142/O
                         net (fo=1, routed)           0.015     4.242    demux/sel[8]_i_73_0[6]
    SLICE_X125Y463       CARRY8 (Prop_CARRY8_SLICEM_S[7]_CO[7])
                                                      0.117     4.359 r  demux/sel_reg[8]_i_81/CO[7]
                         net (fo=1, estimated)        0.026     4.385    demux/sel_reg[8]_i_81_n_0
    SLICE_X125Y464       CARRY8 (Prop_CARRY8_SLICEM_CI_O[1])
                                                      0.076     4.461 r  demux/sel_reg[8]_i_77/O[1]
                         net (fo=2, estimated)        0.304     4.765    demux_n_89
    SLICE_X123Y464       LUT3 (Prop_E5LUT_SLICEM_I1_O)
                                                      0.102     4.867 r  sel[8]_i_32/O
                         net (fo=2, estimated)        0.160     5.027    sel[8]_i_32_n_0
    SLICE_X123Y464       LUT4 (Prop_F6LUT_SLICEM_I3_O)
                                                      0.051     5.078 r  sel[8]_i_40/O
                         net (fo=1, routed)           0.022     5.100    demux/sel[8]_i_25_0[5]
    SLICE_X123Y464       CARRY8 (Prop_CARRY8_SLICEM_S[5]_CO[7])
                                                      0.159     5.259 r  demux/sel_reg[8]_i_19/CO[7]
                         net (fo=1, estimated)        0.026     5.285    demux/sel_reg[8]_i_19_n_0
    SLICE_X123Y465       CARRY8 (Prop_CARRY8_SLICEM_CI_O[0])
                                                      0.056     5.341 r  demux/sel_reg[8]_i_22/O[0]
                         net (fo=4, estimated)        0.326     5.667    demux_n_104
    SLICE_X123Y466       CARRY8 (Prop_CARRY8_SLICEM_S[0]_O[4])
                                                      0.206     5.873 r  sel_reg[8]_i_18/O[4]
                         net (fo=1, estimated)        0.214     6.087    sel_reg[8]_i_18_n_11
    SLICE_X124Y467       LUT2 (Prop_H6LUT_SLICEL_I1_O)
                                                      0.036     6.123 r  sel[8]_i_8/O
                         net (fo=1, routed)           0.010     6.133    demux/sel_reg[5]_0[6]
    SLICE_X124Y467       CARRY8 (Prop_CARRY8_SLICEL_S[7]_CO[7])
                                                      0.115     6.248 r  demux/sel_reg[8]_i_4/CO[7]
                         net (fo=1, estimated)        0.026     6.274    demux/sel_reg[8]_i_4_n_0
    SLICE_X124Y468       CARRY8 (Prop_CARRY8_SLICEL_CI_O[1])
                                                      0.076     6.350 r  demux/sel_reg[8]_i_5/O[1]
                         net (fo=10, estimated)       0.215     6.565    demux/sel_reg[8]_i_5_n_14
    SLICE_X124Y466       LUT5 (Prop_D6LUT_SLICEL_I4_O)
                                                      0.036     6.601 r  demux/sel[3]_i_2/O
                         net (fo=4, estimated)        0.147     6.748    demux/sel[3]_i_2_n_0
    SLICE_X123Y467       LUT6 (Prop_H6LUT_SLICEM_I1_O)
                                                      0.090     6.838 r  demux/sel[0]_i_1/O
                         net (fo=1, routed)           0.056     6.894    demux/sel20_in[0]
    SLICE_X123Y467       FDRE                                         r  demux/sel_reg[0]/D
  -------------------------------------------------------------------    -------------------

                         (clock virtual_clock rise edge)
                                                      4.000     4.000 r  
    AR14                                              0.000     4.000 r  clk (IN)
                         net (fo=0)                   0.000     4.000    clk_IBUF_inst/I
    AR14                 INBUF (Prop_INBUF_HPIOB_M_PAD_O)
                                                      0.359     4.359 r  clk_IBUF_inst/INBUF_INST/O
                         net (fo=1, routed)           0.000     4.359    clk_IBUF_inst/OUT
    AR14                 IBUFCTRL (Prop_IBUFCTRL_HPIOB_M_I_O)
                                                      0.000     4.359 r  clk_IBUF_inst/IBUFCTRL_INST/O
                         net (fo=1, estimated)        0.287     4.646    clk_IBUF
    BUFGCE_X1Y212        BUFGCE (Prop_BUFCE_BUFGCE_I_O)
                                                      0.024     4.670 r  clk_IBUF_BUFG_inst/O
    X4Y8 (CLOCK_ROOT)    net (fo=2481, estimated)     1.090     5.760    demux/CLK
    SLICE_X123Y467       FDRE                                         r  demux/sel_reg[0]/C
                         clock pessimism              0.378     6.139    
                         clock uncertainty           -0.035     6.103    
    SLICE_X123Y467       FDRE (Setup_HFF2_SLICEM_C_D)
                                                      0.025     6.128    demux/sel_reg[0]
  -------------------------------------------------------------------
                         required time                          6.128    
                         arrival time                          -6.894    
  -------------------------------------------------------------------
                         slack                                 -0.766    





Min Delay Paths
--------------------------------------------------------------------------------------
Slack (VIOLATED) :        -0.063ns  (arrival time - required time)
  Source:                 demux/genblk1[240].z_reg[240][0]/C
                            (rising edge-triggered cell FDRE clocked by virtual_clock  {rise@0.000ns fall@2.000ns period=4.000ns})
  Destination:            genblk1[240].reg_in/reg_out_reg[0]/D
                            (rising edge-triggered cell FDRE clocked by virtual_clock  {rise@0.000ns fall@2.000ns period=4.000ns})
  Path Group:             virtual_clock
  Path Type:              Hold (Min at Slow Process Corner)
  Requirement:            0.000ns  (virtual_clock rise@0.000ns - virtual_clock rise@0.000ns)
  Data Path Delay:        0.165ns  (logic 0.061ns (36.970%)  route 0.104ns (63.030%))
  Logic Levels:           0  
  Clock Path Skew:        0.166ns (DCD - SCD - CPR)
    Destination Clock Delay (DCD):    2.235ns
    Source Clock Delay      (SCD):    1.758ns
    Clock Pessimism Removal (CPR):    0.311ns
  Clock Net Delay (Source):      1.088ns (routing 0.190ns, distribution 0.898ns)
  Clock Net Delay (Destination): 1.274ns (routing 0.210ns, distribution 1.064ns)

    Location             Delay type                Incr(ns)  Path(ns)    Netlist Resource(s)
  -------------------------------------------------------------------    -------------------
                         (clock virtual_clock rise edge)
                                                      0.000     0.000 r  
    AR14                                              0.000     0.000 r  clk (IN)
                         net (fo=0)                   0.000     0.000    clk_IBUF_inst/I
    AR14                 INBUF (Prop_INBUF_HPIOB_M_PAD_O)
                                                      0.359     0.359 r  clk_IBUF_inst/INBUF_INST/O
                         net (fo=1, routed)           0.000     0.359    clk_IBUF_inst/OUT
    AR14                 IBUFCTRL (Prop_IBUFCTRL_HPIOB_M_I_O)
                                                      0.000     0.359 r  clk_IBUF_inst/IBUFCTRL_INST/O
                         net (fo=1, estimated)        0.287     0.646    clk_IBUF
    BUFGCE_X1Y212        BUFGCE (Prop_BUFCE_BUFGCE_I_O)
                                                      0.024     0.670 r  clk_IBUF_BUFG_inst/O
    X4Y8 (CLOCK_ROOT)    net (fo=2481, estimated)     1.088     1.758    demux/CLK
    SLICE_X124Y479       FDRE                                         r  demux/genblk1[240].z_reg[240][0]/C
  -------------------------------------------------------------------    -------------------
    SLICE_X124Y479       FDRE (Prop_DFF2_SLICEL_C_Q)
                                                      0.061     1.819 r  demux/genblk1[240].z_reg[240][0]/Q
                         net (fo=1, estimated)        0.104     1.923    genblk1[240].reg_in/D[0]
    SLICE_X126Y480       FDRE                                         r  genblk1[240].reg_in/reg_out_reg[0]/D
  -------------------------------------------------------------------    -------------------

                         (clock virtual_clock rise edge)
                                                      0.000     0.000 r  
    AR14                                              0.000     0.000 r  clk (IN)
                         net (fo=0)                   0.000     0.000    clk_IBUF_inst/I
    AR14                 INBUF (Prop_INBUF_HPIOB_M_PAD_O)
                                                      0.610     0.610 r  clk_IBUF_inst/INBUF_INST/O
                         net (fo=1, routed)           0.000     0.610    clk_IBUF_inst/OUT
    AR14                 IBUFCTRL (Prop_IBUFCTRL_HPIOB_M_I_O)
                                                      0.000     0.610 r  clk_IBUF_inst/IBUFCTRL_INST/O
                         net (fo=1, estimated)        0.323     0.933    clk_IBUF
    BUFGCE_X1Y212        BUFGCE (Prop_BUFCE_BUFGCE_I_O)
                                                      0.028     0.961 r  clk_IBUF_BUFG_inst/O
    X4Y8 (CLOCK_ROOT)    net (fo=2481, estimated)     1.274     2.235    genblk1[240].reg_in/CLK
    SLICE_X126Y480       FDRE                                         r  genblk1[240].reg_in/reg_out_reg[0]/C
                         clock pessimism             -0.311     1.924    
    SLICE_X126Y480       FDRE (Hold_EFF2_SLICEL_C_D)
                                                      0.062     1.986    genblk1[240].reg_in/reg_out_reg[0]
  -------------------------------------------------------------------
                         required time                         -1.986    
                         arrival time                           1.923    
  -------------------------------------------------------------------
                         slack                                 -0.063    





Pulse Width Checks
--------------------------------------------------------------------------------------
Clock Name:         virtual_clock
Waveform(ns):       { 0.000 2.000 }
Period(ns):         4.000
Sources:            { clk }

Check Type        Corner  Lib Pin   Reference Pin  Required(ns)  Actual(ns)  Slack(ns)  Location        Pin
Min Period        n/a     BUFGCE/I  n/a            1.290         4.000       2.710      BUFGCE_X1Y212   clk_IBUF_BUFG_inst/I
Low Pulse Width   Slow    FDRE/C    n/a            0.275         2.000       1.725      SLICE_X126Y456  demux/genblk1[359].z_reg[359][4]/C
High Pulse Width  Slow    FDRE/C    n/a            0.275         2.000       1.725      SLICE_X130Y460  demux/genblk1[357].z_reg[357][5]/C



