Copyright 1986-2020 Xilinx, Inc. All Rights Reserved.
--------------------------------------------------------------------------------------------
| Tool Version      : Vivado v.2020.1 (lin64) Build 2902540 Wed May 27 19:54:35 MDT 2020
| Date              : Tue Mar 15 18:51:02 2022
| Host              : lepus running 64-bit CentOS Linux release 7.9.2009 (Core)
| Command           : report_timing_summary -file ./output/fc2_17/report/timing-summary.rpt
| Design            : top
| Device            : xcvu9p-flga2104
| Speed File        : -2L  PRODUCTION 1.27 02-28-2020
| Temperature Grade : E
--------------------------------------------------------------------------------------------

Timing Summary Report

------------------------------------------------------------------------------------------------
| Timer Settings
| --------------
------------------------------------------------------------------------------------------------

  Enable Multi Corner Analysis               :  Yes
  Enable Pessimism Removal                   :  Yes
  Pessimism Removal Resolution               :  Nearest Common Node
  Enable Input Delay Default Clock           :  No
  Enable Preset / Clear Arcs                 :  No
  Disable Flight Delays                      :  No
  Ignore I/O Paths                           :  No
  Timing Early Launch at Borrowing Latches   :  No
  Borrow Time for Max Delay Exceptions       :  Yes
  Merge Timing Exceptions                    :  Yes

  Corner  Analyze    Analyze    
  Name    Max Paths  Min Paths  
  ------  ---------  ---------  
  Slow    Yes        Yes        
  Fast    Yes        Yes        



check_timing report

Table of Contents
-----------------
1. checking no_clock (0)
2. checking constant_clock (0)
3. checking pulse_width_clock (0)
4. checking unconstrained_internal_endpoints (0)
5. checking no_input_delay (10)
6. checking no_output_delay (22)
7. checking multiple_clock (0)
8. checking generated_clocks (0)
9. checking loops (0)
10. checking partial_input_delay (0)
11. checking partial_output_delay (0)
12. checking latch_loops (0)

1. checking no_clock (0)
------------------------
 There are 0 register/latch pins with no clock.


2. checking constant_clock (0)
------------------------------
 There are 0 register/latch pins with constant_clock.


3. checking pulse_width_clock (0)
---------------------------------
 There are 0 register/latch pins which need pulse_width check


4. checking unconstrained_internal_endpoints (0)
------------------------------------------------
 There are 0 pins that are not constrained for maximum delay.

 There are 0 pins that are not constrained for maximum delay due to constant clock.


5. checking no_input_delay (10)
-------------------------------
 There are 10 input ports with no input delay specified. (HIGH)

 There are 0 input ports with no input delay but user has a false path constraint.


6. checking no_output_delay (22)
--------------------------------
 There are 22 ports with no output delay specified. (HIGH)

 There are 0 ports with no output delay but user has a false path constraint

 There are 0 ports with no output delay but with a timing clock defined on it or propagating through it


7. checking multiple_clock (0)
------------------------------
 There are 0 register/latch pins with multiple clocks.


8. checking generated_clocks (0)
--------------------------------
 There are 0 generated clocks that are not connected to a clock source.


9. checking loops (0)
---------------------
 There are 0 combinational loops in the design.


10. checking partial_input_delay (0)
------------------------------------
 There are 0 input ports with partial input delay specified.


11. checking partial_output_delay (0)
-------------------------------------
 There are 0 ports with partial output delay specified.


12. checking latch_loops (0)
----------------------------
 There are 0 combinational latch loops in the design through latch input



------------------------------------------------------------------------------------------------
| Design Timing Summary
| ---------------------
------------------------------------------------------------------------------------------------

    WNS(ns)      TNS(ns)  TNS Failing Endpoints  TNS Total Endpoints      WHS(ns)      THS(ns)  THS Failing Endpoints  THS Total Endpoints     WPWS(ns)     TPWS(ns)  TPWS Failing Endpoints  TPWS Total Endpoints  
    -------      -------  ---------------------  -------------------      -------      -------  ---------------------  -------------------     --------     --------  ----------------------  --------------------  
      0.016        0.000                      0                  990        0.007        0.000                      0                  990        1.725        0.000                       0                   991  


All user specified timing constraints are met.


------------------------------------------------------------------------------------------------
| Clock Summary
| -------------
------------------------------------------------------------------------------------------------

Clock          Waveform(ns)         Period(ns)      Frequency(MHz)
-----          ------------         ----------      --------------
virtual_clock  {0.000 2.000}        4.000           250.000         


------------------------------------------------------------------------------------------------
| Intra Clock Table
| -----------------
------------------------------------------------------------------------------------------------

Clock              WNS(ns)      TNS(ns)  TNS Failing Endpoints  TNS Total Endpoints      WHS(ns)      THS(ns)  THS Failing Endpoints  THS Total Endpoints     WPWS(ns)     TPWS(ns)  TPWS Failing Endpoints  TPWS Total Endpoints  
-----              -------      -------  ---------------------  -------------------      -------      -------  ---------------------  -------------------     --------     --------  ----------------------  --------------------  
virtual_clock        0.016        0.000                      0                  990        0.007        0.000                      0                  990        1.725        0.000                       0                   991  


------------------------------------------------------------------------------------------------
| Inter Clock Table
| -----------------
------------------------------------------------------------------------------------------------

From Clock    To Clock          WNS(ns)      TNS(ns)  TNS Failing Endpoints  TNS Total Endpoints      WHS(ns)      THS(ns)  THS Failing Endpoints  THS Total Endpoints  
----------    --------          -------      -------  ---------------------  -------------------      -------      -------  ---------------------  -------------------  


------------------------------------------------------------------------------------------------
| Other Path Groups Table
| -----------------------
------------------------------------------------------------------------------------------------

Path Group    From Clock    To Clock          WNS(ns)      TNS(ns)  TNS Failing Endpoints  TNS Total Endpoints      WHS(ns)      THS(ns)  THS Failing Endpoints  THS Total Endpoints  
----------    ----------    --------          -------      -------  ---------------------  -------------------      -------      -------  ---------------------  -------------------  


------------------------------------------------------------------------------------------------
| Timing Details
| --------------
------------------------------------------------------------------------------------------------


---------------------------------------------------------------------------------------------------
From Clock:  virtual_clock
  To Clock:  virtual_clock

Setup :            0  Failing Endpoints,  Worst Slack        0.016ns,  Total Violation        0.000ns
Hold  :            0  Failing Endpoints,  Worst Slack        0.007ns,  Total Violation        0.000ns
PW    :            0  Failing Endpoints,  Worst Slack        1.725ns,  Total Violation        0.000ns
---------------------------------------------------------------------------------------------------


Max Delay Paths
--------------------------------------------------------------------------------------
Slack (MET) :             0.016ns  (required time - arrival time)
  Source:                 genblk1[50].reg_in/reg_out_reg[5]/C
                            (rising edge-triggered cell FDRE clocked by virtual_clock  {rise@0.000ns fall@2.000ns period=4.000ns})
  Destination:            reg_out/reg_out_reg[21]/D
                            (rising edge-triggered cell FDRE clocked by virtual_clock  {rise@0.000ns fall@2.000ns period=4.000ns})
  Path Group:             virtual_clock
  Path Type:              Setup (Max at Slow Process Corner)
  Requirement:            4.000ns  (virtual_clock rise@4.000ns - virtual_clock rise@0.000ns)
  Data Path Delay:        3.866ns  (logic 1.624ns (42.007%)  route 2.242ns (57.993%))
  Logic Levels:           16  (CARRY8=9 LUT2=5 LUT3=1 LUT4=1)
  Clock Path Skew:        -0.108ns (DCD - SCD + CPR)
    Destination Clock Delay (DCD):    2.047ns = ( 6.047 - 4.000 ) 
    Source Clock Delay      (SCD):    2.543ns
    Clock Pessimism Removal (CPR):    0.388ns
  Clock Uncertainty:      0.035ns  ((TSJ^2 + TIJ^2)^1/2 + DJ) / 2 + PE
    Total System Jitter     (TSJ):    0.071ns
    Total Input Jitter      (TIJ):    0.000ns
    Discrete Jitter          (DJ):    0.000ns
    Phase Error              (PE):    0.000ns
  Clock Net Delay (Source):      1.582ns (routing 0.582ns, distribution 1.000ns)
  Clock Net Delay (Destination): 1.377ns (routing 0.531ns, distribution 0.846ns)

    Location             Delay type                Incr(ns)  Path(ns)    Netlist Resource(s)
  -------------------------------------------------------------------    -------------------
                         (clock virtual_clock rise edge)
                                                      0.000     0.000 r  
    AR14                                              0.000     0.000 r  clk (IN)
                         net (fo=0)                   0.000     0.000    clk_IBUF_inst/I
    AR14                 INBUF (Prop_INBUF_HPIOB_M_PAD_O)
                                                      0.610     0.610 r  clk_IBUF_inst/INBUF_INST/O
                         net (fo=1, routed)           0.000     0.610    clk_IBUF_inst/OUT
    AR14                 IBUFCTRL (Prop_IBUFCTRL_HPIOB_M_I_O)
                                                      0.000     0.610 r  clk_IBUF_inst/IBUFCTRL_INST/O
                         net (fo=1, routed)           0.323     0.933    clk_IBUF
    BUFGCE_X1Y194        BUFGCE (Prop_BUFCE_BUFGCE_I_O)
                                                      0.028     0.961 r  clk_IBUF_BUFG_inst/O
    X3Y8 (CLOCK_ROOT)    net (fo=990, routed)         1.582     2.543    genblk1[50].reg_in/CLK
    SLICE_X117Y523       FDRE                                         r  genblk1[50].reg_in/reg_out_reg[5]/C
  -------------------------------------------------------------------    -------------------
    SLICE_X117Y523       FDRE (Prop_EFF2_SLICEM_C_Q)
                                                      0.079     2.622 r  genblk1[50].reg_in/reg_out_reg[5]/Q
                         net (fo=11, routed)          0.203     2.825    conv/mul22/O51[5]
    SLICE_X117Y523       LUT3 (Prop_D5LUT_SLICEM_I2_O)
                                                      0.066     2.891 r  conv/mul22/reg_out[7]_i_267/O
                         net (fo=2, routed)           0.237     3.128    conv/mul22/reg_out[7]_i_267_n_0
    SLICE_X117Y517       LUT4 (Prop_F6LUT_SLICEM_I0_O)
                                                      0.088     3.216 r  conv/mul22/reg_out[7]_i_271/O
                         net (fo=1, routed)           0.022     3.238    conv/mul22/reg_out[7]_i_271_n_0
    SLICE_X117Y517       CARRY8 (Prop_CARRY8_SLICEM_S[5]_O[6])
                                                      0.131     3.369 r  conv/mul22/reg_out_reg[7]_i_128/O[6]
                         net (fo=2, routed)           0.229     3.598    conv/add000058/I12[7]
    SLICE_X116Y518       LUT2 (Prop_G6LUT_SLICEM_I0_O)
                                                      0.090     3.688 r  conv/add000058/reg_out[7]_i_258/O
                         net (fo=1, routed)           0.016     3.704    conv/add000058/reg_out[7]_i_258_n_0
    SLICE_X116Y518       CARRY8 (Prop_CARRY8_SLICEM_S[6]_O[6])
                                                      0.056     3.760 r  conv/add000058/reg_out_reg[7]_i_127/O[6]
                         net (fo=1, routed)           0.182     3.942    conv/add000058/reg_out_reg[7]_i_127_n_9
    SLICE_X117Y519       LUT2 (Prop_F6LUT_SLICEM_I1_O)
                                                      0.037     3.979 r  conv/add000058/reg_out[7]_i_251/O
                         net (fo=1, routed)           0.022     4.001    conv/add000058/reg_out[7]_i_251_n_0
    SLICE_X117Y519       CARRY8 (Prop_CARRY8_SLICEM_S[5]_O[5])
                                                      0.058     4.059 r  conv/add000058/reg_out_reg[7]_i_126/O[5]
                         net (fo=1, routed)           0.250     4.309    conv/add000058/reg_out_reg[7]_i_126_n_10
    SLICE_X115Y519       LUT2 (Prop_H6LUT_SLICEL_I1_O)
                                                      0.051     4.360 r  conv/add000058/reg_out[7]_i_46/O
                         net (fo=1, routed)           0.010     4.370    conv/add000058/reg_out[7]_i_46_n_0
    SLICE_X115Y519       CARRY8 (Prop_CARRY8_SLICEL_S[7]_CO[7])
                                                      0.115     4.485 r  conv/add000058/reg_out_reg[7]_i_22/CO[7]
                         net (fo=1, routed)           0.026     4.511    conv/add000058/reg_out_reg[7]_i_22_n_0
    SLICE_X115Y520       CARRY8 (Prop_CARRY8_SLICEL_CI_O[1])
                                                      0.076     4.587 r  conv/add000058/reg_out_reg[15]_i_57/O[1]
                         net (fo=2, routed)           0.361     4.948    conv/add000058/reg_out_reg[15]_i_57_n_14
    SLICE_X115Y517       LUT2 (Prop_B6LUT_SLICEL_I0_O)
                                                      0.036     4.984 r  conv/add000058/reg_out[15]_i_64/O
                         net (fo=1, routed)           0.009     4.993    conv/add000058/reg_out[15]_i_64_n_0
    SLICE_X115Y517       CARRY8 (Prop_CARRY8_SLICEL_S[1]_O[5])
                                                      0.233     5.226 r  conv/add000058/reg_out_reg[15]_i_31/O[5]
                         net (fo=1, routed)           0.242     5.468    conv/add000058/reg_out_reg[15]_i_31_n_10
    SLICE_X112Y516       LUT2 (Prop_F6LUT_SLICEL_I1_O)
                                                      0.089     5.557 r  conv/add000058/reg_out[15]_i_14/O
                         net (fo=1, routed)           0.011     5.568    conv/add000058/reg_out[15]_i_14_n_0
    SLICE_X112Y516       CARRY8 (Prop_CARRY8_SLICEL_S[5]_CO[7])
                                                      0.155     5.723 r  conv/add000058/reg_out_reg[15]_i_2/CO[7]
                         net (fo=1, routed)           0.026     5.749    conv/add000058/reg_out_reg[15]_i_2_n_0
    SLICE_X112Y517       CARRY8 (Prop_CARRY8_SLICEL_CI_O[0])
                                                      0.056     5.805 r  conv/add000058/reg_out_reg[21]_i_2/O[0]
                         net (fo=2, routed)           0.371     6.176    conv/add000058/reg_out_reg[21]_i_2_n_15
    SLICE_X113Y516       CARRY8 (Prop_CARRY8_SLICEM_DI[0]_O[5])
                                                      0.208     6.384 r  conv/add000058/reg_out_reg[21]_i_1/O[5]
                         net (fo=1, routed)           0.025     6.409    reg_out/D[21]
    SLICE_X113Y516       FDRE                                         r  reg_out/reg_out_reg[21]/D
  -------------------------------------------------------------------    -------------------

                         (clock virtual_clock rise edge)
                                                      4.000     4.000 r  
    AR14                                              0.000     4.000 r  clk (IN)
                         net (fo=0)                   0.000     4.000    clk_IBUF_inst/I
    AR14                 INBUF (Prop_INBUF_HPIOB_M_PAD_O)
                                                      0.359     4.359 r  clk_IBUF_inst/INBUF_INST/O
                         net (fo=1, routed)           0.000     4.359    clk_IBUF_inst/OUT
    AR14                 IBUFCTRL (Prop_IBUFCTRL_HPIOB_M_I_O)
                                                      0.000     4.359 r  clk_IBUF_inst/IBUFCTRL_INST/O
                         net (fo=1, routed)           0.287     4.646    clk_IBUF
    BUFGCE_X1Y194        BUFGCE (Prop_BUFCE_BUFGCE_I_O)
                                                      0.024     4.670 r  clk_IBUF_BUFG_inst/O
    X3Y8 (CLOCK_ROOT)    net (fo=990, routed)         1.377     6.047    reg_out/CLK
    SLICE_X113Y516       FDRE                                         r  reg_out/reg_out_reg[21]/C
                         clock pessimism              0.388     6.435    
                         clock uncertainty           -0.035     6.400    
    SLICE_X113Y516       FDRE (Setup_FFF_SLICEM_C_D)
                                                      0.025     6.425    reg_out/reg_out_reg[21]
  -------------------------------------------------------------------
                         required time                          6.425    
                         arrival time                          -6.409    
  -------------------------------------------------------------------
                         slack                                  0.016    





Min Delay Paths
--------------------------------------------------------------------------------------
Slack (MET) :             0.007ns  (arrival time - required time)
  Source:                 demux/genblk1[122].z_reg[122][2]/C
                            (rising edge-triggered cell FDRE clocked by virtual_clock  {rise@0.000ns fall@2.000ns period=4.000ns})
  Destination:            genblk1[122].reg_in/reg_out_reg[2]/D
                            (rising edge-triggered cell FDRE clocked by virtual_clock  {rise@0.000ns fall@2.000ns period=4.000ns})
  Path Group:             virtual_clock
  Path Type:              Hold (Min at Slow Process Corner)
  Requirement:            0.000ns  (virtual_clock rise@0.000ns - virtual_clock rise@0.000ns)
  Data Path Delay:        0.149ns  (logic 0.058ns (38.926%)  route 0.091ns (61.074%))
  Logic Levels:           0  
  Clock Path Skew:        0.080ns (DCD - SCD - CPR)
    Destination Clock Delay (DCD):    2.396ns
    Source Clock Delay      (SCD):    1.939ns
    Clock Pessimism Removal (CPR):    0.377ns
  Clock Net Delay (Source):      1.269ns (routing 0.531ns, distribution 0.738ns)
  Clock Net Delay (Destination): 1.435ns (routing 0.582ns, distribution 0.853ns)

    Location             Delay type                Incr(ns)  Path(ns)    Netlist Resource(s)
  -------------------------------------------------------------------    -------------------
                         (clock virtual_clock rise edge)
                                                      0.000     0.000 r  
    AR14                                              0.000     0.000 r  clk (IN)
                         net (fo=0)                   0.000     0.000    clk_IBUF_inst/I
    AR14                 INBUF (Prop_INBUF_HPIOB_M_PAD_O)
                                                      0.359     0.359 r  clk_IBUF_inst/INBUF_INST/O
                         net (fo=1, routed)           0.000     0.359    clk_IBUF_inst/OUT
    AR14                 IBUFCTRL (Prop_IBUFCTRL_HPIOB_M_I_O)
                                                      0.000     0.359 r  clk_IBUF_inst/IBUFCTRL_INST/O
                         net (fo=1, routed)           0.287     0.646    clk_IBUF
    BUFGCE_X1Y194        BUFGCE (Prop_BUFCE_BUFGCE_I_O)
                                                      0.024     0.670 r  clk_IBUF_BUFG_inst/O
    X3Y8 (CLOCK_ROOT)    net (fo=990, routed)         1.269     1.939    demux/CLK
    SLICE_X106Y504       FDRE                                         r  demux/genblk1[122].z_reg[122][2]/C
  -------------------------------------------------------------------    -------------------
    SLICE_X106Y504       FDRE (Prop_FFF_SLICEL_C_Q)
                                                      0.058     1.997 r  demux/genblk1[122].z_reg[122][2]/Q
                         net (fo=1, routed)           0.091     2.088    genblk1[122].reg_in/D[2]
    SLICE_X105Y504       FDRE                                         r  genblk1[122].reg_in/reg_out_reg[2]/D
  -------------------------------------------------------------------    -------------------

                         (clock virtual_clock rise edge)
                                                      0.000     0.000 r  
    AR14                                              0.000     0.000 r  clk (IN)
                         net (fo=0)                   0.000     0.000    clk_IBUF_inst/I
    AR14                 INBUF (Prop_INBUF_HPIOB_M_PAD_O)
                                                      0.610     0.610 r  clk_IBUF_inst/INBUF_INST/O
                         net (fo=1, routed)           0.000     0.610    clk_IBUF_inst/OUT
    AR14                 IBUFCTRL (Prop_IBUFCTRL_HPIOB_M_I_O)
                                                      0.000     0.610 r  clk_IBUF_inst/IBUFCTRL_INST/O
                         net (fo=1, routed)           0.323     0.933    clk_IBUF
    BUFGCE_X1Y194        BUFGCE (Prop_BUFCE_BUFGCE_I_O)
                                                      0.028     0.961 r  clk_IBUF_BUFG_inst/O
    X3Y8 (CLOCK_ROOT)    net (fo=990, routed)         1.435     2.396    genblk1[122].reg_in/CLK
    SLICE_X105Y504       FDRE                                         r  genblk1[122].reg_in/reg_out_reg[2]/C
                         clock pessimism             -0.377     2.019    
    SLICE_X105Y504       FDRE (Hold_GFF2_SLICEL_C_D)
                                                      0.062     2.081    genblk1[122].reg_in/reg_out_reg[2]
  -------------------------------------------------------------------
                         required time                         -2.081    
                         arrival time                           2.088    
  -------------------------------------------------------------------
                         slack                                  0.007    





Pulse Width Checks
--------------------------------------------------------------------------------------
Clock Name:         virtual_clock
Waveform(ns):       { 0.000 2.000 }
Period(ns):         4.000
Sources:            { clk }

Check Type        Corner  Lib Pin   Reference Pin  Required(ns)  Actual(ns)  Slack(ns)  Location        Pin
Min Period        n/a     BUFGCE/I  n/a            1.290         4.000       2.710      BUFGCE_X1Y194   clk_IBUF_BUFG_inst/I
Low Pulse Width   Slow    FDRE/C    n/a            0.275         2.000       1.725      SLICE_X113Y504  demux/genblk1[23].z_reg[23][0]/C
High Pulse Width  Fast    FDRE/C    n/a            0.275         2.000       1.725      SLICE_X107Y512  demux/genblk1[20].z_reg[20][0]/C



