Copyright 1986-2020 Xilinx, Inc. All Rights Reserved.
--------------------------------------------------------------------------------------------
| Tool Version      : Vivado v.2020.1 (lin64) Build 2902540 Wed May 27 19:54:35 MDT 2020
| Date              : Tue Mar 15 00:48:55 2022
| Host              : lepus running 64-bit CentOS Linux release 7.9.2009 (Core)
| Command           : report_timing_summary -file ./output/fc1_47/report/timing-summary.rpt
| Design            : top
| Device            : xcvu9p-flga2104
| Speed File        : -2L  PRODUCTION 1.27 02-28-2020
| Temperature Grade : E
--------------------------------------------------------------------------------------------

Timing Summary Report

------------------------------------------------------------------------------------------------
| Timer Settings
| --------------
------------------------------------------------------------------------------------------------

  Enable Multi Corner Analysis               :  Yes
  Enable Pessimism Removal                   :  Yes
  Pessimism Removal Resolution               :  Nearest Common Node
  Enable Input Delay Default Clock           :  No
  Enable Preset / Clear Arcs                 :  No
  Disable Flight Delays                      :  No
  Ignore I/O Paths                           :  No
  Timing Early Launch at Borrowing Latches   :  No
  Borrow Time for Max Delay Exceptions       :  Yes
  Merge Timing Exceptions                    :  Yes

  Corner  Analyze    Analyze    
  Name    Max Paths  Min Paths  
  ------  ---------  ---------  
  Slow    Yes        Yes        
  Fast    Yes        Yes        



check_timing report

Table of Contents
-----------------
1. checking no_clock (0)
2. checking constant_clock (0)
3. checking pulse_width_clock (0)
4. checking unconstrained_internal_endpoints (0)
5. checking no_input_delay (10)
6. checking no_output_delay (24)
7. checking multiple_clock (0)
8. checking generated_clocks (0)
9. checking loops (0)
10. checking partial_input_delay (0)
11. checking partial_output_delay (0)
12. checking latch_loops (0)

1. checking no_clock (0)
------------------------
 There are 0 register/latch pins with no clock.


2. checking constant_clock (0)
------------------------------
 There are 0 register/latch pins with constant_clock.


3. checking pulse_width_clock (0)
---------------------------------
 There are 0 register/latch pins which need pulse_width check


4. checking unconstrained_internal_endpoints (0)
------------------------------------------------
 There are 0 pins that are not constrained for maximum delay.

 There are 0 pins that are not constrained for maximum delay due to constant clock.


5. checking no_input_delay (10)
-------------------------------
 There are 10 input ports with no input delay specified. (HIGH)

 There are 0 input ports with no input delay but user has a false path constraint.


6. checking no_output_delay (24)
--------------------------------
 There are 24 ports with no output delay specified. (HIGH)

 There are 0 ports with no output delay but user has a false path constraint

 There are 0 ports with no output delay but with a timing clock defined on it or propagating through it


7. checking multiple_clock (0)
------------------------------
 There are 0 register/latch pins with multiple clocks.


8. checking generated_clocks (0)
--------------------------------
 There are 0 generated clocks that are not connected to a clock source.


9. checking loops (0)
---------------------
 There are 0 combinational loops in the design.


10. checking partial_input_delay (0)
------------------------------------
 There are 0 input ports with partial input delay specified.


11. checking partial_output_delay (0)
-------------------------------------
 There are 0 ports with partial output delay specified.


12. checking latch_loops (0)
----------------------------
 There are 0 combinational latch loops in the design through latch input



------------------------------------------------------------------------------------------------
| Design Timing Summary
| ---------------------
------------------------------------------------------------------------------------------------

    WNS(ns)      TNS(ns)  TNS Failing Endpoints  TNS Total Endpoints      WHS(ns)      THS(ns)  THS Failing Endpoints  THS Total Endpoints     WPWS(ns)     TPWS(ns)  TPWS Failing Endpoints  TPWS Total Endpoints  
    -------      -------  ---------------------  -------------------      -------      -------  ---------------------  -------------------     --------     --------  ----------------------  --------------------  
      0.075        0.000                      0                 3058        0.013        0.000                      0                 3058        2.058        0.000                       0                  3059  


All user specified timing constraints are met.


------------------------------------------------------------------------------------------------
| Clock Summary
| -------------
------------------------------------------------------------------------------------------------

Clock   Waveform(ns)         Period(ns)      Frequency(MHz)
-----   ------------         ----------      --------------
vclock  {0.000 2.333}        4.666           214.316         


------------------------------------------------------------------------------------------------
| Intra Clock Table
| -----------------
------------------------------------------------------------------------------------------------

Clock             WNS(ns)      TNS(ns)  TNS Failing Endpoints  TNS Total Endpoints      WHS(ns)      THS(ns)  THS Failing Endpoints  THS Total Endpoints     WPWS(ns)     TPWS(ns)  TPWS Failing Endpoints  TPWS Total Endpoints  
-----             -------      -------  ---------------------  -------------------      -------      -------  ---------------------  -------------------     --------     --------  ----------------------  --------------------  
vclock              0.075        0.000                      0                 3058        0.013        0.000                      0                 3058        2.058        0.000                       0                  3059  


------------------------------------------------------------------------------------------------
| Inter Clock Table
| -----------------
------------------------------------------------------------------------------------------------

From Clock    To Clock          WNS(ns)      TNS(ns)  TNS Failing Endpoints  TNS Total Endpoints      WHS(ns)      THS(ns)  THS Failing Endpoints  THS Total Endpoints  
----------    --------          -------      -------  ---------------------  -------------------      -------      -------  ---------------------  -------------------  


------------------------------------------------------------------------------------------------
| Other Path Groups Table
| -----------------------
------------------------------------------------------------------------------------------------

Path Group    From Clock    To Clock          WNS(ns)      TNS(ns)  TNS Failing Endpoints  TNS Total Endpoints      WHS(ns)      THS(ns)  THS Failing Endpoints  THS Total Endpoints  
----------    ----------    --------          -------      -------  ---------------------  -------------------      -------      -------  ---------------------  -------------------  


------------------------------------------------------------------------------------------------
| Timing Details
| --------------
------------------------------------------------------------------------------------------------


---------------------------------------------------------------------------------------------------
From Clock:  vclock
  To Clock:  vclock

Setup :            0  Failing Endpoints,  Worst Slack        0.075ns,  Total Violation        0.000ns
Hold  :            0  Failing Endpoints,  Worst Slack        0.013ns,  Total Violation        0.000ns
PW    :            0  Failing Endpoints,  Worst Slack        2.058ns,  Total Violation        0.000ns
---------------------------------------------------------------------------------------------------


Max Delay Paths
--------------------------------------------------------------------------------------
Slack (MET) :             0.075ns  (required time - arrival time)
  Source:                 demux/sel_reg[4]/C
                            (rising edge-triggered cell FDSE clocked by vclock  {rise@0.000ns fall@2.333ns period=4.666ns})
  Destination:            demux/sel_reg[1]/D
                            (rising edge-triggered cell FDRE clocked by vclock  {rise@0.000ns fall@2.333ns period=4.666ns})
  Path Group:             vclock
  Path Type:              Setup (Max at Slow Process Corner)
  Requirement:            4.666ns  (vclock rise@4.666ns - vclock rise@0.000ns)
  Data Path Delay:        4.561ns  (logic 1.826ns (40.035%)  route 2.735ns (59.965%))
  Logic Levels:           18  (CARRY8=10 LUT2=1 LUT3=3 LUT4=2 LUT5=1 LUT6=1)
  Clock Path Skew:        -0.019ns (DCD - SCD + CPR)
    Destination Clock Delay (DCD):    1.747ns = ( 6.413 - 4.666 ) 
    Source Clock Delay      (SCD):    2.191ns
    Clock Pessimism Removal (CPR):    0.425ns
  Clock Uncertainty:      0.035ns  ((TSJ^2 + TIJ^2)^1/2 + DJ) / 2 + PE
    Total System Jitter     (TSJ):    0.071ns
    Total Input Jitter      (TIJ):    0.000ns
    Discrete Jitter          (DJ):    0.000ns
    Phase Error              (PE):    0.000ns
  Clock Net Delay (Source):      1.230ns (routing 0.171ns, distribution 1.059ns)
  Clock Net Delay (Destination): 1.077ns (routing 0.155ns, distribution 0.922ns)

    Location             Delay type                Incr(ns)  Path(ns)    Netlist Resource(s)
  -------------------------------------------------------------------    -------------------
                         (clock vclock rise edge)     0.000     0.000 r  
    AR14                                              0.000     0.000 r  clk (IN)
                         net (fo=0)                   0.000     0.000    clk_IBUF_inst/I
    AR14                 INBUF (Prop_INBUF_HPIOB_M_PAD_O)
                                                      0.610     0.610 r  clk_IBUF_inst/INBUF_INST/O
                         net (fo=1, routed)           0.000     0.610    clk_IBUF_inst/OUT
    AR14                 IBUFCTRL (Prop_IBUFCTRL_HPIOB_M_I_O)
                                                      0.000     0.610 r  clk_IBUF_inst/IBUFCTRL_INST/O
                         net (fo=1, routed)           0.323     0.933    clk_IBUF
    BUFGCE_X1Y212        BUFGCE (Prop_BUFCE_BUFGCE_I_O)
                                                      0.028     0.961 r  clk_IBUF_BUFG_inst/O
    X4Y8 (CLOCK_ROOT)    net (fo=3058, routed)        1.230     2.191    demux/CLK
    SLICE_X126Y450       FDSE                                         r  demux/sel_reg[4]/C
  -------------------------------------------------------------------    -------------------
    SLICE_X126Y450       FDSE (Prop_CFF_SLICEL_C_Q)
                                                      0.079     2.270 r  demux/sel_reg[4]/Q
                         net (fo=24, routed)          0.344     2.614    demux/sel[4]
    SLICE_X125Y450       CARRY8 (Prop_CARRY8_SLICEM_S[3]_O[5])
                                                      0.184     2.798 f  demux/sel_reg[8]_i_6/O[5]
                         net (fo=41, routed)          0.307     3.105    demux/p_1_in[5]
    SLICE_X123Y445       LUT3 (Prop_F5LUT_SLICEM_I0_O)
                                                      0.074     3.179 f  demux/sel[8]_i_226/O
                         net (fo=1, routed)           0.192     3.371    demux/sel[8]_i_226_n_0
    SLICE_X123Y444       CARRY8 (Prop_CARRY8_SLICEM_DI[3]_CO[7])
                                                      0.106     3.477 f  demux/sel_reg[8]_i_196/CO[7]
                         net (fo=1, routed)           0.026     3.503    demux/sel_reg[8]_i_196_n_0
    SLICE_X123Y445       CARRY8 (Prop_CARRY8_SLICEM_CI_CO[5])
                                                      0.077     3.580 f  demux/sel_reg[8]_i_171/CO[5]
                         net (fo=41, routed)          0.302     3.882    demux_n_10
    SLICE_X124Y447       LUT3 (Prop_G5LUT_SLICEL_I2_O)
                                                      0.099     3.981 r  sel[8]_i_135/O
                         net (fo=2, routed)           0.189     4.170    sel[8]_i_135_n_0
    SLICE_X124Y447       LUT4 (Prop_H6LUT_SLICEL_I3_O)
                                                      0.090     4.260 r  sel[8]_i_142/O
                         net (fo=1, routed)           0.010     4.270    demux/sel[8]_i_73_0[6]
    SLICE_X124Y447       CARRY8 (Prop_CARRY8_SLICEL_S[7]_CO[7])
                                                      0.115     4.385 r  demux/sel_reg[8]_i_81/CO[7]
                         net (fo=1, routed)           0.026     4.411    demux/sel_reg[8]_i_81_n_0
    SLICE_X124Y448       CARRY8 (Prop_CARRY8_SLICEL_CI_O[1])
                                                      0.076     4.487 r  demux/sel_reg[8]_i_77/O[1]
                         net (fo=2, routed)           0.197     4.684    demux_n_89
    SLICE_X123Y448       LUT3 (Prop_E5LUT_SLICEM_I1_O)
                                                      0.139     4.823 r  sel[8]_i_32/O
                         net (fo=2, routed)           0.131     4.954    sel[8]_i_32_n_0
    SLICE_X123Y448       LUT4 (Prop_F6LUT_SLICEM_I3_O)
                                                      0.051     5.005 r  sel[8]_i_40/O
                         net (fo=1, routed)           0.022     5.027    demux/sel[8]_i_25_0[5]
    SLICE_X123Y448       CARRY8 (Prop_CARRY8_SLICEM_S[5]_CO[7])
                                                      0.159     5.186 r  demux/sel_reg[8]_i_19/CO[7]
                         net (fo=1, routed)           0.026     5.212    demux/sel_reg[8]_i_19_n_0
    SLICE_X123Y449       CARRY8 (Prop_CARRY8_SLICEM_CI_O[0])
                                                      0.056     5.268 r  demux/sel_reg[8]_i_22/O[0]
                         net (fo=4, routed)           0.357     5.625    demux_n_104
    SLICE_X123Y450       CARRY8 (Prop_CARRY8_SLICEM_S[0]_O[2])
                                                      0.134     5.759 r  sel_reg[8]_i_18/O[2]
                         net (fo=1, routed)           0.179     5.938    sel_reg[8]_i_18_n_13
    SLICE_X124Y450       LUT2 (Prop_F6LUT_SLICEL_I1_O)
                                                      0.035     5.973 r  sel[8]_i_10/O
                         net (fo=1, routed)           0.011     5.984    demux/sel_reg[5]_0[4]
    SLICE_X124Y450       CARRY8 (Prop_CARRY8_SLICEL_S[5]_CO[7])
                                                      0.155     6.139 r  demux/sel_reg[8]_i_4/CO[7]
                         net (fo=1, routed)           0.026     6.165    demux/sel_reg[8]_i_4_n_0
    SLICE_X124Y451       CARRY8 (Prop_CARRY8_SLICEL_CI_O[0])
                                                      0.056     6.221 r  demux/sel_reg[8]_i_5/O[0]
                         net (fo=10, routed)          0.196     6.417    demux/sel_reg[8]_i_5_n_15
    SLICE_X126Y452       LUT5 (Prop_E6LUT_SLICEL_I4_O)
                                                      0.051     6.468 r  demux/sel[1]_i_2/O
                         net (fo=3, routed)           0.145     6.613    demux/sel[1]_i_2_n_0
    SLICE_X126Y450       LUT6 (Prop_H6LUT_SLICEL_I1_O)
                                                      0.090     6.703 r  demux/sel[1]_i_1/O
                         net (fo=1, routed)           0.049     6.752    demux/sel20_in[1]
    SLICE_X126Y450       FDRE                                         r  demux/sel_reg[1]/D
  -------------------------------------------------------------------    -------------------

                         (clock vclock rise edge)     4.666     4.666 r  
    AR14                                              0.000     4.666 r  clk (IN)
                         net (fo=0)                   0.000     4.666    clk_IBUF_inst/I
    AR14                 INBUF (Prop_INBUF_HPIOB_M_PAD_O)
                                                      0.359     5.025 r  clk_IBUF_inst/INBUF_INST/O
                         net (fo=1, routed)           0.000     5.025    clk_IBUF_inst/OUT
    AR14                 IBUFCTRL (Prop_IBUFCTRL_HPIOB_M_I_O)
                                                      0.000     5.025 r  clk_IBUF_inst/IBUFCTRL_INST/O
                         net (fo=1, routed)           0.287     5.312    clk_IBUF
    BUFGCE_X1Y212        BUFGCE (Prop_BUFCE_BUFGCE_I_O)
                                                      0.024     5.336 r  clk_IBUF_BUFG_inst/O
    X4Y8 (CLOCK_ROOT)    net (fo=3058, routed)        1.077     6.413    demux/CLK
    SLICE_X126Y450       FDRE                                         r  demux/sel_reg[1]/C
                         clock pessimism              0.425     6.838    
                         clock uncertainty           -0.035     6.803    
    SLICE_X126Y450       FDRE (Setup_HFF2_SLICEL_C_D)
                                                      0.025     6.828    demux/sel_reg[1]
  -------------------------------------------------------------------
                         required time                          6.828    
                         arrival time                          -6.752    
  -------------------------------------------------------------------
                         slack                                  0.075    





Min Delay Paths
--------------------------------------------------------------------------------------
Slack (MET) :             0.013ns  (arrival time - required time)
  Source:                 demux/genblk1[127].z_reg[127][6]/C
                            (rising edge-triggered cell FDRE clocked by vclock  {rise@0.000ns fall@2.333ns period=4.666ns})
  Destination:            genblk1[127].reg_in/reg_out_reg[6]/D
                            (rising edge-triggered cell FDRE clocked by vclock  {rise@0.000ns fall@2.333ns period=4.666ns})
  Path Group:             vclock
  Path Type:              Hold (Min at Slow Process Corner)
  Requirement:            0.000ns  (vclock rise@0.000ns - vclock rise@0.000ns)
  Data Path Delay:        0.133ns  (logic 0.058ns (43.609%)  route 0.075ns (56.391%))
  Logic Levels:           0  
  Clock Path Skew:        0.060ns (DCD - SCD - CPR)
    Destination Clock Delay (DCD):    2.247ns
    Source Clock Delay      (SCD):    1.771ns
    Clock Pessimism Removal (CPR):    0.416ns
  Clock Net Delay (Source):      1.101ns (routing 0.155ns, distribution 0.946ns)
  Clock Net Delay (Destination): 1.286ns (routing 0.171ns, distribution 1.115ns)

    Location             Delay type                Incr(ns)  Path(ns)    Netlist Resource(s)
  -------------------------------------------------------------------    -------------------
                         (clock vclock rise edge)     0.000     0.000 r  
    AR14                                              0.000     0.000 r  clk (IN)
                         net (fo=0)                   0.000     0.000    clk_IBUF_inst/I
    AR14                 INBUF (Prop_INBUF_HPIOB_M_PAD_O)
                                                      0.359     0.359 r  clk_IBUF_inst/INBUF_INST/O
                         net (fo=1, routed)           0.000     0.359    clk_IBUF_inst/OUT
    AR14                 IBUFCTRL (Prop_IBUFCTRL_HPIOB_M_I_O)
                                                      0.000     0.359 r  clk_IBUF_inst/IBUFCTRL_INST/O
                         net (fo=1, routed)           0.287     0.646    clk_IBUF
    BUFGCE_X1Y212        BUFGCE (Prop_BUFCE_BUFGCE_I_O)
                                                      0.024     0.670 r  clk_IBUF_BUFG_inst/O
    X4Y8 (CLOCK_ROOT)    net (fo=3058, routed)        1.101     1.771    demux/CLK
    SLICE_X134Y467       FDRE                                         r  demux/genblk1[127].z_reg[127][6]/C
  -------------------------------------------------------------------    -------------------
    SLICE_X134Y467       FDRE (Prop_AFF_SLICEL_C_Q)
                                                      0.058     1.829 r  demux/genblk1[127].z_reg[127][6]/Q
                         net (fo=1, routed)           0.075     1.904    genblk1[127].reg_in/D[6]
    SLICE_X134Y466       FDRE                                         r  genblk1[127].reg_in/reg_out_reg[6]/D
  -------------------------------------------------------------------    -------------------

                         (clock vclock rise edge)     0.000     0.000 r  
    AR14                                              0.000     0.000 r  clk (IN)
                         net (fo=0)                   0.000     0.000    clk_IBUF_inst/I
    AR14                 INBUF (Prop_INBUF_HPIOB_M_PAD_O)
                                                      0.610     0.610 r  clk_IBUF_inst/INBUF_INST/O
                         net (fo=1, routed)           0.000     0.610    clk_IBUF_inst/OUT
    AR14                 IBUFCTRL (Prop_IBUFCTRL_HPIOB_M_I_O)
                                                      0.000     0.610 r  clk_IBUF_inst/IBUFCTRL_INST/O
                         net (fo=1, routed)           0.323     0.933    clk_IBUF
    BUFGCE_X1Y212        BUFGCE (Prop_BUFCE_BUFGCE_I_O)
                                                      0.028     0.961 r  clk_IBUF_BUFG_inst/O
    X4Y8 (CLOCK_ROOT)    net (fo=3058, routed)        1.286     2.247    genblk1[127].reg_in/CLK
    SLICE_X134Y466       FDRE                                         r  genblk1[127].reg_in/reg_out_reg[6]/C
                         clock pessimism             -0.416     1.831    
    SLICE_X134Y466       FDRE (Hold_HFF_SLICEL_C_D)
                                                      0.060     1.891    genblk1[127].reg_in/reg_out_reg[6]
  -------------------------------------------------------------------
                         required time                         -1.891    
                         arrival time                           1.904    
  -------------------------------------------------------------------
                         slack                                  0.013    





Pulse Width Checks
--------------------------------------------------------------------------------------
Clock Name:         vclock
Waveform(ns):       { 0.000 2.333 }
Period(ns):         4.666
Sources:            { clk }

Check Type        Corner  Lib Pin   Reference Pin  Required(ns)  Actual(ns)  Slack(ns)  Location        Pin
Min Period        n/a     BUFGCE/I  n/a            1.290         4.666       3.376      BUFGCE_X1Y212   clk_IBUF_BUFG_inst/I
Low Pulse Width   Slow    FDRE/C    n/a            0.275         2.333       2.058      SLICE_X117Y482  genblk1[32].reg_in/reg_out_reg[2]/C
High Pulse Width  Fast    FDRE/C    n/a            0.275         2.333       2.058      SLICE_X127Y434  genblk1[327].reg_in/reg_out_reg[1]/C



