Copyright 1986-2020 Xilinx, Inc. All Rights Reserved.
-------------------------------------------------------------------------------------------------------
| Tool Version      : Vivado v.2020.1 (lin64) Build 2902540 Wed May 27 19:54:35 MDT 2020
| Date              : Tue Mar 15 00:44:02 2022
| Host              : lepus running 64-bit CentOS Linux release 7.9.2009 (Core)
| Command           : report_timing_summary -file ./output/fc1_47/report/timing-summary-post-place.rpt
| Design            : top
| Device            : xcvu9p-flga2104
| Speed File        : -2L  PRODUCTION 1.27 02-28-2020
| Temperature Grade : E
-------------------------------------------------------------------------------------------------------

Timing Summary Report

------------------------------------------------------------------------------------------------
| Timer Settings
| --------------
------------------------------------------------------------------------------------------------

  Enable Multi Corner Analysis               :  Yes
  Enable Pessimism Removal                   :  Yes
  Pessimism Removal Resolution               :  Nearest Common Node
  Enable Input Delay Default Clock           :  No
  Enable Preset / Clear Arcs                 :  No
  Disable Flight Delays                      :  No
  Ignore I/O Paths                           :  No
  Timing Early Launch at Borrowing Latches   :  No
  Borrow Time for Max Delay Exceptions       :  Yes
  Merge Timing Exceptions                    :  Yes

  Corner  Analyze    Analyze    
  Name    Max Paths  Min Paths  
  ------  ---------  ---------  
  Slow    Yes        Yes        
  Fast    Yes        Yes        



check_timing report

Table of Contents
-----------------
1. checking no_clock (0)
2. checking constant_clock (0)
3. checking pulse_width_clock (0)
4. checking unconstrained_internal_endpoints (0)
5. checking no_input_delay (10)
6. checking no_output_delay (24)
7. checking multiple_clock (0)
8. checking generated_clocks (0)
9. checking loops (0)
10. checking partial_input_delay (0)
11. checking partial_output_delay (0)
12. checking latch_loops (0)

1. checking no_clock (0)
------------------------
 There are 0 register/latch pins with no clock.


2. checking constant_clock (0)
------------------------------
 There are 0 register/latch pins with constant_clock.


3. checking pulse_width_clock (0)
---------------------------------
 There are 0 register/latch pins which need pulse_width check


4. checking unconstrained_internal_endpoints (0)
------------------------------------------------
 There are 0 pins that are not constrained for maximum delay.

 There are 0 pins that are not constrained for maximum delay due to constant clock.


5. checking no_input_delay (10)
-------------------------------
 There are 10 input ports with no input delay specified. (HIGH)

 There are 0 input ports with no input delay but user has a false path constraint.


6. checking no_output_delay (24)
--------------------------------
 There are 24 ports with no output delay specified. (HIGH)

 There are 0 ports with no output delay but user has a false path constraint

 There are 0 ports with no output delay but with a timing clock defined on it or propagating through it


7. checking multiple_clock (0)
------------------------------
 There are 0 register/latch pins with multiple clocks.


8. checking generated_clocks (0)
--------------------------------
 There are 0 generated clocks that are not connected to a clock source.


9. checking loops (0)
---------------------
 There are 0 combinational loops in the design.


10. checking partial_input_delay (0)
------------------------------------
 There are 0 input ports with partial input delay specified.


11. checking partial_output_delay (0)
-------------------------------------
 There are 0 ports with partial output delay specified.


12. checking latch_loops (0)
----------------------------
 There are 0 combinational latch loops in the design through latch input



------------------------------------------------------------------------------------------------
| Design Timing Summary
| ---------------------
------------------------------------------------------------------------------------------------

    WNS(ns)      TNS(ns)  TNS Failing Endpoints  TNS Total Endpoints      WHS(ns)      THS(ns)  THS Failing Endpoints  THS Total Endpoints     WPWS(ns)     TPWS(ns)  TPWS Failing Endpoints  TPWS Total Endpoints  
    -------      -------  ---------------------  -------------------      -------      -------  ---------------------  -------------------     --------     --------  ----------------------  --------------------  
     -0.844      -14.695                     27                 3058       -0.072       -1.252                     68                 3058        1.725        0.000                       0                  3059  


Timing constraints are not met.


------------------------------------------------------------------------------------------------
| Clock Summary
| -------------
------------------------------------------------------------------------------------------------

Clock          Waveform(ns)         Period(ns)      Frequency(MHz)
-----          ------------         ----------      --------------
virtual_clock  {0.000 2.000}        4.000           250.000         


------------------------------------------------------------------------------------------------
| Intra Clock Table
| -----------------
------------------------------------------------------------------------------------------------

Clock              WNS(ns)      TNS(ns)  TNS Failing Endpoints  TNS Total Endpoints      WHS(ns)      THS(ns)  THS Failing Endpoints  THS Total Endpoints     WPWS(ns)     TPWS(ns)  TPWS Failing Endpoints  TPWS Total Endpoints  
-----              -------      -------  ---------------------  -------------------      -------      -------  ---------------------  -------------------     --------     --------  ----------------------  --------------------  
virtual_clock       -0.844      -14.695                     27                 3058       -0.072       -1.252                     68                 3058        1.725        0.000                       0                  3059  


------------------------------------------------------------------------------------------------
| Inter Clock Table
| -----------------
------------------------------------------------------------------------------------------------

From Clock    To Clock          WNS(ns)      TNS(ns)  TNS Failing Endpoints  TNS Total Endpoints      WHS(ns)      THS(ns)  THS Failing Endpoints  THS Total Endpoints  
----------    --------          -------      -------  ---------------------  -------------------      -------      -------  ---------------------  -------------------  


------------------------------------------------------------------------------------------------
| Other Path Groups Table
| -----------------------
------------------------------------------------------------------------------------------------

Path Group    From Clock    To Clock          WNS(ns)      TNS(ns)  TNS Failing Endpoints  TNS Total Endpoints      WHS(ns)      THS(ns)  THS Failing Endpoints  THS Total Endpoints  
----------    ----------    --------          -------      -------  ---------------------  -------------------      -------      -------  ---------------------  -------------------  


------------------------------------------------------------------------------------------------
| Timing Details
| --------------
------------------------------------------------------------------------------------------------


---------------------------------------------------------------------------------------------------
From Clock:  virtual_clock
  To Clock:  virtual_clock

Setup :           27  Failing Endpoints,  Worst Slack       -0.844ns,  Total Violation      -14.695ns
Hold  :           68  Failing Endpoints,  Worst Slack       -0.072ns,  Total Violation       -1.252ns
PW    :            0  Failing Endpoints,  Worst Slack        1.725ns,  Total Violation        0.000ns
---------------------------------------------------------------------------------------------------


Max Delay Paths
--------------------------------------------------------------------------------------
Slack (VIOLATED) :        -0.844ns  (required time - arrival time)
  Source:                 demux/sel_reg[4]/C
                            (rising edge-triggered cell FDSE clocked by virtual_clock  {rise@0.000ns fall@2.000ns period=4.000ns})
  Destination:            demux/sel_reg[1]/D
                            (rising edge-triggered cell FDRE clocked by virtual_clock  {rise@0.000ns fall@2.000ns period=4.000ns})
  Path Group:             virtual_clock
  Path Type:              Setup (Max at Slow Process Corner)
  Requirement:            4.000ns  (virtual_clock rise@4.000ns - virtual_clock rise@0.000ns)
  Data Path Delay:        4.799ns  (logic 1.827ns (38.070%)  route 2.972ns (61.930%))
  Logic Levels:           18  (CARRY8=10 LUT2=2 LUT3=1 LUT4=2 LUT5=2 LUT6=1)
  Clock Path Skew:        -0.035ns (DCD - SCD + CPR)
    Destination Clock Delay (DCD):    1.742ns = ( 5.742 - 4.000 ) 
    Source Clock Delay      (SCD):    2.214ns
    Clock Pessimism Removal (CPR):    0.437ns
  Clock Uncertainty:      0.035ns  ((TSJ^2 + TIJ^2)^1/2 + DJ) / 2 + PE
    Total System Jitter     (TSJ):    0.071ns
    Total Input Jitter      (TIJ):    0.000ns
    Discrete Jitter          (DJ):    0.000ns
    Phase Error              (PE):    0.000ns
  Clock Net Delay (Source):      1.253ns (routing 0.210ns, distribution 1.043ns)
  Clock Net Delay (Destination): 1.072ns (routing 0.190ns, distribution 0.882ns)

    Location             Delay type                Incr(ns)  Path(ns)    Netlist Resource(s)
  -------------------------------------------------------------------    -------------------
                         (clock virtual_clock rise edge)
                                                      0.000     0.000 r  
    AR14                                              0.000     0.000 r  clk (IN)
                         net (fo=0)                   0.000     0.000    clk_IBUF_inst/I
    AR14                 INBUF (Prop_INBUF_HPIOB_M_PAD_O)
                                                      0.610     0.610 r  clk_IBUF_inst/INBUF_INST/O
                         net (fo=1, routed)           0.000     0.610    clk_IBUF_inst/OUT
    AR14                 IBUFCTRL (Prop_IBUFCTRL_HPIOB_M_I_O)
                                                      0.000     0.610 r  clk_IBUF_inst/IBUFCTRL_INST/O
                         net (fo=1, estimated)        0.323     0.933    clk_IBUF
    BUFGCE_X1Y212        BUFGCE (Prop_BUFCE_BUFGCE_I_O)
                                                      0.028     0.961 r  clk_IBUF_BUFG_inst/O
    X4Y8 (CLOCK_ROOT)    net (fo=3058, estimated)     1.253     2.214    demux/CLK
    SLICE_X126Y450       FDSE                                         r  demux/sel_reg[4]/C
  -------------------------------------------------------------------    -------------------
    SLICE_X126Y450       FDSE (Prop_CFF_SLICEL_C_Q)
                                                      0.079     2.293 r  demux/sel_reg[4]/Q
                         net (fo=24, estimated)       0.389     2.682    demux/sel[4]
    SLICE_X125Y450       CARRY8 (Prop_CARRY8_SLICEM_S[3]_O[4])
                                                      0.149     2.831 r  demux/sel_reg[8]_i_6/O[4]
                         net (fo=36, estimated)       0.477     3.308    p_1_in[5]
    SLICE_X123Y444       LUT5 (Prop_G6LUT_SLICEM_I0_O)
                                                      0.150     3.458 r  sel[8]_i_230/O
                         net (fo=1, routed)           0.016     3.474    demux/S[2]
    SLICE_X123Y444       CARRY8 (Prop_CARRY8_SLICEM_S[6]_CO[7])
                                                      0.117     3.591 f  demux/sel_reg[8]_i_196/CO[7]
                         net (fo=1, estimated)        0.026     3.617    demux/sel_reg[8]_i_196_n_0
    SLICE_X123Y445       CARRY8 (Prop_CARRY8_SLICEM_CI_CO[5])
                                                      0.077     3.694 f  demux/sel_reg[8]_i_171/CO[5]
                         net (fo=41, estimated)       0.298     3.992    demux_n_10
    SLICE_X124Y449       LUT2 (Prop_B5LUT_SLICEL_I0_O)
                                                      0.116     4.108 r  sel[8]_i_101/O
                         net (fo=17, estimated)       0.165     4.273    sel[8]_i_101_n_0
    SLICE_X124Y447       LUT4 (Prop_C6LUT_SLICEL_I3_O)
                                                      0.050     4.323 r  sel[8]_i_147/O
                         net (fo=1, routed)           0.010     4.333    demux/sel[8]_i_73_0[1]
    SLICE_X124Y447       CARRY8 (Prop_CARRY8_SLICEL_S[2]_CO[7])
                                                      0.155     4.488 r  demux/sel_reg[8]_i_81/CO[7]
                         net (fo=1, estimated)        0.026     4.514    demux/sel_reg[8]_i_81_n_0
    SLICE_X124Y448       CARRY8 (Prop_CARRY8_SLICEL_CI_O[1])
                                                      0.076     4.590 r  demux/sel_reg[8]_i_77/O[1]
                         net (fo=2, estimated)        0.288     4.878    demux_n_89
    SLICE_X123Y448       LUT3 (Prop_E5LUT_SLICEM_I1_O)
                                                      0.102     4.980 r  sel[8]_i_32/O
                         net (fo=2, estimated)        0.160     5.140    sel[8]_i_32_n_0
    SLICE_X123Y448       LUT4 (Prop_F6LUT_SLICEM_I3_O)
                                                      0.051     5.191 r  sel[8]_i_40/O
                         net (fo=1, routed)           0.022     5.213    demux/sel[8]_i_25_0[5]
    SLICE_X123Y448       CARRY8 (Prop_CARRY8_SLICEM_S[5]_CO[7])
                                                      0.159     5.372 r  demux/sel_reg[8]_i_19/CO[7]
                         net (fo=1, estimated)        0.026     5.398    demux/sel_reg[8]_i_19_n_0
    SLICE_X123Y449       CARRY8 (Prop_CARRY8_SLICEM_CI_O[0])
                                                      0.056     5.454 r  demux/sel_reg[8]_i_22/O[0]
                         net (fo=4, estimated)        0.369     5.823    demux_n_104
    SLICE_X123Y450       CARRY8 (Prop_CARRY8_SLICEM_S[0]_O[3])
                                                      0.139     5.962 r  sel_reg[8]_i_18/O[3]
                         net (fo=1, estimated)        0.265     6.227    sel_reg[8]_i_18_n_12
    SLICE_X124Y450       LUT2 (Prop_G6LUT_SLICEL_I1_O)
                                                      0.035     6.262 r  sel[8]_i_9/O
                         net (fo=1, routed)           0.008     6.270    demux/sel_reg[5]_0[5]
    SLICE_X124Y450       CARRY8 (Prop_CARRY8_SLICEL_S[6]_CO[7])
                                                      0.115     6.385 r  demux/sel_reg[8]_i_4/CO[7]
                         net (fo=1, estimated)        0.026     6.411    demux/sel_reg[8]_i_4_n_0
    SLICE_X124Y451       CARRY8 (Prop_CARRY8_SLICEL_CI_O[1])
                                                      0.076     6.487 r  demux/sel_reg[8]_i_5/O[1]
                         net (fo=11, estimated)       0.223     6.710    demux/sel_reg[8]_i_5_n_14
    SLICE_X126Y451       LUT5 (Prop_A6LUT_SLICEL_I4_O)
                                                      0.035     6.745 r  demux/sel[3]_i_2/O
                         net (fo=5, estimated)        0.129     6.874    demux/sel[3]_i_2_n_0
    SLICE_X126Y450       LUT6 (Prop_H6LUT_SLICEL_I0_O)
                                                      0.090     6.964 r  demux/sel[1]_i_1/O
                         net (fo=1, routed)           0.049     7.013    demux/sel20_in[1]
    SLICE_X126Y450       FDRE                                         r  demux/sel_reg[1]/D
  -------------------------------------------------------------------    -------------------

                         (clock virtual_clock rise edge)
                                                      4.000     4.000 r  
    AR14                                              0.000     4.000 r  clk (IN)
                         net (fo=0)                   0.000     4.000    clk_IBUF_inst/I
    AR14                 INBUF (Prop_INBUF_HPIOB_M_PAD_O)
                                                      0.359     4.359 r  clk_IBUF_inst/INBUF_INST/O
                         net (fo=1, routed)           0.000     4.359    clk_IBUF_inst/OUT
    AR14                 IBUFCTRL (Prop_IBUFCTRL_HPIOB_M_I_O)
                                                      0.000     4.359 r  clk_IBUF_inst/IBUFCTRL_INST/O
                         net (fo=1, estimated)        0.287     4.646    clk_IBUF
    BUFGCE_X1Y212        BUFGCE (Prop_BUFCE_BUFGCE_I_O)
                                                      0.024     4.670 r  clk_IBUF_BUFG_inst/O
    X4Y8 (CLOCK_ROOT)    net (fo=3058, estimated)     1.072     5.742    demux/CLK
    SLICE_X126Y450       FDRE                                         r  demux/sel_reg[1]/C
                         clock pessimism              0.437     6.179    
                         clock uncertainty           -0.035     6.144    
    SLICE_X126Y450       FDRE (Setup_HFF2_SLICEL_C_D)
                                                      0.025     6.169    demux/sel_reg[1]
  -------------------------------------------------------------------
                         required time                          6.169    
                         arrival time                          -7.013    
  -------------------------------------------------------------------
                         slack                                 -0.844    





Min Delay Paths
--------------------------------------------------------------------------------------
Slack (VIOLATED) :        -0.072ns  (arrival time - required time)
  Source:                 demux/genblk1[74].z_reg[74][6]/C
                            (rising edge-triggered cell FDRE clocked by virtual_clock  {rise@0.000ns fall@2.000ns period=4.000ns})
  Destination:            genblk1[74].reg_in/reg_out_reg[6]/D
                            (rising edge-triggered cell FDRE clocked by virtual_clock  {rise@0.000ns fall@2.000ns period=4.000ns})
  Path Group:             virtual_clock
  Path Type:              Hold (Min at Slow Process Corner)
  Requirement:            0.000ns  (virtual_clock rise@0.000ns - virtual_clock rise@0.000ns)
  Data Path Delay:        0.173ns  (logic 0.060ns (34.682%)  route 0.113ns (65.318%))
  Logic Levels:           0  
  Clock Path Skew:        0.183ns (DCD - SCD - CPR)
    Destination Clock Delay (DCD):    2.253ns
    Source Clock Delay      (SCD):    1.759ns
    Clock Pessimism Removal (CPR):    0.311ns
  Clock Net Delay (Source):      1.089ns (routing 0.190ns, distribution 0.899ns)
  Clock Net Delay (Destination): 1.292ns (routing 0.210ns, distribution 1.082ns)

    Location             Delay type                Incr(ns)  Path(ns)    Netlist Resource(s)
  -------------------------------------------------------------------    -------------------
                         (clock virtual_clock rise edge)
                                                      0.000     0.000 r  
    AR14                                              0.000     0.000 r  clk (IN)
                         net (fo=0)                   0.000     0.000    clk_IBUF_inst/I
    AR14                 INBUF (Prop_INBUF_HPIOB_M_PAD_O)
                                                      0.359     0.359 r  clk_IBUF_inst/INBUF_INST/O
                         net (fo=1, routed)           0.000     0.359    clk_IBUF_inst/OUT
    AR14                 IBUFCTRL (Prop_IBUFCTRL_HPIOB_M_I_O)
                                                      0.000     0.359 r  clk_IBUF_inst/IBUFCTRL_INST/O
                         net (fo=1, estimated)        0.287     0.646    clk_IBUF
    BUFGCE_X1Y212        BUFGCE (Prop_BUFCE_BUFGCE_I_O)
                                                      0.024     0.670 r  clk_IBUF_BUFG_inst/O
    X4Y8 (CLOCK_ROOT)    net (fo=3058, estimated)     1.089     1.759    demux/CLK
    SLICE_X130Y480       FDRE                                         r  demux/genblk1[74].z_reg[74][6]/C
  -------------------------------------------------------------------    -------------------
    SLICE_X130Y480       FDRE (Prop_BFF2_SLICEL_C_Q)
                                                      0.060     1.819 r  demux/genblk1[74].z_reg[74][6]/Q
                         net (fo=1, estimated)        0.113     1.932    genblk1[74].reg_in/D[6]
    SLICE_X129Y479       FDRE                                         r  genblk1[74].reg_in/reg_out_reg[6]/D
  -------------------------------------------------------------------    -------------------

                         (clock virtual_clock rise edge)
                                                      0.000     0.000 r  
    AR14                                              0.000     0.000 r  clk (IN)
                         net (fo=0)                   0.000     0.000    clk_IBUF_inst/I
    AR14                 INBUF (Prop_INBUF_HPIOB_M_PAD_O)
                                                      0.610     0.610 r  clk_IBUF_inst/INBUF_INST/O
                         net (fo=1, routed)           0.000     0.610    clk_IBUF_inst/OUT
    AR14                 IBUFCTRL (Prop_IBUFCTRL_HPIOB_M_I_O)
                                                      0.000     0.610 r  clk_IBUF_inst/IBUFCTRL_INST/O
                         net (fo=1, estimated)        0.323     0.933    clk_IBUF
    BUFGCE_X1Y212        BUFGCE (Prop_BUFCE_BUFGCE_I_O)
                                                      0.028     0.961 r  clk_IBUF_BUFG_inst/O
    X4Y8 (CLOCK_ROOT)    net (fo=3058, estimated)     1.292     2.253    genblk1[74].reg_in/CLK
    SLICE_X129Y479       FDRE                                         r  genblk1[74].reg_in/reg_out_reg[6]/C
                         clock pessimism             -0.311     1.942    
    SLICE_X129Y479       FDRE (Hold_EFF2_SLICEM_C_D)
                                                      0.062     2.004    genblk1[74].reg_in/reg_out_reg[6]
  -------------------------------------------------------------------
                         required time                         -2.004    
                         arrival time                           1.932    
  -------------------------------------------------------------------
                         slack                                 -0.072    





Pulse Width Checks
--------------------------------------------------------------------------------------
Clock Name:         virtual_clock
Waveform(ns):       { 0.000 2.000 }
Period(ns):         4.000
Sources:            { clk }

Check Type        Corner  Lib Pin   Reference Pin  Required(ns)  Actual(ns)  Slack(ns)  Location        Pin
Min Period        n/a     BUFGCE/I  n/a            1.290         4.000       2.710      BUFGCE_X1Y212   clk_IBUF_BUFG_inst/I
Low Pulse Width   Slow    FDRE/C    n/a            0.275         2.000       1.725      SLICE_X123Y479  genblk1[108].reg_in/reg_out_reg[5]/C
High Pulse Width  Fast    FDRE/C    n/a            0.275         2.000       1.725      SLICE_X125Y442  demux/genblk1[342].z_reg[342][7]/C



