Copyright 1986-2020 Xilinx, Inc. All Rights Reserved.
-------------------------------------------------------------------------------------------------------
| Tool Version      : Vivado v.2020.1 (lin64) Build 2902540 Wed May 27 19:54:35 MDT 2020
| Date              : Tue Mar 15 08:57:19 2022
| Host              : lepus running 64-bit CentOS Linux release 7.9.2009 (Core)
| Command           : report_timing_summary -file ./output/fc1_91/report/timing-summary-post-place.rpt
| Design            : top
| Device            : xcvu9p-flga2104
| Speed File        : -2L  PRODUCTION 1.27 02-28-2020
| Temperature Grade : E
-------------------------------------------------------------------------------------------------------

Timing Summary Report

------------------------------------------------------------------------------------------------
| Timer Settings
| --------------
------------------------------------------------------------------------------------------------

  Enable Multi Corner Analysis               :  Yes
  Enable Pessimism Removal                   :  Yes
  Pessimism Removal Resolution               :  Nearest Common Node
  Enable Input Delay Default Clock           :  No
  Enable Preset / Clear Arcs                 :  No
  Disable Flight Delays                      :  No
  Ignore I/O Paths                           :  No
  Timing Early Launch at Borrowing Latches   :  No
  Borrow Time for Max Delay Exceptions       :  Yes
  Merge Timing Exceptions                    :  Yes

  Corner  Analyze    Analyze    
  Name    Max Paths  Min Paths  
  ------  ---------  ---------  
  Slow    Yes        Yes        
  Fast    Yes        Yes        



check_timing report

Table of Contents
-----------------
1. checking no_clock (0)
2. checking constant_clock (0)
3. checking pulse_width_clock (0)
4. checking unconstrained_internal_endpoints (0)
5. checking no_input_delay (10)
6. checking no_output_delay (24)
7. checking multiple_clock (0)
8. checking generated_clocks (0)
9. checking loops (0)
10. checking partial_input_delay (0)
11. checking partial_output_delay (0)
12. checking latch_loops (0)

1. checking no_clock (0)
------------------------
 There are 0 register/latch pins with no clock.


2. checking constant_clock (0)
------------------------------
 There are 0 register/latch pins with constant_clock.


3. checking pulse_width_clock (0)
---------------------------------
 There are 0 register/latch pins which need pulse_width check


4. checking unconstrained_internal_endpoints (0)
------------------------------------------------
 There are 0 pins that are not constrained for maximum delay.

 There are 0 pins that are not constrained for maximum delay due to constant clock.


5. checking no_input_delay (10)
-------------------------------
 There are 10 input ports with no input delay specified. (HIGH)

 There are 0 input ports with no input delay but user has a false path constraint.


6. checking no_output_delay (24)
--------------------------------
 There are 24 ports with no output delay specified. (HIGH)

 There are 0 ports with no output delay but user has a false path constraint

 There are 0 ports with no output delay but with a timing clock defined on it or propagating through it


7. checking multiple_clock (0)
------------------------------
 There are 0 register/latch pins with multiple clocks.


8. checking generated_clocks (0)
--------------------------------
 There are 0 generated clocks that are not connected to a clock source.


9. checking loops (0)
---------------------
 There are 0 combinational loops in the design.


10. checking partial_input_delay (0)
------------------------------------
 There are 0 input ports with partial input delay specified.


11. checking partial_output_delay (0)
-------------------------------------
 There are 0 ports with partial output delay specified.


12. checking latch_loops (0)
----------------------------
 There are 0 combinational latch loops in the design through latch input



------------------------------------------------------------------------------------------------
| Design Timing Summary
| ---------------------
------------------------------------------------------------------------------------------------

    WNS(ns)      TNS(ns)  TNS Failing Endpoints  TNS Total Endpoints      WHS(ns)      THS(ns)  THS Failing Endpoints  THS Total Endpoints     WPWS(ns)     TPWS(ns)  TPWS Failing Endpoints  TPWS Total Endpoints  
    -------      -------  ---------------------  -------------------      -------      -------  ---------------------  -------------------     --------     --------  ----------------------  --------------------  
     -0.888      -12.649                     24                 2321       -0.068       -1.339                     58                 2321        1.725        0.000                       0                  2322  


Timing constraints are not met.


------------------------------------------------------------------------------------------------
| Clock Summary
| -------------
------------------------------------------------------------------------------------------------

Clock          Waveform(ns)         Period(ns)      Frequency(MHz)
-----          ------------         ----------      --------------
virtual_clock  {0.000 2.000}        4.000           250.000         


------------------------------------------------------------------------------------------------
| Intra Clock Table
| -----------------
------------------------------------------------------------------------------------------------

Clock              WNS(ns)      TNS(ns)  TNS Failing Endpoints  TNS Total Endpoints      WHS(ns)      THS(ns)  THS Failing Endpoints  THS Total Endpoints     WPWS(ns)     TPWS(ns)  TPWS Failing Endpoints  TPWS Total Endpoints  
-----              -------      -------  ---------------------  -------------------      -------      -------  ---------------------  -------------------     --------     --------  ----------------------  --------------------  
virtual_clock       -0.888      -12.649                     24                 2321       -0.068       -1.339                     58                 2321        1.725        0.000                       0                  2322  


------------------------------------------------------------------------------------------------
| Inter Clock Table
| -----------------
------------------------------------------------------------------------------------------------

From Clock    To Clock          WNS(ns)      TNS(ns)  TNS Failing Endpoints  TNS Total Endpoints      WHS(ns)      THS(ns)  THS Failing Endpoints  THS Total Endpoints  
----------    --------          -------      -------  ---------------------  -------------------      -------      -------  ---------------------  -------------------  


------------------------------------------------------------------------------------------------
| Other Path Groups Table
| -----------------------
------------------------------------------------------------------------------------------------

Path Group    From Clock    To Clock          WNS(ns)      TNS(ns)  TNS Failing Endpoints  TNS Total Endpoints      WHS(ns)      THS(ns)  THS Failing Endpoints  THS Total Endpoints  
----------    ----------    --------          -------      -------  ---------------------  -------------------      -------      -------  ---------------------  -------------------  


------------------------------------------------------------------------------------------------
| Timing Details
| --------------
------------------------------------------------------------------------------------------------


---------------------------------------------------------------------------------------------------
From Clock:  virtual_clock
  To Clock:  virtual_clock

Setup :           24  Failing Endpoints,  Worst Slack       -0.888ns,  Total Violation      -12.649ns
Hold  :           58  Failing Endpoints,  Worst Slack       -0.068ns,  Total Violation       -1.339ns
PW    :            0  Failing Endpoints,  Worst Slack        1.725ns,  Total Violation        0.000ns
---------------------------------------------------------------------------------------------------


Max Delay Paths
--------------------------------------------------------------------------------------
Slack (VIOLATED) :        -0.888ns  (required time - arrival time)
  Source:                 demux/sel_reg[1]/C
                            (rising edge-triggered cell FDRE clocked by virtual_clock  {rise@0.000ns fall@2.000ns period=4.000ns})
  Destination:            demux/sel_reg[0]/D
                            (rising edge-triggered cell FDRE clocked by virtual_clock  {rise@0.000ns fall@2.000ns period=4.000ns})
  Path Group:             virtual_clock
  Path Type:              Setup (Max at Slow Process Corner)
  Requirement:            4.000ns  (virtual_clock rise@4.000ns - virtual_clock rise@0.000ns)
  Data Path Delay:        4.835ns  (logic 1.889ns (39.069%)  route 2.946ns (60.931%))
  Logic Levels:           18  (CARRY8=10 LUT2=1 LUT3=2 LUT4=2 LUT5=1 LUT6=2)
  Clock Path Skew:        -0.042ns (DCD - SCD + CPR)
    Destination Clock Delay (DCD):    1.733ns = ( 5.733 - 4.000 ) 
    Source Clock Delay      (SCD):    2.212ns
    Clock Pessimism Removal (CPR):    0.437ns
  Clock Uncertainty:      0.035ns  ((TSJ^2 + TIJ^2)^1/2 + DJ) / 2 + PE
    Total System Jitter     (TSJ):    0.071ns
    Total Input Jitter      (TIJ):    0.000ns
    Discrete Jitter          (DJ):    0.000ns
    Phase Error              (PE):    0.000ns
  Clock Net Delay (Source):      1.251ns (routing 0.210ns, distribution 1.041ns)
  Clock Net Delay (Destination): 1.063ns (routing 0.190ns, distribution 0.873ns)

    Location             Delay type                Incr(ns)  Path(ns)    Netlist Resource(s)
  -------------------------------------------------------------------    -------------------
                         (clock virtual_clock rise edge)
                                                      0.000     0.000 r  
    AR14                                              0.000     0.000 r  clk (IN)
                         net (fo=0)                   0.000     0.000    clk_IBUF_inst/I
    AR14                 INBUF (Prop_INBUF_HPIOB_M_PAD_O)
                                                      0.610     0.610 r  clk_IBUF_inst/INBUF_INST/O
                         net (fo=1, routed)           0.000     0.610    clk_IBUF_inst/OUT
    AR14                 IBUFCTRL (Prop_IBUFCTRL_HPIOB_M_I_O)
                                                      0.000     0.610 r  clk_IBUF_inst/IBUFCTRL_INST/O
                         net (fo=1, estimated)        0.323     0.933    clk_IBUF
    BUFGCE_X1Y212        BUFGCE (Prop_BUFCE_BUFGCE_I_O)
                                                      0.028     0.961 r  clk_IBUF_BUFG_inst/O
    X4Y8 (CLOCK_ROOT)    net (fo=2321, estimated)     1.251     2.212    demux/CLK
    SLICE_X121Y480       FDRE                                         r  demux/sel_reg[1]/C
  -------------------------------------------------------------------    -------------------
    SLICE_X121Y480       FDRE (Prop_AFF_SLICEM_C_Q)
                                                      0.077     2.289 r  demux/sel_reg[1]/Q
                         net (fo=90, estimated)       0.277     2.566    demux/sel[1]
    SLICE_X121Y478       CARRY8 (Prop_CARRY8_SLICEM_S[0]_O[5])
                                                      0.240     2.806 r  demux/sel_reg[8]_i_6/O[5]
                         net (fo=41, estimated)       0.504     3.310    p_1_in[6]
    SLICE_X122Y473       LUT6 (Prop_E6LUT_SLICEL_I2_O)
                                                      0.099     3.409 r  sel[8]_i_247/O
                         net (fo=1, routed)           0.007     3.416    demux/sel[8]_i_201[0]
    SLICE_X122Y473       CARRY8 (Prop_CARRY8_SLICEL_S[4]_CO[7])
                                                      0.153     3.569 f  demux/sel_reg[8]_i_213/CO[7]
                         net (fo=1, estimated)        0.026     3.595    demux/sel_reg[8]_i_213_n_0
    SLICE_X122Y474       CARRY8 (Prop_CARRY8_SLICEL_CI_CO[5])
                                                      0.077     3.672 f  demux/sel_reg[8]_i_195/CO[5]
                         net (fo=30, estimated)       0.291     3.963    demux_n_9
    SLICE_X123Y473       LUT3 (Prop_G5LUT_SLICEM_I1_O)
                                                      0.112     4.075 r  sel[8]_i_135/O
                         net (fo=2, estimated)        0.219     4.294    sel[8]_i_135_n_0
    SLICE_X123Y473       LUT4 (Prop_H6LUT_SLICEM_I3_O)
                                                      0.053     4.347 r  sel[8]_i_142/O
                         net (fo=1, routed)           0.015     4.362    demux/sel[8]_i_73_0[6]
    SLICE_X123Y473       CARRY8 (Prop_CARRY8_SLICEM_S[7]_CO[7])
                                                      0.117     4.479 r  demux/sel_reg[8]_i_81/CO[7]
                         net (fo=1, estimated)        0.026     4.505    demux/sel_reg[8]_i_81_n_0
    SLICE_X123Y474       CARRY8 (Prop_CARRY8_SLICEM_CI_O[1])
                                                      0.076     4.581 r  demux/sel_reg[8]_i_77/O[1]
                         net (fo=2, estimated)        0.477     5.058    demux_n_89
    SLICE_X120Y474       LUT3 (Prop_E5LUT_SLICEL_I1_O)
                                                      0.101     5.159 r  sel[8]_i_32/O
                         net (fo=2, estimated)        0.162     5.321    sel[8]_i_32_n_0
    SLICE_X120Y474       LUT4 (Prop_F6LUT_SLICEL_I3_O)
                                                      0.049     5.370 r  sel[8]_i_40/O
                         net (fo=1, routed)           0.011     5.381    demux/sel[8]_i_25_0[5]
    SLICE_X120Y474       CARRY8 (Prop_CARRY8_SLICEL_S[5]_CO[7])
                                                      0.155     5.536 r  demux/sel_reg[8]_i_19/CO[7]
                         net (fo=1, estimated)        0.026     5.562    demux/sel_reg[8]_i_19_n_0
    SLICE_X120Y475       CARRY8 (Prop_CARRY8_SLICEL_CI_O[0])
                                                      0.056     5.618 r  demux/sel_reg[8]_i_22/O[0]
                         net (fo=4, estimated)        0.325     5.943    demux_n_104
    SLICE_X120Y477       CARRY8 (Prop_CARRY8_SLICEL_S[0]_O[2])
                                                      0.132     6.075 r  sel_reg[8]_i_18/O[2]
                         net (fo=1, estimated)        0.174     6.249    sel_reg[8]_i_18_n_13
    SLICE_X120Y478       LUT2 (Prop_F6LUT_SLICEL_I1_O)
                                                      0.035     6.284 r  sel[8]_i_10/O
                         net (fo=1, routed)           0.011     6.295    demux/sel_reg[5]_0[4]
    SLICE_X120Y478       CARRY8 (Prop_CARRY8_SLICEL_S[5]_CO[7])
                                                      0.155     6.450 r  demux/sel_reg[8]_i_4/CO[7]
                         net (fo=1, estimated)        0.026     6.476    demux/sel_reg[8]_i_4_n_0
    SLICE_X120Y479       CARRY8 (Prop_CARRY8_SLICEL_CI_O[1])
                                                      0.076     6.552 r  demux/sel_reg[8]_i_5/O[1]
                         net (fo=10, estimated)       0.157     6.709    demux/sel_reg[8]_i_5_n_14
    SLICE_X120Y480       LUT5 (Prop_E6LUT_SLICEL_I4_O)
                                                      0.035     6.744 r  demux/sel[3]_i_2/O
                         net (fo=4, estimated)        0.157     6.901    demux/sel[3]_i_2_n_0
    SLICE_X121Y480       LUT6 (Prop_E6LUT_SLICEM_I1_O)
                                                      0.091     6.992 r  demux/sel[0]_i_1/O
                         net (fo=1, routed)           0.055     7.047    demux/sel20_in[0]
    SLICE_X121Y480       FDRE                                         r  demux/sel_reg[0]/D
  -------------------------------------------------------------------    -------------------

                         (clock virtual_clock rise edge)
                                                      4.000     4.000 r  
    AR14                                              0.000     4.000 r  clk (IN)
                         net (fo=0)                   0.000     4.000    clk_IBUF_inst/I
    AR14                 INBUF (Prop_INBUF_HPIOB_M_PAD_O)
                                                      0.359     4.359 r  clk_IBUF_inst/INBUF_INST/O
                         net (fo=1, routed)           0.000     4.359    clk_IBUF_inst/OUT
    AR14                 IBUFCTRL (Prop_IBUFCTRL_HPIOB_M_I_O)
                                                      0.000     4.359 r  clk_IBUF_inst/IBUFCTRL_INST/O
                         net (fo=1, estimated)        0.287     4.646    clk_IBUF
    BUFGCE_X1Y212        BUFGCE (Prop_BUFCE_BUFGCE_I_O)
                                                      0.024     4.670 r  clk_IBUF_BUFG_inst/O
    X4Y8 (CLOCK_ROOT)    net (fo=2321, estimated)     1.063     5.733    demux/CLK
    SLICE_X121Y480       FDRE                                         r  demux/sel_reg[0]/C
                         clock pessimism              0.437     6.170    
                         clock uncertainty           -0.035     6.135    
    SLICE_X121Y480       FDRE (Setup_EFF_SLICEM_C_D)
                                                      0.025     6.160    demux/sel_reg[0]
  -------------------------------------------------------------------
                         required time                          6.160    
                         arrival time                          -7.047    
  -------------------------------------------------------------------
                         slack                                 -0.888    





Min Delay Paths
--------------------------------------------------------------------------------------
Slack (VIOLATED) :        -0.068ns  (arrival time - required time)
  Source:                 demux/genblk1[162].z_reg[162][1]/C
                            (rising edge-triggered cell FDRE clocked by virtual_clock  {rise@0.000ns fall@2.000ns period=4.000ns})
  Destination:            genblk1[162].reg_in/reg_out_reg[1]/D
                            (rising edge-triggered cell FDRE clocked by virtual_clock  {rise@0.000ns fall@2.000ns period=4.000ns})
  Path Group:             virtual_clock
  Path Type:              Hold (Min at Slow Process Corner)
  Requirement:            0.000ns  (virtual_clock rise@0.000ns - virtual_clock rise@0.000ns)
  Data Path Delay:        0.155ns  (logic 0.061ns (39.355%)  route 0.094ns (60.645%))
  Logic Levels:           0  
  Clock Path Skew:        0.163ns (DCD - SCD - CPR)
    Destination Clock Delay (DCD):    2.249ns
    Source Clock Delay      (SCD):    1.775ns
    Clock Pessimism Removal (CPR):    0.311ns
  Clock Net Delay (Source):      1.105ns (routing 0.190ns, distribution 0.915ns)
  Clock Net Delay (Destination): 1.288ns (routing 0.210ns, distribution 1.078ns)

    Location             Delay type                Incr(ns)  Path(ns)    Netlist Resource(s)
  -------------------------------------------------------------------    -------------------
                         (clock virtual_clock rise edge)
                                                      0.000     0.000 r  
    AR14                                              0.000     0.000 r  clk (IN)
                         net (fo=0)                   0.000     0.000    clk_IBUF_inst/I
    AR14                 INBUF (Prop_INBUF_HPIOB_M_PAD_O)
                                                      0.359     0.359 r  clk_IBUF_inst/INBUF_INST/O
                         net (fo=1, routed)           0.000     0.359    clk_IBUF_inst/OUT
    AR14                 IBUFCTRL (Prop_IBUFCTRL_HPIOB_M_I_O)
                                                      0.000     0.359 r  clk_IBUF_inst/IBUFCTRL_INST/O
                         net (fo=1, estimated)        0.287     0.646    clk_IBUF
    BUFGCE_X1Y212        BUFGCE (Prop_BUFCE_BUFGCE_I_O)
                                                      0.024     0.670 r  clk_IBUF_BUFG_inst/O
    X4Y8 (CLOCK_ROOT)    net (fo=2321, estimated)     1.105     1.775    demux/CLK
    SLICE_X131Y478       FDRE                                         r  demux/genblk1[162].z_reg[162][1]/C
  -------------------------------------------------------------------    -------------------
    SLICE_X131Y478       FDRE (Prop_DFF2_SLICEM_C_Q)
                                                      0.061     1.836 r  demux/genblk1[162].z_reg[162][1]/Q
                         net (fo=1, estimated)        0.094     1.930    genblk1[162].reg_in/D[1]
    SLICE_X131Y480       FDRE                                         r  genblk1[162].reg_in/reg_out_reg[1]/D
  -------------------------------------------------------------------    -------------------

                         (clock virtual_clock rise edge)
                                                      0.000     0.000 r  
    AR14                                              0.000     0.000 r  clk (IN)
                         net (fo=0)                   0.000     0.000    clk_IBUF_inst/I
    AR14                 INBUF (Prop_INBUF_HPIOB_M_PAD_O)
                                                      0.610     0.610 r  clk_IBUF_inst/INBUF_INST/O
                         net (fo=1, routed)           0.000     0.610    clk_IBUF_inst/OUT
    AR14                 IBUFCTRL (Prop_IBUFCTRL_HPIOB_M_I_O)
                                                      0.000     0.610 r  clk_IBUF_inst/IBUFCTRL_INST/O
                         net (fo=1, estimated)        0.323     0.933    clk_IBUF
    BUFGCE_X1Y212        BUFGCE (Prop_BUFCE_BUFGCE_I_O)
                                                      0.028     0.961 r  clk_IBUF_BUFG_inst/O
    X4Y8 (CLOCK_ROOT)    net (fo=2321, estimated)     1.288     2.249    genblk1[162].reg_in/CLK
    SLICE_X131Y480       FDRE                                         r  genblk1[162].reg_in/reg_out_reg[1]/C
                         clock pessimism             -0.311     1.938    
    SLICE_X131Y480       FDRE (Hold_BFF_SLICEM_C_D)
                                                      0.060     1.998    genblk1[162].reg_in/reg_out_reg[1]
  -------------------------------------------------------------------
                         required time                         -1.998    
                         arrival time                           1.930    
  -------------------------------------------------------------------
                         slack                                 -0.068    





Pulse Width Checks
--------------------------------------------------------------------------------------
Clock Name:         virtual_clock
Waveform(ns):       { 0.000 2.000 }
Period(ns):         4.000
Sources:            { clk }

Check Type        Corner  Lib Pin   Reference Pin  Required(ns)  Actual(ns)  Slack(ns)  Location        Pin
Min Period        n/a     BUFGCE/I  n/a            1.290         4.000       2.710      BUFGCE_X1Y212   clk_IBUF_BUFG_inst/I
Low Pulse Width   Slow    FDRE/C    n/a            0.275         2.000       1.725      SLICE_X125Y488  genblk1[107].reg_in/reg_out_reg[6]/C
High Pulse Width  Slow    FDRE/C    n/a            0.275         2.000       1.725      SLICE_X127Y514  demux/genblk1[371].z_reg[371][6]/C



