Copyright 1986-2020 Xilinx, Inc. All Rights Reserved.
-------------------------------------------------------------------------------------------------------
| Tool Version      : Vivado v.2020.1 (lin64) Build 2902540 Wed May 27 19:54:35 MDT 2020
| Date              : Tue Mar 15 18:56:26 2022
| Host              : lepus running 64-bit CentOS Linux release 7.9.2009 (Core)
| Command           : report_timing_summary -file ./output/fc2_18/report/timing-summary-post-place.rpt
| Design            : top
| Device            : xcvu9p-flga2104
| Speed File        : -2L  PRODUCTION 1.27 02-28-2020
| Temperature Grade : E
-------------------------------------------------------------------------------------------------------

Timing Summary Report

------------------------------------------------------------------------------------------------
| Timer Settings
| --------------
------------------------------------------------------------------------------------------------

  Enable Multi Corner Analysis               :  Yes
  Enable Pessimism Removal                   :  Yes
  Pessimism Removal Resolution               :  Nearest Common Node
  Enable Input Delay Default Clock           :  No
  Enable Preset / Clear Arcs                 :  No
  Disable Flight Delays                      :  No
  Ignore I/O Paths                           :  No
  Timing Early Launch at Borrowing Latches   :  No
  Borrow Time for Max Delay Exceptions       :  Yes
  Merge Timing Exceptions                    :  Yes

  Corner  Analyze    Analyze    
  Name    Max Paths  Min Paths  
  ------  ---------  ---------  
  Slow    Yes        Yes        
  Fast    Yes        Yes        



check_timing report

Table of Contents
-----------------
1. checking no_clock (0)
2. checking constant_clock (0)
3. checking pulse_width_clock (0)
4. checking unconstrained_internal_endpoints (0)
5. checking no_input_delay (10)
6. checking no_output_delay (22)
7. checking multiple_clock (0)
8. checking generated_clocks (0)
9. checking loops (0)
10. checking partial_input_delay (0)
11. checking partial_output_delay (0)
12. checking latch_loops (0)

1. checking no_clock (0)
------------------------
 There are 0 register/latch pins with no clock.


2. checking constant_clock (0)
------------------------------
 There are 0 register/latch pins with constant_clock.


3. checking pulse_width_clock (0)
---------------------------------
 There are 0 register/latch pins which need pulse_width check


4. checking unconstrained_internal_endpoints (0)
------------------------------------------------
 There are 0 pins that are not constrained for maximum delay.

 There are 0 pins that are not constrained for maximum delay due to constant clock.


5. checking no_input_delay (10)
-------------------------------
 There are 10 input ports with no input delay specified. (HIGH)

 There are 0 input ports with no input delay but user has a false path constraint.


6. checking no_output_delay (22)
--------------------------------
 There are 22 ports with no output delay specified. (HIGH)

 There are 0 ports with no output delay but user has a false path constraint

 There are 0 ports with no output delay but with a timing clock defined on it or propagating through it


7. checking multiple_clock (0)
------------------------------
 There are 0 register/latch pins with multiple clocks.


8. checking generated_clocks (0)
--------------------------------
 There are 0 generated clocks that are not connected to a clock source.


9. checking loops (0)
---------------------
 There are 0 combinational loops in the design.


10. checking partial_input_delay (0)
------------------------------------
 There are 0 input ports with partial input delay specified.


11. checking partial_output_delay (0)
-------------------------------------
 There are 0 ports with partial output delay specified.


12. checking latch_loops (0)
----------------------------
 There are 0 combinational latch loops in the design through latch input



------------------------------------------------------------------------------------------------
| Design Timing Summary
| ---------------------
------------------------------------------------------------------------------------------------

    WNS(ns)      TNS(ns)  TNS Failing Endpoints  TNS Total Endpoints      WHS(ns)      THS(ns)  THS Failing Endpoints  THS Total Endpoints     WPWS(ns)     TPWS(ns)  TPWS Failing Endpoints  TPWS Total Endpoints  
    -------      -------  ---------------------  -------------------      -------      -------  ---------------------  -------------------     --------     --------  ----------------------  --------------------  
     -0.777      -21.792                     42                 1155       -0.034       -0.334                     16                 1155        1.725        0.000                       0                  1135  


Timing constraints are not met.


------------------------------------------------------------------------------------------------
| Clock Summary
| -------------
------------------------------------------------------------------------------------------------

Clock          Waveform(ns)         Period(ns)      Frequency(MHz)
-----          ------------         ----------      --------------
virtual_clock  {0.000 2.000}        4.000           250.000         


------------------------------------------------------------------------------------------------
| Intra Clock Table
| -----------------
------------------------------------------------------------------------------------------------

Clock              WNS(ns)      TNS(ns)  TNS Failing Endpoints  TNS Total Endpoints      WHS(ns)      THS(ns)  THS Failing Endpoints  THS Total Endpoints     WPWS(ns)     TPWS(ns)  TPWS Failing Endpoints  TPWS Total Endpoints  
-----              -------      -------  ---------------------  -------------------      -------      -------  ---------------------  -------------------     --------     --------  ----------------------  --------------------  
virtual_clock       -0.777      -21.792                     42                 1155       -0.034       -0.334                     16                 1155        1.725        0.000                       0                  1135  


------------------------------------------------------------------------------------------------
| Inter Clock Table
| -----------------
------------------------------------------------------------------------------------------------

From Clock    To Clock          WNS(ns)      TNS(ns)  TNS Failing Endpoints  TNS Total Endpoints      WHS(ns)      THS(ns)  THS Failing Endpoints  THS Total Endpoints  
----------    --------          -------      -------  ---------------------  -------------------      -------      -------  ---------------------  -------------------  


------------------------------------------------------------------------------------------------
| Other Path Groups Table
| -----------------------
------------------------------------------------------------------------------------------------

Path Group    From Clock    To Clock          WNS(ns)      TNS(ns)  TNS Failing Endpoints  TNS Total Endpoints      WHS(ns)      THS(ns)  THS Failing Endpoints  THS Total Endpoints  
----------    ----------    --------          -------      -------  ---------------------  -------------------      -------      -------  ---------------------  -------------------  


------------------------------------------------------------------------------------------------
| Timing Details
| --------------
------------------------------------------------------------------------------------------------


---------------------------------------------------------------------------------------------------
From Clock:  virtual_clock
  To Clock:  virtual_clock

Setup :           42  Failing Endpoints,  Worst Slack       -0.777ns,  Total Violation      -21.792ns
Hold  :           16  Failing Endpoints,  Worst Slack       -0.034ns,  Total Violation       -0.334ns
PW    :            0  Failing Endpoints,  Worst Slack        1.725ns,  Total Violation        0.000ns
---------------------------------------------------------------------------------------------------


Max Delay Paths
--------------------------------------------------------------------------------------
Slack (VIOLATED) :        -0.777ns  (required time - arrival time)
  Source:                 genblk1[16].reg_in/reg_out_reg[2]/C
                            (rising edge-triggered cell FDRE clocked by virtual_clock  {rise@0.000ns fall@2.000ns period=4.000ns})
  Destination:            reg_out/reg_out_reg[18]/R
                            (rising edge-triggered cell FDRE clocked by virtual_clock  {rise@0.000ns fall@2.000ns period=4.000ns})
  Path Group:             virtual_clock
  Path Type:              Setup (Max at Slow Process Corner)
  Requirement:            4.000ns  (virtual_clock rise@4.000ns - virtual_clock rise@0.000ns)
  Data Path Delay:        4.559ns  (logic 2.001ns (43.891%)  route 2.558ns (56.109%))
  Logic Levels:           20  (CARRY8=11 LUT2=9)
  Clock Path Skew:        -0.108ns (DCD - SCD + CPR)
    Destination Clock Delay (DCD):    1.326ns = ( 5.326 - 4.000 ) 
    Source Clock Delay      (SCD):    1.757ns
    Clock Pessimism Removal (CPR):    0.323ns
  Clock Uncertainty:      0.035ns  ((TSJ^2 + TIJ^2)^1/2 + DJ) / 2 + PE
    Total System Jitter     (TSJ):    0.071ns
    Total Input Jitter      (TIJ):    0.000ns
    Discrete Jitter          (DJ):    0.000ns
    Phase Error              (PE):    0.000ns
  Clock Net Delay (Source):      0.811ns (routing 0.000ns, distribution 0.811ns)
  Clock Net Delay (Destination): 0.670ns (routing 0.000ns, distribution 0.670ns)

    Location             Delay type                Incr(ns)  Path(ns)    Netlist Resource(s)
  -------------------------------------------------------------------    -------------------
                         (clock virtual_clock rise edge)
                                                      0.000     0.000 r  
    AP13                                              0.000     0.000 r  clk (IN)
                         net (fo=0)                   0.000     0.000    clk_IBUF_inst/I
    AP13                 INBUF (Prop_INBUF_HPIOB_M_PAD_O)
                                                      0.595     0.595 r  clk_IBUF_inst/INBUF_INST/O
                         net (fo=1, routed)           0.000     0.595    clk_IBUF_inst/OUT
    AP13                 IBUFCTRL (Prop_IBUFCTRL_HPIOB_M_I_O)
                                                      0.000     0.595 r  clk_IBUF_inst/IBUFCTRL_INST/O
                         net (fo=1, estimated)        0.323     0.918    clk_IBUF
    BUFGCE_X1Y194        BUFGCE (Prop_BUFCE_BUFGCE_I_O)
                                                      0.028     0.946 r  clk_IBUF_BUFG_inst/O
    X4Y8 (CLOCK_ROOT)    net (fo=1134, estimated)     0.811     1.757    genblk1[16].reg_in/clk_IBUF_BUFG
    SLICE_X121Y522       FDRE                                         r  genblk1[16].reg_in/reg_out_reg[2]/C
  -------------------------------------------------------------------    -------------------
    SLICE_X121Y522       FDRE (Prop_AFF_SLICEM_C_Q)
                                                      0.077     1.834 r  genblk1[16].reg_in/reg_out_reg[2]/Q
                         net (fo=3, estimated)        0.102     1.936    conv/add000067/O17[2]
    SLICE_X121Y522       LUT2 (Prop_B6LUT_SLICEM_I0_O)
                                                      0.089     2.025 r  conv/add000067/reg_out[0]_i_129/O
                         net (fo=1, routed)           0.016     2.041    conv/add000067/reg_out[0]_i_129_n_0
    SLICE_X121Y522       CARRY8 (Prop_CARRY8_SLICEM_S[1]_O[5])
                                                      0.237     2.278 r  conv/add000067/reg_out_reg[0]_i_70/O[5]
                         net (fo=1, estimated)        0.438     2.716    genblk1[13].reg_in/O[4]
    SLICE_X124Y526       LUT2 (Prop_F6LUT_SLICEL_I1_O)
                                                      0.035     2.751 r  genblk1[13].reg_in/reg_out[0]_i_105/O
                         net (fo=1, routed)           0.011     2.762    conv/add000067/reg_out[0]_i_56_0[4]
    SLICE_X124Y526       CARRY8 (Prop_CARRY8_SLICEL_S[5]_CO[7])
                                                      0.155     2.917 r  conv/add000067/reg_out_reg[0]_i_49/CO[7]
                         net (fo=1, estimated)        0.026     2.943    conv/add000067/reg_out_reg[0]_i_49_n_0
    SLICE_X124Y527       CARRY8 (Prop_CARRY8_SLICEL_CI_O[1])
                                                      0.076     3.019 r  conv/add000067/reg_out_reg[21]_i_105/O[1]
                         net (fo=2, estimated)        0.221     3.240    conv/add000067/reg_out_reg[21]_i_105_n_14
    SLICE_X123Y526       LUT2 (Prop_B6LUT_SLICEM_I0_O)
                                                      0.037     3.277 r  conv/add000067/reg_out[21]_i_112/O
                         net (fo=1, routed)           0.016     3.293    conv/add000067/reg_out[21]_i_112_n_0
    SLICE_X123Y526       CARRY8 (Prop_CARRY8_SLICEM_S[1]_O[5])
                                                      0.237     3.530 r  conv/add000067/reg_out_reg[21]_i_59/O[5]
                         net (fo=2, estimated)        0.237     3.767    conv/add000067/reg_out_reg[21]_i_59_n_10
    SLICE_X122Y526       LUT2 (Prop_G6LUT_SLICEL_I0_O)
                                                      0.050     3.817 r  conv/add000067/reg_out[16]_i_76/O
                         net (fo=1, routed)           0.008     3.825    conv/add000067/reg_out[16]_i_76_n_0
    SLICE_X122Y526       CARRY8 (Prop_CARRY8_SLICEL_S[6]_CO[7])
                                                      0.115     3.940 r  conv/add000067/reg_out_reg[16]_i_57/CO[7]
                         net (fo=1, estimated)        0.026     3.966    conv/add000067/reg_out_reg[16]_i_57_n_0
    SLICE_X122Y527       CARRY8 (Prop_CARRY8_SLICEL_CI_O[0])
                                                      0.056     4.022 r  conv/add000067/reg_out_reg[21]_i_33/O[0]
                         net (fo=1, estimated)        0.366     4.388    conv/add000067/reg_out_reg[21]_i_33_n_15
    SLICE_X121Y526       LUT2 (Prop_A6LUT_SLICEM_I1_O)
                                                      0.038     4.426 r  conv/add000067/reg_out[21]_i_23/O
                         net (fo=1, routed)           0.013     4.439    conv/add000067/reg_out[21]_i_23_n_0
    SLICE_X121Y526       CARRY8 (Prop_CARRY8_SLICEM_S[0]_O[0])
                                                      0.065     4.504 r  conv/add000067/reg_out_reg[21]_i_15/O[0]
                         net (fo=2, estimated)        0.177     4.681    conv/add000067/reg_out_reg[21]_i_15_n_15
    SLICE_X120Y525       LUT2 (Prop_H6LUT_SLICEL_I0_O)
                                                      0.051     4.732 r  conv/add000067/reg_out[16]_i_21/O
                         net (fo=1, routed)           0.010     4.742    conv/add000067/reg_out[16]_i_21_n_0
    SLICE_X120Y525       CARRY8 (Prop_CARRY8_SLICEL_S[7]_CO[7])
                                                      0.115     4.857 r  conv/add000067/reg_out_reg[16]_i_11/CO[7]
                         net (fo=1, estimated)        0.026     4.883    conv/add000067/reg_out_reg[16]_i_11_n_0
    SLICE_X120Y526       CARRY8 (Prop_CARRY8_SLICEL_CI_O[1])
                                                      0.076     4.959 r  conv/add000067/reg_out_reg[21]_i_10/O[1]
                         net (fo=2, estimated)        0.221     5.180    conv/add000067/reg_out_reg[21]_i_10_n_14
    SLICE_X120Y523       LUT2 (Prop_B6LUT_SLICEL_I0_O)
                                                      0.090     5.270 r  conv/add000067/reg_out[21]_i_13/O
                         net (fo=1, routed)           0.009     5.279    conv/add000067/reg_out[21]_i_13_n_0
    SLICE_X120Y523       CARRY8 (Prop_CARRY8_SLICEL_S[1]_O[2])
                                                      0.114     5.393 r  conv/add000067/reg_out_reg[21]_i_3/O[2]
                         net (fo=3, estimated)        0.222     5.615    conv/add000059/reg_out_reg[21]_1[0]
    SLICE_X119Y522       LUT2 (Prop_C6LUT_SLICEM_I1_O)
                                                      0.051     5.666 r  conv/add000059/reg_out[21]_i_7/O
                         net (fo=1, routed)           0.021     5.687    conv/add000067/reg_out_reg[21]_0[0]
    SLICE_X119Y522       CARRY8 (Prop_CARRY8_SLICEM_S[2]_O[5])
                                                      0.200     5.887 r  conv/add000067/reg_out_reg[21]_i_2/O[5]
                         net (fo=2, estimated)        0.132     6.019    reg_out/a[21]
    SLICE_X119Y523       LUT2 (Prop_C6LUT_SLICEM_I0_O)
                                                      0.037     6.056 r  reg_out/reg_out[21]_i_1/O
                         net (fo=21, estimated)       0.260     6.316    reg_out/reg_out[21]_i_1_n_0
    SLICE_X120Y522       FDRE                                         r  reg_out/reg_out_reg[18]/R
  -------------------------------------------------------------------    -------------------

                         (clock virtual_clock rise edge)
                                                      4.000     4.000 r  
    AP13                                              0.000     4.000 r  clk (IN)
                         net (fo=0)                   0.000     4.000    clk_IBUF_inst/I
    AP13                 INBUF (Prop_INBUF_HPIOB_M_PAD_O)
                                                      0.345     4.345 r  clk_IBUF_inst/INBUF_INST/O
                         net (fo=1, routed)           0.000     4.345    clk_IBUF_inst/OUT
    AP13                 IBUFCTRL (Prop_IBUFCTRL_HPIOB_M_I_O)
                                                      0.000     4.345 r  clk_IBUF_inst/IBUFCTRL_INST/O
                         net (fo=1, estimated)        0.287     4.632    clk_IBUF
    BUFGCE_X1Y194        BUFGCE (Prop_BUFCE_BUFGCE_I_O)
                                                      0.024     4.656 r  clk_IBUF_BUFG_inst/O
    X4Y8 (CLOCK_ROOT)    net (fo=1134, estimated)     0.670     5.326    reg_out/clk_IBUF_BUFG
    SLICE_X120Y522       FDRE                                         r  reg_out/reg_out_reg[18]/C
                         clock pessimism              0.323     5.649    
                         clock uncertainty           -0.035     5.614    
    SLICE_X120Y522       FDRE (Setup_EFF_SLICEL_C_R)
                                                     -0.074     5.540    reg_out/reg_out_reg[18]
  -------------------------------------------------------------------
                         required time                          5.540    
                         arrival time                          -6.316    
  -------------------------------------------------------------------
                         slack                                 -0.777    





Min Delay Paths
--------------------------------------------------------------------------------------
Slack (VIOLATED) :        -0.034ns  (arrival time - required time)
  Source:                 demux/genblk1[49].z_reg[49][1]/C
                            (rising edge-triggered cell FDRE clocked by virtual_clock  {rise@0.000ns fall@2.000ns period=4.000ns})
  Destination:            genblk1[49].reg_in/reg_out_reg[1]/D
                            (rising edge-triggered cell FDRE clocked by virtual_clock  {rise@0.000ns fall@2.000ns period=4.000ns})
  Path Group:             virtual_clock
  Path Type:              Hold (Min at Slow Process Corner)
  Requirement:            0.000ns  (virtual_clock rise@0.000ns - virtual_clock rise@0.000ns)
  Data Path Delay:        0.137ns  (logic 0.058ns (42.336%)  route 0.079ns (57.664%))
  Logic Levels:           0  
  Clock Path Skew:        0.109ns (DCD - SCD - CPR)
    Destination Clock Delay (DCD):    1.733ns
    Source Clock Delay      (SCD):    1.301ns
    Clock Pessimism Removal (CPR):    0.324ns
  Clock Net Delay (Source):      0.645ns (routing 0.000ns, distribution 0.645ns)
  Clock Net Delay (Destination): 0.787ns (routing 0.000ns, distribution 0.787ns)

    Location             Delay type                Incr(ns)  Path(ns)    Netlist Resource(s)
  -------------------------------------------------------------------    -------------------
                         (clock virtual_clock rise edge)
                                                      0.000     0.000 r  
    AP13                                              0.000     0.000 r  clk (IN)
                         net (fo=0)                   0.000     0.000    clk_IBUF_inst/I
    AP13                 INBUF (Prop_INBUF_HPIOB_M_PAD_O)
                                                      0.345     0.345 r  clk_IBUF_inst/INBUF_INST/O
                         net (fo=1, routed)           0.000     0.345    clk_IBUF_inst/OUT
    AP13                 IBUFCTRL (Prop_IBUFCTRL_HPIOB_M_I_O)
                                                      0.000     0.345 r  clk_IBUF_inst/IBUFCTRL_INST/O
                         net (fo=1, estimated)        0.287     0.632    clk_IBUF
    BUFGCE_X1Y194        BUFGCE (Prop_BUFCE_BUFGCE_I_O)
                                                      0.024     0.656 r  clk_IBUF_BUFG_inst/O
    X4Y8 (CLOCK_ROOT)    net (fo=1134, estimated)     0.645     1.301    demux/clk_IBUF_BUFG
    SLICE_X112Y525       FDRE                                         r  demux/genblk1[49].z_reg[49][1]/C
  -------------------------------------------------------------------    -------------------
    SLICE_X112Y525       FDRE (Prop_CFF_SLICEL_C_Q)
                                                      0.058     1.359 r  demux/genblk1[49].z_reg[49][1]/Q
                         net (fo=1, estimated)        0.079     1.438    genblk1[49].reg_in/D[1]
    SLICE_X113Y525       FDRE                                         r  genblk1[49].reg_in/reg_out_reg[1]/D
  -------------------------------------------------------------------    -------------------

                         (clock virtual_clock rise edge)
                                                      0.000     0.000 r  
    AP13                                              0.000     0.000 r  clk (IN)
                         net (fo=0)                   0.000     0.000    clk_IBUF_inst/I
    AP13                 INBUF (Prop_INBUF_HPIOB_M_PAD_O)
                                                      0.595     0.595 r  clk_IBUF_inst/INBUF_INST/O
                         net (fo=1, routed)           0.000     0.595    clk_IBUF_inst/OUT
    AP13                 IBUFCTRL (Prop_IBUFCTRL_HPIOB_M_I_O)
                                                      0.000     0.595 r  clk_IBUF_inst/IBUFCTRL_INST/O
                         net (fo=1, estimated)        0.323     0.918    clk_IBUF
    BUFGCE_X1Y194        BUFGCE (Prop_BUFCE_BUFGCE_I_O)
                                                      0.028     0.946 r  clk_IBUF_BUFG_inst/O
    X4Y8 (CLOCK_ROOT)    net (fo=1134, estimated)     0.787     1.733    genblk1[49].reg_in/clk_IBUF_BUFG
    SLICE_X113Y525       FDRE                                         r  genblk1[49].reg_in/reg_out_reg[1]/C
                         clock pessimism             -0.324     1.410    
    SLICE_X113Y525       FDRE (Hold_BFF2_SLICEM_C_D)
                                                      0.062     1.472    genblk1[49].reg_in/reg_out_reg[1]
  -------------------------------------------------------------------
                         required time                         -1.472    
                         arrival time                           1.438    
  -------------------------------------------------------------------
                         slack                                 -0.034    





Pulse Width Checks
--------------------------------------------------------------------------------------
Clock Name:         virtual_clock
Waveform(ns):       { 0.000 2.000 }
Period(ns):         4.000
Sources:            { clk }

Check Type        Corner  Lib Pin   Reference Pin  Required(ns)  Actual(ns)  Slack(ns)  Location        Pin
Min Period        n/a     BUFGCE/I  n/a            1.290         4.000       2.710      BUFGCE_X1Y194   clk_IBUF_BUFG_inst/I
Low Pulse Width   Slow    FDRE/C    n/a            0.275         2.000       1.725      SLICE_X123Y522  genblk1[68].reg_in/reg_out_reg[7]/C
High Pulse Width  Fast    FDRE/C    n/a            0.275         2.000       1.725      SLICE_X112Y536  demux/genblk1[33].z_reg[33][1]/C



