Copyright 1986-2020 Xilinx, Inc. All Rights Reserved.
-------------------------------------------------------------------------------------------------------
| Tool Version      : Vivado v.2020.1 (lin64) Build 2902540 Wed May 27 19:54:35 MDT 2020
| Date              : Mon Mar 14 19:28:37 2022
| Host              : lepus running 64-bit CentOS Linux release 7.9.2009 (Core)
| Command           : report_timing_summary -file ./output/fc1_19/report/timing-summary-post-place.rpt
| Design            : top
| Device            : xcvu9p-flga2104
| Speed File        : -2L  PRODUCTION 1.27 02-28-2020
| Temperature Grade : E
-------------------------------------------------------------------------------------------------------

Timing Summary Report

------------------------------------------------------------------------------------------------
| Timer Settings
| --------------
------------------------------------------------------------------------------------------------

  Enable Multi Corner Analysis               :  Yes
  Enable Pessimism Removal                   :  Yes
  Pessimism Removal Resolution               :  Nearest Common Node
  Enable Input Delay Default Clock           :  No
  Enable Preset / Clear Arcs                 :  No
  Disable Flight Delays                      :  No
  Ignore I/O Paths                           :  No
  Timing Early Launch at Borrowing Latches   :  No
  Borrow Time for Max Delay Exceptions       :  Yes
  Merge Timing Exceptions                    :  Yes

  Corner  Analyze    Analyze    
  Name    Max Paths  Min Paths  
  ------  ---------  ---------  
  Slow    Yes        Yes        
  Fast    Yes        Yes        



check_timing report

Table of Contents
-----------------
1. checking no_clock (0)
2. checking constant_clock (0)
3. checking pulse_width_clock (0)
4. checking unconstrained_internal_endpoints (0)
5. checking no_input_delay (10)
6. checking no_output_delay (23)
7. checking multiple_clock (0)
8. checking generated_clocks (0)
9. checking loops (0)
10. checking partial_input_delay (0)
11. checking partial_output_delay (0)
12. checking latch_loops (0)

1. checking no_clock (0)
------------------------
 There are 0 register/latch pins with no clock.


2. checking constant_clock (0)
------------------------------
 There are 0 register/latch pins with constant_clock.


3. checking pulse_width_clock (0)
---------------------------------
 There are 0 register/latch pins which need pulse_width check


4. checking unconstrained_internal_endpoints (0)
------------------------------------------------
 There are 0 pins that are not constrained for maximum delay.

 There are 0 pins that are not constrained for maximum delay due to constant clock.


5. checking no_input_delay (10)
-------------------------------
 There are 10 input ports with no input delay specified. (HIGH)

 There are 0 input ports with no input delay but user has a false path constraint.


6. checking no_output_delay (23)
--------------------------------
 There are 23 ports with no output delay specified. (HIGH)

 There are 0 ports with no output delay but user has a false path constraint

 There are 0 ports with no output delay but with a timing clock defined on it or propagating through it


7. checking multiple_clock (0)
------------------------------
 There are 0 register/latch pins with multiple clocks.


8. checking generated_clocks (0)
--------------------------------
 There are 0 generated clocks that are not connected to a clock source.


9. checking loops (0)
---------------------
 There are 0 combinational loops in the design.


10. checking partial_input_delay (0)
------------------------------------
 There are 0 input ports with partial input delay specified.


11. checking partial_output_delay (0)
-------------------------------------
 There are 0 ports with partial output delay specified.


12. checking latch_loops (0)
----------------------------
 There are 0 combinational latch loops in the design through latch input



------------------------------------------------------------------------------------------------
| Design Timing Summary
| ---------------------
------------------------------------------------------------------------------------------------

    WNS(ns)      TNS(ns)  TNS Failing Endpoints  TNS Total Endpoints      WHS(ns)      THS(ns)  THS Failing Endpoints  THS Total Endpoints     WPWS(ns)     TPWS(ns)  TPWS Failing Endpoints  TPWS Total Endpoints  
    -------      -------  ---------------------  -------------------      -------      -------  ---------------------  -------------------     --------     --------  ----------------------  --------------------  
     -0.939       -8.412                     15                 1344       -0.024       -0.064                      4                 1344        1.725        0.000                       0                  1345  


Timing constraints are not met.


------------------------------------------------------------------------------------------------
| Clock Summary
| -------------
------------------------------------------------------------------------------------------------

Clock          Waveform(ns)         Period(ns)      Frequency(MHz)
-----          ------------         ----------      --------------
virtual_clock  {0.000 2.000}        4.000           250.000         


------------------------------------------------------------------------------------------------
| Intra Clock Table
| -----------------
------------------------------------------------------------------------------------------------

Clock              WNS(ns)      TNS(ns)  TNS Failing Endpoints  TNS Total Endpoints      WHS(ns)      THS(ns)  THS Failing Endpoints  THS Total Endpoints     WPWS(ns)     TPWS(ns)  TPWS Failing Endpoints  TPWS Total Endpoints  
-----              -------      -------  ---------------------  -------------------      -------      -------  ---------------------  -------------------     --------     --------  ----------------------  --------------------  
virtual_clock       -0.939       -8.412                     15                 1344       -0.024       -0.064                      4                 1344        1.725        0.000                       0                  1345  


------------------------------------------------------------------------------------------------
| Inter Clock Table
| -----------------
------------------------------------------------------------------------------------------------

From Clock    To Clock          WNS(ns)      TNS(ns)  TNS Failing Endpoints  TNS Total Endpoints      WHS(ns)      THS(ns)  THS Failing Endpoints  THS Total Endpoints  
----------    --------          -------      -------  ---------------------  -------------------      -------      -------  ---------------------  -------------------  


------------------------------------------------------------------------------------------------
| Other Path Groups Table
| -----------------------
------------------------------------------------------------------------------------------------

Path Group    From Clock    To Clock          WNS(ns)      TNS(ns)  TNS Failing Endpoints  TNS Total Endpoints      WHS(ns)      THS(ns)  THS Failing Endpoints  THS Total Endpoints  
----------    ----------    --------          -------      -------  ---------------------  -------------------      -------      -------  ---------------------  -------------------  


------------------------------------------------------------------------------------------------
| Timing Details
| --------------
------------------------------------------------------------------------------------------------


---------------------------------------------------------------------------------------------------
From Clock:  virtual_clock
  To Clock:  virtual_clock

Setup :           15  Failing Endpoints,  Worst Slack       -0.939ns,  Total Violation       -8.412ns
Hold  :            4  Failing Endpoints,  Worst Slack       -0.024ns,  Total Violation       -0.064ns
PW    :            0  Failing Endpoints,  Worst Slack        1.725ns,  Total Violation        0.000ns
---------------------------------------------------------------------------------------------------


Max Delay Paths
--------------------------------------------------------------------------------------
Slack (VIOLATED) :        -0.939ns  (required time - arrival time)
  Source:                 demux/sel_reg[0]/C
                            (rising edge-triggered cell FDRE clocked by virtual_clock  {rise@0.000ns fall@2.000ns period=4.000ns})
  Destination:            demux/sel_reg[4]/D
                            (rising edge-triggered cell FDSE clocked by virtual_clock  {rise@0.000ns fall@2.000ns period=4.000ns})
  Path Group:             virtual_clock
  Path Type:              Setup (Max at Slow Process Corner)
  Requirement:            4.000ns  (virtual_clock rise@4.000ns - virtual_clock rise@0.000ns)
  Data Path Delay:        4.863ns  (logic 1.968ns (40.469%)  route 2.895ns (59.531%))
  Logic Levels:           19  (CARRY8=9 LUT2=3 LUT3=2 LUT4=4 LUT6=1)
  Clock Path Skew:        -0.066ns (DCD - SCD + CPR)
    Destination Clock Delay (DCD):    1.923ns = ( 5.923 - 4.000 ) 
    Source Clock Delay      (SCD):    2.420ns
    Clock Pessimism Removal (CPR):    0.432ns
  Clock Uncertainty:      0.035ns  ((TSJ^2 + TIJ^2)^1/2 + DJ) / 2 + PE
    Total System Jitter     (TSJ):    0.071ns
    Total Input Jitter      (TIJ):    0.000ns
    Discrete Jitter          (DJ):    0.000ns
    Phase Error              (PE):    0.000ns
  Clock Net Delay (Source):      1.474ns (routing 0.629ns, distribution 0.845ns)
  Clock Net Delay (Destination): 1.267ns (routing 0.574ns, distribution 0.693ns)

    Location             Delay type                Incr(ns)  Path(ns)    Netlist Resource(s)
  -------------------------------------------------------------------    -------------------
                         (clock virtual_clock rise edge)
                                                      0.000     0.000 r  
    AP13                                              0.000     0.000 r  clk (IN)
                         net (fo=0)                   0.000     0.000    clk_IBUF_inst/I
    AP13                 INBUF (Prop_INBUF_HPIOB_M_PAD_O)
                                                      0.595     0.595 r  clk_IBUF_inst/INBUF_INST/O
                         net (fo=1, routed)           0.000     0.595    clk_IBUF_inst/OUT
    AP13                 IBUFCTRL (Prop_IBUFCTRL_HPIOB_M_I_O)
                                                      0.000     0.595 r  clk_IBUF_inst/IBUFCTRL_INST/O
                         net (fo=1, estimated)        0.323     0.918    clk_IBUF
    BUFGCE_X1Y194        BUFGCE (Prop_BUFCE_BUFGCE_I_O)
                                                      0.028     0.946 r  clk_IBUF_BUFG_inst/O
    X3Y8 (CLOCK_ROOT)    net (fo=1344, estimated)     1.474     2.420    demux/CLK
    SLICE_X102Y489       FDRE                                         r  demux/sel_reg[0]/C
  -------------------------------------------------------------------    -------------------
    SLICE_X102Y489       FDRE (Prop_AFF_SLICEM_C_Q)
                                                      0.077     2.497 r  demux/sel_reg[0]/Q
                         net (fo=54, estimated)       0.262     2.759    demux/sel[0]
    SLICE_X102Y487       CARRY8 (Prop_CARRY8_SLICEM_CI_O[7])
                                                      0.231     2.990 r  demux/sel_reg[8]_i_6/O[7]
                         net (fo=37, estimated)       0.312     3.302    p_1_in[8]
    SLICE_X99Y487        LUT3 (Prop_E5LUT_SLICEM_I2_O)
                                                      0.102     3.404 r  sel[8]_i_219/O
                         net (fo=2, estimated)        0.192     3.596    sel[8]_i_219_n_0
    SLICE_X99Y487        LUT4 (Prop_F6LUT_SLICEM_I0_O)
                                                      0.098     3.694 r  sel[8]_i_226/O
                         net (fo=1, routed)           0.022     3.716    demux/S[1]
    SLICE_X99Y487        CARRY8 (Prop_CARRY8_SLICEM_S[5]_CO[7])
                                                      0.159     3.875 f  demux/sel_reg[8]_i_191/CO[7]
                         net (fo=1, estimated)        0.026     3.901    demux/sel_reg[8]_i_191_n_0
    SLICE_X99Y488        CARRY8 (Prop_CARRY8_SLICEM_CI_CO[5])
                                                      0.077     3.978 f  demux/sel_reg[8]_i_167/CO[5]
                         net (fo=36, estimated)       0.302     4.280    demux_n_10
    SLICE_X101Y490       LUT2 (Prop_B5LUT_SLICEL_I1_O)
                                                      0.104     4.384 r  sel[8]_i_101/O
                         net (fo=17, estimated)       0.165     4.549    sel[8]_i_101_n_0
    SLICE_X101Y488       LUT4 (Prop_C6LUT_SLICEL_I3_O)
                                                      0.050     4.599 r  sel[8]_i_147/O
                         net (fo=1, routed)           0.010     4.609    demux/sel[8]_i_64_0[1]
    SLICE_X101Y488       CARRY8 (Prop_CARRY8_SLICEL_S[2]_CO[7])
                                                      0.155     4.764 r  demux/sel_reg[8]_i_81/CO[7]
                         net (fo=1, estimated)        0.026     4.790    demux/sel_reg[8]_i_81_n_0
    SLICE_X101Y489       CARRY8 (Prop_CARRY8_SLICEL_CI_O[1])
                                                      0.076     4.866 r  demux/sel_reg[8]_i_77/O[1]
                         net (fo=2, estimated)        0.288     5.154    demux_n_98
    SLICE_X100Y489       LUT3 (Prop_E5LUT_SLICEM_I2_O)
                                                      0.102     5.256 r  sel[8]_i_32/O
                         net (fo=2, estimated)        0.160     5.416    sel[8]_i_32_n_0
    SLICE_X100Y489       LUT4 (Prop_F6LUT_SLICEM_I3_O)
                                                      0.051     5.467 r  sel[8]_i_40/O
                         net (fo=1, routed)           0.022     5.489    demux/sel[8]_i_28_0[5]
    SLICE_X100Y489       CARRY8 (Prop_CARRY8_SLICEM_S[5]_CO[7])
                                                      0.159     5.648 r  demux/sel_reg[8]_i_20/CO[7]
                         net (fo=1, estimated)        0.026     5.674    demux/sel_reg[8]_i_20_n_0
    SLICE_X100Y490       CARRY8 (Prop_CARRY8_SLICEM_CI_O[0])
                                                      0.056     5.730 r  demux/sel_reg[8]_i_22/O[0]
                         net (fo=3, estimated)        0.250     5.980    demux_n_16
    SLICE_X100Y491       LUT2 (Prop_E5LUT_SLICEM_I0_O)
                                                      0.102     6.082 r  sel[8]_i_21/O
                         net (fo=2, estimated)        0.205     6.287    sel[8]_i_21_n_0
    SLICE_X100Y491       LUT4 (Prop_F6LUT_SLICEM_I0_O)
                                                      0.098     6.385 r  sel[8]_i_24/O
                         net (fo=1, routed)           0.022     6.407    demux/sel[8]_i_14_0[4]
    SLICE_X100Y491       CARRY8 (Prop_CARRY8_SLICEM_S[5]_O[6])
                                                      0.131     6.538 r  demux/sel_reg[8]_i_19/O[6]
                         net (fo=1, estimated)        0.216     6.754    demux_n_104
    SLICE_X101Y492       LUT2 (Prop_B6LUT_SLICEL_I1_O)
                                                      0.036     6.790 r  sel[8]_i_7/O
                         net (fo=1, routed)           0.009     6.799    demux/sel_reg[6]_1[1]
    SLICE_X101Y492       CARRY8 (Prop_CARRY8_SLICEL_S[1]_O[1])
                                                      0.053     6.852 r  demux/sel_reg[8]_i_3/O[1]
                         net (fo=9, estimated)        0.334     7.186    demux/sel_reg[8]_i_3_n_14
    SLICE_X103Y487       LUT6 (Prop_E6LUT_SLICEL_I5_O)
                                                      0.051     7.237 r  demux/sel[4]_i_1/O
                         net (fo=1, routed)           0.046     7.283    demux/sel20_in[4]
    SLICE_X103Y487       FDSE                                         r  demux/sel_reg[4]/D
  -------------------------------------------------------------------    -------------------

                         (clock virtual_clock rise edge)
                                                      4.000     4.000 r  
    AP13                                              0.000     4.000 r  clk (IN)
                         net (fo=0)                   0.000     4.000    clk_IBUF_inst/I
    AP13                 INBUF (Prop_INBUF_HPIOB_M_PAD_O)
                                                      0.345     4.345 r  clk_IBUF_inst/INBUF_INST/O
                         net (fo=1, routed)           0.000     4.345    clk_IBUF_inst/OUT
    AP13                 IBUFCTRL (Prop_IBUFCTRL_HPIOB_M_I_O)
                                                      0.000     4.345 r  clk_IBUF_inst/IBUFCTRL_INST/O
                         net (fo=1, estimated)        0.287     4.632    clk_IBUF
    BUFGCE_X1Y194        BUFGCE (Prop_BUFCE_BUFGCE_I_O)
                                                      0.024     4.656 r  clk_IBUF_BUFG_inst/O
    X3Y8 (CLOCK_ROOT)    net (fo=1344, estimated)     1.267     5.923    demux/CLK
    SLICE_X103Y487       FDSE                                         r  demux/sel_reg[4]/C
                         clock pessimism              0.432     6.354    
                         clock uncertainty           -0.035     6.319    
    SLICE_X103Y487       FDSE (Setup_EFF_SLICEL_C_D)
                                                      0.025     6.344    demux/sel_reg[4]
  -------------------------------------------------------------------
                         required time                          6.344    
                         arrival time                          -7.283    
  -------------------------------------------------------------------
                         slack                                 -0.939    





Min Delay Paths
--------------------------------------------------------------------------------------
Slack (VIOLATED) :        -0.024ns  (arrival time - required time)
  Source:                 demux/genblk1[58].z_reg[58][1]/C
                            (rising edge-triggered cell FDRE clocked by virtual_clock  {rise@0.000ns fall@2.000ns period=4.000ns})
  Destination:            genblk1[58].reg_in/reg_out_reg[1]/D
                            (rising edge-triggered cell FDRE clocked by virtual_clock  {rise@0.000ns fall@2.000ns period=4.000ns})
  Path Group:             virtual_clock
  Path Type:              Hold (Min at Slow Process Corner)
  Requirement:            0.000ns  (virtual_clock rise@0.000ns - virtual_clock rise@0.000ns)
  Data Path Delay:        0.134ns  (logic 0.058ns (43.284%)  route 0.076ns (56.716%))
  Logic Levels:           0  
  Clock Path Skew:        0.096ns (DCD - SCD - CPR)
    Destination Clock Delay (DCD):    2.395ns
    Source Clock Delay      (SCD):    1.908ns
    Clock Pessimism Removal (CPR):    0.391ns
  Clock Net Delay (Source):      1.252ns (routing 0.574ns, distribution 0.678ns)
  Clock Net Delay (Destination): 1.449ns (routing 0.629ns, distribution 0.820ns)

    Location             Delay type                Incr(ns)  Path(ns)    Netlist Resource(s)
  -------------------------------------------------------------------    -------------------
                         (clock virtual_clock rise edge)
                                                      0.000     0.000 r  
    AP13                                              0.000     0.000 r  clk (IN)
                         net (fo=0)                   0.000     0.000    clk_IBUF_inst/I
    AP13                 INBUF (Prop_INBUF_HPIOB_M_PAD_O)
                                                      0.345     0.345 r  clk_IBUF_inst/INBUF_INST/O
                         net (fo=1, routed)           0.000     0.345    clk_IBUF_inst/OUT
    AP13                 IBUFCTRL (Prop_IBUFCTRL_HPIOB_M_I_O)
                                                      0.000     0.345 r  clk_IBUF_inst/IBUFCTRL_INST/O
                         net (fo=1, estimated)        0.287     0.632    clk_IBUF
    BUFGCE_X1Y194        BUFGCE (Prop_BUFCE_BUFGCE_I_O)
                                                      0.024     0.656 r  clk_IBUF_BUFG_inst/O
    X3Y8 (CLOCK_ROOT)    net (fo=1344, estimated)     1.252     1.908    demux/CLK
    SLICE_X103Y505       FDRE                                         r  demux/genblk1[58].z_reg[58][1]/C
  -------------------------------------------------------------------    -------------------
    SLICE_X103Y505       FDRE (Prop_HFF_SLICEL_C_Q)
                                                      0.058     1.966 r  demux/genblk1[58].z_reg[58][1]/Q
                         net (fo=1, estimated)        0.076     2.042    genblk1[58].reg_in/D[1]
    SLICE_X101Y505       FDRE                                         r  genblk1[58].reg_in/reg_out_reg[1]/D
  -------------------------------------------------------------------    -------------------

                         (clock virtual_clock rise edge)
                                                      0.000     0.000 r  
    AP13                                              0.000     0.000 r  clk (IN)
                         net (fo=0)                   0.000     0.000    clk_IBUF_inst/I
    AP13                 INBUF (Prop_INBUF_HPIOB_M_PAD_O)
                                                      0.595     0.595 r  clk_IBUF_inst/INBUF_INST/O
                         net (fo=1, routed)           0.000     0.595    clk_IBUF_inst/OUT
    AP13                 IBUFCTRL (Prop_IBUFCTRL_HPIOB_M_I_O)
                                                      0.000     0.595 r  clk_IBUF_inst/IBUFCTRL_INST/O
                         net (fo=1, estimated)        0.323     0.918    clk_IBUF
    BUFGCE_X1Y194        BUFGCE (Prop_BUFCE_BUFGCE_I_O)
                                                      0.028     0.946 r  clk_IBUF_BUFG_inst/O
    X3Y8 (CLOCK_ROOT)    net (fo=1344, estimated)     1.449     2.395    genblk1[58].reg_in/CLK
    SLICE_X101Y505       FDRE                                         r  genblk1[58].reg_in/reg_out_reg[1]/C
                         clock pessimism             -0.391     2.004    
    SLICE_X101Y505       FDRE (Hold_GFF2_SLICEL_C_D)
                                                      0.062     2.066    genblk1[58].reg_in/reg_out_reg[1]
  -------------------------------------------------------------------
                         required time                         -2.066    
                         arrival time                           2.042    
  -------------------------------------------------------------------
                         slack                                 -0.024    





Pulse Width Checks
--------------------------------------------------------------------------------------
Clock Name:         virtual_clock
Waveform(ns):       { 0.000 2.000 }
Period(ns):         4.000
Sources:            { clk }

Check Type        Corner  Lib Pin   Reference Pin  Required(ns)  Actual(ns)  Slack(ns)  Location        Pin
Min Period        n/a     BUFGCE/I  n/a            1.290         4.000       2.710      BUFGCE_X1Y194   clk_IBUF_BUFG_inst/I
Low Pulse Width   Slow    FDRE/C    n/a            0.275         2.000       1.725      SLICE_X107Y503  demux/genblk1[43].z_reg[43][1]/C
High Pulse Width  Fast    FDRE/C    n/a            0.275         2.000       1.725      SLICE_X100Y498  demux/genblk1[165].z_reg[165][2]/C



