Copyright 1986-2020 Xilinx, Inc. All Rights Reserved.
-------------------------------------------------------------------------------------------
| Tool Version      : Vivado v.2020.1 (lin64) Build 2902540 Wed May 27 19:54:35 MDT 2020
| Date              : Tue Mar 15 16:20:51 2022
| Host              : lepus running 64-bit CentOS Linux release 7.9.2009 (Core)
| Command           : report_timing_summary -file ./output/fc2_2/report/timing-summary.rpt
| Design            : top
| Device            : xcvu9p-flga2104
| Speed File        : -2L  PRODUCTION 1.27 02-28-2020
| Temperature Grade : E
-------------------------------------------------------------------------------------------

Timing Summary Report

------------------------------------------------------------------------------------------------
| Timer Settings
| --------------
------------------------------------------------------------------------------------------------

  Enable Multi Corner Analysis               :  Yes
  Enable Pessimism Removal                   :  Yes
  Pessimism Removal Resolution               :  Nearest Common Node
  Enable Input Delay Default Clock           :  No
  Enable Preset / Clear Arcs                 :  No
  Disable Flight Delays                      :  No
  Ignore I/O Paths                           :  No
  Timing Early Launch at Borrowing Latches   :  No
  Borrow Time for Max Delay Exceptions       :  Yes
  Merge Timing Exceptions                    :  Yes

  Corner  Analyze    Analyze    
  Name    Max Paths  Min Paths  
  ------  ---------  ---------  
  Slow    Yes        Yes        
  Fast    Yes        Yes        



check_timing report

Table of Contents
-----------------
1. checking no_clock (0)
2. checking constant_clock (0)
3. checking pulse_width_clock (0)
4. checking unconstrained_internal_endpoints (0)
5. checking no_input_delay (10)
6. checking no_output_delay (22)
7. checking multiple_clock (0)
8. checking generated_clocks (0)
9. checking loops (0)
10. checking partial_input_delay (0)
11. checking partial_output_delay (0)
12. checking latch_loops (0)

1. checking no_clock (0)
------------------------
 There are 0 register/latch pins with no clock.


2. checking constant_clock (0)
------------------------------
 There are 0 register/latch pins with constant_clock.


3. checking pulse_width_clock (0)
---------------------------------
 There are 0 register/latch pins which need pulse_width check


4. checking unconstrained_internal_endpoints (0)
------------------------------------------------
 There are 0 pins that are not constrained for maximum delay.

 There are 0 pins that are not constrained for maximum delay due to constant clock.


5. checking no_input_delay (10)
-------------------------------
 There are 10 input ports with no input delay specified. (HIGH)

 There are 0 input ports with no input delay but user has a false path constraint.


6. checking no_output_delay (22)
--------------------------------
 There are 22 ports with no output delay specified. (HIGH)

 There are 0 ports with no output delay but user has a false path constraint

 There are 0 ports with no output delay but with a timing clock defined on it or propagating through it


7. checking multiple_clock (0)
------------------------------
 There are 0 register/latch pins with multiple clocks.


8. checking generated_clocks (0)
--------------------------------
 There are 0 generated clocks that are not connected to a clock source.


9. checking loops (0)
---------------------
 There are 0 combinational loops in the design.


10. checking partial_input_delay (0)
------------------------------------
 There are 0 input ports with partial input delay specified.


11. checking partial_output_delay (0)
-------------------------------------
 There are 0 ports with partial output delay specified.


12. checking latch_loops (0)
----------------------------
 There are 0 combinational latch loops in the design through latch input



------------------------------------------------------------------------------------------------
| Design Timing Summary
| ---------------------
------------------------------------------------------------------------------------------------

    WNS(ns)      TNS(ns)  TNS Failing Endpoints  TNS Total Endpoints      WHS(ns)      THS(ns)  THS Failing Endpoints  THS Total Endpoints     WPWS(ns)     TPWS(ns)  TPWS Failing Endpoints  TPWS Total Endpoints  
    -------      -------  ---------------------  -------------------      -------      -------  ---------------------  -------------------     --------     --------  ----------------------  --------------------  
      0.069        0.000                      0                 1235        0.008        0.000                      0                 1235        2.154        0.000                       0                  1215  


All user specified timing constraints are met.


------------------------------------------------------------------------------------------------
| Clock Summary
| -------------
------------------------------------------------------------------------------------------------

Clock   Waveform(ns)         Period(ns)      Frequency(MHz)
-----   ------------         ----------      --------------
vclock  {0.000 2.429}        4.858           205.846         


------------------------------------------------------------------------------------------------
| Intra Clock Table
| -----------------
------------------------------------------------------------------------------------------------

Clock             WNS(ns)      TNS(ns)  TNS Failing Endpoints  TNS Total Endpoints      WHS(ns)      THS(ns)  THS Failing Endpoints  THS Total Endpoints     WPWS(ns)     TPWS(ns)  TPWS Failing Endpoints  TPWS Total Endpoints  
-----             -------      -------  ---------------------  -------------------      -------      -------  ---------------------  -------------------     --------     --------  ----------------------  --------------------  
vclock              0.069        0.000                      0                 1235        0.008        0.000                      0                 1235        2.154        0.000                       0                  1215  


------------------------------------------------------------------------------------------------
| Inter Clock Table
| -----------------
------------------------------------------------------------------------------------------------

From Clock    To Clock          WNS(ns)      TNS(ns)  TNS Failing Endpoints  TNS Total Endpoints      WHS(ns)      THS(ns)  THS Failing Endpoints  THS Total Endpoints  
----------    --------          -------      -------  ---------------------  -------------------      -------      -------  ---------------------  -------------------  


------------------------------------------------------------------------------------------------
| Other Path Groups Table
| -----------------------
------------------------------------------------------------------------------------------------

Path Group    From Clock    To Clock          WNS(ns)      TNS(ns)  TNS Failing Endpoints  TNS Total Endpoints      WHS(ns)      THS(ns)  THS Failing Endpoints  THS Total Endpoints  
----------    ----------    --------          -------      -------  ---------------------  -------------------      -------      -------  ---------------------  -------------------  


------------------------------------------------------------------------------------------------
| Timing Details
| --------------
------------------------------------------------------------------------------------------------


---------------------------------------------------------------------------------------------------
From Clock:  vclock
  To Clock:  vclock

Setup :            0  Failing Endpoints,  Worst Slack        0.069ns,  Total Violation        0.000ns
Hold  :            0  Failing Endpoints,  Worst Slack        0.008ns,  Total Violation        0.000ns
PW    :            0  Failing Endpoints,  Worst Slack        2.154ns,  Total Violation        0.000ns
---------------------------------------------------------------------------------------------------


Max Delay Paths
--------------------------------------------------------------------------------------
Slack (MET) :             0.069ns  (required time - arrival time)
  Source:                 genblk1[40].reg_in/reg_out_reg[0]/C
                            (rising edge-triggered cell FDRE clocked by vclock  {rise@0.000ns fall@2.429ns period=4.858ns})
  Destination:            reg_out/reg_out_reg[2]/R
                            (rising edge-triggered cell FDRE clocked by vclock  {rise@0.000ns fall@2.429ns period=4.858ns})
  Path Group:             vclock
  Path Type:              Setup (Max at Slow Process Corner)
  Requirement:            4.858ns  (vclock rise@4.858ns - vclock rise@0.000ns)
  Data Path Delay:        4.629ns  (logic 2.174ns (46.965%)  route 2.455ns (53.035%))
  Logic Levels:           18  (CARRY8=10 LUT2=7 LUT5=1)
  Clock Path Skew:        -0.050ns (DCD - SCD + CPR)
    Destination Clock Delay (DCD):    1.346ns = ( 6.204 - 4.858 ) 
    Source Clock Delay      (SCD):    1.756ns
    Clock Pessimism Removal (CPR):    0.360ns
  Clock Uncertainty:      0.035ns  ((TSJ^2 + TIJ^2)^1/2 + DJ) / 2 + PE
    Total System Jitter     (TSJ):    0.071ns
    Total Input Jitter      (TIJ):    0.000ns
    Discrete Jitter          (DJ):    0.000ns
    Phase Error              (PE):    0.000ns
  Clock Net Delay (Source):      0.810ns (routing 0.001ns, distribution 0.809ns)
  Clock Net Delay (Destination): 0.690ns (routing 0.001ns, distribution 0.689ns)

    Location             Delay type                Incr(ns)  Path(ns)    Netlist Resource(s)
  -------------------------------------------------------------------    -------------------
                         (clock vclock rise edge)     0.000     0.000 r  
    AP13                                              0.000     0.000 r  clk (IN)
                         net (fo=0)                   0.000     0.000    clk_IBUF_inst/I
    AP13                 INBUF (Prop_INBUF_HPIOB_M_PAD_O)
                                                      0.595     0.595 r  clk_IBUF_inst/INBUF_INST/O
                         net (fo=1, routed)           0.000     0.595    clk_IBUF_inst/OUT
    AP13                 IBUFCTRL (Prop_IBUFCTRL_HPIOB_M_I_O)
                                                      0.000     0.595 r  clk_IBUF_inst/IBUFCTRL_INST/O
                         net (fo=1, routed)           0.323     0.918    clk_IBUF
    BUFGCE_X1Y194        BUFGCE (Prop_BUFCE_BUFGCE_I_O)
                                                      0.028     0.946 r  clk_IBUF_BUFG_inst/O
    X4Y8 (CLOCK_ROOT)    net (fo=1214, routed)        0.810     1.756    genblk1[40].reg_in/clk_IBUF_BUFG
    SLICE_X123Y519       FDRE                                         r  genblk1[40].reg_in/reg_out_reg[0]/C
  -------------------------------------------------------------------    -------------------
    SLICE_X123Y519       FDRE (Prop_AFF_SLICEM_C_Q)
                                                      0.077     1.833 r  genblk1[40].reg_in/reg_out_reg[0]/Q
                         net (fo=6, routed)           0.104     1.937    genblk1[40].reg_in/Q[0]
    SLICE_X123Y519       LUT2 (Prop_D6LUT_SLICEM_I0_O)
                                                      0.099     2.036 r  genblk1[40].reg_in/z__0_carry_i_10__10/O
                         net (fo=1, routed)           0.025     2.061    conv/mul24/reg_out[0]_i_440_0[0]
    SLICE_X123Y519       CARRY8 (Prop_CARRY8_SLICEM_S[3]_O[4])
                                                      0.149     2.210 r  conv/mul24/z__0_carry/O[4]
                         net (fo=2, routed)           0.178     2.388    genblk1[41].reg_in/I15[2]
    SLICE_X122Y518       LUT5 (Prop_D6LUT_SLICEL_I0_O)
                                                      0.122     2.510 r  genblk1[41].reg_in/reg_out[0]_i_437/O
                         net (fo=1, routed)           0.009     2.519    conv/add000072/reg_out_reg[0]_i_102_0[2]
    SLICE_X122Y518       CARRY8 (Prop_CARRY8_SLICEL_S[3]_O[5])
                                                      0.180     2.699 r  conv/add000072/reg_out_reg[0]_i_239/O[5]
                         net (fo=2, routed)           0.281     2.980    conv/add000072/reg_out_reg[0]_i_239_n_10
    SLICE_X121Y518       LUT2 (Prop_F6LUT_SLICEM_I0_O)
                                                      0.123     3.103 r  conv/add000072/reg_out[0]_i_243/O
                         net (fo=1, routed)           0.022     3.125    conv/add000072/reg_out[0]_i_243_n_0
    SLICE_X121Y518       CARRY8 (Prop_CARRY8_SLICEM_S[5]_CO[7])
                                                      0.159     3.284 r  conv/add000072/reg_out_reg[0]_i_102/CO[7]
                         net (fo=1, routed)           0.026     3.310    conv/add000072/reg_out_reg[0]_i_102_n_0
    SLICE_X121Y519       CARRY8 (Prop_CARRY8_SLICEM_CI_O[0])
                                                      0.056     3.366 r  conv/add000072/reg_out_reg[21]_i_167/O[0]
                         net (fo=2, routed)           0.436     3.802    conv/add000072/reg_out_reg[21]_i_167_n_15
    SLICE_X122Y514       LUT2 (Prop_B6LUT_SLICEL_I0_O)
                                                      0.051     3.853 r  conv/add000072/reg_out[21]_i_175/O
                         net (fo=1, routed)           0.009     3.862    conv/add000072/reg_out[21]_i_175_n_0
    SLICE_X122Y514       CARRY8 (Prop_CARRY8_SLICEL_S[1]_O[5])
                                                      0.233     4.095 r  conv/add000072/reg_out_reg[21]_i_106/O[5]
                         net (fo=1, routed)           0.166     4.261    conv/add000072/reg_out_reg[21]_i_106_n_10
    SLICE_X124Y514       LUT2 (Prop_F6LUT_SLICEL_I1_O)
                                                      0.148     4.409 r  conv/add000072/reg_out[21]_i_61/O
                         net (fo=1, routed)           0.011     4.420    conv/add000072/reg_out[21]_i_61_n_0
    SLICE_X124Y514       CARRY8 (Prop_CARRY8_SLICEL_S[5]_O[5])
                                                      0.054     4.474 r  conv/add000072/reg_out_reg[21]_i_29/O[5]
                         net (fo=1, routed)           0.150     4.624    conv/add000072/reg_out_reg[21]_i_29_n_10
    SLICE_X125Y514       LUT2 (Prop_G6LUT_SLICEM_I1_O)
                                                      0.150     4.774 r  conv/add000072/reg_out[16]_i_22/O
                         net (fo=1, routed)           0.016     4.790    conv/add000072/reg_out[16]_i_22_n_0
    SLICE_X125Y514       CARRY8 (Prop_CARRY8_SLICEM_S[6]_O[7])
                                                      0.085     4.875 r  conv/add000072/reg_out_reg[16]_i_11/O[7]
                         net (fo=2, routed)           0.235     5.110    conv/add000072/reg_out_reg[16]_i_11_n_8
    SLICE_X125Y511       LUT2 (Prop_H6LUT_SLICEM_I0_O)
                                                      0.053     5.163 r  conv/add000072/reg_out[16]_i_12/O
                         net (fo=1, routed)           0.015     5.178    conv/add000072/reg_out[16]_i_12_n_0
    SLICE_X125Y511       CARRY8 (Prop_CARRY8_SLICEM_S[7]_CO[7])
                                                      0.117     5.295 r  conv/add000072/reg_out_reg[16]_i_2/CO[7]
                         net (fo=1, routed)           0.026     5.321    conv/add000072/reg_out_reg[16]_i_2_n_0
    SLICE_X125Y512       CARRY8 (Prop_CARRY8_SLICEM_CI_O[1])
                                                      0.076     5.397 r  conv/add000072/reg_out_reg[21]_i_3/O[1]
                         net (fo=2, routed)           0.372     5.769    conv/add000072/reg_out_reg[21]_i_3_n_14
    SLICE_X124Y512       CARRY8 (Prop_CARRY8_SLICEL_DI[0]_O[5])
                                                      0.207     5.976 r  conv/add000072/reg_out_reg[21]_i_2/O[5]
                         net (fo=2, routed)           0.137     6.113    reg_out/a[21]
    SLICE_X122Y512       LUT2 (Prop_A6LUT_SLICEL_I0_O)
                                                      0.035     6.148 r  reg_out/reg_out[21]_i_1/O
                         net (fo=21, routed)          0.237     6.385    reg_out/reg_out[21]_i_1_n_0
    SLICE_X124Y512       FDRE                                         r  reg_out/reg_out_reg[2]/R
  -------------------------------------------------------------------    -------------------

                         (clock vclock rise edge)     4.858     4.858 r  
    AP13                                              0.000     4.858 r  clk (IN)
                         net (fo=0)                   0.000     4.858    clk_IBUF_inst/I
    AP13                 INBUF (Prop_INBUF_HPIOB_M_PAD_O)
                                                      0.345     5.203 r  clk_IBUF_inst/INBUF_INST/O
                         net (fo=1, routed)           0.000     5.203    clk_IBUF_inst/OUT
    AP13                 IBUFCTRL (Prop_IBUFCTRL_HPIOB_M_I_O)
                                                      0.000     5.203 r  clk_IBUF_inst/IBUFCTRL_INST/O
                         net (fo=1, routed)           0.287     5.490    clk_IBUF
    BUFGCE_X1Y194        BUFGCE (Prop_BUFCE_BUFGCE_I_O)
                                                      0.024     5.514 r  clk_IBUF_BUFG_inst/O
    X4Y8 (CLOCK_ROOT)    net (fo=1214, routed)        0.690     6.204    reg_out/clk_IBUF_BUFG
    SLICE_X124Y512       FDRE                                         r  reg_out/reg_out_reg[2]/C
                         clock pessimism              0.360     6.564    
                         clock uncertainty           -0.035     6.529    
    SLICE_X124Y512       FDRE (Setup_AFF_SLICEL_C_R)
                                                     -0.074     6.455    reg_out/reg_out_reg[2]
  -------------------------------------------------------------------
                         required time                          6.455    
                         arrival time                          -6.385    
  -------------------------------------------------------------------
                         slack                                  0.069    





Min Delay Paths
--------------------------------------------------------------------------------------
Slack (MET) :             0.008ns  (arrival time - required time)
  Source:                 demux/genblk1[78].z_reg[78][7]/C
                            (rising edge-triggered cell FDRE clocked by vclock  {rise@0.000ns fall@2.429ns period=4.858ns})
  Destination:            genblk1[78].reg_in/reg_out_reg[7]/D
                            (rising edge-triggered cell FDRE clocked by vclock  {rise@0.000ns fall@2.429ns period=4.858ns})
  Path Group:             vclock
  Path Type:              Hold (Min at Slow Process Corner)
  Requirement:            0.000ns  (vclock rise@0.000ns - vclock rise@0.000ns)
  Data Path Delay:        0.165ns  (logic 0.059ns (35.758%)  route 0.106ns (64.242%))
  Logic Levels:           0  
  Clock Path Skew:        0.095ns (DCD - SCD - CPR)
    Destination Clock Delay (DCD):    1.752ns
    Source Clock Delay      (SCD):    1.350ns
    Clock Pessimism Removal (CPR):    0.308ns
  Clock Net Delay (Source):      0.694ns (routing 0.001ns, distribution 0.693ns)
  Clock Net Delay (Destination): 0.806ns (routing 0.001ns, distribution 0.805ns)

    Location             Delay type                Incr(ns)  Path(ns)    Netlist Resource(s)
  -------------------------------------------------------------------    -------------------
                         (clock vclock rise edge)     0.000     0.000 r  
    AP13                                              0.000     0.000 r  clk (IN)
                         net (fo=0)                   0.000     0.000    clk_IBUF_inst/I
    AP13                 INBUF (Prop_INBUF_HPIOB_M_PAD_O)
                                                      0.345     0.345 r  clk_IBUF_inst/INBUF_INST/O
                         net (fo=1, routed)           0.000     0.345    clk_IBUF_inst/OUT
    AP13                 IBUFCTRL (Prop_IBUFCTRL_HPIOB_M_I_O)
                                                      0.000     0.345 r  clk_IBUF_inst/IBUFCTRL_INST/O
                         net (fo=1, routed)           0.287     0.632    clk_IBUF
    BUFGCE_X1Y194        BUFGCE (Prop_BUFCE_BUFGCE_I_O)
                                                      0.024     0.656 r  clk_IBUF_BUFG_inst/O
    X4Y8 (CLOCK_ROOT)    net (fo=1214, routed)        0.694     1.350    demux/clk_IBUF_BUFG
    SLICE_X132Y507       FDRE                                         r  demux/genblk1[78].z_reg[78][7]/C
  -------------------------------------------------------------------    -------------------
    SLICE_X132Y507       FDRE (Prop_HFF2_SLICEL_C_Q)
                                                      0.059     1.409 r  demux/genblk1[78].z_reg[78][7]/Q
                         net (fo=1, routed)           0.106     1.515    genblk1[78].reg_in/D[7]
    SLICE_X130Y506       FDRE                                         r  genblk1[78].reg_in/reg_out_reg[7]/D
  -------------------------------------------------------------------    -------------------

                         (clock vclock rise edge)     0.000     0.000 r  
    AP13                                              0.000     0.000 r  clk (IN)
                         net (fo=0)                   0.000     0.000    clk_IBUF_inst/I
    AP13                 INBUF (Prop_INBUF_HPIOB_M_PAD_O)
                                                      0.595     0.595 r  clk_IBUF_inst/INBUF_INST/O
                         net (fo=1, routed)           0.000     0.595    clk_IBUF_inst/OUT
    AP13                 IBUFCTRL (Prop_IBUFCTRL_HPIOB_M_I_O)
                                                      0.000     0.595 r  clk_IBUF_inst/IBUFCTRL_INST/O
                         net (fo=1, routed)           0.323     0.918    clk_IBUF
    BUFGCE_X1Y194        BUFGCE (Prop_BUFCE_BUFGCE_I_O)
                                                      0.028     0.946 r  clk_IBUF_BUFG_inst/O
    X4Y8 (CLOCK_ROOT)    net (fo=1214, routed)        0.806     1.752    genblk1[78].reg_in/clk_IBUF_BUFG
    SLICE_X130Y506       FDRE                                         r  genblk1[78].reg_in/reg_out_reg[7]/C
                         clock pessimism             -0.308     1.445    
    SLICE_X130Y506       FDRE (Hold_CFF2_SLICEL_C_D)
                                                      0.062     1.507    genblk1[78].reg_in/reg_out_reg[7]
  -------------------------------------------------------------------
                         required time                         -1.507    
                         arrival time                           1.515    
  -------------------------------------------------------------------
                         slack                                  0.008    





Pulse Width Checks
--------------------------------------------------------------------------------------
Clock Name:         vclock
Waveform(ns):       { 0.000 2.429 }
Period(ns):         4.858
Sources:            { clk }

Check Type        Corner  Lib Pin   Reference Pin  Required(ns)  Actual(ns)  Slack(ns)  Location        Pin
Min Period        n/a     BUFGCE/I  n/a            1.290         4.858       3.568      BUFGCE_X1Y194   clk_IBUF_BUFG_inst/I
Low Pulse Width   Slow    FDRE/C    n/a            0.275         2.429       2.154      SLICE_X127Y500  genblk1[106].reg_in/reg_out_reg[1]/C
High Pulse Width  Fast    FDRE/C    n/a            0.275         2.429       2.154      SLICE_X132Y499  demux/sel_reg[6]/C



