Copyright 1986-2020 Xilinx, Inc. All Rights Reserved.
-------------------------------------------------------------------------------------------
| Tool Version      : Vivado v.2020.1 (lin64) Build 2902540 Wed May 27 19:54:35 MDT 2020
| Date              : Wed Mar 16 06:44:06 2022
| Host              : lepus running 64-bit CentOS Linux release 7.9.2009 (Core)
| Command           : report_timing_summary -file ./output/fc3_3/report/timing-summary.rpt
| Design            : top
| Device            : xcvu9p-flga2104
| Speed File        : -2L  PRODUCTION 1.27 02-28-2020
| Temperature Grade : E
-------------------------------------------------------------------------------------------

Timing Summary Report

------------------------------------------------------------------------------------------------
| Timer Settings
| --------------
------------------------------------------------------------------------------------------------

  Enable Multi Corner Analysis               :  Yes
  Enable Pessimism Removal                   :  Yes
  Pessimism Removal Resolution               :  Nearest Common Node
  Enable Input Delay Default Clock           :  No
  Enable Preset / Clear Arcs                 :  No
  Disable Flight Delays                      :  No
  Ignore I/O Paths                           :  No
  Timing Early Launch at Borrowing Latches   :  No
  Borrow Time for Max Delay Exceptions       :  Yes
  Merge Timing Exceptions                    :  Yes

  Corner  Analyze    Analyze    
  Name    Max Paths  Min Paths  
  ------  ---------  ---------  
  Slow    Yes        Yes        
  Fast    Yes        Yes        



check_timing report

Table of Contents
-----------------
1. checking no_clock (0)
2. checking constant_clock (0)
3. checking pulse_width_clock (0)
4. checking unconstrained_internal_endpoints (0)
5. checking no_input_delay (10)
6. checking no_output_delay (21)
7. checking multiple_clock (0)
8. checking generated_clocks (0)
9. checking loops (0)
10. checking partial_input_delay (0)
11. checking partial_output_delay (0)
12. checking latch_loops (0)

1. checking no_clock (0)
------------------------
 There are 0 register/latch pins with no clock.


2. checking constant_clock (0)
------------------------------
 There are 0 register/latch pins with constant_clock.


3. checking pulse_width_clock (0)
---------------------------------
 There are 0 register/latch pins which need pulse_width check


4. checking unconstrained_internal_endpoints (0)
------------------------------------------------
 There are 0 pins that are not constrained for maximum delay.

 There are 0 pins that are not constrained for maximum delay due to constant clock.


5. checking no_input_delay (10)
-------------------------------
 There are 10 input ports with no input delay specified. (HIGH)

 There are 0 input ports with no input delay but user has a false path constraint.


6. checking no_output_delay (21)
--------------------------------
 There are 21 ports with no output delay specified. (HIGH)

 There are 0 ports with no output delay but user has a false path constraint

 There are 0 ports with no output delay but with a timing clock defined on it or propagating through it


7. checking multiple_clock (0)
------------------------------
 There are 0 register/latch pins with multiple clocks.


8. checking generated_clocks (0)
--------------------------------
 There are 0 generated clocks that are not connected to a clock source.


9. checking loops (0)
---------------------
 There are 0 combinational loops in the design.


10. checking partial_input_delay (0)
------------------------------------
 There are 0 input ports with partial input delay specified.


11. checking partial_output_delay (0)
-------------------------------------
 There are 0 ports with partial output delay specified.


12. checking latch_loops (0)
----------------------------
 There are 0 combinational latch loops in the design through latch input



------------------------------------------------------------------------------------------------
| Design Timing Summary
| ---------------------
------------------------------------------------------------------------------------------------

    WNS(ns)      TNS(ns)  TNS Failing Endpoints  TNS Total Endpoints      WHS(ns)      THS(ns)  THS Failing Endpoints  THS Total Endpoints     WPWS(ns)     TPWS(ns)  TPWS Failing Endpoints  TPWS Total Endpoints  
    -------      -------  ---------------------  -------------------      -------      -------  ---------------------  -------------------     --------     --------  ----------------------  --------------------  
      0.119        0.000                      0                  924        0.019        0.000                      0                  924        1.725        0.000                       0                   925  


All user specified timing constraints are met.


------------------------------------------------------------------------------------------------
| Clock Summary
| -------------
------------------------------------------------------------------------------------------------

Clock          Waveform(ns)         Period(ns)      Frequency(MHz)
-----          ------------         ----------      --------------
virtual_clock  {0.000 2.000}        4.000           250.000         


------------------------------------------------------------------------------------------------
| Intra Clock Table
| -----------------
------------------------------------------------------------------------------------------------

Clock              WNS(ns)      TNS(ns)  TNS Failing Endpoints  TNS Total Endpoints      WHS(ns)      THS(ns)  THS Failing Endpoints  THS Total Endpoints     WPWS(ns)     TPWS(ns)  TPWS Failing Endpoints  TPWS Total Endpoints  
-----              -------      -------  ---------------------  -------------------      -------      -------  ---------------------  -------------------     --------     --------  ----------------------  --------------------  
virtual_clock        0.119        0.000                      0                  924        0.019        0.000                      0                  924        1.725        0.000                       0                   925  


------------------------------------------------------------------------------------------------
| Inter Clock Table
| -----------------
------------------------------------------------------------------------------------------------

From Clock    To Clock          WNS(ns)      TNS(ns)  TNS Failing Endpoints  TNS Total Endpoints      WHS(ns)      THS(ns)  THS Failing Endpoints  THS Total Endpoints  
----------    --------          -------      -------  ---------------------  -------------------      -------      -------  ---------------------  -------------------  


------------------------------------------------------------------------------------------------
| Other Path Groups Table
| -----------------------
------------------------------------------------------------------------------------------------

Path Group    From Clock    To Clock          WNS(ns)      TNS(ns)  TNS Failing Endpoints  TNS Total Endpoints      WHS(ns)      THS(ns)  THS Failing Endpoints  THS Total Endpoints  
----------    ----------    --------          -------      -------  ---------------------  -------------------      -------      -------  ---------------------  -------------------  


------------------------------------------------------------------------------------------------
| Timing Details
| --------------
------------------------------------------------------------------------------------------------


---------------------------------------------------------------------------------------------------
From Clock:  virtual_clock
  To Clock:  virtual_clock

Setup :            0  Failing Endpoints,  Worst Slack        0.119ns,  Total Violation        0.000ns
Hold  :            0  Failing Endpoints,  Worst Slack        0.019ns,  Total Violation        0.000ns
PW    :            0  Failing Endpoints,  Worst Slack        1.725ns,  Total Violation        0.000ns
---------------------------------------------------------------------------------------------------


Max Delay Paths
--------------------------------------------------------------------------------------
Slack (MET) :             0.119ns  (required time - arrival time)
  Source:                 genblk1[45].reg_in/reg_out_reg[0]/C
                            (rising edge-triggered cell FDRE clocked by virtual_clock  {rise@0.000ns fall@2.000ns period=4.000ns})
  Destination:            reg_out/reg_out_reg[21]/D
                            (rising edge-triggered cell FDRE clocked by virtual_clock  {rise@0.000ns fall@2.000ns period=4.000ns})
  Path Group:             virtual_clock
  Path Type:              Setup (Max at Slow Process Corner)
  Requirement:            4.000ns  (virtual_clock rise@4.000ns - virtual_clock rise@0.000ns)
  Data Path Delay:        3.805ns  (logic 2.003ns (52.641%)  route 1.802ns (47.359%))
  Logic Levels:           15  (CARRY8=9 LUT2=4 LUT3=2)
  Clock Path Skew:        -0.066ns (DCD - SCD + CPR)
    Destination Clock Delay (DCD):    1.328ns = ( 5.328 - 4.000 ) 
    Source Clock Delay      (SCD):    1.702ns
    Clock Pessimism Removal (CPR):    0.308ns
  Clock Uncertainty:      0.035ns  ((TSJ^2 + TIJ^2)^1/2 + DJ) / 2 + PE
    Total System Jitter     (TSJ):    0.071ns
    Total Input Jitter      (TIJ):    0.000ns
    Discrete Jitter          (DJ):    0.000ns
    Phase Error              (PE):    0.000ns
  Clock Net Delay (Source):      0.741ns (routing 0.001ns, distribution 0.740ns)
  Clock Net Delay (Destination): 0.658ns (routing 0.001ns, distribution 0.657ns)

    Location             Delay type                Incr(ns)  Path(ns)    Netlist Resource(s)
  -------------------------------------------------------------------    -------------------
                         (clock virtual_clock rise edge)
                                                      0.000     0.000 r  
    AR14                                              0.000     0.000 r  clk (IN)
                         net (fo=0)                   0.000     0.000    clk_IBUF_inst/I
    AR14                 INBUF (Prop_INBUF_HPIOB_M_PAD_O)
                                                      0.610     0.610 r  clk_IBUF_inst/INBUF_INST/O
                         net (fo=1, routed)           0.000     0.610    clk_IBUF_inst/OUT
    AR14                 IBUFCTRL (Prop_IBUFCTRL_HPIOB_M_I_O)
                                                      0.000     0.610 r  clk_IBUF_inst/IBUFCTRL_INST/O
                         net (fo=1, routed)           0.323     0.933    clk_IBUF
    BUFGCE_X1Y194        BUFGCE (Prop_BUFCE_BUFGCE_I_O)
                                                      0.028     0.961 r  clk_IBUF_BUFG_inst/O
    X4Y8 (CLOCK_ROOT)    net (fo=924, routed)         0.741     1.702    genblk1[45].reg_in/CLK
    SLICE_X112Y516       FDRE                                         r  genblk1[45].reg_in/reg_out_reg[0]/C
  -------------------------------------------------------------------    -------------------
    SLICE_X112Y516       FDRE (Prop_BFF2_SLICEL_C_Q)
                                                      0.080     1.782 r  genblk1[45].reg_in/reg_out_reg[0]/Q
                         net (fo=8, routed)           0.161     1.943    conv/mul28/i___0_i_1_0[0]
    SLICE_X112Y516       LUT3 (Prop_C6LUT_SLICEL_I1_O)
                                                      0.123     2.066 r  conv/mul28/i___0_i_6/O
                         net (fo=1, routed)           0.191     2.257    conv/mul28/i___0_i_6_n_0
    SLICE_X112Y517       CARRY8 (Prop_CARRY8_SLICEL_DI[3]_O[5])
                                                      0.177     2.434 r  conv/mul28/i___0_i_1/O[5]
                         net (fo=2, routed)           0.227     2.661    genblk1[46].reg_in/reg_out_reg[21]_i_199[5]
    SLICE_X114Y517       LUT3 (Prop_H6LUT_SLICEL_I0_O)
                                                      0.090     2.751 r  genblk1[46].reg_in/reg_out[1]_i_337/O
                         net (fo=1, routed)           0.010     2.761    conv/add000054/reg_out_reg[1]_i_67_1[5]
    SLICE_X114Y517       CARRY8 (Prop_CARRY8_SLICEL_S[7]_CO[7])
                                                      0.115     2.876 r  conv/add000054/reg_out_reg[1]_i_188/CO[7]
                         net (fo=1, routed)           0.026     2.902    conv/add000054/reg_out_reg[1]_i_188_n_0
    SLICE_X114Y518       CARRY8 (Prop_CARRY8_SLICEL_CI_O[0])
                                                      0.056     2.958 r  conv/add000054/reg_out_reg[21]_i_199/O[0]
                         net (fo=2, routed)           0.146     3.104    conv/add000054/reg_out_reg[21]_i_199_n_15
    SLICE_X113Y518       LUT2 (Prop_A6LUT_SLICEM_I0_O)
                                                      0.150     3.254 r  conv/add000054/reg_out[21]_i_206/O
                         net (fo=1, routed)           0.013     3.267    conv/add000054/reg_out[21]_i_206_n_0
    SLICE_X113Y518       CARRY8 (Prop_CARRY8_SLICEM_S[0]_O[0])
                                                      0.065     3.332 r  conv/add000054/reg_out_reg[21]_i_157/O[0]
                         net (fo=1, routed)           0.229     3.561    conv/add000054/reg_out_reg[21]_i_157_n_15
    SLICE_X114Y521       LUT2 (Prop_B6LUT_SLICEL_I1_O)
                                                      0.124     3.685 r  conv/add000054/reg_out[21]_i_105/O
                         net (fo=1, routed)           0.009     3.694    conv/add000054/reg_out[21]_i_105_n_0
    SLICE_X114Y521       CARRY8 (Prop_CARRY8_SLICEL_S[1]_O[5])
                                                      0.233     3.927 r  conv/add000054/reg_out_reg[21]_i_73/O[5]
                         net (fo=1, routed)           0.221     4.148    conv/add000054/reg_out_reg[21]_i_73_n_10
    SLICE_X115Y521       LUT2 (Prop_F6LUT_SLICEL_I1_O)
                                                      0.123     4.271 r  conv/add000054/reg_out[21]_i_45/O
                         net (fo=1, routed)           0.011     4.282    conv/add000054/reg_out[21]_i_45_n_0
    SLICE_X115Y521       CARRY8 (Prop_CARRY8_SLICEL_S[5]_CO[7])
                                                      0.155     4.437 r  conv/add000054/reg_out_reg[21]_i_25/CO[7]
                         net (fo=1, routed)           0.026     4.463    conv/add000054/reg_out_reg[21]_i_25_n_0
    SLICE_X115Y522       CARRY8 (Prop_CARRY8_SLICEL_CI_O[0])
                                                      0.056     4.519 r  conv/add000054/reg_out_reg[21]_i_24/O[0]
                         net (fo=1, routed)           0.194     4.713    conv/add000054/reg_out_reg[21]_i_24_n_15
    SLICE_X116Y522       LUT2 (Prop_B6LUT_SLICEM_I1_O)
                                                      0.149     4.862 r  conv/add000054/reg_out[21]_i_10/O
                         net (fo=1, routed)           0.016     4.878    conv/add000054/reg_out[21]_i_10_n_0
    SLICE_X116Y522       CARRY8 (Prop_CARRY8_SLICEM_S[1]_CO[4])
                                                      0.213     5.091 r  conv/add000054/reg_out_reg[21]_i_2/CO[4]
                         net (fo=2, routed)           0.296     5.387    conv/add000054/reg_out_reg[21]_i_2_n_3
    SLICE_X116Y517       CARRY8 (Prop_CARRY8_SLICEM_DI[2]_O[3])
                                                      0.094     5.481 r  conv/add000054/reg_out_reg[21]_i_1/O[3]
                         net (fo=1, routed)           0.026     5.507    reg_out/D[20]
    SLICE_X116Y517       FDRE                                         r  reg_out/reg_out_reg[21]/D
  -------------------------------------------------------------------    -------------------

                         (clock virtual_clock rise edge)
                                                      4.000     4.000 r  
    AR14                                              0.000     4.000 r  clk (IN)
                         net (fo=0)                   0.000     4.000    clk_IBUF_inst/I
    AR14                 INBUF (Prop_INBUF_HPIOB_M_PAD_O)
                                                      0.359     4.359 r  clk_IBUF_inst/INBUF_INST/O
                         net (fo=1, routed)           0.000     4.359    clk_IBUF_inst/OUT
    AR14                 IBUFCTRL (Prop_IBUFCTRL_HPIOB_M_I_O)
                                                      0.000     4.359 r  clk_IBUF_inst/IBUFCTRL_INST/O
                         net (fo=1, routed)           0.287     4.646    clk_IBUF
    BUFGCE_X1Y194        BUFGCE (Prop_BUFCE_BUFGCE_I_O)
                                                      0.024     4.670 r  clk_IBUF_BUFG_inst/O
    X4Y8 (CLOCK_ROOT)    net (fo=924, routed)         0.658     5.328    reg_out/CLK
    SLICE_X116Y517       FDRE                                         r  reg_out/reg_out_reg[21]/C
                         clock pessimism              0.308     5.637    
                         clock uncertainty           -0.035     5.601    
    SLICE_X116Y517       FDRE (Setup_DFF_SLICEM_C_D)
                                                      0.025     5.626    reg_out/reg_out_reg[21]
  -------------------------------------------------------------------
                         required time                          5.626    
                         arrival time                          -5.507    
  -------------------------------------------------------------------
                         slack                                  0.119    





Min Delay Paths
--------------------------------------------------------------------------------------
Slack (MET) :             0.019ns  (arrival time - required time)
  Source:                 demux/genblk1[42].z_reg[42][3]/C
                            (rising edge-triggered cell FDRE clocked by virtual_clock  {rise@0.000ns fall@2.000ns period=4.000ns})
  Destination:            genblk1[42].reg_in/reg_out_reg[3]/D
                            (rising edge-triggered cell FDRE clocked by virtual_clock  {rise@0.000ns fall@2.000ns period=4.000ns})
  Path Group:             virtual_clock
  Path Type:              Hold (Min at Fast Process Corner)
  Requirement:            0.000ns  (virtual_clock rise@0.000ns - virtual_clock rise@0.000ns)
  Data Path Delay:        0.072ns  (logic 0.039ns (54.167%)  route 0.033ns (45.833%))
  Logic Levels:           0  
  Clock Path Skew:        0.006ns (DCD - SCD - CPR)
    Destination Clock Delay (DCD):    1.109ns
    Source Clock Delay      (SCD):    0.827ns
    Clock Pessimism Removal (CPR):    0.276ns
  Clock Net Delay (Source):      0.422ns (routing 0.000ns, distribution 0.422ns)
  Clock Net Delay (Destination): 0.479ns (routing 0.001ns, distribution 0.478ns)

    Location             Delay type                Incr(ns)  Path(ns)    Netlist Resource(s)
  -------------------------------------------------------------------    -------------------
                         (clock virtual_clock rise edge)
                                                      0.000     0.000 r  
    AR14                                              0.000     0.000 r  clk (IN)
                         net (fo=0)                   0.000     0.000    clk_IBUF_inst/I
    AR14                 INBUF (Prop_INBUF_HPIOB_M_PAD_O)
                                                      0.244     0.244 r  clk_IBUF_inst/INBUF_INST/O
                         net (fo=1, routed)           0.000     0.244    clk_IBUF_inst/OUT
    AR14                 IBUFCTRL (Prop_IBUFCTRL_HPIOB_M_I_O)
                                                      0.000     0.244 r  clk_IBUF_inst/IBUFCTRL_INST/O
                         net (fo=1, routed)           0.144     0.388    clk_IBUF
    BUFGCE_X1Y194        BUFGCE (Prop_BUFCE_BUFGCE_I_O)
                                                      0.017     0.405 r  clk_IBUF_BUFG_inst/O
    X4Y8 (CLOCK_ROOT)    net (fo=924, routed)         0.422     0.827    demux/CLK
    SLICE_X112Y523       FDRE                                         r  demux/genblk1[42].z_reg[42][3]/C
  -------------------------------------------------------------------    -------------------
    SLICE_X112Y523       FDRE (Prop_AFF_SLICEL_C_Q)
                                                      0.039     0.866 r  demux/genblk1[42].z_reg[42][3]/Q
                         net (fo=1, routed)           0.033     0.899    genblk1[42].reg_in/D[3]
    SLICE_X112Y523       FDRE                                         r  genblk1[42].reg_in/reg_out_reg[3]/D
  -------------------------------------------------------------------    -------------------

                         (clock virtual_clock rise edge)
                                                      0.000     0.000 r  
    AR14                                              0.000     0.000 r  clk (IN)
                         net (fo=0)                   0.000     0.000    clk_IBUF_inst/I
    AR14                 INBUF (Prop_INBUF_HPIOB_M_PAD_O)
                                                      0.430     0.430 r  clk_IBUF_inst/INBUF_INST/O
                         net (fo=1, routed)           0.000     0.430    clk_IBUF_inst/OUT
    AR14                 IBUFCTRL (Prop_IBUFCTRL_HPIOB_M_I_O)
                                                      0.000     0.430 r  clk_IBUF_inst/IBUFCTRL_INST/O
                         net (fo=1, routed)           0.181     0.611    clk_IBUF
    BUFGCE_X1Y194        BUFGCE (Prop_BUFCE_BUFGCE_I_O)
                                                      0.019     0.630 r  clk_IBUF_BUFG_inst/O
    X4Y8 (CLOCK_ROOT)    net (fo=924, routed)         0.479     1.109    genblk1[42].reg_in/CLK
    SLICE_X112Y523       FDRE                                         r  genblk1[42].reg_in/reg_out_reg[3]/C
                         clock pessimism             -0.276     0.833    
    SLICE_X112Y523       FDRE (Hold_CFF2_SLICEL_C_D)
                                                      0.047     0.880    genblk1[42].reg_in/reg_out_reg[3]
  -------------------------------------------------------------------
                         required time                         -0.880    
                         arrival time                           0.899    
  -------------------------------------------------------------------
                         slack                                  0.019    





Pulse Width Checks
--------------------------------------------------------------------------------------
Clock Name:         virtual_clock
Waveform(ns):       { 0.000 2.000 }
Period(ns):         4.000
Sources:            { clk }

Check Type        Corner  Lib Pin   Reference Pin  Required(ns)  Actual(ns)  Slack(ns)  Location        Pin
Min Period        n/a     BUFGCE/I  n/a            1.290         4.000       2.710      BUFGCE_X1Y194   clk_IBUF_BUFG_inst/I
Low Pulse Width   Slow    FDRE/C    n/a            0.275         2.000       1.725      SLICE_X114Y516  demux/genblk1[46].z_reg[46][0]/C
High Pulse Width  Fast    FDRE/C    n/a            0.275         2.000       1.725      SLICE_X113Y516  demux/genblk1[46].z_reg[46][5]/C



