Copyright 1986-2020 Xilinx, Inc. All Rights Reserved.
-------------------------------------------------------------------------------------------------------
| Tool Version      : Vivado v.2020.1 (lin64) Build 2902540 Wed May 27 19:54:35 MDT 2020
| Date              : Tue Mar 15 04:06:27 2022
| Host              : lepus running 64-bit CentOS Linux release 7.9.2009 (Core)
| Command           : report_timing_summary -file ./output/fc1_65/report/timing-summary-post-place.rpt
| Design            : top
| Device            : xcvu9p-flga2104
| Speed File        : -2L  PRODUCTION 1.27 02-28-2020
| Temperature Grade : E
-------------------------------------------------------------------------------------------------------

Timing Summary Report

------------------------------------------------------------------------------------------------
| Timer Settings
| --------------
------------------------------------------------------------------------------------------------

  Enable Multi Corner Analysis               :  Yes
  Enable Pessimism Removal                   :  Yes
  Pessimism Removal Resolution               :  Nearest Common Node
  Enable Input Delay Default Clock           :  No
  Enable Preset / Clear Arcs                 :  No
  Disable Flight Delays                      :  No
  Ignore I/O Paths                           :  No
  Timing Early Launch at Borrowing Latches   :  No
  Borrow Time for Max Delay Exceptions       :  Yes
  Merge Timing Exceptions                    :  Yes

  Corner  Analyze    Analyze    
  Name    Max Paths  Min Paths  
  ------  ---------  ---------  
  Slow    Yes        Yes        
  Fast    Yes        Yes        



check_timing report

Table of Contents
-----------------
1. checking no_clock (0)
2. checking constant_clock (0)
3. checking pulse_width_clock (0)
4. checking unconstrained_internal_endpoints (0)
5. checking no_input_delay (10)
6. checking no_output_delay (23)
7. checking multiple_clock (0)
8. checking generated_clocks (0)
9. checking loops (0)
10. checking partial_input_delay (0)
11. checking partial_output_delay (0)
12. checking latch_loops (0)

1. checking no_clock (0)
------------------------
 There are 0 register/latch pins with no clock.


2. checking constant_clock (0)
------------------------------
 There are 0 register/latch pins with constant_clock.


3. checking pulse_width_clock (0)
---------------------------------
 There are 0 register/latch pins which need pulse_width check


4. checking unconstrained_internal_endpoints (0)
------------------------------------------------
 There are 0 pins that are not constrained for maximum delay.

 There are 0 pins that are not constrained for maximum delay due to constant clock.


5. checking no_input_delay (10)
-------------------------------
 There are 10 input ports with no input delay specified. (HIGH)

 There are 0 input ports with no input delay but user has a false path constraint.


6. checking no_output_delay (23)
--------------------------------
 There are 23 ports with no output delay specified. (HIGH)

 There are 0 ports with no output delay but user has a false path constraint

 There are 0 ports with no output delay but with a timing clock defined on it or propagating through it


7. checking multiple_clock (0)
------------------------------
 There are 0 register/latch pins with multiple clocks.


8. checking generated_clocks (0)
--------------------------------
 There are 0 generated clocks that are not connected to a clock source.


9. checking loops (0)
---------------------
 There are 0 combinational loops in the design.


10. checking partial_input_delay (0)
------------------------------------
 There are 0 input ports with partial input delay specified.


11. checking partial_output_delay (0)
-------------------------------------
 There are 0 ports with partial output delay specified.


12. checking latch_loops (0)
----------------------------
 There are 0 combinational latch loops in the design through latch input



------------------------------------------------------------------------------------------------
| Design Timing Summary
| ---------------------
------------------------------------------------------------------------------------------------

    WNS(ns)      TNS(ns)  TNS Failing Endpoints  TNS Total Endpoints      WHS(ns)      THS(ns)  THS Failing Endpoints  THS Total Endpoints     WPWS(ns)     TPWS(ns)  TPWS Failing Endpoints  TPWS Total Endpoints  
    -------      -------  ---------------------  -------------------      -------      -------  ---------------------  -------------------     --------     --------  ----------------------  --------------------  
     -0.866       -8.045                     16                 2000       -0.076       -0.642                     34                 2000        1.725        0.000                       0                  2001  


Timing constraints are not met.


------------------------------------------------------------------------------------------------
| Clock Summary
| -------------
------------------------------------------------------------------------------------------------

Clock          Waveform(ns)         Period(ns)      Frequency(MHz)
-----          ------------         ----------      --------------
virtual_clock  {0.000 2.000}        4.000           250.000         


------------------------------------------------------------------------------------------------
| Intra Clock Table
| -----------------
------------------------------------------------------------------------------------------------

Clock              WNS(ns)      TNS(ns)  TNS Failing Endpoints  TNS Total Endpoints      WHS(ns)      THS(ns)  THS Failing Endpoints  THS Total Endpoints     WPWS(ns)     TPWS(ns)  TPWS Failing Endpoints  TPWS Total Endpoints  
-----              -------      -------  ---------------------  -------------------      -------      -------  ---------------------  -------------------     --------     --------  ----------------------  --------------------  
virtual_clock       -0.866       -8.045                     16                 2000       -0.076       -0.642                     34                 2000        1.725        0.000                       0                  2001  


------------------------------------------------------------------------------------------------
| Inter Clock Table
| -----------------
------------------------------------------------------------------------------------------------

From Clock    To Clock          WNS(ns)      TNS(ns)  TNS Failing Endpoints  TNS Total Endpoints      WHS(ns)      THS(ns)  THS Failing Endpoints  THS Total Endpoints  
----------    --------          -------      -------  ---------------------  -------------------      -------      -------  ---------------------  -------------------  


------------------------------------------------------------------------------------------------
| Other Path Groups Table
| -----------------------
------------------------------------------------------------------------------------------------

Path Group    From Clock    To Clock          WNS(ns)      TNS(ns)  TNS Failing Endpoints  TNS Total Endpoints      WHS(ns)      THS(ns)  THS Failing Endpoints  THS Total Endpoints  
----------    ----------    --------          -------      -------  ---------------------  -------------------      -------      -------  ---------------------  -------------------  


------------------------------------------------------------------------------------------------
| Timing Details
| --------------
------------------------------------------------------------------------------------------------


---------------------------------------------------------------------------------------------------
From Clock:  virtual_clock
  To Clock:  virtual_clock

Setup :           16  Failing Endpoints,  Worst Slack       -0.866ns,  Total Violation       -8.045ns
Hold  :           34  Failing Endpoints,  Worst Slack       -0.076ns,  Total Violation       -0.642ns
PW    :            0  Failing Endpoints,  Worst Slack        1.725ns,  Total Violation        0.000ns
---------------------------------------------------------------------------------------------------


Max Delay Paths
--------------------------------------------------------------------------------------
Slack (VIOLATED) :        -0.866ns  (required time - arrival time)
  Source:                 demux/sel_reg[1]/C
                            (rising edge-triggered cell FDRE clocked by virtual_clock  {rise@0.000ns fall@2.000ns period=4.000ns})
  Destination:            demux/sel_reg[0]/D
                            (rising edge-triggered cell FDRE clocked by virtual_clock  {rise@0.000ns fall@2.000ns period=4.000ns})
  Path Group:             virtual_clock
  Path Type:              Setup (Max at Slow Process Corner)
  Requirement:            4.000ns  (virtual_clock rise@4.000ns - virtual_clock rise@0.000ns)
  Data Path Delay:        4.806ns  (logic 1.850ns (38.494%)  route 2.956ns (61.506%))
  Logic Levels:           18  (CARRY8=10 LUT2=2 LUT3=2 LUT4=2 LUT5=1 LUT6=1)
  Clock Path Skew:        -0.050ns (DCD - SCD + CPR)
    Destination Clock Delay (DCD):    1.735ns = ( 5.735 - 4.000 ) 
    Source Clock Delay      (SCD):    2.203ns
    Clock Pessimism Removal (CPR):    0.419ns
  Clock Uncertainty:      0.035ns  ((TSJ^2 + TIJ^2)^1/2 + DJ) / 2 + PE
    Total System Jitter     (TSJ):    0.071ns
    Total Input Jitter      (TIJ):    0.000ns
    Discrete Jitter          (DJ):    0.000ns
    Phase Error              (PE):    0.000ns
  Clock Net Delay (Source):      1.257ns (routing 0.210ns, distribution 1.047ns)
  Clock Net Delay (Destination): 1.079ns (routing 0.190ns, distribution 0.889ns)

    Location             Delay type                Incr(ns)  Path(ns)    Netlist Resource(s)
  -------------------------------------------------------------------    -------------------
                         (clock virtual_clock rise edge)
                                                      0.000     0.000 r  
    AP13                                              0.000     0.000 r  clk (IN)
                         net (fo=0)                   0.000     0.000    clk_IBUF_inst/I
    AP13                 INBUF (Prop_INBUF_HPIOB_M_PAD_O)
                                                      0.595     0.595 r  clk_IBUF_inst/INBUF_INST/O
                         net (fo=1, routed)           0.000     0.595    clk_IBUF_inst/OUT
    AP13                 IBUFCTRL (Prop_IBUFCTRL_HPIOB_M_I_O)
                                                      0.000     0.595 r  clk_IBUF_inst/IBUFCTRL_INST/O
                         net (fo=1, estimated)        0.323     0.918    clk_IBUF
    BUFGCE_X1Y194        BUFGCE (Prop_BUFCE_BUFGCE_I_O)
                                                      0.028     0.946 r  clk_IBUF_BUFG_inst/O
    X4Y8 (CLOCK_ROOT)    net (fo=2000, estimated)     1.257     2.203    demux/CLK
    SLICE_X134Y469       FDRE                                         r  demux/sel_reg[1]/C
  -------------------------------------------------------------------    -------------------
    SLICE_X134Y469       FDRE (Prop_AFF_SLICEL_C_Q)
                                                      0.079     2.282 r  demux/sel_reg[1]/Q
                         net (fo=121, estimated)      0.272     2.554    demux/sel[1]
    SLICE_X133Y469       CARRY8 (Prop_CARRY8_SLICEM_S[0]_O[5])
                                                      0.240     2.794 f  demux/sel_reg[8]_i_6/O[5]
                         net (fo=41, estimated)       0.262     3.056    demux/sel_reg[0]_0[5]
    SLICE_X131Y467       LUT3 (Prop_F5LUT_SLICEM_I0_O)
                                                      0.105     3.161 f  demux/sel[8]_i_226/O
                         net (fo=1, estimated)        0.192     3.353    demux/sel[8]_i_226_n_0
    SLICE_X131Y464       CARRY8 (Prop_CARRY8_SLICEM_DI[3]_CO[7])
                                                      0.106     3.459 f  demux/sel_reg[8]_i_196/CO[7]
                         net (fo=1, estimated)        0.026     3.485    demux/sel_reg[8]_i_196_n_0
    SLICE_X131Y465       CARRY8 (Prop_CARRY8_SLICEM_CI_CO[5])
                                                      0.077     3.562 f  demux/sel_reg[8]_i_171/CO[5]
                         net (fo=41, estimated)       0.301     3.863    demux_n_10
    SLICE_X130Y467       LUT2 (Prop_B5LUT_SLICEL_I0_O)
                                                      0.116     3.979 r  sel[8]_i_101/O
                         net (fo=17, estimated)       0.165     4.144    sel[8]_i_101_n_0
    SLICE_X130Y465       LUT4 (Prop_C6LUT_SLICEL_I3_O)
                                                      0.050     4.194 r  sel[8]_i_147/O
                         net (fo=1, routed)           0.010     4.204    demux/sel[8]_i_73_0[1]
    SLICE_X130Y465       CARRY8 (Prop_CARRY8_SLICEL_S[2]_CO[7])
                                                      0.155     4.359 r  demux/sel_reg[8]_i_81/CO[7]
                         net (fo=1, estimated)        0.026     4.385    demux/sel_reg[8]_i_81_n_0
    SLICE_X130Y466       CARRY8 (Prop_CARRY8_SLICEL_CI_O[1])
                                                      0.076     4.461 r  demux/sel_reg[8]_i_77/O[1]
                         net (fo=2, estimated)        0.297     4.758    demux_n_89
    SLICE_X132Y466       LUT3 (Prop_E5LUT_SLICEL_I1_O)
                                                      0.101     4.859 r  sel[8]_i_32/O
                         net (fo=2, estimated)        0.162     5.021    sel[8]_i_32_n_0
    SLICE_X132Y466       LUT4 (Prop_F6LUT_SLICEL_I3_O)
                                                      0.049     5.070 r  sel[8]_i_40/O
                         net (fo=1, routed)           0.011     5.081    demux/sel[8]_i_25_0[5]
    SLICE_X132Y466       CARRY8 (Prop_CARRY8_SLICEL_S[5]_CO[7])
                                                      0.155     5.236 r  demux/sel_reg[8]_i_19/CO[7]
                         net (fo=1, estimated)        0.026     5.262    demux/sel_reg[8]_i_19_n_0
    SLICE_X132Y467       CARRY8 (Prop_CARRY8_SLICEL_CI_O[0])
                                                      0.056     5.318 r  demux/sel_reg[8]_i_22/O[0]
                         net (fo=4, estimated)        0.423     5.741    demux_n_104
    SLICE_X131Y469       CARRY8 (Prop_CARRY8_SLICEM_S[0]_O[3])
                                                      0.139     5.880 r  sel_reg[8]_i_18/O[3]
                         net (fo=1, estimated)        0.216     6.096    sel_reg[8]_i_18_n_12
    SLICE_X132Y469       LUT2 (Prop_G6LUT_SLICEL_I1_O)
                                                      0.035     6.131 r  sel[8]_i_9/O
                         net (fo=1, routed)           0.008     6.139    demux/sel_reg[5]_0[5]
    SLICE_X132Y469       CARRY8 (Prop_CARRY8_SLICEL_S[6]_CO[7])
                                                      0.115     6.254 r  demux/sel_reg[8]_i_4/CO[7]
                         net (fo=1, estimated)        0.026     6.280    demux/sel_reg[8]_i_4_n_0
    SLICE_X132Y470       CARRY8 (Prop_CARRY8_SLICEL_CI_O[0])
                                                      0.056     6.336 r  demux/sel_reg[8]_i_5/O[0]
                         net (fo=10, estimated)       0.267     6.603    demux/sel_reg[8]_i_5_n_15
    SLICE_X134Y471       LUT5 (Prop_A6LUT_SLICEL_I0_O)
                                                      0.050     6.653 r  demux/sel[3]_i_2/O
                         net (fo=4, estimated)        0.099     6.752    demux/sel[3]_i_2_n_0
    SLICE_X134Y470       LUT6 (Prop_B6LUT_SLICEL_I1_O)
                                                      0.090     6.842 r  demux/sel[0]_i_1/O
                         net (fo=1, estimated)        0.167     7.009    demux/sel20_in[0]
    SLICE_X133Y470       FDRE                                         r  demux/sel_reg[0]/D
  -------------------------------------------------------------------    -------------------

                         (clock virtual_clock rise edge)
                                                      4.000     4.000 r  
    AP13                                              0.000     4.000 r  clk (IN)
                         net (fo=0)                   0.000     4.000    clk_IBUF_inst/I
    AP13                 INBUF (Prop_INBUF_HPIOB_M_PAD_O)
                                                      0.345     4.345 r  clk_IBUF_inst/INBUF_INST/O
                         net (fo=1, routed)           0.000     4.345    clk_IBUF_inst/OUT
    AP13                 IBUFCTRL (Prop_IBUFCTRL_HPIOB_M_I_O)
                                                      0.000     4.345 r  clk_IBUF_inst/IBUFCTRL_INST/O
                         net (fo=1, estimated)        0.287     4.632    clk_IBUF
    BUFGCE_X1Y194        BUFGCE (Prop_BUFCE_BUFGCE_I_O)
                                                      0.024     4.656 r  clk_IBUF_BUFG_inst/O
    X4Y8 (CLOCK_ROOT)    net (fo=2000, estimated)     1.079     5.735    demux/CLK
    SLICE_X133Y470       FDRE                                         r  demux/sel_reg[0]/C
                         clock pessimism              0.419     6.153    
                         clock uncertainty           -0.035     6.118    
    SLICE_X133Y470       FDRE (Setup_CFF2_SLICEM_C_D)
                                                      0.025     6.143    demux/sel_reg[0]
  -------------------------------------------------------------------
                         required time                          6.143    
                         arrival time                          -7.009    
  -------------------------------------------------------------------
                         slack                                 -0.866    





Min Delay Paths
--------------------------------------------------------------------------------------
Slack (VIOLATED) :        -0.076ns  (arrival time - required time)
  Source:                 demux/genblk1[266].z_reg[266][2]/C
                            (rising edge-triggered cell FDRE clocked by virtual_clock  {rise@0.000ns fall@2.000ns period=4.000ns})
  Destination:            genblk1[266].reg_in/reg_out_reg[2]/D
                            (rising edge-triggered cell FDRE clocked by virtual_clock  {rise@0.000ns fall@2.000ns period=4.000ns})
  Path Group:             virtual_clock
  Path Type:              Hold (Min at Slow Process Corner)
  Requirement:            0.000ns  (virtual_clock rise@0.000ns - virtual_clock rise@0.000ns)
  Data Path Delay:        0.146ns  (logic 0.060ns (41.096%)  route 0.086ns (58.904%))
  Logic Levels:           0  
  Clock Path Skew:        0.161ns (DCD - SCD - CPR)
    Destination Clock Delay (DCD):    2.201ns
    Source Clock Delay      (SCD):    1.730ns
    Clock Pessimism Removal (CPR):    0.311ns
  Clock Net Delay (Source):      1.074ns (routing 0.190ns, distribution 0.884ns)
  Clock Net Delay (Destination): 1.255ns (routing 0.210ns, distribution 1.045ns)

    Location             Delay type                Incr(ns)  Path(ns)    Netlist Resource(s)
  -------------------------------------------------------------------    -------------------
                         (clock virtual_clock rise edge)
                                                      0.000     0.000 r  
    AP13                                              0.000     0.000 r  clk (IN)
                         net (fo=0)                   0.000     0.000    clk_IBUF_inst/I
    AP13                 INBUF (Prop_INBUF_HPIOB_M_PAD_O)
                                                      0.345     0.345 r  clk_IBUF_inst/INBUF_INST/O
                         net (fo=1, routed)           0.000     0.345    clk_IBUF_inst/OUT
    AP13                 IBUFCTRL (Prop_IBUFCTRL_HPIOB_M_I_O)
                                                      0.000     0.345 r  clk_IBUF_inst/IBUFCTRL_INST/O
                         net (fo=1, estimated)        0.287     0.632    clk_IBUF
    BUFGCE_X1Y194        BUFGCE (Prop_BUFCE_BUFGCE_I_O)
                                                      0.024     0.656 r  clk_IBUF_BUFG_inst/O
    X4Y8 (CLOCK_ROOT)    net (fo=2000, estimated)     1.074     1.730    demux/CLK
    SLICE_X125Y479       FDRE                                         r  demux/genblk1[266].z_reg[266][2]/C
  -------------------------------------------------------------------    -------------------
    SLICE_X125Y479       FDRE (Prop_GFF2_SLICEM_C_Q)
                                                      0.060     1.790 r  demux/genblk1[266].z_reg[266][2]/Q
                         net (fo=1, estimated)        0.086     1.876    genblk1[266].reg_in/D[2]
    SLICE_X125Y480       FDRE                                         r  genblk1[266].reg_in/reg_out_reg[2]/D
  -------------------------------------------------------------------    -------------------

                         (clock virtual_clock rise edge)
                                                      0.000     0.000 r  
    AP13                                              0.000     0.000 r  clk (IN)
                         net (fo=0)                   0.000     0.000    clk_IBUF_inst/I
    AP13                 INBUF (Prop_INBUF_HPIOB_M_PAD_O)
                                                      0.595     0.595 r  clk_IBUF_inst/INBUF_INST/O
                         net (fo=1, routed)           0.000     0.595    clk_IBUF_inst/OUT
    AP13                 IBUFCTRL (Prop_IBUFCTRL_HPIOB_M_I_O)
                                                      0.000     0.595 r  clk_IBUF_inst/IBUFCTRL_INST/O
                         net (fo=1, estimated)        0.323     0.918    clk_IBUF
    BUFGCE_X1Y194        BUFGCE (Prop_BUFCE_BUFGCE_I_O)
                                                      0.028     0.946 r  clk_IBUF_BUFG_inst/O
    X4Y8 (CLOCK_ROOT)    net (fo=2000, estimated)     1.255     2.201    genblk1[266].reg_in/CLK
    SLICE_X125Y480       FDRE                                         r  genblk1[266].reg_in/reg_out_reg[2]/C
                         clock pessimism             -0.311     1.890    
    SLICE_X125Y480       FDRE (Hold_DFF2_SLICEM_C_D)
                                                      0.061     1.951    genblk1[266].reg_in/reg_out_reg[2]
  -------------------------------------------------------------------
                         required time                         -1.951    
                         arrival time                           1.876    
  -------------------------------------------------------------------
                         slack                                 -0.076    





Pulse Width Checks
--------------------------------------------------------------------------------------
Clock Name:         virtual_clock
Waveform(ns):       { 0.000 2.000 }
Period(ns):         4.000
Sources:            { clk }

Check Type        Corner  Lib Pin   Reference Pin  Required(ns)  Actual(ns)  Slack(ns)  Location        Pin
Min Period        n/a     BUFGCE/I  n/a            1.290         4.000       2.710      BUFGCE_X1Y194   clk_IBUF_BUFG_inst/I
Low Pulse Width   Slow    FDRE/C    n/a            0.275         2.000       1.725      SLICE_X135Y490  demux/genblk1[6].z_reg[6][1]/C
High Pulse Width  Slow    FDRE/C    n/a            0.275         2.000       1.725      SLICE_X118Y491  demux/genblk1[174].z_reg[174][0]/C



