Copyright 1986-2020 Xilinx, Inc. All Rights Reserved.
--------------------------------------------------------------------------------------------
| Tool Version      : Vivado v.2020.1 (lin64) Build 2902540 Wed May 27 19:54:35 MDT 2020
| Date              : Tue Mar 15 03:02:46 2022
| Host              : lepus running 64-bit CentOS Linux release 7.9.2009 (Core)
| Command           : report_timing_summary -file ./output/fc1_59/report/timing-summary.rpt
| Design            : top
| Device            : xcvu9p-flga2104
| Speed File        : -2L  PRODUCTION 1.27 02-28-2020
| Temperature Grade : E
--------------------------------------------------------------------------------------------

Timing Summary Report

------------------------------------------------------------------------------------------------
| Timer Settings
| --------------
------------------------------------------------------------------------------------------------

  Enable Multi Corner Analysis               :  Yes
  Enable Pessimism Removal                   :  Yes
  Pessimism Removal Resolution               :  Nearest Common Node
  Enable Input Delay Default Clock           :  No
  Enable Preset / Clear Arcs                 :  No
  Disable Flight Delays                      :  No
  Ignore I/O Paths                           :  No
  Timing Early Launch at Borrowing Latches   :  No
  Borrow Time for Max Delay Exceptions       :  Yes
  Merge Timing Exceptions                    :  Yes

  Corner  Analyze    Analyze    
  Name    Max Paths  Min Paths  
  ------  ---------  ---------  
  Slow    Yes        Yes        
  Fast    Yes        Yes        



check_timing report

Table of Contents
-----------------
1. checking no_clock (0)
2. checking constant_clock (0)
3. checking pulse_width_clock (0)
4. checking unconstrained_internal_endpoints (0)
5. checking no_input_delay (10)
6. checking no_output_delay (24)
7. checking multiple_clock (0)
8. checking generated_clocks (0)
9. checking loops (0)
10. checking partial_input_delay (0)
11. checking partial_output_delay (0)
12. checking latch_loops (0)

1. checking no_clock (0)
------------------------
 There are 0 register/latch pins with no clock.


2. checking constant_clock (0)
------------------------------
 There are 0 register/latch pins with constant_clock.


3. checking pulse_width_clock (0)
---------------------------------
 There are 0 register/latch pins which need pulse_width check


4. checking unconstrained_internal_endpoints (0)
------------------------------------------------
 There are 0 pins that are not constrained for maximum delay.

 There are 0 pins that are not constrained for maximum delay due to constant clock.


5. checking no_input_delay (10)
-------------------------------
 There are 10 input ports with no input delay specified. (HIGH)

 There are 0 input ports with no input delay but user has a false path constraint.


6. checking no_output_delay (24)
--------------------------------
 There are 24 ports with no output delay specified. (HIGH)

 There are 0 ports with no output delay but user has a false path constraint

 There are 0 ports with no output delay but with a timing clock defined on it or propagating through it


7. checking multiple_clock (0)
------------------------------
 There are 0 register/latch pins with multiple clocks.


8. checking generated_clocks (0)
--------------------------------
 There are 0 generated clocks that are not connected to a clock source.


9. checking loops (0)
---------------------
 There are 0 combinational loops in the design.


10. checking partial_input_delay (0)
------------------------------------
 There are 0 input ports with partial input delay specified.


11. checking partial_output_delay (0)
-------------------------------------
 There are 0 ports with partial output delay specified.


12. checking latch_loops (0)
----------------------------
 There are 0 combinational latch loops in the design through latch input



------------------------------------------------------------------------------------------------
| Design Timing Summary
| ---------------------
------------------------------------------------------------------------------------------------

    WNS(ns)      TNS(ns)  TNS Failing Endpoints  TNS Total Endpoints      WHS(ns)      THS(ns)  THS Failing Endpoints  THS Total Endpoints     WPWS(ns)     TPWS(ns)  TPWS Failing Endpoints  TPWS Total Endpoints  
    -------      -------  ---------------------  -------------------      -------      -------  ---------------------  -------------------     --------     --------  ----------------------  --------------------  
      0.057        0.000                      0                 2225        0.009        0.000                      0                 2225        2.284        0.000                       0                  2226  


All user specified timing constraints are met.


------------------------------------------------------------------------------------------------
| Clock Summary
| -------------
------------------------------------------------------------------------------------------------

Clock   Waveform(ns)         Period(ns)      Frequency(MHz)
-----   ------------         ----------      --------------
vclock  {0.000 2.559}        5.118           195.389         


------------------------------------------------------------------------------------------------
| Intra Clock Table
| -----------------
------------------------------------------------------------------------------------------------

Clock             WNS(ns)      TNS(ns)  TNS Failing Endpoints  TNS Total Endpoints      WHS(ns)      THS(ns)  THS Failing Endpoints  THS Total Endpoints     WPWS(ns)     TPWS(ns)  TPWS Failing Endpoints  TPWS Total Endpoints  
-----             -------      -------  ---------------------  -------------------      -------      -------  ---------------------  -------------------     --------     --------  ----------------------  --------------------  
vclock              0.057        0.000                      0                 2225        0.009        0.000                      0                 2225        2.284        0.000                       0                  2226  


------------------------------------------------------------------------------------------------
| Inter Clock Table
| -----------------
------------------------------------------------------------------------------------------------

From Clock    To Clock          WNS(ns)      TNS(ns)  TNS Failing Endpoints  TNS Total Endpoints      WHS(ns)      THS(ns)  THS Failing Endpoints  THS Total Endpoints  
----------    --------          -------      -------  ---------------------  -------------------      -------      -------  ---------------------  -------------------  


------------------------------------------------------------------------------------------------
| Other Path Groups Table
| -----------------------
------------------------------------------------------------------------------------------------

Path Group    From Clock    To Clock          WNS(ns)      TNS(ns)  TNS Failing Endpoints  TNS Total Endpoints      WHS(ns)      THS(ns)  THS Failing Endpoints  THS Total Endpoints  
----------    ----------    --------          -------      -------  ---------------------  -------------------      -------      -------  ---------------------  -------------------  


------------------------------------------------------------------------------------------------
| Timing Details
| --------------
------------------------------------------------------------------------------------------------


---------------------------------------------------------------------------------------------------
From Clock:  vclock
  To Clock:  vclock

Setup :            0  Failing Endpoints,  Worst Slack        0.057ns,  Total Violation        0.000ns
Hold  :            0  Failing Endpoints,  Worst Slack        0.009ns,  Total Violation        0.000ns
PW    :            0  Failing Endpoints,  Worst Slack        2.284ns,  Total Violation        0.000ns
---------------------------------------------------------------------------------------------------


Max Delay Paths
--------------------------------------------------------------------------------------
Slack (MET) :             0.057ns  (required time - arrival time)
  Source:                 demux/sel_reg[1]/C
                            (rising edge-triggered cell FDRE clocked by vclock  {rise@0.000ns fall@2.559ns period=5.118ns})
  Destination:            demux/sel_reg[3]/D
                            (rising edge-triggered cell FDRE clocked by vclock  {rise@0.000ns fall@2.559ns period=5.118ns})
  Path Group:             vclock
  Path Type:              Setup (Max at Slow Process Corner)
  Requirement:            5.118ns  (vclock rise@5.118ns - vclock rise@0.000ns)
  Data Path Delay:        4.958ns  (logic 2.106ns (42.477%)  route 2.852ns (57.523%))
  Logic Levels:           19  (CARRY8=10 LUT2=2 LUT3=3 LUT4=3 LUT6=1)
  Clock Path Skew:        -0.092ns (DCD - SCD + CPR)
    Destination Clock Delay (DCD):    1.757ns = ( 6.875 - 5.118 ) 
    Source Clock Delay      (SCD):    2.211ns
    Clock Pessimism Removal (CPR):    0.362ns
  Clock Uncertainty:      0.035ns  ((TSJ^2 + TIJ^2)^1/2 + DJ) / 2 + PE
    Total System Jitter     (TSJ):    0.071ns
    Total Input Jitter      (TIJ):    0.000ns
    Discrete Jitter          (DJ):    0.000ns
    Phase Error              (PE):    0.000ns
  Clock Net Delay (Source):      1.250ns (routing 0.171ns, distribution 1.079ns)
  Clock Net Delay (Destination): 1.087ns (routing 0.155ns, distribution 0.932ns)

    Location             Delay type                Incr(ns)  Path(ns)    Netlist Resource(s)
  -------------------------------------------------------------------    -------------------
                         (clock vclock rise edge)     0.000     0.000 r  
    AR14                                              0.000     0.000 r  clk (IN)
                         net (fo=0)                   0.000     0.000    clk_IBUF_inst/I
    AR14                 INBUF (Prop_INBUF_HPIOB_M_PAD_O)
                                                      0.610     0.610 r  clk_IBUF_inst/INBUF_INST/O
                         net (fo=1, routed)           0.000     0.610    clk_IBUF_inst/OUT
    AR14                 IBUFCTRL (Prop_IBUFCTRL_HPIOB_M_I_O)
                                                      0.000     0.610 r  clk_IBUF_inst/IBUFCTRL_INST/O
                         net (fo=1, routed)           0.323     0.933    clk_IBUF
    BUFGCE_X1Y212        BUFGCE (Prop_BUFCE_BUFGCE_I_O)
                                                      0.028     0.961 r  clk_IBUF_BUFG_inst/O
    X4Y8 (CLOCK_ROOT)    net (fo=2225, routed)        1.250     2.211    demux/CLK
    SLICE_X123Y464       FDRE                                         r  demux/sel_reg[1]/C
  -------------------------------------------------------------------    -------------------
    SLICE_X123Y464       FDRE (Prop_HFF2_SLICEM_C_Q)
                                                      0.078     2.289 r  demux/sel_reg[1]/Q
                         net (fo=113, routed)         0.229     2.518    demux/sel[1]
    SLICE_X122Y464       CARRY8 (Prop_CARRY8_SLICEL_S[0]_O[7])
                                                      0.239     2.757 r  demux/sel_reg[8]_i_6/O[7]
                         net (fo=37, routed)          0.269     3.026    p_1_in[8]
    SLICE_X123Y458       LUT3 (Prop_E5LUT_SLICEM_I2_O)
                                                      0.139     3.165 r  sel[8]_i_219/O
                         net (fo=2, routed)           0.134     3.299    sel[8]_i_219_n_0
    SLICE_X123Y458       LUT4 (Prop_F6LUT_SLICEM_I0_O)
                                                      0.051     3.350 r  sel[8]_i_226/O
                         net (fo=1, routed)           0.022     3.372    demux/S[1]
    SLICE_X123Y458       CARRY8 (Prop_CARRY8_SLICEM_S[5]_CO[7])
                                                      0.159     3.531 f  demux/sel_reg[8]_i_191/CO[7]
                         net (fo=1, routed)           0.026     3.557    demux/sel_reg[8]_i_191_n_0
    SLICE_X123Y459       CARRY8 (Prop_CARRY8_SLICEM_CI_CO[5])
                                                      0.077     3.634 f  demux/sel_reg[8]_i_167/CO[5]
                         net (fo=36, routed)          0.289     3.923    demux_n_10
    SLICE_X122Y461       LUT3 (Prop_G5LUT_SLICEL_I1_O)
                                                      0.135     4.058 r  sel[8]_i_135/O
                         net (fo=2, routed)           0.180     4.238    sel[8]_i_135_n_0
    SLICE_X122Y461       LUT4 (Prop_H6LUT_SLICEL_I3_O)
                                                      0.051     4.289 r  sel[8]_i_142/O
                         net (fo=1, routed)           0.010     4.299    demux/sel[8]_i_64_0[6]
    SLICE_X122Y461       CARRY8 (Prop_CARRY8_SLICEL_S[7]_CO[7])
                                                      0.115     4.414 r  demux/sel_reg[8]_i_81/CO[7]
                         net (fo=1, routed)           0.026     4.440    demux/sel_reg[8]_i_81_n_0
    SLICE_X122Y462       CARRY8 (Prop_CARRY8_SLICEL_CI_O[1])
                                                      0.076     4.516 r  demux/sel_reg[8]_i_77/O[1]
                         net (fo=2, routed)           0.338     4.854    demux_n_98
    SLICE_X121Y462       LUT3 (Prop_E5LUT_SLICEM_I2_O)
                                                      0.164     5.018 r  sel[8]_i_32/O
                         net (fo=2, routed)           0.129     5.147    sel[8]_i_32_n_0
    SLICE_X121Y462       LUT4 (Prop_F6LUT_SLICEM_I3_O)
                                                      0.051     5.198 r  sel[8]_i_40/O
                         net (fo=1, routed)           0.022     5.220    demux/sel[8]_i_28_0[5]
    SLICE_X121Y462       CARRY8 (Prop_CARRY8_SLICEM_S[5]_CO[7])
                                                      0.159     5.379 r  demux/sel_reg[8]_i_20/CO[7]
                         net (fo=1, routed)           0.026     5.405    demux/sel_reg[8]_i_20_n_0
    SLICE_X121Y463       CARRY8 (Prop_CARRY8_SLICEM_CI_O[0])
                                                      0.056     5.461 r  demux/sel_reg[8]_i_22/O[0]
                         net (fo=3, routed)           0.351     5.812    demux/O[0]
    SLICE_X120Y464       CARRY8 (Prop_CARRY8_SLICEL_S[0]_O[4])
                                                      0.204     6.016 r  demux/sel_reg[8]_i_19/O[4]
                         net (fo=1, routed)           0.252     6.268    demux_n_106
    SLICE_X121Y464       LUT2 (Prop_H6LUT_SLICEM_I1_O)
                                                      0.039     6.307 r  sel[8]_i_10/O
                         net (fo=1, routed)           0.015     6.322    demux/sel_reg[6]_0[6]
    SLICE_X121Y464       CARRY8 (Prop_CARRY8_SLICEM_S[7]_CO[7])
                                                      0.117     6.439 r  demux/sel_reg[8]_i_4/CO[7]
                         net (fo=1, routed)           0.026     6.465    demux/sel_reg[8]_i_4_n_0
    SLICE_X121Y465       CARRY8 (Prop_CARRY8_SLICEM_CI_O[0])
                                                      0.056     6.521 f  demux/sel_reg[8]_i_3/O[0]
                         net (fo=6, routed)           0.359     6.880    demux/sel_reg[8]_i_3_n_15
    SLICE_X122Y466       LUT2 (Prop_E6LUT_SLICEL_I1_O)
                                                      0.051     6.931 r  demux/sel[4]_i_2/O
                         net (fo=4, routed)           0.101     7.032    demux/sel[4]_i_2_n_0
    SLICE_X122Y466       LUT6 (Prop_G6LUT_SLICEL_I0_O)
                                                      0.089     7.121 r  demux/sel[3]_i_1/O
                         net (fo=1, routed)           0.048     7.169    demux/sel20_in[3]
    SLICE_X122Y466       FDRE                                         r  demux/sel_reg[3]/D
  -------------------------------------------------------------------    -------------------

                         (clock vclock rise edge)     5.118     5.118 r  
    AR14                                              0.000     5.118 r  clk (IN)
                         net (fo=0)                   0.000     5.118    clk_IBUF_inst/I
    AR14                 INBUF (Prop_INBUF_HPIOB_M_PAD_O)
                                                      0.359     5.477 r  clk_IBUF_inst/INBUF_INST/O
                         net (fo=1, routed)           0.000     5.477    clk_IBUF_inst/OUT
    AR14                 IBUFCTRL (Prop_IBUFCTRL_HPIOB_M_I_O)
                                                      0.000     5.477 r  clk_IBUF_inst/IBUFCTRL_INST/O
                         net (fo=1, routed)           0.287     5.764    clk_IBUF
    BUFGCE_X1Y212        BUFGCE (Prop_BUFCE_BUFGCE_I_O)
                                                      0.024     5.788 r  clk_IBUF_BUFG_inst/O
    X4Y8 (CLOCK_ROOT)    net (fo=2225, routed)        1.087     6.875    demux/CLK
    SLICE_X122Y466       FDRE                                         r  demux/sel_reg[3]/C
                         clock pessimism              0.362     7.237    
                         clock uncertainty           -0.035     7.201    
    SLICE_X122Y466       FDRE (Setup_GFF_SLICEL_C_D)
                                                      0.025     7.226    demux/sel_reg[3]
  -------------------------------------------------------------------
                         required time                          7.226    
                         arrival time                          -7.169    
  -------------------------------------------------------------------
                         slack                                  0.057    





Min Delay Paths
--------------------------------------------------------------------------------------
Slack (MET) :             0.009ns  (arrival time - required time)
  Source:                 demux/genblk1[223].z_reg[223][1]/C
                            (rising edge-triggered cell FDRE clocked by vclock  {rise@0.000ns fall@2.559ns period=5.118ns})
  Destination:            genblk1[223].reg_in/reg_out_reg[1]/D
                            (rising edge-triggered cell FDRE clocked by vclock  {rise@0.000ns fall@2.559ns period=5.118ns})
  Path Group:             vclock
  Path Type:              Hold (Min at Slow Process Corner)
  Requirement:            0.000ns  (vclock rise@0.000ns - vclock rise@0.000ns)
  Data Path Delay:        0.185ns  (logic 0.058ns (31.351%)  route 0.127ns (68.649%))
  Logic Levels:           0  
  Clock Path Skew:        0.116ns (DCD - SCD - CPR)
    Destination Clock Delay (DCD):    2.247ns
    Source Clock Delay      (SCD):    1.771ns
    Clock Pessimism Removal (CPR):    0.360ns
  Clock Net Delay (Source):      1.101ns (routing 0.155ns, distribution 0.946ns)
  Clock Net Delay (Destination): 1.286ns (routing 0.171ns, distribution 1.115ns)

    Location             Delay type                Incr(ns)  Path(ns)    Netlist Resource(s)
  -------------------------------------------------------------------    -------------------
                         (clock vclock rise edge)     0.000     0.000 r  
    AR14                                              0.000     0.000 r  clk (IN)
                         net (fo=0)                   0.000     0.000    clk_IBUF_inst/I
    AR14                 INBUF (Prop_INBUF_HPIOB_M_PAD_O)
                                                      0.359     0.359 r  clk_IBUF_inst/INBUF_INST/O
                         net (fo=1, routed)           0.000     0.359    clk_IBUF_inst/OUT
    AR14                 IBUFCTRL (Prop_IBUFCTRL_HPIOB_M_I_O)
                                                      0.000     0.359 r  clk_IBUF_inst/IBUFCTRL_INST/O
                         net (fo=1, routed)           0.287     0.646    clk_IBUF
    BUFGCE_X1Y212        BUFGCE (Prop_BUFCE_BUFGCE_I_O)
                                                      0.024     0.670 r  clk_IBUF_BUFG_inst/O
    X4Y8 (CLOCK_ROOT)    net (fo=2225, routed)        1.101     1.771    demux/CLK
    SLICE_X130Y489       FDRE                                         r  demux/genblk1[223].z_reg[223][1]/C
  -------------------------------------------------------------------    -------------------
    SLICE_X130Y489       FDRE (Prop_CFF_SLICEL_C_Q)
                                                      0.058     1.829 r  demux/genblk1[223].z_reg[223][1]/Q
                         net (fo=1, routed)           0.127     1.956    genblk1[223].reg_in/D[1]
    SLICE_X131Y489       FDRE                                         r  genblk1[223].reg_in/reg_out_reg[1]/D
  -------------------------------------------------------------------    -------------------

                         (clock vclock rise edge)     0.000     0.000 r  
    AR14                                              0.000     0.000 r  clk (IN)
                         net (fo=0)                   0.000     0.000    clk_IBUF_inst/I
    AR14                 INBUF (Prop_INBUF_HPIOB_M_PAD_O)
                                                      0.610     0.610 r  clk_IBUF_inst/INBUF_INST/O
                         net (fo=1, routed)           0.000     0.610    clk_IBUF_inst/OUT
    AR14                 IBUFCTRL (Prop_IBUFCTRL_HPIOB_M_I_O)
                                                      0.000     0.610 r  clk_IBUF_inst/IBUFCTRL_INST/O
                         net (fo=1, routed)           0.323     0.933    clk_IBUF
    BUFGCE_X1Y212        BUFGCE (Prop_BUFCE_BUFGCE_I_O)
                                                      0.028     0.961 r  clk_IBUF_BUFG_inst/O
    X4Y8 (CLOCK_ROOT)    net (fo=2225, routed)        1.286     2.247    genblk1[223].reg_in/CLK
    SLICE_X131Y489       FDRE                                         r  genblk1[223].reg_in/reg_out_reg[1]/C
                         clock pessimism             -0.360     1.887    
    SLICE_X131Y489       FDRE (Hold_BFF_SLICEM_C_D)
                                                      0.060     1.947    genblk1[223].reg_in/reg_out_reg[1]
  -------------------------------------------------------------------
                         required time                         -1.947    
                         arrival time                           1.956    
  -------------------------------------------------------------------
                         slack                                  0.009    





Pulse Width Checks
--------------------------------------------------------------------------------------
Clock Name:         vclock
Waveform(ns):       { 0.000 2.559 }
Period(ns):         5.118
Sources:            { clk }

Check Type        Corner  Lib Pin   Reference Pin  Required(ns)  Actual(ns)  Slack(ns)  Location        Pin
Min Period        n/a     BUFGCE/I  n/a            1.290         5.118       3.828      BUFGCE_X1Y212   clk_IBUF_BUFG_inst/I
Low Pulse Width   Fast    FDRE/C    n/a            0.275         2.559       2.284      SLICE_X128Y500  demux/genblk1[366].z_reg[366][0]/C
High Pulse Width  Fast    FDRE/C    n/a            0.275         2.559       2.284      SLICE_X135Y485  genblk1[0].reg_in/reg_out_reg[6]/C



