Copyright 1986-2020 Xilinx, Inc. All Rights Reserved.
-------------------------------------------------------------------------------------------------------
| Tool Version      : Vivado v.2020.1 (lin64) Build 2902540 Wed May 27 19:54:35 MDT 2020
| Date              : Mon Mar 14 22:27:50 2022
| Host              : lepus running 64-bit CentOS Linux release 7.9.2009 (Core)
| Command           : report_timing_summary -file ./output/fc1_35/report/timing-summary-post-place.rpt
| Design            : top
| Device            : xcvu9p-flga2104
| Speed File        : -2L  PRODUCTION 1.27 02-28-2020
| Temperature Grade : E
-------------------------------------------------------------------------------------------------------

Timing Summary Report

------------------------------------------------------------------------------------------------
| Timer Settings
| --------------
------------------------------------------------------------------------------------------------

  Enable Multi Corner Analysis               :  Yes
  Enable Pessimism Removal                   :  Yes
  Pessimism Removal Resolution               :  Nearest Common Node
  Enable Input Delay Default Clock           :  No
  Enable Preset / Clear Arcs                 :  No
  Disable Flight Delays                      :  No
  Ignore I/O Paths                           :  No
  Timing Early Launch at Borrowing Latches   :  No
  Borrow Time for Max Delay Exceptions       :  Yes
  Merge Timing Exceptions                    :  Yes

  Corner  Analyze    Analyze    
  Name    Max Paths  Min Paths  
  ------  ---------  ---------  
  Slow    Yes        Yes        
  Fast    Yes        Yes        



check_timing report

Table of Contents
-----------------
1. checking no_clock (0)
2. checking constant_clock (0)
3. checking pulse_width_clock (0)
4. checking unconstrained_internal_endpoints (0)
5. checking no_input_delay (10)
6. checking no_output_delay (24)
7. checking multiple_clock (0)
8. checking generated_clocks (0)
9. checking loops (0)
10. checking partial_input_delay (0)
11. checking partial_output_delay (0)
12. checking latch_loops (0)

1. checking no_clock (0)
------------------------
 There are 0 register/latch pins with no clock.


2. checking constant_clock (0)
------------------------------
 There are 0 register/latch pins with constant_clock.


3. checking pulse_width_clock (0)
---------------------------------
 There are 0 register/latch pins which need pulse_width check


4. checking unconstrained_internal_endpoints (0)
------------------------------------------------
 There are 0 pins that are not constrained for maximum delay.

 There are 0 pins that are not constrained for maximum delay due to constant clock.


5. checking no_input_delay (10)
-------------------------------
 There are 10 input ports with no input delay specified. (HIGH)

 There are 0 input ports with no input delay but user has a false path constraint.


6. checking no_output_delay (24)
--------------------------------
 There are 24 ports with no output delay specified. (HIGH)

 There are 0 ports with no output delay but user has a false path constraint

 There are 0 ports with no output delay but with a timing clock defined on it or propagating through it


7. checking multiple_clock (0)
------------------------------
 There are 0 register/latch pins with multiple clocks.


8. checking generated_clocks (0)
--------------------------------
 There are 0 generated clocks that are not connected to a clock source.


9. checking loops (0)
---------------------
 There are 0 combinational loops in the design.


10. checking partial_input_delay (0)
------------------------------------
 There are 0 input ports with partial input delay specified.


11. checking partial_output_delay (0)
-------------------------------------
 There are 0 ports with partial output delay specified.


12. checking latch_loops (0)
----------------------------
 There are 0 combinational latch loops in the design through latch input



------------------------------------------------------------------------------------------------
| Design Timing Summary
| ---------------------
------------------------------------------------------------------------------------------------

    WNS(ns)      TNS(ns)  TNS Failing Endpoints  TNS Total Endpoints      WHS(ns)      THS(ns)  THS Failing Endpoints  THS Total Endpoints     WPWS(ns)     TPWS(ns)  TPWS Failing Endpoints  TPWS Total Endpoints  
    -------      -------  ---------------------  -------------------      -------      -------  ---------------------  -------------------     --------     --------  ----------------------  --------------------  
     -0.882      -12.963                     24                 3041       -0.080       -1.816                     75                 3041        1.725        0.000                       0                  3042  


Timing constraints are not met.


------------------------------------------------------------------------------------------------
| Clock Summary
| -------------
------------------------------------------------------------------------------------------------

Clock          Waveform(ns)         Period(ns)      Frequency(MHz)
-----          ------------         ----------      --------------
virtual_clock  {0.000 2.000}        4.000           250.000         


------------------------------------------------------------------------------------------------
| Intra Clock Table
| -----------------
------------------------------------------------------------------------------------------------

Clock              WNS(ns)      TNS(ns)  TNS Failing Endpoints  TNS Total Endpoints      WHS(ns)      THS(ns)  THS Failing Endpoints  THS Total Endpoints     WPWS(ns)     TPWS(ns)  TPWS Failing Endpoints  TPWS Total Endpoints  
-----              -------      -------  ---------------------  -------------------      -------      -------  ---------------------  -------------------     --------     --------  ----------------------  --------------------  
virtual_clock       -0.882      -12.963                     24                 3041       -0.080       -1.816                     75                 3041        1.725        0.000                       0                  3042  


------------------------------------------------------------------------------------------------
| Inter Clock Table
| -----------------
------------------------------------------------------------------------------------------------

From Clock    To Clock          WNS(ns)      TNS(ns)  TNS Failing Endpoints  TNS Total Endpoints      WHS(ns)      THS(ns)  THS Failing Endpoints  THS Total Endpoints  
----------    --------          -------      -------  ---------------------  -------------------      -------      -------  ---------------------  -------------------  


------------------------------------------------------------------------------------------------
| Other Path Groups Table
| -----------------------
------------------------------------------------------------------------------------------------

Path Group    From Clock    To Clock          WNS(ns)      TNS(ns)  TNS Failing Endpoints  TNS Total Endpoints      WHS(ns)      THS(ns)  THS Failing Endpoints  THS Total Endpoints  
----------    ----------    --------          -------      -------  ---------------------  -------------------      -------      -------  ---------------------  -------------------  


------------------------------------------------------------------------------------------------
| Timing Details
| --------------
------------------------------------------------------------------------------------------------


---------------------------------------------------------------------------------------------------
From Clock:  virtual_clock
  To Clock:  virtual_clock

Setup :           24  Failing Endpoints,  Worst Slack       -0.882ns,  Total Violation      -12.963ns
Hold  :           75  Failing Endpoints,  Worst Slack       -0.080ns,  Total Violation       -1.816ns
PW    :            0  Failing Endpoints,  Worst Slack        1.725ns,  Total Violation        0.000ns
---------------------------------------------------------------------------------------------------


Max Delay Paths
--------------------------------------------------------------------------------------
Slack (VIOLATED) :        -0.882ns  (required time - arrival time)
  Source:                 demux/sel_reg[5]/C
                            (rising edge-triggered cell FDRE clocked by virtual_clock  {rise@0.000ns fall@2.000ns period=4.000ns})
  Destination:            demux/sel_reg[0]/D
                            (rising edge-triggered cell FDRE clocked by virtual_clock  {rise@0.000ns fall@2.000ns period=4.000ns})
  Path Group:             virtual_clock
  Path Type:              Setup (Max at Slow Process Corner)
  Requirement:            4.000ns  (virtual_clock rise@4.000ns - virtual_clock rise@0.000ns)
  Data Path Delay:        4.766ns  (logic 1.760ns (36.928%)  route 3.006ns (63.072%))
  Logic Levels:           18  (CARRY8=10 LUT2=2 LUT3=2 LUT4=2 LUT5=1 LUT6=1)
  Clock Path Skew:        -0.105ns (DCD - SCD + CPR)
    Destination Clock Delay (DCD):    1.736ns = ( 5.736 - 4.000 ) 
    Source Clock Delay      (SCD):    2.219ns
    Clock Pessimism Removal (CPR):    0.377ns
  Clock Uncertainty:      0.035ns  ((TSJ^2 + TIJ^2)^1/2 + DJ) / 2 + PE
    Total System Jitter     (TSJ):    0.071ns
    Total Input Jitter      (TIJ):    0.000ns
    Discrete Jitter          (DJ):    0.000ns
    Phase Error              (PE):    0.000ns
  Clock Net Delay (Source):      1.258ns (routing 0.210ns, distribution 1.048ns)
  Clock Net Delay (Destination): 1.066ns (routing 0.190ns, distribution 0.876ns)

    Location             Delay type                Incr(ns)  Path(ns)    Netlist Resource(s)
  -------------------------------------------------------------------    -------------------
                         (clock virtual_clock rise edge)
                                                      0.000     0.000 r  
    AR14                                              0.000     0.000 r  clk (IN)
                         net (fo=0)                   0.000     0.000    clk_IBUF_inst/I
    AR14                 INBUF (Prop_INBUF_HPIOB_M_PAD_O)
                                                      0.610     0.610 r  clk_IBUF_inst/INBUF_INST/O
                         net (fo=1, routed)           0.000     0.610    clk_IBUF_inst/OUT
    AR14                 IBUFCTRL (Prop_IBUFCTRL_HPIOB_M_I_O)
                                                      0.000     0.610 r  clk_IBUF_inst/IBUFCTRL_INST/O
                         net (fo=1, estimated)        0.323     0.933    clk_IBUF
    BUFGCE_X1Y212        BUFGCE (Prop_BUFCE_BUFGCE_I_O)
                                                      0.028     0.961 r  clk_IBUF_BUFG_inst/O
    X4Y8 (CLOCK_ROOT)    net (fo=3041, estimated)     1.258     2.219    demux/CLK
    SLICE_X126Y504       FDRE                                         r  demux/sel_reg[5]/C
  -------------------------------------------------------------------    -------------------
    SLICE_X126Y504       FDRE (Prop_HFF_SLICEL_C_Q)
                                                      0.079     2.298 r  demux/sel_reg[5]/Q
                         net (fo=80, estimated)       0.385     2.683    demux/sel[5]
    SLICE_X125Y504       CARRY8 (Prop_CARRY8_SLICEM_S[4]_O[7])
                                                      0.137     2.820 f  demux/sel_reg[8]_i_6/O[7]
                         net (fo=40, estimated)       0.358     3.178    demux/sel_reg[0]_0[7]
    SLICE_X126Y506       LUT3 (Prop_H6LUT_SLICEL_I0_O)
                                                      0.090     3.268 f  demux/sel[8]_i_224/O
                         net (fo=1, estimated)        0.181     3.449    demux/sel[8]_i_224_n_0
    SLICE_X125Y506       CARRY8 (Prop_CARRY8_SLICEM_DI[5]_CO[7])
                                                      0.088     3.537 f  demux/sel_reg[8]_i_196/CO[7]
                         net (fo=1, estimated)        0.026     3.563    demux/sel_reg[8]_i_196_n_0
    SLICE_X125Y507       CARRY8 (Prop_CARRY8_SLICEM_CI_CO[5])
                                                      0.077     3.640 f  demux/sel_reg[8]_i_171/CO[5]
                         net (fo=41, estimated)       0.301     3.941    demux_n_10
    SLICE_X124Y509       LUT2 (Prop_B5LUT_SLICEL_I0_O)
                                                      0.116     4.057 r  sel[8]_i_101/O
                         net (fo=17, estimated)       0.165     4.222    sel[8]_i_101_n_0
    SLICE_X124Y507       LUT4 (Prop_C6LUT_SLICEL_I3_O)
                                                      0.050     4.272 r  sel[8]_i_147/O
                         net (fo=1, routed)           0.010     4.282    demux/sel[8]_i_73_0[1]
    SLICE_X124Y507       CARRY8 (Prop_CARRY8_SLICEL_S[2]_CO[7])
                                                      0.155     4.437 r  demux/sel_reg[8]_i_81/CO[7]
                         net (fo=1, estimated)        0.026     4.463    demux/sel_reg[8]_i_81_n_0
    SLICE_X124Y508       CARRY8 (Prop_CARRY8_SLICEL_CI_O[1])
                                                      0.076     4.539 r  demux/sel_reg[8]_i_77/O[1]
                         net (fo=2, estimated)        0.252     4.791    demux_n_89
    SLICE_X122Y507       LUT3 (Prop_E5LUT_SLICEL_I1_O)
                                                      0.101     4.892 r  sel[8]_i_32/O
                         net (fo=2, estimated)        0.162     5.054    sel[8]_i_32_n_0
    SLICE_X122Y507       LUT4 (Prop_F6LUT_SLICEL_I3_O)
                                                      0.049     5.103 r  sel[8]_i_40/O
                         net (fo=1, routed)           0.011     5.114    demux/sel[8]_i_25_0[5]
    SLICE_X122Y507       CARRY8 (Prop_CARRY8_SLICEL_S[5]_CO[7])
                                                      0.155     5.269 r  demux/sel_reg[8]_i_19/CO[7]
                         net (fo=1, estimated)        0.026     5.295    demux/sel_reg[8]_i_19_n_0
    SLICE_X122Y508       CARRY8 (Prop_CARRY8_SLICEL_CI_O[0])
                                                      0.056     5.351 r  demux/sel_reg[8]_i_22/O[0]
                         net (fo=4, estimated)        0.319     5.670    demux_n_104
    SLICE_X122Y509       CARRY8 (Prop_CARRY8_SLICEL_S[0]_O[2])
                                                      0.132     5.802 r  sel_reg[8]_i_18/O[2]
                         net (fo=1, estimated)        0.218     6.020    sel_reg[8]_i_18_n_13
    SLICE_X123Y508       LUT2 (Prop_F6LUT_SLICEM_I1_O)
                                                      0.037     6.057 r  sel[8]_i_10/O
                         net (fo=1, routed)           0.022     6.079    demux/sel_reg[5]_0[4]
    SLICE_X123Y508       CARRY8 (Prop_CARRY8_SLICEM_S[5]_CO[7])
                                                      0.159     6.238 r  demux/sel_reg[8]_i_4/CO[7]
                         net (fo=1, estimated)        0.026     6.264    demux/sel_reg[8]_i_4_n_0
    SLICE_X123Y509       CARRY8 (Prop_CARRY8_SLICEM_CI_O[1])
                                                      0.076     6.340 r  demux/sel_reg[8]_i_5/O[1]
                         net (fo=10, estimated)       0.218     6.558    demux/sel_reg[8]_i_5_n_14
    SLICE_X123Y507       LUT5 (Prop_D6LUT_SLICEM_I4_O)
                                                      0.037     6.595 r  demux/sel[3]_i_2/O
                         net (fo=4, estimated)        0.100     6.695    demux/sel[3]_i_2_n_0
    SLICE_X123Y506       LUT6 (Prop_G6LUT_SLICEM_I1_O)
                                                      0.090     6.785 r  demux/sel[0]_i_1/O
                         net (fo=1, estimated)        0.200     6.985    demux/sel20_in[0]
    SLICE_X124Y504       FDRE                                         r  demux/sel_reg[0]/D
  -------------------------------------------------------------------    -------------------

                         (clock virtual_clock rise edge)
                                                      4.000     4.000 r  
    AR14                                              0.000     4.000 r  clk (IN)
                         net (fo=0)                   0.000     4.000    clk_IBUF_inst/I
    AR14                 INBUF (Prop_INBUF_HPIOB_M_PAD_O)
                                                      0.359     4.359 r  clk_IBUF_inst/INBUF_INST/O
                         net (fo=1, routed)           0.000     4.359    clk_IBUF_inst/OUT
    AR14                 IBUFCTRL (Prop_IBUFCTRL_HPIOB_M_I_O)
                                                      0.000     4.359 r  clk_IBUF_inst/IBUFCTRL_INST/O
                         net (fo=1, estimated)        0.287     4.646    clk_IBUF
    BUFGCE_X1Y212        BUFGCE (Prop_BUFCE_BUFGCE_I_O)
                                                      0.024     4.670 r  clk_IBUF_BUFG_inst/O
    X4Y8 (CLOCK_ROOT)    net (fo=3041, estimated)     1.066     5.736    demux/CLK
    SLICE_X124Y504       FDRE                                         r  demux/sel_reg[0]/C
                         clock pessimism              0.377     6.114    
                         clock uncertainty           -0.035     6.078    
    SLICE_X124Y504       FDRE (Setup_DFF2_SLICEL_C_D)
                                                      0.025     6.103    demux/sel_reg[0]
  -------------------------------------------------------------------
                         required time                          6.103    
                         arrival time                          -6.985    
  -------------------------------------------------------------------
                         slack                                 -0.882    





Min Delay Paths
--------------------------------------------------------------------------------------
Slack (VIOLATED) :        -0.080ns  (arrival time - required time)
  Source:                 demux/genblk1[54].z_reg[54][7]/C
                            (rising edge-triggered cell FDRE clocked by virtual_clock  {rise@0.000ns fall@2.000ns period=4.000ns})
  Destination:            genblk1[54].reg_in/reg_out_reg[7]/D
                            (rising edge-triggered cell FDRE clocked by virtual_clock  {rise@0.000ns fall@2.000ns period=4.000ns})
  Path Group:             virtual_clock
  Path Type:              Hold (Min at Slow Process Corner)
  Requirement:            0.000ns  (virtual_clock rise@0.000ns - virtual_clock rise@0.000ns)
  Data Path Delay:        0.143ns  (logic 0.058ns (40.559%)  route 0.085ns (59.441%))
  Logic Levels:           0  
  Clock Path Skew:        0.161ns (DCD - SCD - CPR)
    Destination Clock Delay (DCD):    2.242ns
    Source Clock Delay      (SCD):    1.770ns
    Clock Pessimism Removal (CPR):    0.311ns
  Clock Net Delay (Source):      1.100ns (routing 0.190ns, distribution 0.910ns)
  Clock Net Delay (Destination): 1.281ns (routing 0.210ns, distribution 1.071ns)

    Location             Delay type                Incr(ns)  Path(ns)    Netlist Resource(s)
  -------------------------------------------------------------------    -------------------
                         (clock virtual_clock rise edge)
                                                      0.000     0.000 r  
    AR14                                              0.000     0.000 r  clk (IN)
                         net (fo=0)                   0.000     0.000    clk_IBUF_inst/I
    AR14                 INBUF (Prop_INBUF_HPIOB_M_PAD_O)
                                                      0.359     0.359 r  clk_IBUF_inst/INBUF_INST/O
                         net (fo=1, routed)           0.000     0.359    clk_IBUF_inst/OUT
    AR14                 IBUFCTRL (Prop_IBUFCTRL_HPIOB_M_I_O)
                                                      0.000     0.359 r  clk_IBUF_inst/IBUFCTRL_INST/O
                         net (fo=1, estimated)        0.287     0.646    clk_IBUF
    BUFGCE_X1Y212        BUFGCE (Prop_BUFCE_BUFGCE_I_O)
                                                      0.024     0.670 r  clk_IBUF_BUFG_inst/O
    X4Y8 (CLOCK_ROOT)    net (fo=3041, estimated)     1.100     1.770    demux/CLK
    SLICE_X127Y479       FDRE                                         r  demux/genblk1[54].z_reg[54][7]/C
  -------------------------------------------------------------------    -------------------
    SLICE_X127Y479       FDRE (Prop_CFF_SLICEM_C_Q)
                                                      0.058     1.828 r  demux/genblk1[54].z_reg[54][7]/Q
                         net (fo=1, estimated)        0.085     1.913    genblk1[54].reg_in/D[7]
    SLICE_X127Y480       FDRE                                         r  genblk1[54].reg_in/reg_out_reg[7]/D
  -------------------------------------------------------------------    -------------------

                         (clock virtual_clock rise edge)
                                                      0.000     0.000 r  
    AR14                                              0.000     0.000 r  clk (IN)
                         net (fo=0)                   0.000     0.000    clk_IBUF_inst/I
    AR14                 INBUF (Prop_INBUF_HPIOB_M_PAD_O)
                                                      0.610     0.610 r  clk_IBUF_inst/INBUF_INST/O
                         net (fo=1, routed)           0.000     0.610    clk_IBUF_inst/OUT
    AR14                 IBUFCTRL (Prop_IBUFCTRL_HPIOB_M_I_O)
                                                      0.000     0.610 r  clk_IBUF_inst/IBUFCTRL_INST/O
                         net (fo=1, estimated)        0.323     0.933    clk_IBUF
    BUFGCE_X1Y212        BUFGCE (Prop_BUFCE_BUFGCE_I_O)
                                                      0.028     0.961 r  clk_IBUF_BUFG_inst/O
    X4Y8 (CLOCK_ROOT)    net (fo=3041, estimated)     1.281     2.242    genblk1[54].reg_in/CLK
    SLICE_X127Y480       FDRE                                         r  genblk1[54].reg_in/reg_out_reg[7]/C
                         clock pessimism             -0.311     1.931    
    SLICE_X127Y480       FDRE (Hold_HFF2_SLICEM_C_D)
                                                      0.062     1.993    genblk1[54].reg_in/reg_out_reg[7]
  -------------------------------------------------------------------
                         required time                         -1.993    
                         arrival time                           1.913    
  -------------------------------------------------------------------
                         slack                                 -0.080    





Pulse Width Checks
--------------------------------------------------------------------------------------
Clock Name:         virtual_clock
Waveform(ns):       { 0.000 2.000 }
Period(ns):         4.000
Sources:            { clk }

Check Type        Corner  Lib Pin   Reference Pin  Required(ns)  Actual(ns)  Slack(ns)  Location        Pin
Min Period        n/a     BUFGCE/I  n/a            1.290         4.000       2.710      BUFGCE_X1Y212   clk_IBUF_BUFG_inst/I
Low Pulse Width   Slow    FDRE/C    n/a            0.275         2.000       1.725      SLICE_X134Y491  genblk1[10].reg_in/reg_out_reg[3]/C
High Pulse Width  Fast    FDRE/C    n/a            0.275         2.000       1.725      SLICE_X135Y472  demux/genblk1[31].z_reg[31][3]/C



