Copyright 1986-2020 Xilinx, Inc. All Rights Reserved.
--------------------------------------------------------------------------------------------------------
| Tool Version      : Vivado v.2020.1 (lin64) Build 2902540 Wed May 27 19:54:35 MDT 2020
| Date              : Tue Mar 15 13:40:43 2022
| Host              : lepus running 64-bit CentOS Linux release 7.9.2009 (Core)
| Command           : report_timing_summary -file ./output/fc1_116/report/timing-summary-post-place.rpt
| Design            : top
| Device            : xcvu9p-flga2104
| Speed File        : -2L  PRODUCTION 1.27 02-28-2020
| Temperature Grade : E
--------------------------------------------------------------------------------------------------------

Timing Summary Report

------------------------------------------------------------------------------------------------
| Timer Settings
| --------------
------------------------------------------------------------------------------------------------

  Enable Multi Corner Analysis               :  Yes
  Enable Pessimism Removal                   :  Yes
  Pessimism Removal Resolution               :  Nearest Common Node
  Enable Input Delay Default Clock           :  No
  Enable Preset / Clear Arcs                 :  No
  Disable Flight Delays                      :  No
  Ignore I/O Paths                           :  No
  Timing Early Launch at Borrowing Latches   :  No
  Borrow Time for Max Delay Exceptions       :  Yes
  Merge Timing Exceptions                    :  Yes

  Corner  Analyze    Analyze    
  Name    Max Paths  Min Paths  
  ------  ---------  ---------  
  Slow    Yes        Yes        
  Fast    Yes        Yes        



check_timing report

Table of Contents
-----------------
1. checking no_clock (0)
2. checking constant_clock (0)
3. checking pulse_width_clock (0)
4. checking unconstrained_internal_endpoints (0)
5. checking no_input_delay (10)
6. checking no_output_delay (23)
7. checking multiple_clock (0)
8. checking generated_clocks (0)
9. checking loops (0)
10. checking partial_input_delay (0)
11. checking partial_output_delay (0)
12. checking latch_loops (0)

1. checking no_clock (0)
------------------------
 There are 0 register/latch pins with no clock.


2. checking constant_clock (0)
------------------------------
 There are 0 register/latch pins with constant_clock.


3. checking pulse_width_clock (0)
---------------------------------
 There are 0 register/latch pins which need pulse_width check


4. checking unconstrained_internal_endpoints (0)
------------------------------------------------
 There are 0 pins that are not constrained for maximum delay.

 There are 0 pins that are not constrained for maximum delay due to constant clock.


5. checking no_input_delay (10)
-------------------------------
 There are 10 input ports with no input delay specified. (HIGH)

 There are 0 input ports with no input delay but user has a false path constraint.


6. checking no_output_delay (23)
--------------------------------
 There are 23 ports with no output delay specified. (HIGH)

 There are 0 ports with no output delay but user has a false path constraint

 There are 0 ports with no output delay but with a timing clock defined on it or propagating through it


7. checking multiple_clock (0)
------------------------------
 There are 0 register/latch pins with multiple clocks.


8. checking generated_clocks (0)
--------------------------------
 There are 0 generated clocks that are not connected to a clock source.


9. checking loops (0)
---------------------
 There are 0 combinational loops in the design.


10. checking partial_input_delay (0)
------------------------------------
 There are 0 input ports with partial input delay specified.


11. checking partial_output_delay (0)
-------------------------------------
 There are 0 ports with partial output delay specified.


12. checking latch_loops (0)
----------------------------
 There are 0 combinational latch loops in the design through latch input



------------------------------------------------------------------------------------------------
| Design Timing Summary
| ---------------------
------------------------------------------------------------------------------------------------

    WNS(ns)      TNS(ns)  TNS Failing Endpoints  TNS Total Endpoints      WHS(ns)      THS(ns)  THS Failing Endpoints  THS Total Endpoints     WPWS(ns)     TPWS(ns)  TPWS Failing Endpoints  TPWS Total Endpoints  
    -------      -------  ---------------------  -------------------      -------      -------  ---------------------  -------------------     --------     --------  ----------------------  --------------------  
     -1.050       -9.297                     14                 1904       -0.080       -0.609                     27                 1904        1.725        0.000                       0                  1905  


Timing constraints are not met.


------------------------------------------------------------------------------------------------
| Clock Summary
| -------------
------------------------------------------------------------------------------------------------

Clock          Waveform(ns)         Period(ns)      Frequency(MHz)
-----          ------------         ----------      --------------
virtual_clock  {0.000 2.000}        4.000           250.000         


------------------------------------------------------------------------------------------------
| Intra Clock Table
| -----------------
------------------------------------------------------------------------------------------------

Clock              WNS(ns)      TNS(ns)  TNS Failing Endpoints  TNS Total Endpoints      WHS(ns)      THS(ns)  THS Failing Endpoints  THS Total Endpoints     WPWS(ns)     TPWS(ns)  TPWS Failing Endpoints  TPWS Total Endpoints  
-----              -------      -------  ---------------------  -------------------      -------      -------  ---------------------  -------------------     --------     --------  ----------------------  --------------------  
virtual_clock       -1.050       -9.297                     14                 1904       -0.080       -0.609                     27                 1904        1.725        0.000                       0                  1905  


------------------------------------------------------------------------------------------------
| Inter Clock Table
| -----------------
------------------------------------------------------------------------------------------------

From Clock    To Clock          WNS(ns)      TNS(ns)  TNS Failing Endpoints  TNS Total Endpoints      WHS(ns)      THS(ns)  THS Failing Endpoints  THS Total Endpoints  
----------    --------          -------      -------  ---------------------  -------------------      -------      -------  ---------------------  -------------------  


------------------------------------------------------------------------------------------------
| Other Path Groups Table
| -----------------------
------------------------------------------------------------------------------------------------

Path Group    From Clock    To Clock          WNS(ns)      TNS(ns)  TNS Failing Endpoints  TNS Total Endpoints      WHS(ns)      THS(ns)  THS Failing Endpoints  THS Total Endpoints  
----------    ----------    --------          -------      -------  ---------------------  -------------------      -------      -------  ---------------------  -------------------  


------------------------------------------------------------------------------------------------
| Timing Details
| --------------
------------------------------------------------------------------------------------------------


---------------------------------------------------------------------------------------------------
From Clock:  virtual_clock
  To Clock:  virtual_clock

Setup :           14  Failing Endpoints,  Worst Slack       -1.050ns,  Total Violation       -9.297ns
Hold  :           27  Failing Endpoints,  Worst Slack       -0.080ns,  Total Violation       -0.609ns
PW    :            0  Failing Endpoints,  Worst Slack        1.725ns,  Total Violation        0.000ns
---------------------------------------------------------------------------------------------------


Max Delay Paths
--------------------------------------------------------------------------------------
Slack (VIOLATED) :        -1.050ns  (required time - arrival time)
  Source:                 demux/sel_reg[0]/C
                            (rising edge-triggered cell FDRE clocked by virtual_clock  {rise@0.000ns fall@2.000ns period=4.000ns})
  Destination:            demux/sel_reg[2]/D
                            (rising edge-triggered cell FDRE clocked by virtual_clock  {rise@0.000ns fall@2.000ns period=4.000ns})
  Path Group:             virtual_clock
  Path Type:              Setup (Max at Slow Process Corner)
  Requirement:            4.000ns  (virtual_clock rise@4.000ns - virtual_clock rise@0.000ns)
  Data Path Delay:        4.950ns  (logic 1.801ns (36.384%)  route 3.149ns (63.616%))
  Logic Levels:           18  (CARRY8=10 LUT2=2 LUT3=2 LUT4=2 LUT5=1 LUT6=1)
  Clock Path Skew:        -0.089ns (DCD - SCD + CPR)
    Destination Clock Delay (DCD):    1.728ns = ( 5.728 - 4.000 ) 
    Source Clock Delay      (SCD):    2.193ns
    Clock Pessimism Removal (CPR):    0.376ns
  Clock Uncertainty:      0.035ns  ((TSJ^2 + TIJ^2)^1/2 + DJ) / 2 + PE
    Total System Jitter     (TSJ):    0.071ns
    Total Input Jitter      (TIJ):    0.000ns
    Discrete Jitter          (DJ):    0.000ns
    Phase Error              (PE):    0.000ns
  Clock Net Delay (Source):      1.247ns (routing 0.210ns, distribution 1.037ns)
  Clock Net Delay (Destination): 1.072ns (routing 0.190ns, distribution 0.882ns)

    Location             Delay type                Incr(ns)  Path(ns)    Netlist Resource(s)
  -------------------------------------------------------------------    -------------------
                         (clock virtual_clock rise edge)
                                                      0.000     0.000 r  
    AP13                                              0.000     0.000 r  clk (IN)
                         net (fo=0)                   0.000     0.000    clk_IBUF_inst/I
    AP13                 INBUF (Prop_INBUF_HPIOB_M_PAD_O)
                                                      0.595     0.595 r  clk_IBUF_inst/INBUF_INST/O
                         net (fo=1, routed)           0.000     0.595    clk_IBUF_inst/OUT
    AP13                 IBUFCTRL (Prop_IBUFCTRL_HPIOB_M_I_O)
                                                      0.000     0.595 r  clk_IBUF_inst/IBUFCTRL_INST/O
                         net (fo=1, estimated)        0.323     0.918    clk_IBUF
    BUFGCE_X1Y194        BUFGCE (Prop_BUFCE_BUFGCE_I_O)
                                                      0.028     0.946 r  clk_IBUF_BUFG_inst/O
    X4Y8 (CLOCK_ROOT)    net (fo=1904, estimated)     1.247     2.193    demux/CLK
    SLICE_X122Y474       FDRE                                         r  demux/sel_reg[0]/C
  -------------------------------------------------------------------    -------------------
    SLICE_X122Y474       FDRE (Prop_DFF2_SLICEL_C_Q)
                                                      0.081     2.274 r  demux/sel_reg[0]/Q
                         net (fo=137, estimated)      0.284     2.558    demux/sel[0]
    SLICE_X122Y472       CARRY8 (Prop_CARRY8_SLICEL_CI_O[7])
                                                      0.229     2.787 f  demux/sel_reg[8]_i_6/O[7]
                         net (fo=40, estimated)       0.363     3.150    demux/sel_reg[0]_0[7]
    SLICE_X122Y468       LUT3 (Prop_B6LUT_SLICEL_I0_O)
                                                      0.090     3.240 f  demux/sel[8]_i_224/O
                         net (fo=1, estimated)        0.272     3.512    demux/sel[8]_i_224_n_0
    SLICE_X121Y468       CARRY8 (Prop_CARRY8_SLICEM_DI[5]_CO[7])
                                                      0.088     3.600 f  demux/sel_reg[8]_i_196/CO[7]
                         net (fo=1, estimated)        0.026     3.626    demux/sel_reg[8]_i_196_n_0
    SLICE_X121Y469       CARRY8 (Prop_CARRY8_SLICEM_CI_CO[5])
                                                      0.077     3.703 f  demux/sel_reg[8]_i_171/CO[5]
                         net (fo=41, estimated)       0.299     4.002    demux_n_10
    SLICE_X120Y470       LUT2 (Prop_B5LUT_SLICEL_I0_O)
                                                      0.116     4.118 r  sel[8]_i_101/O
                         net (fo=17, estimated)       0.165     4.283    sel[8]_i_101_n_0
    SLICE_X120Y468       LUT4 (Prop_C6LUT_SLICEL_I3_O)
                                                      0.050     4.333 r  sel[8]_i_147/O
                         net (fo=1, routed)           0.010     4.343    demux/sel[8]_i_73_0[1]
    SLICE_X120Y468       CARRY8 (Prop_CARRY8_SLICEL_S[2]_CO[7])
                                                      0.155     4.498 r  demux/sel_reg[8]_i_81/CO[7]
                         net (fo=1, estimated)        0.026     4.524    demux/sel_reg[8]_i_81_n_0
    SLICE_X120Y469       CARRY8 (Prop_CARRY8_SLICEL_CI_O[1])
                                                      0.076     4.600 r  demux/sel_reg[8]_i_77/O[1]
                         net (fo=2, estimated)        0.308     4.908    demux_n_89
    SLICE_X119Y472       LUT3 (Prop_E5LUT_SLICEM_I1_O)
                                                      0.102     5.010 r  sel[8]_i_32/O
                         net (fo=2, estimated)        0.160     5.170    sel[8]_i_32_n_0
    SLICE_X119Y472       LUT4 (Prop_F6LUT_SLICEM_I3_O)
                                                      0.051     5.221 r  sel[8]_i_40/O
                         net (fo=1, routed)           0.022     5.243    demux/sel[8]_i_25_0[5]
    SLICE_X119Y472       CARRY8 (Prop_CARRY8_SLICEM_S[5]_CO[7])
                                                      0.159     5.402 r  demux/sel_reg[8]_i_19/CO[7]
                         net (fo=1, estimated)        0.026     5.428    demux/sel_reg[8]_i_19_n_0
    SLICE_X119Y473       CARRY8 (Prop_CARRY8_SLICEM_CI_O[0])
                                                      0.056     5.484 r  demux/sel_reg[8]_i_22/O[0]
                         net (fo=4, estimated)        0.326     5.810    demux_n_104
    SLICE_X119Y474       CARRY8 (Prop_CARRY8_SLICEM_S[0]_O[3])
                                                      0.139     5.949 r  sel_reg[8]_i_18/O[3]
                         net (fo=1, estimated)        0.216     6.165    sel_reg[8]_i_18_n_12
    SLICE_X120Y474       LUT2 (Prop_G6LUT_SLICEL_I1_O)
                                                      0.035     6.200 r  sel[8]_i_9/O
                         net (fo=1, routed)           0.008     6.208    demux/sel_reg[5]_0[5]
    SLICE_X120Y474       CARRY8 (Prop_CARRY8_SLICEL_S[6]_CO[7])
                                                      0.115     6.323 r  demux/sel_reg[8]_i_4/CO[7]
                         net (fo=1, estimated)        0.026     6.349    demux/sel_reg[8]_i_4_n_0
    SLICE_X120Y475       CARRY8 (Prop_CARRY8_SLICEL_CI_O[0])
                                                      0.056     6.405 f  demux/sel_reg[8]_i_5/O[0]
                         net (fo=10, estimated)       0.254     6.659    demux/sel_reg[8]_i_5_n_15
    SLICE_X121Y474       LUT5 (Prop_E6LUT_SLICEM_I4_O)
                                                      0.037     6.696 r  demux/sel[3]_i_3/O
                         net (fo=4, estimated)        0.299     6.995    demux/sel[3]_i_3_n_0
    SLICE_X123Y472       LUT6 (Prop_B6LUT_SLICEM_I1_O)
                                                      0.089     7.084 r  demux/sel[2]_i_1/O
                         net (fo=1, routed)           0.059     7.143    demux/sel20_in[2]
    SLICE_X123Y472       FDRE                                         r  demux/sel_reg[2]/D
  -------------------------------------------------------------------    -------------------

                         (clock virtual_clock rise edge)
                                                      4.000     4.000 r  
    AP13                                              0.000     4.000 r  clk (IN)
                         net (fo=0)                   0.000     4.000    clk_IBUF_inst/I
    AP13                 INBUF (Prop_INBUF_HPIOB_M_PAD_O)
                                                      0.345     4.345 r  clk_IBUF_inst/INBUF_INST/O
                         net (fo=1, routed)           0.000     4.345    clk_IBUF_inst/OUT
    AP13                 IBUFCTRL (Prop_IBUFCTRL_HPIOB_M_I_O)
                                                      0.000     4.345 r  clk_IBUF_inst/IBUFCTRL_INST/O
                         net (fo=1, estimated)        0.287     4.632    clk_IBUF
    BUFGCE_X1Y194        BUFGCE (Prop_BUFCE_BUFGCE_I_O)
                                                      0.024     4.656 r  clk_IBUF_BUFG_inst/O
    X4Y8 (CLOCK_ROOT)    net (fo=1904, estimated)     1.072     5.728    demux/CLK
    SLICE_X123Y472       FDRE                                         r  demux/sel_reg[2]/C
                         clock pessimism              0.376     6.104    
                         clock uncertainty           -0.035     6.068    
    SLICE_X123Y472       FDRE (Setup_BFF_SLICEM_C_D)
                                                      0.025     6.093    demux/sel_reg[2]
  -------------------------------------------------------------------
                         required time                          6.093    
                         arrival time                          -7.143    
  -------------------------------------------------------------------
                         slack                                 -1.050    





Min Delay Paths
--------------------------------------------------------------------------------------
Slack (VIOLATED) :        -0.080ns  (arrival time - required time)
  Source:                 demux/genblk1[124].z_reg[124][6]/C
                            (rising edge-triggered cell FDRE clocked by virtual_clock  {rise@0.000ns fall@2.000ns period=4.000ns})
  Destination:            genblk1[124].reg_in/reg_out_reg[6]/D
                            (rising edge-triggered cell FDRE clocked by virtual_clock  {rise@0.000ns fall@2.000ns period=4.000ns})
  Path Group:             virtual_clock
  Path Type:              Hold (Min at Slow Process Corner)
  Requirement:            0.000ns  (virtual_clock rise@0.000ns - virtual_clock rise@0.000ns)
  Data Path Delay:        0.155ns  (logic 0.057ns (36.774%)  route 0.098ns (63.226%))
  Logic Levels:           0  
  Clock Path Skew:        0.175ns (DCD - SCD - CPR)
    Destination Clock Delay (DCD):    2.206ns
    Source Clock Delay      (SCD):    1.721ns
    Clock Pessimism Removal (CPR):    0.311ns
  Clock Net Delay (Source):      1.065ns (routing 0.190ns, distribution 0.875ns)
  Clock Net Delay (Destination): 1.260ns (routing 0.210ns, distribution 1.050ns)

    Location             Delay type                Incr(ns)  Path(ns)    Netlist Resource(s)
  -------------------------------------------------------------------    -------------------
                         (clock virtual_clock rise edge)
                                                      0.000     0.000 r  
    AP13                                              0.000     0.000 r  clk (IN)
                         net (fo=0)                   0.000     0.000    clk_IBUF_inst/I
    AP13                 INBUF (Prop_INBUF_HPIOB_M_PAD_O)
                                                      0.345     0.345 r  clk_IBUF_inst/INBUF_INST/O
                         net (fo=1, routed)           0.000     0.345    clk_IBUF_inst/OUT
    AP13                 IBUFCTRL (Prop_IBUFCTRL_HPIOB_M_I_O)
                                                      0.000     0.345 r  clk_IBUF_inst/IBUFCTRL_INST/O
                         net (fo=1, estimated)        0.287     0.632    clk_IBUF
    BUFGCE_X1Y194        BUFGCE (Prop_BUFCE_BUFGCE_I_O)
                                                      0.024     0.656 r  clk_IBUF_BUFG_inst/O
    X4Y8 (CLOCK_ROOT)    net (fo=1904, estimated)     1.065     1.721    demux/CLK
    SLICE_X123Y480       FDRE                                         r  demux/genblk1[124].z_reg[124][6]/C
  -------------------------------------------------------------------    -------------------
    SLICE_X123Y480       FDRE (Prop_FFF_SLICEM_C_Q)
                                                      0.057     1.778 r  demux/genblk1[124].z_reg[124][6]/Q
                         net (fo=1, estimated)        0.098     1.876    genblk1[124].reg_in/D[6]
    SLICE_X123Y478       FDRE                                         r  genblk1[124].reg_in/reg_out_reg[6]/D
  -------------------------------------------------------------------    -------------------

                         (clock virtual_clock rise edge)
                                                      0.000     0.000 r  
    AP13                                              0.000     0.000 r  clk (IN)
                         net (fo=0)                   0.000     0.000    clk_IBUF_inst/I
    AP13                 INBUF (Prop_INBUF_HPIOB_M_PAD_O)
                                                      0.595     0.595 r  clk_IBUF_inst/INBUF_INST/O
                         net (fo=1, routed)           0.000     0.595    clk_IBUF_inst/OUT
    AP13                 IBUFCTRL (Prop_IBUFCTRL_HPIOB_M_I_O)
                                                      0.000     0.595 r  clk_IBUF_inst/IBUFCTRL_INST/O
                         net (fo=1, estimated)        0.323     0.918    clk_IBUF
    BUFGCE_X1Y194        BUFGCE (Prop_BUFCE_BUFGCE_I_O)
                                                      0.028     0.946 r  clk_IBUF_BUFG_inst/O
    X4Y8 (CLOCK_ROOT)    net (fo=1904, estimated)     1.260     2.206    genblk1[124].reg_in/CLK
    SLICE_X123Y478       FDRE                                         r  genblk1[124].reg_in/reg_out_reg[6]/C
                         clock pessimism             -0.311     1.895    
    SLICE_X123Y478       FDRE (Hold_EFF_SLICEM_C_D)
                                                      0.060     1.955    genblk1[124].reg_in/reg_out_reg[6]
  -------------------------------------------------------------------
                         required time                         -1.955    
                         arrival time                           1.876    
  -------------------------------------------------------------------
                         slack                                 -0.080    





Pulse Width Checks
--------------------------------------------------------------------------------------
Clock Name:         virtual_clock
Waveform(ns):       { 0.000 2.000 }
Period(ns):         4.000
Sources:            { clk }

Check Type        Corner  Lib Pin   Reference Pin  Required(ns)  Actual(ns)  Slack(ns)  Location        Pin
Min Period        n/a     BUFGCE/I  n/a            1.290         4.000       2.710      BUFGCE_X1Y194   clk_IBUF_BUFG_inst/I
Low Pulse Width   Slow    FDRE/C    n/a            0.275         2.000       1.725      SLICE_X127Y496  demux/genblk1[14].z_reg[14][4]/C
High Pulse Width  Fast    FDRE/C    n/a            0.275         2.000       1.725      SLICE_X127Y496  demux/genblk1[14].z_reg[14][4]/C



