Copyright 1986-2020 Xilinx, Inc. All Rights Reserved.
---------------------------------------------------------------------------------------------
| Tool Version      : Vivado v.2020.1 (lin64) Build 2902540 Wed May 27 19:54:35 MDT 2020
| Date              : Tue Mar 15 13:46:03 2022
| Host              : lepus running 64-bit CentOS Linux release 7.9.2009 (Core)
| Command           : report_timing_summary -file ./output/fc1_116/report/timing-summary.rpt
| Design            : top
| Device            : xcvu9p-flga2104
| Speed File        : -2L  PRODUCTION 1.27 02-28-2020
| Temperature Grade : E
---------------------------------------------------------------------------------------------

Timing Summary Report

------------------------------------------------------------------------------------------------
| Timer Settings
| --------------
------------------------------------------------------------------------------------------------

  Enable Multi Corner Analysis               :  Yes
  Enable Pessimism Removal                   :  Yes
  Pessimism Removal Resolution               :  Nearest Common Node
  Enable Input Delay Default Clock           :  No
  Enable Preset / Clear Arcs                 :  No
  Disable Flight Delays                      :  No
  Ignore I/O Paths                           :  No
  Timing Early Launch at Borrowing Latches   :  No
  Borrow Time for Max Delay Exceptions       :  Yes
  Merge Timing Exceptions                    :  Yes

  Corner  Analyze    Analyze    
  Name    Max Paths  Min Paths  
  ------  ---------  ---------  
  Slow    Yes        Yes        
  Fast    Yes        Yes        



check_timing report

Table of Contents
-----------------
1. checking no_clock (0)
2. checking constant_clock (0)
3. checking pulse_width_clock (0)
4. checking unconstrained_internal_endpoints (0)
5. checking no_input_delay (10)
6. checking no_output_delay (23)
7. checking multiple_clock (0)
8. checking generated_clocks (0)
9. checking loops (0)
10. checking partial_input_delay (0)
11. checking partial_output_delay (0)
12. checking latch_loops (0)

1. checking no_clock (0)
------------------------
 There are 0 register/latch pins with no clock.


2. checking constant_clock (0)
------------------------------
 There are 0 register/latch pins with constant_clock.


3. checking pulse_width_clock (0)
---------------------------------
 There are 0 register/latch pins which need pulse_width check


4. checking unconstrained_internal_endpoints (0)
------------------------------------------------
 There are 0 pins that are not constrained for maximum delay.

 There are 0 pins that are not constrained for maximum delay due to constant clock.


5. checking no_input_delay (10)
-------------------------------
 There are 10 input ports with no input delay specified. (HIGH)

 There are 0 input ports with no input delay but user has a false path constraint.


6. checking no_output_delay (23)
--------------------------------
 There are 23 ports with no output delay specified. (HIGH)

 There are 0 ports with no output delay but user has a false path constraint

 There are 0 ports with no output delay but with a timing clock defined on it or propagating through it


7. checking multiple_clock (0)
------------------------------
 There are 0 register/latch pins with multiple clocks.


8. checking generated_clocks (0)
--------------------------------
 There are 0 generated clocks that are not connected to a clock source.


9. checking loops (0)
---------------------
 There are 0 combinational loops in the design.


10. checking partial_input_delay (0)
------------------------------------
 There are 0 input ports with partial input delay specified.


11. checking partial_output_delay (0)
-------------------------------------
 There are 0 ports with partial output delay specified.


12. checking latch_loops (0)
----------------------------
 There are 0 combinational latch loops in the design through latch input



------------------------------------------------------------------------------------------------
| Design Timing Summary
| ---------------------
------------------------------------------------------------------------------------------------

    WNS(ns)      TNS(ns)  TNS Failing Endpoints  TNS Total Endpoints      WHS(ns)      THS(ns)  THS Failing Endpoints  THS Total Endpoints     WPWS(ns)     TPWS(ns)  TPWS Failing Endpoints  TPWS Total Endpoints  
    -------      -------  ---------------------  -------------------      -------      -------  ---------------------  -------------------     --------     --------  ----------------------  --------------------  
      0.063        0.000                      0                 1904        0.002        0.000                      0                 1904        2.218        0.000                       0                  1905  


All user specified timing constraints are met.


------------------------------------------------------------------------------------------------
| Clock Summary
| -------------
------------------------------------------------------------------------------------------------

Clock   Waveform(ns)         Period(ns)      Frequency(MHz)
-----   ------------         ----------      --------------
vclock  {0.000 2.494}        4.987           200.521         


------------------------------------------------------------------------------------------------
| Intra Clock Table
| -----------------
------------------------------------------------------------------------------------------------

Clock             WNS(ns)      TNS(ns)  TNS Failing Endpoints  TNS Total Endpoints      WHS(ns)      THS(ns)  THS Failing Endpoints  THS Total Endpoints     WPWS(ns)     TPWS(ns)  TPWS Failing Endpoints  TPWS Total Endpoints  
-----             -------      -------  ---------------------  -------------------      -------      -------  ---------------------  -------------------     --------     --------  ----------------------  --------------------  
vclock              0.063        0.000                      0                 1904        0.002        0.000                      0                 1904        2.218        0.000                       0                  1905  


------------------------------------------------------------------------------------------------
| Inter Clock Table
| -----------------
------------------------------------------------------------------------------------------------

From Clock    To Clock          WNS(ns)      TNS(ns)  TNS Failing Endpoints  TNS Total Endpoints      WHS(ns)      THS(ns)  THS Failing Endpoints  THS Total Endpoints  
----------    --------          -------      -------  ---------------------  -------------------      -------      -------  ---------------------  -------------------  


------------------------------------------------------------------------------------------------
| Other Path Groups Table
| -----------------------
------------------------------------------------------------------------------------------------

Path Group    From Clock    To Clock          WNS(ns)      TNS(ns)  TNS Failing Endpoints  TNS Total Endpoints      WHS(ns)      THS(ns)  THS Failing Endpoints  THS Total Endpoints  
----------    ----------    --------          -------      -------  ---------------------  -------------------      -------      -------  ---------------------  -------------------  


------------------------------------------------------------------------------------------------
| Timing Details
| --------------
------------------------------------------------------------------------------------------------


---------------------------------------------------------------------------------------------------
From Clock:  vclock
  To Clock:  vclock

Setup :            0  Failing Endpoints,  Worst Slack        0.063ns,  Total Violation        0.000ns
Hold  :            0  Failing Endpoints,  Worst Slack        0.002ns,  Total Violation        0.000ns
PW    :            0  Failing Endpoints,  Worst Slack        2.218ns,  Total Violation        0.000ns
---------------------------------------------------------------------------------------------------


Max Delay Paths
--------------------------------------------------------------------------------------
Slack (MET) :             0.063ns  (required time - arrival time)
  Source:                 demux/sel_reg[3]/C
                            (rising edge-triggered cell FDRE clocked by vclock  {rise@0.000ns fall@2.493ns period=4.987ns})
  Destination:            demux/sel_reg[0]/D
                            (rising edge-triggered cell FDRE clocked by vclock  {rise@0.000ns fall@2.493ns period=4.987ns})
  Path Group:             vclock
  Path Type:              Setup (Max at Slow Process Corner)
  Requirement:            4.987ns  (vclock rise@4.987ns - vclock rise@0.000ns)
  Data Path Delay:        4.830ns  (logic 1.785ns (36.957%)  route 3.045ns (63.043%))
  Logic Levels:           18  (CARRY8=10 LUT2=1 LUT3=3 LUT4=2 LUT5=1 LUT6=1)
  Clock Path Skew:        -0.084ns (DCD - SCD + CPR)
    Destination Clock Delay (DCD):    1.724ns = ( 6.711 - 4.987 ) 
    Source Clock Delay      (SCD):    2.168ns
    Clock Pessimism Removal (CPR):    0.361ns
  Clock Uncertainty:      0.035ns  ((TSJ^2 + TIJ^2)^1/2 + DJ) / 2 + PE
    Total System Jitter     (TSJ):    0.071ns
    Total Input Jitter      (TIJ):    0.000ns
    Discrete Jitter          (DJ):    0.000ns
    Phase Error              (PE):    0.000ns
  Clock Net Delay (Source):      1.222ns (routing 0.171ns, distribution 1.051ns)
  Clock Net Delay (Destination): 1.068ns (routing 0.155ns, distribution 0.913ns)

    Location             Delay type                Incr(ns)  Path(ns)    Netlist Resource(s)
  -------------------------------------------------------------------    -------------------
                         (clock vclock rise edge)     0.000     0.000 r  
    AP13                                              0.000     0.000 r  clk (IN)
                         net (fo=0)                   0.000     0.000    clk_IBUF_inst/I
    AP13                 INBUF (Prop_INBUF_HPIOB_M_PAD_O)
                                                      0.595     0.595 r  clk_IBUF_inst/INBUF_INST/O
                         net (fo=1, routed)           0.000     0.595    clk_IBUF_inst/OUT
    AP13                 IBUFCTRL (Prop_IBUFCTRL_HPIOB_M_I_O)
                                                      0.000     0.595 r  clk_IBUF_inst/IBUFCTRL_INST/O
                         net (fo=1, routed)           0.323     0.918    clk_IBUF
    BUFGCE_X1Y194        BUFGCE (Prop_BUFCE_BUFGCE_I_O)
                                                      0.028     0.946 r  clk_IBUF_BUFG_inst/O
    X4Y8 (CLOCK_ROOT)    net (fo=1904, routed)        1.222     2.168    demux/CLK
    SLICE_X123Y473       FDRE                                         r  demux/sel_reg[3]/C
  -------------------------------------------------------------------    -------------------
    SLICE_X123Y473       FDRE (Prop_CFF_SLICEM_C_Q)
                                                      0.078     2.246 r  demux/sel_reg[3]/Q
                         net (fo=35, routed)          0.264     2.510    demux/sel[3]
    SLICE_X122Y472       CARRY8 (Prop_CARRY8_SLICEL_S[2]_O[7])
                                                      0.198     2.708 f  demux/sel_reg[8]_i_6/O[7]
                         net (fo=40, routed)          0.444     3.152    demux/sel_reg[0]_0[7]
    SLICE_X121Y470       LUT3 (Prop_G6LUT_SLICEM_I0_O)
                                                      0.090     3.242 f  demux/sel[8]_i_238/O
                         net (fo=1, routed)           0.185     3.427    demux/sel[8]_i_238_n_0
    SLICE_X119Y468       CARRY8 (Prop_CARRY8_SLICEM_DI[6]_CO[7])
                                                      0.060     3.487 f  demux/sel_reg[8]_i_213/CO[7]
                         net (fo=1, routed)           0.026     3.513    demux/sel_reg[8]_i_213_n_0
    SLICE_X119Y469       CARRY8 (Prop_CARRY8_SLICEM_CI_CO[5])
                                                      0.077     3.590 f  demux/sel_reg[8]_i_195/CO[5]
                         net (fo=30, routed)          0.242     3.832    demux_n_9
    SLICE_X120Y468       LUT3 (Prop_F5LUT_SLICEL_I1_O)
                                                      0.118     3.950 r  sel[8]_i_136/O
                         net (fo=2, routed)           0.208     4.158    sel[8]_i_136_n_0
    SLICE_X120Y468       LUT4 (Prop_G6LUT_SLICEL_I3_O)
                                                      0.097     4.255 r  sel[8]_i_143/O
                         net (fo=1, routed)           0.008     4.263    demux/sel[8]_i_73_0[5]
    SLICE_X120Y468       CARRY8 (Prop_CARRY8_SLICEL_S[6]_CO[7])
                                                      0.115     4.378 r  demux/sel_reg[8]_i_81/CO[7]
                         net (fo=1, routed)           0.026     4.404    demux/sel_reg[8]_i_81_n_0
    SLICE_X120Y469       CARRY8 (Prop_CARRY8_SLICEL_CI_O[1])
                                                      0.076     4.480 r  demux/sel_reg[8]_i_77/O[1]
                         net (fo=2, routed)           0.304     4.784    demux_n_89
    SLICE_X119Y472       LUT3 (Prop_E5LUT_SLICEM_I1_O)
                                                      0.070     4.854 r  sel[8]_i_32/O
                         net (fo=2, routed)           0.129     4.983    sel[8]_i_32_n_0
    SLICE_X119Y472       LUT4 (Prop_F6LUT_SLICEM_I3_O)
                                                      0.051     5.034 r  sel[8]_i_40/O
                         net (fo=1, routed)           0.022     5.056    demux/sel[8]_i_25_0[5]
    SLICE_X119Y472       CARRY8 (Prop_CARRY8_SLICEM_S[5]_CO[7])
                                                      0.159     5.215 r  demux/sel_reg[8]_i_19/CO[7]
                         net (fo=1, routed)           0.026     5.241    demux/sel_reg[8]_i_19_n_0
    SLICE_X119Y473       CARRY8 (Prop_CARRY8_SLICEM_CI_O[0])
                                                      0.056     5.297 r  demux/sel_reg[8]_i_22/O[0]
                         net (fo=4, routed)           0.319     5.616    demux_n_104
    SLICE_X119Y474       CARRY8 (Prop_CARRY8_SLICEM_S[0]_O[2])
                                                      0.134     5.750 r  sel_reg[8]_i_18/O[2]
                         net (fo=1, routed)           0.181     5.931    sel_reg[8]_i_18_n_13
    SLICE_X120Y474       LUT2 (Prop_F6LUT_SLICEL_I1_O)
                                                      0.049     5.980 r  sel[8]_i_10/O
                         net (fo=1, routed)           0.011     5.991    demux/sel_reg[5]_0[4]
    SLICE_X120Y474       CARRY8 (Prop_CARRY8_SLICEL_S[5]_CO[7])
                                                      0.155     6.146 r  demux/sel_reg[8]_i_4/CO[7]
                         net (fo=1, routed)           0.026     6.172    demux/sel_reg[8]_i_4_n_0
    SLICE_X120Y475       CARRY8 (Prop_CARRY8_SLICEL_CI_O[1])
                                                      0.076     6.248 r  demux/sel_reg[8]_i_5/O[1]
                         net (fo=10, routed)          0.232     6.480    demux/sel_reg[8]_i_5_n_14
    SLICE_X121Y475       LUT5 (Prop_E6LUT_SLICEM_I4_O)
                                                      0.037     6.517 r  demux/sel[3]_i_2/O
                         net (fo=4, routed)           0.096     6.613    demux/sel[3]_i_2_n_0
    SLICE_X121Y474       LUT6 (Prop_B6LUT_SLICEM_I1_O)
                                                      0.089     6.702 r  demux/sel[0]_i_1/O
                         net (fo=1, routed)           0.296     6.998    demux/sel20_in[0]
    SLICE_X122Y474       FDRE                                         r  demux/sel_reg[0]/D
  -------------------------------------------------------------------    -------------------

                         (clock vclock rise edge)     4.987     4.987 r  
    AP13                                              0.000     4.987 r  clk (IN)
                         net (fo=0)                   0.000     4.987    clk_IBUF_inst/I
    AP13                 INBUF (Prop_INBUF_HPIOB_M_PAD_O)
                                                      0.345     5.332 r  clk_IBUF_inst/INBUF_INST/O
                         net (fo=1, routed)           0.000     5.332    clk_IBUF_inst/OUT
    AP13                 IBUFCTRL (Prop_IBUFCTRL_HPIOB_M_I_O)
                                                      0.000     5.332 r  clk_IBUF_inst/IBUFCTRL_INST/O
                         net (fo=1, routed)           0.287     5.619    clk_IBUF
    BUFGCE_X1Y194        BUFGCE (Prop_BUFCE_BUFGCE_I_O)
                                                      0.024     5.643 r  clk_IBUF_BUFG_inst/O
    X4Y8 (CLOCK_ROOT)    net (fo=1904, routed)        1.068     6.711    demux/CLK
    SLICE_X122Y474       FDRE                                         r  demux/sel_reg[0]/C
                         clock pessimism              0.361     7.071    
                         clock uncertainty           -0.035     7.036    
    SLICE_X122Y474       FDRE (Setup_DFF2_SLICEL_C_D)
                                                      0.025     7.061    demux/sel_reg[0]
  -------------------------------------------------------------------
                         required time                          7.061    
                         arrival time                          -6.998    
  -------------------------------------------------------------------
                         slack                                  0.063    





Min Delay Paths
--------------------------------------------------------------------------------------
Slack (MET) :             0.002ns  (arrival time - required time)
  Source:                 demux/genblk1[46].z_reg[46][3]/C
                            (rising edge-triggered cell FDRE clocked by vclock  {rise@0.000ns fall@2.493ns period=4.987ns})
  Destination:            genblk1[46].reg_in/reg_out_reg[3]/D
                            (rising edge-triggered cell FDRE clocked by vclock  {rise@0.000ns fall@2.493ns period=4.987ns})
  Path Group:             vclock
  Path Type:              Hold (Min at Slow Process Corner)
  Requirement:            0.000ns  (vclock rise@0.000ns - vclock rise@0.000ns)
  Data Path Delay:        0.179ns  (logic 0.061ns (34.078%)  route 0.118ns (65.922%))
  Logic Levels:           0  
  Clock Path Skew:        0.117ns (DCD - SCD - CPR)
    Destination Clock Delay (DCD):    2.197ns
    Source Clock Delay      (SCD):    1.721ns
    Clock Pessimism Removal (CPR):    0.359ns
  Clock Net Delay (Source):      1.065ns (routing 0.155ns, distribution 0.910ns)
  Clock Net Delay (Destination): 1.251ns (routing 0.171ns, distribution 1.080ns)

    Location             Delay type                Incr(ns)  Path(ns)    Netlist Resource(s)
  -------------------------------------------------------------------    -------------------
                         (clock vclock rise edge)     0.000     0.000 r  
    AP13                                              0.000     0.000 r  clk (IN)
                         net (fo=0)                   0.000     0.000    clk_IBUF_inst/I
    AP13                 INBUF (Prop_INBUF_HPIOB_M_PAD_O)
                                                      0.345     0.345 r  clk_IBUF_inst/INBUF_INST/O
                         net (fo=1, routed)           0.000     0.345    clk_IBUF_inst/OUT
    AP13                 IBUFCTRL (Prop_IBUFCTRL_HPIOB_M_I_O)
                                                      0.000     0.345 r  clk_IBUF_inst/IBUFCTRL_INST/O
                         net (fo=1, routed)           0.287     0.632    clk_IBUF
    BUFGCE_X1Y194        BUFGCE (Prop_BUFCE_BUFGCE_I_O)
                                                      0.024     0.656 r  clk_IBUF_BUFG_inst/O
    X4Y8 (CLOCK_ROOT)    net (fo=1904, routed)        1.065     1.721    demux/CLK
    SLICE_X128Y497       FDRE                                         r  demux/genblk1[46].z_reg[46][3]/C
  -------------------------------------------------------------------    -------------------
    SLICE_X128Y497       FDRE (Prop_DFF2_SLICEL_C_Q)
                                                      0.061     1.782 r  demux/genblk1[46].z_reg[46][3]/Q
                         net (fo=1, routed)           0.118     1.900    genblk1[46].reg_in/D[3]
    SLICE_X129Y497       FDRE                                         r  genblk1[46].reg_in/reg_out_reg[3]/D
  -------------------------------------------------------------------    -------------------

                         (clock vclock rise edge)     0.000     0.000 r  
    AP13                                              0.000     0.000 r  clk (IN)
                         net (fo=0)                   0.000     0.000    clk_IBUF_inst/I
    AP13                 INBUF (Prop_INBUF_HPIOB_M_PAD_O)
                                                      0.595     0.595 r  clk_IBUF_inst/INBUF_INST/O
                         net (fo=1, routed)           0.000     0.595    clk_IBUF_inst/OUT
    AP13                 IBUFCTRL (Prop_IBUFCTRL_HPIOB_M_I_O)
                                                      0.000     0.595 r  clk_IBUF_inst/IBUFCTRL_INST/O
                         net (fo=1, routed)           0.323     0.918    clk_IBUF
    BUFGCE_X1Y194        BUFGCE (Prop_BUFCE_BUFGCE_I_O)
                                                      0.028     0.946 r  clk_IBUF_BUFG_inst/O
    X4Y8 (CLOCK_ROOT)    net (fo=1904, routed)        1.251     2.197    genblk1[46].reg_in/CLK
    SLICE_X129Y497       FDRE                                         r  genblk1[46].reg_in/reg_out_reg[3]/C
                         clock pessimism             -0.359     1.838    
    SLICE_X129Y497       FDRE (Hold_AFF_SLICEM_C_D)
                                                      0.060     1.898    genblk1[46].reg_in/reg_out_reg[3]
  -------------------------------------------------------------------
                         required time                         -1.898    
                         arrival time                           1.900    
  -------------------------------------------------------------------
                         slack                                  0.002    





Pulse Width Checks
--------------------------------------------------------------------------------------
Clock Name:         vclock
Waveform(ns):       { 0.000 2.494 }
Period(ns):         4.987
Sources:            { clk }

Check Type        Corner  Lib Pin   Reference Pin  Required(ns)  Actual(ns)  Slack(ns)  Location        Pin
Min Period        n/a     BUFGCE/I  n/a            1.290         4.987       3.697      BUFGCE_X1Y194   clk_IBUF_BUFG_inst/I
Low Pulse Width   Slow    FDRE/C    n/a            0.275         2.493       2.218      SLICE_X125Y482  genblk1[127].reg_in/reg_out_reg[0]/C
High Pulse Width  Fast    FDRE/C    n/a            0.275         2.493       2.218      SLICE_X122Y496  demux/genblk1[14].z_reg[14][7]/C



