Copyright 1986-2020 Xilinx, Inc. All Rights Reserved.
---------------------------------------------------------------------------------------------
| Tool Version      : Vivado v.2020.1 (lin64) Build 2902540 Wed May 27 19:54:35 MDT 2020
| Date              : Tue Mar 15 12:37:18 2022
| Host              : lepus running 64-bit CentOS Linux release 7.9.2009 (Core)
| Command           : report_timing_summary -file ./output/fc1_110/report/timing-summary.rpt
| Design            : top
| Device            : xcvu9p-flga2104
| Speed File        : -2L  PRODUCTION 1.27 02-28-2020
| Temperature Grade : E
---------------------------------------------------------------------------------------------

Timing Summary Report

------------------------------------------------------------------------------------------------
| Timer Settings
| --------------
------------------------------------------------------------------------------------------------

  Enable Multi Corner Analysis               :  Yes
  Enable Pessimism Removal                   :  Yes
  Pessimism Removal Resolution               :  Nearest Common Node
  Enable Input Delay Default Clock           :  No
  Enable Preset / Clear Arcs                 :  No
  Disable Flight Delays                      :  No
  Ignore I/O Paths                           :  No
  Timing Early Launch at Borrowing Latches   :  No
  Borrow Time for Max Delay Exceptions       :  Yes
  Merge Timing Exceptions                    :  Yes

  Corner  Analyze    Analyze    
  Name    Max Paths  Min Paths  
  ------  ---------  ---------  
  Slow    Yes        Yes        
  Fast    Yes        Yes        



check_timing report

Table of Contents
-----------------
1. checking no_clock (0)
2. checking constant_clock (0)
3. checking pulse_width_clock (0)
4. checking unconstrained_internal_endpoints (0)
5. checking no_input_delay (10)
6. checking no_output_delay (24)
7. checking multiple_clock (0)
8. checking generated_clocks (0)
9. checking loops (0)
10. checking partial_input_delay (0)
11. checking partial_output_delay (0)
12. checking latch_loops (0)

1. checking no_clock (0)
------------------------
 There are 0 register/latch pins with no clock.


2. checking constant_clock (0)
------------------------------
 There are 0 register/latch pins with constant_clock.


3. checking pulse_width_clock (0)
---------------------------------
 There are 0 register/latch pins which need pulse_width check


4. checking unconstrained_internal_endpoints (0)
------------------------------------------------
 There are 0 pins that are not constrained for maximum delay.

 There are 0 pins that are not constrained for maximum delay due to constant clock.


5. checking no_input_delay (10)
-------------------------------
 There are 10 input ports with no input delay specified. (HIGH)

 There are 0 input ports with no input delay but user has a false path constraint.


6. checking no_output_delay (24)
--------------------------------
 There are 24 ports with no output delay specified. (HIGH)

 There are 0 ports with no output delay but user has a false path constraint

 There are 0 ports with no output delay but with a timing clock defined on it or propagating through it


7. checking multiple_clock (0)
------------------------------
 There are 0 register/latch pins with multiple clocks.


8. checking generated_clocks (0)
--------------------------------
 There are 0 generated clocks that are not connected to a clock source.


9. checking loops (0)
---------------------
 There are 0 combinational loops in the design.


10. checking partial_input_delay (0)
------------------------------------
 There are 0 input ports with partial input delay specified.


11. checking partial_output_delay (0)
-------------------------------------
 There are 0 ports with partial output delay specified.


12. checking latch_loops (0)
----------------------------
 There are 0 combinational latch loops in the design through latch input



------------------------------------------------------------------------------------------------
| Design Timing Summary
| ---------------------
------------------------------------------------------------------------------------------------

    WNS(ns)      TNS(ns)  TNS Failing Endpoints  TNS Total Endpoints      WHS(ns)      THS(ns)  THS Failing Endpoints  THS Total Endpoints     WPWS(ns)     TPWS(ns)  TPWS Failing Endpoints  TPWS Total Endpoints  
    -------      -------  ---------------------  -------------------      -------      -------  ---------------------  -------------------     --------     --------  ----------------------  --------------------  
      0.070        0.000                      0                 3121        0.011        0.000                      0                 3121        2.133        0.000                       0                  3122  


All user specified timing constraints are met.


------------------------------------------------------------------------------------------------
| Clock Summary
| -------------
------------------------------------------------------------------------------------------------

Clock   Waveform(ns)         Period(ns)      Frequency(MHz)
-----   ------------         ----------      --------------
vclock  {0.000 2.409}        4.817           207.598         


------------------------------------------------------------------------------------------------
| Intra Clock Table
| -----------------
------------------------------------------------------------------------------------------------

Clock             WNS(ns)      TNS(ns)  TNS Failing Endpoints  TNS Total Endpoints      WHS(ns)      THS(ns)  THS Failing Endpoints  THS Total Endpoints     WPWS(ns)     TPWS(ns)  TPWS Failing Endpoints  TPWS Total Endpoints  
-----             -------      -------  ---------------------  -------------------      -------      -------  ---------------------  -------------------     --------     --------  ----------------------  --------------------  
vclock              0.070        0.000                      0                 3121        0.011        0.000                      0                 3121        2.133        0.000                       0                  3122  


------------------------------------------------------------------------------------------------
| Inter Clock Table
| -----------------
------------------------------------------------------------------------------------------------

From Clock    To Clock          WNS(ns)      TNS(ns)  TNS Failing Endpoints  TNS Total Endpoints      WHS(ns)      THS(ns)  THS Failing Endpoints  THS Total Endpoints  
----------    --------          -------      -------  ---------------------  -------------------      -------      -------  ---------------------  -------------------  


------------------------------------------------------------------------------------------------
| Other Path Groups Table
| -----------------------
------------------------------------------------------------------------------------------------

Path Group    From Clock    To Clock          WNS(ns)      TNS(ns)  TNS Failing Endpoints  TNS Total Endpoints      WHS(ns)      THS(ns)  THS Failing Endpoints  THS Total Endpoints  
----------    ----------    --------          -------      -------  ---------------------  -------------------      -------      -------  ---------------------  -------------------  


------------------------------------------------------------------------------------------------
| Timing Details
| --------------
------------------------------------------------------------------------------------------------


---------------------------------------------------------------------------------------------------
From Clock:  vclock
  To Clock:  vclock

Setup :            0  Failing Endpoints,  Worst Slack        0.070ns,  Total Violation        0.000ns
Hold  :            0  Failing Endpoints,  Worst Slack        0.011ns,  Total Violation        0.000ns
PW    :            0  Failing Endpoints,  Worst Slack        2.133ns,  Total Violation        0.000ns
---------------------------------------------------------------------------------------------------


Max Delay Paths
--------------------------------------------------------------------------------------
Slack (MET) :             0.070ns  (required time - arrival time)
  Source:                 demux/sel_reg[1]/C
                            (rising edge-triggered cell FDRE clocked by vclock  {rise@0.000ns fall@2.408ns period=4.817ns})
  Destination:            demux/sel_reg[2]/D
                            (rising edge-triggered cell FDRE clocked by vclock  {rise@0.000ns fall@2.408ns period=4.817ns})
  Path Group:             vclock
  Path Type:              Setup (Max at Slow Process Corner)
  Requirement:            4.817ns  (vclock rise@4.817ns - vclock rise@0.000ns)
  Data Path Delay:        4.643ns  (logic 1.879ns (40.470%)  route 2.764ns (59.530%))
  Logic Levels:           17  (CARRY8=7 LUT2=4 LUT3=2 LUT4=3 LUT6=1)
  Clock Path Skew:        -0.093ns (DCD - SCD + CPR)
    Destination Clock Delay (DCD):    2.441ns = ( 7.258 - 4.817 ) 
    Source Clock Delay      (SCD):    2.961ns
    Clock Pessimism Removal (CPR):    0.427ns
  Clock Uncertainty:      0.035ns  ((TSJ^2 + TIJ^2)^1/2 + DJ) / 2 + PE
    Total System Jitter     (TSJ):    0.071ns
    Total Input Jitter      (TIJ):    0.000ns
    Discrete Jitter          (DJ):    0.000ns
    Phase Error              (PE):    0.000ns
  Clock Net Delay (Source):      2.000ns (routing 1.064ns, distribution 0.936ns)
  Clock Net Delay (Destination): 1.771ns (routing 0.967ns, distribution 0.804ns)

    Location             Delay type                Incr(ns)  Path(ns)    Netlist Resource(s)
  -------------------------------------------------------------------    -------------------
                         (clock vclock rise edge)     0.000     0.000 r  
    AR14                                              0.000     0.000 r  clk (IN)
                         net (fo=0)                   0.000     0.000    clk_IBUF_inst/I
    AR14                 INBUF (Prop_INBUF_HPIOB_M_PAD_O)
                                                      0.610     0.610 r  clk_IBUF_inst/INBUF_INST/O
                         net (fo=1, routed)           0.000     0.610    clk_IBUF_inst/OUT
    AR14                 IBUFCTRL (Prop_IBUFCTRL_HPIOB_M_I_O)
                                                      0.000     0.610 r  clk_IBUF_inst/IBUFCTRL_INST/O
                         net (fo=1, routed)           0.323     0.933    clk_IBUF
    BUFGCE_X1Y212        BUFGCE (Prop_BUFCE_BUFGCE_I_O)
                                                      0.028     0.961 r  clk_IBUF_BUFG_inst/O
    X4Y6 (CLOCK_ROOT)    net (fo=3121, routed)        2.000     2.961    demux/CLK
    SLICE_X121Y469       FDRE                                         r  demux/sel_reg[1]/C
  -------------------------------------------------------------------    -------------------
    SLICE_X121Y469       FDRE (Prop_DFF_SLICEM_C_Q)
                                                      0.078     3.039 r  demux/sel_reg[1]/Q
                         net (fo=71, routed)          0.227     3.266    demux/sel[1]
    SLICE_X120Y468       CARRY8 (Prop_CARRY8_SLICEL_S[0]_O[5])
                                                      0.238     3.504 r  demux/sel_reg[8]_i_6/O[5]
                         net (fo=36, routed)          0.200     3.704    demux/p_1_in[5]
    SLICE_X121Y466       LUT3 (Prop_C5LUT_SLICEM_I2_O)
                                                      0.111     3.815 r  demux/sel[8]_i_221/O
                         net (fo=2, routed)           0.104     3.919    demux/sel[8]_i_221_n_0
    SLICE_X121Y466       LUT4 (Prop_D6LUT_SLICEM_I3_O)
                                                      0.099     4.018 r  demux/sel[8]_i_228/O
                         net (fo=1, routed)           0.025     4.043    demux/sel[8]_i_228_n_0
    SLICE_X121Y466       CARRY8 (Prop_CARRY8_SLICEM_S[3]_CO[7])
                                                      0.163     4.206 f  demux/sel_reg[8]_i_191/CO[7]
                         net (fo=1, routed)           0.026     4.232    demux/sel_reg[8]_i_191_n_0
    SLICE_X121Y467       CARRY8 (Prop_CARRY8_SLICEM_CI_CO[5])
                                                      0.077     4.309 f  demux/sel_reg[8]_i_167/CO[5]
                         net (fo=36, routed)          0.264     4.573    demux_n_10
    SLICE_X119Y470       LUT2 (Prop_B5LUT_SLICEM_I1_O)
                                                      0.116     4.689 r  sel[8]_i_101/O
                         net (fo=17, routed)          0.298     4.987    demux/sel[8]_i_64[1]
    SLICE_X119Y468       CARRY8 (Prop_CARRY8_SLICEM_DI[2]_O[5])
                                                      0.186     5.173 r  demux/sel_reg[8]_i_81/O[5]
                         net (fo=2, routed)           0.245     5.418    demux_n_86
    SLICE_X118Y469       LUT3 (Prop_A5LUT_SLICEL_I2_O)
                                                      0.069     5.487 r  sel[8]_i_36/O
                         net (fo=2, routed)           0.227     5.714    sel[8]_i_36_n_0
    SLICE_X118Y469       LUT4 (Prop_B6LUT_SLICEL_I3_O)
                                                      0.098     5.812 r  sel[8]_i_44/O
                         net (fo=1, routed)           0.009     5.821    demux/sel[8]_i_28_0[1]
    SLICE_X118Y469       CARRY8 (Prop_CARRY8_SLICEL_S[1]_O[5])
                                                      0.233     6.054 f  demux/sel_reg[8]_i_20/O[5]
                         net (fo=5, routed)           0.326     6.380    demux_n_19
    SLICE_X121Y470       LUT2 (Prop_E5LUT_SLICEM_I1_O)
                                                      0.102     6.482 r  sel[8]_i_21/O
                         net (fo=2, routed)           0.182     6.664    sel[8]_i_21_n_0
    SLICE_X121Y470       LUT4 (Prop_F6LUT_SLICEM_I0_O)
                                                      0.051     6.715 r  sel[8]_i_24/O
                         net (fo=1, routed)           0.022     6.737    demux/sel[8]_i_14_0[4]
    SLICE_X121Y470       CARRY8 (Prop_CARRY8_SLICEM_S[5]_O[5])
                                                      0.058     6.795 r  demux/sel_reg[8]_i_19/O[5]
                         net (fo=1, routed)           0.231     7.026    demux_n_105
    SLICE_X120Y471       LUT2 (Prop_A6LUT_SLICEL_I1_O)
                                                      0.035     7.061 r  sel[8]_i_8/O
                         net (fo=1, routed)           0.009     7.070    demux/sel_reg[6]_1[0]
    SLICE_X120Y471       CARRY8 (Prop_CARRY8_SLICEL_S[0]_O[0])
                                                      0.063     7.133 f  demux/sel_reg[8]_i_3/O[0]
                         net (fo=6, routed)           0.180     7.313    demux/sel_reg[8]_i_3_n_15
    SLICE_X121Y471       LUT2 (Prop_D6LUT_SLICEM_I1_O)
                                                      0.051     7.364 r  demux/sel[4]_i_2/O
                         net (fo=4, routed)           0.140     7.504    demux/sel[4]_i_2_n_0
    SLICE_X120Y472       LUT6 (Prop_B6LUT_SLICEL_I0_O)
                                                      0.051     7.555 r  demux/sel[2]_i_1/O
                         net (fo=1, routed)           0.049     7.604    demux/sel20_in[2]
    SLICE_X120Y472       FDRE                                         r  demux/sel_reg[2]/D
  -------------------------------------------------------------------    -------------------

                         (clock vclock rise edge)     4.817     4.817 r  
    AR14                                              0.000     4.817 r  clk (IN)
                         net (fo=0)                   0.000     4.817    clk_IBUF_inst/I
    AR14                 INBUF (Prop_INBUF_HPIOB_M_PAD_O)
                                                      0.359     5.176 r  clk_IBUF_inst/INBUF_INST/O
                         net (fo=1, routed)           0.000     5.176    clk_IBUF_inst/OUT
    AR14                 IBUFCTRL (Prop_IBUFCTRL_HPIOB_M_I_O)
                                                      0.000     5.176 r  clk_IBUF_inst/IBUFCTRL_INST/O
                         net (fo=1, routed)           0.287     5.463    clk_IBUF
    BUFGCE_X1Y212        BUFGCE (Prop_BUFCE_BUFGCE_I_O)
                                                      0.024     5.487 r  clk_IBUF_BUFG_inst/O
    X4Y6 (CLOCK_ROOT)    net (fo=3121, routed)        1.771     7.258    demux/CLK
    SLICE_X120Y472       FDRE                                         r  demux/sel_reg[2]/C
                         clock pessimism              0.427     7.685    
                         clock uncertainty           -0.035     7.650    
    SLICE_X120Y472       FDRE (Setup_BFF_SLICEL_C_D)
                                                      0.025     7.675    demux/sel_reg[2]
  -------------------------------------------------------------------
                         required time                          7.675    
                         arrival time                          -7.604    
  -------------------------------------------------------------------
                         slack                                  0.070    





Min Delay Paths
--------------------------------------------------------------------------------------
Slack (MET) :             0.011ns  (arrival time - required time)
  Source:                 demux/genblk1[25].z_reg[25][5]/C
                            (rising edge-triggered cell FDRE clocked by vclock  {rise@0.000ns fall@2.408ns period=4.817ns})
  Destination:            genblk1[25].reg_in/reg_out_reg[5]/D
                            (rising edge-triggered cell FDRE clocked by vclock  {rise@0.000ns fall@2.408ns period=4.817ns})
  Path Group:             vclock
  Path Type:              Hold (Min at Slow Process Corner)
  Requirement:            0.000ns  (vclock rise@0.000ns - vclock rise@0.000ns)
  Data Path Delay:        0.131ns  (logic 0.060ns (45.801%)  route 0.071ns (54.198%))
  Logic Levels:           0  
  Clock Path Skew:        0.058ns (DCD - SCD - CPR)
    Destination Clock Delay (DCD):    2.904ns
    Source Clock Delay      (SCD):    2.373ns
    Clock Pessimism Removal (CPR):    0.473ns
  Clock Net Delay (Source):      1.703ns (routing 0.967ns, distribution 0.736ns)
  Clock Net Delay (Destination): 1.943ns (routing 1.064ns, distribution 0.879ns)

    Location             Delay type                Incr(ns)  Path(ns)    Netlist Resource(s)
  -------------------------------------------------------------------    -------------------
                         (clock vclock rise edge)     0.000     0.000 r  
    AR14                                              0.000     0.000 r  clk (IN)
                         net (fo=0)                   0.000     0.000    clk_IBUF_inst/I
    AR14                 INBUF (Prop_INBUF_HPIOB_M_PAD_O)
                                                      0.359     0.359 r  clk_IBUF_inst/INBUF_INST/O
                         net (fo=1, routed)           0.000     0.359    clk_IBUF_inst/OUT
    AR14                 IBUFCTRL (Prop_IBUFCTRL_HPIOB_M_I_O)
                                                      0.000     0.359 r  clk_IBUF_inst/IBUFCTRL_INST/O
                         net (fo=1, routed)           0.287     0.646    clk_IBUF
    BUFGCE_X1Y212        BUFGCE (Prop_BUFCE_BUFGCE_I_O)
                                                      0.024     0.670 r  clk_IBUF_BUFG_inst/O
    X4Y6 (CLOCK_ROOT)    net (fo=3121, routed)        1.703     2.373    demux/CLK
    SLICE_X126Y413       FDRE                                         r  demux/genblk1[25].z_reg[25][5]/C
  -------------------------------------------------------------------    -------------------
    SLICE_X126Y413       FDRE (Prop_FFF2_SLICEL_C_Q)
                                                      0.060     2.433 r  demux/genblk1[25].z_reg[25][5]/Q
                         net (fo=1, routed)           0.071     2.504    genblk1[25].reg_in/D[5]
    SLICE_X126Y410       FDRE                                         r  genblk1[25].reg_in/reg_out_reg[5]/D
  -------------------------------------------------------------------    -------------------

                         (clock vclock rise edge)     0.000     0.000 r  
    AR14                                              0.000     0.000 r  clk (IN)
                         net (fo=0)                   0.000     0.000    clk_IBUF_inst/I
    AR14                 INBUF (Prop_INBUF_HPIOB_M_PAD_O)
                                                      0.610     0.610 r  clk_IBUF_inst/INBUF_INST/O
                         net (fo=1, routed)           0.000     0.610    clk_IBUF_inst/OUT
    AR14                 IBUFCTRL (Prop_IBUFCTRL_HPIOB_M_I_O)
                                                      0.000     0.610 r  clk_IBUF_inst/IBUFCTRL_INST/O
                         net (fo=1, routed)           0.323     0.933    clk_IBUF
    BUFGCE_X1Y212        BUFGCE (Prop_BUFCE_BUFGCE_I_O)
                                                      0.028     0.961 r  clk_IBUF_BUFG_inst/O
    X4Y6 (CLOCK_ROOT)    net (fo=3121, routed)        1.943     2.904    genblk1[25].reg_in/CLK
    SLICE_X126Y410       FDRE                                         r  genblk1[25].reg_in/reg_out_reg[5]/C
                         clock pessimism             -0.473     2.431    
    SLICE_X126Y410       FDRE (Hold_HFF2_SLICEL_C_D)
                                                      0.062     2.493    genblk1[25].reg_in/reg_out_reg[5]
  -------------------------------------------------------------------
                         required time                         -2.493    
                         arrival time                           2.504    
  -------------------------------------------------------------------
                         slack                                  0.011    





Pulse Width Checks
--------------------------------------------------------------------------------------
Clock Name:         vclock
Waveform(ns):       { 0.000 2.409 }
Period(ns):         4.817
Sources:            { clk }

Check Type        Corner  Lib Pin   Reference Pin  Required(ns)  Actual(ns)  Slack(ns)  Location        Pin
Min Period        n/a     BUFGCE/I  n/a            1.290         4.817       3.527      BUFGCE_X1Y212   clk_IBUF_BUFG_inst/I
Low Pulse Width   Slow    FDRE/C    n/a            0.275         2.408       2.133      SLICE_X130Y443  genblk1[100].reg_in/reg_out_reg[1]/C
High Pulse Width  Fast    FDRE/C    n/a            0.275         2.408       2.133      SLICE_X134Y455  demux/genblk1[315].z_reg[315][0]/C



