Copyright 1986-2020 Xilinx, Inc. All Rights Reserved.
-------------------------------------------------------------------------------------------------------
| Tool Version      : Vivado v.2020.1 (lin64) Build 2902540 Wed May 27 19:54:35 MDT 2020
| Date              : Mon Mar 14 20:33:05 2022
| Host              : lepus running 64-bit CentOS Linux release 7.9.2009 (Core)
| Command           : report_timing_summary -file ./output/fc1_25/report/timing-summary-post-place.rpt
| Design            : top
| Device            : xcvu9p-flga2104
| Speed File        : -2L  PRODUCTION 1.27 02-28-2020
| Temperature Grade : E
-------------------------------------------------------------------------------------------------------

Timing Summary Report

------------------------------------------------------------------------------------------------
| Timer Settings
| --------------
------------------------------------------------------------------------------------------------

  Enable Multi Corner Analysis               :  Yes
  Enable Pessimism Removal                   :  Yes
  Pessimism Removal Resolution               :  Nearest Common Node
  Enable Input Delay Default Clock           :  No
  Enable Preset / Clear Arcs                 :  No
  Disable Flight Delays                      :  No
  Ignore I/O Paths                           :  No
  Timing Early Launch at Borrowing Latches   :  No
  Borrow Time for Max Delay Exceptions       :  Yes
  Merge Timing Exceptions                    :  Yes

  Corner  Analyze    Analyze    
  Name    Max Paths  Min Paths  
  ------  ---------  ---------  
  Slow    Yes        Yes        
  Fast    Yes        Yes        



check_timing report

Table of Contents
-----------------
1. checking no_clock (0)
2. checking constant_clock (0)
3. checking pulse_width_clock (0)
4. checking unconstrained_internal_endpoints (0)
5. checking no_input_delay (10)
6. checking no_output_delay (24)
7. checking multiple_clock (0)
8. checking generated_clocks (0)
9. checking loops (0)
10. checking partial_input_delay (0)
11. checking partial_output_delay (0)
12. checking latch_loops (0)

1. checking no_clock (0)
------------------------
 There are 0 register/latch pins with no clock.


2. checking constant_clock (0)
------------------------------
 There are 0 register/latch pins with constant_clock.


3. checking pulse_width_clock (0)
---------------------------------
 There are 0 register/latch pins which need pulse_width check


4. checking unconstrained_internal_endpoints (0)
------------------------------------------------
 There are 0 pins that are not constrained for maximum delay.

 There are 0 pins that are not constrained for maximum delay due to constant clock.


5. checking no_input_delay (10)
-------------------------------
 There are 10 input ports with no input delay specified. (HIGH)

 There are 0 input ports with no input delay but user has a false path constraint.


6. checking no_output_delay (24)
--------------------------------
 There are 24 ports with no output delay specified. (HIGH)

 There are 0 ports with no output delay but user has a false path constraint

 There are 0 ports with no output delay but with a timing clock defined on it or propagating through it


7. checking multiple_clock (0)
------------------------------
 There are 0 register/latch pins with multiple clocks.


8. checking generated_clocks (0)
--------------------------------
 There are 0 generated clocks that are not connected to a clock source.


9. checking loops (0)
---------------------
 There are 0 combinational loops in the design.


10. checking partial_input_delay (0)
------------------------------------
 There are 0 input ports with partial input delay specified.


11. checking partial_output_delay (0)
-------------------------------------
 There are 0 ports with partial output delay specified.


12. checking latch_loops (0)
----------------------------
 There are 0 combinational latch loops in the design through latch input



------------------------------------------------------------------------------------------------
| Design Timing Summary
| ---------------------
------------------------------------------------------------------------------------------------

    WNS(ns)      TNS(ns)  TNS Failing Endpoints  TNS Total Endpoints      WHS(ns)      THS(ns)  THS Failing Endpoints  THS Total Endpoints     WPWS(ns)     TPWS(ns)  TPWS Failing Endpoints  TPWS Total Endpoints  
    -------      -------  ---------------------  -------------------      -------      -------  ---------------------  -------------------     --------     --------  ----------------------  --------------------  
     -1.017      -13.632                     24                 2769       -0.027       -0.319                     22                 2769        1.725        0.000                       0                  2770  


Timing constraints are not met.


------------------------------------------------------------------------------------------------
| Clock Summary
| -------------
------------------------------------------------------------------------------------------------

Clock          Waveform(ns)         Period(ns)      Frequency(MHz)
-----          ------------         ----------      --------------
virtual_clock  {0.000 2.000}        4.000           250.000         


------------------------------------------------------------------------------------------------
| Intra Clock Table
| -----------------
------------------------------------------------------------------------------------------------

Clock              WNS(ns)      TNS(ns)  TNS Failing Endpoints  TNS Total Endpoints      WHS(ns)      THS(ns)  THS Failing Endpoints  THS Total Endpoints     WPWS(ns)     TPWS(ns)  TPWS Failing Endpoints  TPWS Total Endpoints  
-----              -------      -------  ---------------------  -------------------      -------      -------  ---------------------  -------------------     --------     --------  ----------------------  --------------------  
virtual_clock       -1.017      -13.632                     24                 2769       -0.027       -0.319                     22                 2769        1.725        0.000                       0                  2770  


------------------------------------------------------------------------------------------------
| Inter Clock Table
| -----------------
------------------------------------------------------------------------------------------------

From Clock    To Clock          WNS(ns)      TNS(ns)  TNS Failing Endpoints  TNS Total Endpoints      WHS(ns)      THS(ns)  THS Failing Endpoints  THS Total Endpoints  
----------    --------          -------      -------  ---------------------  -------------------      -------      -------  ---------------------  -------------------  


------------------------------------------------------------------------------------------------
| Other Path Groups Table
| -----------------------
------------------------------------------------------------------------------------------------

Path Group    From Clock    To Clock          WNS(ns)      TNS(ns)  TNS Failing Endpoints  TNS Total Endpoints      WHS(ns)      THS(ns)  THS Failing Endpoints  THS Total Endpoints  
----------    ----------    --------          -------      -------  ---------------------  -------------------      -------      -------  ---------------------  -------------------  


------------------------------------------------------------------------------------------------
| Timing Details
| --------------
------------------------------------------------------------------------------------------------


---------------------------------------------------------------------------------------------------
From Clock:  virtual_clock
  To Clock:  virtual_clock

Setup :           24  Failing Endpoints,  Worst Slack       -1.017ns,  Total Violation      -13.632ns
Hold  :           22  Failing Endpoints,  Worst Slack       -0.027ns,  Total Violation       -0.319ns
PW    :            0  Failing Endpoints,  Worst Slack        1.725ns,  Total Violation        0.000ns
---------------------------------------------------------------------------------------------------


Max Delay Paths
--------------------------------------------------------------------------------------
Slack (VIOLATED) :        -1.017ns  (required time - arrival time)
  Source:                 demux/sel_reg[3]/C
                            (rising edge-triggered cell FDRE clocked by virtual_clock  {rise@0.000ns fall@2.000ns period=4.000ns})
  Destination:            demux/sel_reg[1]/D
                            (rising edge-triggered cell FDRE clocked by virtual_clock  {rise@0.000ns fall@2.000ns period=4.000ns})
  Path Group:             virtual_clock
  Path Type:              Setup (Max at Slow Process Corner)
  Requirement:            4.000ns  (virtual_clock rise@4.000ns - virtual_clock rise@0.000ns)
  Data Path Delay:        4.939ns  (logic 1.914ns (38.753%)  route 3.025ns (61.247%))
  Logic Levels:           18  (CARRY8=9 LUT2=1 LUT3=3 LUT4=3 LUT6=2)
  Clock Path Skew:        -0.068ns (DCD - SCD + CPR)
    Destination Clock Delay (DCD):    1.768ns = ( 5.768 - 4.000 ) 
    Source Clock Delay      (SCD):    2.256ns
    Clock Pessimism Removal (CPR):    0.420ns
  Clock Uncertainty:      0.035ns  ((TSJ^2 + TIJ^2)^1/2 + DJ) / 2 + PE
    Total System Jitter     (TSJ):    0.071ns
    Total Input Jitter      (TIJ):    0.000ns
    Discrete Jitter          (DJ):    0.000ns
    Phase Error              (PE):    0.000ns
  Clock Net Delay (Source):      1.295ns (routing 0.210ns, distribution 1.085ns)
  Clock Net Delay (Destination): 1.098ns (routing 0.190ns, distribution 0.908ns)

    Location             Delay type                Incr(ns)  Path(ns)    Netlist Resource(s)
  -------------------------------------------------------------------    -------------------
                         (clock virtual_clock rise edge)
                                                      0.000     0.000 r  
    AR14                                              0.000     0.000 r  clk (IN)
                         net (fo=0)                   0.000     0.000    clk_IBUF_inst/I
    AR14                 INBUF (Prop_INBUF_HPIOB_M_PAD_O)
                                                      0.610     0.610 r  clk_IBUF_inst/INBUF_INST/O
                         net (fo=1, routed)           0.000     0.610    clk_IBUF_inst/OUT
    AR14                 IBUFCTRL (Prop_IBUFCTRL_HPIOB_M_I_O)
                                                      0.000     0.610 r  clk_IBUF_inst/IBUFCTRL_INST/O
                         net (fo=1, estimated)        0.323     0.933    clk_IBUF
    BUFGCE_X1Y212        BUFGCE (Prop_BUFCE_BUFGCE_I_O)
                                                      0.028     0.961 r  clk_IBUF_BUFG_inst/O
    X4Y8 (CLOCK_ROOT)    net (fo=2769, estimated)     1.295     2.256    demux/CLK
    SLICE_X131Y478       FDRE                                         r  demux/sel_reg[3]/C
  -------------------------------------------------------------------    -------------------
    SLICE_X131Y478       FDRE (Prop_GFF_SLICEM_C_Q)
                                                      0.078     2.334 r  demux/sel_reg[3]/Q
                         net (fo=98, estimated)       0.302     2.636    demux/sel[3]
    SLICE_X131Y479       CARRY8 (Prop_CARRY8_SLICEM_S[2]_O[7])
                                                      0.202     2.838 r  demux/sel_reg[8]_i_6/O[7]
                         net (fo=37, estimated)       0.350     3.188    p_1_in[8]
    SLICE_X128Y480       LUT3 (Prop_F5LUT_SLICEL_I2_O)
                                                      0.106     3.294 r  sel[8]_i_233/O
                         net (fo=2, estimated)        0.223     3.517    sel[8]_i_233_n_0
    SLICE_X128Y480       LUT4 (Prop_G6LUT_SLICEL_I0_O)
                                                      0.097     3.614 r  sel[8]_i_240/O
                         net (fo=1, routed)           0.008     3.622    demux/sel[8]_i_196_0[2]
    SLICE_X128Y480       CARRY8 (Prop_CARRY8_SLICEL_S[6]_CO[7])
                                                      0.115     3.737 f  demux/sel_reg[8]_i_200/CO[7]
                         net (fo=1, estimated)        0.026     3.763    demux/sel_reg[8]_i_200_n_0
    SLICE_X128Y481       CARRY8 (Prop_CARRY8_SLICEL_CI_CO[5])
                                                      0.077     3.840 f  demux/sel_reg[8]_i_166/CO[5]
                         net (fo=30, estimated)       0.346     4.186    demux_n_9
    SLICE_X130Y482       LUT3 (Prop_G5LUT_SLICEL_I0_O)
                                                      0.111     4.297 r  sel[8]_i_135/O
                         net (fo=2, estimated)        0.205     4.502    sel[8]_i_135_n_0
    SLICE_X130Y482       LUT4 (Prop_H6LUT_SLICEL_I3_O)
                                                      0.051     4.553 r  sel[8]_i_142/O
                         net (fo=1, routed)           0.010     4.563    demux/sel[8]_i_64_0[6]
    SLICE_X130Y482       CARRY8 (Prop_CARRY8_SLICEL_S[7]_CO[7])
                                                      0.115     4.678 r  demux/sel_reg[8]_i_81/CO[7]
                         net (fo=1, estimated)        0.026     4.704    demux/sel_reg[8]_i_81_n_0
    SLICE_X130Y483       CARRY8 (Prop_CARRY8_SLICEL_CI_O[1])
                                                      0.076     4.780 r  demux/sel_reg[8]_i_77/O[1]
                         net (fo=2, estimated)        0.293     5.073    demux_n_98
    SLICE_X131Y483       LUT3 (Prop_E5LUT_SLICEM_I2_O)
                                                      0.102     5.175 r  sel[8]_i_32/O
                         net (fo=2, estimated)        0.160     5.335    sel[8]_i_32_n_0
    SLICE_X131Y483       LUT4 (Prop_F6LUT_SLICEM_I3_O)
                                                      0.051     5.386 r  sel[8]_i_40/O
                         net (fo=1, routed)           0.022     5.408    demux/sel[8]_i_28_0[5]
    SLICE_X131Y483       CARRY8 (Prop_CARRY8_SLICEM_S[5]_CO[7])
                                                      0.159     5.567 r  demux/sel_reg[8]_i_20/CO[7]
                         net (fo=1, estimated)        0.026     5.593    demux/sel_reg[8]_i_20_n_0
    SLICE_X131Y484       CARRY8 (Prop_CARRY8_SLICEM_CI_O[0])
                                                      0.056     5.649 r  demux/sel_reg[8]_i_22/O[0]
                         net (fo=3, estimated)        0.427     6.076    demux/O[0]
    SLICE_X132Y480       CARRY8 (Prop_CARRY8_SLICEL_S[0]_O[0])
                                                      0.063     6.139 r  demux/sel_reg[8]_i_19/O[0]
                         net (fo=1, estimated)        0.222     6.361    demux_n_110
    SLICE_X132Y477       LUT2 (Prop_D6LUT_SLICEL_I1_O)
                                                      0.036     6.397 r  sel[8]_i_14/O
                         net (fo=1, routed)           0.009     6.406    demux/sel_reg[6]_0[2]
    SLICE_X132Y477       CARRY8 (Prop_CARRY8_SLICEL_S[3]_O[5])
                                                      0.180     6.586 f  demux/sel_reg[8]_i_4/O[5]
                         net (fo=6, estimated)        0.174     6.760    demux/sel_reg[8]_i_4_n_10
    SLICE_X131Y477       LUT6 (Prop_G6LUT_SLICEM_I0_O)
                                                      0.150     6.910 r  demux/sel[3]_i_2/O
                         net (fo=4, estimated)        0.147     7.057    demux/sel[3]_i_2_n_0
    SLICE_X132Y479       LUT6 (Prop_D6LUT_SLICEL_I1_O)
                                                      0.089     7.146 r  demux/sel[1]_i_1/O
                         net (fo=1, routed)           0.049     7.195    demux/sel20_in[1]
    SLICE_X132Y479       FDRE                                         r  demux/sel_reg[1]/D
  -------------------------------------------------------------------    -------------------

                         (clock virtual_clock rise edge)
                                                      4.000     4.000 r  
    AR14                                              0.000     4.000 r  clk (IN)
                         net (fo=0)                   0.000     4.000    clk_IBUF_inst/I
    AR14                 INBUF (Prop_INBUF_HPIOB_M_PAD_O)
                                                      0.359     4.359 r  clk_IBUF_inst/INBUF_INST/O
                         net (fo=1, routed)           0.000     4.359    clk_IBUF_inst/OUT
    AR14                 IBUFCTRL (Prop_IBUFCTRL_HPIOB_M_I_O)
                                                      0.000     4.359 r  clk_IBUF_inst/IBUFCTRL_INST/O
                         net (fo=1, estimated)        0.287     4.646    clk_IBUF
    BUFGCE_X1Y212        BUFGCE (Prop_BUFCE_BUFGCE_I_O)
                                                      0.024     4.670 r  clk_IBUF_BUFG_inst/O
    X4Y8 (CLOCK_ROOT)    net (fo=2769, estimated)     1.098     5.768    demux/CLK
    SLICE_X132Y479       FDRE                                         r  demux/sel_reg[1]/C
                         clock pessimism              0.420     6.188    
                         clock uncertainty           -0.035     6.153    
    SLICE_X132Y479       FDRE (Setup_DFF_SLICEL_C_D)
                                                      0.025     6.178    demux/sel_reg[1]
  -------------------------------------------------------------------
                         required time                          6.178    
                         arrival time                          -7.195    
  -------------------------------------------------------------------
                         slack                                 -1.017    





Min Delay Paths
--------------------------------------------------------------------------------------
Slack (VIOLATED) :        -0.027ns  (arrival time - required time)
  Source:                 demux/genblk1[217].z_reg[217][4]/C
                            (rising edge-triggered cell FDRE clocked by virtual_clock  {rise@0.000ns fall@2.000ns period=4.000ns})
  Destination:            genblk1[217].reg_in/reg_out_reg[4]/D
                            (rising edge-triggered cell FDRE clocked by virtual_clock  {rise@0.000ns fall@2.000ns period=4.000ns})
  Path Group:             virtual_clock
  Path Type:              Hold (Min at Slow Process Corner)
  Requirement:            0.000ns  (virtual_clock rise@0.000ns - virtual_clock rise@0.000ns)
  Data Path Delay:        0.145ns  (logic 0.060ns (41.379%)  route 0.085ns (58.621%))
  Logic Levels:           0  
  Clock Path Skew:        0.110ns (DCD - SCD - CPR)
    Destination Clock Delay (DCD):    2.220ns
    Source Clock Delay      (SCD):    1.732ns
    Clock Pessimism Removal (CPR):    0.377ns
  Clock Net Delay (Source):      1.062ns (routing 0.190ns, distribution 0.872ns)
  Clock Net Delay (Destination): 1.259ns (routing 0.210ns, distribution 1.049ns)

    Location             Delay type                Incr(ns)  Path(ns)    Netlist Resource(s)
  -------------------------------------------------------------------    -------------------
                         (clock virtual_clock rise edge)
                                                      0.000     0.000 r  
    AR14                                              0.000     0.000 r  clk (IN)
                         net (fo=0)                   0.000     0.000    clk_IBUF_inst/I
    AR14                 INBUF (Prop_INBUF_HPIOB_M_PAD_O)
                                                      0.359     0.359 r  clk_IBUF_inst/INBUF_INST/O
                         net (fo=1, routed)           0.000     0.359    clk_IBUF_inst/OUT
    AR14                 IBUFCTRL (Prop_IBUFCTRL_HPIOB_M_I_O)
                                                      0.000     0.359 r  clk_IBUF_inst/IBUFCTRL_INST/O
                         net (fo=1, estimated)        0.287     0.646    clk_IBUF
    BUFGCE_X1Y212        BUFGCE (Prop_BUFCE_BUFGCE_I_O)
                                                      0.024     0.670 r  clk_IBUF_BUFG_inst/O
    X4Y8 (CLOCK_ROOT)    net (fo=2769, estimated)     1.062     1.732    demux/CLK
    SLICE_X122Y517       FDRE                                         r  demux/genblk1[217].z_reg[217][4]/C
  -------------------------------------------------------------------    -------------------
    SLICE_X122Y517       FDRE (Prop_EFF2_SLICEL_C_Q)
                                                      0.060     1.792 r  demux/genblk1[217].z_reg[217][4]/Q
                         net (fo=1, estimated)        0.085     1.877    genblk1[217].reg_in/D[4]
    SLICE_X123Y517       FDRE                                         r  genblk1[217].reg_in/reg_out_reg[4]/D
  -------------------------------------------------------------------    -------------------

                         (clock virtual_clock rise edge)
                                                      0.000     0.000 r  
    AR14                                              0.000     0.000 r  clk (IN)
                         net (fo=0)                   0.000     0.000    clk_IBUF_inst/I
    AR14                 INBUF (Prop_INBUF_HPIOB_M_PAD_O)
                                                      0.610     0.610 r  clk_IBUF_inst/INBUF_INST/O
                         net (fo=1, routed)           0.000     0.610    clk_IBUF_inst/OUT
    AR14                 IBUFCTRL (Prop_IBUFCTRL_HPIOB_M_I_O)
                                                      0.000     0.610 r  clk_IBUF_inst/IBUFCTRL_INST/O
                         net (fo=1, estimated)        0.323     0.933    clk_IBUF
    BUFGCE_X1Y212        BUFGCE (Prop_BUFCE_BUFGCE_I_O)
                                                      0.028     0.961 r  clk_IBUF_BUFG_inst/O
    X4Y8 (CLOCK_ROOT)    net (fo=2769, estimated)     1.259     2.220    genblk1[217].reg_in/CLK
    SLICE_X123Y517       FDRE                                         r  genblk1[217].reg_in/reg_out_reg[4]/C
                         clock pessimism             -0.377     1.843    
    SLICE_X123Y517       FDRE (Hold_AFF2_SLICEM_C_D)
                                                      0.062     1.905    genblk1[217].reg_in/reg_out_reg[4]
  -------------------------------------------------------------------
                         required time                         -1.905    
                         arrival time                           1.877    
  -------------------------------------------------------------------
                         slack                                 -0.027    





Pulse Width Checks
--------------------------------------------------------------------------------------
Clock Name:         virtual_clock
Waveform(ns):       { 0.000 2.000 }
Period(ns):         4.000
Sources:            { clk }

Check Type        Corner  Lib Pin   Reference Pin  Required(ns)  Actual(ns)  Slack(ns)  Location        Pin
Min Period        n/a     BUFGCE/I  n/a            1.290         4.000       2.710      BUFGCE_X1Y212   clk_IBUF_BUFG_inst/I
Low Pulse Width   Slow    FDRE/C    n/a            0.275         2.000       1.725      SLICE_X126Y456  demux/genblk1[345].z_reg[345][0]/C
High Pulse Width  Fast    FDRE/C    n/a            0.275         2.000       1.725      SLICE_X122Y462  demux/genblk1[329].z_reg[329][6]/C



