Copyright 1986-2020 Xilinx, Inc. All Rights Reserved.
-------------------------------------------------------------------------------------------------------
| Tool Version      : Vivado v.2020.1 (lin64) Build 2902540 Wed May 27 19:54:35 MDT 2020
| Date              : Tue Mar 15 21:42:18 2022
| Host              : lepus running 64-bit CentOS Linux release 7.9.2009 (Core)
| Command           : report_timing_summary -file ./output/fc2_34/report/timing-summary-post-place.rpt
| Design            : top
| Device            : xcvu9p-flga2104
| Speed File        : -2L  PRODUCTION 1.27 02-28-2020
| Temperature Grade : E
-------------------------------------------------------------------------------------------------------

Timing Summary Report

------------------------------------------------------------------------------------------------
| Timer Settings
| --------------
------------------------------------------------------------------------------------------------

  Enable Multi Corner Analysis               :  Yes
  Enable Pessimism Removal                   :  Yes
  Pessimism Removal Resolution               :  Nearest Common Node
  Enable Input Delay Default Clock           :  No
  Enable Preset / Clear Arcs                 :  No
  Disable Flight Delays                      :  No
  Ignore I/O Paths                           :  No
  Timing Early Launch at Borrowing Latches   :  No
  Borrow Time for Max Delay Exceptions       :  Yes
  Merge Timing Exceptions                    :  Yes

  Corner  Analyze    Analyze    
  Name    Max Paths  Min Paths  
  ------  ---------  ---------  
  Slow    Yes        Yes        
  Fast    Yes        Yes        



check_timing report

Table of Contents
-----------------
1. checking no_clock (0)
2. checking constant_clock (0)
3. checking pulse_width_clock (0)
4. checking unconstrained_internal_endpoints (0)
5. checking no_input_delay (10)
6. checking no_output_delay (22)
7. checking multiple_clock (0)
8. checking generated_clocks (0)
9. checking loops (0)
10. checking partial_input_delay (0)
11. checking partial_output_delay (0)
12. checking latch_loops (0)

1. checking no_clock (0)
------------------------
 There are 0 register/latch pins with no clock.


2. checking constant_clock (0)
------------------------------
 There are 0 register/latch pins with constant_clock.


3. checking pulse_width_clock (0)
---------------------------------
 There are 0 register/latch pins which need pulse_width check


4. checking unconstrained_internal_endpoints (0)
------------------------------------------------
 There are 0 pins that are not constrained for maximum delay.

 There are 0 pins that are not constrained for maximum delay due to constant clock.


5. checking no_input_delay (10)
-------------------------------
 There are 10 input ports with no input delay specified. (HIGH)

 There are 0 input ports with no input delay but user has a false path constraint.


6. checking no_output_delay (22)
--------------------------------
 There are 22 ports with no output delay specified. (HIGH)

 There are 0 ports with no output delay but user has a false path constraint

 There are 0 ports with no output delay but with a timing clock defined on it or propagating through it


7. checking multiple_clock (0)
------------------------------
 There are 0 register/latch pins with multiple clocks.


8. checking generated_clocks (0)
--------------------------------
 There are 0 generated clocks that are not connected to a clock source.


9. checking loops (0)
---------------------
 There are 0 combinational loops in the design.


10. checking partial_input_delay (0)
------------------------------------
 There are 0 input ports with partial input delay specified.


11. checking partial_output_delay (0)
-------------------------------------
 There are 0 ports with partial output delay specified.


12. checking latch_loops (0)
----------------------------
 There are 0 combinational latch loops in the design through latch input



------------------------------------------------------------------------------------------------
| Design Timing Summary
| ---------------------
------------------------------------------------------------------------------------------------

    WNS(ns)      TNS(ns)  TNS Failing Endpoints  TNS Total Endpoints      WHS(ns)      THS(ns)  THS Failing Endpoints  THS Total Endpoints     WPWS(ns)     TPWS(ns)  TPWS Failing Endpoints  TPWS Total Endpoints  
    -------      -------  ---------------------  -------------------      -------      -------  ---------------------  -------------------     --------     --------  ----------------------  --------------------  
     -0.836      -21.847                     38                 1283       -0.031       -0.245                     16                 1283        1.725        0.000                       0                  1263  


Timing constraints are not met.


------------------------------------------------------------------------------------------------
| Clock Summary
| -------------
------------------------------------------------------------------------------------------------

Clock          Waveform(ns)         Period(ns)      Frequency(MHz)
-----          ------------         ----------      --------------
virtual_clock  {0.000 2.000}        4.000           250.000         


------------------------------------------------------------------------------------------------
| Intra Clock Table
| -----------------
------------------------------------------------------------------------------------------------

Clock              WNS(ns)      TNS(ns)  TNS Failing Endpoints  TNS Total Endpoints      WHS(ns)      THS(ns)  THS Failing Endpoints  THS Total Endpoints     WPWS(ns)     TPWS(ns)  TPWS Failing Endpoints  TPWS Total Endpoints  
-----              -------      -------  ---------------------  -------------------      -------      -------  ---------------------  -------------------     --------     --------  ----------------------  --------------------  
virtual_clock       -0.836      -21.847                     38                 1283       -0.031       -0.245                     16                 1283        1.725        0.000                       0                  1263  


------------------------------------------------------------------------------------------------
| Inter Clock Table
| -----------------
------------------------------------------------------------------------------------------------

From Clock    To Clock          WNS(ns)      TNS(ns)  TNS Failing Endpoints  TNS Total Endpoints      WHS(ns)      THS(ns)  THS Failing Endpoints  THS Total Endpoints  
----------    --------          -------      -------  ---------------------  -------------------      -------      -------  ---------------------  -------------------  


------------------------------------------------------------------------------------------------
| Other Path Groups Table
| -----------------------
------------------------------------------------------------------------------------------------

Path Group    From Clock    To Clock          WNS(ns)      TNS(ns)  TNS Failing Endpoints  TNS Total Endpoints      WHS(ns)      THS(ns)  THS Failing Endpoints  THS Total Endpoints  
----------    ----------    --------          -------      -------  ---------------------  -------------------      -------      -------  ---------------------  -------------------  


------------------------------------------------------------------------------------------------
| Timing Details
| --------------
------------------------------------------------------------------------------------------------


---------------------------------------------------------------------------------------------------
From Clock:  virtual_clock
  To Clock:  virtual_clock

Setup :           38  Failing Endpoints,  Worst Slack       -0.836ns,  Total Violation      -21.847ns
Hold  :           16  Failing Endpoints,  Worst Slack       -0.031ns,  Total Violation       -0.245ns
PW    :            0  Failing Endpoints,  Worst Slack        1.725ns,  Total Violation        0.000ns
---------------------------------------------------------------------------------------------------


Max Delay Paths
--------------------------------------------------------------------------------------
Slack (VIOLATED) :        -0.836ns  (required time - arrival time)
  Source:                 genblk1[56].reg_in/reg_out_reg[0]/C
                            (rising edge-triggered cell FDRE clocked by virtual_clock  {rise@0.000ns fall@2.000ns period=4.000ns})
  Destination:            reg_out/reg_out_reg[2]/R
                            (rising edge-triggered cell FDRE clocked by virtual_clock  {rise@0.000ns fall@2.000ns period=4.000ns})
  Path Group:             virtual_clock
  Path Type:              Setup (Max at Slow Process Corner)
  Requirement:            4.000ns  (virtual_clock rise@4.000ns - virtual_clock rise@0.000ns)
  Data Path Delay:        4.615ns  (logic 1.966ns (42.600%)  route 2.649ns (57.400%))
  Logic Levels:           20  (CARRY8=11 LUT2=9)
  Clock Path Skew:        -0.111ns (DCD - SCD + CPR)
    Destination Clock Delay (DCD):    1.575ns = ( 5.575 - 4.000 ) 
    Source Clock Delay      (SCD):    2.049ns
    Clock Pessimism Removal (CPR):    0.363ns
  Clock Uncertainty:      0.035ns  ((TSJ^2 + TIJ^2)^1/2 + DJ) / 2 + PE
    Total System Jitter     (TSJ):    0.071ns
    Total Input Jitter      (TIJ):    0.000ns
    Discrete Jitter          (DJ):    0.000ns
    Phase Error              (PE):    0.000ns
  Clock Net Delay (Source):      1.103ns (routing 0.210ns, distribution 0.893ns)
  Clock Net Delay (Destination): 0.919ns (routing 0.190ns, distribution 0.729ns)

    Location             Delay type                Incr(ns)  Path(ns)    Netlist Resource(s)
  -------------------------------------------------------------------    -------------------
                         (clock virtual_clock rise edge)
                                                      0.000     0.000 r  
    AP13                                              0.000     0.000 r  clk (IN)
                         net (fo=0)                   0.000     0.000    clk_IBUF_inst/I
    AP13                 INBUF (Prop_INBUF_HPIOB_M_PAD_O)
                                                      0.595     0.595 r  clk_IBUF_inst/INBUF_INST/O
                         net (fo=1, routed)           0.000     0.595    clk_IBUF_inst/OUT
    AP13                 IBUFCTRL (Prop_IBUFCTRL_HPIOB_M_I_O)
                                                      0.000     0.595 r  clk_IBUF_inst/IBUFCTRL_INST/O
                         net (fo=1, estimated)        0.323     0.918    clk_IBUF
    BUFGCE_X1Y194        BUFGCE (Prop_BUFCE_BUFGCE_I_O)
                                                      0.028     0.946 r  clk_IBUF_BUFG_inst/O
    X4Y8 (CLOCK_ROOT)    net (fo=1262, estimated)     1.103     2.049    genblk1[56].reg_in/clk_IBUF_BUFG
    SLICE_X119Y522       FDRE                                         r  genblk1[56].reg_in/reg_out_reg[0]/C
  -------------------------------------------------------------------    -------------------
    SLICE_X119Y522       FDRE (Prop_AFF_SLICEM_C_Q)
                                                      0.077     2.126 r  genblk1[56].reg_in/reg_out_reg[0]/Q
                         net (fo=4, estimated)        0.114     2.240    genblk1[56].reg_in/Q[0]
    SLICE_X119Y522       LUT2 (Prop_E6LUT_SLICEM_I0_O)
                                                      0.091     2.331 r  genblk1[56].reg_in/z_carry_i_5__2/O
                         net (fo=1, routed)           0.014     2.345    conv/mul36/reg_out[0]_i_436[0]
    SLICE_X119Y522       CARRY8 (Prop_CARRY8_SLICEM_S[4]_CO[7])
                                                      0.156     2.501 r  conv/mul36/z_carry/CO[7]
                         net (fo=1, estimated)        0.026     2.527    conv/mul36/z_carry_n_0
    SLICE_X119Y523       CARRY8 (Prop_CARRY8_SLICEM_CI_O[1])
                                                      0.076     2.603 r  conv/mul36/z_carry__0/O[1]
                         net (fo=2, estimated)        0.406     3.009    conv/add000075/out0_1[8]
    SLICE_X122Y522       LUT2 (Prop_H6LUT_SLICEL_I0_O)
                                                      0.036     3.045 r  conv/add000075/reg_out[0]_i_654/O
                         net (fo=1, routed)           0.010     3.055    conv/add000075/reg_out[0]_i_654_n_0
    SLICE_X122Y522       CARRY8 (Prop_CARRY8_SLICEL_S[7]_CO[7])
                                                      0.115     3.170 r  conv/add000075/reg_out_reg[0]_i_428/CO[7]
                         net (fo=1, estimated)        0.026     3.196    conv/add000075/reg_out_reg[0]_i_428_n_0
    SLICE_X122Y523       CARRY8 (Prop_CARRY8_SLICEL_CI_O[0])
                                                      0.056     3.252 r  conv/add000075/reg_out_reg[0]_i_588/O[0]
                         net (fo=2, estimated)        0.220     3.472    conv/add000075/reg_out_reg[0]_i_588_n_15
    SLICE_X122Y525       LUT2 (Prop_B6LUT_SLICEL_I0_O)
                                                      0.036     3.508 r  conv/add000075/reg_out[0]_i_597/O
                         net (fo=1, routed)           0.009     3.517    conv/add000075/reg_out[0]_i_597_n_0
    SLICE_X122Y525       CARRY8 (Prop_CARRY8_SLICEL_S[1]_O[2])
                                                      0.114     3.631 r  conv/add000075/reg_out_reg[0]_i_336/O[2]
                         net (fo=1, estimated)        0.346     3.977    conv/add000075/reg_out_reg[0]_i_336_n_13
    SLICE_X119Y525       LUT2 (Prop_D6LUT_SLICEM_I1_O)
                                                      0.037     4.014 r  conv/add000075/reg_out[0]_i_170/O
                         net (fo=1, routed)           0.025     4.039    conv/add000075/reg_out[0]_i_170_n_0
    SLICE_X119Y525       CARRY8 (Prop_CARRY8_SLICEM_S[3]_O[5])
                                                      0.184     4.223 r  conv/add000075/reg_out_reg[0]_i_63/O[5]
                         net (fo=2, estimated)        0.227     4.450    conv/add000075/reg_out_reg[0]_i_63_n_10
    SLICE_X119Y528       LUT2 (Prop_D6LUT_SLICEM_I0_O)
                                                      0.051     4.501 r  conv/add000075/reg_out[21]_i_57/O
                         net (fo=1, routed)           0.025     4.526    conv/add000075/reg_out[21]_i_57_n_0
    SLICE_X119Y528       CARRY8 (Prop_CARRY8_SLICEM_S[3]_O[5])
                                                      0.184     4.710 r  conv/add000075/reg_out_reg[21]_i_29/O[5]
                         net (fo=2, estimated)        0.238     4.948    conv/add000075/reg_out_reg[21]_i_29_n_10
    SLICE_X118Y528       LUT2 (Prop_H6LUT_SLICEL_I0_O)
                                                      0.051     4.999 r  conv/add000075/reg_out[16]_i_39/O
                         net (fo=1, routed)           0.010     5.009    conv/add000075/reg_out[16]_i_39_n_0
    SLICE_X118Y528       CARRY8 (Prop_CARRY8_SLICEL_S[7]_CO[7])
                                                      0.115     5.124 r  conv/add000075/reg_out_reg[16]_i_29/CO[7]
                         net (fo=1, estimated)        0.026     5.150    conv/add000075/reg_out_reg[16]_i_29_n_0
    SLICE_X118Y529       CARRY8 (Prop_CARRY8_SLICEL_CI_O[1])
                                                      0.076     5.226 r  conv/add000075/reg_out_reg[21]_i_21/O[1]
                         net (fo=1, estimated)        0.217     5.443    conv/add000075/reg_out_reg[21]_i_21_n_14
    SLICE_X117Y531       LUT2 (Prop_B6LUT_SLICEM_I1_O)
                                                      0.037     5.480 r  conv/add000075/reg_out[21]_i_14/O
                         net (fo=1, routed)           0.016     5.496    conv/add000075/reg_out[21]_i_14_n_0
    SLICE_X117Y531       CARRY8 (Prop_CARRY8_SLICEM_S[1]_O[4])
                                                      0.204     5.700 r  conv/add000075/reg_out_reg[21]_i_3/O[4]
                         net (fo=3, estimated)        0.236     5.936    conv/add000071/reg_out_reg[21][0]
    SLICE_X116Y530       LUT2 (Prop_D6LUT_SLICEM_I1_O)
                                                      0.051     5.987 r  conv/add000071/reg_out[21]_i_6/O
                         net (fo=1, routed)           0.025     6.012    conv/add000075/reg_out_reg[21]_0[0]
    SLICE_X116Y530       CARRY8 (Prop_CARRY8_SLICEM_S[3]_O[5])
                                                      0.184     6.196 r  conv/add000075/reg_out_reg[21]_i_2/O[5]
                         net (fo=2, estimated)        0.134     6.330    reg_out/a[21]
    SLICE_X115Y530       LUT2 (Prop_A6LUT_SLICEL_I0_O)
                                                      0.035     6.365 r  reg_out/reg_out[21]_i_1/O
                         net (fo=21, estimated)       0.299     6.664    reg_out/reg_out[21]_i_1_n_0
    SLICE_X115Y530       FDRE                                         r  reg_out/reg_out_reg[2]/R
  -------------------------------------------------------------------    -------------------

                         (clock virtual_clock rise edge)
                                                      4.000     4.000 r  
    AP13                                              0.000     4.000 r  clk (IN)
                         net (fo=0)                   0.000     4.000    clk_IBUF_inst/I
    AP13                 INBUF (Prop_INBUF_HPIOB_M_PAD_O)
                                                      0.345     4.345 r  clk_IBUF_inst/INBUF_INST/O
                         net (fo=1, routed)           0.000     4.345    clk_IBUF_inst/OUT
    AP13                 IBUFCTRL (Prop_IBUFCTRL_HPIOB_M_I_O)
                                                      0.000     4.345 r  clk_IBUF_inst/IBUFCTRL_INST/O
                         net (fo=1, estimated)        0.287     4.632    clk_IBUF
    BUFGCE_X1Y194        BUFGCE (Prop_BUFCE_BUFGCE_I_O)
                                                      0.024     4.656 r  clk_IBUF_BUFG_inst/O
    X4Y8 (CLOCK_ROOT)    net (fo=1262, estimated)     0.919     5.575    reg_out/clk_IBUF_BUFG
    SLICE_X115Y530       FDRE                                         r  reg_out/reg_out_reg[2]/C
                         clock pessimism              0.363     5.938    
                         clock uncertainty           -0.035     5.903    
    SLICE_X115Y530       FDRE (Setup_HFF2_SLICEL_C_R)
                                                     -0.074     5.829    reg_out/reg_out_reg[2]
  -------------------------------------------------------------------
                         required time                          5.829    
                         arrival time                          -6.664    
  -------------------------------------------------------------------
                         slack                                 -0.836    





Min Delay Paths
--------------------------------------------------------------------------------------
Slack (VIOLATED) :        -0.031ns  (arrival time - required time)
  Source:                 demux/genblk1[103].z_reg[103][6]/C
                            (rising edge-triggered cell FDRE clocked by virtual_clock  {rise@0.000ns fall@2.000ns period=4.000ns})
  Destination:            genblk1[103].reg_in/reg_out_reg[6]/D
                            (rising edge-triggered cell FDRE clocked by virtual_clock  {rise@0.000ns fall@2.000ns period=4.000ns})
  Path Group:             virtual_clock
  Path Type:              Hold (Min at Slow Process Corner)
  Requirement:            0.000ns  (virtual_clock rise@0.000ns - virtual_clock rise@0.000ns)
  Data Path Delay:        0.128ns  (logic 0.059ns (46.094%)  route 0.069ns (53.906%))
  Logic Levels:           0  
  Clock Path Skew:        0.097ns (DCD - SCD - CPR)
    Destination Clock Delay (DCD):    2.002ns
    Source Clock Delay      (SCD):    1.542ns
    Clock Pessimism Removal (CPR):    0.364ns
  Clock Net Delay (Source):      0.886ns (routing 0.190ns, distribution 0.696ns)
  Clock Net Delay (Destination): 1.056ns (routing 0.210ns, distribution 0.846ns)

    Location             Delay type                Incr(ns)  Path(ns)    Netlist Resource(s)
  -------------------------------------------------------------------    -------------------
                         (clock virtual_clock rise edge)
                                                      0.000     0.000 r  
    AP13                                              0.000     0.000 r  clk (IN)
                         net (fo=0)                   0.000     0.000    clk_IBUF_inst/I
    AP13                 INBUF (Prop_INBUF_HPIOB_M_PAD_O)
                                                      0.345     0.345 r  clk_IBUF_inst/INBUF_INST/O
                         net (fo=1, routed)           0.000     0.345    clk_IBUF_inst/OUT
    AP13                 IBUFCTRL (Prop_IBUFCTRL_HPIOB_M_I_O)
                                                      0.000     0.345 r  clk_IBUF_inst/IBUFCTRL_INST/O
                         net (fo=1, estimated)        0.287     0.632    clk_IBUF
    BUFGCE_X1Y194        BUFGCE (Prop_BUFCE_BUFGCE_I_O)
                                                      0.024     0.656 r  clk_IBUF_BUFG_inst/O
    X4Y8 (CLOCK_ROOT)    net (fo=1262, estimated)     0.886     1.542    demux/clk_IBUF_BUFG
    SLICE_X112Y512       FDRE                                         r  demux/genblk1[103].z_reg[103][6]/C
  -------------------------------------------------------------------    -------------------
    SLICE_X112Y512       FDRE (Prop_BFF_SLICEL_C_Q)
                                                      0.059     1.601 r  demux/genblk1[103].z_reg[103][6]/Q
                         net (fo=1, estimated)        0.069     1.670    genblk1[103].reg_in/D[6]
    SLICE_X114Y512       FDRE                                         r  genblk1[103].reg_in/reg_out_reg[6]/D
  -------------------------------------------------------------------    -------------------

                         (clock virtual_clock rise edge)
                                                      0.000     0.000 r  
    AP13                                              0.000     0.000 r  clk (IN)
                         net (fo=0)                   0.000     0.000    clk_IBUF_inst/I
    AP13                 INBUF (Prop_INBUF_HPIOB_M_PAD_O)
                                                      0.595     0.595 r  clk_IBUF_inst/INBUF_INST/O
                         net (fo=1, routed)           0.000     0.595    clk_IBUF_inst/OUT
    AP13                 IBUFCTRL (Prop_IBUFCTRL_HPIOB_M_I_O)
                                                      0.000     0.595 r  clk_IBUF_inst/IBUFCTRL_INST/O
                         net (fo=1, estimated)        0.323     0.918    clk_IBUF
    BUFGCE_X1Y194        BUFGCE (Prop_BUFCE_BUFGCE_I_O)
                                                      0.028     0.946 r  clk_IBUF_BUFG_inst/O
    X4Y8 (CLOCK_ROOT)    net (fo=1262, estimated)     1.056     2.002    genblk1[103].reg_in/clk_IBUF_BUFG
    SLICE_X114Y512       FDRE                                         r  genblk1[103].reg_in/reg_out_reg[6]/C
                         clock pessimism             -0.364     1.638    
    SLICE_X114Y512       FDRE (Hold_CFF2_SLICEL_C_D)
                                                      0.062     1.700    genblk1[103].reg_in/reg_out_reg[6]
  -------------------------------------------------------------------
                         required time                         -1.700    
                         arrival time                           1.670    
  -------------------------------------------------------------------
                         slack                                 -0.031    





Pulse Width Checks
--------------------------------------------------------------------------------------
Clock Name:         virtual_clock
Waveform(ns):       { 0.000 2.000 }
Period(ns):         4.000
Sources:            { clk }

Check Type        Corner  Lib Pin   Reference Pin  Required(ns)  Actual(ns)  Slack(ns)  Location        Pin
Min Period        n/a     BUFGCE/I  n/a            1.290         4.000       2.710      BUFGCE_X1Y194   clk_IBUF_BUFG_inst/I
Low Pulse Width   Slow    FDRE/C    n/a            0.275         2.000       1.725      SLICE_X114Y523  demux/genblk1[53].z_reg[53][1]/C
High Pulse Width  Fast    FDRE/C    n/a            0.275         2.000       1.725      SLICE_X114Y523  demux/genblk1[53].z_reg[53][1]/C



