Copyright 1986-2020 Xilinx, Inc. All Rights Reserved.
-------------------------------------------------------------------------------------------------------
| Tool Version      : Vivado v.2020.1 (lin64) Build 2902540 Wed May 27 19:54:35 MDT 2020
| Date              : Tue Mar 15 02:23:26 2022
| Host              : lepus running 64-bit CentOS Linux release 7.9.2009 (Core)
| Command           : report_timing_summary -file ./output/fc1_56/report/timing-summary-post-place.rpt
| Design            : top
| Device            : xcvu9p-flga2104
| Speed File        : -2L  PRODUCTION 1.27 02-28-2020
| Temperature Grade : E
-------------------------------------------------------------------------------------------------------

Timing Summary Report

------------------------------------------------------------------------------------------------
| Timer Settings
| --------------
------------------------------------------------------------------------------------------------

  Enable Multi Corner Analysis               :  Yes
  Enable Pessimism Removal                   :  Yes
  Pessimism Removal Resolution               :  Nearest Common Node
  Enable Input Delay Default Clock           :  No
  Enable Preset / Clear Arcs                 :  No
  Disable Flight Delays                      :  No
  Ignore I/O Paths                           :  No
  Timing Early Launch at Borrowing Latches   :  No
  Borrow Time for Max Delay Exceptions       :  Yes
  Merge Timing Exceptions                    :  Yes

  Corner  Analyze    Analyze    
  Name    Max Paths  Min Paths  
  ------  ---------  ---------  
  Slow    Yes        Yes        
  Fast    Yes        Yes        



check_timing report

Table of Contents
-----------------
1. checking no_clock (0)
2. checking constant_clock (0)
3. checking pulse_width_clock (0)
4. checking unconstrained_internal_endpoints (0)
5. checking no_input_delay (10)
6. checking no_output_delay (24)
7. checking multiple_clock (0)
8. checking generated_clocks (0)
9. checking loops (0)
10. checking partial_input_delay (0)
11. checking partial_output_delay (0)
12. checking latch_loops (0)

1. checking no_clock (0)
------------------------
 There are 0 register/latch pins with no clock.


2. checking constant_clock (0)
------------------------------
 There are 0 register/latch pins with constant_clock.


3. checking pulse_width_clock (0)
---------------------------------
 There are 0 register/latch pins which need pulse_width check


4. checking unconstrained_internal_endpoints (0)
------------------------------------------------
 There are 0 pins that are not constrained for maximum delay.

 There are 0 pins that are not constrained for maximum delay due to constant clock.


5. checking no_input_delay (10)
-------------------------------
 There are 10 input ports with no input delay specified. (HIGH)

 There are 0 input ports with no input delay but user has a false path constraint.


6. checking no_output_delay (24)
--------------------------------
 There are 24 ports with no output delay specified. (HIGH)

 There are 0 ports with no output delay but user has a false path constraint

 There are 0 ports with no output delay but with a timing clock defined on it or propagating through it


7. checking multiple_clock (0)
------------------------------
 There are 0 register/latch pins with multiple clocks.


8. checking generated_clocks (0)
--------------------------------
 There are 0 generated clocks that are not connected to a clock source.


9. checking loops (0)
---------------------
 There are 0 combinational loops in the design.


10. checking partial_input_delay (0)
------------------------------------
 There are 0 input ports with partial input delay specified.


11. checking partial_output_delay (0)
-------------------------------------
 There are 0 ports with partial output delay specified.


12. checking latch_loops (0)
----------------------------
 There are 0 combinational latch loops in the design through latch input



------------------------------------------------------------------------------------------------
| Design Timing Summary
| ---------------------
------------------------------------------------------------------------------------------------

    WNS(ns)      TNS(ns)  TNS Failing Endpoints  TNS Total Endpoints      WHS(ns)      THS(ns)  THS Failing Endpoints  THS Total Endpoints     WPWS(ns)     TPWS(ns)  TPWS Failing Endpoints  TPWS Total Endpoints  
    -------      -------  ---------------------  -------------------      -------      -------  ---------------------  -------------------     --------     --------  ----------------------  --------------------  
     -0.587       -8.120                     24                 2993       -0.071       -0.863                     43                 2993        1.725        0.000                       0                  2994  


Timing constraints are not met.


------------------------------------------------------------------------------------------------
| Clock Summary
| -------------
------------------------------------------------------------------------------------------------

Clock          Waveform(ns)         Period(ns)      Frequency(MHz)
-----          ------------         ----------      --------------
virtual_clock  {0.000 2.000}        4.000           250.000         


------------------------------------------------------------------------------------------------
| Intra Clock Table
| -----------------
------------------------------------------------------------------------------------------------

Clock              WNS(ns)      TNS(ns)  TNS Failing Endpoints  TNS Total Endpoints      WHS(ns)      THS(ns)  THS Failing Endpoints  THS Total Endpoints     WPWS(ns)     TPWS(ns)  TPWS Failing Endpoints  TPWS Total Endpoints  
-----              -------      -------  ---------------------  -------------------      -------      -------  ---------------------  -------------------     --------     --------  ----------------------  --------------------  
virtual_clock       -0.587       -8.120                     24                 2993       -0.071       -0.863                     43                 2993        1.725        0.000                       0                  2994  


------------------------------------------------------------------------------------------------
| Inter Clock Table
| -----------------
------------------------------------------------------------------------------------------------

From Clock    To Clock          WNS(ns)      TNS(ns)  TNS Failing Endpoints  TNS Total Endpoints      WHS(ns)      THS(ns)  THS Failing Endpoints  THS Total Endpoints  
----------    --------          -------      -------  ---------------------  -------------------      -------      -------  ---------------------  -------------------  


------------------------------------------------------------------------------------------------
| Other Path Groups Table
| -----------------------
------------------------------------------------------------------------------------------------

Path Group    From Clock    To Clock          WNS(ns)      TNS(ns)  TNS Failing Endpoints  TNS Total Endpoints      WHS(ns)      THS(ns)  THS Failing Endpoints  THS Total Endpoints  
----------    ----------    --------          -------      -------  ---------------------  -------------------      -------      -------  ---------------------  -------------------  


------------------------------------------------------------------------------------------------
| Timing Details
| --------------
------------------------------------------------------------------------------------------------


---------------------------------------------------------------------------------------------------
From Clock:  virtual_clock
  To Clock:  virtual_clock

Setup :           24  Failing Endpoints,  Worst Slack       -0.587ns,  Total Violation       -8.120ns
Hold  :           43  Failing Endpoints,  Worst Slack       -0.071ns,  Total Violation       -0.863ns
PW    :            0  Failing Endpoints,  Worst Slack        1.725ns,  Total Violation        0.000ns
---------------------------------------------------------------------------------------------------


Max Delay Paths
--------------------------------------------------------------------------------------
Slack (VIOLATED) :        -0.587ns  (required time - arrival time)
  Source:                 genblk1[40].reg_in/reg_out_reg[0]/C
                            (rising edge-triggered cell FDRE clocked by virtual_clock  {rise@0.000ns fall@2.000ns period=4.000ns})
  Destination:            reg_out/reg_out_reg[22]/D
                            (rising edge-triggered cell FDRE clocked by virtual_clock  {rise@0.000ns fall@2.000ns period=4.000ns})
  Path Group:             virtual_clock
  Path Type:              Setup (Max at Slow Process Corner)
  Requirement:            4.000ns  (virtual_clock rise@4.000ns - virtual_clock rise@0.000ns)
  Data Path Delay:        4.454ns  (logic 2.122ns (47.643%)  route 2.332ns (52.357%))
  Logic Levels:           20  (CARRY8=12 LUT2=7 LUT4=1)
  Clock Path Skew:        -0.123ns (DCD - SCD + CPR)
    Destination Clock Delay (DCD):    1.754ns = ( 5.754 - 4.000 ) 
    Source Clock Delay      (SCD):    2.255ns
    Clock Pessimism Removal (CPR):    0.378ns
  Clock Uncertainty:      0.035ns  ((TSJ^2 + TIJ^2)^1/2 + DJ) / 2 + PE
    Total System Jitter     (TSJ):    0.071ns
    Total Input Jitter      (TIJ):    0.000ns
    Discrete Jitter          (DJ):    0.000ns
    Phase Error              (PE):    0.000ns
  Clock Net Delay (Source):      1.294ns (routing 0.210ns, distribution 1.084ns)
  Clock Net Delay (Destination): 1.084ns (routing 0.190ns, distribution 0.894ns)

    Location             Delay type                Incr(ns)  Path(ns)    Netlist Resource(s)
  -------------------------------------------------------------------    -------------------
                         (clock virtual_clock rise edge)
                                                      0.000     0.000 r  
    AR14                                              0.000     0.000 r  clk (IN)
                         net (fo=0)                   0.000     0.000    clk_IBUF_inst/I
    AR14                 INBUF (Prop_INBUF_HPIOB_M_PAD_O)
                                                      0.610     0.610 r  clk_IBUF_inst/INBUF_INST/O
                         net (fo=1, routed)           0.000     0.610    clk_IBUF_inst/OUT
    AR14                 IBUFCTRL (Prop_IBUFCTRL_HPIOB_M_I_O)
                                                      0.000     0.610 r  clk_IBUF_inst/IBUFCTRL_INST/O
                         net (fo=1, estimated)        0.323     0.933    clk_IBUF
    BUFGCE_X1Y212        BUFGCE (Prop_BUFCE_BUFGCE_I_O)
                                                      0.028     0.961 r  clk_IBUF_BUFG_inst/O
    X4Y8 (CLOCK_ROOT)    net (fo=2993, estimated)     1.294     2.255    genblk1[40].reg_in/CLK
    SLICE_X129Y430       FDRE                                         r  genblk1[40].reg_in/reg_out_reg[0]/C
  -------------------------------------------------------------------    -------------------
    SLICE_X129Y430       FDRE (Prop_AFF_SLICEM_C_Q)
                                                      0.077     2.332 r  genblk1[40].reg_in/reg_out_reg[0]/Q
                         net (fo=6, estimated)        0.160     2.492    conv/mul17/DI[1]
    SLICE_X129Y430       CARRY8 (Prop_CARRY8_SLICEM_S[1]_O[5])
                                                      0.237     2.729 r  conv/mul17/reg_out_reg[0]_i_447/O[5]
                         net (fo=1, estimated)        0.285     3.014    genblk1[33].reg_in/reg_out_reg[0]_i_798[1]
    SLICE_X132Y428       LUT4 (Prop_C6LUT_SLICEL_I3_O)
                                                      0.050     3.064 r  genblk1[33].reg_in/reg_out[0]_i_1373/O
                         net (fo=1, routed)           0.010     3.074    conv/add000182/reg_out_reg[0]_i_416_1[1]
    SLICE_X132Y428       CARRY8 (Prop_CARRY8_SLICEL_S[2]_O[5])
                                                      0.196     3.270 r  conv/add000182/reg_out_reg[0]_i_799/O[5]
                         net (fo=2, estimated)        0.278     3.548    conv/add000182/reg_out_reg[0]_i_799_n_10
    SLICE_X131Y430       LUT2 (Prop_H6LUT_SLICEM_I0_O)
                                                      0.053     3.601 r  conv/add000182/reg_out[0]_i_811/O
                         net (fo=1, routed)           0.015     3.616    conv/add000182/reg_out[0]_i_811_n_0
    SLICE_X131Y430       CARRY8 (Prop_CARRY8_SLICEM_S[7]_CO[7])
                                                      0.117     3.733 r  conv/add000182/reg_out_reg[0]_i_416/CO[7]
                         net (fo=1, estimated)        0.026     3.759    conv/add000182/reg_out_reg[0]_i_416_n_0
    SLICE_X131Y431       CARRY8 (Prop_CARRY8_SLICEM_CI_O[1])
                                                      0.076     3.835 r  conv/add000182/reg_out_reg[0]_i_407/O[1]
                         net (fo=2, estimated)        0.184     4.019    conv/add000182/reg_out_reg[0]_i_407_n_14
    SLICE_X131Y434       LUT2 (Prop_B6LUT_SLICEM_I0_O)
                                                      0.037     4.056 r  conv/add000182/reg_out[0]_i_414/O
                         net (fo=1, routed)           0.016     4.072    conv/add000182/reg_out[0]_i_414_n_0
    SLICE_X131Y434       CARRY8 (Prop_CARRY8_SLICEM_S[1]_O[5])
                                                      0.237     4.309 r  conv/add000182/reg_out_reg[0]_i_165/O[5]
                         net (fo=2, estimated)        0.298     4.607    conv/add000182/reg_out_reg[0]_i_165_n_10
    SLICE_X130Y439       LUT2 (Prop_G6LUT_SLICEL_I0_O)
                                                      0.050     4.657 r  conv/add000182/reg_out[0]_i_168/O
                         net (fo=1, routed)           0.008     4.665    conv/add000182/reg_out[0]_i_168_n_0
    SLICE_X130Y439       CARRY8 (Prop_CARRY8_SLICEL_S[6]_O[7])
                                                      0.081     4.746 r  conv/add000182/reg_out_reg[0]_i_77/O[7]
                         net (fo=1, estimated)        0.265     5.011    conv/add000182/reg_out_reg[0]_i_77_n_8
    SLICE_X129Y440       LUT2 (Prop_H6LUT_SLICEM_I1_O)
                                                      0.039     5.050 r  conv/add000182/reg_out[0]_i_32/O
                         net (fo=1, routed)           0.015     5.065    conv/add000182/reg_out[0]_i_32_n_0
    SLICE_X129Y440       CARRY8 (Prop_CARRY8_SLICEM_S[7]_CO[7])
                                                      0.117     5.182 r  conv/add000182/reg_out_reg[0]_i_11/CO[7]
                         net (fo=1, estimated)        0.026     5.208    conv/add000182/reg_out_reg[0]_i_11_n_0
    SLICE_X129Y441       CARRY8 (Prop_CARRY8_SLICEM_CI_O[0])
                                                      0.056     5.264 r  conv/add000182/reg_out_reg[23]_i_19/O[0]
                         net (fo=2, estimated)        0.243     5.507    conv/add000182/reg_out_reg[23]_i_19_n_15
    SLICE_X126Y440       LUT2 (Prop_H6LUT_SLICEL_I0_O)
                                                      0.051     5.558 r  conv/add000182/reg_out[23]_i_24/O
                         net (fo=1, routed)           0.010     5.568    conv/add000182/reg_out[23]_i_24_n_0
    SLICE_X126Y440       CARRY8 (Prop_CARRY8_SLICEL_S[7]_CO[7])
                                                      0.115     5.683 r  conv/add000182/reg_out_reg[23]_i_11/CO[7]
                         net (fo=1, estimated)        0.026     5.709    conv/add000182/reg_out_reg[23]_i_11_n_0
    SLICE_X126Y441       CARRY8 (Prop_CARRY8_SLICEL_CI_O[0])
                                                      0.056     5.765 r  conv/add000182/reg_out_reg[23]_i_10/O[0]
                         net (fo=2, estimated)        0.175     5.940    conv/add000182/reg_out_reg[23]_i_10_n_15
    SLICE_X125Y441       LUT2 (Prop_B6LUT_SLICEM_I0_O)
                                                      0.052     5.992 r  conv/add000182/reg_out[23]_i_16/O
                         net (fo=1, routed)           0.016     6.008    conv/add000182/reg_out[23]_i_16_n_0
    SLICE_X125Y441       CARRY8 (Prop_CARRY8_SLICEM_S[1]_O[4])
                                                      0.204     6.212 r  conv/add000182/reg_out_reg[23]_i_3/O[4]
                         net (fo=2, estimated)        0.226     6.438    conv/add000183/tmp07[0]_55[19]
    SLICE_X125Y446       LUT2 (Prop_D6LUT_SLICEM_I0_O)
                                                      0.037     6.475 r  conv/add000183/reg_out[23]_i_6/O
                         net (fo=1, routed)           0.025     6.500    conv/add000183/reg_out[23]_i_6_n_0
    SLICE_X125Y446       CARRY8 (Prop_CARRY8_SLICEM_S[3]_O[5])
                                                      0.184     6.684 r  conv/add000183/reg_out_reg[23]_i_1/O[5]
                         net (fo=1, routed)           0.025     6.709    reg_out/D[22]
    SLICE_X125Y446       FDRE                                         r  reg_out/reg_out_reg[22]/D
  -------------------------------------------------------------------    -------------------

                         (clock virtual_clock rise edge)
                                                      4.000     4.000 r  
    AR14                                              0.000     4.000 r  clk (IN)
                         net (fo=0)                   0.000     4.000    clk_IBUF_inst/I
    AR14                 INBUF (Prop_INBUF_HPIOB_M_PAD_O)
                                                      0.359     4.359 r  clk_IBUF_inst/INBUF_INST/O
                         net (fo=1, routed)           0.000     4.359    clk_IBUF_inst/OUT
    AR14                 IBUFCTRL (Prop_IBUFCTRL_HPIOB_M_I_O)
                                                      0.000     4.359 r  clk_IBUF_inst/IBUFCTRL_INST/O
                         net (fo=1, estimated)        0.287     4.646    clk_IBUF
    BUFGCE_X1Y212        BUFGCE (Prop_BUFCE_BUFGCE_I_O)
                                                      0.024     4.670 r  clk_IBUF_BUFG_inst/O
    X4Y8 (CLOCK_ROOT)    net (fo=2993, estimated)     1.084     5.754    reg_out/CLK
    SLICE_X125Y446       FDRE                                         r  reg_out/reg_out_reg[22]/C
                         clock pessimism              0.378     6.133    
                         clock uncertainty           -0.035     6.097    
    SLICE_X125Y446       FDRE (Setup_FFF_SLICEM_C_D)
                                                      0.025     6.122    reg_out/reg_out_reg[22]
  -------------------------------------------------------------------
                         required time                          6.122    
                         arrival time                          -6.709    
  -------------------------------------------------------------------
                         slack                                 -0.587    





Min Delay Paths
--------------------------------------------------------------------------------------
Slack (VIOLATED) :        -0.071ns  (arrival time - required time)
  Source:                 demux/genblk1[350].z_reg[350][7]/C
                            (rising edge-triggered cell FDRE clocked by virtual_clock  {rise@0.000ns fall@2.000ns period=4.000ns})
  Destination:            genblk1[350].reg_in/reg_out_reg[7]/D
                            (rising edge-triggered cell FDRE clocked by virtual_clock  {rise@0.000ns fall@2.000ns period=4.000ns})
  Path Group:             virtual_clock
  Path Type:              Hold (Min at Slow Process Corner)
  Requirement:            0.000ns  (virtual_clock rise@0.000ns - virtual_clock rise@0.000ns)
  Data Path Delay:        0.164ns  (logic 0.061ns (37.195%)  route 0.103ns (62.805%))
  Logic Levels:           0  
  Clock Path Skew:        0.175ns (DCD - SCD - CPR)
    Destination Clock Delay (DCD):    2.220ns
    Source Clock Delay      (SCD):    1.734ns
    Clock Pessimism Removal (CPR):    0.311ns
  Clock Net Delay (Source):      1.064ns (routing 0.190ns, distribution 0.874ns)
  Clock Net Delay (Destination): 1.259ns (routing 0.210ns, distribution 1.049ns)

    Location             Delay type                Incr(ns)  Path(ns)    Netlist Resource(s)
  -------------------------------------------------------------------    -------------------
                         (clock virtual_clock rise edge)
                                                      0.000     0.000 r  
    AR14                                              0.000     0.000 r  clk (IN)
                         net (fo=0)                   0.000     0.000    clk_IBUF_inst/I
    AR14                 INBUF (Prop_INBUF_HPIOB_M_PAD_O)
                                                      0.359     0.359 r  clk_IBUF_inst/INBUF_INST/O
                         net (fo=1, routed)           0.000     0.359    clk_IBUF_inst/OUT
    AR14                 IBUFCTRL (Prop_IBUFCTRL_HPIOB_M_I_O)
                                                      0.000     0.359 r  clk_IBUF_inst/IBUFCTRL_INST/O
                         net (fo=1, estimated)        0.287     0.646    clk_IBUF
    BUFGCE_X1Y212        BUFGCE (Prop_BUFCE_BUFGCE_I_O)
                                                      0.024     0.670 r  clk_IBUF_BUFG_inst/O
    X4Y8 (CLOCK_ROOT)    net (fo=2993, estimated)     1.064     1.734    demux/CLK
    SLICE_X121Y480       FDRE                                         r  demux/genblk1[350].z_reg[350][7]/C
  -------------------------------------------------------------------    -------------------
    SLICE_X121Y480       FDRE (Prop_DFF2_SLICEM_C_Q)
                                                      0.061     1.795 r  demux/genblk1[350].z_reg[350][7]/Q
                         net (fo=1, estimated)        0.103     1.898    genblk1[350].reg_in/D[7]
    SLICE_X121Y479       FDRE                                         r  genblk1[350].reg_in/reg_out_reg[7]/D
  -------------------------------------------------------------------    -------------------

                         (clock virtual_clock rise edge)
                                                      0.000     0.000 r  
    AR14                                              0.000     0.000 r  clk (IN)
                         net (fo=0)                   0.000     0.000    clk_IBUF_inst/I
    AR14                 INBUF (Prop_INBUF_HPIOB_M_PAD_O)
                                                      0.610     0.610 r  clk_IBUF_inst/INBUF_INST/O
                         net (fo=1, routed)           0.000     0.610    clk_IBUF_inst/OUT
    AR14                 IBUFCTRL (Prop_IBUFCTRL_HPIOB_M_I_O)
                                                      0.000     0.610 r  clk_IBUF_inst/IBUFCTRL_INST/O
                         net (fo=1, estimated)        0.323     0.933    clk_IBUF
    BUFGCE_X1Y212        BUFGCE (Prop_BUFCE_BUFGCE_I_O)
                                                      0.028     0.961 r  clk_IBUF_BUFG_inst/O
    X4Y8 (CLOCK_ROOT)    net (fo=2993, estimated)     1.259     2.220    genblk1[350].reg_in/CLK
    SLICE_X121Y479       FDRE                                         r  genblk1[350].reg_in/reg_out_reg[7]/C
                         clock pessimism             -0.311     1.909    
    SLICE_X121Y479       FDRE (Hold_CFF_SLICEM_C_D)
                                                      0.060     1.969    genblk1[350].reg_in/reg_out_reg[7]
  -------------------------------------------------------------------
                         required time                         -1.969    
                         arrival time                           1.898    
  -------------------------------------------------------------------
                         slack                                 -0.071    





Pulse Width Checks
--------------------------------------------------------------------------------------
Clock Name:         virtual_clock
Waveform(ns):       { 0.000 2.000 }
Period(ns):         4.000
Sources:            { clk }

Check Type        Corner  Lib Pin   Reference Pin  Required(ns)  Actual(ns)  Slack(ns)  Location        Pin
Min Period        n/a     BUFGCE/I  n/a            1.290         4.000       2.710      BUFGCE_X1Y212   clk_IBUF_BUFG_inst/I
Low Pulse Width   Slow    FDRE/C    n/a            0.275         2.000       1.725      SLICE_X134Y477  demux/genblk1[322].z_reg[322][3]/C
High Pulse Width  Slow    FDRE/C    n/a            0.275         2.000       1.725      SLICE_X134Y477  demux/genblk1[322].z_reg[322][4]/C



