Copyright 1986-2020 Xilinx, Inc. All Rights Reserved.
--------------------------------------------------------------------------------------------
| Tool Version      : Vivado v.2020.1 (lin64) Build 2902540 Wed May 27 19:54:35 MDT 2020
| Date              : Tue Mar 15 20:25:24 2022
| Host              : lepus running 64-bit CentOS Linux release 7.9.2009 (Core)
| Command           : report_timing_summary -file ./output/fc2_26/report/timing-summary.rpt
| Design            : top
| Device            : xcvu9p-flga2104
| Speed File        : -2L  PRODUCTION 1.27 02-28-2020
| Temperature Grade : E
--------------------------------------------------------------------------------------------

Timing Summary Report

------------------------------------------------------------------------------------------------
| Timer Settings
| --------------
------------------------------------------------------------------------------------------------

  Enable Multi Corner Analysis               :  Yes
  Enable Pessimism Removal                   :  Yes
  Pessimism Removal Resolution               :  Nearest Common Node
  Enable Input Delay Default Clock           :  No
  Enable Preset / Clear Arcs                 :  No
  Disable Flight Delays                      :  No
  Ignore I/O Paths                           :  No
  Timing Early Launch at Borrowing Latches   :  No
  Borrow Time for Max Delay Exceptions       :  Yes
  Merge Timing Exceptions                    :  Yes

  Corner  Analyze    Analyze    
  Name    Max Paths  Min Paths  
  ------  ---------  ---------  
  Slow    Yes        Yes        
  Fast    Yes        Yes        



check_timing report

Table of Contents
-----------------
1. checking no_clock (0)
2. checking constant_clock (0)
3. checking pulse_width_clock (0)
4. checking unconstrained_internal_endpoints (0)
5. checking no_input_delay (10)
6. checking no_output_delay (22)
7. checking multiple_clock (0)
8. checking generated_clocks (0)
9. checking loops (0)
10. checking partial_input_delay (0)
11. checking partial_output_delay (0)
12. checking latch_loops (0)

1. checking no_clock (0)
------------------------
 There are 0 register/latch pins with no clock.


2. checking constant_clock (0)
------------------------------
 There are 0 register/latch pins with constant_clock.


3. checking pulse_width_clock (0)
---------------------------------
 There are 0 register/latch pins which need pulse_width check


4. checking unconstrained_internal_endpoints (0)
------------------------------------------------
 There are 0 pins that are not constrained for maximum delay.

 There are 0 pins that are not constrained for maximum delay due to constant clock.


5. checking no_input_delay (10)
-------------------------------
 There are 10 input ports with no input delay specified. (HIGH)

 There are 0 input ports with no input delay but user has a false path constraint.


6. checking no_output_delay (22)
--------------------------------
 There are 22 ports with no output delay specified. (HIGH)

 There are 0 ports with no output delay but user has a false path constraint

 There are 0 ports with no output delay but with a timing clock defined on it or propagating through it


7. checking multiple_clock (0)
------------------------------
 There are 0 register/latch pins with multiple clocks.


8. checking generated_clocks (0)
--------------------------------
 There are 0 generated clocks that are not connected to a clock source.


9. checking loops (0)
---------------------
 There are 0 combinational loops in the design.


10. checking partial_input_delay (0)
------------------------------------
 There are 0 input ports with partial input delay specified.


11. checking partial_output_delay (0)
-------------------------------------
 There are 0 ports with partial output delay specified.


12. checking latch_loops (0)
----------------------------
 There are 0 combinational latch loops in the design through latch input



------------------------------------------------------------------------------------------------
| Design Timing Summary
| ---------------------
------------------------------------------------------------------------------------------------

    WNS(ns)      TNS(ns)  TNS Failing Endpoints  TNS Total Endpoints      WHS(ns)      THS(ns)  THS Failing Endpoints  THS Total Endpoints     WPWS(ns)     TPWS(ns)  TPWS Failing Endpoints  TPWS Total Endpoints  
    -------      -------  ---------------------  -------------------      -------      -------  ---------------------  -------------------     --------     --------  ----------------------  --------------------  
      0.041        0.000                      0                  814        0.028        0.000                      0                  814        1.725        0.000                       0                   815  


All user specified timing constraints are met.


------------------------------------------------------------------------------------------------
| Clock Summary
| -------------
------------------------------------------------------------------------------------------------

Clock          Waveform(ns)         Period(ns)      Frequency(MHz)
-----          ------------         ----------      --------------
virtual_clock  {0.000 2.000}        4.000           250.000         


------------------------------------------------------------------------------------------------
| Intra Clock Table
| -----------------
------------------------------------------------------------------------------------------------

Clock              WNS(ns)      TNS(ns)  TNS Failing Endpoints  TNS Total Endpoints      WHS(ns)      THS(ns)  THS Failing Endpoints  THS Total Endpoints     WPWS(ns)     TPWS(ns)  TPWS Failing Endpoints  TPWS Total Endpoints  
-----              -------      -------  ---------------------  -------------------      -------      -------  ---------------------  -------------------     --------     --------  ----------------------  --------------------  
virtual_clock        0.041        0.000                      0                  814        0.028        0.000                      0                  814        1.725        0.000                       0                   815  


------------------------------------------------------------------------------------------------
| Inter Clock Table
| -----------------
------------------------------------------------------------------------------------------------

From Clock    To Clock          WNS(ns)      TNS(ns)  TNS Failing Endpoints  TNS Total Endpoints      WHS(ns)      THS(ns)  THS Failing Endpoints  THS Total Endpoints  
----------    --------          -------      -------  ---------------------  -------------------      -------      -------  ---------------------  -------------------  


------------------------------------------------------------------------------------------------
| Other Path Groups Table
| -----------------------
------------------------------------------------------------------------------------------------

Path Group    From Clock    To Clock          WNS(ns)      TNS(ns)  TNS Failing Endpoints  TNS Total Endpoints      WHS(ns)      THS(ns)  THS Failing Endpoints  THS Total Endpoints  
----------    ----------    --------          -------      -------  ---------------------  -------------------      -------      -------  ---------------------  -------------------  


------------------------------------------------------------------------------------------------
| Timing Details
| --------------
------------------------------------------------------------------------------------------------


---------------------------------------------------------------------------------------------------
From Clock:  virtual_clock
  To Clock:  virtual_clock

Setup :            0  Failing Endpoints,  Worst Slack        0.041ns,  Total Violation        0.000ns
Hold  :            0  Failing Endpoints,  Worst Slack        0.028ns,  Total Violation        0.000ns
PW    :            0  Failing Endpoints,  Worst Slack        1.725ns,  Total Violation        0.000ns
---------------------------------------------------------------------------------------------------


Max Delay Paths
--------------------------------------------------------------------------------------
Slack (MET) :             0.041ns  (required time - arrival time)
  Source:                 demux/sel_reg[0]/C
                            (rising edge-triggered cell FDRE clocked by virtual_clock  {rise@0.000ns fall@2.000ns period=4.000ns})
  Destination:            demux/sel_reg[1]/D
                            (rising edge-triggered cell FDRE clocked by virtual_clock  {rise@0.000ns fall@2.000ns period=4.000ns})
  Path Group:             virtual_clock
  Path Type:              Setup (Max at Slow Process Corner)
  Requirement:            4.000ns  (virtual_clock rise@4.000ns - virtual_clock rise@0.000ns)
  Data Path Delay:        3.924ns  (logic 1.736ns (44.241%)  route 2.188ns (55.759%))
  Logic Levels:           16  (CARRY8=9 LUT2=3 LUT3=1 LUT5=1 LUT6=2)
  Clock Path Skew:        -0.024ns (DCD - SCD + CPR)
    Destination Clock Delay (DCD):    1.956ns = ( 5.956 - 4.000 ) 
    Source Clock Delay      (SCD):    2.421ns
    Clock Pessimism Removal (CPR):    0.440ns
  Clock Uncertainty:      0.035ns  ((TSJ^2 + TIJ^2)^1/2 + DJ) / 2 + PE
    Total System Jitter     (TSJ):    0.071ns
    Total Input Jitter      (TIJ):    0.000ns
    Discrete Jitter          (DJ):    0.000ns
    Phase Error              (PE):    0.000ns
  Clock Net Delay (Source):      1.460ns (routing 0.582ns, distribution 0.878ns)
  Clock Net Delay (Destination): 1.286ns (routing 0.531ns, distribution 0.755ns)

    Location             Delay type                Incr(ns)  Path(ns)    Netlist Resource(s)
  -------------------------------------------------------------------    -------------------
                         (clock virtual_clock rise edge)
                                                      0.000     0.000 r  
    AR14                                              0.000     0.000 r  clk (IN)
                         net (fo=0)                   0.000     0.000    clk_IBUF_inst/I
    AR14                 INBUF (Prop_INBUF_HPIOB_M_PAD_O)
                                                      0.610     0.610 r  clk_IBUF_inst/INBUF_INST/O
                         net (fo=1, routed)           0.000     0.610    clk_IBUF_inst/OUT
    AR14                 IBUFCTRL (Prop_IBUFCTRL_HPIOB_M_I_O)
                                                      0.000     0.610 r  clk_IBUF_inst/IBUFCTRL_INST/O
                         net (fo=1, routed)           0.323     0.933    clk_IBUF
    BUFGCE_X1Y194        BUFGCE (Prop_BUFCE_BUFGCE_I_O)
                                                      0.028     0.961 r  clk_IBUF_BUFG_inst/O
    X3Y8 (CLOCK_ROOT)    net (fo=814, routed)         1.460     2.421    demux/CLK
    SLICE_X110Y501       FDRE                                         r  demux/sel_reg[0]/C
  -------------------------------------------------------------------    -------------------
    SLICE_X110Y501       FDRE (Prop_GFF_SLICEM_C_Q)
                                                      0.078     2.499 r  demux/sel_reg[0]/Q
                         net (fo=42, routed)          0.245     2.744    demux/sel[0]
    SLICE_X110Y500       CARRY8 (Prop_CARRY8_SLICEM_CI_O[4])
                                                      0.193     2.937 r  demux/sel_reg[7]_i_6/O[4]
                         net (fo=27, routed)          0.246     3.183    p_1_in[5]
    SLICE_X110Y494       LUT2 (Prop_F6LUT_SLICEM_I1_O)
                                                      0.051     3.234 r  sel[7]_i_186/O
                         net (fo=1, routed)           0.022     3.256    demux/S[1]
    SLICE_X110Y494       CARRY8 (Prop_CARRY8_SLICEM_S[5]_CO[7])
                                                      0.159     3.415 r  demux/sel_reg[7]_i_143/CO[7]
                         net (fo=1, routed)           0.026     3.441    demux/sel_reg[7]_i_143_n_0
    SLICE_X110Y495       CARRY8 (Prop_CARRY8_SLICEM_CI_CO[4])
                                                      0.092     3.533 r  demux/sel_reg[7]_i_88/CO[4]
                         net (fo=41, routed)          0.207     3.740    demux/CO[0]
    SLICE_X110Y496       LUT2 (Prop_A6LUT_SLICEM_I1_O)
                                                      0.053     3.793 r  demux/sel[7]_i_126/O
                         net (fo=1, routed)           0.013     3.806    demux/sel[7]_i_126_n_0
    SLICE_X110Y496       CARRY8 (Prop_CARRY8_SLICEM_S[0]_O[6])
                                                      0.226     4.032 r  demux/sel_reg[7]_i_58/O[6]
                         net (fo=3, routed)           0.135     4.167    demux/sel_reg[7]_i_58_n_9
    SLICE_X110Y498       LUT3 (Prop_A5LUT_SLICEM_I1_O)
                                                      0.070     4.237 r  demux/sel[7]_i_79/O
                         net (fo=2, routed)           0.199     4.436    demux/sel[7]_i_79_n_0
    SLICE_X110Y493       LUT5 (Prop_A5LUT_SLICEM_I1_O)
                                                      0.139     4.575 r  demux/sel[7]_i_39/O
                         net (fo=2, routed)           0.227     4.802    demux/sel[7]_i_39_n_0
    SLICE_X109Y496       LUT6 (Prop_G6LUT_SLICEL_I0_O)
                                                      0.050     4.852 r  demux/sel[7]_i_47/O
                         net (fo=1, routed)           0.008     4.860    demux/sel[7]_i_47_n_0
    SLICE_X109Y496       CARRY8 (Prop_CARRY8_SLICEL_S[6]_CO[7])
                                                      0.115     4.975 r  demux/sel_reg[7]_i_21/CO[7]
                         net (fo=1, routed)           0.026     5.001    demux/sel_reg[7]_i_21_n_0
    SLICE_X109Y497       CARRY8 (Prop_CARRY8_SLICEL_CI_O[6])
                                                      0.103     5.104 r  demux/sel_reg[7]_i_18/O[6]
                         net (fo=1, routed)           0.318     5.422    demux_n_28
    SLICE_X111Y498       CARRY8 (Prop_CARRY8_SLICEL_S[0]_O[1])
                                                      0.094     5.516 r  sel_reg[7]_i_17/O[1]
                         net (fo=1, routed)           0.175     5.691    demux/sel_reg[7]_i_5_0[1]
    SLICE_X109Y499       LUT2 (Prop_H6LUT_SLICEL_I1_O)
                                                      0.090     5.781 r  demux/sel[7]_i_8/O
                         net (fo=1, routed)           0.010     5.791    demux/sel[7]_i_8_n_0
    SLICE_X109Y499       CARRY8 (Prop_CARRY8_SLICEL_S[7]_CO[7])
                                                      0.115     5.906 r  demux/sel_reg[7]_i_4/CO[7]
                         net (fo=1, routed)           0.026     5.932    demux/sel_reg[7]_i_4_n_0
    SLICE_X109Y500       CARRY8 (Prop_CARRY8_SLICEL_CI_O[0])
                                                      0.056     5.988 r  demux/sel_reg[7]_i_5/O[0]
                         net (fo=8, routed)           0.246     6.234    demux/sel_reg[7]_i_5_n_15
    SLICE_X110Y501       LUT6 (Prop_B6LUT_SLICEM_I4_O)
                                                      0.052     6.286 r  demux/sel[1]_i_1/O
                         net (fo=1, routed)           0.059     6.345    demux/sel20_in[1]
    SLICE_X110Y501       FDRE                                         r  demux/sel_reg[1]/D
  -------------------------------------------------------------------    -------------------

                         (clock virtual_clock rise edge)
                                                      4.000     4.000 r  
    AR14                                              0.000     4.000 r  clk (IN)
                         net (fo=0)                   0.000     4.000    clk_IBUF_inst/I
    AR14                 INBUF (Prop_INBUF_HPIOB_M_PAD_O)
                                                      0.359     4.359 r  clk_IBUF_inst/INBUF_INST/O
                         net (fo=1, routed)           0.000     4.359    clk_IBUF_inst/OUT
    AR14                 IBUFCTRL (Prop_IBUFCTRL_HPIOB_M_I_O)
                                                      0.000     4.359 r  clk_IBUF_inst/IBUFCTRL_INST/O
                         net (fo=1, routed)           0.287     4.646    clk_IBUF
    BUFGCE_X1Y194        BUFGCE (Prop_BUFCE_BUFGCE_I_O)
                                                      0.024     4.670 r  clk_IBUF_BUFG_inst/O
    X3Y8 (CLOCK_ROOT)    net (fo=814, routed)         1.286     5.956    demux/CLK
    SLICE_X110Y501       FDRE                                         r  demux/sel_reg[1]/C
                         clock pessimism              0.440     6.397    
                         clock uncertainty           -0.035     6.361    
    SLICE_X110Y501       FDRE (Setup_BFF_SLICEM_C_D)
                                                      0.025     6.386    demux/sel_reg[1]
  -------------------------------------------------------------------
                         required time                          6.386    
                         arrival time                          -6.345    
  -------------------------------------------------------------------
                         slack                                  0.041    





Min Delay Paths
--------------------------------------------------------------------------------------
Slack (MET) :             0.028ns  (arrival time - required time)
  Source:                 demux/genblk1[61].z_reg[61][2]/C
                            (rising edge-triggered cell FDRE clocked by virtual_clock  {rise@0.000ns fall@2.000ns period=4.000ns})
  Destination:            genblk1[61].reg_in/reg_out_reg[2]/D
                            (rising edge-triggered cell FDRE clocked by virtual_clock  {rise@0.000ns fall@2.000ns period=4.000ns})
  Path Group:             virtual_clock
  Path Type:              Hold (Min at Fast Process Corner)
  Requirement:            0.000ns  (virtual_clock rise@0.000ns - virtual_clock rise@0.000ns)
  Data Path Delay:        0.081ns  (logic 0.039ns (48.148%)  route 0.042ns (51.852%))
  Logic Levels:           0  
  Clock Path Skew:        0.006ns (DCD - SCD - CPR)
    Destination Clock Delay (DCD):    1.533ns
    Source Clock Delay      (SCD):    1.203ns
    Clock Pessimism Removal (CPR):    0.324ns
  Clock Net Delay (Source):      0.798ns (routing 0.319ns, distribution 0.479ns)
  Clock Net Delay (Destination): 0.903ns (routing 0.351ns, distribution 0.552ns)

    Location             Delay type                Incr(ns)  Path(ns)    Netlist Resource(s)
  -------------------------------------------------------------------    -------------------
                         (clock virtual_clock rise edge)
                                                      0.000     0.000 r  
    AR14                                              0.000     0.000 r  clk (IN)
                         net (fo=0)                   0.000     0.000    clk_IBUF_inst/I
    AR14                 INBUF (Prop_INBUF_HPIOB_M_PAD_O)
                                                      0.244     0.244 r  clk_IBUF_inst/INBUF_INST/O
                         net (fo=1, routed)           0.000     0.244    clk_IBUF_inst/OUT
    AR14                 IBUFCTRL (Prop_IBUFCTRL_HPIOB_M_I_O)
                                                      0.000     0.244 r  clk_IBUF_inst/IBUFCTRL_INST/O
                         net (fo=1, routed)           0.144     0.388    clk_IBUF
    BUFGCE_X1Y194        BUFGCE (Prop_BUFCE_BUFGCE_I_O)
                                                      0.017     0.405 r  clk_IBUF_BUFG_inst/O
    X3Y8 (CLOCK_ROOT)    net (fo=814, routed)         0.798     1.203    demux/CLK
    SLICE_X110Y513       FDRE                                         r  demux/genblk1[61].z_reg[61][2]/C
  -------------------------------------------------------------------    -------------------
    SLICE_X110Y513       FDRE (Prop_DFF_SLICEM_C_Q)
                                                      0.039     1.242 r  demux/genblk1[61].z_reg[61][2]/Q
                         net (fo=1, routed)           0.042     1.284    genblk1[61].reg_in/D[2]
    SLICE_X110Y513       FDRE                                         r  genblk1[61].reg_in/reg_out_reg[2]/D
  -------------------------------------------------------------------    -------------------

                         (clock virtual_clock rise edge)
                                                      0.000     0.000 r  
    AR14                                              0.000     0.000 r  clk (IN)
                         net (fo=0)                   0.000     0.000    clk_IBUF_inst/I
    AR14                 INBUF (Prop_INBUF_HPIOB_M_PAD_O)
                                                      0.430     0.430 r  clk_IBUF_inst/INBUF_INST/O
                         net (fo=1, routed)           0.000     0.430    clk_IBUF_inst/OUT
    AR14                 IBUFCTRL (Prop_IBUFCTRL_HPIOB_M_I_O)
                                                      0.000     0.430 r  clk_IBUF_inst/IBUFCTRL_INST/O
                         net (fo=1, routed)           0.181     0.611    clk_IBUF
    BUFGCE_X1Y194        BUFGCE (Prop_BUFCE_BUFGCE_I_O)
                                                      0.019     0.630 r  clk_IBUF_BUFG_inst/O
    X3Y8 (CLOCK_ROOT)    net (fo=814, routed)         0.903     1.533    genblk1[61].reg_in/CLK
    SLICE_X110Y513       FDRE                                         r  genblk1[61].reg_in/reg_out_reg[2]/C
                         clock pessimism             -0.324     1.209    
    SLICE_X110Y513       FDRE (Hold_CFF2_SLICEM_C_D)
                                                      0.047     1.256    genblk1[61].reg_in/reg_out_reg[2]
  -------------------------------------------------------------------
                         required time                         -1.256    
                         arrival time                           1.284    
  -------------------------------------------------------------------
                         slack                                  0.028    





Pulse Width Checks
--------------------------------------------------------------------------------------
Clock Name:         virtual_clock
Waveform(ns):       { 0.000 2.000 }
Period(ns):         4.000
Sources:            { clk }

Check Type        Corner  Lib Pin   Reference Pin  Required(ns)  Actual(ns)  Slack(ns)  Location        Pin
Min Period        n/a     BUFGCE/I  n/a            1.290         4.000       2.710      BUFGCE_X1Y194   clk_IBUF_BUFG_inst/I
Low Pulse Width   Slow    FDRE/C    n/a            0.275         2.000       1.725      SLICE_X104Y506  genblk1[26].reg_in/reg_out_reg[2]/C
High Pulse Width  Fast    FDRE/C    n/a            0.275         2.000       1.725      SLICE_X107Y499  demux/genblk1[106].z_reg[106][0]/C



