Copyright 1986-2020 Xilinx, Inc. All Rights Reserved.
--------------------------------------------------------------------------------------------
| Tool Version      : Vivado v.2020.1 (lin64) Build 2902540 Wed May 27 19:54:35 MDT 2020
| Date              : Wed Mar 16 01:38:06 2022
| Host              : lepus running 64-bit CentOS Linux release 7.9.2009 (Core)
| Command           : report_timing_summary -file ./output/fc2_58/report/timing-summary.rpt
| Design            : top
| Device            : xcvu9p-flga2104
| Speed File        : -2L  PRODUCTION 1.27 02-28-2020
| Temperature Grade : E
--------------------------------------------------------------------------------------------

Timing Summary Report

------------------------------------------------------------------------------------------------
| Timer Settings
| --------------
------------------------------------------------------------------------------------------------

  Enable Multi Corner Analysis               :  Yes
  Enable Pessimism Removal                   :  Yes
  Pessimism Removal Resolution               :  Nearest Common Node
  Enable Input Delay Default Clock           :  No
  Enable Preset / Clear Arcs                 :  No
  Disable Flight Delays                      :  No
  Ignore I/O Paths                           :  No
  Timing Early Launch at Borrowing Latches   :  No
  Borrow Time for Max Delay Exceptions       :  Yes
  Merge Timing Exceptions                    :  Yes

  Corner  Analyze    Analyze    
  Name    Max Paths  Min Paths  
  ------  ---------  ---------  
  Slow    Yes        Yes        
  Fast    Yes        Yes        



check_timing report

Table of Contents
-----------------
1. checking no_clock (0)
2. checking constant_clock (0)
3. checking pulse_width_clock (0)
4. checking unconstrained_internal_endpoints (0)
5. checking no_input_delay (10)
6. checking no_output_delay (22)
7. checking multiple_clock (0)
8. checking generated_clocks (0)
9. checking loops (0)
10. checking partial_input_delay (0)
11. checking partial_output_delay (0)
12. checking latch_loops (0)

1. checking no_clock (0)
------------------------
 There are 0 register/latch pins with no clock.


2. checking constant_clock (0)
------------------------------
 There are 0 register/latch pins with constant_clock.


3. checking pulse_width_clock (0)
---------------------------------
 There are 0 register/latch pins which need pulse_width check


4. checking unconstrained_internal_endpoints (0)
------------------------------------------------
 There are 0 pins that are not constrained for maximum delay.

 There are 0 pins that are not constrained for maximum delay due to constant clock.


5. checking no_input_delay (10)
-------------------------------
 There are 10 input ports with no input delay specified. (HIGH)

 There are 0 input ports with no input delay but user has a false path constraint.


6. checking no_output_delay (22)
--------------------------------
 There are 22 ports with no output delay specified. (HIGH)

 There are 0 ports with no output delay but user has a false path constraint

 There are 0 ports with no output delay but with a timing clock defined on it or propagating through it


7. checking multiple_clock (0)
------------------------------
 There are 0 register/latch pins with multiple clocks.


8. checking generated_clocks (0)
--------------------------------
 There are 0 generated clocks that are not connected to a clock source.


9. checking loops (0)
---------------------
 There are 0 combinational loops in the design.


10. checking partial_input_delay (0)
------------------------------------
 There are 0 input ports with partial input delay specified.


11. checking partial_output_delay (0)
-------------------------------------
 There are 0 ports with partial output delay specified.


12. checking latch_loops (0)
----------------------------
 There are 0 combinational latch loops in the design through latch input



------------------------------------------------------------------------------------------------
| Design Timing Summary
| ---------------------
------------------------------------------------------------------------------------------------

    WNS(ns)      TNS(ns)  TNS Failing Endpoints  TNS Total Endpoints      WHS(ns)      THS(ns)  THS Failing Endpoints  THS Total Endpoints     WPWS(ns)     TPWS(ns)  TPWS Failing Endpoints  TPWS Total Endpoints  
    -------      -------  ---------------------  -------------------      -------      -------  ---------------------  -------------------     --------     --------  ----------------------  --------------------  
      0.057        0.000                      0                  990        0.011        0.000                      0                  990        1.725        0.000                       0                   991  


All user specified timing constraints are met.


------------------------------------------------------------------------------------------------
| Clock Summary
| -------------
------------------------------------------------------------------------------------------------

Clock          Waveform(ns)         Period(ns)      Frequency(MHz)
-----          ------------         ----------      --------------
virtual_clock  {0.000 2.000}        4.000           250.000         


------------------------------------------------------------------------------------------------
| Intra Clock Table
| -----------------
------------------------------------------------------------------------------------------------

Clock              WNS(ns)      TNS(ns)  TNS Failing Endpoints  TNS Total Endpoints      WHS(ns)      THS(ns)  THS Failing Endpoints  THS Total Endpoints     WPWS(ns)     TPWS(ns)  TPWS Failing Endpoints  TPWS Total Endpoints  
-----              -------      -------  ---------------------  -------------------      -------      -------  ---------------------  -------------------     --------     --------  ----------------------  --------------------  
virtual_clock        0.057        0.000                      0                  990        0.011        0.000                      0                  990        1.725        0.000                       0                   991  


------------------------------------------------------------------------------------------------
| Inter Clock Table
| -----------------
------------------------------------------------------------------------------------------------

From Clock    To Clock          WNS(ns)      TNS(ns)  TNS Failing Endpoints  TNS Total Endpoints      WHS(ns)      THS(ns)  THS Failing Endpoints  THS Total Endpoints  
----------    --------          -------      -------  ---------------------  -------------------      -------      -------  ---------------------  -------------------  


------------------------------------------------------------------------------------------------
| Other Path Groups Table
| -----------------------
------------------------------------------------------------------------------------------------

Path Group    From Clock    To Clock          WNS(ns)      TNS(ns)  TNS Failing Endpoints  TNS Total Endpoints      WHS(ns)      THS(ns)  THS Failing Endpoints  THS Total Endpoints  
----------    ----------    --------          -------      -------  ---------------------  -------------------      -------      -------  ---------------------  -------------------  


------------------------------------------------------------------------------------------------
| Timing Details
| --------------
------------------------------------------------------------------------------------------------


---------------------------------------------------------------------------------------------------
From Clock:  virtual_clock
  To Clock:  virtual_clock

Setup :            0  Failing Endpoints,  Worst Slack        0.057ns,  Total Violation        0.000ns
Hold  :            0  Failing Endpoints,  Worst Slack        0.011ns,  Total Violation        0.000ns
PW    :            0  Failing Endpoints,  Worst Slack        1.725ns,  Total Violation        0.000ns
---------------------------------------------------------------------------------------------------


Max Delay Paths
--------------------------------------------------------------------------------------
Slack (MET) :             0.057ns  (required time - arrival time)
  Source:                 demux/sel_reg[1]/C
                            (rising edge-triggered cell FDRE clocked by virtual_clock  {rise@0.000ns fall@2.000ns period=4.000ns})
  Destination:            demux/sel_reg[0]/D
                            (rising edge-triggered cell FDRE clocked by virtual_clock  {rise@0.000ns fall@2.000ns period=4.000ns})
  Path Group:             virtual_clock
  Path Type:              Setup (Max at Slow Process Corner)
  Requirement:            4.000ns  (virtual_clock rise@4.000ns - virtual_clock rise@0.000ns)
  Data Path Delay:        3.906ns  (logic 1.677ns (42.934%)  route 2.229ns (57.066%))
  Logic Levels:           16  (CARRY8=9 LUT2=3 LUT3=1 LUT5=2 LUT6=1)
  Clock Path Skew:        -0.027ns (DCD - SCD + CPR)
    Destination Clock Delay (DCD):    1.317ns = ( 5.317 - 4.000 ) 
    Source Clock Delay      (SCD):    1.705ns
    Clock Pessimism Removal (CPR):    0.361ns
  Clock Uncertainty:      0.035ns  ((TSJ^2 + TIJ^2)^1/2 + DJ) / 2 + PE
    Total System Jitter     (TSJ):    0.071ns
    Total Input Jitter      (TIJ):    0.000ns
    Discrete Jitter          (DJ):    0.000ns
    Phase Error              (PE):    0.000ns
  Clock Net Delay (Source):      0.744ns (routing 0.001ns, distribution 0.743ns)
  Clock Net Delay (Destination): 0.647ns (routing 0.001ns, distribution 0.646ns)

    Location             Delay type                Incr(ns)  Path(ns)    Netlist Resource(s)
  -------------------------------------------------------------------    -------------------
                         (clock virtual_clock rise edge)
                                                      0.000     0.000 r  
    AR14                                              0.000     0.000 r  clk (IN)
                         net (fo=0)                   0.000     0.000    clk_IBUF_inst/I
    AR14                 INBUF (Prop_INBUF_HPIOB_M_PAD_O)
                                                      0.610     0.610 r  clk_IBUF_inst/INBUF_INST/O
                         net (fo=1, routed)           0.000     0.610    clk_IBUF_inst/OUT
    AR14                 IBUFCTRL (Prop_IBUFCTRL_HPIOB_M_I_O)
                                                      0.000     0.610 r  clk_IBUF_inst/IBUFCTRL_INST/O
                         net (fo=1, routed)           0.323     0.933    clk_IBUF
    BUFGCE_X1Y194        BUFGCE (Prop_BUFCE_BUFGCE_I_O)
                                                      0.028     0.961 r  clk_IBUF_BUFG_inst/O
    X4Y8 (CLOCK_ROOT)    net (fo=990, routed)         0.744     1.705    demux/CLK
    SLICE_X112Y504       FDRE                                         r  demux/sel_reg[1]/C
  -------------------------------------------------------------------    -------------------
    SLICE_X112Y504       FDRE (Prop_BFF_SLICEL_C_Q)
                                                      0.079     1.784 r  demux/sel_reg[1]/Q
                         net (fo=12, routed)          0.253     2.037    demux/sel[1]
    SLICE_X112Y498       CARRY8 (Prop_CARRY8_SLICEL_S[0]_O[6])
                                                      0.224     2.261 r  demux/sel_reg[7]_i_6/O[6]
                         net (fo=27, routed)          0.252     2.513    p_1_in[7]
    SLICE_X114Y497       LUT2 (Prop_H6LUT_SLICEL_I1_O)
                                                      0.036     2.549 r  sel[7]_i_184/O
                         net (fo=1, routed)           0.010     2.559    demux/S[3]
    SLICE_X114Y497       CARRY8 (Prop_CARRY8_SLICEL_S[7]_CO[7])
                                                      0.115     2.674 r  demux/sel_reg[7]_i_143/CO[7]
                         net (fo=1, routed)           0.026     2.700    demux/sel_reg[7]_i_143_n_0
    SLICE_X114Y498       CARRY8 (Prop_CARRY8_SLICEL_CI_CO[4])
                                                      0.092     2.792 r  demux/sel_reg[7]_i_88/CO[4]
                         net (fo=41, routed)          0.218     3.010    demux/CO[0]
    SLICE_X114Y501       LUT2 (Prop_A6LUT_SLICEL_I1_O)
                                                      0.050     3.060 r  demux/sel[7]_i_126/O
                         net (fo=1, routed)           0.009     3.069    demux/sel[7]_i_126_n_0
    SLICE_X114Y501       CARRY8 (Prop_CARRY8_SLICEL_S[0]_O[2])
                                                      0.132     3.201 r  demux/sel_reg[7]_i_58/O[2]
                         net (fo=3, routed)           0.172     3.373    demux/sel_reg[7]_i_58_n_13
    SLICE_X113Y503       LUT3 (Prop_C6LUT_SLICEM_I1_O)
                                                      0.098     3.471 r  demux/sel[7]_i_85/O
                         net (fo=2, routed)           0.142     3.613    demux/sel[7]_i_85_n_0
    SLICE_X112Y504       LUT5 (Prop_F5LUT_SLICEL_I1_O)
                                                      0.143     3.756 r  demux/sel[7]_i_43/O
                         net (fo=2, routed)           0.274     4.030    demux/sel[7]_i_43_n_0
    SLICE_X113Y500       LUT6 (Prop_C6LUT_SLICEM_I0_O)
                                                      0.037     4.067 r  demux/sel[7]_i_51/O
                         net (fo=1, routed)           0.021     4.088    demux/sel[7]_i_51_n_0
    SLICE_X113Y500       CARRY8 (Prop_CARRY8_SLICEM_S[2]_CO[7])
                                                      0.161     4.249 r  demux/sel_reg[7]_i_21/CO[7]
                         net (fo=1, routed)           0.026     4.275    demux/sel_reg[7]_i_21_n_0
    SLICE_X113Y501       CARRY8 (Prop_CARRY8_SLICEM_CI_O[6])
                                                      0.103     4.378 r  demux/sel_reg[7]_i_18/O[6]
                         net (fo=1, routed)           0.362     4.740    demux_n_28
    SLICE_X113Y504       CARRY8 (Prop_CARRY8_SLICEM_S[0]_O[1])
                                                      0.096     4.836 r  sel_reg[7]_i_17/O[1]
                         net (fo=1, routed)           0.182     5.018    demux/sel_reg[7]_i_5_0[1]
    SLICE_X112Y502       LUT2 (Prop_H6LUT_SLICEL_I1_O)
                                                      0.051     5.069 r  demux/sel[7]_i_8/O
                         net (fo=1, routed)           0.010     5.079    demux/sel[7]_i_8_n_0
    SLICE_X112Y502       CARRY8 (Prop_CARRY8_SLICEL_S[7]_CO[7])
                                                      0.115     5.194 r  demux/sel_reg[7]_i_4/CO[7]
                         net (fo=1, routed)           0.026     5.220    demux/sel_reg[7]_i_4_n_0
    SLICE_X112Y503       CARRY8 (Prop_CARRY8_SLICEL_CI_O[0])
                                                      0.056     5.276 r  demux/sel_reg[7]_i_5/O[0]
                         net (fo=8, routed)           0.198     5.474    demux/sel_reg[7]_i_5_n_15
    SLICE_X112Y499       LUT5 (Prop_G6LUT_SLICEL_I0_O)
                                                      0.089     5.563 r  demux/sel[0]_i_1/O
                         net (fo=1, routed)           0.048     5.611    demux/sel20_in[0]
    SLICE_X112Y499       FDRE                                         r  demux/sel_reg[0]/D
  -------------------------------------------------------------------    -------------------

                         (clock virtual_clock rise edge)
                                                      4.000     4.000 r  
    AR14                                              0.000     4.000 r  clk (IN)
                         net (fo=0)                   0.000     4.000    clk_IBUF_inst/I
    AR14                 INBUF (Prop_INBUF_HPIOB_M_PAD_O)
                                                      0.359     4.359 r  clk_IBUF_inst/INBUF_INST/O
                         net (fo=1, routed)           0.000     4.359    clk_IBUF_inst/OUT
    AR14                 IBUFCTRL (Prop_IBUFCTRL_HPIOB_M_I_O)
                                                      0.000     4.359 r  clk_IBUF_inst/IBUFCTRL_INST/O
                         net (fo=1, routed)           0.287     4.646    clk_IBUF
    BUFGCE_X1Y194        BUFGCE (Prop_BUFCE_BUFGCE_I_O)
                                                      0.024     4.670 r  clk_IBUF_BUFG_inst/O
    X4Y8 (CLOCK_ROOT)    net (fo=990, routed)         0.647     5.317    demux/CLK
    SLICE_X112Y499       FDRE                                         r  demux/sel_reg[0]/C
                         clock pessimism              0.361     5.678    
                         clock uncertainty           -0.035     5.643    
    SLICE_X112Y499       FDRE (Setup_GFF_SLICEL_C_D)
                                                      0.025     5.668    demux/sel_reg[0]
  -------------------------------------------------------------------
                         required time                          5.668    
                         arrival time                          -5.611    
  -------------------------------------------------------------------
                         slack                                  0.057    





Min Delay Paths
--------------------------------------------------------------------------------------
Slack (MET) :             0.011ns  (arrival time - required time)
  Source:                 demux/genblk1[113].z_reg[113][7]/C
                            (rising edge-triggered cell FDRE clocked by virtual_clock  {rise@0.000ns fall@2.000ns period=4.000ns})
  Destination:            genblk1[113].reg_in/reg_out_reg[7]/D
                            (rising edge-triggered cell FDRE clocked by virtual_clock  {rise@0.000ns fall@2.000ns period=4.000ns})
  Path Group:             virtual_clock
  Path Type:              Hold (Min at Slow Process Corner)
  Requirement:            0.000ns  (virtual_clock rise@0.000ns - virtual_clock rise@0.000ns)
  Data Path Delay:        0.177ns  (logic 0.058ns (32.768%)  route 0.119ns (67.232%))
  Logic Levels:           0  
  Clock Path Skew:        0.106ns (DCD - SCD - CPR)
    Destination Clock Delay (DCD):    1.838ns
    Source Clock Delay      (SCD):    1.418ns
    Clock Pessimism Removal (CPR):    0.314ns
  Clock Net Delay (Source):      0.748ns (routing 0.001ns, distribution 0.747ns)
  Clock Net Delay (Destination): 0.877ns (routing 0.001ns, distribution 0.876ns)

    Location             Delay type                Incr(ns)  Path(ns)    Netlist Resource(s)
  -------------------------------------------------------------------    -------------------
                         (clock virtual_clock rise edge)
                                                      0.000     0.000 r  
    AR14                                              0.000     0.000 r  clk (IN)
                         net (fo=0)                   0.000     0.000    clk_IBUF_inst/I
    AR14                 INBUF (Prop_INBUF_HPIOB_M_PAD_O)
                                                      0.359     0.359 r  clk_IBUF_inst/INBUF_INST/O
                         net (fo=1, routed)           0.000     0.359    clk_IBUF_inst/OUT
    AR14                 IBUFCTRL (Prop_IBUFCTRL_HPIOB_M_I_O)
                                                      0.000     0.359 r  clk_IBUF_inst/IBUFCTRL_INST/O
                         net (fo=1, routed)           0.287     0.646    clk_IBUF
    BUFGCE_X1Y194        BUFGCE (Prop_BUFCE_BUFGCE_I_O)
                                                      0.024     0.670 r  clk_IBUF_BUFG_inst/O
    X4Y8 (CLOCK_ROOT)    net (fo=990, routed)         0.748     1.418    demux/CLK
    SLICE_X109Y500       FDRE                                         r  demux/genblk1[113].z_reg[113][7]/C
  -------------------------------------------------------------------    -------------------
    SLICE_X109Y500       FDRE (Prop_AFF_SLICEL_C_Q)
                                                      0.058     1.476 r  demux/genblk1[113].z_reg[113][7]/Q
                         net (fo=1, routed)           0.119     1.595    genblk1[113].reg_in/D[7]
    SLICE_X111Y502       FDRE                                         r  genblk1[113].reg_in/reg_out_reg[7]/D
  -------------------------------------------------------------------    -------------------

                         (clock virtual_clock rise edge)
                                                      0.000     0.000 r  
    AR14                                              0.000     0.000 r  clk (IN)
                         net (fo=0)                   0.000     0.000    clk_IBUF_inst/I
    AR14                 INBUF (Prop_INBUF_HPIOB_M_PAD_O)
                                                      0.610     0.610 r  clk_IBUF_inst/INBUF_INST/O
                         net (fo=1, routed)           0.000     0.610    clk_IBUF_inst/OUT
    AR14                 IBUFCTRL (Prop_IBUFCTRL_HPIOB_M_I_O)
                                                      0.000     0.610 r  clk_IBUF_inst/IBUFCTRL_INST/O
                         net (fo=1, routed)           0.323     0.933    clk_IBUF
    BUFGCE_X1Y194        BUFGCE (Prop_BUFCE_BUFGCE_I_O)
                                                      0.028     0.961 r  clk_IBUF_BUFG_inst/O
    X4Y8 (CLOCK_ROOT)    net (fo=990, routed)         0.877     1.838    genblk1[113].reg_in/CLK
    SLICE_X111Y502       FDRE                                         r  genblk1[113].reg_in/reg_out_reg[7]/C
                         clock pessimism             -0.314     1.524    
    SLICE_X111Y502       FDRE (Hold_GFF_SLICEL_C_D)
                                                      0.060     1.584    genblk1[113].reg_in/reg_out_reg[7]
  -------------------------------------------------------------------
                         required time                         -1.584    
                         arrival time                           1.595    
  -------------------------------------------------------------------
                         slack                                  0.011    





Pulse Width Checks
--------------------------------------------------------------------------------------
Clock Name:         virtual_clock
Waveform(ns):       { 0.000 2.000 }
Period(ns):         4.000
Sources:            { clk }

Check Type        Corner  Lib Pin   Reference Pin  Required(ns)  Actual(ns)  Slack(ns)  Location        Pin
Min Period        n/a     BUFGCE/I  n/a            1.290         4.000       2.710      BUFGCE_X1Y194   clk_IBUF_BUFG_inst/I
Low Pulse Width   Slow    FDRE/C    n/a            0.275         2.000       1.725      SLICE_X102Y512  demux/genblk1[52].z_reg[52][5]/C
High Pulse Width  Fast    FDRE/C    n/a            0.275         2.000       1.725      SLICE_X101Y514  demux/genblk1[55].z_reg[55][0]/C



