Copyright 1986-2020 Xilinx, Inc. All Rights Reserved.
-------------------------------------------------------------------------------------------------------
| Tool Version      : Vivado v.2020.1 (lin64) Build 2902540 Wed May 27 19:54:35 MDT 2020
| Date              : Tue Mar 15 09:43:01 2022
| Host              : lepus running 64-bit CentOS Linux release 7.9.2009 (Core)
| Command           : report_timing_summary -file ./output/fc1_95/report/timing-summary-post-place.rpt
| Design            : top
| Device            : xcvu9p-flga2104
| Speed File        : -2L  PRODUCTION 1.27 02-28-2020
| Temperature Grade : E
-------------------------------------------------------------------------------------------------------

Timing Summary Report

------------------------------------------------------------------------------------------------
| Timer Settings
| --------------
------------------------------------------------------------------------------------------------

  Enable Multi Corner Analysis               :  Yes
  Enable Pessimism Removal                   :  Yes
  Pessimism Removal Resolution               :  Nearest Common Node
  Enable Input Delay Default Clock           :  No
  Enable Preset / Clear Arcs                 :  No
  Disable Flight Delays                      :  No
  Ignore I/O Paths                           :  No
  Timing Early Launch at Borrowing Latches   :  No
  Borrow Time for Max Delay Exceptions       :  Yes
  Merge Timing Exceptions                    :  Yes

  Corner  Analyze    Analyze    
  Name    Max Paths  Min Paths  
  ------  ---------  ---------  
  Slow    Yes        Yes        
  Fast    Yes        Yes        



check_timing report

Table of Contents
-----------------
1. checking no_clock (0)
2. checking constant_clock (0)
3. checking pulse_width_clock (0)
4. checking unconstrained_internal_endpoints (0)
5. checking no_input_delay (10)
6. checking no_output_delay (24)
7. checking multiple_clock (0)
8. checking generated_clocks (0)
9. checking loops (0)
10. checking partial_input_delay (0)
11. checking partial_output_delay (0)
12. checking latch_loops (0)

1. checking no_clock (0)
------------------------
 There are 0 register/latch pins with no clock.


2. checking constant_clock (0)
------------------------------
 There are 0 register/latch pins with constant_clock.


3. checking pulse_width_clock (0)
---------------------------------
 There are 0 register/latch pins which need pulse_width check


4. checking unconstrained_internal_endpoints (0)
------------------------------------------------
 There are 0 pins that are not constrained for maximum delay.

 There are 0 pins that are not constrained for maximum delay due to constant clock.


5. checking no_input_delay (10)
-------------------------------
 There are 10 input ports with no input delay specified. (HIGH)

 There are 0 input ports with no input delay but user has a false path constraint.


6. checking no_output_delay (24)
--------------------------------
 There are 24 ports with no output delay specified. (HIGH)

 There are 0 ports with no output delay but user has a false path constraint

 There are 0 ports with no output delay but with a timing clock defined on it or propagating through it


7. checking multiple_clock (0)
------------------------------
 There are 0 register/latch pins with multiple clocks.


8. checking generated_clocks (0)
--------------------------------
 There are 0 generated clocks that are not connected to a clock source.


9. checking loops (0)
---------------------
 There are 0 combinational loops in the design.


10. checking partial_input_delay (0)
------------------------------------
 There are 0 input ports with partial input delay specified.


11. checking partial_output_delay (0)
-------------------------------------
 There are 0 ports with partial output delay specified.


12. checking latch_loops (0)
----------------------------
 There are 0 combinational latch loops in the design through latch input



------------------------------------------------------------------------------------------------
| Design Timing Summary
| ---------------------
------------------------------------------------------------------------------------------------

    WNS(ns)      TNS(ns)  TNS Failing Endpoints  TNS Total Endpoints      WHS(ns)      THS(ns)  THS Failing Endpoints  THS Total Endpoints     WPWS(ns)     TPWS(ns)  TPWS Failing Endpoints  TPWS Total Endpoints  
    -------      -------  ---------------------  -------------------      -------      -------  ---------------------  -------------------     --------     --------  ----------------------  --------------------  
     -1.007      -14.168                     24                 2433       -0.034       -0.579                     41                 2433        1.725        0.000                       0                  2434  


Timing constraints are not met.


------------------------------------------------------------------------------------------------
| Clock Summary
| -------------
------------------------------------------------------------------------------------------------

Clock          Waveform(ns)         Period(ns)      Frequency(MHz)
-----          ------------         ----------      --------------
virtual_clock  {0.000 2.000}        4.000           250.000         


------------------------------------------------------------------------------------------------
| Intra Clock Table
| -----------------
------------------------------------------------------------------------------------------------

Clock              WNS(ns)      TNS(ns)  TNS Failing Endpoints  TNS Total Endpoints      WHS(ns)      THS(ns)  THS Failing Endpoints  THS Total Endpoints     WPWS(ns)     TPWS(ns)  TPWS Failing Endpoints  TPWS Total Endpoints  
-----              -------      -------  ---------------------  -------------------      -------      -------  ---------------------  -------------------     --------     --------  ----------------------  --------------------  
virtual_clock       -1.007      -14.168                     24                 2433       -0.034       -0.579                     41                 2433        1.725        0.000                       0                  2434  


------------------------------------------------------------------------------------------------
| Inter Clock Table
| -----------------
------------------------------------------------------------------------------------------------

From Clock    To Clock          WNS(ns)      TNS(ns)  TNS Failing Endpoints  TNS Total Endpoints      WHS(ns)      THS(ns)  THS Failing Endpoints  THS Total Endpoints  
----------    --------          -------      -------  ---------------------  -------------------      -------      -------  ---------------------  -------------------  


------------------------------------------------------------------------------------------------
| Other Path Groups Table
| -----------------------
------------------------------------------------------------------------------------------------

Path Group    From Clock    To Clock          WNS(ns)      TNS(ns)  TNS Failing Endpoints  TNS Total Endpoints      WHS(ns)      THS(ns)  THS Failing Endpoints  THS Total Endpoints  
----------    ----------    --------          -------      -------  ---------------------  -------------------      -------      -------  ---------------------  -------------------  


------------------------------------------------------------------------------------------------
| Timing Details
| --------------
------------------------------------------------------------------------------------------------


---------------------------------------------------------------------------------------------------
From Clock:  virtual_clock
  To Clock:  virtual_clock

Setup :           24  Failing Endpoints,  Worst Slack       -1.007ns,  Total Violation      -14.168ns
Hold  :           41  Failing Endpoints,  Worst Slack       -0.034ns,  Total Violation       -0.579ns
PW    :            0  Failing Endpoints,  Worst Slack        1.725ns,  Total Violation        0.000ns
---------------------------------------------------------------------------------------------------


Max Delay Paths
--------------------------------------------------------------------------------------
Slack (VIOLATED) :        -1.007ns  (required time - arrival time)
  Source:                 demux/sel_reg[1]/C
                            (rising edge-triggered cell FDRE clocked by virtual_clock  {rise@0.000ns fall@2.000ns period=4.000ns})
  Destination:            demux/sel_reg[3]/D
                            (rising edge-triggered cell FDRE clocked by virtual_clock  {rise@0.000ns fall@2.000ns period=4.000ns})
  Path Group:             virtual_clock
  Path Type:              Setup (Max at Slow Process Corner)
  Requirement:            4.000ns  (virtual_clock rise@4.000ns - virtual_clock rise@0.000ns)
  Data Path Delay:        4.946ns  (logic 1.935ns (39.123%)  route 3.011ns (60.877%))
  Logic Levels:           20  (CARRY8=9 LUT2=4 LUT3=2 LUT4=4 LUT6=1)
  Clock Path Skew:        -0.051ns (DCD - SCD + CPR)
    Destination Clock Delay (DCD):    1.724ns = ( 5.724 - 4.000 ) 
    Source Clock Delay      (SCD):    2.190ns
    Clock Pessimism Removal (CPR):    0.415ns
  Clock Uncertainty:      0.035ns  ((TSJ^2 + TIJ^2)^1/2 + DJ) / 2 + PE
    Total System Jitter     (TSJ):    0.071ns
    Total Input Jitter      (TIJ):    0.000ns
    Discrete Jitter          (DJ):    0.000ns
    Phase Error              (PE):    0.000ns
  Clock Net Delay (Source):      1.229ns (routing 0.210ns, distribution 1.019ns)
  Clock Net Delay (Destination): 1.054ns (routing 0.190ns, distribution 0.864ns)

    Location             Delay type                Incr(ns)  Path(ns)    Netlist Resource(s)
  -------------------------------------------------------------------    -------------------
                         (clock virtual_clock rise edge)
                                                      0.000     0.000 r  
    AR14                                              0.000     0.000 r  clk (IN)
                         net (fo=0)                   0.000     0.000    clk_IBUF_inst/I
    AR14                 INBUF (Prop_INBUF_HPIOB_M_PAD_O)
                                                      0.610     0.610 r  clk_IBUF_inst/INBUF_INST/O
                         net (fo=1, routed)           0.000     0.610    clk_IBUF_inst/OUT
    AR14                 IBUFCTRL (Prop_IBUFCTRL_HPIOB_M_I_O)
                                                      0.000     0.610 r  clk_IBUF_inst/IBUFCTRL_INST/O
                         net (fo=1, estimated)        0.323     0.933    clk_IBUF
    BUFGCE_X1Y212        BUFGCE (Prop_BUFCE_BUFGCE_I_O)
                                                      0.028     0.961 r  clk_IBUF_BUFG_inst/O
    X4Y8 (CLOCK_ROOT)    net (fo=2433, estimated)     1.229     2.190    demux/CLK
    SLICE_X118Y482       FDRE                                         r  demux/sel_reg[1]/C
  -------------------------------------------------------------------    -------------------
    SLICE_X118Y482       FDRE (Prop_AFF_SLICEL_C_Q)
                                                      0.079     2.269 r  demux/sel_reg[1]/Q
                         net (fo=74, estimated)       0.261     2.530    demux/sel[1]
    SLICE_X117Y482       CARRY8 (Prop_CARRY8_SLICEM_S[0]_O[7])
                                                      0.241     2.771 r  demux/sel_reg[8]_i_6/O[7]
                         net (fo=37, estimated)       0.359     3.130    p_1_in[8]
    SLICE_X115Y478       LUT3 (Prop_E5LUT_SLICEL_I2_O)
                                                      0.101     3.231 r  sel[8]_i_219/O
                         net (fo=2, estimated)        0.208     3.439    sel[8]_i_219_n_0
    SLICE_X115Y478       LUT4 (Prop_F6LUT_SLICEL_I0_O)
                                                      0.097     3.536 r  sel[8]_i_226/O
                         net (fo=1, routed)           0.011     3.547    demux/S[1]
    SLICE_X115Y478       CARRY8 (Prop_CARRY8_SLICEL_S[5]_CO[7])
                                                      0.155     3.702 f  demux/sel_reg[8]_i_191/CO[7]
                         net (fo=1, estimated)        0.026     3.728    demux/sel_reg[8]_i_191_n_0
    SLICE_X115Y479       CARRY8 (Prop_CARRY8_SLICEL_CI_CO[5])
                                                      0.077     3.805 f  demux/sel_reg[8]_i_167/CO[5]
                         net (fo=36, estimated)       0.299     4.104    demux_n_10
    SLICE_X116Y483       LUT2 (Prop_B5LUT_SLICEM_I1_O)
                                                      0.103     4.207 r  sel[8]_i_101/O
                         net (fo=17, estimated)       0.175     4.382    sel[8]_i_101_n_0
    SLICE_X116Y481       LUT4 (Prop_C6LUT_SLICEM_I3_O)
                                                      0.051     4.433 r  sel[8]_i_147/O
                         net (fo=1, routed)           0.021     4.454    demux/sel[8]_i_64_0[1]
    SLICE_X116Y481       CARRY8 (Prop_CARRY8_SLICEM_S[2]_CO[7])
                                                      0.161     4.615 r  demux/sel_reg[8]_i_81/CO[7]
                         net (fo=1, estimated)        0.026     4.641    demux/sel_reg[8]_i_81_n_0
    SLICE_X116Y482       CARRY8 (Prop_CARRY8_SLICEM_CI_O[1])
                                                      0.076     4.717 r  demux/sel_reg[8]_i_77/O[1]
                         net (fo=2, estimated)        0.293     5.010    demux_n_98
    SLICE_X115Y482       LUT3 (Prop_E5LUT_SLICEL_I2_O)
                                                      0.101     5.111 r  sel[8]_i_32/O
                         net (fo=2, estimated)        0.162     5.273    sel[8]_i_32_n_0
    SLICE_X115Y482       LUT4 (Prop_F6LUT_SLICEL_I3_O)
                                                      0.049     5.322 r  sel[8]_i_40/O
                         net (fo=1, routed)           0.011     5.333    demux/sel[8]_i_28_0[5]
    SLICE_X115Y482       CARRY8 (Prop_CARRY8_SLICEL_S[5]_CO[7])
                                                      0.155     5.488 r  demux/sel_reg[8]_i_20/CO[7]
                         net (fo=1, estimated)        0.026     5.514    demux/sel_reg[8]_i_20_n_0
    SLICE_X115Y483       CARRY8 (Prop_CARRY8_SLICEL_CI_O[0])
                                                      0.056     5.570 r  demux/sel_reg[8]_i_22/O[0]
                         net (fo=3, estimated)        0.304     5.874    demux_n_16
    SLICE_X116Y484       LUT2 (Prop_E5LUT_SLICEM_I0_O)
                                                      0.102     5.976 r  sel[8]_i_21/O
                         net (fo=2, estimated)        0.196     6.172    sel[8]_i_21_n_0
    SLICE_X116Y484       LUT4 (Prop_F6LUT_SLICEM_I0_O)
                                                      0.098     6.270 r  sel[8]_i_24/O
                         net (fo=1, routed)           0.022     6.292    demux/sel[8]_i_14_0[4]
    SLICE_X116Y484       CARRY8 (Prop_CARRY8_SLICEM_S[5]_O[5])
                                                      0.058     6.350 r  demux/sel_reg[8]_i_19/O[5]
                         net (fo=1, estimated)        0.200     6.550    demux_n_105
    SLICE_X117Y486       LUT2 (Prop_A6LUT_SLICEM_I1_O)
                                                      0.038     6.588 r  sel[8]_i_8/O
                         net (fo=1, routed)           0.013     6.601    demux/sel_reg[6]_1[0]
    SLICE_X117Y486       CARRY8 (Prop_CARRY8_SLICEM_S[0]_O[0])
                                                      0.065     6.666 f  demux/sel_reg[8]_i_3/O[0]
                         net (fo=6, estimated)        0.192     6.858    demux/sel_reg[8]_i_3_n_15
    SLICE_X118Y486       LUT2 (Prop_C6LUT_SLICEL_I1_O)
                                                      0.035     6.893 r  demux/sel[4]_i_2/O
                         net (fo=4, estimated)        0.147     7.040    demux/sel[4]_i_2_n_0
    SLICE_X117Y484       LUT6 (Prop_B6LUT_SLICEM_I0_O)
                                                      0.037     7.077 r  demux/sel[3]_i_1/O
                         net (fo=1, routed)           0.059     7.136    demux/sel20_in[3]
    SLICE_X117Y484       FDRE                                         r  demux/sel_reg[3]/D
  -------------------------------------------------------------------    -------------------

                         (clock virtual_clock rise edge)
                                                      4.000     4.000 r  
    AR14                                              0.000     4.000 r  clk (IN)
                         net (fo=0)                   0.000     4.000    clk_IBUF_inst/I
    AR14                 INBUF (Prop_INBUF_HPIOB_M_PAD_O)
                                                      0.359     4.359 r  clk_IBUF_inst/INBUF_INST/O
                         net (fo=1, routed)           0.000     4.359    clk_IBUF_inst/OUT
    AR14                 IBUFCTRL (Prop_IBUFCTRL_HPIOB_M_I_O)
                                                      0.000     4.359 r  clk_IBUF_inst/IBUFCTRL_INST/O
                         net (fo=1, estimated)        0.287     4.646    clk_IBUF
    BUFGCE_X1Y212        BUFGCE (Prop_BUFCE_BUFGCE_I_O)
                                                      0.024     4.670 r  clk_IBUF_BUFG_inst/O
    X4Y8 (CLOCK_ROOT)    net (fo=2433, estimated)     1.054     5.724    demux/CLK
    SLICE_X117Y484       FDRE                                         r  demux/sel_reg[3]/C
                         clock pessimism              0.415     6.139    
                         clock uncertainty           -0.035     6.104    
    SLICE_X117Y484       FDRE (Setup_BFF_SLICEM_C_D)
                                                      0.025     6.129    demux/sel_reg[3]
  -------------------------------------------------------------------
                         required time                          6.129    
                         arrival time                          -7.136    
  -------------------------------------------------------------------
                         slack                                 -1.007    





Min Delay Paths
--------------------------------------------------------------------------------------
Slack (VIOLATED) :        -0.034ns  (arrival time - required time)
  Source:                 demux/genblk1[137].z_reg[137][3]/C
                            (rising edge-triggered cell FDRE clocked by virtual_clock  {rise@0.000ns fall@2.000ns period=4.000ns})
  Destination:            genblk1[137].reg_in/reg_out_reg[3]/D
                            (rising edge-triggered cell FDRE clocked by virtual_clock  {rise@0.000ns fall@2.000ns period=4.000ns})
  Path Group:             virtual_clock
  Path Type:              Hold (Min at Slow Process Corner)
  Requirement:            0.000ns  (virtual_clock rise@0.000ns - virtual_clock rise@0.000ns)
  Data Path Delay:        0.138ns  (logic 0.058ns (42.029%)  route 0.080ns (57.971%))
  Logic Levels:           0  
  Clock Path Skew:        0.110ns (DCD - SCD - CPR)
    Destination Clock Delay (DCD):    2.254ns
    Source Clock Delay      (SCD):    1.766ns
    Clock Pessimism Removal (CPR):    0.378ns
  Clock Net Delay (Source):      1.096ns (routing 0.190ns, distribution 0.906ns)
  Clock Net Delay (Destination): 1.293ns (routing 0.210ns, distribution 1.083ns)

    Location             Delay type                Incr(ns)  Path(ns)    Netlist Resource(s)
  -------------------------------------------------------------------    -------------------
                         (clock virtual_clock rise edge)
                                                      0.000     0.000 r  
    AR14                                              0.000     0.000 r  clk (IN)
                         net (fo=0)                   0.000     0.000    clk_IBUF_inst/I
    AR14                 INBUF (Prop_INBUF_HPIOB_M_PAD_O)
                                                      0.359     0.359 r  clk_IBUF_inst/INBUF_INST/O
                         net (fo=1, routed)           0.000     0.359    clk_IBUF_inst/OUT
    AR14                 IBUFCTRL (Prop_IBUFCTRL_HPIOB_M_I_O)
                                                      0.000     0.359 r  clk_IBUF_inst/IBUFCTRL_INST/O
                         net (fo=1, estimated)        0.287     0.646    clk_IBUF
    BUFGCE_X1Y212        BUFGCE (Prop_BUFCE_BUFGCE_I_O)
                                                      0.024     0.670 r  clk_IBUF_BUFG_inst/O
    X4Y8 (CLOCK_ROOT)    net (fo=2433, estimated)     1.096     1.766    demux/CLK
    SLICE_X132Y467       FDRE                                         r  demux/genblk1[137].z_reg[137][3]/C
  -------------------------------------------------------------------    -------------------
    SLICE_X132Y467       FDRE (Prop_FFF_SLICEL_C_Q)
                                                      0.058     1.824 r  demux/genblk1[137].z_reg[137][3]/Q
                         net (fo=1, estimated)        0.080     1.904    genblk1[137].reg_in/D[3]
    SLICE_X133Y467       FDRE                                         r  genblk1[137].reg_in/reg_out_reg[3]/D
  -------------------------------------------------------------------    -------------------

                         (clock virtual_clock rise edge)
                                                      0.000     0.000 r  
    AR14                                              0.000     0.000 r  clk (IN)
                         net (fo=0)                   0.000     0.000    clk_IBUF_inst/I
    AR14                 INBUF (Prop_INBUF_HPIOB_M_PAD_O)
                                                      0.610     0.610 r  clk_IBUF_inst/INBUF_INST/O
                         net (fo=1, routed)           0.000     0.610    clk_IBUF_inst/OUT
    AR14                 IBUFCTRL (Prop_IBUFCTRL_HPIOB_M_I_O)
                                                      0.000     0.610 r  clk_IBUF_inst/IBUFCTRL_INST/O
                         net (fo=1, estimated)        0.323     0.933    clk_IBUF
    BUFGCE_X1Y212        BUFGCE (Prop_BUFCE_BUFGCE_I_O)
                                                      0.028     0.961 r  clk_IBUF_BUFG_inst/O
    X4Y8 (CLOCK_ROOT)    net (fo=2433, estimated)     1.293     2.254    genblk1[137].reg_in/CLK
    SLICE_X133Y467       FDRE                                         r  genblk1[137].reg_in/reg_out_reg[3]/C
                         clock pessimism             -0.378     1.876    
    SLICE_X133Y467       FDRE (Hold_EFF2_SLICEM_C_D)
                                                      0.062     1.938    genblk1[137].reg_in/reg_out_reg[3]
  -------------------------------------------------------------------
                         required time                         -1.938    
                         arrival time                           1.904    
  -------------------------------------------------------------------
                         slack                                 -0.034    





Pulse Width Checks
--------------------------------------------------------------------------------------
Clock Name:         virtual_clock
Waveform(ns):       { 0.000 2.000 }
Period(ns):         4.000
Sources:            { clk }

Check Type        Corner  Lib Pin   Reference Pin  Required(ns)  Actual(ns)  Slack(ns)  Location        Pin
Min Period        n/a     BUFGCE/I  n/a            1.290         4.000       2.710      BUFGCE_X1Y212   clk_IBUF_BUFG_inst/I
Low Pulse Width   Slow    FDRE/C    n/a            0.275         2.000       1.725      SLICE_X116Y446  genblk1[321].reg_in/reg_out_reg[6]/C
High Pulse Width  Fast    FDRE/C    n/a            0.275         2.000       1.725      SLICE_X117Y443  demux/genblk1[338].z_reg[338][6]/C



