Copyright 1986-2020 Xilinx, Inc. All Rights Reserved.
-------------------------------------------------------------------------------------------------------
| Tool Version      : Vivado v.2020.1 (lin64) Build 2902540 Wed May 27 19:54:35 MDT 2020
| Date              : Tue Mar 15 18:32:30 2022
| Host              : lepus running 64-bit CentOS Linux release 7.9.2009 (Core)
| Command           : report_timing_summary -file ./output/fc2_15/report/timing-summary-post-place.rpt
| Design            : top
| Device            : xcvu9p-flga2104
| Speed File        : -2L  PRODUCTION 1.27 02-28-2020
| Temperature Grade : E
-------------------------------------------------------------------------------------------------------

Timing Summary Report

------------------------------------------------------------------------------------------------
| Timer Settings
| --------------
------------------------------------------------------------------------------------------------

  Enable Multi Corner Analysis               :  Yes
  Enable Pessimism Removal                   :  Yes
  Pessimism Removal Resolution               :  Nearest Common Node
  Enable Input Delay Default Clock           :  No
  Enable Preset / Clear Arcs                 :  No
  Disable Flight Delays                      :  No
  Ignore I/O Paths                           :  No
  Timing Early Launch at Borrowing Latches   :  No
  Borrow Time for Max Delay Exceptions       :  Yes
  Merge Timing Exceptions                    :  Yes

  Corner  Analyze    Analyze    
  Name    Max Paths  Min Paths  
  ------  ---------  ---------  
  Slow    Yes        Yes        
  Fast    Yes        Yes        



check_timing report

Table of Contents
-----------------
1. checking no_clock (0)
2. checking constant_clock (0)
3. checking pulse_width_clock (0)
4. checking unconstrained_internal_endpoints (0)
5. checking no_input_delay (10)
6. checking no_output_delay (22)
7. checking multiple_clock (0)
8. checking generated_clocks (0)
9. checking loops (0)
10. checking partial_input_delay (0)
11. checking partial_output_delay (0)
12. checking latch_loops (0)

1. checking no_clock (0)
------------------------
 There are 0 register/latch pins with no clock.


2. checking constant_clock (0)
------------------------------
 There are 0 register/latch pins with constant_clock.


3. checking pulse_width_clock (0)
---------------------------------
 There are 0 register/latch pins which need pulse_width check


4. checking unconstrained_internal_endpoints (0)
------------------------------------------------
 There are 0 pins that are not constrained for maximum delay.

 There are 0 pins that are not constrained for maximum delay due to constant clock.


5. checking no_input_delay (10)
-------------------------------
 There are 10 input ports with no input delay specified. (HIGH)

 There are 0 input ports with no input delay but user has a false path constraint.


6. checking no_output_delay (22)
--------------------------------
 There are 22 ports with no output delay specified. (HIGH)

 There are 0 ports with no output delay but user has a false path constraint

 There are 0 ports with no output delay but with a timing clock defined on it or propagating through it


7. checking multiple_clock (0)
------------------------------
 There are 0 register/latch pins with multiple clocks.


8. checking generated_clocks (0)
--------------------------------
 There are 0 generated clocks that are not connected to a clock source.


9. checking loops (0)
---------------------
 There are 0 combinational loops in the design.


10. checking partial_input_delay (0)
------------------------------------
 There are 0 input ports with partial input delay specified.


11. checking partial_output_delay (0)
-------------------------------------
 There are 0 ports with partial output delay specified.


12. checking latch_loops (0)
----------------------------
 There are 0 combinational latch loops in the design through latch input



------------------------------------------------------------------------------------------------
| Design Timing Summary
| ---------------------
------------------------------------------------------------------------------------------------

    WNS(ns)      TNS(ns)  TNS Failing Endpoints  TNS Total Endpoints      WHS(ns)      THS(ns)  THS Failing Endpoints  THS Total Endpoints     WPWS(ns)     TPWS(ns)  TPWS Failing Endpoints  TPWS Total Endpoints  
    -------      -------  ---------------------  -------------------      -------      -------  ---------------------  -------------------     --------     --------  ----------------------  --------------------  
     -0.852      -24.855                     41                 1187       -0.039       -0.218                     10                 1187        1.725        0.000                       0                  1167  


Timing constraints are not met.


------------------------------------------------------------------------------------------------
| Clock Summary
| -------------
------------------------------------------------------------------------------------------------

Clock          Waveform(ns)         Period(ns)      Frequency(MHz)
-----          ------------         ----------      --------------
virtual_clock  {0.000 2.000}        4.000           250.000         


------------------------------------------------------------------------------------------------
| Intra Clock Table
| -----------------
------------------------------------------------------------------------------------------------

Clock              WNS(ns)      TNS(ns)  TNS Failing Endpoints  TNS Total Endpoints      WHS(ns)      THS(ns)  THS Failing Endpoints  THS Total Endpoints     WPWS(ns)     TPWS(ns)  TPWS Failing Endpoints  TPWS Total Endpoints  
-----              -------      -------  ---------------------  -------------------      -------      -------  ---------------------  -------------------     --------     --------  ----------------------  --------------------  
virtual_clock       -0.852      -24.855                     41                 1187       -0.039       -0.218                     10                 1187        1.725        0.000                       0                  1167  


------------------------------------------------------------------------------------------------
| Inter Clock Table
| -----------------
------------------------------------------------------------------------------------------------

From Clock    To Clock          WNS(ns)      TNS(ns)  TNS Failing Endpoints  TNS Total Endpoints      WHS(ns)      THS(ns)  THS Failing Endpoints  THS Total Endpoints  
----------    --------          -------      -------  ---------------------  -------------------      -------      -------  ---------------------  -------------------  


------------------------------------------------------------------------------------------------
| Other Path Groups Table
| -----------------------
------------------------------------------------------------------------------------------------

Path Group    From Clock    To Clock          WNS(ns)      TNS(ns)  TNS Failing Endpoints  TNS Total Endpoints      WHS(ns)      THS(ns)  THS Failing Endpoints  THS Total Endpoints  
----------    ----------    --------          -------      -------  ---------------------  -------------------      -------      -------  ---------------------  -------------------  


------------------------------------------------------------------------------------------------
| Timing Details
| --------------
------------------------------------------------------------------------------------------------


---------------------------------------------------------------------------------------------------
From Clock:  virtual_clock
  To Clock:  virtual_clock

Setup :           41  Failing Endpoints,  Worst Slack       -0.852ns,  Total Violation      -24.855ns
Hold  :           10  Failing Endpoints,  Worst Slack       -0.039ns,  Total Violation       -0.218ns
PW    :            0  Failing Endpoints,  Worst Slack        1.725ns,  Total Violation        0.000ns
---------------------------------------------------------------------------------------------------


Max Delay Paths
--------------------------------------------------------------------------------------
Slack (VIOLATED) :        -0.852ns  (required time - arrival time)
  Source:                 genblk1[9].reg_in/reg_out_reg[1]/C
                            (rising edge-triggered cell FDRE clocked by virtual_clock  {rise@0.000ns fall@2.000ns period=4.000ns})
  Destination:            reg_out/reg_out_reg[10]/R
                            (rising edge-triggered cell FDRE clocked by virtual_clock  {rise@0.000ns fall@2.000ns period=4.000ns})
  Path Group:             virtual_clock
  Path Type:              Setup (Max at Slow Process Corner)
  Requirement:            4.000ns  (virtual_clock rise@4.000ns - virtual_clock rise@0.000ns)
  Data Path Delay:        4.627ns  (logic 2.061ns (44.543%)  route 2.566ns (55.457%))
  Logic Levels:           19  (CARRY8=10 LUT2=8 LUT3=1)
  Clock Path Skew:        -0.115ns (DCD - SCD + CPR)
    Destination Clock Delay (DCD):    1.912ns = ( 5.912 - 4.000 ) 
    Source Clock Delay      (SCD):    2.418ns
    Clock Pessimism Removal (CPR):    0.391ns
  Clock Uncertainty:      0.035ns  ((TSJ^2 + TIJ^2)^1/2 + DJ) / 2 + PE
    Total System Jitter     (TSJ):    0.071ns
    Total Input Jitter      (TIJ):    0.000ns
    Discrete Jitter          (DJ):    0.000ns
    Phase Error              (PE):    0.000ns
  Clock Net Delay (Source):      1.472ns (routing 0.629ns, distribution 0.843ns)
  Clock Net Delay (Destination): 1.256ns (routing 0.574ns, distribution 0.682ns)

    Location             Delay type                Incr(ns)  Path(ns)    Netlist Resource(s)
  -------------------------------------------------------------------    -------------------
                         (clock virtual_clock rise edge)
                                                      0.000     0.000 r  
    AP13                                              0.000     0.000 r  clk (IN)
                         net (fo=0)                   0.000     0.000    clk_IBUF_inst/I
    AP13                 INBUF (Prop_INBUF_HPIOB_M_PAD_O)
                                                      0.595     0.595 r  clk_IBUF_inst/INBUF_INST/O
                         net (fo=1, routed)           0.000     0.595    clk_IBUF_inst/OUT
    AP13                 IBUFCTRL (Prop_IBUFCTRL_HPIOB_M_I_O)
                                                      0.000     0.595 r  clk_IBUF_inst/IBUFCTRL_INST/O
                         net (fo=1, estimated)        0.323     0.918    clk_IBUF
    BUFGCE_X1Y194        BUFGCE (Prop_BUFCE_BUFGCE_I_O)
                                                      0.028     0.946 r  clk_IBUF_BUFG_inst/O
    X3Y8 (CLOCK_ROOT)    net (fo=1166, estimated)     1.472     2.418    genblk1[9].reg_in/clk_IBUF_BUFG
    SLICE_X102Y493       FDRE                                         r  genblk1[9].reg_in/reg_out_reg[1]/C
  -------------------------------------------------------------------    -------------------
    SLICE_X102Y493       FDRE (Prop_AFF_SLICEM_C_Q)
                                                      0.077     2.495 r  genblk1[9].reg_in/reg_out_reg[1]/Q
                         net (fo=3, estimated)        0.106     2.601    genblk1[9].reg_in/Q[1]
    SLICE_X102Y493       LUT2 (Prop_D6LUT_SLICEM_I0_O)
                                                      0.088     2.689 r  genblk1[9].reg_in/reg_out[0]_i_169/O
                         net (fo=1, routed)           0.025     2.714    conv/mul05/reg_out[0]_i_26[1]
    SLICE_X102Y493       CARRY8 (Prop_CARRY8_SLICEM_S[3]_O[5])
                                                      0.184     2.898 r  conv/mul05/reg_out_reg[0]_i_85/O[5]
                         net (fo=1, estimated)        0.328     3.226    genblk1[8].reg_in/out0[0]
    SLICE_X104Y501       LUT3 (Prop_B6LUT_SLICEM_I2_O)
                                                      0.052     3.278 r  genblk1[8].reg_in/reg_out[0]_i_579/O
                         net (fo=1, routed)           0.016     3.294    conv/add000069/reg_out_reg[0]_i_172_1[0]
    SLICE_X104Y501       CARRY8 (Prop_CARRY8_SLICEM_S[1]_O[5])
                                                      0.237     3.531 r  conv/add000069/reg_out_reg[0]_i_355/O[5]
                         net (fo=2, estimated)        0.238     3.769    conv/add000069/reg_out_reg[0]_i_355_n_10
    SLICE_X103Y501       LUT2 (Prop_H6LUT_SLICEL_I0_O)
                                                      0.051     3.820 r  conv/add000069/reg_out[0]_i_356/O
                         net (fo=1, routed)           0.010     3.830    conv/add000069/reg_out[0]_i_356_n_0
    SLICE_X103Y501       CARRY8 (Prop_CARRY8_SLICEL_S[7]_CO[7])
                                                      0.115     3.945 r  conv/add000069/reg_out_reg[0]_i_172/CO[7]
                         net (fo=1, estimated)        0.026     3.971    conv/add000069/reg_out_reg[0]_i_172_n_0
    SLICE_X103Y502       CARRY8 (Prop_CARRY8_SLICEL_CI_O[1])
                                                      0.076     4.047 r  conv/add000069/reg_out_reg[21]_i_72/O[1]
                         net (fo=1, estimated)        0.225     4.272    conv/add000069/reg_out_reg[21]_i_72_n_14
    SLICE_X103Y499       LUT2 (Prop_D6LUT_SLICEL_I1_O)
                                                      0.036     4.308 r  conv/add000069/reg_out[21]_i_49/O
                         net (fo=1, routed)           0.009     4.317    conv/add000069/reg_out[21]_i_49_n_0
    SLICE_X103Y499       CARRY8 (Prop_CARRY8_SLICEL_S[3]_O[5])
                                                      0.180     4.497 r  conv/add000069/reg_out_reg[21]_i_24/O[5]
                         net (fo=2, estimated)        0.275     4.772    conv/add000069/reg_out_reg[21]_i_24_n_10
    SLICE_X102Y500       LUT2 (Prop_G6LUT_SLICEM_I0_O)
                                                      0.052     4.824 r  conv/add000069/reg_out[16]_i_30/O
                         net (fo=1, routed)           0.016     4.840    conv/add000069/reg_out[16]_i_30_n_0
    SLICE_X102Y500       CARRY8 (Prop_CARRY8_SLICEM_S[6]_O[7])
                                                      0.085     4.925 r  conv/add000069/reg_out_reg[16]_i_20/O[7]
                         net (fo=2, estimated)        0.337     5.262    conv/add000069/reg_out_reg[16]_i_20_n_8
    SLICE_X103Y509       LUT2 (Prop_H6LUT_SLICEL_I0_O)
                                                      0.051     5.313 r  conv/add000069/reg_out[16]_i_21/O
                         net (fo=1, routed)           0.010     5.323    conv/add000069/reg_out[16]_i_21_n_0
    SLICE_X103Y509       CARRY8 (Prop_CARRY8_SLICEL_S[7]_CO[7])
                                                      0.115     5.438 r  conv/add000069/reg_out_reg[16]_i_11/CO[7]
                         net (fo=1, estimated)        0.052     5.490    conv/add000069/reg_out_reg[16]_i_11_n_0
    SLICE_X103Y510       CARRY8 (Prop_CARRY8_SLICEL_CI_O[1])
                                                      0.076     5.566 r  conv/add000069/reg_out_reg[21]_i_10/O[1]
                         net (fo=2, estimated)        0.257     5.823    conv/add000069/reg_out_reg[21]_i_10_n_14
    SLICE_X104Y509       LUT2 (Prop_B6LUT_SLICEM_I0_O)
                                                      0.052     5.875 r  conv/add000069/reg_out[21]_i_14/O
                         net (fo=1, routed)           0.016     5.891    conv/add000069/reg_out[21]_i_14_n_0
    SLICE_X104Y509       CARRY8 (Prop_CARRY8_SLICEM_S[1]_O[4])
                                                      0.204     6.095 r  conv/add000069/reg_out_reg[21]_i_3/O[4]
                         net (fo=3, estimated)        0.225     6.320    conv/add000069/reg_out_reg[21]_i_3_n_11
    SLICE_X105Y508       LUT2 (Prop_D6LUT_SLICEL_I1_O)
                                                      0.036     6.356 r  conv/add000069/reg_out[21]_i_6/O
                         net (fo=1, routed)           0.009     6.365    conv/add000069/reg_out[21]_i_6_n_0
    SLICE_X105Y508       CARRY8 (Prop_CARRY8_SLICEL_S[3]_O[5])
                                                      0.180     6.545 r  conv/add000069/reg_out_reg[21]_i_2/O[5]
                         net (fo=2, estimated)        0.133     6.678    reg_out/a[21]
    SLICE_X105Y508       LUT2 (Prop_E5LUT_SLICEL_I0_O)
                                                      0.114     6.792 r  reg_out/reg_out[21]_i_1/O
                         net (fo=21, estimated)       0.253     7.045    reg_out/reg_out[21]_i_1_n_0
    SLICE_X104Y508       FDRE                                         r  reg_out/reg_out_reg[10]/R
  -------------------------------------------------------------------    -------------------

                         (clock virtual_clock rise edge)
                                                      4.000     4.000 r  
    AP13                                              0.000     4.000 r  clk (IN)
                         net (fo=0)                   0.000     4.000    clk_IBUF_inst/I
    AP13                 INBUF (Prop_INBUF_HPIOB_M_PAD_O)
                                                      0.345     4.345 r  clk_IBUF_inst/INBUF_INST/O
                         net (fo=1, routed)           0.000     4.345    clk_IBUF_inst/OUT
    AP13                 IBUFCTRL (Prop_IBUFCTRL_HPIOB_M_I_O)
                                                      0.000     4.345 r  clk_IBUF_inst/IBUFCTRL_INST/O
                         net (fo=1, estimated)        0.287     4.632    clk_IBUF
    BUFGCE_X1Y194        BUFGCE (Prop_BUFCE_BUFGCE_I_O)
                                                      0.024     4.656 r  clk_IBUF_BUFG_inst/O
    X3Y8 (CLOCK_ROOT)    net (fo=1166, estimated)     1.256     5.912    reg_out/clk_IBUF_BUFG
    SLICE_X104Y508       FDRE                                         r  reg_out/reg_out_reg[10]/C
                         clock pessimism              0.391     6.303    
                         clock uncertainty           -0.035     6.267    
    SLICE_X104Y508       FDRE (Setup_BFF_SLICEM_C_R)
                                                     -0.074     6.193    reg_out/reg_out_reg[10]
  -------------------------------------------------------------------
                         required time                          6.193    
                         arrival time                          -7.045    
  -------------------------------------------------------------------
                         slack                                 -0.852    





Min Delay Paths
--------------------------------------------------------------------------------------
Slack (VIOLATED) :        -0.039ns  (arrival time - required time)
  Source:                 demux/genblk1[102].z_reg[102][7]/C
                            (rising edge-triggered cell FDRE clocked by virtual_clock  {rise@0.000ns fall@2.000ns period=4.000ns})
  Destination:            genblk1[102].reg_in/reg_out_reg[7]/D
                            (rising edge-triggered cell FDRE clocked by virtual_clock  {rise@0.000ns fall@2.000ns period=4.000ns})
  Path Group:             virtual_clock
  Path Type:              Hold (Min at Slow Process Corner)
  Requirement:            0.000ns  (virtual_clock rise@0.000ns - virtual_clock rise@0.000ns)
  Data Path Delay:        0.136ns  (logic 0.058ns (42.647%)  route 0.078ns (57.353%))
  Logic Levels:           0  
  Clock Path Skew:        0.113ns (DCD - SCD - CPR)
    Destination Clock Delay (DCD):    2.430ns
    Source Clock Delay      (SCD):    1.927ns
    Clock Pessimism Removal (CPR):    0.391ns
  Clock Net Delay (Source):      1.271ns (routing 0.574ns, distribution 0.697ns)
  Clock Net Delay (Destination): 1.484ns (routing 0.629ns, distribution 0.855ns)

    Location             Delay type                Incr(ns)  Path(ns)    Netlist Resource(s)
  -------------------------------------------------------------------    -------------------
                         (clock virtual_clock rise edge)
                                                      0.000     0.000 r  
    AP13                                              0.000     0.000 r  clk (IN)
                         net (fo=0)                   0.000     0.000    clk_IBUF_inst/I
    AP13                 INBUF (Prop_INBUF_HPIOB_M_PAD_O)
                                                      0.345     0.345 r  clk_IBUF_inst/INBUF_INST/O
                         net (fo=1, routed)           0.000     0.345    clk_IBUF_inst/OUT
    AP13                 IBUFCTRL (Prop_IBUFCTRL_HPIOB_M_I_O)
                                                      0.000     0.345 r  clk_IBUF_inst/IBUFCTRL_INST/O
                         net (fo=1, estimated)        0.287     0.632    clk_IBUF
    BUFGCE_X1Y194        BUFGCE (Prop_BUFCE_BUFGCE_I_O)
                                                      0.024     0.656 r  clk_IBUF_BUFG_inst/O
    X3Y8 (CLOCK_ROOT)    net (fo=1166, estimated)     1.271     1.927    demux/clk_IBUF_BUFG
    SLICE_X106Y496       FDRE                                         r  demux/genblk1[102].z_reg[102][7]/C
  -------------------------------------------------------------------    -------------------
    SLICE_X106Y496       FDRE (Prop_AFF_SLICEL_C_Q)
                                                      0.058     1.985 r  demux/genblk1[102].z_reg[102][7]/Q
                         net (fo=1, estimated)        0.078     2.063    genblk1[102].reg_in/D[7]
    SLICE_X107Y496       FDRE                                         r  genblk1[102].reg_in/reg_out_reg[7]/D
  -------------------------------------------------------------------    -------------------

                         (clock virtual_clock rise edge)
                                                      0.000     0.000 r  
    AP13                                              0.000     0.000 r  clk (IN)
                         net (fo=0)                   0.000     0.000    clk_IBUF_inst/I
    AP13                 INBUF (Prop_INBUF_HPIOB_M_PAD_O)
                                                      0.595     0.595 r  clk_IBUF_inst/INBUF_INST/O
                         net (fo=1, routed)           0.000     0.595    clk_IBUF_inst/OUT
    AP13                 IBUFCTRL (Prop_IBUFCTRL_HPIOB_M_I_O)
                                                      0.000     0.595 r  clk_IBUF_inst/IBUFCTRL_INST/O
                         net (fo=1, estimated)        0.323     0.918    clk_IBUF
    BUFGCE_X1Y194        BUFGCE (Prop_BUFCE_BUFGCE_I_O)
                                                      0.028     0.946 r  clk_IBUF_BUFG_inst/O
    X3Y8 (CLOCK_ROOT)    net (fo=1166, estimated)     1.484     2.430    genblk1[102].reg_in/clk_IBUF_BUFG
    SLICE_X107Y496       FDRE                                         r  genblk1[102].reg_in/reg_out_reg[7]/C
                         clock pessimism             -0.391     2.039    
    SLICE_X107Y496       FDRE (Hold_BFF2_SLICEM_C_D)
                                                      0.062     2.101    genblk1[102].reg_in/reg_out_reg[7]
  -------------------------------------------------------------------
                         required time                         -2.101    
                         arrival time                           2.063    
  -------------------------------------------------------------------
                         slack                                 -0.039    





Pulse Width Checks
--------------------------------------------------------------------------------------
Clock Name:         virtual_clock
Waveform(ns):       { 0.000 2.000 }
Period(ns):         4.000
Sources:            { clk }

Check Type        Corner  Lib Pin   Reference Pin  Required(ns)  Actual(ns)  Slack(ns)  Location        Pin
Min Period        n/a     BUFGCE/I  n/a            1.290         4.000       2.710      BUFGCE_X1Y194   clk_IBUF_BUFG_inst/I
Low Pulse Width   Slow    FDRE/C    n/a            0.275         2.000       1.725      SLICE_X109Y509  genblk1[77].reg_in/reg_out_reg[0]/C
High Pulse Width  Fast    FDRE/C    n/a            0.275         2.000       1.725      SLICE_X107Y496  demux/genblk1[35].z_reg[35][3]/C



