Copyright 1986-2020 Xilinx, Inc. All Rights Reserved.
-------------------------------------------------------------------------------------------
| Tool Version      : Vivado v.2020.1 (lin64) Build 2902540 Wed May 27 19:54:35 MDT 2020
| Date              : Wed Mar 16 07:02:54 2022
| Host              : lepus running 64-bit CentOS Linux release 7.9.2009 (Core)
| Command           : report_timing_summary -file ./output/fc3_6/report/timing-summary.rpt
| Design            : top
| Device            : xcvu9p-flga2104
| Speed File        : -2L  PRODUCTION 1.27 02-28-2020
| Temperature Grade : E
-------------------------------------------------------------------------------------------

Timing Summary Report

------------------------------------------------------------------------------------------------
| Timer Settings
| --------------
------------------------------------------------------------------------------------------------

  Enable Multi Corner Analysis               :  Yes
  Enable Pessimism Removal                   :  Yes
  Pessimism Removal Resolution               :  Nearest Common Node
  Enable Input Delay Default Clock           :  No
  Enable Preset / Clear Arcs                 :  No
  Disable Flight Delays                      :  No
  Ignore I/O Paths                           :  No
  Timing Early Launch at Borrowing Latches   :  No
  Borrow Time for Max Delay Exceptions       :  Yes
  Merge Timing Exceptions                    :  Yes

  Corner  Analyze    Analyze    
  Name    Max Paths  Min Paths  
  ------  ---------  ---------  
  Slow    Yes        Yes        
  Fast    Yes        Yes        



check_timing report

Table of Contents
-----------------
1. checking no_clock (0)
2. checking constant_clock (0)
3. checking pulse_width_clock (0)
4. checking unconstrained_internal_endpoints (0)
5. checking no_input_delay (10)
6. checking no_output_delay (21)
7. checking multiple_clock (0)
8. checking generated_clocks (0)
9. checking loops (0)
10. checking partial_input_delay (0)
11. checking partial_output_delay (0)
12. checking latch_loops (0)

1. checking no_clock (0)
------------------------
 There are 0 register/latch pins with no clock.


2. checking constant_clock (0)
------------------------------
 There are 0 register/latch pins with constant_clock.


3. checking pulse_width_clock (0)
---------------------------------
 There are 0 register/latch pins which need pulse_width check


4. checking unconstrained_internal_endpoints (0)
------------------------------------------------
 There are 0 pins that are not constrained for maximum delay.

 There are 0 pins that are not constrained for maximum delay due to constant clock.


5. checking no_input_delay (10)
-------------------------------
 There are 10 input ports with no input delay specified. (HIGH)

 There are 0 input ports with no input delay but user has a false path constraint.


6. checking no_output_delay (21)
--------------------------------
 There are 21 ports with no output delay specified. (HIGH)

 There are 0 ports with no output delay but user has a false path constraint

 There are 0 ports with no output delay but with a timing clock defined on it or propagating through it


7. checking multiple_clock (0)
------------------------------
 There are 0 register/latch pins with multiple clocks.


8. checking generated_clocks (0)
--------------------------------
 There are 0 generated clocks that are not connected to a clock source.


9. checking loops (0)
---------------------
 There are 0 combinational loops in the design.


10. checking partial_input_delay (0)
------------------------------------
 There are 0 input ports with partial input delay specified.


11. checking partial_output_delay (0)
-------------------------------------
 There are 0 ports with partial output delay specified.


12. checking latch_loops (0)
----------------------------
 There are 0 combinational latch loops in the design through latch input



------------------------------------------------------------------------------------------------
| Design Timing Summary
| ---------------------
------------------------------------------------------------------------------------------------

    WNS(ns)      TNS(ns)  TNS Failing Endpoints  TNS Total Endpoints      WHS(ns)      THS(ns)  THS Failing Endpoints  THS Total Endpoints     WPWS(ns)     TPWS(ns)  TPWS Failing Endpoints  TPWS Total Endpoints  
    -------      -------  ---------------------  -------------------      -------      -------  ---------------------  -------------------     --------     --------  ----------------------  --------------------  
      0.058        0.000                      0                  876        0.008        0.000                      0                  876        1.725        0.000                       0                   877  


All user specified timing constraints are met.


------------------------------------------------------------------------------------------------
| Clock Summary
| -------------
------------------------------------------------------------------------------------------------

Clock          Waveform(ns)         Period(ns)      Frequency(MHz)
-----          ------------         ----------      --------------
virtual_clock  {0.000 2.000}        4.000           250.000         


------------------------------------------------------------------------------------------------
| Intra Clock Table
| -----------------
------------------------------------------------------------------------------------------------

Clock              WNS(ns)      TNS(ns)  TNS Failing Endpoints  TNS Total Endpoints      WHS(ns)      THS(ns)  THS Failing Endpoints  THS Total Endpoints     WPWS(ns)     TPWS(ns)  TPWS Failing Endpoints  TPWS Total Endpoints  
-----              -------      -------  ---------------------  -------------------      -------      -------  ---------------------  -------------------     --------     --------  ----------------------  --------------------  
virtual_clock        0.058        0.000                      0                  876        0.008        0.000                      0                  876        1.725        0.000                       0                   877  


------------------------------------------------------------------------------------------------
| Inter Clock Table
| -----------------
------------------------------------------------------------------------------------------------

From Clock    To Clock          WNS(ns)      TNS(ns)  TNS Failing Endpoints  TNS Total Endpoints      WHS(ns)      THS(ns)  THS Failing Endpoints  THS Total Endpoints  
----------    --------          -------      -------  ---------------------  -------------------      -------      -------  ---------------------  -------------------  


------------------------------------------------------------------------------------------------
| Other Path Groups Table
| -----------------------
------------------------------------------------------------------------------------------------

Path Group    From Clock    To Clock          WNS(ns)      TNS(ns)  TNS Failing Endpoints  TNS Total Endpoints      WHS(ns)      THS(ns)  THS Failing Endpoints  THS Total Endpoints  
----------    ----------    --------          -------      -------  ---------------------  -------------------      -------      -------  ---------------------  -------------------  


------------------------------------------------------------------------------------------------
| Timing Details
| --------------
------------------------------------------------------------------------------------------------


---------------------------------------------------------------------------------------------------
From Clock:  virtual_clock
  To Clock:  virtual_clock

Setup :            0  Failing Endpoints,  Worst Slack        0.058ns,  Total Violation        0.000ns
Hold  :            0  Failing Endpoints,  Worst Slack        0.008ns,  Total Violation        0.000ns
PW    :            0  Failing Endpoints,  Worst Slack        1.725ns,  Total Violation        0.000ns
---------------------------------------------------------------------------------------------------


Max Delay Paths
--------------------------------------------------------------------------------------
Slack (MET) :             0.058ns  (required time - arrival time)
  Source:                 genblk1[14].reg_in/reg_out_reg[3]/C
                            (rising edge-triggered cell FDRE clocked by virtual_clock  {rise@0.000ns fall@2.000ns period=4.000ns})
  Destination:            reg_out/reg_out_reg[17]/D
                            (rising edge-triggered cell FDRE clocked by virtual_clock  {rise@0.000ns fall@2.000ns period=4.000ns})
  Path Group:             virtual_clock
  Path Type:              Setup (Max at Slow Process Corner)
  Requirement:            4.000ns  (virtual_clock rise@4.000ns - virtual_clock rise@0.000ns)
  Data Path Delay:        3.868ns  (logic 1.685ns (43.563%)  route 2.183ns (56.437%))
  Logic Levels:           16  (CARRY8=9 LUT2=6 LUT4=1)
  Clock Path Skew:        -0.064ns (DCD - SCD + CPR)
    Destination Clock Delay (DCD):    1.712ns = ( 5.712 - 4.000 ) 
    Source Clock Delay      (SCD):    2.136ns
    Clock Pessimism Removal (CPR):    0.360ns
  Clock Uncertainty:      0.035ns  ((TSJ^2 + TIJ^2)^1/2 + DJ) / 2 + PE
    Total System Jitter     (TSJ):    0.071ns
    Total Input Jitter      (TIJ):    0.000ns
    Discrete Jitter          (DJ):    0.000ns
    Phase Error              (PE):    0.000ns
  Clock Net Delay (Source):      1.175ns (routing 0.171ns, distribution 1.004ns)
  Clock Net Delay (Destination): 1.042ns (routing 0.155ns, distribution 0.887ns)

    Location             Delay type                Incr(ns)  Path(ns)    Netlist Resource(s)
  -------------------------------------------------------------------    -------------------
                         (clock virtual_clock rise edge)
                                                      0.000     0.000 r  
    AR14                                              0.000     0.000 r  clk (IN)
                         net (fo=0)                   0.000     0.000    clk_IBUF_inst/I
    AR14                 INBUF (Prop_INBUF_HPIOB_M_PAD_O)
                                                      0.610     0.610 r  clk_IBUF_inst/INBUF_INST/O
                         net (fo=1, routed)           0.000     0.610    clk_IBUF_inst/OUT
    AR14                 IBUFCTRL (Prop_IBUFCTRL_HPIOB_M_I_O)
                                                      0.000     0.610 r  clk_IBUF_inst/IBUFCTRL_INST/O
                         net (fo=1, routed)           0.323     0.933    clk_IBUF
    BUFGCE_X1Y194        BUFGCE (Prop_BUFCE_BUFGCE_I_O)
                                                      0.028     0.961 r  clk_IBUF_BUFG_inst/O
    X4Y8 (CLOCK_ROOT)    net (fo=876, routed)         1.175     2.136    genblk1[14].reg_in/CLK
    SLICE_X112Y488       FDRE                                         r  genblk1[14].reg_in/reg_out_reg[3]/C
  -------------------------------------------------------------------    -------------------
    SLICE_X112Y488       FDRE (Prop_HFF_SLICEL_C_Q)
                                                      0.079     2.215 r  genblk1[14].reg_in/reg_out_reg[3]/Q
                         net (fo=10, routed)          0.115     2.330    genblk1[14].reg_in/Q[3]
    SLICE_X112Y487       LUT4 (Prop_B6LUT_SLICEL_I3_O)
                                                      0.148     2.478 r  genblk1[14].reg_in/reg_out[1]_i_376/O
                         net (fo=1, routed)           0.009     2.487    conv/mul10/reg_out[1]_i_144_0[0]
    SLICE_X112Y487       CARRY8 (Prop_CARRY8_SLICEL_S[1]_O[5])
                                                      0.233     2.720 r  conv/mul10/reg_out_reg[1]_i_256/O[5]
                         net (fo=2, routed)           0.445     3.165    conv/add000051/z[5]
    SLICE_X111Y488       LUT2 (Prop_E6LUT_SLICEL_I0_O)
                                                      0.147     3.312 r  conv/add000051/reg_out[1]_i_359/O
                         net (fo=1, routed)           0.007     3.319    conv/add000051/reg_out[1]_i_359_n_0
    SLICE_X111Y488       CARRY8 (Prop_CARRY8_SLICEL_S[4]_O[4])
                                                      0.060     3.379 r  conv/add000051/reg_out_reg[1]_i_255/O[4]
                         net (fo=1, routed)           0.438     3.817    conv/add000051/reg_out_reg[1]_i_255_n_11
    SLICE_X113Y487       LUT2 (Prop_H6LUT_SLICEM_I1_O)
                                                      0.039     3.856 r  conv/add000051/reg_out[1]_i_139/O
                         net (fo=1, routed)           0.015     3.871    conv/add000051/reg_out[1]_i_139_n_0
    SLICE_X113Y487       CARRY8 (Prop_CARRY8_SLICEM_S[7]_CO[7])
                                                      0.117     3.988 r  conv/add000051/reg_out_reg[1]_i_78/CO[7]
                         net (fo=1, routed)           0.026     4.014    conv/add000051/reg_out_reg[1]_i_78_n_0
    SLICE_X113Y488       CARRY8 (Prop_CARRY8_SLICEM_CI_O[0])
                                                      0.056     4.070 r  conv/add000051/reg_out_reg[21]_i_63/O[0]
                         net (fo=2, routed)           0.268     4.338    conv/add000051/reg_out_reg[21]_i_63_n_15
    SLICE_X114Y486       LUT2 (Prop_A6LUT_SLICEL_I0_O)
                                                      0.035     4.373 r  conv/add000051/reg_out[21]_i_71/O
                         net (fo=1, routed)           0.009     4.382    conv/add000051/reg_out[21]_i_71_n_0
    SLICE_X114Y486       CARRY8 (Prop_CARRY8_SLICEL_S[0]_O[1])
                                                      0.094     4.476 r  conv/add000051/reg_out_reg[21]_i_39/O[1]
                         net (fo=1, routed)           0.341     4.817    conv/add000051/reg_out_reg[21]_i_39_n_14
    SLICE_X116Y487       LUT2 (Prop_B6LUT_SLICEM_I1_O)
                                                      0.052     4.869 r  conv/add000051/reg_out[21]_i_22/O
                         net (fo=1, routed)           0.016     4.885    conv/add000051/reg_out[21]_i_22_n_0
    SLICE_X116Y487       CARRY8 (Prop_CARRY8_SLICEM_S[1]_O[5])
                                                      0.237     5.122 r  conv/add000051/reg_out_reg[21]_i_7/O[5]
                         net (fo=2, routed)           0.192     5.314    conv/add000051/reg_out_reg[21]_i_7_n_10
    SLICE_X115Y486       LUT2 (Prop_H6LUT_SLICEL_I0_O)
                                                      0.051     5.365 r  conv/add000051/reg_out[17]_i_11/O
                         net (fo=1, routed)           0.010     5.375    conv/add000051/reg_out[17]_i_11_n_0
    SLICE_X115Y486       CARRY8 (Prop_CARRY8_SLICEL_S[7]_CO[7])
                                                      0.115     5.490 r  conv/add000051/reg_out_reg[17]_i_2/CO[7]
                         net (fo=1, routed)           0.026     5.516    conv/add000051/reg_out_reg[17]_i_2_n_0
    SLICE_X115Y487       CARRY8 (Prop_CARRY8_SLICEL_CI_O[1])
                                                      0.076     5.592 r  conv/add000051/reg_out_reg[21]_i_2/O[1]
                         net (fo=2, routed)           0.225     5.817    conv/add000051/reg_out_reg[21]_i_2_n_14
    SLICE_X116Y484       LUT2 (Prop_H6LUT_SLICEM_I0_O)
                                                      0.090     5.907 r  conv/add000051/reg_out[17]_i_3/O
                         net (fo=1, routed)           0.015     5.922    conv/add000051/reg_out[17]_i_3_n_0
    SLICE_X116Y484       CARRY8 (Prop_CARRY8_SLICEM_S[7]_O[7])
                                                      0.056     5.978 r  conv/add000051/reg_out_reg[17]_i_1/O[7]
                         net (fo=1, routed)           0.026     6.004    reg_out/D[16]
    SLICE_X116Y484       FDRE                                         r  reg_out/reg_out_reg[17]/D
  -------------------------------------------------------------------    -------------------

                         (clock virtual_clock rise edge)
                                                      4.000     4.000 r  
    AR14                                              0.000     4.000 r  clk (IN)
                         net (fo=0)                   0.000     4.000    clk_IBUF_inst/I
    AR14                 INBUF (Prop_INBUF_HPIOB_M_PAD_O)
                                                      0.359     4.359 r  clk_IBUF_inst/INBUF_INST/O
                         net (fo=1, routed)           0.000     4.359    clk_IBUF_inst/OUT
    AR14                 IBUFCTRL (Prop_IBUFCTRL_HPIOB_M_I_O)
                                                      0.000     4.359 r  clk_IBUF_inst/IBUFCTRL_INST/O
                         net (fo=1, routed)           0.287     4.646    clk_IBUF
    BUFGCE_X1Y194        BUFGCE (Prop_BUFCE_BUFGCE_I_O)
                                                      0.024     4.670 r  clk_IBUF_BUFG_inst/O
    X4Y8 (CLOCK_ROOT)    net (fo=876, routed)         1.042     5.712    reg_out/CLK
    SLICE_X116Y484       FDRE                                         r  reg_out/reg_out_reg[17]/C
                         clock pessimism              0.360     6.072    
                         clock uncertainty           -0.035     6.037    
    SLICE_X116Y484       FDRE (Setup_HFF_SLICEM_C_D)
                                                      0.025     6.062    reg_out/reg_out_reg[17]
  -------------------------------------------------------------------
                         required time                          6.062    
                         arrival time                          -6.004    
  -------------------------------------------------------------------
                         slack                                  0.058    





Min Delay Paths
--------------------------------------------------------------------------------------
Slack (MET) :             0.008ns  (arrival time - required time)
  Source:                 demux/genblk1[68].z_reg[68][6]/C
                            (rising edge-triggered cell FDRE clocked by virtual_clock  {rise@0.000ns fall@2.000ns period=4.000ns})
  Destination:            genblk1[68].reg_in/reg_out_reg[6]/D
                            (rising edge-triggered cell FDRE clocked by virtual_clock  {rise@0.000ns fall@2.000ns period=4.000ns})
  Path Group:             virtual_clock
  Path Type:              Hold (Min at Slow Process Corner)
  Requirement:            0.000ns  (virtual_clock rise@0.000ns - virtual_clock rise@0.000ns)
  Data Path Delay:        0.224ns  (logic 0.060ns (26.786%)  route 0.164ns (73.214%))
  Logic Levels:           0  
  Clock Path Skew:        0.154ns (DCD - SCD - CPR)
    Destination Clock Delay (DCD):    2.182ns
    Source Clock Delay      (SCD):    1.721ns
    Clock Pessimism Removal (CPR):    0.307ns
  Clock Net Delay (Source):      1.051ns (routing 0.155ns, distribution 0.896ns)
  Clock Net Delay (Destination): 1.221ns (routing 0.171ns, distribution 1.050ns)

    Location             Delay type                Incr(ns)  Path(ns)    Netlist Resource(s)
  -------------------------------------------------------------------    -------------------
                         (clock virtual_clock rise edge)
                                                      0.000     0.000 r  
    AR14                                              0.000     0.000 r  clk (IN)
                         net (fo=0)                   0.000     0.000    clk_IBUF_inst/I
    AR14                 INBUF (Prop_INBUF_HPIOB_M_PAD_O)
                                                      0.359     0.359 r  clk_IBUF_inst/INBUF_INST/O
                         net (fo=1, routed)           0.000     0.359    clk_IBUF_inst/OUT
    AR14                 IBUFCTRL (Prop_IBUFCTRL_HPIOB_M_I_O)
                                                      0.000     0.359 r  clk_IBUF_inst/IBUFCTRL_INST/O
                         net (fo=1, routed)           0.287     0.646    clk_IBUF
    BUFGCE_X1Y194        BUFGCE (Prop_BUFCE_BUFGCE_I_O)
                                                      0.024     0.670 r  clk_IBUF_BUFG_inst/O
    X4Y8 (CLOCK_ROOT)    net (fo=876, routed)         1.051     1.721    demux/CLK
    SLICE_X119Y481       FDRE                                         r  demux/genblk1[68].z_reg[68][6]/C
  -------------------------------------------------------------------    -------------------
    SLICE_X119Y481       FDRE (Prop_BFF2_SLICEM_C_Q)
                                                      0.060     1.781 r  demux/genblk1[68].z_reg[68][6]/Q
                         net (fo=1, routed)           0.164     1.945    genblk1[68].reg_in/D[6]
    SLICE_X119Y474       FDRE                                         r  genblk1[68].reg_in/reg_out_reg[6]/D
  -------------------------------------------------------------------    -------------------

                         (clock virtual_clock rise edge)
                                                      0.000     0.000 r  
    AR14                                              0.000     0.000 r  clk (IN)
                         net (fo=0)                   0.000     0.000    clk_IBUF_inst/I
    AR14                 INBUF (Prop_INBUF_HPIOB_M_PAD_O)
                                                      0.610     0.610 r  clk_IBUF_inst/INBUF_INST/O
                         net (fo=1, routed)           0.000     0.610    clk_IBUF_inst/OUT
    AR14                 IBUFCTRL (Prop_IBUFCTRL_HPIOB_M_I_O)
                                                      0.000     0.610 r  clk_IBUF_inst/IBUFCTRL_INST/O
                         net (fo=1, routed)           0.323     0.933    clk_IBUF
    BUFGCE_X1Y194        BUFGCE (Prop_BUFCE_BUFGCE_I_O)
                                                      0.028     0.961 r  clk_IBUF_BUFG_inst/O
    X4Y8 (CLOCK_ROOT)    net (fo=876, routed)         1.221     2.182    genblk1[68].reg_in/CLK
    SLICE_X119Y474       FDRE                                         r  genblk1[68].reg_in/reg_out_reg[6]/C
                         clock pessimism             -0.307     1.875    
    SLICE_X119Y474       FDRE (Hold_EFF2_SLICEM_C_D)
                                                      0.062     1.937    genblk1[68].reg_in/reg_out_reg[6]
  -------------------------------------------------------------------
                         required time                         -1.937    
                         arrival time                           1.945    
  -------------------------------------------------------------------
                         slack                                  0.008    





Pulse Width Checks
--------------------------------------------------------------------------------------
Clock Name:         virtual_clock
Waveform(ns):       { 0.000 2.000 }
Period(ns):         4.000
Sources:            { clk }

Check Type        Corner  Lib Pin   Reference Pin  Required(ns)  Actual(ns)  Slack(ns)  Location        Pin
Min Period        n/a     BUFGCE/I  n/a            1.290         4.000       2.710      BUFGCE_X1Y194   clk_IBUF_BUFG_inst/I
Low Pulse Width   Slow    FDRE/C    n/a            0.275         2.000       1.725      SLICE_X114Y482  demux/genblk1[51].z_reg[51][0]/C
High Pulse Width  Fast    FDRE/C    n/a            0.275         2.000       1.725      SLICE_X112Y497  demux/genblk1[47].z_reg[47][3]/C



