Copyright 1986-2020 Xilinx, Inc. All Rights Reserved.
--------------------------------------------------------------------------------------------
| Tool Version      : Vivado v.2020.1 (lin64) Build 2902540 Wed May 27 19:54:35 MDT 2020
| Date              : Tue Mar 15 22:31:08 2022
| Host              : lepus running 64-bit CentOS Linux release 7.9.2009 (Core)
| Command           : report_timing_summary -file ./output/fc2_38/report/timing-summary.rpt
| Design            : top
| Device            : xcvu9p-flga2104
| Speed File        : -2L  PRODUCTION 1.27 02-28-2020
| Temperature Grade : E
--------------------------------------------------------------------------------------------

Timing Summary Report

------------------------------------------------------------------------------------------------
| Timer Settings
| --------------
------------------------------------------------------------------------------------------------

  Enable Multi Corner Analysis               :  Yes
  Enable Pessimism Removal                   :  Yes
  Pessimism Removal Resolution               :  Nearest Common Node
  Enable Input Delay Default Clock           :  No
  Enable Preset / Clear Arcs                 :  No
  Disable Flight Delays                      :  No
  Ignore I/O Paths                           :  No
  Timing Early Launch at Borrowing Latches   :  No
  Borrow Time for Max Delay Exceptions       :  Yes
  Merge Timing Exceptions                    :  Yes

  Corner  Analyze    Analyze    
  Name    Max Paths  Min Paths  
  ------  ---------  ---------  
  Slow    Yes        Yes        
  Fast    Yes        Yes        



check_timing report

Table of Contents
-----------------
1. checking no_clock (0)
2. checking constant_clock (0)
3. checking pulse_width_clock (0)
4. checking unconstrained_internal_endpoints (0)
5. checking no_input_delay (10)
6. checking no_output_delay (21)
7. checking multiple_clock (0)
8. checking generated_clocks (0)
9. checking loops (0)
10. checking partial_input_delay (0)
11. checking partial_output_delay (0)
12. checking latch_loops (0)

1. checking no_clock (0)
------------------------
 There are 0 register/latch pins with no clock.


2. checking constant_clock (0)
------------------------------
 There are 0 register/latch pins with constant_clock.


3. checking pulse_width_clock (0)
---------------------------------
 There are 0 register/latch pins which need pulse_width check


4. checking unconstrained_internal_endpoints (0)
------------------------------------------------
 There are 0 pins that are not constrained for maximum delay.

 There are 0 pins that are not constrained for maximum delay due to constant clock.


5. checking no_input_delay (10)
-------------------------------
 There are 10 input ports with no input delay specified. (HIGH)

 There are 0 input ports with no input delay but user has a false path constraint.


6. checking no_output_delay (21)
--------------------------------
 There are 21 ports with no output delay specified. (HIGH)

 There are 0 ports with no output delay but user has a false path constraint

 There are 0 ports with no output delay but with a timing clock defined on it or propagating through it


7. checking multiple_clock (0)
------------------------------
 There are 0 register/latch pins with multiple clocks.


8. checking generated_clocks (0)
--------------------------------
 There are 0 generated clocks that are not connected to a clock source.


9. checking loops (0)
---------------------
 There are 0 combinational loops in the design.


10. checking partial_input_delay (0)
------------------------------------
 There are 0 input ports with partial input delay specified.


11. checking partial_output_delay (0)
-------------------------------------
 There are 0 ports with partial output delay specified.


12. checking latch_loops (0)
----------------------------
 There are 0 combinational latch loops in the design through latch input



------------------------------------------------------------------------------------------------
| Design Timing Summary
| ---------------------
------------------------------------------------------------------------------------------------

    WNS(ns)      TNS(ns)  TNS Failing Endpoints  TNS Total Endpoints      WHS(ns)      THS(ns)  THS Failing Endpoints  THS Total Endpoints     WPWS(ns)     TPWS(ns)  TPWS Failing Endpoints  TPWS Total Endpoints  
    -------      -------  ---------------------  -------------------      -------      -------  ---------------------  -------------------     --------     --------  ----------------------  --------------------  
      0.054        0.000                      0                  893        0.006        0.000                      0                  893        1.725        0.000                       0                   894  


All user specified timing constraints are met.


------------------------------------------------------------------------------------------------
| Clock Summary
| -------------
------------------------------------------------------------------------------------------------

Clock          Waveform(ns)         Period(ns)      Frequency(MHz)
-----          ------------         ----------      --------------
virtual_clock  {0.000 2.000}        4.000           250.000         


------------------------------------------------------------------------------------------------
| Intra Clock Table
| -----------------
------------------------------------------------------------------------------------------------

Clock              WNS(ns)      TNS(ns)  TNS Failing Endpoints  TNS Total Endpoints      WHS(ns)      THS(ns)  THS Failing Endpoints  THS Total Endpoints     WPWS(ns)     TPWS(ns)  TPWS Failing Endpoints  TPWS Total Endpoints  
-----              -------      -------  ---------------------  -------------------      -------      -------  ---------------------  -------------------     --------     --------  ----------------------  --------------------  
virtual_clock        0.054        0.000                      0                  893        0.006        0.000                      0                  893        1.725        0.000                       0                   894  


------------------------------------------------------------------------------------------------
| Inter Clock Table
| -----------------
------------------------------------------------------------------------------------------------

From Clock    To Clock          WNS(ns)      TNS(ns)  TNS Failing Endpoints  TNS Total Endpoints      WHS(ns)      THS(ns)  THS Failing Endpoints  THS Total Endpoints  
----------    --------          -------      -------  ---------------------  -------------------      -------      -------  ---------------------  -------------------  


------------------------------------------------------------------------------------------------
| Other Path Groups Table
| -----------------------
------------------------------------------------------------------------------------------------

Path Group    From Clock    To Clock          WNS(ns)      TNS(ns)  TNS Failing Endpoints  TNS Total Endpoints      WHS(ns)      THS(ns)  THS Failing Endpoints  THS Total Endpoints  
----------    ----------    --------          -------      -------  ---------------------  -------------------      -------      -------  ---------------------  -------------------  


------------------------------------------------------------------------------------------------
| Timing Details
| --------------
------------------------------------------------------------------------------------------------


---------------------------------------------------------------------------------------------------
From Clock:  virtual_clock
  To Clock:  virtual_clock

Setup :            0  Failing Endpoints,  Worst Slack        0.054ns,  Total Violation        0.000ns
Hold  :            0  Failing Endpoints,  Worst Slack        0.006ns,  Total Violation        0.000ns
PW    :            0  Failing Endpoints,  Worst Slack        1.725ns,  Total Violation        0.000ns
---------------------------------------------------------------------------------------------------


Max Delay Paths
--------------------------------------------------------------------------------------
Slack (MET) :             0.054ns  (required time - arrival time)
  Source:                 demux/sel_reg[2]/C
                            (rising edge-triggered cell FDRE clocked by virtual_clock  {rise@0.000ns fall@2.000ns period=4.000ns})
  Destination:            demux/sel_reg[2]/D
                            (rising edge-triggered cell FDRE clocked by virtual_clock  {rise@0.000ns fall@2.000ns period=4.000ns})
  Path Group:             virtual_clock
  Path Type:              Setup (Max at Slow Process Corner)
  Requirement:            4.000ns  (virtual_clock rise@4.000ns - virtual_clock rise@0.000ns)
  Data Path Delay:        3.927ns  (logic 1.757ns (44.742%)  route 2.170ns (55.258%))
  Logic Levels:           17  (CARRY8=9 LUT2=2 LUT3=2 LUT4=1 LUT5=1 LUT6=2)
  Clock Path Skew:        -0.009ns (DCD - SCD + CPR)
    Destination Clock Delay (DCD):    2.333ns = ( 6.333 - 4.000 ) 
    Source Clock Delay      (SCD):    2.840ns
    Clock Pessimism Removal (CPR):    0.498ns
  Clock Uncertainty:      0.035ns  ((TSJ^2 + TIJ^2)^1/2 + DJ) / 2 + PE
    Total System Jitter     (TSJ):    0.071ns
    Total Input Jitter      (TIJ):    0.000ns
    Discrete Jitter          (DJ):    0.000ns
    Phase Error              (PE):    0.000ns
  Clock Net Delay (Source):      1.879ns (routing 0.958ns, distribution 0.921ns)
  Clock Net Delay (Destination): 1.663ns (routing 0.871ns, distribution 0.792ns)

    Location             Delay type                Incr(ns)  Path(ns)    Netlist Resource(s)
  -------------------------------------------------------------------    -------------------
                         (clock virtual_clock rise edge)
                                                      0.000     0.000 r  
    AR14                                              0.000     0.000 r  clk (IN)
                         net (fo=0)                   0.000     0.000    clk_IBUF_inst/I
    AR14                 INBUF (Prop_INBUF_HPIOB_M_PAD_O)
                                                      0.610     0.610 r  clk_IBUF_inst/INBUF_INST/O
                         net (fo=1, routed)           0.000     0.610    clk_IBUF_inst/OUT
    AR14                 IBUFCTRL (Prop_IBUFCTRL_HPIOB_M_I_O)
                                                      0.000     0.610 r  clk_IBUF_inst/IBUFCTRL_INST/O
                         net (fo=1, routed)           0.323     0.933    clk_IBUF
    BUFGCE_X1Y194        BUFGCE (Prop_BUFCE_BUFGCE_I_O)
                                                      0.028     0.961 r  clk_IBUF_BUFG_inst/O
    X3Y7 (CLOCK_ROOT)    net (fo=893, routed)         1.879     2.840    demux/CLK
    SLICE_X108Y504       FDRE                                         r  demux/sel_reg[2]/C
  -------------------------------------------------------------------    -------------------
    SLICE_X108Y504       FDRE (Prop_AFF_SLICEM_C_Q)
                                                      0.077     2.917 r  demux/sel_reg[2]/Q
                         net (fo=14, routed)          0.226     3.143    demux/sel[2]
    SLICE_X110Y504       CARRY8 (Prop_CARRY8_SLICEM_S[1]_O[6])
                                                      0.224     3.367 r  demux/sel_reg[7]_i_6/O[6]
                         net (fo=26, routed)          0.227     3.594    p_1_in[7]
    SLICE_X110Y499       LUT2 (Prop_H6LUT_SLICEM_I1_O)
                                                      0.101     3.695 r  sel[7]_i_185/O
                         net (fo=1, routed)           0.015     3.710    demux/S[3]
    SLICE_X110Y499       CARRY8 (Prop_CARRY8_SLICEM_S[7]_CO[7])
                                                      0.117     3.827 f  demux/sel_reg[7]_i_143/CO[7]
                         net (fo=1, routed)           0.026     3.853    demux/sel_reg[7]_i_143_n_0
    SLICE_X110Y500       CARRY8 (Prop_CARRY8_SLICEM_CI_CO[4])
                                                      0.092     3.945 f  demux/sel_reg[7]_i_88/CO[4]
                         net (fo=41, routed)          0.179     4.124    demux_n_7
    SLICE_X111Y501       LUT3 (Prop_E5LUT_SLICEL_I2_O)
                                                      0.070     4.194 r  sel[7]_i_114/O
                         net (fo=2, routed)           0.168     4.362    sel[7]_i_114_n_0
    SLICE_X110Y501       LUT4 (Prop_F6LUT_SLICEM_I3_O)
                                                      0.037     4.399 r  sel[7]_i_121/O
                         net (fo=1, routed)           0.022     4.421    demux/sel[7]_i_87[1]
    SLICE_X110Y501       CARRY8 (Prop_CARRY8_SLICEM_S[5]_O[7])
                                                      0.138     4.559 r  demux/sel_reg[7]_i_58/O[7]
                         net (fo=3, routed)           0.138     4.697    demux_n_20
    SLICE_X110Y503       LUT3 (Prop_D6LUT_SLICEM_I0_O)
                                                      0.051     4.748 r  sel[7]_i_78/O
                         net (fo=2, routed)           0.042     4.790    demux/sel_reg[7]_i_21_7
    SLICE_X110Y503       LUT5 (Prop_B5LUT_SLICEM_I0_O)
                                                      0.072     4.862 r  demux/sel[7]_i_38/O
                         net (fo=2, routed)           0.288     5.150    demux/sel[7]_i_38_n_0
    SLICE_X109Y500       LUT6 (Prop_H6LUT_SLICEL_I0_O)
                                                      0.090     5.240 r  demux/sel[7]_i_46/O
                         net (fo=1, routed)           0.010     5.250    demux/sel[7]_i_46_n_0
    SLICE_X109Y500       CARRY8 (Prop_CARRY8_SLICEL_S[7]_CO[7])
                                                      0.115     5.365 r  demux/sel_reg[7]_i_21/CO[7]
                         net (fo=1, routed)           0.026     5.391    demux/sel_reg[7]_i_21_n_0
    SLICE_X109Y501       CARRY8 (Prop_CARRY8_SLICEL_CI_O[6])
                                                      0.103     5.494 r  demux/sel_reg[7]_i_18/O[6]
                         net (fo=1, routed)           0.352     5.846    demux_n_49
    SLICE_X109Y504       CARRY8 (Prop_CARRY8_SLICEL_S[0]_O[1])
                                                      0.094     5.940 r  sel_reg[7]_i_17/O[1]
                         net (fo=1, routed)           0.176     6.116    sel_reg[7]_i_17_n_14
    SLICE_X108Y502       LUT2 (Prop_H6LUT_SLICEM_I1_O)
                                                      0.053     6.169 r  sel[7]_i_8/O
                         net (fo=1, routed)           0.015     6.184    demux/sel_reg[7]_0[6]
    SLICE_X108Y502       CARRY8 (Prop_CARRY8_SLICEM_S[7]_CO[7])
                                                      0.117     6.301 r  demux/sel_reg[7]_i_3/CO[7]
                         net (fo=1, routed)           0.026     6.327    demux/sel_reg[7]_i_3_n_0
    SLICE_X108Y503       CARRY8 (Prop_CARRY8_SLICEM_CI_O[0])
                                                      0.056     6.383 r  demux/sel_reg[7]_i_4/O[0]
                         net (fo=8, routed)           0.181     6.564    demux/sel_reg[7]_i_4_n_15
    SLICE_X108Y504       LUT6 (Prop_A6LUT_SLICEM_I3_O)
                                                      0.150     6.714 r  demux/sel[2]_i_1/O
                         net (fo=1, routed)           0.053     6.767    demux/sel20_in[2]
    SLICE_X108Y504       FDRE                                         r  demux/sel_reg[2]/D
  -------------------------------------------------------------------    -------------------

                         (clock virtual_clock rise edge)
                                                      4.000     4.000 r  
    AR14                                              0.000     4.000 r  clk (IN)
                         net (fo=0)                   0.000     4.000    clk_IBUF_inst/I
    AR14                 INBUF (Prop_INBUF_HPIOB_M_PAD_O)
                                                      0.359     4.359 r  clk_IBUF_inst/INBUF_INST/O
                         net (fo=1, routed)           0.000     4.359    clk_IBUF_inst/OUT
    AR14                 IBUFCTRL (Prop_IBUFCTRL_HPIOB_M_I_O)
                                                      0.000     4.359 r  clk_IBUF_inst/IBUFCTRL_INST/O
                         net (fo=1, routed)           0.287     4.646    clk_IBUF
    BUFGCE_X1Y194        BUFGCE (Prop_BUFCE_BUFGCE_I_O)
                                                      0.024     4.670 r  clk_IBUF_BUFG_inst/O
    X3Y7 (CLOCK_ROOT)    net (fo=893, routed)         1.663     6.333    demux/CLK
    SLICE_X108Y504       FDRE                                         r  demux/sel_reg[2]/C
                         clock pessimism              0.498     6.831    
                         clock uncertainty           -0.035     6.796    
    SLICE_X108Y504       FDRE (Setup_AFF_SLICEM_C_D)
                                                      0.025     6.821    demux/sel_reg[2]
  -------------------------------------------------------------------
                         required time                          6.821    
                         arrival time                          -6.767    
  -------------------------------------------------------------------
                         slack                                  0.054    





Min Delay Paths
--------------------------------------------------------------------------------------
Slack (MET) :             0.006ns  (arrival time - required time)
  Source:                 demux/genblk1[40].z_reg[40][6]/C
                            (rising edge-triggered cell FDRE clocked by virtual_clock  {rise@0.000ns fall@2.000ns period=4.000ns})
  Destination:            genblk1[40].reg_in/reg_out_reg[6]/D
                            (rising edge-triggered cell FDRE clocked by virtual_clock  {rise@0.000ns fall@2.000ns period=4.000ns})
  Path Group:             virtual_clock
  Path Type:              Hold (Min at Slow Process Corner)
  Requirement:            0.000ns  (virtual_clock rise@0.000ns - virtual_clock rise@0.000ns)
  Data Path Delay:        0.125ns  (logic 0.058ns (46.400%)  route 0.067ns (53.600%))
  Logic Levels:           0  
  Clock Path Skew:        0.057ns (DCD - SCD - CPR)
    Destination Clock Delay (DCD):    2.848ns
    Source Clock Delay      (SCD):    2.321ns
    Clock Pessimism Removal (CPR):    0.470ns
  Clock Net Delay (Source):      1.651ns (routing 0.871ns, distribution 0.780ns)
  Clock Net Delay (Destination): 1.887ns (routing 0.958ns, distribution 0.929ns)

    Location             Delay type                Incr(ns)  Path(ns)    Netlist Resource(s)
  -------------------------------------------------------------------    -------------------
                         (clock virtual_clock rise edge)
                                                      0.000     0.000 r  
    AR14                                              0.000     0.000 r  clk (IN)
                         net (fo=0)                   0.000     0.000    clk_IBUF_inst/I
    AR14                 INBUF (Prop_INBUF_HPIOB_M_PAD_O)
                                                      0.359     0.359 r  clk_IBUF_inst/INBUF_INST/O
                         net (fo=1, routed)           0.000     0.359    clk_IBUF_inst/OUT
    AR14                 IBUFCTRL (Prop_IBUFCTRL_HPIOB_M_I_O)
                                                      0.000     0.359 r  clk_IBUF_inst/IBUFCTRL_INST/O
                         net (fo=1, routed)           0.287     0.646    clk_IBUF
    BUFGCE_X1Y194        BUFGCE (Prop_BUFCE_BUFGCE_I_O)
                                                      0.024     0.670 r  clk_IBUF_BUFG_inst/O
    X3Y7 (CLOCK_ROOT)    net (fo=893, routed)         1.651     2.321    demux/CLK
    SLICE_X101Y487       FDRE                                         r  demux/genblk1[40].z_reg[40][6]/C
  -------------------------------------------------------------------    -------------------
    SLICE_X101Y487       FDRE (Prop_HFF_SLICEL_C_Q)
                                                      0.058     2.379 r  demux/genblk1[40].z_reg[40][6]/Q
                         net (fo=1, routed)           0.067     2.446    genblk1[40].reg_in/D[6]
    SLICE_X101Y488       FDRE                                         r  genblk1[40].reg_in/reg_out_reg[6]/D
  -------------------------------------------------------------------    -------------------

                         (clock virtual_clock rise edge)
                                                      0.000     0.000 r  
    AR14                                              0.000     0.000 r  clk (IN)
                         net (fo=0)                   0.000     0.000    clk_IBUF_inst/I
    AR14                 INBUF (Prop_INBUF_HPIOB_M_PAD_O)
                                                      0.610     0.610 r  clk_IBUF_inst/INBUF_INST/O
                         net (fo=1, routed)           0.000     0.610    clk_IBUF_inst/OUT
    AR14                 IBUFCTRL (Prop_IBUFCTRL_HPIOB_M_I_O)
                                                      0.000     0.610 r  clk_IBUF_inst/IBUFCTRL_INST/O
                         net (fo=1, routed)           0.323     0.933    clk_IBUF
    BUFGCE_X1Y194        BUFGCE (Prop_BUFCE_BUFGCE_I_O)
                                                      0.028     0.961 r  clk_IBUF_BUFG_inst/O
    X3Y7 (CLOCK_ROOT)    net (fo=893, routed)         1.887     2.848    genblk1[40].reg_in/CLK
    SLICE_X101Y488       FDRE                                         r  genblk1[40].reg_in/reg_out_reg[6]/C
                         clock pessimism             -0.470     2.378    
    SLICE_X101Y488       FDRE (Hold_GFF2_SLICEL_C_D)
                                                      0.062     2.440    genblk1[40].reg_in/reg_out_reg[6]
  -------------------------------------------------------------------
                         required time                         -2.440    
                         arrival time                           2.446    
  -------------------------------------------------------------------
                         slack                                  0.006    





Pulse Width Checks
--------------------------------------------------------------------------------------
Clock Name:         virtual_clock
Waveform(ns):       { 0.000 2.000 }
Period(ns):         4.000
Sources:            { clk }

Check Type        Corner  Lib Pin   Reference Pin  Required(ns)  Actual(ns)  Slack(ns)  Location        Pin
Min Period        n/a     BUFGCE/I  n/a            1.290         4.000       2.710      BUFGCE_X1Y194   clk_IBUF_BUFG_inst/I
Low Pulse Width   Slow    FDRE/C    n/a            0.275         2.000       1.725      SLICE_X102Y502  demux/genblk1[19].z_reg[19][3]/C
High Pulse Width  Fast    FDRE/C    n/a            0.275         2.000       1.725      SLICE_X104Y500  demux/genblk1[14].z_reg[14][0]/C



