Copyright 1986-2020 Xilinx, Inc. All Rights Reserved.
--------------------------------------------------------------------------------------------
| Tool Version      : Vivado v.2020.1 (lin64) Build 2902540 Wed May 27 19:54:35 MDT 2020
| Date              : Tue Mar 15 18:44:52 2022
| Host              : lepus running 64-bit CentOS Linux release 7.9.2009 (Core)
| Command           : report_timing_summary -file ./output/fc2_16/report/timing-summary.rpt
| Design            : top
| Device            : xcvu9p-flga2104
| Speed File        : -2L  PRODUCTION 1.27 02-28-2020
| Temperature Grade : E
--------------------------------------------------------------------------------------------

Timing Summary Report

------------------------------------------------------------------------------------------------
| Timer Settings
| --------------
------------------------------------------------------------------------------------------------

  Enable Multi Corner Analysis               :  Yes
  Enable Pessimism Removal                   :  Yes
  Pessimism Removal Resolution               :  Nearest Common Node
  Enable Input Delay Default Clock           :  No
  Enable Preset / Clear Arcs                 :  No
  Disable Flight Delays                      :  No
  Ignore I/O Paths                           :  No
  Timing Early Launch at Borrowing Latches   :  No
  Borrow Time for Max Delay Exceptions       :  Yes
  Merge Timing Exceptions                    :  Yes

  Corner  Analyze    Analyze    
  Name    Max Paths  Min Paths  
  ------  ---------  ---------  
  Slow    Yes        Yes        
  Fast    Yes        Yes        



check_timing report

Table of Contents
-----------------
1. checking no_clock (0)
2. checking constant_clock (0)
3. checking pulse_width_clock (0)
4. checking unconstrained_internal_endpoints (0)
5. checking no_input_delay (10)
6. checking no_output_delay (22)
7. checking multiple_clock (0)
8. checking generated_clocks (0)
9. checking loops (0)
10. checking partial_input_delay (0)
11. checking partial_output_delay (0)
12. checking latch_loops (0)

1. checking no_clock (0)
------------------------
 There are 0 register/latch pins with no clock.


2. checking constant_clock (0)
------------------------------
 There are 0 register/latch pins with constant_clock.


3. checking pulse_width_clock (0)
---------------------------------
 There are 0 register/latch pins which need pulse_width check


4. checking unconstrained_internal_endpoints (0)
------------------------------------------------
 There are 0 pins that are not constrained for maximum delay.

 There are 0 pins that are not constrained for maximum delay due to constant clock.


5. checking no_input_delay (10)
-------------------------------
 There are 10 input ports with no input delay specified. (HIGH)

 There are 0 input ports with no input delay but user has a false path constraint.


6. checking no_output_delay (22)
--------------------------------
 There are 22 ports with no output delay specified. (HIGH)

 There are 0 ports with no output delay but user has a false path constraint

 There are 0 ports with no output delay but with a timing clock defined on it or propagating through it


7. checking multiple_clock (0)
------------------------------
 There are 0 register/latch pins with multiple clocks.


8. checking generated_clocks (0)
--------------------------------
 There are 0 generated clocks that are not connected to a clock source.


9. checking loops (0)
---------------------
 There are 0 combinational loops in the design.


10. checking partial_input_delay (0)
------------------------------------
 There are 0 input ports with partial input delay specified.


11. checking partial_output_delay (0)
-------------------------------------
 There are 0 ports with partial output delay specified.


12. checking latch_loops (0)
----------------------------
 There are 0 combinational latch loops in the design through latch input



------------------------------------------------------------------------------------------------
| Design Timing Summary
| ---------------------
------------------------------------------------------------------------------------------------

    WNS(ns)      TNS(ns)  TNS Failing Endpoints  TNS Total Endpoints      WHS(ns)      THS(ns)  THS Failing Endpoints  THS Total Endpoints     WPWS(ns)     TPWS(ns)  TPWS Failing Endpoints  TPWS Total Endpoints  
    -------      -------  ---------------------  -------------------      -------      -------  ---------------------  -------------------     --------     --------  ----------------------  --------------------  
      0.041        0.000                      0                  926        0.008        0.000                      0                  926        1.725        0.000                       0                   927  


All user specified timing constraints are met.


------------------------------------------------------------------------------------------------
| Clock Summary
| -------------
------------------------------------------------------------------------------------------------

Clock          Waveform(ns)         Period(ns)      Frequency(MHz)
-----          ------------         ----------      --------------
virtual_clock  {0.000 2.000}        4.000           250.000         


------------------------------------------------------------------------------------------------
| Intra Clock Table
| -----------------
------------------------------------------------------------------------------------------------

Clock              WNS(ns)      TNS(ns)  TNS Failing Endpoints  TNS Total Endpoints      WHS(ns)      THS(ns)  THS Failing Endpoints  THS Total Endpoints     WPWS(ns)     TPWS(ns)  TPWS Failing Endpoints  TPWS Total Endpoints  
-----              -------      -------  ---------------------  -------------------      -------      -------  ---------------------  -------------------     --------     --------  ----------------------  --------------------  
virtual_clock        0.041        0.000                      0                  926        0.008        0.000                      0                  926        1.725        0.000                       0                   927  


------------------------------------------------------------------------------------------------
| Inter Clock Table
| -----------------
------------------------------------------------------------------------------------------------

From Clock    To Clock          WNS(ns)      TNS(ns)  TNS Failing Endpoints  TNS Total Endpoints      WHS(ns)      THS(ns)  THS Failing Endpoints  THS Total Endpoints  
----------    --------          -------      -------  ---------------------  -------------------      -------      -------  ---------------------  -------------------  


------------------------------------------------------------------------------------------------
| Other Path Groups Table
| -----------------------
------------------------------------------------------------------------------------------------

Path Group    From Clock    To Clock          WNS(ns)      TNS(ns)  TNS Failing Endpoints  TNS Total Endpoints      WHS(ns)      THS(ns)  THS Failing Endpoints  THS Total Endpoints  
----------    ----------    --------          -------      -------  ---------------------  -------------------      -------      -------  ---------------------  -------------------  


------------------------------------------------------------------------------------------------
| Timing Details
| --------------
------------------------------------------------------------------------------------------------


---------------------------------------------------------------------------------------------------
From Clock:  virtual_clock
  To Clock:  virtual_clock

Setup :            0  Failing Endpoints,  Worst Slack        0.041ns,  Total Violation        0.000ns
Hold  :            0  Failing Endpoints,  Worst Slack        0.008ns,  Total Violation        0.000ns
PW    :            0  Failing Endpoints,  Worst Slack        1.725ns,  Total Violation        0.000ns
---------------------------------------------------------------------------------------------------


Max Delay Paths
--------------------------------------------------------------------------------------
Slack (MET) :             0.041ns  (required time - arrival time)
  Source:                 demux/sel_reg[1]/C
                            (rising edge-triggered cell FDRE clocked by virtual_clock  {rise@0.000ns fall@2.000ns period=4.000ns})
  Destination:            demux/sel_reg[0]/D
                            (rising edge-triggered cell FDRE clocked by virtual_clock  {rise@0.000ns fall@2.000ns period=4.000ns})
  Path Group:             virtual_clock
  Path Type:              Setup (Max at Slow Process Corner)
  Requirement:            4.000ns  (virtual_clock rise@4.000ns - virtual_clock rise@0.000ns)
  Data Path Delay:        3.911ns  (logic 1.725ns (44.106%)  route 2.186ns (55.894%))
  Logic Levels:           17  (CARRY8=9 LUT2=2 LUT3=2 LUT4=1 LUT5=2 LUT6=1)
  Clock Path Skew:        -0.038ns (DCD - SCD + CPR)
    Destination Clock Delay (DCD):    1.797ns = ( 5.797 - 4.000 ) 
    Source Clock Delay      (SCD):    2.257ns
    Clock Pessimism Removal (CPR):    0.422ns
  Clock Uncertainty:      0.035ns  ((TSJ^2 + TIJ^2)^1/2 + DJ) / 2 + PE
    Total System Jitter     (TSJ):    0.071ns
    Total Input Jitter      (TIJ):    0.000ns
    Discrete Jitter          (DJ):    0.000ns
    Phase Error              (PE):    0.000ns
  Clock Net Delay (Source):      1.296ns (routing 0.171ns, distribution 1.125ns)
  Clock Net Delay (Destination): 1.127ns (routing 0.155ns, distribution 0.972ns)

    Location             Delay type                Incr(ns)  Path(ns)    Netlist Resource(s)
  -------------------------------------------------------------------    -------------------
                         (clock virtual_clock rise edge)
                                                      0.000     0.000 r  
    AR14                                              0.000     0.000 r  clk (IN)
                         net (fo=0)                   0.000     0.000    clk_IBUF_inst/I
    AR14                 INBUF (Prop_INBUF_HPIOB_M_PAD_O)
                                                      0.610     0.610 r  clk_IBUF_inst/INBUF_INST/O
                         net (fo=1, routed)           0.000     0.610    clk_IBUF_inst/OUT
    AR14                 IBUFCTRL (Prop_IBUFCTRL_HPIOB_M_I_O)
                                                      0.000     0.610 r  clk_IBUF_inst/IBUFCTRL_INST/O
                         net (fo=1, routed)           0.323     0.933    clk_IBUF
    BUFGCE_X1Y194        BUFGCE (Prop_BUFCE_BUFGCE_I_O)
                                                      0.028     0.961 r  clk_IBUF_BUFG_inst/O
    X4Y8 (CLOCK_ROOT)    net (fo=926, routed)         1.296     2.257    demux/CLK
    SLICE_X104Y505       FDRE                                         r  demux/sel_reg[1]/C
  -------------------------------------------------------------------    -------------------
    SLICE_X104Y505       FDRE (Prop_AFF_SLICEM_C_Q)
                                                      0.077     2.334 r  demux/sel_reg[1]/Q
                         net (fo=16, routed)          0.192     2.526    demux/sel[1]
    SLICE_X104Y503       CARRY8 (Prop_CARRY8_SLICEM_S[0]_O[2])
                                                      0.134     2.660 r  demux/sel_reg[7]_i_6/O[2]
                         net (fo=25, routed)          0.265     2.925    demux/O[2]
    SLICE_X104Y499       LUT2 (Prop_D6LUT_SLICEM_I1_O)
                                                      0.122     3.047 r  demux/sel[7]_i_189/O
                         net (fo=1, routed)           0.025     3.072    demux/sel[7]_i_189_n_0
    SLICE_X104Y499       CARRY8 (Prop_CARRY8_SLICEM_S[3]_CO[7])
                                                      0.163     3.235 f  demux/sel_reg[7]_i_143/CO[7]
                         net (fo=1, routed)           0.026     3.261    demux/sel_reg[7]_i_143_n_0
    SLICE_X104Y500       CARRY8 (Prop_CARRY8_SLICEM_CI_CO[4])
                                                      0.092     3.353 f  demux/sel_reg[7]_i_88/CO[4]
                         net (fo=41, routed)          0.192     3.545    demux/CO[0]
    SLICE_X105Y502       LUT3 (Prop_E6LUT_SLICEL_I2_O)
                                                      0.051     3.596 r  demux/sel[7]_i_116/O
                         net (fo=2, routed)           0.145     3.741    demux/sel[7]_i_116_n_0
    SLICE_X102Y502       LUT4 (Prop_D6LUT_SLICEM_I3_O)
                                                      0.099     3.840 r  demux/sel[7]_i_123/O
                         net (fo=1, routed)           0.025     3.865    demux/sel[7]_i_123_n_0
    SLICE_X102Y502       CARRY8 (Prop_CARRY8_SLICEM_S[3]_O[6])
                                                      0.172     4.037 r  demux/sel_reg[7]_i_58/O[6]
                         net (fo=3, routed)           0.237     4.274    demux_n_21
    SLICE_X100Y501       LUT3 (Prop_F6LUT_SLICEM_I2_O)
                                                      0.037     4.311 r  sel[7]_i_79/O
                         net (fo=2, routed)           0.089     4.400    demux/sel_reg[7]_i_21_6
    SLICE_X101Y501       LUT5 (Prop_G6LUT_SLICEL_I0_O)
                                                      0.097     4.497 r  demux/sel[7]_i_39/O
                         net (fo=2, routed)           0.104     4.601    demux/sel[7]_i_39_n_0
    SLICE_X103Y501       LUT6 (Prop_G6LUT_SLICEL_I0_O)
                                                      0.089     4.690 r  demux/sel[7]_i_47/O
                         net (fo=1, routed)           0.008     4.698    demux/sel[7]_i_47_n_0
    SLICE_X103Y501       CARRY8 (Prop_CARRY8_SLICEL_S[6]_CO[7])
                                                      0.115     4.813 r  demux/sel_reg[7]_i_21/CO[7]
                         net (fo=1, routed)           0.026     4.839    demux/sel_reg[7]_i_21_n_0
    SLICE_X103Y502       CARRY8 (Prop_CARRY8_SLICEL_CI_O[6])
                                                      0.103     4.942 r  demux/sel_reg[7]_i_18/O[6]
                         net (fo=1, routed)           0.396     5.338    demux_n_49
    SLICE_X102Y504       CARRY8 (Prop_CARRY8_SLICEM_S[0]_O[0])
                                                      0.065     5.403 r  sel_reg[7]_i_17/O[0]
                         net (fo=1, routed)           0.181     5.584    sel_reg[7]_i_17_n_15
    SLICE_X103Y504       LUT2 (Prop_G6LUT_SLICEL_I1_O)
                                                      0.050     5.634 r  sel[7]_i_9/O
                         net (fo=1, routed)           0.008     5.642    demux/sel_reg[7]_0[5]
    SLICE_X103Y504       CARRY8 (Prop_CARRY8_SLICEL_S[6]_CO[7])
                                                      0.115     5.757 r  demux/sel_reg[7]_i_3/CO[7]
                         net (fo=1, routed)           0.026     5.783    demux/sel_reg[7]_i_3_n_0
    SLICE_X103Y505       CARRY8 (Prop_CARRY8_SLICEL_CI_O[0])
                                                      0.056     5.839 r  demux/sel_reg[7]_i_4/O[0]
                         net (fo=8, routed)           0.191     6.030    demux/sel_reg[7]_i_4_n_15
    SLICE_X105Y503       LUT5 (Prop_C6LUT_SLICEL_I1_O)
                                                      0.088     6.118 r  demux/sel[0]_i_1/O
                         net (fo=1, routed)           0.050     6.168    demux/sel[0]_i_1_n_0
    SLICE_X105Y503       FDRE                                         r  demux/sel_reg[0]/D
  -------------------------------------------------------------------    -------------------

                         (clock virtual_clock rise edge)
                                                      4.000     4.000 r  
    AR14                                              0.000     4.000 r  clk (IN)
                         net (fo=0)                   0.000     4.000    clk_IBUF_inst/I
    AR14                 INBUF (Prop_INBUF_HPIOB_M_PAD_O)
                                                      0.359     4.359 r  clk_IBUF_inst/INBUF_INST/O
                         net (fo=1, routed)           0.000     4.359    clk_IBUF_inst/OUT
    AR14                 IBUFCTRL (Prop_IBUFCTRL_HPIOB_M_I_O)
                                                      0.000     4.359 r  clk_IBUF_inst/IBUFCTRL_INST/O
                         net (fo=1, routed)           0.287     4.646    clk_IBUF
    BUFGCE_X1Y194        BUFGCE (Prop_BUFCE_BUFGCE_I_O)
                                                      0.024     4.670 r  clk_IBUF_BUFG_inst/O
    X4Y8 (CLOCK_ROOT)    net (fo=926, routed)         1.127     5.797    demux/CLK
    SLICE_X105Y503       FDRE                                         r  demux/sel_reg[0]/C
                         clock pessimism              0.422     6.219    
                         clock uncertainty           -0.035     6.184    
    SLICE_X105Y503       FDRE (Setup_CFF_SLICEL_C_D)
                                                      0.025     6.209    demux/sel_reg[0]
  -------------------------------------------------------------------
                         required time                          6.209    
                         arrival time                          -6.168    
  -------------------------------------------------------------------
                         slack                                  0.041    





Min Delay Paths
--------------------------------------------------------------------------------------
Slack (MET) :             0.008ns  (arrival time - required time)
  Source:                 demux/genblk1[1].z_reg[1][0]/C
                            (rising edge-triggered cell FDRE clocked by virtual_clock  {rise@0.000ns fall@2.000ns period=4.000ns})
  Destination:            genblk1[1].reg_in/reg_out_reg[0]/D
                            (rising edge-triggered cell FDRE clocked by virtual_clock  {rise@0.000ns fall@2.000ns period=4.000ns})
  Path Group:             virtual_clock
  Path Type:              Hold (Min at Slow Process Corner)
  Requirement:            0.000ns  (virtual_clock rise@0.000ns - virtual_clock rise@0.000ns)
  Data Path Delay:        0.163ns  (logic 0.058ns (35.583%)  route 0.105ns (64.417%))
  Logic Levels:           0  
  Clock Path Skew:        0.093ns (DCD - SCD - CPR)
    Destination Clock Delay (DCD):    2.247ns
    Source Clock Delay      (SCD):    1.788ns
    Clock Pessimism Removal (CPR):    0.366ns
  Clock Net Delay (Source):      1.118ns (routing 0.155ns, distribution 0.963ns)
  Clock Net Delay (Destination): 1.286ns (routing 0.171ns, distribution 1.115ns)

    Location             Delay type                Incr(ns)  Path(ns)    Netlist Resource(s)
  -------------------------------------------------------------------    -------------------
                         (clock virtual_clock rise edge)
                                                      0.000     0.000 r  
    AR14                                              0.000     0.000 r  clk (IN)
                         net (fo=0)                   0.000     0.000    clk_IBUF_inst/I
    AR14                 INBUF (Prop_INBUF_HPIOB_M_PAD_O)
                                                      0.359     0.359 r  clk_IBUF_inst/INBUF_INST/O
                         net (fo=1, routed)           0.000     0.359    clk_IBUF_inst/OUT
    AR14                 IBUFCTRL (Prop_IBUFCTRL_HPIOB_M_I_O)
                                                      0.000     0.359 r  clk_IBUF_inst/IBUFCTRL_INST/O
                         net (fo=1, routed)           0.287     0.646    clk_IBUF
    BUFGCE_X1Y194        BUFGCE (Prop_BUFCE_BUFGCE_I_O)
                                                      0.024     0.670 r  clk_IBUF_BUFG_inst/O
    X4Y8 (CLOCK_ROOT)    net (fo=926, routed)         1.118     1.788    demux/CLK
    SLICE_X111Y493       FDRE                                         r  demux/genblk1[1].z_reg[1][0]/C
  -------------------------------------------------------------------    -------------------
    SLICE_X111Y493       FDRE (Prop_AFF_SLICEL_C_Q)
                                                      0.058     1.846 r  demux/genblk1[1].z_reg[1][0]/Q
                         net (fo=1, routed)           0.105     1.951    genblk1[1].reg_in/D[0]
    SLICE_X109Y494       FDRE                                         r  genblk1[1].reg_in/reg_out_reg[0]/D
  -------------------------------------------------------------------    -------------------

                         (clock virtual_clock rise edge)
                                                      0.000     0.000 r  
    AR14                                              0.000     0.000 r  clk (IN)
                         net (fo=0)                   0.000     0.000    clk_IBUF_inst/I
    AR14                 INBUF (Prop_INBUF_HPIOB_M_PAD_O)
                                                      0.610     0.610 r  clk_IBUF_inst/INBUF_INST/O
                         net (fo=1, routed)           0.000     0.610    clk_IBUF_inst/OUT
    AR14                 IBUFCTRL (Prop_IBUFCTRL_HPIOB_M_I_O)
                                                      0.000     0.610 r  clk_IBUF_inst/IBUFCTRL_INST/O
                         net (fo=1, routed)           0.323     0.933    clk_IBUF
    BUFGCE_X1Y194        BUFGCE (Prop_BUFCE_BUFGCE_I_O)
                                                      0.028     0.961 r  clk_IBUF_BUFG_inst/O
    X4Y8 (CLOCK_ROOT)    net (fo=926, routed)         1.286     2.247    genblk1[1].reg_in/CLK
    SLICE_X109Y494       FDRE                                         r  genblk1[1].reg_in/reg_out_reg[0]/C
                         clock pessimism             -0.366     1.881    
    SLICE_X109Y494       FDRE (Hold_AFF2_SLICEL_C_D)
                                                      0.062     1.943    genblk1[1].reg_in/reg_out_reg[0]
  -------------------------------------------------------------------
                         required time                         -1.943    
                         arrival time                           1.951    
  -------------------------------------------------------------------
                         slack                                  0.008    





Pulse Width Checks
--------------------------------------------------------------------------------------
Clock Name:         virtual_clock
Waveform(ns):       { 0.000 2.000 }
Period(ns):         4.000
Sources:            { clk }

Check Type        Corner  Lib Pin   Reference Pin  Required(ns)  Actual(ns)  Slack(ns)  Location        Pin
Min Period        n/a     BUFGCE/I  n/a            1.290         4.000       2.710      BUFGCE_X1Y194   clk_IBUF_BUFG_inst/I
Low Pulse Width   Slow    FDRE/C    n/a            0.275         2.000       1.725      SLICE_X111Y500  demux/genblk1[110].z_reg[110][3]/C
High Pulse Width  Slow    FDRE/C    n/a            0.275         2.000       1.725      SLICE_X109Y497  demux/genblk1[109].z_reg[109][2]/C



