Copyright 1986-2020 Xilinx, Inc. All Rights Reserved.
--------------------------------------------------------------------------------------------
| Tool Version      : Vivado v.2020.1 (lin64) Build 2902540 Wed May 27 19:54:35 MDT 2020
| Date              : Tue Mar 15 01:12:38 2022
| Host              : lepus running 64-bit CentOS Linux release 7.9.2009 (Core)
| Command           : report_timing_summary -file ./output/fc1_49/report/timing-summary.rpt
| Design            : top
| Device            : xcvu9p-flga2104
| Speed File        : -2L  PRODUCTION 1.27 02-28-2020
| Temperature Grade : E
--------------------------------------------------------------------------------------------

Timing Summary Report

------------------------------------------------------------------------------------------------
| Timer Settings
| --------------
------------------------------------------------------------------------------------------------

  Enable Multi Corner Analysis               :  Yes
  Enable Pessimism Removal                   :  Yes
  Pessimism Removal Resolution               :  Nearest Common Node
  Enable Input Delay Default Clock           :  No
  Enable Preset / Clear Arcs                 :  No
  Disable Flight Delays                      :  No
  Ignore I/O Paths                           :  No
  Timing Early Launch at Borrowing Latches   :  No
  Borrow Time for Max Delay Exceptions       :  Yes
  Merge Timing Exceptions                    :  Yes

  Corner  Analyze    Analyze    
  Name    Max Paths  Min Paths  
  ------  ---------  ---------  
  Slow    Yes        Yes        
  Fast    Yes        Yes        



check_timing report

Table of Contents
-----------------
1. checking no_clock (0)
2. checking constant_clock (0)
3. checking pulse_width_clock (0)
4. checking unconstrained_internal_endpoints (0)
5. checking no_input_delay (10)
6. checking no_output_delay (24)
7. checking multiple_clock (0)
8. checking generated_clocks (0)
9. checking loops (0)
10. checking partial_input_delay (0)
11. checking partial_output_delay (0)
12. checking latch_loops (0)

1. checking no_clock (0)
------------------------
 There are 0 register/latch pins with no clock.


2. checking constant_clock (0)
------------------------------
 There are 0 register/latch pins with constant_clock.


3. checking pulse_width_clock (0)
---------------------------------
 There are 0 register/latch pins which need pulse_width check


4. checking unconstrained_internal_endpoints (0)
------------------------------------------------
 There are 0 pins that are not constrained for maximum delay.

 There are 0 pins that are not constrained for maximum delay due to constant clock.


5. checking no_input_delay (10)
-------------------------------
 There are 10 input ports with no input delay specified. (HIGH)

 There are 0 input ports with no input delay but user has a false path constraint.


6. checking no_output_delay (24)
--------------------------------
 There are 24 ports with no output delay specified. (HIGH)

 There are 0 ports with no output delay but user has a false path constraint

 There are 0 ports with no output delay but with a timing clock defined on it or propagating through it


7. checking multiple_clock (0)
------------------------------
 There are 0 register/latch pins with multiple clocks.


8. checking generated_clocks (0)
--------------------------------
 There are 0 generated clocks that are not connected to a clock source.


9. checking loops (0)
---------------------
 There are 0 combinational loops in the design.


10. checking partial_input_delay (0)
------------------------------------
 There are 0 input ports with partial input delay specified.


11. checking partial_output_delay (0)
-------------------------------------
 There are 0 ports with partial output delay specified.


12. checking latch_loops (0)
----------------------------
 There are 0 combinational latch loops in the design through latch input



------------------------------------------------------------------------------------------------
| Design Timing Summary
| ---------------------
------------------------------------------------------------------------------------------------

    WNS(ns)      TNS(ns)  TNS Failing Endpoints  TNS Total Endpoints      WHS(ns)      THS(ns)  THS Failing Endpoints  THS Total Endpoints     WPWS(ns)     TPWS(ns)  TPWS Failing Endpoints  TPWS Total Endpoints  
    -------      -------  ---------------------  -------------------      -------      -------  ---------------------  -------------------     --------     --------  ----------------------  --------------------  
      0.081        0.000                      0                 2529        0.008        0.000                      0                 2529        2.062        0.000                       0                  2530  


All user specified timing constraints are met.


------------------------------------------------------------------------------------------------
| Clock Summary
| -------------
------------------------------------------------------------------------------------------------

Clock   Waveform(ns)         Period(ns)      Frequency(MHz)
-----   ------------         ----------      --------------
vclock  {0.000 2.337}        4.674           213.950         


------------------------------------------------------------------------------------------------
| Intra Clock Table
| -----------------
------------------------------------------------------------------------------------------------

Clock             WNS(ns)      TNS(ns)  TNS Failing Endpoints  TNS Total Endpoints      WHS(ns)      THS(ns)  THS Failing Endpoints  THS Total Endpoints     WPWS(ns)     TPWS(ns)  TPWS Failing Endpoints  TPWS Total Endpoints  
-----             -------      -------  ---------------------  -------------------      -------      -------  ---------------------  -------------------     --------     --------  ----------------------  --------------------  
vclock              0.081        0.000                      0                 2529        0.008        0.000                      0                 2529        2.062        0.000                       0                  2530  


------------------------------------------------------------------------------------------------
| Inter Clock Table
| -----------------
------------------------------------------------------------------------------------------------

From Clock    To Clock          WNS(ns)      TNS(ns)  TNS Failing Endpoints  TNS Total Endpoints      WHS(ns)      THS(ns)  THS Failing Endpoints  THS Total Endpoints  
----------    --------          -------      -------  ---------------------  -------------------      -------      -------  ---------------------  -------------------  


------------------------------------------------------------------------------------------------
| Other Path Groups Table
| -----------------------
------------------------------------------------------------------------------------------------

Path Group    From Clock    To Clock          WNS(ns)      TNS(ns)  TNS Failing Endpoints  TNS Total Endpoints      WHS(ns)      THS(ns)  THS Failing Endpoints  THS Total Endpoints  
----------    ----------    --------          -------      -------  ---------------------  -------------------      -------      -------  ---------------------  -------------------  


------------------------------------------------------------------------------------------------
| Timing Details
| --------------
------------------------------------------------------------------------------------------------


---------------------------------------------------------------------------------------------------
From Clock:  vclock
  To Clock:  vclock

Setup :            0  Failing Endpoints,  Worst Slack        0.081ns,  Total Violation        0.000ns
Hold  :            0  Failing Endpoints,  Worst Slack        0.008ns,  Total Violation        0.000ns
PW    :            0  Failing Endpoints,  Worst Slack        2.062ns,  Total Violation        0.000ns
---------------------------------------------------------------------------------------------------


Max Delay Paths
--------------------------------------------------------------------------------------
Slack (MET) :             0.081ns  (required time - arrival time)
  Source:                 demux/sel_reg[2]/C
                            (rising edge-triggered cell FDRE clocked by vclock  {rise@0.000ns fall@2.337ns period=4.674ns})
  Destination:            demux/sel_reg[0]/D
                            (rising edge-triggered cell FDRE clocked by vclock  {rise@0.000ns fall@2.337ns period=4.674ns})
  Path Group:             vclock
  Path Type:              Setup (Max at Slow Process Corner)
  Requirement:            4.674ns  (vclock rise@4.674ns - vclock rise@0.000ns)
  Data Path Delay:        4.509ns  (logic 1.927ns (42.737%)  route 2.582ns (57.263%))
  Logic Levels:           18  (CARRY8=10 LUT2=1 LUT3=3 LUT4=2 LUT5=1 LUT6=1)
  Clock Path Skew:        -0.074ns (DCD - SCD + CPR)
    Destination Clock Delay (DCD):    1.808ns = ( 6.482 - 4.674 ) 
    Source Clock Delay      (SCD):    2.189ns
    Clock Pessimism Removal (CPR):    0.307ns
  Clock Uncertainty:      0.035ns  ((TSJ^2 + TIJ^2)^1/2 + DJ) / 2 + PE
    Total System Jitter     (TSJ):    0.071ns
    Total Input Jitter      (TIJ):    0.000ns
    Discrete Jitter          (DJ):    0.000ns
    Phase Error              (PE):    0.000ns
  Clock Net Delay (Source):      1.228ns (routing 0.171ns, distribution 1.057ns)
  Clock Net Delay (Destination): 1.138ns (routing 0.155ns, distribution 0.983ns)

    Location             Delay type                Incr(ns)  Path(ns)    Netlist Resource(s)
  -------------------------------------------------------------------    -------------------
                         (clock vclock rise edge)     0.000     0.000 r  
    AR14                                              0.000     0.000 r  clk (IN)
                         net (fo=0)                   0.000     0.000    clk_IBUF_inst/I
    AR14                 INBUF (Prop_INBUF_HPIOB_M_PAD_O)
                                                      0.610     0.610 r  clk_IBUF_inst/INBUF_INST/O
                         net (fo=1, routed)           0.000     0.610    clk_IBUF_inst/OUT
    AR14                 IBUFCTRL (Prop_IBUFCTRL_HPIOB_M_I_O)
                                                      0.000     0.610 r  clk_IBUF_inst/IBUFCTRL_INST/O
                         net (fo=1, routed)           0.323     0.933    clk_IBUF
    BUFGCE_X1Y212        BUFGCE (Prop_BUFCE_BUFGCE_I_O)
                                                      0.028     0.961 r  clk_IBUF_BUFG_inst/O
    X4Y8 (CLOCK_ROOT)    net (fo=2529, routed)        1.228     2.189    demux/CLK
    SLICE_X122Y480       FDRE                                         r  demux/sel_reg[2]/C
  -------------------------------------------------------------------    -------------------
    SLICE_X122Y480       FDRE (Prop_BFF_SLICEL_C_Q)
                                                      0.079     2.268 r  demux/sel_reg[2]/Q
                         net (fo=41, routed)          0.323     2.591    demux/sel[2]
    SLICE_X122Y474       CARRY8 (Prop_CARRY8_SLICEL_S[1]_O[6])
                                                      0.220     2.811 f  demux/sel_reg[8]_i_6/O[6]
                         net (fo=42, routed)          0.282     3.093    demux/p_1_in[6]
    SLICE_X122Y473       LUT3 (Prop_F5LUT_SLICEL_I0_O)
                                                      0.074     3.167 f  demux/sel[8]_i_225/O
                         net (fo=1, routed)           0.161     3.328    demux/sel[8]_i_225_n_0
    SLICE_X122Y470       CARRY8 (Prop_CARRY8_SLICEL_DI[4]_CO[7])
                                                      0.091     3.419 f  demux/sel_reg[8]_i_196/CO[7]
                         net (fo=1, routed)           0.026     3.445    demux/sel_reg[8]_i_196_n_0
    SLICE_X122Y471       CARRY8 (Prop_CARRY8_SLICEL_CI_CO[5])
                                                      0.077     3.522 f  demux/sel_reg[8]_i_171/CO[5]
                         net (fo=41, routed)          0.256     3.778    demux_n_10
    SLICE_X123Y473       LUT3 (Prop_E5LUT_SLICEM_I2_O)
                                                      0.139     3.917 r  sel[8]_i_137/O
                         net (fo=2, routed)           0.157     4.074    sel[8]_i_137_n_0
    SLICE_X123Y473       LUT4 (Prop_F6LUT_SLICEM_I3_O)
                                                      0.088     4.162 r  sel[8]_i_144/O
                         net (fo=1, routed)           0.022     4.184    demux/sel[8]_i_73_0[4]
    SLICE_X123Y473       CARRY8 (Prop_CARRY8_SLICEM_S[5]_CO[7])
                                                      0.159     4.343 r  demux/sel_reg[8]_i_81/CO[7]
                         net (fo=1, routed)           0.026     4.369    demux/sel_reg[8]_i_81_n_0
    SLICE_X123Y474       CARRY8 (Prop_CARRY8_SLICEM_CI_O[1])
                                                      0.076     4.445 r  demux/sel_reg[8]_i_77/O[1]
                         net (fo=2, routed)           0.282     4.727    demux_n_89
    SLICE_X124Y474       LUT3 (Prop_E5LUT_SLICEL_I1_O)
                                                      0.070     4.797 r  sel[8]_i_32/O
                         net (fo=2, routed)           0.137     4.934    sel[8]_i_32_n_0
    SLICE_X124Y474       LUT4 (Prop_F6LUT_SLICEL_I3_O)
                                                      0.049     4.983 r  sel[8]_i_40/O
                         net (fo=1, routed)           0.011     4.994    demux/sel[8]_i_25_0[5]
    SLICE_X124Y474       CARRY8 (Prop_CARRY8_SLICEL_S[5]_CO[7])
                                                      0.155     5.149 r  demux/sel_reg[8]_i_19/CO[7]
                         net (fo=1, routed)           0.026     5.175    demux/sel_reg[8]_i_19_n_0
    SLICE_X124Y475       CARRY8 (Prop_CARRY8_SLICEL_CI_O[0])
                                                      0.056     5.231 r  demux/sel_reg[8]_i_22/O[0]
                         net (fo=4, routed)           0.363     5.594    demux_n_104
    SLICE_X124Y476       CARRY8 (Prop_CARRY8_SLICEL_S[0]_O[4])
                                                      0.204     5.798 r  sel_reg[8]_i_18/O[4]
                         net (fo=1, routed)           0.118     5.916    sel_reg[8]_i_18_n_11
    SLICE_X124Y477       LUT2 (Prop_H6LUT_SLICEL_I1_O)
                                                      0.036     5.952 r  sel[8]_i_8/O
                         net (fo=1, routed)           0.010     5.962    demux/sel_reg[5]_0[6]
    SLICE_X124Y477       CARRY8 (Prop_CARRY8_SLICEL_S[7]_CO[7])
                                                      0.115     6.077 r  demux/sel_reg[8]_i_4/CO[7]
                         net (fo=1, routed)           0.026     6.103    demux/sel_reg[8]_i_4_n_0
    SLICE_X124Y478       CARRY8 (Prop_CARRY8_SLICEL_CI_O[0])
                                                      0.056     6.159 r  demux/sel_reg[8]_i_5/O[0]
                         net (fo=10, routed)          0.249     6.408    demux/sel_reg[8]_i_5_n_15
    SLICE_X122Y477       LUT5 (Prop_F6LUT_SLICEL_I4_O)
                                                      0.035     6.443 r  demux/sel[0]_i_2/O
                         net (fo=1, routed)           0.058     6.501    demux/sel[0]_i_2_n_0
    SLICE_X122Y477       LUT6 (Prop_B6LUT_SLICEL_I2_O)
                                                      0.148     6.649 r  demux/sel[0]_i_1/O
                         net (fo=1, routed)           0.049     6.698    demux/sel20_in[0]
    SLICE_X122Y477       FDRE                                         r  demux/sel_reg[0]/D
  -------------------------------------------------------------------    -------------------

                         (clock vclock rise edge)     4.674     4.674 r  
    AR14                                              0.000     4.674 r  clk (IN)
                         net (fo=0)                   0.000     4.674    clk_IBUF_inst/I
    AR14                 INBUF (Prop_INBUF_HPIOB_M_PAD_O)
                                                      0.359     5.033 r  clk_IBUF_inst/INBUF_INST/O
                         net (fo=1, routed)           0.000     5.033    clk_IBUF_inst/OUT
    AR14                 IBUFCTRL (Prop_IBUFCTRL_HPIOB_M_I_O)
                                                      0.000     5.033 r  clk_IBUF_inst/IBUFCTRL_INST/O
                         net (fo=1, routed)           0.287     5.320    clk_IBUF
    BUFGCE_X1Y212        BUFGCE (Prop_BUFCE_BUFGCE_I_O)
                                                      0.024     5.344 r  clk_IBUF_BUFG_inst/O
    X4Y8 (CLOCK_ROOT)    net (fo=2529, routed)        1.138     6.482    demux/CLK
    SLICE_X122Y477       FDRE                                         r  demux/sel_reg[0]/C
                         clock pessimism              0.307     6.789    
                         clock uncertainty           -0.035     6.754    
    SLICE_X122Y477       FDRE (Setup_BFF_SLICEL_C_D)
                                                      0.025     6.779    demux/sel_reg[0]
  -------------------------------------------------------------------
                         required time                          6.779    
                         arrival time                          -6.698    
  -------------------------------------------------------------------
                         slack                                  0.081    





Min Delay Paths
--------------------------------------------------------------------------------------
Slack (MET) :             0.008ns  (arrival time - required time)
  Source:                 demux/genblk1[164].z_reg[164][0]/C
                            (rising edge-triggered cell FDRE clocked by vclock  {rise@0.000ns fall@2.337ns period=4.674ns})
  Destination:            genblk1[164].reg_in/reg_out_reg[0]/D
                            (rising edge-triggered cell FDRE clocked by vclock  {rise@0.000ns fall@2.337ns period=4.674ns})
  Path Group:             vclock
  Path Type:              Hold (Min at Slow Process Corner)
  Requirement:            0.000ns  (vclock rise@0.000ns - vclock rise@0.000ns)
  Data Path Delay:        0.203ns  (logic 0.058ns (28.571%)  route 0.145ns (71.429%))
  Logic Levels:           0  
  Clock Path Skew:        0.133ns (DCD - SCD - CPR)
    Destination Clock Delay (DCD):    2.264ns
    Source Clock Delay      (SCD):    1.770ns
    Clock Pessimism Removal (CPR):    0.361ns
  Clock Net Delay (Source):      1.100ns (routing 0.155ns, distribution 0.945ns)
  Clock Net Delay (Destination): 1.303ns (routing 0.171ns, distribution 1.132ns)

    Location             Delay type                Incr(ns)  Path(ns)    Netlist Resource(s)
  -------------------------------------------------------------------    -------------------
                         (clock vclock rise edge)     0.000     0.000 r  
    AR14                                              0.000     0.000 r  clk (IN)
                         net (fo=0)                   0.000     0.000    clk_IBUF_inst/I
    AR14                 INBUF (Prop_INBUF_HPIOB_M_PAD_O)
                                                      0.359     0.359 r  clk_IBUF_inst/INBUF_INST/O
                         net (fo=1, routed)           0.000     0.359    clk_IBUF_inst/OUT
    AR14                 IBUFCTRL (Prop_IBUFCTRL_HPIOB_M_I_O)
                                                      0.000     0.359 r  clk_IBUF_inst/IBUFCTRL_INST/O
                         net (fo=1, routed)           0.287     0.646    clk_IBUF
    BUFGCE_X1Y212        BUFGCE (Prop_BUFCE_BUFGCE_I_O)
                                                      0.024     0.670 r  clk_IBUF_BUFG_inst/O
    X4Y8 (CLOCK_ROOT)    net (fo=2529, routed)        1.100     1.770    demux/CLK
    SLICE_X123Y465       FDRE                                         r  demux/genblk1[164].z_reg[164][0]/C
  -------------------------------------------------------------------    -------------------
    SLICE_X123Y465       FDRE (Prop_HFF_SLICEM_C_Q)
                                                      0.058     1.828 r  demux/genblk1[164].z_reg[164][0]/Q
                         net (fo=1, routed)           0.145     1.973    genblk1[164].reg_in/D[0]
    SLICE_X122Y466       FDRE                                         r  genblk1[164].reg_in/reg_out_reg[0]/D
  -------------------------------------------------------------------    -------------------

                         (clock vclock rise edge)     0.000     0.000 r  
    AR14                                              0.000     0.000 r  clk (IN)
                         net (fo=0)                   0.000     0.000    clk_IBUF_inst/I
    AR14                 INBUF (Prop_INBUF_HPIOB_M_PAD_O)
                                                      0.610     0.610 r  clk_IBUF_inst/INBUF_INST/O
                         net (fo=1, routed)           0.000     0.610    clk_IBUF_inst/OUT
    AR14                 IBUFCTRL (Prop_IBUFCTRL_HPIOB_M_I_O)
                                                      0.000     0.610 r  clk_IBUF_inst/IBUFCTRL_INST/O
                         net (fo=1, routed)           0.323     0.933    clk_IBUF
    BUFGCE_X1Y212        BUFGCE (Prop_BUFCE_BUFGCE_I_O)
                                                      0.028     0.961 r  clk_IBUF_BUFG_inst/O
    X4Y8 (CLOCK_ROOT)    net (fo=2529, routed)        1.303     2.264    genblk1[164].reg_in/CLK
    SLICE_X122Y466       FDRE                                         r  genblk1[164].reg_in/reg_out_reg[0]/C
                         clock pessimism             -0.361     1.903    
    SLICE_X122Y466       FDRE (Hold_EFF2_SLICEL_C_D)
                                                      0.062     1.965    genblk1[164].reg_in/reg_out_reg[0]
  -------------------------------------------------------------------
                         required time                         -1.965    
                         arrival time                           1.973    
  -------------------------------------------------------------------
                         slack                                  0.008    





Pulse Width Checks
--------------------------------------------------------------------------------------
Clock Name:         vclock
Waveform(ns):       { 0.000 2.337 }
Period(ns):         4.674
Sources:            { clk }

Check Type        Corner  Lib Pin   Reference Pin  Required(ns)  Actual(ns)  Slack(ns)  Location        Pin
Min Period        n/a     BUFGCE/I  n/a            1.290         4.674       3.384      BUFGCE_X1Y212   clk_IBUF_BUFG_inst/I
Low Pulse Width   Fast    FDRE/C    n/a            0.275         2.337       2.062      SLICE_X131Y452  demux/genblk1[33].z_reg[33][1]/C
High Pulse Width  Fast    FDRE/C    n/a            0.275         2.337       2.062      SLICE_X133Y455  genblk1[101].reg_in/reg_out_reg[2]/C



