Copyright 1986-2020 Xilinx, Inc. All Rights Reserved.
--------------------------------------------------------------------------------------------------------
| Tool Version      : Vivado v.2020.1 (lin64) Build 2902540 Wed May 27 19:54:35 MDT 2020
| Date              : Tue Mar 15 14:13:34 2022
| Host              : lepus running 64-bit CentOS Linux release 7.9.2009 (Core)
| Command           : report_timing_summary -file ./output/fc1_119/report/timing-summary-post-place.rpt
| Design            : top
| Device            : xcvu9p-flga2104
| Speed File        : -2L  PRODUCTION 1.27 02-28-2020
| Temperature Grade : E
--------------------------------------------------------------------------------------------------------

Timing Summary Report

------------------------------------------------------------------------------------------------
| Timer Settings
| --------------
------------------------------------------------------------------------------------------------

  Enable Multi Corner Analysis               :  Yes
  Enable Pessimism Removal                   :  Yes
  Pessimism Removal Resolution               :  Nearest Common Node
  Enable Input Delay Default Clock           :  No
  Enable Preset / Clear Arcs                 :  No
  Disable Flight Delays                      :  No
  Ignore I/O Paths                           :  No
  Timing Early Launch at Borrowing Latches   :  No
  Borrow Time for Max Delay Exceptions       :  Yes
  Merge Timing Exceptions                    :  Yes

  Corner  Analyze    Analyze    
  Name    Max Paths  Min Paths  
  ------  ---------  ---------  
  Slow    Yes        Yes        
  Fast    Yes        Yes        



check_timing report

Table of Contents
-----------------
1. checking no_clock (0)
2. checking constant_clock (0)
3. checking pulse_width_clock (0)
4. checking unconstrained_internal_endpoints (0)
5. checking no_input_delay (10)
6. checking no_output_delay (24)
7. checking multiple_clock (0)
8. checking generated_clocks (0)
9. checking loops (0)
10. checking partial_input_delay (0)
11. checking partial_output_delay (0)
12. checking latch_loops (0)

1. checking no_clock (0)
------------------------
 There are 0 register/latch pins with no clock.


2. checking constant_clock (0)
------------------------------
 There are 0 register/latch pins with constant_clock.


3. checking pulse_width_clock (0)
---------------------------------
 There are 0 register/latch pins which need pulse_width check


4. checking unconstrained_internal_endpoints (0)
------------------------------------------------
 There are 0 pins that are not constrained for maximum delay.

 There are 0 pins that are not constrained for maximum delay due to constant clock.


5. checking no_input_delay (10)
-------------------------------
 There are 10 input ports with no input delay specified. (HIGH)

 There are 0 input ports with no input delay but user has a false path constraint.


6. checking no_output_delay (24)
--------------------------------
 There are 24 ports with no output delay specified. (HIGH)

 There are 0 ports with no output delay but user has a false path constraint

 There are 0 ports with no output delay but with a timing clock defined on it or propagating through it


7. checking multiple_clock (0)
------------------------------
 There are 0 register/latch pins with multiple clocks.


8. checking generated_clocks (0)
--------------------------------
 There are 0 generated clocks that are not connected to a clock source.


9. checking loops (0)
---------------------
 There are 0 combinational loops in the design.


10. checking partial_input_delay (0)
------------------------------------
 There are 0 input ports with partial input delay specified.


11. checking partial_output_delay (0)
-------------------------------------
 There are 0 ports with partial output delay specified.


12. checking latch_loops (0)
----------------------------
 There are 0 combinational latch loops in the design through latch input



------------------------------------------------------------------------------------------------
| Design Timing Summary
| ---------------------
------------------------------------------------------------------------------------------------

    WNS(ns)      TNS(ns)  TNS Failing Endpoints  TNS Total Endpoints      WHS(ns)      THS(ns)  THS Failing Endpoints  THS Total Endpoints     WPWS(ns)     TPWS(ns)  TPWS Failing Endpoints  TPWS Total Endpoints  
    -------      -------  ---------------------  -------------------      -------      -------  ---------------------  -------------------     --------     --------  ----------------------  --------------------  
     -0.993      -13.860                     25                 3057       -0.079       -1.055                     60                 3057        1.725        0.000                       0                  3058  


Timing constraints are not met.


------------------------------------------------------------------------------------------------
| Clock Summary
| -------------
------------------------------------------------------------------------------------------------

Clock          Waveform(ns)         Period(ns)      Frequency(MHz)
-----          ------------         ----------      --------------
virtual_clock  {0.000 2.000}        4.000           250.000         


------------------------------------------------------------------------------------------------
| Intra Clock Table
| -----------------
------------------------------------------------------------------------------------------------

Clock              WNS(ns)      TNS(ns)  TNS Failing Endpoints  TNS Total Endpoints      WHS(ns)      THS(ns)  THS Failing Endpoints  THS Total Endpoints     WPWS(ns)     TPWS(ns)  TPWS Failing Endpoints  TPWS Total Endpoints  
-----              -------      -------  ---------------------  -------------------      -------      -------  ---------------------  -------------------     --------     --------  ----------------------  --------------------  
virtual_clock       -0.993      -13.860                     25                 3057       -0.079       -1.055                     60                 3057        1.725        0.000                       0                  3058  


------------------------------------------------------------------------------------------------
| Inter Clock Table
| -----------------
------------------------------------------------------------------------------------------------

From Clock    To Clock          WNS(ns)      TNS(ns)  TNS Failing Endpoints  TNS Total Endpoints      WHS(ns)      THS(ns)  THS Failing Endpoints  THS Total Endpoints  
----------    --------          -------      -------  ---------------------  -------------------      -------      -------  ---------------------  -------------------  


------------------------------------------------------------------------------------------------
| Other Path Groups Table
| -----------------------
------------------------------------------------------------------------------------------------

Path Group    From Clock    To Clock          WNS(ns)      TNS(ns)  TNS Failing Endpoints  TNS Total Endpoints      WHS(ns)      THS(ns)  THS Failing Endpoints  THS Total Endpoints  
----------    ----------    --------          -------      -------  ---------------------  -------------------      -------      -------  ---------------------  -------------------  


------------------------------------------------------------------------------------------------
| Timing Details
| --------------
------------------------------------------------------------------------------------------------


---------------------------------------------------------------------------------------------------
From Clock:  virtual_clock
  To Clock:  virtual_clock

Setup :           25  Failing Endpoints,  Worst Slack       -0.993ns,  Total Violation      -13.860ns
Hold  :           60  Failing Endpoints,  Worst Slack       -0.079ns,  Total Violation       -1.055ns
PW    :            0  Failing Endpoints,  Worst Slack        1.725ns,  Total Violation        0.000ns
---------------------------------------------------------------------------------------------------


Max Delay Paths
--------------------------------------------------------------------------------------
Slack (VIOLATED) :        -0.993ns  (required time - arrival time)
  Source:                 demux/sel_reg[1]/C
                            (rising edge-triggered cell FDRE clocked by virtual_clock  {rise@0.000ns fall@2.000ns period=4.000ns})
  Destination:            demux/sel_reg[3]/D
                            (rising edge-triggered cell FDRE clocked by virtual_clock  {rise@0.000ns fall@2.000ns period=4.000ns})
  Path Group:             virtual_clock
  Path Type:              Setup (Max at Slow Process Corner)
  Requirement:            4.000ns  (virtual_clock rise@4.000ns - virtual_clock rise@0.000ns)
  Data Path Delay:        4.925ns  (logic 1.974ns (40.081%)  route 2.951ns (59.919%))
  Logic Levels:           19  (CARRY8=9 LUT2=2 LUT3=3 LUT4=4 LUT6=1)
  Clock Path Skew:        -0.057ns (DCD - SCD + CPR)
    Destination Clock Delay (DCD):    1.706ns = ( 5.706 - 4.000 ) 
    Source Clock Delay      (SCD):    2.179ns
    Clock Pessimism Removal (CPR):    0.416ns
  Clock Uncertainty:      0.035ns  ((TSJ^2 + TIJ^2)^1/2 + DJ) / 2 + PE
    Total System Jitter     (TSJ):    0.071ns
    Total Input Jitter      (TIJ):    0.000ns
    Discrete Jitter          (DJ):    0.000ns
    Phase Error              (PE):    0.000ns
  Clock Net Delay (Source):      1.218ns (routing 0.210ns, distribution 1.008ns)
  Clock Net Delay (Destination): 1.036ns (routing 0.190ns, distribution 0.846ns)

    Location             Delay type                Incr(ns)  Path(ns)    Netlist Resource(s)
  -------------------------------------------------------------------    -------------------
                         (clock virtual_clock rise edge)
                                                      0.000     0.000 r  
    AR14                                              0.000     0.000 r  clk (IN)
                         net (fo=0)                   0.000     0.000    clk_IBUF_inst/I
    AR14                 INBUF (Prop_INBUF_HPIOB_M_PAD_O)
                                                      0.610     0.610 r  clk_IBUF_inst/INBUF_INST/O
                         net (fo=1, routed)           0.000     0.610    clk_IBUF_inst/OUT
    AR14                 IBUFCTRL (Prop_IBUFCTRL_HPIOB_M_I_O)
                                                      0.000     0.610 r  clk_IBUF_inst/IBUFCTRL_INST/O
                         net (fo=1, estimated)        0.323     0.933    clk_IBUF
    BUFGCE_X1Y212        BUFGCE (Prop_BUFCE_BUFGCE_I_O)
                                                      0.028     0.961 r  clk_IBUF_BUFG_inst/O
    X4Y8 (CLOCK_ROOT)    net (fo=3057, estimated)     1.218     2.179    demux/CLK
    SLICE_X120Y504       FDRE                                         r  demux/sel_reg[1]/C
  -------------------------------------------------------------------    -------------------
    SLICE_X120Y504       FDRE (Prop_DFF_SLICEL_C_Q)
                                                      0.079     2.258 r  demux/sel_reg[1]/Q
                         net (fo=129, estimated)      0.310     2.568    demux/sel[1]
    SLICE_X120Y501       CARRY8 (Prop_CARRY8_SLICEL_S[0]_O[7])
                                                      0.239     2.807 r  demux/sel_reg[8]_i_6/O[7]
                         net (fo=37, estimated)       0.343     3.150    p_1_in[8]
    SLICE_X117Y498       LUT3 (Prop_E5LUT_SLICEM_I2_O)
                                                      0.102     3.252 r  sel[8]_i_219/O
                         net (fo=2, estimated)        0.205     3.457    sel[8]_i_219_n_0
    SLICE_X117Y498       LUT4 (Prop_F6LUT_SLICEM_I0_O)
                                                      0.098     3.555 r  sel[8]_i_226/O
                         net (fo=1, routed)           0.022     3.577    demux/S[1]
    SLICE_X117Y498       CARRY8 (Prop_CARRY8_SLICEM_S[5]_CO[7])
                                                      0.159     3.736 f  demux/sel_reg[8]_i_191/CO[7]
                         net (fo=1, estimated)        0.026     3.762    demux/sel_reg[8]_i_191_n_0
    SLICE_X117Y499       CARRY8 (Prop_CARRY8_SLICEM_CI_CO[5])
                                                      0.077     3.839 f  demux/sel_reg[8]_i_167/CO[5]
                         net (fo=36, estimated)       0.294     4.133    demux_n_10
    SLICE_X117Y502       LUT3 (Prop_G5LUT_SLICEM_I1_O)
                                                      0.099     4.232 r  sel[8]_i_135/O
                         net (fo=2, estimated)        0.219     4.451    sel[8]_i_135_n_0
    SLICE_X117Y502       LUT4 (Prop_H6LUT_SLICEM_I3_O)
                                                      0.053     4.504 r  sel[8]_i_142/O
                         net (fo=1, routed)           0.015     4.519    demux/sel[8]_i_64_0[6]
    SLICE_X117Y502       CARRY8 (Prop_CARRY8_SLICEM_S[7]_CO[7])
                                                      0.117     4.636 r  demux/sel_reg[8]_i_81/CO[7]
                         net (fo=1, estimated)        0.026     4.662    demux/sel_reg[8]_i_81_n_0
    SLICE_X117Y503       CARRY8 (Prop_CARRY8_SLICEM_CI_O[1])
                                                      0.076     4.738 r  demux/sel_reg[8]_i_77/O[1]
                         net (fo=2, estimated)        0.288     5.026    demux_n_98
    SLICE_X118Y503       LUT3 (Prop_E5LUT_SLICEL_I2_O)
                                                      0.101     5.127 r  sel[8]_i_32/O
                         net (fo=2, estimated)        0.163     5.290    sel[8]_i_32_n_0
    SLICE_X118Y503       LUT4 (Prop_F6LUT_SLICEL_I3_O)
                                                      0.049     5.339 r  sel[8]_i_40/O
                         net (fo=1, routed)           0.011     5.350    demux/sel[8]_i_28_0[5]
    SLICE_X118Y503       CARRY8 (Prop_CARRY8_SLICEL_S[5]_CO[7])
                                                      0.155     5.505 r  demux/sel_reg[8]_i_20/CO[7]
                         net (fo=1, estimated)        0.026     5.531    demux/sel_reg[8]_i_20_n_0
    SLICE_X118Y504       CARRY8 (Prop_CARRY8_SLICEL_CI_O[0])
                                                      0.056     5.587 r  demux/sel_reg[8]_i_22/O[0]
                         net (fo=3, estimated)        0.301     5.888    demux_n_16
    SLICE_X119Y505       LUT2 (Prop_E5LUT_SLICEM_I0_O)
                                                      0.102     5.990 r  sel[8]_i_21/O
                         net (fo=2, estimated)        0.188     6.178    sel[8]_i_21_n_0
    SLICE_X119Y505       LUT4 (Prop_F6LUT_SLICEM_I0_O)
                                                      0.098     6.276 r  sel[8]_i_24/O
                         net (fo=1, routed)           0.022     6.298    demux/sel[8]_i_14_0[4]
    SLICE_X119Y505       CARRY8 (Prop_CARRY8_SLICEM_S[5]_O[6])
                                                      0.131     6.429 r  demux/sel_reg[8]_i_19/O[6]
                         net (fo=1, estimated)        0.182     6.611    demux_n_104
    SLICE_X119Y503       LUT2 (Prop_B6LUT_SLICEM_I1_O)
                                                      0.037     6.648 r  sel[8]_i_7/O
                         net (fo=1, routed)           0.016     6.664    demux/sel_reg[6]_1[1]
    SLICE_X119Y503       CARRY8 (Prop_CARRY8_SLICEM_S[1]_O[1])
                                                      0.056     6.720 r  demux/sel_reg[8]_i_3/O[1]
                         net (fo=9, estimated)        0.246     6.966    demux/sel_reg[8]_i_3_n_14
    SLICE_X120Y505       LUT6 (Prop_A6LUT_SLICEL_I3_O)
                                                      0.090     7.056 r  demux/sel[3]_i_1/O
                         net (fo=1, routed)           0.048     7.104    demux/sel20_in[3]
    SLICE_X120Y505       FDRE                                         r  demux/sel_reg[3]/D
  -------------------------------------------------------------------    -------------------

                         (clock virtual_clock rise edge)
                                                      4.000     4.000 r  
    AR14                                              0.000     4.000 r  clk (IN)
                         net (fo=0)                   0.000     4.000    clk_IBUF_inst/I
    AR14                 INBUF (Prop_INBUF_HPIOB_M_PAD_O)
                                                      0.359     4.359 r  clk_IBUF_inst/INBUF_INST/O
                         net (fo=1, routed)           0.000     4.359    clk_IBUF_inst/OUT
    AR14                 IBUFCTRL (Prop_IBUFCTRL_HPIOB_M_I_O)
                                                      0.000     4.359 r  clk_IBUF_inst/IBUFCTRL_INST/O
                         net (fo=1, estimated)        0.287     4.646    clk_IBUF
    BUFGCE_X1Y212        BUFGCE (Prop_BUFCE_BUFGCE_I_O)
                                                      0.024     4.670 r  clk_IBUF_BUFG_inst/O
    X4Y8 (CLOCK_ROOT)    net (fo=3057, estimated)     1.036     5.706    demux/CLK
    SLICE_X120Y505       FDRE                                         r  demux/sel_reg[3]/C
                         clock pessimism              0.416     6.122    
                         clock uncertainty           -0.035     6.087    
    SLICE_X120Y505       FDRE (Setup_AFF_SLICEL_C_D)
                                                      0.025     6.112    demux/sel_reg[3]
  -------------------------------------------------------------------
                         required time                          6.112    
                         arrival time                          -7.104    
  -------------------------------------------------------------------
                         slack                                 -0.993    





Min Delay Paths
--------------------------------------------------------------------------------------
Slack (VIOLATED) :        -0.079ns  (arrival time - required time)
  Source:                 demux/genblk1[25].z_reg[25][1]/C
                            (rising edge-triggered cell FDRE clocked by virtual_clock  {rise@0.000ns fall@2.000ns period=4.000ns})
  Destination:            genblk1[25].reg_in/reg_out_reg[1]/D
                            (rising edge-triggered cell FDRE clocked by virtual_clock  {rise@0.000ns fall@2.000ns period=4.000ns})
  Path Group:             virtual_clock
  Path Type:              Hold (Min at Slow Process Corner)
  Requirement:            0.000ns  (virtual_clock rise@0.000ns - virtual_clock rise@0.000ns)
  Data Path Delay:        0.159ns  (logic 0.058ns (36.478%)  route 0.101ns (63.522%))
  Logic Levels:           0  
  Clock Path Skew:        0.178ns (DCD - SCD - CPR)
    Destination Clock Delay (DCD):    2.254ns
    Source Clock Delay      (SCD):    1.765ns
    Clock Pessimism Removal (CPR):    0.311ns
  Clock Net Delay (Source):      1.095ns (routing 0.190ns, distribution 0.905ns)
  Clock Net Delay (Destination): 1.293ns (routing 0.210ns, distribution 1.083ns)

    Location             Delay type                Incr(ns)  Path(ns)    Netlist Resource(s)
  -------------------------------------------------------------------    -------------------
                         (clock virtual_clock rise edge)
                                                      0.000     0.000 r  
    AR14                                              0.000     0.000 r  clk (IN)
                         net (fo=0)                   0.000     0.000    clk_IBUF_inst/I
    AR14                 INBUF (Prop_INBUF_HPIOB_M_PAD_O)
                                                      0.359     0.359 r  clk_IBUF_inst/INBUF_INST/O
                         net (fo=1, routed)           0.000     0.359    clk_IBUF_inst/OUT
    AR14                 IBUFCTRL (Prop_IBUFCTRL_HPIOB_M_I_O)
                                                      0.000     0.359 r  clk_IBUF_inst/IBUFCTRL_INST/O
                         net (fo=1, estimated)        0.287     0.646    clk_IBUF
    BUFGCE_X1Y212        BUFGCE (Prop_BUFCE_BUFGCE_I_O)
                                                      0.024     0.670 r  clk_IBUF_BUFG_inst/O
    X4Y8 (CLOCK_ROOT)    net (fo=3057, estimated)     1.095     1.765    demux/CLK
    SLICE_X129Y480       FDRE                                         r  demux/genblk1[25].z_reg[25][1]/C
  -------------------------------------------------------------------    -------------------
    SLICE_X129Y480       FDRE (Prop_EFF_SLICEM_C_Q)
                                                      0.058     1.823 r  demux/genblk1[25].z_reg[25][1]/Q
                         net (fo=1, estimated)        0.101     1.924    genblk1[25].reg_in/D[1]
    SLICE_X129Y479       FDRE                                         r  genblk1[25].reg_in/reg_out_reg[1]/D
  -------------------------------------------------------------------    -------------------

                         (clock virtual_clock rise edge)
                                                      0.000     0.000 r  
    AR14                                              0.000     0.000 r  clk (IN)
                         net (fo=0)                   0.000     0.000    clk_IBUF_inst/I
    AR14                 INBUF (Prop_INBUF_HPIOB_M_PAD_O)
                                                      0.610     0.610 r  clk_IBUF_inst/INBUF_INST/O
                         net (fo=1, routed)           0.000     0.610    clk_IBUF_inst/OUT
    AR14                 IBUFCTRL (Prop_IBUFCTRL_HPIOB_M_I_O)
                                                      0.000     0.610 r  clk_IBUF_inst/IBUFCTRL_INST/O
                         net (fo=1, estimated)        0.323     0.933    clk_IBUF
    BUFGCE_X1Y212        BUFGCE (Prop_BUFCE_BUFGCE_I_O)
                                                      0.028     0.961 r  clk_IBUF_BUFG_inst/O
    X4Y8 (CLOCK_ROOT)    net (fo=3057, estimated)     1.293     2.254    genblk1[25].reg_in/CLK
    SLICE_X129Y479       FDRE                                         r  genblk1[25].reg_in/reg_out_reg[1]/C
                         clock pessimism             -0.311     1.943    
    SLICE_X129Y479       FDRE (Hold_AFF_SLICEM_C_D)
                                                      0.060     2.003    genblk1[25].reg_in/reg_out_reg[1]
  -------------------------------------------------------------------
                         required time                         -2.003    
                         arrival time                           1.924    
  -------------------------------------------------------------------
                         slack                                 -0.079    





Pulse Width Checks
--------------------------------------------------------------------------------------
Clock Name:         virtual_clock
Waveform(ns):       { 0.000 2.000 }
Period(ns):         4.000
Sources:            { clk }

Check Type        Corner  Lib Pin   Reference Pin  Required(ns)  Actual(ns)  Slack(ns)  Location        Pin
Min Period        n/a     BUFGCE/I  n/a            1.290         4.000       2.710      BUFGCE_X1Y212   clk_IBUF_BUFG_inst/I
Low Pulse Width   Slow    FDRE/C    n/a            0.275         2.000       1.725      SLICE_X126Y489  demux/genblk1[29].z_reg[29][1]/C
High Pulse Width  Fast    FDRE/C    n/a            0.275         2.000       1.725      SLICE_X128Y445  demux/genblk1[299].z_reg[299][6]/C



