Copyright 1986-2020 Xilinx, Inc. All Rights Reserved.
-------------------------------------------------------------------------------------------------------
| Tool Version      : Vivado v.2020.1 (lin64) Build 2902540 Wed May 27 19:54:35 MDT 2020
| Date              : Tue Mar 15 00:09:48 2022
| Host              : lepus running 64-bit CentOS Linux release 7.9.2009 (Core)
| Command           : report_timing_summary -file ./output/fc1_44/report/timing-summary-post-place.rpt
| Design            : top
| Device            : xcvu9p-flga2104
| Speed File        : -2L  PRODUCTION 1.27 02-28-2020
| Temperature Grade : E
-------------------------------------------------------------------------------------------------------

Timing Summary Report

------------------------------------------------------------------------------------------------
| Timer Settings
| --------------
------------------------------------------------------------------------------------------------

  Enable Multi Corner Analysis               :  Yes
  Enable Pessimism Removal                   :  Yes
  Pessimism Removal Resolution               :  Nearest Common Node
  Enable Input Delay Default Clock           :  No
  Enable Preset / Clear Arcs                 :  No
  Disable Flight Delays                      :  No
  Ignore I/O Paths                           :  No
  Timing Early Launch at Borrowing Latches   :  No
  Borrow Time for Max Delay Exceptions       :  Yes
  Merge Timing Exceptions                    :  Yes

  Corner  Analyze    Analyze    
  Name    Max Paths  Min Paths  
  ------  ---------  ---------  
  Slow    Yes        Yes        
  Fast    Yes        Yes        



check_timing report

Table of Contents
-----------------
1. checking no_clock (0)
2. checking constant_clock (0)
3. checking pulse_width_clock (0)
4. checking unconstrained_internal_endpoints (0)
5. checking no_input_delay (10)
6. checking no_output_delay (24)
7. checking multiple_clock (0)
8. checking generated_clocks (0)
9. checking loops (0)
10. checking partial_input_delay (0)
11. checking partial_output_delay (0)
12. checking latch_loops (0)

1. checking no_clock (0)
------------------------
 There are 0 register/latch pins with no clock.


2. checking constant_clock (0)
------------------------------
 There are 0 register/latch pins with constant_clock.


3. checking pulse_width_clock (0)
---------------------------------
 There are 0 register/latch pins which need pulse_width check


4. checking unconstrained_internal_endpoints (0)
------------------------------------------------
 There are 0 pins that are not constrained for maximum delay.

 There are 0 pins that are not constrained for maximum delay due to constant clock.


5. checking no_input_delay (10)
-------------------------------
 There are 10 input ports with no input delay specified. (HIGH)

 There are 0 input ports with no input delay but user has a false path constraint.


6. checking no_output_delay (24)
--------------------------------
 There are 24 ports with no output delay specified. (HIGH)

 There are 0 ports with no output delay but user has a false path constraint

 There are 0 ports with no output delay but with a timing clock defined on it or propagating through it


7. checking multiple_clock (0)
------------------------------
 There are 0 register/latch pins with multiple clocks.


8. checking generated_clocks (0)
--------------------------------
 There are 0 generated clocks that are not connected to a clock source.


9. checking loops (0)
---------------------
 There are 0 combinational loops in the design.


10. checking partial_input_delay (0)
------------------------------------
 There are 0 input ports with partial input delay specified.


11. checking partial_output_delay (0)
-------------------------------------
 There are 0 ports with partial output delay specified.


12. checking latch_loops (0)
----------------------------
 There are 0 combinational latch loops in the design through latch input



------------------------------------------------------------------------------------------------
| Design Timing Summary
| ---------------------
------------------------------------------------------------------------------------------------

    WNS(ns)      TNS(ns)  TNS Failing Endpoints  TNS Total Endpoints      WHS(ns)      THS(ns)  THS Failing Endpoints  THS Total Endpoints     WPWS(ns)     TPWS(ns)  TPWS Failing Endpoints  TPWS Total Endpoints  
    -------      -------  ---------------------  -------------------      -------      -------  ---------------------  -------------------     --------     --------  ----------------------  --------------------  
     -1.074      -15.449                     24                 2625       -0.094       -1.064                     55                 2625        1.725        0.000                       0                  2626  


Timing constraints are not met.


------------------------------------------------------------------------------------------------
| Clock Summary
| -------------
------------------------------------------------------------------------------------------------

Clock          Waveform(ns)         Period(ns)      Frequency(MHz)
-----          ------------         ----------      --------------
virtual_clock  {0.000 2.000}        4.000           250.000         


------------------------------------------------------------------------------------------------
| Intra Clock Table
| -----------------
------------------------------------------------------------------------------------------------

Clock              WNS(ns)      TNS(ns)  TNS Failing Endpoints  TNS Total Endpoints      WHS(ns)      THS(ns)  THS Failing Endpoints  THS Total Endpoints     WPWS(ns)     TPWS(ns)  TPWS Failing Endpoints  TPWS Total Endpoints  
-----              -------      -------  ---------------------  -------------------      -------      -------  ---------------------  -------------------     --------     --------  ----------------------  --------------------  
virtual_clock       -1.074      -15.449                     24                 2625       -0.094       -1.064                     55                 2625        1.725        0.000                       0                  2626  


------------------------------------------------------------------------------------------------
| Inter Clock Table
| -----------------
------------------------------------------------------------------------------------------------

From Clock    To Clock          WNS(ns)      TNS(ns)  TNS Failing Endpoints  TNS Total Endpoints      WHS(ns)      THS(ns)  THS Failing Endpoints  THS Total Endpoints  
----------    --------          -------      -------  ---------------------  -------------------      -------      -------  ---------------------  -------------------  


------------------------------------------------------------------------------------------------
| Other Path Groups Table
| -----------------------
------------------------------------------------------------------------------------------------

Path Group    From Clock    To Clock          WNS(ns)      TNS(ns)  TNS Failing Endpoints  TNS Total Endpoints      WHS(ns)      THS(ns)  THS Failing Endpoints  THS Total Endpoints  
----------    ----------    --------          -------      -------  ---------------------  -------------------      -------      -------  ---------------------  -------------------  


------------------------------------------------------------------------------------------------
| Timing Details
| --------------
------------------------------------------------------------------------------------------------


---------------------------------------------------------------------------------------------------
From Clock:  virtual_clock
  To Clock:  virtual_clock

Setup :           24  Failing Endpoints,  Worst Slack       -1.074ns,  Total Violation      -15.449ns
Hold  :           55  Failing Endpoints,  Worst Slack       -0.094ns,  Total Violation       -1.064ns
PW    :            0  Failing Endpoints,  Worst Slack        1.725ns,  Total Violation        0.000ns
---------------------------------------------------------------------------------------------------


Max Delay Paths
--------------------------------------------------------------------------------------
Slack (VIOLATED) :        -1.074ns  (required time - arrival time)
  Source:                 demux/sel_reg[4]/C
                            (rising edge-triggered cell FDSE clocked by virtual_clock  {rise@0.000ns fall@2.000ns period=4.000ns})
  Destination:            demux/sel_reg[1]/D
                            (rising edge-triggered cell FDRE clocked by virtual_clock  {rise@0.000ns fall@2.000ns period=4.000ns})
  Path Group:             virtual_clock
  Path Type:              Setup (Max at Slow Process Corner)
  Requirement:            4.000ns  (virtual_clock rise@4.000ns - virtual_clock rise@0.000ns)
  Data Path Delay:        4.958ns  (logic 1.895ns (38.221%)  route 3.063ns (61.779%))
  Logic Levels:           19  (CARRY8=10 LUT2=2 LUT3=3 LUT4=3 LUT6=1)
  Clock Path Skew:        -0.106ns (DCD - SCD + CPR)
    Destination Clock Delay (DCD):    1.758ns = ( 5.758 - 4.000 ) 
    Source Clock Delay      (SCD):    2.241ns
    Clock Pessimism Removal (CPR):    0.377ns
  Clock Uncertainty:      0.035ns  ((TSJ^2 + TIJ^2)^1/2 + DJ) / 2 + PE
    Total System Jitter     (TSJ):    0.071ns
    Total Input Jitter      (TIJ):    0.000ns
    Discrete Jitter          (DJ):    0.000ns
    Phase Error              (PE):    0.000ns
  Clock Net Delay (Source):      1.280ns (routing 0.210ns, distribution 1.070ns)
  Clock Net Delay (Destination): 1.088ns (routing 0.190ns, distribution 0.898ns)

    Location             Delay type                Incr(ns)  Path(ns)    Netlist Resource(s)
  -------------------------------------------------------------------    -------------------
                         (clock virtual_clock rise edge)
                                                      0.000     0.000 r  
    AR14                                              0.000     0.000 r  clk (IN)
                         net (fo=0)                   0.000     0.000    clk_IBUF_inst/I
    AR14                 INBUF (Prop_INBUF_HPIOB_M_PAD_O)
                                                      0.610     0.610 r  clk_IBUF_inst/INBUF_INST/O
                         net (fo=1, routed)           0.000     0.610    clk_IBUF_inst/OUT
    AR14                 IBUFCTRL (Prop_IBUFCTRL_HPIOB_M_I_O)
                                                      0.000     0.610 r  clk_IBUF_inst/IBUFCTRL_INST/O
                         net (fo=1, estimated)        0.323     0.933    clk_IBUF
    BUFGCE_X1Y212        BUFGCE (Prop_BUFCE_BUFGCE_I_O)
                                                      0.028     0.961 r  clk_IBUF_BUFG_inst/O
    X4Y8 (CLOCK_ROOT)    net (fo=2625, estimated)     1.280     2.241    demux/CLK
    SLICE_X125Y483       FDSE                                         r  demux/sel_reg[4]/C
  -------------------------------------------------------------------    -------------------
    SLICE_X125Y483       FDSE (Prop_CFF_SLICEM_C_Q)
                                                      0.078     2.319 r  demux/sel_reg[4]/Q
                         net (fo=91, estimated)       0.360     2.679    demux/sel[4]
    SLICE_X124Y483       CARRY8 (Prop_CARRY8_SLICEL_S[3]_O[4])
                                                      0.144     2.823 f  demux/sel_reg[8]_i_6/O[4]
                         net (fo=33, estimated)       0.352     3.175    p_1_in[5]
    SLICE_X123Y477       LUT3 (Prop_F5LUT_SLICEM_I0_O)
                                                      0.142     3.317 r  sel[8]_i_233/O
                         net (fo=2, estimated)        0.233     3.550    sel[8]_i_233_n_0
    SLICE_X123Y477       LUT4 (Prop_G6LUT_SLICEM_I0_O)
                                                      0.100     3.650 r  sel[8]_i_240/O
                         net (fo=1, routed)           0.016     3.666    demux/sel[8]_i_196_0[2]
    SLICE_X123Y477       CARRY8 (Prop_CARRY8_SLICEM_S[6]_CO[7])
                                                      0.117     3.783 f  demux/sel_reg[8]_i_200/CO[7]
                         net (fo=1, estimated)        0.026     3.809    demux/sel_reg[8]_i_200_n_0
    SLICE_X123Y478       CARRY8 (Prop_CARRY8_SLICEM_CI_CO[5])
                                                      0.077     3.886 f  demux/sel_reg[8]_i_166/CO[5]
                         net (fo=30, estimated)       0.344     4.230    demux_n_9
    SLICE_X122Y480       LUT3 (Prop_G5LUT_SLICEL_I0_O)
                                                      0.111     4.341 r  sel[8]_i_135/O
                         net (fo=2, estimated)        0.205     4.546    sel[8]_i_135_n_0
    SLICE_X122Y480       LUT4 (Prop_H6LUT_SLICEL_I3_O)
                                                      0.051     4.597 r  sel[8]_i_142/O
                         net (fo=1, routed)           0.010     4.607    demux/sel[8]_i_64_0[6]
    SLICE_X122Y480       CARRY8 (Prop_CARRY8_SLICEL_S[7]_CO[7])
                                                      0.115     4.722 r  demux/sel_reg[8]_i_81/CO[7]
                         net (fo=1, estimated)        0.026     4.748    demux/sel_reg[8]_i_81_n_0
    SLICE_X122Y481       CARRY8 (Prop_CARRY8_SLICEL_CI_O[1])
                                                      0.076     4.824 r  demux/sel_reg[8]_i_77/O[1]
                         net (fo=2, estimated)        0.295     5.119    demux_n_98
    SLICE_X123Y481       LUT3 (Prop_E5LUT_SLICEM_I2_O)
                                                      0.102     5.221 r  sel[8]_i_32/O
                         net (fo=2, estimated)        0.160     5.381    sel[8]_i_32_n_0
    SLICE_X123Y481       LUT4 (Prop_F6LUT_SLICEM_I3_O)
                                                      0.051     5.432 r  sel[8]_i_40/O
                         net (fo=1, routed)           0.022     5.454    demux/sel[8]_i_28_0[5]
    SLICE_X123Y481       CARRY8 (Prop_CARRY8_SLICEM_S[5]_CO[7])
                                                      0.159     5.613 r  demux/sel_reg[8]_i_20/CO[7]
                         net (fo=1, estimated)        0.026     5.639    demux/sel_reg[8]_i_20_n_0
    SLICE_X123Y482       CARRY8 (Prop_CARRY8_SLICEM_CI_O[0])
                                                      0.056     5.695 r  demux/sel_reg[8]_i_22/O[0]
                         net (fo=3, estimated)        0.325     6.020    demux/O[0]
    SLICE_X123Y484       CARRY8 (Prop_CARRY8_SLICEM_S[0]_O[4])
                                                      0.206     6.226 r  demux/sel_reg[8]_i_19/O[4]
                         net (fo=1, estimated)        0.247     6.473    demux_n_106
    SLICE_X122Y483       LUT2 (Prop_H6LUT_SLICEL_I1_O)
                                                      0.036     6.509 r  sel[8]_i_10/O
                         net (fo=1, routed)           0.010     6.519    demux/sel_reg[6]_0[6]
    SLICE_X122Y483       CARRY8 (Prop_CARRY8_SLICEL_S[7]_CO[7])
                                                      0.115     6.634 r  demux/sel_reg[8]_i_4/CO[7]
                         net (fo=1, estimated)        0.026     6.660    demux/sel_reg[8]_i_4_n_0
    SLICE_X122Y484       CARRY8 (Prop_CARRY8_SLICEL_CI_O[0])
                                                      0.056     6.716 f  demux/sel_reg[8]_i_3/O[0]
                         net (fo=6, estimated)        0.200     6.916    demux/sel_reg[8]_i_3_n_15
    SLICE_X124Y483       LUT2 (Prop_D5LUT_SLICEL_I1_O)
                                                      0.066     6.982 r  demux/sel[4]_i_2/O
                         net (fo=4, estimated)        0.121     7.103    demux/sel[4]_i_2_n_0
    SLICE_X123Y483       LUT6 (Prop_B6LUT_SLICEM_I0_O)
                                                      0.037     7.140 r  demux/sel[1]_i_1/O
                         net (fo=1, routed)           0.059     7.199    demux/sel20_in[1]
    SLICE_X123Y483       FDRE                                         r  demux/sel_reg[1]/D
  -------------------------------------------------------------------    -------------------

                         (clock virtual_clock rise edge)
                                                      4.000     4.000 r  
    AR14                                              0.000     4.000 r  clk (IN)
                         net (fo=0)                   0.000     4.000    clk_IBUF_inst/I
    AR14                 INBUF (Prop_INBUF_HPIOB_M_PAD_O)
                                                      0.359     4.359 r  clk_IBUF_inst/INBUF_INST/O
                         net (fo=1, routed)           0.000     4.359    clk_IBUF_inst/OUT
    AR14                 IBUFCTRL (Prop_IBUFCTRL_HPIOB_M_I_O)
                                                      0.000     4.359 r  clk_IBUF_inst/IBUFCTRL_INST/O
                         net (fo=1, estimated)        0.287     4.646    clk_IBUF
    BUFGCE_X1Y212        BUFGCE (Prop_BUFCE_BUFGCE_I_O)
                                                      0.024     4.670 r  clk_IBUF_BUFG_inst/O
    X4Y8 (CLOCK_ROOT)    net (fo=2625, estimated)     1.088     5.758    demux/CLK
    SLICE_X123Y483       FDRE                                         r  demux/sel_reg[1]/C
                         clock pessimism              0.377     6.135    
                         clock uncertainty           -0.035     6.100    
    SLICE_X123Y483       FDRE (Setup_BFF_SLICEM_C_D)
                                                      0.025     6.125    demux/sel_reg[1]
  -------------------------------------------------------------------
                         required time                          6.125    
                         arrival time                          -7.199    
  -------------------------------------------------------------------
                         slack                                 -1.074    





Min Delay Paths
--------------------------------------------------------------------------------------
Slack (VIOLATED) :        -0.094ns  (arrival time - required time)
  Source:                 demux/genblk1[327].z_reg[327][1]/C
                            (rising edge-triggered cell FDRE clocked by virtual_clock  {rise@0.000ns fall@2.000ns period=4.000ns})
  Destination:            genblk1[327].reg_in/reg_out_reg[1]/D
                            (rising edge-triggered cell FDRE clocked by virtual_clock  {rise@0.000ns fall@2.000ns period=4.000ns})
  Path Group:             virtual_clock
  Path Type:              Hold (Min at Slow Process Corner)
  Requirement:            0.000ns  (virtual_clock rise@0.000ns - virtual_clock rise@0.000ns)
  Data Path Delay:        0.146ns  (logic 0.058ns (39.726%)  route 0.088ns (60.274%))
  Logic Levels:           0  
  Clock Path Skew:        0.178ns (DCD - SCD - CPR)
    Destination Clock Delay (DCD):    2.260ns
    Source Clock Delay      (SCD):    1.771ns
    Clock Pessimism Removal (CPR):    0.311ns
  Clock Net Delay (Source):      1.101ns (routing 0.190ns, distribution 0.911ns)
  Clock Net Delay (Destination): 1.299ns (routing 0.210ns, distribution 1.089ns)

    Location             Delay type                Incr(ns)  Path(ns)    Netlist Resource(s)
  -------------------------------------------------------------------    -------------------
                         (clock virtual_clock rise edge)
                                                      0.000     0.000 r  
    AR14                                              0.000     0.000 r  clk (IN)
                         net (fo=0)                   0.000     0.000    clk_IBUF_inst/I
    AR14                 INBUF (Prop_INBUF_HPIOB_M_PAD_O)
                                                      0.359     0.359 r  clk_IBUF_inst/INBUF_INST/O
                         net (fo=1, routed)           0.000     0.359    clk_IBUF_inst/OUT
    AR14                 IBUFCTRL (Prop_IBUFCTRL_HPIOB_M_I_O)
                                                      0.000     0.359 r  clk_IBUF_inst/IBUFCTRL_INST/O
                         net (fo=1, estimated)        0.287     0.646    clk_IBUF
    BUFGCE_X1Y212        BUFGCE (Prop_BUFCE_BUFGCE_I_O)
                                                      0.024     0.670 r  clk_IBUF_BUFG_inst/O
    X4Y8 (CLOCK_ROOT)    net (fo=2625, estimated)     1.101     1.771    demux/CLK
    SLICE_X135Y480       FDRE                                         r  demux/genblk1[327].z_reg[327][1]/C
  -------------------------------------------------------------------    -------------------
    SLICE_X135Y480       FDRE (Prop_EFF_SLICEM_C_Q)
                                                      0.058     1.829 r  demux/genblk1[327].z_reg[327][1]/Q
                         net (fo=1, estimated)        0.088     1.917    genblk1[327].reg_in/D[1]
    SLICE_X135Y478       FDRE                                         r  genblk1[327].reg_in/reg_out_reg[1]/D
  -------------------------------------------------------------------    -------------------

                         (clock virtual_clock rise edge)
                                                      0.000     0.000 r  
    AR14                                              0.000     0.000 r  clk (IN)
                         net (fo=0)                   0.000     0.000    clk_IBUF_inst/I
    AR14                 INBUF (Prop_INBUF_HPIOB_M_PAD_O)
                                                      0.610     0.610 r  clk_IBUF_inst/INBUF_INST/O
                         net (fo=1, routed)           0.000     0.610    clk_IBUF_inst/OUT
    AR14                 IBUFCTRL (Prop_IBUFCTRL_HPIOB_M_I_O)
                                                      0.000     0.610 r  clk_IBUF_inst/IBUFCTRL_INST/O
                         net (fo=1, estimated)        0.323     0.933    clk_IBUF
    BUFGCE_X1Y212        BUFGCE (Prop_BUFCE_BUFGCE_I_O)
                                                      0.028     0.961 r  clk_IBUF_BUFG_inst/O
    X4Y8 (CLOCK_ROOT)    net (fo=2625, estimated)     1.299     2.260    genblk1[327].reg_in/CLK
    SLICE_X135Y478       FDRE                                         r  genblk1[327].reg_in/reg_out_reg[1]/C
                         clock pessimism             -0.311     1.949    
    SLICE_X135Y478       FDRE (Hold_FFF2_SLICEM_C_D)
                                                      0.062     2.011    genblk1[327].reg_in/reg_out_reg[1]
  -------------------------------------------------------------------
                         required time                         -2.011    
                         arrival time                           1.917    
  -------------------------------------------------------------------
                         slack                                 -0.094    





Pulse Width Checks
--------------------------------------------------------------------------------------
Clock Name:         virtual_clock
Waveform(ns):       { 0.000 2.000 }
Period(ns):         4.000
Sources:            { clk }

Check Type        Corner  Lib Pin   Reference Pin  Required(ns)  Actual(ns)  Slack(ns)  Location        Pin
Min Period        n/a     BUFGCE/I  n/a            1.290         4.000       2.710      BUFGCE_X1Y212   clk_IBUF_BUFG_inst/I
Low Pulse Width   Slow    FDRE/C    n/a            0.275         2.000       1.725      SLICE_X129Y496  genblk1[302].reg_in/reg_out_reg[2]/C
High Pulse Width  Fast    FDRE/C    n/a            0.275         2.000       1.725      SLICE_X128Y485  demux/genblk1[334].z_reg[334][0]/C



