Copyright 1986-2020 Xilinx, Inc. All Rights Reserved.
-------------------------------------------------------------------------------------------------------
| Tool Version      : Vivado v.2020.1 (lin64) Build 2902540 Wed May 27 19:54:35 MDT 2020
| Date              : Tue Mar 15 19:20:05 2022
| Host              : lepus running 64-bit CentOS Linux release 7.9.2009 (Core)
| Command           : report_timing_summary -file ./output/fc2_20/report/timing-summary-post-place.rpt
| Design            : top
| Device            : xcvu9p-flga2104
| Speed File        : -2L  PRODUCTION 1.27 02-28-2020
| Temperature Grade : E
-------------------------------------------------------------------------------------------------------

Timing Summary Report

------------------------------------------------------------------------------------------------
| Timer Settings
| --------------
------------------------------------------------------------------------------------------------

  Enable Multi Corner Analysis               :  Yes
  Enable Pessimism Removal                   :  Yes
  Pessimism Removal Resolution               :  Nearest Common Node
  Enable Input Delay Default Clock           :  No
  Enable Preset / Clear Arcs                 :  No
  Disable Flight Delays                      :  No
  Ignore I/O Paths                           :  No
  Timing Early Launch at Borrowing Latches   :  No
  Borrow Time for Max Delay Exceptions       :  Yes
  Merge Timing Exceptions                    :  Yes

  Corner  Analyze    Analyze    
  Name    Max Paths  Min Paths  
  ------  ---------  ---------  
  Slow    Yes        Yes        
  Fast    Yes        Yes        



check_timing report

Table of Contents
-----------------
1. checking no_clock (0)
2. checking constant_clock (0)
3. checking pulse_width_clock (0)
4. checking unconstrained_internal_endpoints (0)
5. checking no_input_delay (10)
6. checking no_output_delay (21)
7. checking multiple_clock (0)
8. checking generated_clocks (0)
9. checking loops (0)
10. checking partial_input_delay (0)
11. checking partial_output_delay (0)
12. checking latch_loops (0)

1. checking no_clock (0)
------------------------
 There are 0 register/latch pins with no clock.


2. checking constant_clock (0)
------------------------------
 There are 0 register/latch pins with constant_clock.


3. checking pulse_width_clock (0)
---------------------------------
 There are 0 register/latch pins which need pulse_width check


4. checking unconstrained_internal_endpoints (0)
------------------------------------------------
 There are 0 pins that are not constrained for maximum delay.

 There are 0 pins that are not constrained for maximum delay due to constant clock.


5. checking no_input_delay (10)
-------------------------------
 There are 10 input ports with no input delay specified. (HIGH)

 There are 0 input ports with no input delay but user has a false path constraint.


6. checking no_output_delay (21)
--------------------------------
 There are 21 ports with no output delay specified. (HIGH)

 There are 0 ports with no output delay but user has a false path constraint

 There are 0 ports with no output delay but with a timing clock defined on it or propagating through it


7. checking multiple_clock (0)
------------------------------
 There are 0 register/latch pins with multiple clocks.


8. checking generated_clocks (0)
--------------------------------
 There are 0 generated clocks that are not connected to a clock source.


9. checking loops (0)
---------------------
 There are 0 combinational loops in the design.


10. checking partial_input_delay (0)
------------------------------------
 There are 0 input ports with partial input delay specified.


11. checking partial_output_delay (0)
-------------------------------------
 There are 0 ports with partial output delay specified.


12. checking latch_loops (0)
----------------------------
 There are 0 combinational latch loops in the design through latch input



------------------------------------------------------------------------------------------------
| Design Timing Summary
| ---------------------
------------------------------------------------------------------------------------------------

    WNS(ns)      TNS(ns)  TNS Failing Endpoints  TNS Total Endpoints      WHS(ns)      THS(ns)  THS Failing Endpoints  THS Total Endpoints     WPWS(ns)     TPWS(ns)  TPWS Failing Endpoints  TPWS Total Endpoints  
    -------      -------  ---------------------  -------------------      -------      -------  ---------------------  -------------------     --------     --------  ----------------------  --------------------  
     -0.701      -18.425                     38                 1169       -0.072       -0.588                     27                 1169        1.725        0.000                       0                  1150  


Timing constraints are not met.


------------------------------------------------------------------------------------------------
| Clock Summary
| -------------
------------------------------------------------------------------------------------------------

Clock          Waveform(ns)         Period(ns)      Frequency(MHz)
-----          ------------         ----------      --------------
virtual_clock  {0.000 2.000}        4.000           250.000         


------------------------------------------------------------------------------------------------
| Intra Clock Table
| -----------------
------------------------------------------------------------------------------------------------

Clock              WNS(ns)      TNS(ns)  TNS Failing Endpoints  TNS Total Endpoints      WHS(ns)      THS(ns)  THS Failing Endpoints  THS Total Endpoints     WPWS(ns)     TPWS(ns)  TPWS Failing Endpoints  TPWS Total Endpoints  
-----              -------      -------  ---------------------  -------------------      -------      -------  ---------------------  -------------------     --------     --------  ----------------------  --------------------  
virtual_clock       -0.701      -18.425                     38                 1169       -0.072       -0.588                     27                 1169        1.725        0.000                       0                  1150  


------------------------------------------------------------------------------------------------
| Inter Clock Table
| -----------------
------------------------------------------------------------------------------------------------

From Clock    To Clock          WNS(ns)      TNS(ns)  TNS Failing Endpoints  TNS Total Endpoints      WHS(ns)      THS(ns)  THS Failing Endpoints  THS Total Endpoints  
----------    --------          -------      -------  ---------------------  -------------------      -------      -------  ---------------------  -------------------  


------------------------------------------------------------------------------------------------
| Other Path Groups Table
| -----------------------
------------------------------------------------------------------------------------------------

Path Group    From Clock    To Clock          WNS(ns)      TNS(ns)  TNS Failing Endpoints  TNS Total Endpoints      WHS(ns)      THS(ns)  THS Failing Endpoints  THS Total Endpoints  
----------    ----------    --------          -------      -------  ---------------------  -------------------      -------      -------  ---------------------  -------------------  


------------------------------------------------------------------------------------------------
| Timing Details
| --------------
------------------------------------------------------------------------------------------------


---------------------------------------------------------------------------------------------------
From Clock:  virtual_clock
  To Clock:  virtual_clock

Setup :           38  Failing Endpoints,  Worst Slack       -0.701ns,  Total Violation      -18.425ns
Hold  :           27  Failing Endpoints,  Worst Slack       -0.072ns,  Total Violation       -0.588ns
PW    :            0  Failing Endpoints,  Worst Slack        1.725ns,  Total Violation        0.000ns
---------------------------------------------------------------------------------------------------


Max Delay Paths
--------------------------------------------------------------------------------------
Slack (VIOLATED) :        -0.701ns  (required time - arrival time)
  Source:                 genblk1[50].reg_in/reg_out_reg[2]/C
                            (rising edge-triggered cell FDRE clocked by virtual_clock  {rise@0.000ns fall@2.000ns period=4.000ns})
  Destination:            reg_out/reg_out_reg[10]/R
                            (rising edge-triggered cell FDRE clocked by virtual_clock  {rise@0.000ns fall@2.000ns period=4.000ns})
  Path Group:             virtual_clock
  Path Type:              Setup (Max at Slow Process Corner)
  Requirement:            4.000ns  (virtual_clock rise@4.000ns - virtual_clock rise@0.000ns)
  Data Path Delay:        4.423ns  (logic 1.920ns (43.409%)  route 2.503ns (56.591%))
  Logic Levels:           20  (CARRY8=11 LUT2=9)
  Clock Path Skew:        -0.169ns (DCD - SCD + CPR)
    Destination Clock Delay (DCD):    2.101ns = ( 6.101 - 4.000 ) 
    Source Clock Delay      (SCD):    2.615ns
    Clock Pessimism Removal (CPR):    0.346ns
  Clock Uncertainty:      0.035ns  ((TSJ^2 + TIJ^2)^1/2 + DJ) / 2 + PE
    Total System Jitter     (TSJ):    0.071ns
    Total Input Jitter      (TIJ):    0.000ns
    Discrete Jitter          (DJ):    0.000ns
    Phase Error              (PE):    0.000ns
  Clock Net Delay (Source):      1.669ns (routing 0.629ns, distribution 1.040ns)
  Clock Net Delay (Destination): 1.445ns (routing 0.574ns, distribution 0.871ns)

    Location             Delay type                Incr(ns)  Path(ns)    Netlist Resource(s)
  -------------------------------------------------------------------    -------------------
                         (clock virtual_clock rise edge)
                                                      0.000     0.000 r  
    AP13                                              0.000     0.000 r  clk (IN)
                         net (fo=0)                   0.000     0.000    clk_IBUF_inst/I
    AP13                 INBUF (Prop_INBUF_HPIOB_M_PAD_O)
                                                      0.595     0.595 r  clk_IBUF_inst/INBUF_INST/O
                         net (fo=1, routed)           0.000     0.595    clk_IBUF_inst/OUT
    AP13                 IBUFCTRL (Prop_IBUFCTRL_HPIOB_M_I_O)
                                                      0.000     0.595 r  clk_IBUF_inst/IBUFCTRL_INST/O
                         net (fo=1, estimated)        0.323     0.918    clk_IBUF
    BUFGCE_X1Y194        BUFGCE (Prop_BUFCE_BUFGCE_I_O)
                                                      0.028     0.946 r  clk_IBUF_BUFG_inst/O
    X3Y8 (CLOCK_ROOT)    net (fo=1149, estimated)     1.669     2.615    genblk1[50].reg_in/clk_IBUF_BUFG
    SLICE_X107Y485       FDRE                                         r  genblk1[50].reg_in/reg_out_reg[2]/C
  -------------------------------------------------------------------    -------------------
    SLICE_X107Y485       FDRE (Prop_BFF_SLICEM_C_Q)
                                                      0.078     2.693 r  genblk1[50].reg_in/reg_out_reg[2]/Q
                         net (fo=6, estimated)        0.114     2.807    genblk1[50].reg_in/x_reg[50][2]
    SLICE_X107Y484       LUT2 (Prop_A6LUT_SLICEM_I0_O)
                                                      0.090     2.897 r  genblk1[50].reg_in/z__0_carry_i_13__2/O
                         net (fo=1, routed)           0.013     2.910    conv/mul26/reg_out[1]_i_713[0]
    SLICE_X107Y484       CARRY8 (Prop_CARRY8_SLICEM_S[0]_O[0])
                                                      0.065     2.975 r  conv/mul26/z__0_carry/O[0]
                         net (fo=2, estimated)        0.228     3.203    conv/add000068/reg_out[21]_i_245_0[0]
    SLICE_X106Y483       LUT2 (Prop_D6LUT_SLICEL_I0_O)
                                                      0.036     3.239 r  conv/add000068/reg_out[1]_i_713/O
                         net (fo=1, routed)           0.009     3.248    conv/add000068/reg_out[1]_i_713_n_0
    SLICE_X106Y483       CARRY8 (Prop_CARRY8_SLICEL_S[3]_O[5])
                                                      0.180     3.428 r  conv/add000068/reg_out_reg[1]_i_667/O[5]
                         net (fo=1, estimated)        0.241     3.669    conv/add000068/reg_out_reg[1]_i_667_n_10
    SLICE_X108Y482       LUT2 (Prop_F6LUT_SLICEM_I1_O)
                                                      0.037     3.706 r  conv/add000068/reg_out[1]_i_561/O
                         net (fo=1, routed)           0.022     3.728    conv/add000068/reg_out[1]_i_561_n_0
    SLICE_X108Y482       CARRY8 (Prop_CARRY8_SLICEM_S[5]_O[7])
                                                      0.138     3.866 r  conv/add000068/reg_out_reg[1]_i_396/O[7]
                         net (fo=2, estimated)        0.247     4.113    conv/add000068/reg_out_reg[1]_i_396_n_8
    SLICE_X107Y479       LUT2 (Prop_H6LUT_SLICEM_I0_O)
                                                      0.053     4.166 r  conv/add000068/reg_out[1]_i_397/O
                         net (fo=1, routed)           0.015     4.181    conv/add000068/reg_out[1]_i_397_n_0
    SLICE_X107Y479       CARRY8 (Prop_CARRY8_SLICEM_S[7]_CO[7])
                                                      0.117     4.298 r  conv/add000068/reg_out_reg[1]_i_221/CO[7]
                         net (fo=1, estimated)        0.026     4.324    conv/add000068/reg_out_reg[1]_i_221_n_0
    SLICE_X107Y480       CARRY8 (Prop_CARRY8_SLICEM_CI_O[0])
                                                      0.056     4.380 r  conv/add000068/reg_out_reg[21]_i_74/O[0]
                         net (fo=1, estimated)        0.487     4.867    conv/add000068/reg_out_reg[21]_i_74_n_15
    SLICE_X103Y472       LUT2 (Prop_B6LUT_SLICEL_I1_O)
                                                      0.036     4.903 r  conv/add000068/reg_out[16]_i_64/O
                         net (fo=1, routed)           0.009     4.912    conv/add000068/reg_out[16]_i_64_n_0
    SLICE_X103Y472       CARRY8 (Prop_CARRY8_SLICEL_S[1]_O[5])
                                                      0.233     5.145 r  conv/add000068/reg_out_reg[16]_i_39/O[5]
                         net (fo=1, estimated)        0.185     5.330    conv/add000068/reg_out_reg[16]_i_39_n_10
    SLICE_X103Y469       LUT2 (Prop_F6LUT_SLICEL_I1_O)
                                                      0.035     5.365 r  conv/add000068/reg_out[16]_i_23/O
                         net (fo=1, routed)           0.011     5.376    conv/add000068/reg_out[16]_i_23_n_0
    SLICE_X103Y469       CARRY8 (Prop_CARRY8_SLICEL_S[5]_CO[7])
                                                      0.155     5.531 r  conv/add000068/reg_out_reg[16]_i_11/CO[7]
                         net (fo=1, estimated)        0.026     5.557    conv/add000068/reg_out_reg[16]_i_11_n_0
    SLICE_X103Y470       CARRY8 (Prop_CARRY8_SLICEL_CI_O[0])
                                                      0.056     5.613 r  conv/add000068/reg_out_reg[21]_i_10/O[0]
                         net (fo=2, estimated)        0.179     5.792    conv/add000068/reg_out_reg[21]_i_10_n_15
    SLICE_X104Y471       LUT2 (Prop_H6LUT_SLICEM_I0_O)
                                                      0.053     5.845 r  conv/add000068/reg_out[16]_i_12/O
                         net (fo=1, routed)           0.015     5.860    conv/add000068/reg_out[16]_i_12_n_0
    SLICE_X104Y471       CARRY8 (Prop_CARRY8_SLICEM_S[7]_CO[7])
                                                      0.117     5.977 r  conv/add000068/reg_out_reg[16]_i_2/CO[7]
                         net (fo=1, estimated)        0.026     6.003    conv/add000068/reg_out_reg[16]_i_2_n_0
    SLICE_X104Y472       CARRY8 (Prop_CARRY8_SLICEM_CI_O[1])
                                                      0.076     6.079 r  conv/add000068/reg_out_reg[21]_i_3/O[1]
                         net (fo=1, estimated)        0.184     6.263    conv/add000068/reg_out_reg[21]_i_3_n_14
    SLICE_X104Y475       LUT2 (Prop_B6LUT_SLICEM_I1_O)
                                                      0.037     6.300 r  conv/add000068/reg_out[21]_i_8/O
                         net (fo=1, routed)           0.016     6.316    conv/add000068/reg_out[21]_i_8_n_0
    SLICE_X104Y475       CARRY8 (Prop_CARRY8_SLICEM_S[1]_O[5])
                                                      0.237     6.553 r  conv/add000068/reg_out_reg[21]_i_2/O[5]
                         net (fo=2, estimated)        0.187     6.740    reg_out/a[20]
    SLICE_X101Y475       LUT2 (Prop_C6LUT_SLICEL_I0_O)
                                                      0.035     6.775 r  reg_out/reg_out[21]_i_1/O
                         net (fo=20, estimated)       0.263     7.038    reg_out/reg_out[21]_i_1_n_0
    SLICE_X103Y475       FDRE                                         r  reg_out/reg_out_reg[10]/R
  -------------------------------------------------------------------    -------------------

                         (clock virtual_clock rise edge)
                                                      4.000     4.000 r  
    AP13                                              0.000     4.000 r  clk (IN)
                         net (fo=0)                   0.000     4.000    clk_IBUF_inst/I
    AP13                 INBUF (Prop_INBUF_HPIOB_M_PAD_O)
                                                      0.345     4.345 r  clk_IBUF_inst/INBUF_INST/O
                         net (fo=1, routed)           0.000     4.345    clk_IBUF_inst/OUT
    AP13                 IBUFCTRL (Prop_IBUFCTRL_HPIOB_M_I_O)
                                                      0.000     4.345 r  clk_IBUF_inst/IBUFCTRL_INST/O
                         net (fo=1, estimated)        0.287     4.632    clk_IBUF
    BUFGCE_X1Y194        BUFGCE (Prop_BUFCE_BUFGCE_I_O)
                                                      0.024     4.656 r  clk_IBUF_BUFG_inst/O
    X3Y8 (CLOCK_ROOT)    net (fo=1149, estimated)     1.445     6.101    reg_out/clk_IBUF_BUFG
    SLICE_X103Y475       FDRE                                         r  reg_out/reg_out_reg[10]/C
                         clock pessimism              0.346     6.446    
                         clock uncertainty           -0.035     6.411    
    SLICE_X103Y475       FDRE (Setup_CFF2_SLICEL_C_R)
                                                     -0.074     6.337    reg_out/reg_out_reg[10]
  -------------------------------------------------------------------
                         required time                          6.337    
                         arrival time                          -7.038    
  -------------------------------------------------------------------
                         slack                                 -0.701    





Min Delay Paths
--------------------------------------------------------------------------------------
Slack (VIOLATED) :        -0.072ns  (arrival time - required time)
  Source:                 demux/genblk1[56].z_reg[56][7]/C
                            (rising edge-triggered cell FDRE clocked by virtual_clock  {rise@0.000ns fall@2.000ns period=4.000ns})
  Destination:            genblk1[56].reg_in/reg_out_reg[7]/D
                            (rising edge-triggered cell FDRE clocked by virtual_clock  {rise@0.000ns fall@2.000ns period=4.000ns})
  Path Group:             virtual_clock
  Path Type:              Hold (Min at Slow Process Corner)
  Requirement:            0.000ns  (virtual_clock rise@0.000ns - virtual_clock rise@0.000ns)
  Data Path Delay:        0.139ns  (logic 0.060ns (43.165%)  route 0.079ns (56.835%))
  Logic Levels:           0  
  Clock Path Skew:        0.149ns (DCD - SCD - CPR)
    Destination Clock Delay (DCD):    2.619ns
    Source Clock Delay      (SCD):    2.125ns
    Clock Pessimism Removal (CPR):    0.346ns
  Clock Net Delay (Source):      1.469ns (routing 0.574ns, distribution 0.895ns)
  Clock Net Delay (Destination): 1.673ns (routing 0.629ns, distribution 1.044ns)

    Location             Delay type                Incr(ns)  Path(ns)    Netlist Resource(s)
  -------------------------------------------------------------------    -------------------
                         (clock virtual_clock rise edge)
                                                      0.000     0.000 r  
    AP13                                              0.000     0.000 r  clk (IN)
                         net (fo=0)                   0.000     0.000    clk_IBUF_inst/I
    AP13                 INBUF (Prop_INBUF_HPIOB_M_PAD_O)
                                                      0.345     0.345 r  clk_IBUF_inst/INBUF_INST/O
                         net (fo=1, routed)           0.000     0.345    clk_IBUF_inst/OUT
    AP13                 IBUFCTRL (Prop_IBUFCTRL_HPIOB_M_I_O)
                                                      0.000     0.345 r  clk_IBUF_inst/IBUFCTRL_INST/O
                         net (fo=1, estimated)        0.287     0.632    clk_IBUF
    BUFGCE_X1Y194        BUFGCE (Prop_BUFCE_BUFGCE_I_O)
                                                      0.024     0.656 r  clk_IBUF_BUFG_inst/O
    X3Y8 (CLOCK_ROOT)    net (fo=1149, estimated)     1.469     2.125    demux/clk_IBUF_BUFG
    SLICE_X108Y479       FDRE                                         r  demux/genblk1[56].z_reg[56][7]/C
  -------------------------------------------------------------------    -------------------
    SLICE_X108Y479       FDRE (Prop_AFF2_SLICEM_C_Q)
                                                      0.060     2.185 r  demux/genblk1[56].z_reg[56][7]/Q
                         net (fo=1, estimated)        0.079     2.264    genblk1[56].reg_in/D[7]
    SLICE_X108Y480       FDRE                                         r  genblk1[56].reg_in/reg_out_reg[7]/D
  -------------------------------------------------------------------    -------------------

                         (clock virtual_clock rise edge)
                                                      0.000     0.000 r  
    AP13                                              0.000     0.000 r  clk (IN)
                         net (fo=0)                   0.000     0.000    clk_IBUF_inst/I
    AP13                 INBUF (Prop_INBUF_HPIOB_M_PAD_O)
                                                      0.595     0.595 r  clk_IBUF_inst/INBUF_INST/O
                         net (fo=1, routed)           0.000     0.595    clk_IBUF_inst/OUT
    AP13                 IBUFCTRL (Prop_IBUFCTRL_HPIOB_M_I_O)
                                                      0.000     0.595 r  clk_IBUF_inst/IBUFCTRL_INST/O
                         net (fo=1, estimated)        0.323     0.918    clk_IBUF
    BUFGCE_X1Y194        BUFGCE (Prop_BUFCE_BUFGCE_I_O)
                                                      0.028     0.946 r  clk_IBUF_BUFG_inst/O
    X3Y8 (CLOCK_ROOT)    net (fo=1149, estimated)     1.673     2.619    genblk1[56].reg_in/clk_IBUF_BUFG
    SLICE_X108Y480       FDRE                                         r  genblk1[56].reg_in/reg_out_reg[7]/C
                         clock pessimism             -0.346     2.273    
    SLICE_X108Y480       FDRE (Hold_GFF2_SLICEM_C_D)
                                                      0.062     2.335    genblk1[56].reg_in/reg_out_reg[7]
  -------------------------------------------------------------------
                         required time                         -2.335    
                         arrival time                           2.264    
  -------------------------------------------------------------------
                         slack                                 -0.072    





Pulse Width Checks
--------------------------------------------------------------------------------------
Clock Name:         virtual_clock
Waveform(ns):       { 0.000 2.000 }
Period(ns):         4.000
Sources:            { clk }

Check Type        Corner  Lib Pin   Reference Pin  Required(ns)  Actual(ns)  Slack(ns)  Location        Pin
Min Period        n/a     BUFGCE/I  n/a            1.290         4.000       2.710      BUFGCE_X1Y194   clk_IBUF_BUFG_inst/I
Low Pulse Width   Slow    FDRE/C    n/a            0.275         2.000       1.725      SLICE_X106Y466  genblk1[63].reg_in/reg_out_reg[6]/C
High Pulse Width  Fast    FDRE/C    n/a            0.275         2.000       1.725      SLICE_X107Y475  demux/genblk1[57].z_reg[57][4]/C



