Copyright 1986-2020 Xilinx, Inc. All Rights Reserved.
--------------------------------------------------------------------------------------------------------
| Tool Version      : Vivado v.2020.1 (lin64) Build 2902540 Wed May 27 19:54:35 MDT 2020
| Date              : Tue Mar 15 11:35:47 2022
| Host              : lepus running 64-bit CentOS Linux release 7.9.2009 (Core)
| Command           : report_timing_summary -file ./output/fc1_105/report/timing-summary-post-place.rpt
| Design            : top
| Device            : xcvu9p-flga2104
| Speed File        : -2L  PRODUCTION 1.27 02-28-2020
| Temperature Grade : E
--------------------------------------------------------------------------------------------------------

Timing Summary Report

------------------------------------------------------------------------------------------------
| Timer Settings
| --------------
------------------------------------------------------------------------------------------------

  Enable Multi Corner Analysis               :  Yes
  Enable Pessimism Removal                   :  Yes
  Pessimism Removal Resolution               :  Nearest Common Node
  Enable Input Delay Default Clock           :  No
  Enable Preset / Clear Arcs                 :  No
  Disable Flight Delays                      :  No
  Ignore I/O Paths                           :  No
  Timing Early Launch at Borrowing Latches   :  No
  Borrow Time for Max Delay Exceptions       :  Yes
  Merge Timing Exceptions                    :  Yes

  Corner  Analyze    Analyze    
  Name    Max Paths  Min Paths  
  ------  ---------  ---------  
  Slow    Yes        Yes        
  Fast    Yes        Yes        



check_timing report

Table of Contents
-----------------
1. checking no_clock (0)
2. checking constant_clock (0)
3. checking pulse_width_clock (0)
4. checking unconstrained_internal_endpoints (0)
5. checking no_input_delay (10)
6. checking no_output_delay (24)
7. checking multiple_clock (0)
8. checking generated_clocks (0)
9. checking loops (0)
10. checking partial_input_delay (0)
11. checking partial_output_delay (0)
12. checking latch_loops (0)

1. checking no_clock (0)
------------------------
 There are 0 register/latch pins with no clock.


2. checking constant_clock (0)
------------------------------
 There are 0 register/latch pins with constant_clock.


3. checking pulse_width_clock (0)
---------------------------------
 There are 0 register/latch pins which need pulse_width check


4. checking unconstrained_internal_endpoints (0)
------------------------------------------------
 There are 0 pins that are not constrained for maximum delay.

 There are 0 pins that are not constrained for maximum delay due to constant clock.


5. checking no_input_delay (10)
-------------------------------
 There are 10 input ports with no input delay specified. (HIGH)

 There are 0 input ports with no input delay but user has a false path constraint.


6. checking no_output_delay (24)
--------------------------------
 There are 24 ports with no output delay specified. (HIGH)

 There are 0 ports with no output delay but user has a false path constraint

 There are 0 ports with no output delay but with a timing clock defined on it or propagating through it


7. checking multiple_clock (0)
------------------------------
 There are 0 register/latch pins with multiple clocks.


8. checking generated_clocks (0)
--------------------------------
 There are 0 generated clocks that are not connected to a clock source.


9. checking loops (0)
---------------------
 There are 0 combinational loops in the design.


10. checking partial_input_delay (0)
------------------------------------
 There are 0 input ports with partial input delay specified.


11. checking partial_output_delay (0)
-------------------------------------
 There are 0 ports with partial output delay specified.


12. checking latch_loops (0)
----------------------------
 There are 0 combinational latch loops in the design through latch input



------------------------------------------------------------------------------------------------
| Design Timing Summary
| ---------------------
------------------------------------------------------------------------------------------------

    WNS(ns)      TNS(ns)  TNS Failing Endpoints  TNS Total Endpoints      WHS(ns)      THS(ns)  THS Failing Endpoints  THS Total Endpoints     WPWS(ns)     TPWS(ns)  TPWS Failing Endpoints  TPWS Total Endpoints  
    -------      -------  ---------------------  -------------------      -------      -------  ---------------------  -------------------     --------     --------  ----------------------  --------------------  
     -0.989      -12.644                     24                 2705       -0.098       -1.091                     53                 2705        1.725        0.000                       0                  2706  


Timing constraints are not met.


------------------------------------------------------------------------------------------------
| Clock Summary
| -------------
------------------------------------------------------------------------------------------------

Clock          Waveform(ns)         Period(ns)      Frequency(MHz)
-----          ------------         ----------      --------------
virtual_clock  {0.000 2.000}        4.000           250.000         


------------------------------------------------------------------------------------------------
| Intra Clock Table
| -----------------
------------------------------------------------------------------------------------------------

Clock              WNS(ns)      TNS(ns)  TNS Failing Endpoints  TNS Total Endpoints      WHS(ns)      THS(ns)  THS Failing Endpoints  THS Total Endpoints     WPWS(ns)     TPWS(ns)  TPWS Failing Endpoints  TPWS Total Endpoints  
-----              -------      -------  ---------------------  -------------------      -------      -------  ---------------------  -------------------     --------     --------  ----------------------  --------------------  
virtual_clock       -0.989      -12.644                     24                 2705       -0.098       -1.091                     53                 2705        1.725        0.000                       0                  2706  


------------------------------------------------------------------------------------------------
| Inter Clock Table
| -----------------
------------------------------------------------------------------------------------------------

From Clock    To Clock          WNS(ns)      TNS(ns)  TNS Failing Endpoints  TNS Total Endpoints      WHS(ns)      THS(ns)  THS Failing Endpoints  THS Total Endpoints  
----------    --------          -------      -------  ---------------------  -------------------      -------      -------  ---------------------  -------------------  


------------------------------------------------------------------------------------------------
| Other Path Groups Table
| -----------------------
------------------------------------------------------------------------------------------------

Path Group    From Clock    To Clock          WNS(ns)      TNS(ns)  TNS Failing Endpoints  TNS Total Endpoints      WHS(ns)      THS(ns)  THS Failing Endpoints  THS Total Endpoints  
----------    ----------    --------          -------      -------  ---------------------  -------------------      -------      -------  ---------------------  -------------------  


------------------------------------------------------------------------------------------------
| Timing Details
| --------------
------------------------------------------------------------------------------------------------


---------------------------------------------------------------------------------------------------
From Clock:  virtual_clock
  To Clock:  virtual_clock

Setup :           24  Failing Endpoints,  Worst Slack       -0.989ns,  Total Violation      -12.644ns
Hold  :           53  Failing Endpoints,  Worst Slack       -0.098ns,  Total Violation       -1.091ns
PW    :            0  Failing Endpoints,  Worst Slack        1.725ns,  Total Violation        0.000ns
---------------------------------------------------------------------------------------------------


Max Delay Paths
--------------------------------------------------------------------------------------
Slack (VIOLATED) :        -0.989ns  (required time - arrival time)
  Source:                 demux/sel_reg[2]/C
                            (rising edge-triggered cell FDRE clocked by virtual_clock  {rise@0.000ns fall@2.000ns period=4.000ns})
  Destination:            demux/sel_reg[3]/D
                            (rising edge-triggered cell FDRE clocked by virtual_clock  {rise@0.000ns fall@2.000ns period=4.000ns})
  Path Group:             virtual_clock
  Path Type:              Setup (Max at Slow Process Corner)
  Requirement:            4.000ns  (virtual_clock rise@4.000ns - virtual_clock rise@0.000ns)
  Data Path Delay:        4.867ns  (logic 1.991ns (40.908%)  route 2.876ns (59.092%))
  Logic Levels:           18  (CARRY8=9 LUT2=1 LUT3=3 LUT4=3 LUT6=2)
  Clock Path Skew:        -0.112ns (DCD - SCD + CPR)
    Destination Clock Delay (DCD):    1.758ns = ( 5.758 - 4.000 ) 
    Source Clock Delay      (SCD):    2.248ns
    Clock Pessimism Removal (CPR):    0.378ns
  Clock Uncertainty:      0.035ns  ((TSJ^2 + TIJ^2)^1/2 + DJ) / 2 + PE
    Total System Jitter     (TSJ):    0.071ns
    Total Input Jitter      (TIJ):    0.000ns
    Discrete Jitter          (DJ):    0.000ns
    Phase Error              (PE):    0.000ns
  Clock Net Delay (Source):      1.287ns (routing 0.210ns, distribution 1.077ns)
  Clock Net Delay (Destination): 1.088ns (routing 0.190ns, distribution 0.898ns)

    Location             Delay type                Incr(ns)  Path(ns)    Netlist Resource(s)
  -------------------------------------------------------------------    -------------------
                         (clock virtual_clock rise edge)
                                                      0.000     0.000 r  
    AR14                                              0.000     0.000 r  clk (IN)
                         net (fo=0)                   0.000     0.000    clk_IBUF_inst/I
    AR14                 INBUF (Prop_INBUF_HPIOB_M_PAD_O)
                                                      0.610     0.610 r  clk_IBUF_inst/INBUF_INST/O
                         net (fo=1, routed)           0.000     0.610    clk_IBUF_inst/OUT
    AR14                 IBUFCTRL (Prop_IBUFCTRL_HPIOB_M_I_O)
                                                      0.000     0.610 r  clk_IBUF_inst/IBUFCTRL_INST/O
                         net (fo=1, estimated)        0.323     0.933    clk_IBUF
    BUFGCE_X1Y212        BUFGCE (Prop_BUFCE_BUFGCE_I_O)
                                                      0.028     0.961 r  clk_IBUF_BUFG_inst/O
    X4Y8 (CLOCK_ROOT)    net (fo=2705, estimated)     1.287     2.248    demux/CLK
    SLICE_X137Y456       FDRE                                         r  demux/sel_reg[2]/C
  -------------------------------------------------------------------    -------------------
    SLICE_X137Y456       FDRE (Prop_DFF_SLICEM_C_Q)
                                                      0.078     2.326 r  demux/sel_reg[2]/Q
                         net (fo=74, estimated)       0.255     2.581    demux/sel[2]
    SLICE_X136Y456       CARRY8 (Prop_CARRY8_SLICEL_S[1]_O[7])
                                                      0.234     2.815 r  demux/sel_reg[8]_i_6/O[7]
                         net (fo=37, estimated)       0.335     3.150    p_1_in[8]
    SLICE_X135Y452       LUT3 (Prop_E5LUT_SLICEM_I2_O)
                                                      0.102     3.252 r  sel[8]_i_219/O
                         net (fo=2, estimated)        0.188     3.440    sel[8]_i_219_n_0
    SLICE_X135Y452       LUT4 (Prop_F6LUT_SLICEM_I0_O)
                                                      0.098     3.538 r  sel[8]_i_226/O
                         net (fo=1, routed)           0.022     3.560    demux/S[1]
    SLICE_X135Y452       CARRY8 (Prop_CARRY8_SLICEM_S[5]_CO[7])
                                                      0.159     3.719 f  demux/sel_reg[8]_i_191/CO[7]
                         net (fo=1, estimated)        0.026     3.745    demux/sel_reg[8]_i_191_n_0
    SLICE_X135Y453       CARRY8 (Prop_CARRY8_SLICEM_CI_CO[5])
                                                      0.077     3.822 f  demux/sel_reg[8]_i_167/CO[5]
                         net (fo=36, estimated)       0.293     4.115    demux_n_10
    SLICE_X136Y451       LUT3 (Prop_G5LUT_SLICEL_I1_O)
                                                      0.099     4.214 r  sel[8]_i_135/O
                         net (fo=2, estimated)        0.205     4.419    sel[8]_i_135_n_0
    SLICE_X136Y451       LUT4 (Prop_H6LUT_SLICEL_I3_O)
                                                      0.051     4.470 r  sel[8]_i_142/O
                         net (fo=1, routed)           0.010     4.480    demux/sel[8]_i_64_0[6]
    SLICE_X136Y451       CARRY8 (Prop_CARRY8_SLICEL_S[7]_CO[7])
                                                      0.115     4.595 r  demux/sel_reg[8]_i_81/CO[7]
                         net (fo=1, estimated)        0.026     4.621    demux/sel_reg[8]_i_81_n_0
    SLICE_X136Y452       CARRY8 (Prop_CARRY8_SLICEL_CI_O[1])
                                                      0.076     4.697 r  demux/sel_reg[8]_i_77/O[1]
                         net (fo=2, estimated)        0.295     4.992    demux_n_98
    SLICE_X137Y452       LUT3 (Prop_E5LUT_SLICEM_I2_O)
                                                      0.102     5.094 r  sel[8]_i_32/O
                         net (fo=2, estimated)        0.160     5.254    sel[8]_i_32_n_0
    SLICE_X137Y452       LUT4 (Prop_F6LUT_SLICEM_I3_O)
                                                      0.051     5.305 r  sel[8]_i_40/O
                         net (fo=1, routed)           0.022     5.327    demux/sel[8]_i_28_0[5]
    SLICE_X137Y452       CARRY8 (Prop_CARRY8_SLICEM_S[5]_CO[7])
                                                      0.159     5.486 r  demux/sel_reg[8]_i_20/CO[7]
                         net (fo=1, estimated)        0.026     5.512    demux/sel_reg[8]_i_20_n_0
    SLICE_X137Y453       CARRY8 (Prop_CARRY8_SLICEM_CI_O[0])
                                                      0.056     5.568 r  demux/sel_reg[8]_i_22/O[0]
                         net (fo=3, estimated)        0.319     5.887    demux/O[0]
    SLICE_X137Y454       CARRY8 (Prop_CARRY8_SLICEM_S[0]_O[0])
                                                      0.065     5.952 r  demux/sel_reg[8]_i_19/O[0]
                         net (fo=1, estimated)        0.182     6.134    demux_n_110
    SLICE_X137Y457       LUT2 (Prop_D6LUT_SLICEM_I1_O)
                                                      0.037     6.171 r  sel[8]_i_14/O
                         net (fo=1, routed)           0.025     6.196    demux/sel_reg[6]_0[2]
    SLICE_X137Y457       CARRY8 (Prop_CARRY8_SLICEM_S[3]_O[5])
                                                      0.184     6.380 f  demux/sel_reg[8]_i_4/O[5]
                         net (fo=6, estimated)        0.181     6.561    demux/sel_reg[8]_i_4_n_10
    SLICE_X137Y456       LUT6 (Prop_H6LUT_SLICEM_I0_O)
                                                      0.152     6.713 r  demux/sel[3]_i_2/O
                         net (fo=4, estimated)        0.150     6.863    demux/sel[3]_i_2_n_0
    SLICE_X136Y458       LUT6 (Prop_C6LUT_SLICEL_I1_O)
                                                      0.096     6.959 r  demux/sel[3]_i_1/O
                         net (fo=1, estimated)        0.156     7.115    demux/sel20_in[3]
    SLICE_X136Y456       FDRE                                         r  demux/sel_reg[3]/D
  -------------------------------------------------------------------    -------------------

                         (clock virtual_clock rise edge)
                                                      4.000     4.000 r  
    AR14                                              0.000     4.000 r  clk (IN)
                         net (fo=0)                   0.000     4.000    clk_IBUF_inst/I
    AR14                 INBUF (Prop_INBUF_HPIOB_M_PAD_O)
                                                      0.359     4.359 r  clk_IBUF_inst/INBUF_INST/O
                         net (fo=1, routed)           0.000     4.359    clk_IBUF_inst/OUT
    AR14                 IBUFCTRL (Prop_IBUFCTRL_HPIOB_M_I_O)
                                                      0.000     4.359 r  clk_IBUF_inst/IBUFCTRL_INST/O
                         net (fo=1, estimated)        0.287     4.646    clk_IBUF
    BUFGCE_X1Y212        BUFGCE (Prop_BUFCE_BUFGCE_I_O)
                                                      0.024     4.670 r  clk_IBUF_BUFG_inst/O
    X4Y8 (CLOCK_ROOT)    net (fo=2705, estimated)     1.088     5.758    demux/CLK
    SLICE_X136Y456       FDRE                                         r  demux/sel_reg[3]/C
                         clock pessimism              0.378     6.137    
                         clock uncertainty           -0.035     6.101    
    SLICE_X136Y456       FDRE (Setup_CFF2_SLICEL_C_D)
                                                      0.025     6.126    demux/sel_reg[3]
  -------------------------------------------------------------------
                         required time                          6.126    
                         arrival time                          -7.115    
  -------------------------------------------------------------------
                         slack                                 -0.989    





Min Delay Paths
--------------------------------------------------------------------------------------
Slack (VIOLATED) :        -0.098ns  (arrival time - required time)
  Source:                 demux/genblk1[247].z_reg[247][2]/C
                            (rising edge-triggered cell FDRE clocked by virtual_clock  {rise@0.000ns fall@2.000ns period=4.000ns})
  Destination:            genblk1[247].reg_in/reg_out_reg[2]/D
                            (rising edge-triggered cell FDRE clocked by virtual_clock  {rise@0.000ns fall@2.000ns period=4.000ns})
  Path Group:             virtual_clock
  Path Type:              Hold (Min at Slow Process Corner)
  Requirement:            0.000ns  (virtual_clock rise@0.000ns - virtual_clock rise@0.000ns)
  Data Path Delay:        0.135ns  (logic 0.060ns (44.444%)  route 0.075ns (55.556%))
  Logic Levels:           0  
  Clock Path Skew:        0.171ns (DCD - SCD - CPR)
    Destination Clock Delay (DCD):    2.235ns
    Source Clock Delay      (SCD):    1.753ns
    Clock Pessimism Removal (CPR):    0.311ns
  Clock Net Delay (Source):      1.083ns (routing 0.190ns, distribution 0.893ns)
  Clock Net Delay (Destination): 1.274ns (routing 0.210ns, distribution 1.064ns)

    Location             Delay type                Incr(ns)  Path(ns)    Netlist Resource(s)
  -------------------------------------------------------------------    -------------------
                         (clock virtual_clock rise edge)
                                                      0.000     0.000 r  
    AR14                                              0.000     0.000 r  clk (IN)
                         net (fo=0)                   0.000     0.000    clk_IBUF_inst/I
    AR14                 INBUF (Prop_INBUF_HPIOB_M_PAD_O)
                                                      0.359     0.359 r  clk_IBUF_inst/INBUF_INST/O
                         net (fo=1, routed)           0.000     0.359    clk_IBUF_inst/OUT
    AR14                 IBUFCTRL (Prop_IBUFCTRL_HPIOB_M_I_O)
                                                      0.000     0.359 r  clk_IBUF_inst/IBUFCTRL_INST/O
                         net (fo=1, estimated)        0.287     0.646    clk_IBUF
    BUFGCE_X1Y212        BUFGCE (Prop_BUFCE_BUFGCE_I_O)
                                                      0.024     0.670 r  clk_IBUF_BUFG_inst/O
    X4Y8 (CLOCK_ROOT)    net (fo=2705, estimated)     1.083     1.753    demux/CLK
    SLICE_X124Y480       FDRE                                         r  demux/genblk1[247].z_reg[247][2]/C
  -------------------------------------------------------------------    -------------------
    SLICE_X124Y480       FDRE (Prop_EFF2_SLICEL_C_Q)
                                                      0.060     1.813 r  demux/genblk1[247].z_reg[247][2]/Q
                         net (fo=1, estimated)        0.075     1.888    genblk1[247].reg_in/D[2]
    SLICE_X124Y479       FDRE                                         r  genblk1[247].reg_in/reg_out_reg[2]/D
  -------------------------------------------------------------------    -------------------

                         (clock virtual_clock rise edge)
                                                      0.000     0.000 r  
    AR14                                              0.000     0.000 r  clk (IN)
                         net (fo=0)                   0.000     0.000    clk_IBUF_inst/I
    AR14                 INBUF (Prop_INBUF_HPIOB_M_PAD_O)
                                                      0.610     0.610 r  clk_IBUF_inst/INBUF_INST/O
                         net (fo=1, routed)           0.000     0.610    clk_IBUF_inst/OUT
    AR14                 IBUFCTRL (Prop_IBUFCTRL_HPIOB_M_I_O)
                                                      0.000     0.610 r  clk_IBUF_inst/IBUFCTRL_INST/O
                         net (fo=1, estimated)        0.323     0.933    clk_IBUF
    BUFGCE_X1Y212        BUFGCE (Prop_BUFCE_BUFGCE_I_O)
                                                      0.028     0.961 r  clk_IBUF_BUFG_inst/O
    X4Y8 (CLOCK_ROOT)    net (fo=2705, estimated)     1.274     2.235    genblk1[247].reg_in/CLK
    SLICE_X124Y479       FDRE                                         r  genblk1[247].reg_in/reg_out_reg[2]/C
                         clock pessimism             -0.311     1.924    
    SLICE_X124Y479       FDRE (Hold_AFF2_SLICEL_C_D)
                                                      0.062     1.986    genblk1[247].reg_in/reg_out_reg[2]
  -------------------------------------------------------------------
                         required time                         -1.986    
                         arrival time                           1.888    
  -------------------------------------------------------------------
                         slack                                 -0.098    





Pulse Width Checks
--------------------------------------------------------------------------------------
Clock Name:         virtual_clock
Waveform(ns):       { 0.000 2.000 }
Period(ns):         4.000
Sources:            { clk }

Check Type        Corner  Lib Pin   Reference Pin  Required(ns)  Actual(ns)  Slack(ns)  Location        Pin
Min Period        n/a     BUFGCE/I  n/a            1.290         4.000       2.710      BUFGCE_X1Y212   clk_IBUF_BUFG_inst/I
Low Pulse Width   Slow    FDRE/C    n/a            0.275         2.000       1.725      SLICE_X135Y457  genblk1[129].reg_in/reg_out_reg[6]/C
High Pulse Width  Fast    FDRE/C    n/a            0.275         2.000       1.725      SLICE_X135Y494  demux/genblk1[370].z_reg[370][0]/C



