Copyright 1986-2020 Xilinx, Inc. All Rights Reserved.
--------------------------------------------------------------------------------------------------------
| Tool Version      : Vivado v.2020.1 (lin64) Build 2902540 Wed May 27 19:54:35 MDT 2020
| Date              : Tue Mar 15 15:32:35 2022
| Host              : lepus running 64-bit CentOS Linux release 7.9.2009 (Core)
| Command           : report_timing_summary -file ./output/fc1_126/report/timing-summary-post-place.rpt
| Design            : top
| Device            : xcvu9p-flga2104
| Speed File        : -2L  PRODUCTION 1.27 02-28-2020
| Temperature Grade : E
--------------------------------------------------------------------------------------------------------

Timing Summary Report

------------------------------------------------------------------------------------------------
| Timer Settings
| --------------
------------------------------------------------------------------------------------------------

  Enable Multi Corner Analysis               :  Yes
  Enable Pessimism Removal                   :  Yes
  Pessimism Removal Resolution               :  Nearest Common Node
  Enable Input Delay Default Clock           :  No
  Enable Preset / Clear Arcs                 :  No
  Disable Flight Delays                      :  No
  Ignore I/O Paths                           :  No
  Timing Early Launch at Borrowing Latches   :  No
  Borrow Time for Max Delay Exceptions       :  Yes
  Merge Timing Exceptions                    :  Yes

  Corner  Analyze    Analyze    
  Name    Max Paths  Min Paths  
  ------  ---------  ---------  
  Slow    Yes        Yes        
  Fast    Yes        Yes        



check_timing report

Table of Contents
-----------------
1. checking no_clock (0)
2. checking constant_clock (0)
3. checking pulse_width_clock (0)
4. checking unconstrained_internal_endpoints (0)
5. checking no_input_delay (10)
6. checking no_output_delay (24)
7. checking multiple_clock (0)
8. checking generated_clocks (0)
9. checking loops (0)
10. checking partial_input_delay (0)
11. checking partial_output_delay (0)
12. checking latch_loops (0)

1. checking no_clock (0)
------------------------
 There are 0 register/latch pins with no clock.


2. checking constant_clock (0)
------------------------------
 There are 0 register/latch pins with constant_clock.


3. checking pulse_width_clock (0)
---------------------------------
 There are 0 register/latch pins which need pulse_width check


4. checking unconstrained_internal_endpoints (0)
------------------------------------------------
 There are 0 pins that are not constrained for maximum delay.

 There are 0 pins that are not constrained for maximum delay due to constant clock.


5. checking no_input_delay (10)
-------------------------------
 There are 10 input ports with no input delay specified. (HIGH)

 There are 0 input ports with no input delay but user has a false path constraint.


6. checking no_output_delay (24)
--------------------------------
 There are 24 ports with no output delay specified. (HIGH)

 There are 0 ports with no output delay but user has a false path constraint

 There are 0 ports with no output delay but with a timing clock defined on it or propagating through it


7. checking multiple_clock (0)
------------------------------
 There are 0 register/latch pins with multiple clocks.


8. checking generated_clocks (0)
--------------------------------
 There are 0 generated clocks that are not connected to a clock source.


9. checking loops (0)
---------------------
 There are 0 combinational loops in the design.


10. checking partial_input_delay (0)
------------------------------------
 There are 0 input ports with partial input delay specified.


11. checking partial_output_delay (0)
-------------------------------------
 There are 0 ports with partial output delay specified.


12. checking latch_loops (0)
----------------------------
 There are 0 combinational latch loops in the design through latch input



------------------------------------------------------------------------------------------------
| Design Timing Summary
| ---------------------
------------------------------------------------------------------------------------------------

    WNS(ns)      TNS(ns)  TNS Failing Endpoints  TNS Total Endpoints      WHS(ns)      THS(ns)  THS Failing Endpoints  THS Total Endpoints     WPWS(ns)     TPWS(ns)  TPWS Failing Endpoints  TPWS Total Endpoints  
    -------      -------  ---------------------  -------------------      -------      -------  ---------------------  -------------------     --------     --------  ----------------------  --------------------  
     -0.642      -11.068                     26                 2610       -0.086       -1.062                     49                 2610        1.725        0.000                       0                  2611  


Timing constraints are not met.


------------------------------------------------------------------------------------------------
| Clock Summary
| -------------
------------------------------------------------------------------------------------------------

Clock          Waveform(ns)         Period(ns)      Frequency(MHz)
-----          ------------         ----------      --------------
virtual_clock  {0.000 2.000}        4.000           250.000         


------------------------------------------------------------------------------------------------
| Intra Clock Table
| -----------------
------------------------------------------------------------------------------------------------

Clock              WNS(ns)      TNS(ns)  TNS Failing Endpoints  TNS Total Endpoints      WHS(ns)      THS(ns)  THS Failing Endpoints  THS Total Endpoints     WPWS(ns)     TPWS(ns)  TPWS Failing Endpoints  TPWS Total Endpoints  
-----              -------      -------  ---------------------  -------------------      -------      -------  ---------------------  -------------------     --------     --------  ----------------------  --------------------  
virtual_clock       -0.642      -11.068                     26                 2610       -0.086       -1.062                     49                 2610        1.725        0.000                       0                  2611  


------------------------------------------------------------------------------------------------
| Inter Clock Table
| -----------------
------------------------------------------------------------------------------------------------

From Clock    To Clock          WNS(ns)      TNS(ns)  TNS Failing Endpoints  TNS Total Endpoints      WHS(ns)      THS(ns)  THS Failing Endpoints  THS Total Endpoints  
----------    --------          -------      -------  ---------------------  -------------------      -------      -------  ---------------------  -------------------  


------------------------------------------------------------------------------------------------
| Other Path Groups Table
| -----------------------
------------------------------------------------------------------------------------------------

Path Group    From Clock    To Clock          WNS(ns)      TNS(ns)  TNS Failing Endpoints  TNS Total Endpoints      WHS(ns)      THS(ns)  THS Failing Endpoints  THS Total Endpoints  
----------    ----------    --------          -------      -------  ---------------------  -------------------      -------      -------  ---------------------  -------------------  


------------------------------------------------------------------------------------------------
| Timing Details
| --------------
------------------------------------------------------------------------------------------------


---------------------------------------------------------------------------------------------------
From Clock:  virtual_clock
  To Clock:  virtual_clock

Setup :           26  Failing Endpoints,  Worst Slack       -0.642ns,  Total Violation      -11.068ns
Hold  :           49  Failing Endpoints,  Worst Slack       -0.086ns,  Total Violation       -1.062ns
PW    :            0  Failing Endpoints,  Worst Slack        1.725ns,  Total Violation        0.000ns
---------------------------------------------------------------------------------------------------


Max Delay Paths
--------------------------------------------------------------------------------------
Slack (VIOLATED) :        -0.642ns  (required time - arrival time)
  Source:                 genblk1[160].reg_in/reg_out_reg[0]/C
                            (rising edge-triggered cell FDRE clocked by virtual_clock  {rise@0.000ns fall@2.000ns period=4.000ns})
  Destination:            reg_out/reg_out_reg[23]/D
                            (rising edge-triggered cell FDRE clocked by virtual_clock  {rise@0.000ns fall@2.000ns period=4.000ns})
  Path Group:             virtual_clock
  Path Type:              Setup (Max at Slow Process Corner)
  Requirement:            4.000ns  (virtual_clock rise@4.000ns - virtual_clock rise@0.000ns)
  Data Path Delay:        4.471ns  (logic 1.911ns (42.742%)  route 2.560ns (57.258%))
  Logic Levels:           18  (CARRY8=11 LUT2=7)
  Clock Path Skew:        -0.161ns (DCD - SCD + CPR)
    Destination Clock Delay (DCD):    1.766ns = ( 5.766 - 4.000 ) 
    Source Clock Delay      (SCD):    2.238ns
    Clock Pessimism Removal (CPR):    0.311ns
  Clock Uncertainty:      0.035ns  ((TSJ^2 + TIJ^2)^1/2 + DJ) / 2 + PE
    Total System Jitter     (TSJ):    0.071ns
    Total Input Jitter      (TIJ):    0.000ns
    Discrete Jitter          (DJ):    0.000ns
    Phase Error              (PE):    0.000ns
  Clock Net Delay (Source):      1.277ns (routing 0.210ns, distribution 1.067ns)
  Clock Net Delay (Destination): 1.096ns (routing 0.190ns, distribution 0.906ns)

    Location             Delay type                Incr(ns)  Path(ns)    Netlist Resource(s)
  -------------------------------------------------------------------    -------------------
                         (clock virtual_clock rise edge)
                                                      0.000     0.000 r  
    AR14                                              0.000     0.000 r  clk (IN)
                         net (fo=0)                   0.000     0.000    clk_IBUF_inst/I
    AR14                 INBUF (Prop_INBUF_HPIOB_M_PAD_O)
                                                      0.610     0.610 r  clk_IBUF_inst/INBUF_INST/O
                         net (fo=1, routed)           0.000     0.610    clk_IBUF_inst/OUT
    AR14                 IBUFCTRL (Prop_IBUFCTRL_HPIOB_M_I_O)
                                                      0.000     0.610 r  clk_IBUF_inst/IBUFCTRL_INST/O
                         net (fo=1, estimated)        0.323     0.933    clk_IBUF
    BUFGCE_X1Y212        BUFGCE (Prop_BUFCE_BUFGCE_I_O)
                                                      0.028     0.961 r  clk_IBUF_BUFG_inst/O
    X4Y8 (CLOCK_ROOT)    net (fo=2610, estimated)     1.277     2.238    genblk1[160].reg_in/CLK
    SLICE_X123Y480       FDRE                                         r  genblk1[160].reg_in/reg_out_reg[0]/C
  -------------------------------------------------------------------    -------------------
    SLICE_X123Y480       FDRE (Prop_AFF_SLICEM_C_Q)
                                                      0.077     2.315 r  genblk1[160].reg_in/reg_out_reg[0]/Q
                         net (fo=3, estimated)        0.145     2.460    conv/mul71/O161[0]
    SLICE_X123Y480       CARRY8 (Prop_CARRY8_SLICEM_S[0]_O[2])
                                                      0.134     2.594 r  conv/mul71/reg_out_reg[7]_i_494/O[2]
                         net (fo=1, estimated)        0.378     2.972    conv/add000158/out0_9[2]
    SLICE_X121Y480       LUT2 (Prop_C6LUT_SLICEM_I1_O)
                                                      0.037     3.009 r  conv/add000158/reg_out[7]_i_492/O
                         net (fo=1, routed)           0.021     3.030    conv/add000158/reg_out[7]_i_492_n_0
    SLICE_X121Y480       CARRY8 (Prop_CARRY8_SLICEM_S[2]_O[5])
                                                      0.200     3.230 r  conv/add000158/reg_out_reg[7]_i_233/O[5]
                         net (fo=1, estimated)        0.316     3.546    conv/add000158/reg_out_reg[7]_i_233_n_10
    SLICE_X122Y479       LUT2 (Prop_F6LUT_SLICEL_I1_O)
                                                      0.035     3.581 r  conv/add000158/reg_out[7]_i_470/O
                         net (fo=1, routed)           0.011     3.592    conv/add000158/reg_out[7]_i_470_n_0
    SLICE_X122Y479       CARRY8 (Prop_CARRY8_SLICEL_S[5]_CO[7])
                                                      0.155     3.747 r  conv/add000158/reg_out_reg[7]_i_223/CO[7]
                         net (fo=1, estimated)        0.026     3.773    conv/add000158/reg_out_reg[7]_i_223_n_0
    SLICE_X122Y480       CARRY8 (Prop_CARRY8_SLICEL_CI_O[0])
                                                      0.056     3.829 r  conv/add000158/reg_out_reg[23]_i_467/O[0]
                         net (fo=1, estimated)        0.291     4.120    conv/add000158/reg_out_reg[23]_i_467_n_15
    SLICE_X122Y474       LUT2 (Prop_A6LUT_SLICEL_I1_O)
                                                      0.035     4.155 r  conv/add000158/reg_out[23]_i_280/O
                         net (fo=1, routed)           0.009     4.164    conv/add000158/reg_out[23]_i_280_n_0
    SLICE_X122Y474       CARRY8 (Prop_CARRY8_SLICEL_S[0]_O[2])
                                                      0.132     4.296 r  conv/add000158/reg_out_reg[23]_i_162/O[2]
                         net (fo=2, estimated)        0.245     4.541    conv/add000158/reg_out_reg[23]_i_162_n_13
    SLICE_X124Y474       CARRY8 (Prop_CARRY8_SLICEL_DI[3]_O[5])
                                                      0.177     4.718 r  conv/add000158/reg_out_reg[15]_i_75/O[5]
                         net (fo=2, estimated)        0.225     4.943    conv/add000158/reg_out_reg[15]_i_75_n_10
    SLICE_X126Y474       LUT2 (Prop_F6LUT_SLICEL_I0_O)
                                                      0.049     4.992 r  conv/add000158/reg_out[15]_i_78/O
                         net (fo=1, routed)           0.011     5.003    conv/add000158/reg_out[15]_i_78_n_0
    SLICE_X126Y474       CARRY8 (Prop_CARRY8_SLICEL_S[5]_O[7])
                                                      0.134     5.137 r  conv/add000158/reg_out_reg[15]_i_49/O[7]
                         net (fo=2, estimated)        0.294     5.431    conv/add000158/reg_out_reg[15]_i_49_n_8
    SLICE_X127Y468       LUT2 (Prop_H6LUT_SLICEM_I0_O)
                                                      0.053     5.484 r  conv/add000158/reg_out[15]_i_50/O
                         net (fo=1, routed)           0.015     5.499    conv/add000158/reg_out[15]_i_50_n_0
    SLICE_X127Y468       CARRY8 (Prop_CARRY8_SLICEM_S[7]_CO[7])
                                                      0.117     5.616 r  conv/add000158/reg_out_reg[15]_i_30/CO[7]
                         net (fo=1, estimated)        0.026     5.642    conv/add000158/reg_out_reg[15]_i_30_n_0
    SLICE_X127Y469       CARRY8 (Prop_CARRY8_SLICEM_CI_O[1])
                                                      0.076     5.718 r  conv/add000158/reg_out_reg[23]_i_27/O[1]
                         net (fo=1, estimated)        0.223     5.941    conv/add000158/reg_out_reg[23]_i_27_n_14
    SLICE_X126Y471       LUT2 (Prop_B6LUT_SLICEL_I1_O)
                                                      0.036     5.977 r  conv/add000158/reg_out[23]_i_16/O
                         net (fo=1, routed)           0.009     5.986    conv/add000158/reg_out[23]_i_16_n_0
    SLICE_X126Y471       CARRY8 (Prop_CARRY8_SLICEL_S[1]_O[5])
                                                      0.233     6.219 r  conv/add000158/reg_out_reg[23]_i_3/O[5]
                         net (fo=2, estimated)        0.267     6.486    conv/add000159/tmp07[0]_1[21]
    SLICE_X125Y473       LUT2 (Prop_F6LUT_SLICEM_I0_O)
                                                      0.037     6.523 r  conv/add000159/reg_out[23]_i_5/O
                         net (fo=1, routed)           0.022     6.545    conv/add000159/reg_out[23]_i_5_n_0
    SLICE_X125Y473       CARRY8 (Prop_CARRY8_SLICEM_S[5]_O[7])
                                                      0.138     6.683 r  conv/add000159/reg_out_reg[23]_i_1/O[7]
                         net (fo=1, routed)           0.026     6.709    reg_out/D[23]
    SLICE_X125Y473       FDRE                                         r  reg_out/reg_out_reg[23]/D
  -------------------------------------------------------------------    -------------------

                         (clock virtual_clock rise edge)
                                                      4.000     4.000 r  
    AR14                                              0.000     4.000 r  clk (IN)
                         net (fo=0)                   0.000     4.000    clk_IBUF_inst/I
    AR14                 INBUF (Prop_INBUF_HPIOB_M_PAD_O)
                                                      0.359     4.359 r  clk_IBUF_inst/INBUF_INST/O
                         net (fo=1, routed)           0.000     4.359    clk_IBUF_inst/OUT
    AR14                 IBUFCTRL (Prop_IBUFCTRL_HPIOB_M_I_O)
                                                      0.000     4.359 r  clk_IBUF_inst/IBUFCTRL_INST/O
                         net (fo=1, estimated)        0.287     4.646    clk_IBUF
    BUFGCE_X1Y212        BUFGCE (Prop_BUFCE_BUFGCE_I_O)
                                                      0.024     4.670 r  clk_IBUF_BUFG_inst/O
    X4Y8 (CLOCK_ROOT)    net (fo=2610, estimated)     1.096     5.766    reg_out/CLK
    SLICE_X125Y473       FDRE                                         r  reg_out/reg_out_reg[23]/C
                         clock pessimism              0.311     6.077    
                         clock uncertainty           -0.035     6.042    
    SLICE_X125Y473       FDRE (Setup_HFF_SLICEM_C_D)
                                                      0.025     6.067    reg_out/reg_out_reg[23]
  -------------------------------------------------------------------
                         required time                          6.067    
                         arrival time                          -6.709    
  -------------------------------------------------------------------
                         slack                                 -0.642    





Min Delay Paths
--------------------------------------------------------------------------------------
Slack (VIOLATED) :        -0.086ns  (arrival time - required time)
  Source:                 demux/genblk1[193].z_reg[193][7]/C
                            (rising edge-triggered cell FDRE clocked by virtual_clock  {rise@0.000ns fall@2.000ns period=4.000ns})
  Destination:            genblk1[193].reg_in/reg_out_reg[7]/D
                            (rising edge-triggered cell FDRE clocked by virtual_clock  {rise@0.000ns fall@2.000ns period=4.000ns})
  Path Group:             virtual_clock
  Path Type:              Hold (Min at Slow Process Corner)
  Requirement:            0.000ns  (virtual_clock rise@0.000ns - virtual_clock rise@0.000ns)
  Data Path Delay:        0.154ns  (logic 0.059ns (38.312%)  route 0.095ns (61.688%))
  Logic Levels:           0  
  Clock Path Skew:        0.178ns (DCD - SCD - CPR)
    Destination Clock Delay (DCD):    2.248ns
    Source Clock Delay      (SCD):    1.759ns
    Clock Pessimism Removal (CPR):    0.311ns
  Clock Net Delay (Source):      1.089ns (routing 0.190ns, distribution 0.899ns)
  Clock Net Delay (Destination): 1.287ns (routing 0.210ns, distribution 1.077ns)

    Location             Delay type                Incr(ns)  Path(ns)    Netlist Resource(s)
  -------------------------------------------------------------------    -------------------
                         (clock virtual_clock rise edge)
                                                      0.000     0.000 r  
    AR14                                              0.000     0.000 r  clk (IN)
                         net (fo=0)                   0.000     0.000    clk_IBUF_inst/I
    AR14                 INBUF (Prop_INBUF_HPIOB_M_PAD_O)
                                                      0.359     0.359 r  clk_IBUF_inst/INBUF_INST/O
                         net (fo=1, routed)           0.000     0.359    clk_IBUF_inst/OUT
    AR14                 IBUFCTRL (Prop_IBUFCTRL_HPIOB_M_I_O)
                                                      0.000     0.359 r  clk_IBUF_inst/IBUFCTRL_INST/O
                         net (fo=1, estimated)        0.287     0.646    clk_IBUF
    BUFGCE_X1Y212        BUFGCE (Prop_BUFCE_BUFGCE_I_O)
                                                      0.024     0.670 r  clk_IBUF_BUFG_inst/O
    X4Y8 (CLOCK_ROOT)    net (fo=2610, estimated)     1.089     1.759    demux/CLK
    SLICE_X130Y480       FDRE                                         r  demux/genblk1[193].z_reg[193][7]/C
  -------------------------------------------------------------------    -------------------
    SLICE_X130Y480       FDRE (Prop_BFF_SLICEL_C_Q)
                                                      0.059     1.818 r  demux/genblk1[193].z_reg[193][7]/Q
                         net (fo=1, estimated)        0.095     1.913    genblk1[193].reg_in/D[7]
    SLICE_X130Y478       FDRE                                         r  genblk1[193].reg_in/reg_out_reg[7]/D
  -------------------------------------------------------------------    -------------------

                         (clock virtual_clock rise edge)
                                                      0.000     0.000 r  
    AR14                                              0.000     0.000 r  clk (IN)
                         net (fo=0)                   0.000     0.000    clk_IBUF_inst/I
    AR14                 INBUF (Prop_INBUF_HPIOB_M_PAD_O)
                                                      0.610     0.610 r  clk_IBUF_inst/INBUF_INST/O
                         net (fo=1, routed)           0.000     0.610    clk_IBUF_inst/OUT
    AR14                 IBUFCTRL (Prop_IBUFCTRL_HPIOB_M_I_O)
                                                      0.000     0.610 r  clk_IBUF_inst/IBUFCTRL_INST/O
                         net (fo=1, estimated)        0.323     0.933    clk_IBUF
    BUFGCE_X1Y212        BUFGCE (Prop_BUFCE_BUFGCE_I_O)
                                                      0.028     0.961 r  clk_IBUF_BUFG_inst/O
    X4Y8 (CLOCK_ROOT)    net (fo=2610, estimated)     1.287     2.248    genblk1[193].reg_in/CLK
    SLICE_X130Y478       FDRE                                         r  genblk1[193].reg_in/reg_out_reg[7]/C
                         clock pessimism             -0.311     1.937    
    SLICE_X130Y478       FDRE (Hold_GFF2_SLICEL_C_D)
                                                      0.062     1.999    genblk1[193].reg_in/reg_out_reg[7]
  -------------------------------------------------------------------
                         required time                         -1.999    
                         arrival time                           1.913    
  -------------------------------------------------------------------
                         slack                                 -0.086    





Pulse Width Checks
--------------------------------------------------------------------------------------
Clock Name:         virtual_clock
Waveform(ns):       { 0.000 2.000 }
Period(ns):         4.000
Sources:            { clk }

Check Type        Corner  Lib Pin   Reference Pin  Required(ns)  Actual(ns)  Slack(ns)  Location        Pin
Min Period        n/a     BUFGCE/I  n/a            1.290         4.000       2.710      BUFGCE_X1Y212   clk_IBUF_BUFG_inst/I
Low Pulse Width   Slow    FDRE/C    n/a            0.275         2.000       1.725      SLICE_X130Y466  demux/genblk1[212].z_reg[212][0]/C
High Pulse Width  Slow    FDRE/C    n/a            0.275         2.000       1.725      SLICE_X134Y466  demux/genblk1[212].z_reg[212][4]/C



