Copyright 1986-2020 Xilinx, Inc. All Rights Reserved.
-------------------------------------------------------------------------------------------------------
| Tool Version      : Vivado v.2020.1 (lin64) Build 2902540 Wed May 27 19:54:35 MDT 2020
| Date              : Tue Mar 15 22:36:05 2022
| Host              : lepus running 64-bit CentOS Linux release 7.9.2009 (Core)
| Command           : report_timing_summary -file ./output/fc2_39/report/timing-summary-post-place.rpt
| Design            : top
| Device            : xcvu9p-flga2104
| Speed File        : -2L  PRODUCTION 1.27 02-28-2020
| Temperature Grade : E
-------------------------------------------------------------------------------------------------------

Timing Summary Report

------------------------------------------------------------------------------------------------
| Timer Settings
| --------------
------------------------------------------------------------------------------------------------

  Enable Multi Corner Analysis               :  Yes
  Enable Pessimism Removal                   :  Yes
  Pessimism Removal Resolution               :  Nearest Common Node
  Enable Input Delay Default Clock           :  No
  Enable Preset / Clear Arcs                 :  No
  Disable Flight Delays                      :  No
  Ignore I/O Paths                           :  No
  Timing Early Launch at Borrowing Latches   :  No
  Borrow Time for Max Delay Exceptions       :  Yes
  Merge Timing Exceptions                    :  Yes

  Corner  Analyze    Analyze    
  Name    Max Paths  Min Paths  
  ------  ---------  ---------  
  Slow    Yes        Yes        
  Fast    Yes        Yes        



check_timing report

Table of Contents
-----------------
1. checking no_clock (0)
2. checking constant_clock (0)
3. checking pulse_width_clock (0)
4. checking unconstrained_internal_endpoints (0)
5. checking no_input_delay (10)
6. checking no_output_delay (21)
7. checking multiple_clock (0)
8. checking generated_clocks (0)
9. checking loops (0)
10. checking partial_input_delay (0)
11. checking partial_output_delay (0)
12. checking latch_loops (0)

1. checking no_clock (0)
------------------------
 There are 0 register/latch pins with no clock.


2. checking constant_clock (0)
------------------------------
 There are 0 register/latch pins with constant_clock.


3. checking pulse_width_clock (0)
---------------------------------
 There are 0 register/latch pins which need pulse_width check


4. checking unconstrained_internal_endpoints (0)
------------------------------------------------
 There are 0 pins that are not constrained for maximum delay.

 There are 0 pins that are not constrained for maximum delay due to constant clock.


5. checking no_input_delay (10)
-------------------------------
 There are 10 input ports with no input delay specified. (HIGH)

 There are 0 input ports with no input delay but user has a false path constraint.


6. checking no_output_delay (21)
--------------------------------
 There are 21 ports with no output delay specified. (HIGH)

 There are 0 ports with no output delay but user has a false path constraint

 There are 0 ports with no output delay but with a timing clock defined on it or propagating through it


7. checking multiple_clock (0)
------------------------------
 There are 0 register/latch pins with multiple clocks.


8. checking generated_clocks (0)
--------------------------------
 There are 0 generated clocks that are not connected to a clock source.


9. checking loops (0)
---------------------
 There are 0 combinational loops in the design.


10. checking partial_input_delay (0)
------------------------------------
 There are 0 input ports with partial input delay specified.


11. checking partial_output_delay (0)
-------------------------------------
 There are 0 ports with partial output delay specified.


12. checking latch_loops (0)
----------------------------
 There are 0 combinational latch loops in the design through latch input



------------------------------------------------------------------------------------------------
| Design Timing Summary
| ---------------------
------------------------------------------------------------------------------------------------

    WNS(ns)      TNS(ns)  TNS Failing Endpoints  TNS Total Endpoints      WHS(ns)      THS(ns)  THS Failing Endpoints  THS Total Endpoints     WPWS(ns)     TPWS(ns)  TPWS Failing Endpoints  TPWS Total Endpoints  
    -------      -------  ---------------------  -------------------      -------      -------  ---------------------  -------------------     --------     --------  ----------------------  --------------------  
     -0.179       -0.985                      8                  637       -0.021       -0.143                     14                  637        1.725        0.000                       0                   638  


Timing constraints are not met.


------------------------------------------------------------------------------------------------
| Clock Summary
| -------------
------------------------------------------------------------------------------------------------

Clock          Waveform(ns)         Period(ns)      Frequency(MHz)
-----          ------------         ----------      --------------
virtual_clock  {0.000 2.000}        4.000           250.000         


------------------------------------------------------------------------------------------------
| Intra Clock Table
| -----------------
------------------------------------------------------------------------------------------------

Clock              WNS(ns)      TNS(ns)  TNS Failing Endpoints  TNS Total Endpoints      WHS(ns)      THS(ns)  THS Failing Endpoints  THS Total Endpoints     WPWS(ns)     TPWS(ns)  TPWS Failing Endpoints  TPWS Total Endpoints  
-----              -------      -------  ---------------------  -------------------      -------      -------  ---------------------  -------------------     --------     --------  ----------------------  --------------------  
virtual_clock       -0.179       -0.985                      8                  637       -0.021       -0.143                     14                  637        1.725        0.000                       0                   638  


------------------------------------------------------------------------------------------------
| Inter Clock Table
| -----------------
------------------------------------------------------------------------------------------------

From Clock    To Clock          WNS(ns)      TNS(ns)  TNS Failing Endpoints  TNS Total Endpoints      WHS(ns)      THS(ns)  THS Failing Endpoints  THS Total Endpoints  
----------    --------          -------      -------  ---------------------  -------------------      -------      -------  ---------------------  -------------------  


------------------------------------------------------------------------------------------------
| Other Path Groups Table
| -----------------------
------------------------------------------------------------------------------------------------

Path Group    From Clock    To Clock          WNS(ns)      TNS(ns)  TNS Failing Endpoints  TNS Total Endpoints      WHS(ns)      THS(ns)  THS Failing Endpoints  THS Total Endpoints  
----------    ----------    --------          -------      -------  ---------------------  -------------------      -------      -------  ---------------------  -------------------  


------------------------------------------------------------------------------------------------
| Timing Details
| --------------
------------------------------------------------------------------------------------------------


---------------------------------------------------------------------------------------------------
From Clock:  virtual_clock
  To Clock:  virtual_clock

Setup :            8  Failing Endpoints,  Worst Slack       -0.179ns,  Total Violation       -0.985ns
Hold  :           14  Failing Endpoints,  Worst Slack       -0.021ns,  Total Violation       -0.143ns
PW    :            0  Failing Endpoints,  Worst Slack        1.725ns,  Total Violation        0.000ns
---------------------------------------------------------------------------------------------------


Max Delay Paths
--------------------------------------------------------------------------------------
Slack (VIOLATED) :        -0.179ns  (required time - arrival time)
  Source:                 demux/sel_reg[0]/C
                            (rising edge-triggered cell FDRE clocked by virtual_clock  {rise@0.000ns fall@2.000ns period=4.000ns})
  Destination:            demux/sel_reg[1]/D
                            (rising edge-triggered cell FDRE clocked by virtual_clock  {rise@0.000ns fall@2.000ns period=4.000ns})
  Path Group:             virtual_clock
  Path Type:              Setup (Max at Slow Process Corner)
  Requirement:            4.000ns  (virtual_clock rise@4.000ns - virtual_clock rise@0.000ns)
  Data Path Delay:        4.062ns  (logic 1.598ns (39.340%)  route 2.464ns (60.660%))
  Logic Levels:           16  (CARRY8=9 LUT2=3 LUT3=1 LUT5=1 LUT6=2)
  Clock Path Skew:        -0.107ns (DCD - SCD + CPR)
    Destination Clock Delay (DCD):    2.018ns = ( 6.018 - 4.000 ) 
    Source Clock Delay      (SCD):    2.533ns
    Clock Pessimism Removal (CPR):    0.408ns
  Clock Uncertainty:      0.035ns  ((TSJ^2 + TIJ^2)^1/2 + DJ) / 2 + PE
    Total System Jitter     (TSJ):    0.071ns
    Total Input Jitter      (TIJ):    0.000ns
    Discrete Jitter          (DJ):    0.000ns
    Phase Error              (PE):    0.000ns
  Clock Net Delay (Source):      1.572ns (routing 0.758ns, distribution 0.814ns)
  Clock Net Delay (Destination): 1.348ns (routing 0.689ns, distribution 0.659ns)

    Location             Delay type                Incr(ns)  Path(ns)    Netlist Resource(s)
  -------------------------------------------------------------------    -------------------
                         (clock virtual_clock rise edge)
                                                      0.000     0.000 r  
    AR14                                              0.000     0.000 r  clk (IN)
                         net (fo=0)                   0.000     0.000    clk_IBUF_inst/I
    AR14                 INBUF (Prop_INBUF_HPIOB_M_PAD_O)
                                                      0.610     0.610 r  clk_IBUF_inst/INBUF_INST/O
                         net (fo=1, routed)           0.000     0.610    clk_IBUF_inst/OUT
    AR14                 IBUFCTRL (Prop_IBUFCTRL_HPIOB_M_I_O)
                                                      0.000     0.610 r  clk_IBUF_inst/IBUFCTRL_INST/O
                         net (fo=1, estimated)        0.323     0.933    clk_IBUF
    BUFGCE_X1Y194        BUFGCE (Prop_BUFCE_BUFGCE_I_O)
                                                      0.028     0.961 r  clk_IBUF_BUFG_inst/O
    X4Y7 (CLOCK_ROOT)    net (fo=637, estimated)      1.572     2.533    demux/CLK
    SLICE_X116Y464       FDRE                                         r  demux/sel_reg[0]/C
  -------------------------------------------------------------------    -------------------
    SLICE_X116Y464       FDRE (Prop_CFF_SLICEM_C_Q)
                                                      0.078     2.611 r  demux/sel_reg[0]/Q
                         net (fo=44, estimated)       0.268     2.879    demux/sel[0]
    SLICE_X115Y462       CARRY8 (Prop_CARRY8_SLICEL_CI_O[4])
                                                      0.191     3.070 r  demux/sel_reg[7]_i_6/O[4]
                         net (fo=27, estimated)       0.273     3.343    p_1_in[5]
    SLICE_X116Y459       LUT2 (Prop_F6LUT_SLICEM_I1_O)
                                                      0.037     3.380 r  sel[7]_i_186/O
                         net (fo=1, routed)           0.022     3.402    demux/S[1]
    SLICE_X116Y459       CARRY8 (Prop_CARRY8_SLICEM_S[5]_CO[7])
                                                      0.159     3.561 r  demux/sel_reg[7]_i_143/CO[7]
                         net (fo=1, estimated)        0.026     3.587    demux/sel_reg[7]_i_143_n_0
    SLICE_X116Y460       CARRY8 (Prop_CARRY8_SLICEM_CI_CO[4])
                                                      0.092     3.679 r  demux/sel_reg[7]_i_88/CO[4]
                         net (fo=41, estimated)       0.278     3.957    demux/CO[0]
    SLICE_X116Y461       LUT2 (Prop_A6LUT_SLICEM_I1_O)
                                                      0.038     3.995 r  demux/sel[7]_i_126/O
                         net (fo=1, routed)           0.013     4.008    demux/sel[7]_i_126_n_0
    SLICE_X116Y461       CARRY8 (Prop_CARRY8_SLICEM_S[0]_O[2])
                                                      0.134     4.142 r  demux/sel_reg[7]_i_58/O[2]
                         net (fo=3, estimated)        0.150     4.292    demux/sel_reg[7]_i_58_n_13
    SLICE_X117Y461       LUT3 (Prop_F5LUT_SLICEM_I1_O)
                                                      0.105     4.397 r  demux/sel[7]_i_85/O
                         net (fo=2, estimated)        0.152     4.549    demux/sel[7]_i_85_n_0
    SLICE_X117Y461       LUT5 (Prop_H5LUT_SLICEM_I1_O)
                                                      0.135     4.684 r  demux/sel[7]_i_43/O
                         net (fo=2, estimated)        0.242     4.926    demux/sel[7]_i_43_n_0
    SLICE_X114Y461       LUT6 (Prop_C6LUT_SLICEL_I0_O)
                                                      0.035     4.961 r  demux/sel[7]_i_51/O
                         net (fo=1, routed)           0.010     4.971    demux/sel[7]_i_51_n_0
    SLICE_X114Y461       CARRY8 (Prop_CARRY8_SLICEL_S[2]_CO[7])
                                                      0.155     5.126 r  demux/sel_reg[7]_i_21/CO[7]
                         net (fo=1, estimated)        0.026     5.152    demux/sel_reg[7]_i_21_n_0
    SLICE_X114Y462       CARRY8 (Prop_CARRY8_SLICEL_CI_O[6])
                                                      0.103     5.255 r  demux/sel_reg[7]_i_18/O[6]
                         net (fo=1, estimated)        0.450     5.705    demux_n_28
    SLICE_X115Y466       CARRY8 (Prop_CARRY8_SLICEL_S[0]_O[1])
                                                      0.094     5.799 r  sel_reg[7]_i_17/O[1]
                         net (fo=1, estimated)        0.226     6.025    demux/sel_reg[7]_i_5_0[1]
    SLICE_X115Y463       LUT2 (Prop_H6LUT_SLICEL_I1_O)
                                                      0.036     6.061 r  demux/sel[7]_i_8/O
                         net (fo=1, routed)           0.010     6.071    demux/sel[7]_i_8_n_0
    SLICE_X115Y463       CARRY8 (Prop_CARRY8_SLICEL_S[7]_CO[7])
                                                      0.115     6.186 r  demux/sel_reg[7]_i_4/CO[7]
                         net (fo=1, estimated)        0.026     6.212    demux/sel_reg[7]_i_4_n_0
    SLICE_X115Y464       CARRY8 (Prop_CARRY8_SLICEL_CI_O[0])
                                                      0.056     6.268 r  demux/sel_reg[7]_i_5/O[0]
                         net (fo=8, estimated)        0.244     6.512    demux/sel_reg[7]_i_5_n_15
    SLICE_X115Y465       LUT6 (Prop_A6LUT_SLICEL_I4_O)
                                                      0.035     6.547 r  demux/sel[1]_i_1/O
                         net (fo=1, routed)           0.048     6.595    demux/sel20_in[1]
    SLICE_X115Y465       FDRE                                         r  demux/sel_reg[1]/D
  -------------------------------------------------------------------    -------------------

                         (clock virtual_clock rise edge)
                                                      4.000     4.000 r  
    AR14                                              0.000     4.000 r  clk (IN)
                         net (fo=0)                   0.000     4.000    clk_IBUF_inst/I
    AR14                 INBUF (Prop_INBUF_HPIOB_M_PAD_O)
                                                      0.359     4.359 r  clk_IBUF_inst/INBUF_INST/O
                         net (fo=1, routed)           0.000     4.359    clk_IBUF_inst/OUT
    AR14                 IBUFCTRL (Prop_IBUFCTRL_HPIOB_M_I_O)
                                                      0.000     4.359 r  clk_IBUF_inst/IBUFCTRL_INST/O
                         net (fo=1, estimated)        0.287     4.646    clk_IBUF
    BUFGCE_X1Y194        BUFGCE (Prop_BUFCE_BUFGCE_I_O)
                                                      0.024     4.670 r  clk_IBUF_BUFG_inst/O
    X4Y7 (CLOCK_ROOT)    net (fo=637, estimated)      1.348     6.018    demux/CLK
    SLICE_X115Y465       FDRE                                         r  demux/sel_reg[1]/C
                         clock pessimism              0.408     6.426    
                         clock uncertainty           -0.035     6.391    
    SLICE_X115Y465       FDRE (Setup_AFF_SLICEL_C_D)
                                                      0.025     6.416    demux/sel_reg[1]
  -------------------------------------------------------------------
                         required time                          6.416    
                         arrival time                          -6.595    
  -------------------------------------------------------------------
                         slack                                 -0.179    





Min Delay Paths
--------------------------------------------------------------------------------------
Slack (VIOLATED) :        -0.021ns  (arrival time - required time)
  Source:                 demux/genblk1[33].z_reg[33][7]/C
                            (rising edge-triggered cell FDRE clocked by virtual_clock  {rise@0.000ns fall@2.000ns period=4.000ns})
  Destination:            genblk1[33].reg_in/reg_out_reg[7]/D
                            (rising edge-triggered cell FDRE clocked by virtual_clock  {rise@0.000ns fall@2.000ns period=4.000ns})
  Path Group:             virtual_clock
  Path Type:              Hold (Min at Slow Process Corner)
  Requirement:            0.000ns  (virtual_clock rise@0.000ns - virtual_clock rise@0.000ns)
  Data Path Delay:        0.137ns  (logic 0.060ns (43.796%)  route 0.077ns (56.204%))
  Logic Levels:           0  
  Clock Path Skew:        0.096ns (DCD - SCD - CPR)
    Destination Clock Delay (DCD):    2.511ns
    Source Clock Delay      (SCD):    2.007ns
    Clock Pessimism Removal (CPR):    0.408ns
  Clock Net Delay (Source):      1.337ns (routing 0.689ns, distribution 0.648ns)
  Clock Net Delay (Destination): 1.550ns (routing 0.758ns, distribution 0.792ns)

    Location             Delay type                Incr(ns)  Path(ns)    Netlist Resource(s)
  -------------------------------------------------------------------    -------------------
                         (clock virtual_clock rise edge)
                                                      0.000     0.000 r  
    AR14                                              0.000     0.000 r  clk (IN)
                         net (fo=0)                   0.000     0.000    clk_IBUF_inst/I
    AR14                 INBUF (Prop_INBUF_HPIOB_M_PAD_O)
                                                      0.359     0.359 r  clk_IBUF_inst/INBUF_INST/O
                         net (fo=1, routed)           0.000     0.359    clk_IBUF_inst/OUT
    AR14                 IBUFCTRL (Prop_IBUFCTRL_HPIOB_M_I_O)
                                                      0.000     0.359 r  clk_IBUF_inst/IBUFCTRL_INST/O
                         net (fo=1, estimated)        0.287     0.646    clk_IBUF
    BUFGCE_X1Y194        BUFGCE (Prop_BUFCE_BUFGCE_I_O)
                                                      0.024     0.670 r  clk_IBUF_BUFG_inst/O
    X4Y7 (CLOCK_ROOT)    net (fo=637, estimated)      1.337     2.007    demux/CLK
    SLICE_X112Y454       FDRE                                         r  demux/genblk1[33].z_reg[33][7]/C
  -------------------------------------------------------------------    -------------------
    SLICE_X112Y454       FDRE (Prop_AFF2_SLICEL_C_Q)
                                                      0.060     2.067 r  demux/genblk1[33].z_reg[33][7]/Q
                         net (fo=1, estimated)        0.077     2.144    genblk1[33].reg_in/D[7]
    SLICE_X114Y454       FDRE                                         r  genblk1[33].reg_in/reg_out_reg[7]/D
  -------------------------------------------------------------------    -------------------

                         (clock virtual_clock rise edge)
                                                      0.000     0.000 r  
    AR14                                              0.000     0.000 r  clk (IN)
                         net (fo=0)                   0.000     0.000    clk_IBUF_inst/I
    AR14                 INBUF (Prop_INBUF_HPIOB_M_PAD_O)
                                                      0.610     0.610 r  clk_IBUF_inst/INBUF_INST/O
                         net (fo=1, routed)           0.000     0.610    clk_IBUF_inst/OUT
    AR14                 IBUFCTRL (Prop_IBUFCTRL_HPIOB_M_I_O)
                                                      0.000     0.610 r  clk_IBUF_inst/IBUFCTRL_INST/O
                         net (fo=1, estimated)        0.323     0.933    clk_IBUF
    BUFGCE_X1Y194        BUFGCE (Prop_BUFCE_BUFGCE_I_O)
                                                      0.028     0.961 r  clk_IBUF_BUFG_inst/O
    X4Y7 (CLOCK_ROOT)    net (fo=637, estimated)      1.550     2.511    genblk1[33].reg_in/CLK
    SLICE_X114Y454       FDRE                                         r  genblk1[33].reg_in/reg_out_reg[7]/C
                         clock pessimism             -0.408     2.103    
    SLICE_X114Y454       FDRE (Hold_FFF2_SLICEL_C_D)
                                                      0.062     2.165    genblk1[33].reg_in/reg_out_reg[7]
  -------------------------------------------------------------------
                         required time                         -2.165    
                         arrival time                           2.144    
  -------------------------------------------------------------------
                         slack                                 -0.021    





Pulse Width Checks
--------------------------------------------------------------------------------------
Clock Name:         virtual_clock
Waveform(ns):       { 0.000 2.000 }
Period(ns):         4.000
Sources:            { clk }

Check Type        Corner  Lib Pin   Reference Pin  Required(ns)  Actual(ns)  Slack(ns)  Location        Pin
Min Period        n/a     BUFGCE/I  n/a            1.290         4.000       2.710      BUFGCE_X1Y194   clk_IBUF_BUFG_inst/I
Low Pulse Width   Slow    FDRE/C    n/a            0.275         2.000       1.725      SLICE_X113Y447  demux/genblk1[52].z_reg[52][0]/C
High Pulse Width  Fast    FDRE/C    n/a            0.275         2.000       1.725      SLICE_X120Y459  demux/genblk1[48].z_reg[48][7]/C



