Copyright 1986-2020 Xilinx, Inc. All Rights Reserved.
-------------------------------------------------------------------------------------------------------
| Tool Version      : Vivado v.2020.1 (lin64) Build 2902540 Wed May 27 19:54:35 MDT 2020
| Date              : Tue Mar 15 04:39:18 2022
| Host              : lepus running 64-bit CentOS Linux release 7.9.2009 (Core)
| Command           : report_timing_summary -file ./output/fc1_68/report/timing-summary-post-place.rpt
| Design            : top
| Device            : xcvu9p-flga2104
| Speed File        : -2L  PRODUCTION 1.27 02-28-2020
| Temperature Grade : E
-------------------------------------------------------------------------------------------------------

Timing Summary Report

------------------------------------------------------------------------------------------------
| Timer Settings
| --------------
------------------------------------------------------------------------------------------------

  Enable Multi Corner Analysis               :  Yes
  Enable Pessimism Removal                   :  Yes
  Pessimism Removal Resolution               :  Nearest Common Node
  Enable Input Delay Default Clock           :  No
  Enable Preset / Clear Arcs                 :  No
  Disable Flight Delays                      :  No
  Ignore I/O Paths                           :  No
  Timing Early Launch at Borrowing Latches   :  No
  Borrow Time for Max Delay Exceptions       :  Yes
  Merge Timing Exceptions                    :  Yes

  Corner  Analyze    Analyze    
  Name    Max Paths  Min Paths  
  ------  ---------  ---------  
  Slow    Yes        Yes        
  Fast    Yes        Yes        



check_timing report

Table of Contents
-----------------
1. checking no_clock (0)
2. checking constant_clock (0)
3. checking pulse_width_clock (0)
4. checking unconstrained_internal_endpoints (0)
5. checking no_input_delay (10)
6. checking no_output_delay (24)
7. checking multiple_clock (0)
8. checking generated_clocks (0)
9. checking loops (0)
10. checking partial_input_delay (0)
11. checking partial_output_delay (0)
12. checking latch_loops (0)

1. checking no_clock (0)
------------------------
 There are 0 register/latch pins with no clock.


2. checking constant_clock (0)
------------------------------
 There are 0 register/latch pins with constant_clock.


3. checking pulse_width_clock (0)
---------------------------------
 There are 0 register/latch pins which need pulse_width check


4. checking unconstrained_internal_endpoints (0)
------------------------------------------------
 There are 0 pins that are not constrained for maximum delay.

 There are 0 pins that are not constrained for maximum delay due to constant clock.


5. checking no_input_delay (10)
-------------------------------
 There are 10 input ports with no input delay specified. (HIGH)

 There are 0 input ports with no input delay but user has a false path constraint.


6. checking no_output_delay (24)
--------------------------------
 There are 24 ports with no output delay specified. (HIGH)

 There are 0 ports with no output delay but user has a false path constraint

 There are 0 ports with no output delay but with a timing clock defined on it or propagating through it


7. checking multiple_clock (0)
------------------------------
 There are 0 register/latch pins with multiple clocks.


8. checking generated_clocks (0)
--------------------------------
 There are 0 generated clocks that are not connected to a clock source.


9. checking loops (0)
---------------------
 There are 0 combinational loops in the design.


10. checking partial_input_delay (0)
------------------------------------
 There are 0 input ports with partial input delay specified.


11. checking partial_output_delay (0)
-------------------------------------
 There are 0 ports with partial output delay specified.


12. checking latch_loops (0)
----------------------------
 There are 0 combinational latch loops in the design through latch input



------------------------------------------------------------------------------------------------
| Design Timing Summary
| ---------------------
------------------------------------------------------------------------------------------------

    WNS(ns)      TNS(ns)  TNS Failing Endpoints  TNS Total Endpoints      WHS(ns)      THS(ns)  THS Failing Endpoints  THS Total Endpoints     WPWS(ns)     TPWS(ns)  TPWS Failing Endpoints  TPWS Total Endpoints  
    -------      -------  ---------------------  -------------------      -------      -------  ---------------------  -------------------     --------     --------  ----------------------  --------------------  
     -0.948      -16.561                     25                 3185       -0.045       -0.943                     58                 3185        1.725        0.000                       0                  3186  


Timing constraints are not met.


------------------------------------------------------------------------------------------------
| Clock Summary
| -------------
------------------------------------------------------------------------------------------------

Clock          Waveform(ns)         Period(ns)      Frequency(MHz)
-----          ------------         ----------      --------------
virtual_clock  {0.000 2.000}        4.000           250.000         


------------------------------------------------------------------------------------------------
| Intra Clock Table
| -----------------
------------------------------------------------------------------------------------------------

Clock              WNS(ns)      TNS(ns)  TNS Failing Endpoints  TNS Total Endpoints      WHS(ns)      THS(ns)  THS Failing Endpoints  THS Total Endpoints     WPWS(ns)     TPWS(ns)  TPWS Failing Endpoints  TPWS Total Endpoints  
-----              -------      -------  ---------------------  -------------------      -------      -------  ---------------------  -------------------     --------     --------  ----------------------  --------------------  
virtual_clock       -0.948      -16.561                     25                 3185       -0.045       -0.943                     58                 3185        1.725        0.000                       0                  3186  


------------------------------------------------------------------------------------------------
| Inter Clock Table
| -----------------
------------------------------------------------------------------------------------------------

From Clock    To Clock          WNS(ns)      TNS(ns)  TNS Failing Endpoints  TNS Total Endpoints      WHS(ns)      THS(ns)  THS Failing Endpoints  THS Total Endpoints  
----------    --------          -------      -------  ---------------------  -------------------      -------      -------  ---------------------  -------------------  


------------------------------------------------------------------------------------------------
| Other Path Groups Table
| -----------------------
------------------------------------------------------------------------------------------------

Path Group    From Clock    To Clock          WNS(ns)      TNS(ns)  TNS Failing Endpoints  TNS Total Endpoints      WHS(ns)      THS(ns)  THS Failing Endpoints  THS Total Endpoints  
----------    ----------    --------          -------      -------  ---------------------  -------------------      -------      -------  ---------------------  -------------------  


------------------------------------------------------------------------------------------------
| Timing Details
| --------------
------------------------------------------------------------------------------------------------


---------------------------------------------------------------------------------------------------
From Clock:  virtual_clock
  To Clock:  virtual_clock

Setup :           25  Failing Endpoints,  Worst Slack       -0.948ns,  Total Violation      -16.561ns
Hold  :           58  Failing Endpoints,  Worst Slack       -0.045ns,  Total Violation       -0.943ns
PW    :            0  Failing Endpoints,  Worst Slack        1.725ns,  Total Violation        0.000ns
---------------------------------------------------------------------------------------------------


Max Delay Paths
--------------------------------------------------------------------------------------
Slack (VIOLATED) :        -0.948ns  (required time - arrival time)
  Source:                 demux/sel_reg[1]/C
                            (rising edge-triggered cell FDRE clocked by virtual_clock  {rise@0.000ns fall@2.000ns period=4.000ns})
  Destination:            demux/sel_reg[4]/D
                            (rising edge-triggered cell FDSE clocked by virtual_clock  {rise@0.000ns fall@2.000ns period=4.000ns})
  Path Group:             virtual_clock
  Path Type:              Setup (Max at Slow Process Corner)
  Requirement:            4.000ns  (virtual_clock rise@4.000ns - virtual_clock rise@0.000ns)
  Data Path Delay:        4.840ns  (logic 1.905ns (39.359%)  route 2.935ns (60.640%))
  Logic Levels:           17  (CARRY8=9 LUT2=3 LUT3=2 LUT4=2 LUT6=1)
  Clock Path Skew:        -0.097ns (DCD - SCD + CPR)
    Destination Clock Delay (DCD):    1.725ns = ( 5.725 - 4.000 ) 
    Source Clock Delay      (SCD):    2.201ns
    Clock Pessimism Removal (CPR):    0.379ns
  Clock Uncertainty:      0.035ns  ((TSJ^2 + TIJ^2)^1/2 + DJ) / 2 + PE
    Total System Jitter     (TSJ):    0.071ns
    Total Input Jitter      (TIJ):    0.000ns
    Discrete Jitter          (DJ):    0.000ns
    Phase Error              (PE):    0.000ns
  Clock Net Delay (Source):      1.240ns (routing 0.210ns, distribution 1.030ns)
  Clock Net Delay (Destination): 1.055ns (routing 0.190ns, distribution 0.865ns)

    Location             Delay type                Incr(ns)  Path(ns)    Netlist Resource(s)
  -------------------------------------------------------------------    -------------------
                         (clock virtual_clock rise edge)
                                                      0.000     0.000 r  
    AR14                                              0.000     0.000 r  clk (IN)
                         net (fo=0)                   0.000     0.000    clk_IBUF_inst/I
    AR14                 INBUF (Prop_INBUF_HPIOB_M_PAD_O)
                                                      0.610     0.610 r  clk_IBUF_inst/INBUF_INST/O
                         net (fo=1, routed)           0.000     0.610    clk_IBUF_inst/OUT
    AR14                 IBUFCTRL (Prop_IBUFCTRL_HPIOB_M_I_O)
                                                      0.000     0.610 r  clk_IBUF_inst/IBUFCTRL_INST/O
                         net (fo=1, estimated)        0.323     0.933    clk_IBUF
    BUFGCE_X1Y212        BUFGCE (Prop_BUFCE_BUFGCE_I_O)
                                                      0.028     0.961 r  clk_IBUF_BUFG_inst/O
    X4Y8 (CLOCK_ROOT)    net (fo=3185, estimated)     1.240     2.201    demux/CLK
    SLICE_X120Y435       FDRE                                         r  demux/sel_reg[1]/C
  -------------------------------------------------------------------    -------------------
    SLICE_X120Y435       FDRE (Prop_DFF_SLICEL_C_Q)
                                                      0.079     2.280 r  demux/sel_reg[1]/Q
                         net (fo=70, estimated)       0.258     2.538    demux/sel[1]
    SLICE_X119Y435       CARRY8 (Prop_CARRY8_SLICEM_S[0]_O[4])
                                                      0.206     2.744 f  demux/sel_reg[8]_i_6/O[4]
                         net (fo=33, estimated)       0.350     3.094    p_1_in[5]
    SLICE_X120Y430       LUT3 (Prop_F5LUT_SLICEL_I0_O)
                                                      0.143     3.237 r  sel[8]_i_233/O
                         net (fo=2, estimated)        0.223     3.460    sel[8]_i_233_n_0
    SLICE_X120Y430       LUT4 (Prop_G6LUT_SLICEL_I0_O)
                                                      0.097     3.557 r  sel[8]_i_240/O
                         net (fo=1, routed)           0.008     3.565    demux/sel[8]_i_196_0[2]
    SLICE_X120Y430       CARRY8 (Prop_CARRY8_SLICEL_S[6]_CO[7])
                                                      0.115     3.680 f  demux/sel_reg[8]_i_200/CO[7]
                         net (fo=1, estimated)        0.026     3.706    demux/sel_reg[8]_i_200_n_0
    SLICE_X120Y431       CARRY8 (Prop_CARRY8_SLICEL_CI_CO[5])
                                                      0.077     3.783 f  demux/sel_reg[8]_i_166/CO[5]
                         net (fo=30, estimated)       0.284     4.067    demux_n_9
    SLICE_X119Y434       LUT2 (Prop_B5LUT_SLICEM_I0_O)
                                                      0.116     4.183 r  sel[8]_i_101/O
                         net (fo=17, estimated)       0.271     4.454    demux/sel[8]_i_64[1]
    SLICE_X119Y432       CARRY8 (Prop_CARRY8_SLICEM_DI[2]_O[5])
                                                      0.186     4.640 r  demux/sel_reg[8]_i_81/O[5]
                         net (fo=2, estimated)        0.253     4.893    demux_n_86
    SLICE_X117Y432       LUT3 (Prop_A5LUT_SLICEM_I2_O)
                                                      0.100     4.993 r  sel[8]_i_36/O
                         net (fo=2, estimated)        0.216     5.209    sel[8]_i_36_n_0
    SLICE_X117Y432       LUT4 (Prop_B6LUT_SLICEM_I3_O)
                                                      0.052     5.261 r  sel[8]_i_44/O
                         net (fo=1, routed)           0.016     5.277    demux/sel[8]_i_28_0[1]
    SLICE_X117Y432       CARRY8 (Prop_CARRY8_SLICEM_S[1]_CO[7])
                                                      0.190     5.467 r  demux/sel_reg[8]_i_20/CO[7]
                         net (fo=1, estimated)        0.026     5.493    demux/sel_reg[8]_i_20_n_0
    SLICE_X117Y433       CARRY8 (Prop_CARRY8_SLICEM_CI_O[0])
                                                      0.056     5.549 r  demux/sel_reg[8]_i_22/O[0]
                         net (fo=3, estimated)        0.319     5.868    demux/O[0]
    SLICE_X117Y434       CARRY8 (Prop_CARRY8_SLICEM_S[0]_O[4])
                                                      0.206     6.074 r  demux/sel_reg[8]_i_19/O[4]
                         net (fo=1, estimated)        0.251     6.325    demux_n_106
    SLICE_X117Y435       LUT2 (Prop_H6LUT_SLICEM_I1_O)
                                                      0.039     6.364 r  sel[8]_i_10/O
                         net (fo=1, routed)           0.015     6.379    demux/sel_reg[6]_0[6]
    SLICE_X117Y435       CARRY8 (Prop_CARRY8_SLICEM_S[7]_CO[7])
                                                      0.117     6.496 r  demux/sel_reg[8]_i_4/CO[7]
                         net (fo=1, estimated)        0.026     6.522    demux/sel_reg[8]_i_4_n_0
    SLICE_X117Y436       CARRY8 (Prop_CARRY8_SLICEM_CI_O[0])
                                                      0.056     6.578 f  demux/sel_reg[8]_i_3/O[0]
                         net (fo=6, estimated)        0.239     6.817    demux/sel_reg[8]_i_3_n_15
    SLICE_X118Y435       LUT2 (Prop_C6LUT_SLICEL_I1_O)
                                                      0.035     6.852 r  demux/sel[4]_i_2/O
                         net (fo=4, estimated)        0.103     6.955    demux/sel[4]_i_2_n_0
    SLICE_X118Y435       LUT6 (Prop_F6LUT_SLICEL_I0_O)
                                                      0.035     6.990 r  demux/sel[4]_i_1/O
                         net (fo=1, routed)           0.051     7.041    demux/sel20_in[4]
    SLICE_X118Y435       FDSE                                         r  demux/sel_reg[4]/D
  -------------------------------------------------------------------    -------------------

                         (clock virtual_clock rise edge)
                                                      4.000     4.000 r  
    AR14                                              0.000     4.000 r  clk (IN)
                         net (fo=0)                   0.000     4.000    clk_IBUF_inst/I
    AR14                 INBUF (Prop_INBUF_HPIOB_M_PAD_O)
                                                      0.359     4.359 r  clk_IBUF_inst/INBUF_INST/O
                         net (fo=1, routed)           0.000     4.359    clk_IBUF_inst/OUT
    AR14                 IBUFCTRL (Prop_IBUFCTRL_HPIOB_M_I_O)
                                                      0.000     4.359 r  clk_IBUF_inst/IBUFCTRL_INST/O
                         net (fo=1, estimated)        0.287     4.646    clk_IBUF
    BUFGCE_X1Y212        BUFGCE (Prop_BUFCE_BUFGCE_I_O)
                                                      0.024     4.670 r  clk_IBUF_BUFG_inst/O
    X4Y8 (CLOCK_ROOT)    net (fo=3185, estimated)     1.055     5.725    demux/CLK
    SLICE_X118Y435       FDSE                                         r  demux/sel_reg[4]/C
                         clock pessimism              0.379     6.104    
                         clock uncertainty           -0.035     6.069    
    SLICE_X118Y435       FDSE (Setup_FFF2_SLICEL_C_D)
                                                      0.025     6.094    demux/sel_reg[4]
  -------------------------------------------------------------------
                         required time                          6.094    
                         arrival time                          -7.041    
  -------------------------------------------------------------------
                         slack                                 -0.948    





Min Delay Paths
--------------------------------------------------------------------------------------
Slack (VIOLATED) :        -0.045ns  (arrival time - required time)
  Source:                 demux/genblk1[112].z_reg[112][0]/C
                            (rising edge-triggered cell FDRE clocked by virtual_clock  {rise@0.000ns fall@2.000ns period=4.000ns})
  Destination:            genblk1[112].reg_in/reg_out_reg[0]/D
                            (rising edge-triggered cell FDRE clocked by virtual_clock  {rise@0.000ns fall@2.000ns period=4.000ns})
  Path Group:             virtual_clock
  Path Type:              Hold (Min at Slow Process Corner)
  Requirement:            0.000ns  (virtual_clock rise@0.000ns - virtual_clock rise@0.000ns)
  Data Path Delay:        0.186ns  (logic 0.058ns (31.183%)  route 0.128ns (68.817%))
  Logic Levels:           0  
  Clock Path Skew:        0.171ns (DCD - SCD - CPR)
    Destination Clock Delay (DCD):    2.238ns
    Source Clock Delay      (SCD):    1.756ns
    Clock Pessimism Removal (CPR):    0.311ns
  Clock Net Delay (Source):      1.086ns (routing 0.190ns, distribution 0.896ns)
  Clock Net Delay (Destination): 1.277ns (routing 0.210ns, distribution 1.067ns)

    Location             Delay type                Incr(ns)  Path(ns)    Netlist Resource(s)
  -------------------------------------------------------------------    -------------------
                         (clock virtual_clock rise edge)
                                                      0.000     0.000 r  
    AR14                                              0.000     0.000 r  clk (IN)
                         net (fo=0)                   0.000     0.000    clk_IBUF_inst/I
    AR14                 INBUF (Prop_INBUF_HPIOB_M_PAD_O)
                                                      0.359     0.359 r  clk_IBUF_inst/INBUF_INST/O
                         net (fo=1, routed)           0.000     0.359    clk_IBUF_inst/OUT
    AR14                 IBUFCTRL (Prop_IBUFCTRL_HPIOB_M_I_O)
                                                      0.000     0.359 r  clk_IBUF_inst/IBUFCTRL_INST/O
                         net (fo=1, estimated)        0.287     0.646    clk_IBUF
    BUFGCE_X1Y212        BUFGCE (Prop_BUFCE_BUFGCE_I_O)
                                                      0.024     0.670 r  clk_IBUF_BUFG_inst/O
    X4Y8 (CLOCK_ROOT)    net (fo=3185, estimated)     1.086     1.756    demux/CLK
    SLICE_X126Y481       FDRE                                         r  demux/genblk1[112].z_reg[112][0]/C
  -------------------------------------------------------------------    -------------------
    SLICE_X126Y481       FDRE (Prop_HFF_SLICEL_C_Q)
                                                      0.058     1.814 r  demux/genblk1[112].z_reg[112][0]/Q
                         net (fo=1, estimated)        0.128     1.942    genblk1[112].reg_in/D[0]
    SLICE_X126Y479       FDRE                                         r  genblk1[112].reg_in/reg_out_reg[0]/D
  -------------------------------------------------------------------    -------------------

                         (clock virtual_clock rise edge)
                                                      0.000     0.000 r  
    AR14                                              0.000     0.000 r  clk (IN)
                         net (fo=0)                   0.000     0.000    clk_IBUF_inst/I
    AR14                 INBUF (Prop_INBUF_HPIOB_M_PAD_O)
                                                      0.610     0.610 r  clk_IBUF_inst/INBUF_INST/O
                         net (fo=1, routed)           0.000     0.610    clk_IBUF_inst/OUT
    AR14                 IBUFCTRL (Prop_IBUFCTRL_HPIOB_M_I_O)
                                                      0.000     0.610 r  clk_IBUF_inst/IBUFCTRL_INST/O
                         net (fo=1, estimated)        0.323     0.933    clk_IBUF
    BUFGCE_X1Y212        BUFGCE (Prop_BUFCE_BUFGCE_I_O)
                                                      0.028     0.961 r  clk_IBUF_BUFG_inst/O
    X4Y8 (CLOCK_ROOT)    net (fo=3185, estimated)     1.277     2.238    genblk1[112].reg_in/CLK
    SLICE_X126Y479       FDRE                                         r  genblk1[112].reg_in/reg_out_reg[0]/C
                         clock pessimism             -0.311     1.927    
    SLICE_X126Y479       FDRE (Hold_AFF_SLICEL_C_D)
                                                      0.060     1.987    genblk1[112].reg_in/reg_out_reg[0]
  -------------------------------------------------------------------
                         required time                         -1.987    
                         arrival time                           1.942    
  -------------------------------------------------------------------
                         slack                                 -0.045    





Pulse Width Checks
--------------------------------------------------------------------------------------
Clock Name:         virtual_clock
Waveform(ns):       { 0.000 2.000 }
Period(ns):         4.000
Sources:            { clk }

Check Type        Corner  Lib Pin   Reference Pin  Required(ns)  Actual(ns)  Slack(ns)  Location        Pin
Min Period        n/a     BUFGCE/I  n/a            1.290         4.000       2.710      BUFGCE_X1Y212   clk_IBUF_BUFG_inst/I
Low Pulse Width   Slow    FDRE/C    n/a            0.275         2.000       1.725      SLICE_X122Y450  genblk1[293].reg_in/reg_out_reg[1]/C
High Pulse Width  Fast    FDRE/C    n/a            0.275         2.000       1.725      SLICE_X125Y458  demux/genblk1[279].z_reg[279][6]/C



