Copyright 1986-2020 Xilinx, Inc. All Rights Reserved.
-------------------------------------------------------------------------------------------------------
| Tool Version      : Vivado v.2020.1 (lin64) Build 2902540 Wed May 27 19:54:35 MDT 2020
| Date              : Tue Mar 15 10:24:56 2022
| Host              : lepus running 64-bit CentOS Linux release 7.9.2009 (Core)
| Command           : report_timing_summary -file ./output/fc1_99/report/timing-summary-post-place.rpt
| Design            : top
| Device            : xcvu9p-flga2104
| Speed File        : -2L  PRODUCTION 1.27 02-28-2020
| Temperature Grade : E
-------------------------------------------------------------------------------------------------------

Timing Summary Report

------------------------------------------------------------------------------------------------
| Timer Settings
| --------------
------------------------------------------------------------------------------------------------

  Enable Multi Corner Analysis               :  Yes
  Enable Pessimism Removal                   :  Yes
  Pessimism Removal Resolution               :  Nearest Common Node
  Enable Input Delay Default Clock           :  No
  Enable Preset / Clear Arcs                 :  No
  Disable Flight Delays                      :  No
  Ignore I/O Paths                           :  No
  Timing Early Launch at Borrowing Latches   :  No
  Borrow Time for Max Delay Exceptions       :  Yes
  Merge Timing Exceptions                    :  Yes

  Corner  Analyze    Analyze    
  Name    Max Paths  Min Paths  
  ------  ---------  ---------  
  Slow    Yes        Yes        
  Fast    Yes        Yes        



check_timing report

Table of Contents
-----------------
1. checking no_clock (0)
2. checking constant_clock (0)
3. checking pulse_width_clock (0)
4. checking unconstrained_internal_endpoints (0)
5. checking no_input_delay (10)
6. checking no_output_delay (24)
7. checking multiple_clock (0)
8. checking generated_clocks (0)
9. checking loops (0)
10. checking partial_input_delay (0)
11. checking partial_output_delay (0)
12. checking latch_loops (0)

1. checking no_clock (0)
------------------------
 There are 0 register/latch pins with no clock.


2. checking constant_clock (0)
------------------------------
 There are 0 register/latch pins with constant_clock.


3. checking pulse_width_clock (0)
---------------------------------
 There are 0 register/latch pins which need pulse_width check


4. checking unconstrained_internal_endpoints (0)
------------------------------------------------
 There are 0 pins that are not constrained for maximum delay.

 There are 0 pins that are not constrained for maximum delay due to constant clock.


5. checking no_input_delay (10)
-------------------------------
 There are 10 input ports with no input delay specified. (HIGH)

 There are 0 input ports with no input delay but user has a false path constraint.


6. checking no_output_delay (24)
--------------------------------
 There are 24 ports with no output delay specified. (HIGH)

 There are 0 ports with no output delay but user has a false path constraint

 There are 0 ports with no output delay but with a timing clock defined on it or propagating through it


7. checking multiple_clock (0)
------------------------------
 There are 0 register/latch pins with multiple clocks.


8. checking generated_clocks (0)
--------------------------------
 There are 0 generated clocks that are not connected to a clock source.


9. checking loops (0)
---------------------
 There are 0 combinational loops in the design.


10. checking partial_input_delay (0)
------------------------------------
 There are 0 input ports with partial input delay specified.


11. checking partial_output_delay (0)
-------------------------------------
 There are 0 ports with partial output delay specified.


12. checking latch_loops (0)
----------------------------
 There are 0 combinational latch loops in the design through latch input



------------------------------------------------------------------------------------------------
| Design Timing Summary
| ---------------------
------------------------------------------------------------------------------------------------

    WNS(ns)      TNS(ns)  TNS Failing Endpoints  TNS Total Endpoints      WHS(ns)      THS(ns)  THS Failing Endpoints  THS Total Endpoints     WPWS(ns)     TPWS(ns)  TPWS Failing Endpoints  TPWS Total Endpoints  
    -------      -------  ---------------------  -------------------      -------      -------  ---------------------  -------------------     --------     --------  ----------------------  --------------------  
     -0.721      -10.778                     24                 2961       -0.037       -0.892                     46                 2961        1.725        0.000                       0                  2962  


Timing constraints are not met.


------------------------------------------------------------------------------------------------
| Clock Summary
| -------------
------------------------------------------------------------------------------------------------

Clock          Waveform(ns)         Period(ns)      Frequency(MHz)
-----          ------------         ----------      --------------
virtual_clock  {0.000 2.000}        4.000           250.000         


------------------------------------------------------------------------------------------------
| Intra Clock Table
| -----------------
------------------------------------------------------------------------------------------------

Clock              WNS(ns)      TNS(ns)  TNS Failing Endpoints  TNS Total Endpoints      WHS(ns)      THS(ns)  THS Failing Endpoints  THS Total Endpoints     WPWS(ns)     TPWS(ns)  TPWS Failing Endpoints  TPWS Total Endpoints  
-----              -------      -------  ---------------------  -------------------      -------      -------  ---------------------  -------------------     --------     --------  ----------------------  --------------------  
virtual_clock       -0.721      -10.778                     24                 2961       -0.037       -0.892                     46                 2961        1.725        0.000                       0                  2962  


------------------------------------------------------------------------------------------------
| Inter Clock Table
| -----------------
------------------------------------------------------------------------------------------------

From Clock    To Clock          WNS(ns)      TNS(ns)  TNS Failing Endpoints  TNS Total Endpoints      WHS(ns)      THS(ns)  THS Failing Endpoints  THS Total Endpoints  
----------    --------          -------      -------  ---------------------  -------------------      -------      -------  ---------------------  -------------------  


------------------------------------------------------------------------------------------------
| Other Path Groups Table
| -----------------------
------------------------------------------------------------------------------------------------

Path Group    From Clock    To Clock          WNS(ns)      TNS(ns)  TNS Failing Endpoints  TNS Total Endpoints      WHS(ns)      THS(ns)  THS Failing Endpoints  THS Total Endpoints  
----------    ----------    --------          -------      -------  ---------------------  -------------------      -------      -------  ---------------------  -------------------  


------------------------------------------------------------------------------------------------
| Timing Details
| --------------
------------------------------------------------------------------------------------------------


---------------------------------------------------------------------------------------------------
From Clock:  virtual_clock
  To Clock:  virtual_clock

Setup :           24  Failing Endpoints,  Worst Slack       -0.721ns,  Total Violation      -10.778ns
Hold  :           46  Failing Endpoints,  Worst Slack       -0.037ns,  Total Violation       -0.892ns
PW    :            0  Failing Endpoints,  Worst Slack        1.725ns,  Total Violation        0.000ns
---------------------------------------------------------------------------------------------------


Max Delay Paths
--------------------------------------------------------------------------------------
Slack (VIOLATED) :        -0.721ns  (required time - arrival time)
  Source:                 demux/sel_reg[5]/C
                            (rising edge-triggered cell FDRE clocked by virtual_clock  {rise@0.000ns fall@2.000ns period=4.000ns})
  Destination:            demux/sel_reg[3]/D
                            (rising edge-triggered cell FDRE clocked by virtual_clock  {rise@0.000ns fall@2.000ns period=4.000ns})
  Path Group:             virtual_clock
  Path Type:              Setup (Max at Slow Process Corner)
  Requirement:            4.000ns  (virtual_clock rise@4.000ns - virtual_clock rise@0.000ns)
  Data Path Delay:        4.650ns  (logic 1.746ns (37.548%)  route 2.904ns (62.452%))
  Logic Levels:           18  (CARRY8=10 LUT2=1 LUT3=2 LUT4=2 LUT5=1 LUT6=2)
  Clock Path Skew:        -0.060ns (DCD - SCD + CPR)
    Destination Clock Delay (DCD):    1.757ns = ( 5.757 - 4.000 ) 
    Source Clock Delay      (SCD):    2.238ns
    Clock Pessimism Removal (CPR):    0.421ns
  Clock Uncertainty:      0.035ns  ((TSJ^2 + TIJ^2)^1/2 + DJ) / 2 + PE
    Total System Jitter     (TSJ):    0.071ns
    Total Input Jitter      (TIJ):    0.000ns
    Discrete Jitter          (DJ):    0.000ns
    Phase Error              (PE):    0.000ns
  Clock Net Delay (Source):      1.277ns (routing 0.210ns, distribution 1.067ns)
  Clock Net Delay (Destination): 1.087ns (routing 0.190ns, distribution 0.897ns)

    Location             Delay type                Incr(ns)  Path(ns)    Netlist Resource(s)
  -------------------------------------------------------------------    -------------------
                         (clock virtual_clock rise edge)
                                                      0.000     0.000 r  
    AR14                                              0.000     0.000 r  clk (IN)
                         net (fo=0)                   0.000     0.000    clk_IBUF_inst/I
    AR14                 INBUF (Prop_INBUF_HPIOB_M_PAD_O)
                                                      0.610     0.610 r  clk_IBUF_inst/INBUF_INST/O
                         net (fo=1, routed)           0.000     0.610    clk_IBUF_inst/OUT
    AR14                 IBUFCTRL (Prop_IBUFCTRL_HPIOB_M_I_O)
                                                      0.000     0.610 r  clk_IBUF_inst/IBUFCTRL_INST/O
                         net (fo=1, estimated)        0.323     0.933    clk_IBUF
    BUFGCE_X1Y212        BUFGCE (Prop_BUFCE_BUFGCE_I_O)
                                                      0.028     0.961 r  clk_IBUF_BUFG_inst/O
    X4Y8 (CLOCK_ROOT)    net (fo=2961, estimated)     1.277     2.238    demux/CLK
    SLICE_X131Y448       FDRE                                         r  demux/sel_reg[5]/C
  -------------------------------------------------------------------    -------------------
    SLICE_X131Y448       FDRE (Prop_EFF_SLICEM_C_Q)
                                                      0.076     2.314 r  demux/sel_reg[5]/Q
                         net (fo=55, estimated)       0.358     2.672    demux/sel[5]
    SLICE_X132Y449       CARRY8 (Prop_CARRY8_SLICEL_S[4]_CO[7])
                                                      0.153     2.825 r  demux/sel_reg[8]_i_6/CO[7]
                         net (fo=1, estimated)        0.052     2.877    demux/sel_reg[8]_i_6_n_0
    SLICE_X132Y450       CARRY8 (Prop_CARRY8_SLICEL_CI_CO[0])
                                                      0.052     2.929 r  demux/sel_reg[8]_i_20/CO[0]
                         net (fo=39, estimated)       0.424     3.353    p_1_in[9]
    SLICE_X133Y440       LUT6 (Prop_F6LUT_SLICEM_I5_O)
                                                      0.037     3.390 r  sel[8]_i_231/O
                         net (fo=1, routed)           0.022     3.412    demux/S[1]
    SLICE_X133Y440       CARRY8 (Prop_CARRY8_SLICEM_S[5]_CO[7])
                                                      0.159     3.571 f  demux/sel_reg[8]_i_196/CO[7]
                         net (fo=1, estimated)        0.026     3.597    demux/sel_reg[8]_i_196_n_0
    SLICE_X133Y441       CARRY8 (Prop_CARRY8_SLICEM_CI_CO[5])
                                                      0.077     3.674 f  demux/sel_reg[8]_i_171/CO[5]
                         net (fo=41, estimated)       0.297     3.971    demux_n_10
    SLICE_X133Y444       LUT3 (Prop_G5LUT_SLICEM_I2_O)
                                                      0.099     4.070 r  sel[8]_i_135/O
                         net (fo=2, estimated)        0.219     4.289    sel[8]_i_135_n_0
    SLICE_X133Y444       LUT4 (Prop_H6LUT_SLICEM_I3_O)
                                                      0.053     4.342 r  sel[8]_i_142/O
                         net (fo=1, routed)           0.015     4.357    demux/sel[8]_i_73_0[6]
    SLICE_X133Y444       CARRY8 (Prop_CARRY8_SLICEM_S[7]_CO[7])
                                                      0.117     4.474 r  demux/sel_reg[8]_i_81/CO[7]
                         net (fo=1, estimated)        0.026     4.500    demux/sel_reg[8]_i_81_n_0
    SLICE_X133Y445       CARRY8 (Prop_CARRY8_SLICEM_CI_O[1])
                                                      0.076     4.576 r  demux/sel_reg[8]_i_77/O[1]
                         net (fo=2, estimated)        0.305     4.881    demux_n_89
    SLICE_X131Y445       LUT3 (Prop_E5LUT_SLICEM_I1_O)
                                                      0.102     4.983 r  sel[8]_i_32/O
                         net (fo=2, estimated)        0.160     5.143    sel[8]_i_32_n_0
    SLICE_X131Y445       LUT4 (Prop_F6LUT_SLICEM_I3_O)
                                                      0.051     5.194 r  sel[8]_i_40/O
                         net (fo=1, routed)           0.022     5.216    demux/sel[8]_i_25_0[5]
    SLICE_X131Y445       CARRY8 (Prop_CARRY8_SLICEM_S[5]_CO[7])
                                                      0.159     5.375 r  demux/sel_reg[8]_i_19/CO[7]
                         net (fo=1, estimated)        0.026     5.401    demux/sel_reg[8]_i_19_n_0
    SLICE_X131Y446       CARRY8 (Prop_CARRY8_SLICEM_CI_O[0])
                                                      0.056     5.457 r  demux/sel_reg[8]_i_22/O[0]
                         net (fo=4, estimated)        0.326     5.783    demux_n_104
    SLICE_X131Y447       CARRY8 (Prop_CARRY8_SLICEM_S[0]_O[2])
                                                      0.134     5.917 r  sel_reg[8]_i_18/O[2]
                         net (fo=1, estimated)        0.170     6.087    sel_reg[8]_i_18_n_13
    SLICE_X132Y447       LUT2 (Prop_F6LUT_SLICEL_I1_O)
                                                      0.035     6.122 r  sel[8]_i_10/O
                         net (fo=1, routed)           0.011     6.133    demux/sel_reg[5]_0[4]
    SLICE_X132Y447       CARRY8 (Prop_CARRY8_SLICEL_S[5]_O[7])
                                                      0.134     6.267 r  demux/sel_reg[8]_i_4/O[7]
                         net (fo=10, estimated)       0.270     6.537    demux/sel_reg[8]_i_4_n_8
    SLICE_X131Y449       LUT5 (Prop_A6LUT_SLICEM_I1_O)
                                                      0.125     6.662 r  demux/sel[3]_i_2/O
                         net (fo=4, estimated)        0.109     6.771    demux/sel[3]_i_2_n_0
    SLICE_X131Y449       LUT6 (Prop_C6LUT_SLICEM_I0_O)
                                                      0.051     6.822 r  demux/sel[3]_i_1/O
                         net (fo=1, routed)           0.066     6.888    demux/sel20_in[3]
    SLICE_X131Y449       FDRE                                         r  demux/sel_reg[3]/D
  -------------------------------------------------------------------    -------------------

                         (clock virtual_clock rise edge)
                                                      4.000     4.000 r  
    AR14                                              0.000     4.000 r  clk (IN)
                         net (fo=0)                   0.000     4.000    clk_IBUF_inst/I
    AR14                 INBUF (Prop_INBUF_HPIOB_M_PAD_O)
                                                      0.359     4.359 r  clk_IBUF_inst/INBUF_INST/O
                         net (fo=1, routed)           0.000     4.359    clk_IBUF_inst/OUT
    AR14                 IBUFCTRL (Prop_IBUFCTRL_HPIOB_M_I_O)
                                                      0.000     4.359 r  clk_IBUF_inst/IBUFCTRL_INST/O
                         net (fo=1, estimated)        0.287     4.646    clk_IBUF
    BUFGCE_X1Y212        BUFGCE (Prop_BUFCE_BUFGCE_I_O)
                                                      0.024     4.670 r  clk_IBUF_BUFG_inst/O
    X4Y8 (CLOCK_ROOT)    net (fo=2961, estimated)     1.087     5.757    demux/CLK
    SLICE_X131Y449       FDRE                                         r  demux/sel_reg[3]/C
                         clock pessimism              0.421     6.178    
                         clock uncertainty           -0.035     6.143    
    SLICE_X131Y449       FDRE (Setup_CFF_SLICEM_C_D)
                                                      0.025     6.168    demux/sel_reg[3]
  -------------------------------------------------------------------
                         required time                          6.168    
                         arrival time                          -6.888    
  -------------------------------------------------------------------
                         slack                                 -0.721    





Min Delay Paths
--------------------------------------------------------------------------------------
Slack (VIOLATED) :        -0.037ns  (arrival time - required time)
  Source:                 demux/genblk1[288].z_reg[288][2]/C
                            (rising edge-triggered cell FDRE clocked by virtual_clock  {rise@0.000ns fall@2.000ns period=4.000ns})
  Destination:            genblk1[288].reg_in/reg_out_reg[2]/D
                            (rising edge-triggered cell FDRE clocked by virtual_clock  {rise@0.000ns fall@2.000ns period=4.000ns})
  Path Group:             virtual_clock
  Path Type:              Hold (Min at Slow Process Corner)
  Requirement:            0.000ns  (virtual_clock rise@0.000ns - virtual_clock rise@0.000ns)
  Data Path Delay:        0.136ns  (logic 0.058ns (42.647%)  route 0.078ns (57.353%))
  Logic Levels:           0  
  Clock Path Skew:        0.111ns (DCD - SCD - CPR)
    Destination Clock Delay (DCD):    2.209ns
    Source Clock Delay      (SCD):    1.720ns
    Clock Pessimism Removal (CPR):    0.378ns
  Clock Net Delay (Source):      1.050ns (routing 0.190ns, distribution 0.860ns)
  Clock Net Delay (Destination): 1.248ns (routing 0.210ns, distribution 1.038ns)

    Location             Delay type                Incr(ns)  Path(ns)    Netlist Resource(s)
  -------------------------------------------------------------------    -------------------
                         (clock virtual_clock rise edge)
                                                      0.000     0.000 r  
    AR14                                              0.000     0.000 r  clk (IN)
                         net (fo=0)                   0.000     0.000    clk_IBUF_inst/I
    AR14                 INBUF (Prop_INBUF_HPIOB_M_PAD_O)
                                                      0.359     0.359 r  clk_IBUF_inst/INBUF_INST/O
                         net (fo=1, routed)           0.000     0.359    clk_IBUF_inst/OUT
    AR14                 IBUFCTRL (Prop_IBUFCTRL_HPIOB_M_I_O)
                                                      0.000     0.359 r  clk_IBUF_inst/IBUFCTRL_INST/O
                         net (fo=1, estimated)        0.287     0.646    clk_IBUF
    BUFGCE_X1Y212        BUFGCE (Prop_BUFCE_BUFGCE_I_O)
                                                      0.024     0.670 r  clk_IBUF_BUFG_inst/O
    X4Y8 (CLOCK_ROOT)    net (fo=2961, estimated)     1.050     1.720    demux/CLK
    SLICE_X120Y490       FDRE                                         r  demux/genblk1[288].z_reg[288][2]/C
  -------------------------------------------------------------------    -------------------
    SLICE_X120Y490       FDRE (Prop_AFF_SLICEL_C_Q)
                                                      0.058     1.778 r  demux/genblk1[288].z_reg[288][2]/Q
                         net (fo=1, estimated)        0.078     1.856    genblk1[288].reg_in/D[2]
    SLICE_X121Y490       FDRE                                         r  genblk1[288].reg_in/reg_out_reg[2]/D
  -------------------------------------------------------------------    -------------------

                         (clock virtual_clock rise edge)
                                                      0.000     0.000 r  
    AR14                                              0.000     0.000 r  clk (IN)
                         net (fo=0)                   0.000     0.000    clk_IBUF_inst/I
    AR14                 INBUF (Prop_INBUF_HPIOB_M_PAD_O)
                                                      0.610     0.610 r  clk_IBUF_inst/INBUF_INST/O
                         net (fo=1, routed)           0.000     0.610    clk_IBUF_inst/OUT
    AR14                 IBUFCTRL (Prop_IBUFCTRL_HPIOB_M_I_O)
                                                      0.000     0.610 r  clk_IBUF_inst/IBUFCTRL_INST/O
                         net (fo=1, estimated)        0.323     0.933    clk_IBUF
    BUFGCE_X1Y212        BUFGCE (Prop_BUFCE_BUFGCE_I_O)
                                                      0.028     0.961 r  clk_IBUF_BUFG_inst/O
    X4Y8 (CLOCK_ROOT)    net (fo=2961, estimated)     1.248     2.209    genblk1[288].reg_in/CLK
    SLICE_X121Y490       FDRE                                         r  genblk1[288].reg_in/reg_out_reg[2]/C
                         clock pessimism             -0.378     1.832    
    SLICE_X121Y490       FDRE (Hold_BFF2_SLICEM_C_D)
                                                      0.062     1.894    genblk1[288].reg_in/reg_out_reg[2]
  -------------------------------------------------------------------
                         required time                         -1.894    
                         arrival time                           1.856    
  -------------------------------------------------------------------
                         slack                                 -0.037    





Pulse Width Checks
--------------------------------------------------------------------------------------
Clock Name:         virtual_clock
Waveform(ns):       { 0.000 2.000 }
Period(ns):         4.000
Sources:            { clk }

Check Type        Corner  Lib Pin   Reference Pin  Required(ns)  Actual(ns)  Slack(ns)  Location        Pin
Min Period        n/a     BUFGCE/I  n/a            1.290         4.000       2.710      BUFGCE_X1Y212   clk_IBUF_BUFG_inst/I
Low Pulse Width   Slow    FDRE/C    n/a            0.275         2.000       1.725      SLICE_X127Y493  demux/genblk1[323].z_reg[323][0]/C
High Pulse Width  Slow    FDRE/C    n/a            0.275         2.000       1.725      SLICE_X119Y468  demux/genblk1[31].z_reg[31][3]/C



