Copyright 1986-2020 Xilinx, Inc. All Rights Reserved.
-------------------------------------------------------------------------------------------------------
| Tool Version      : Vivado v.2020.1 (lin64) Build 2902540 Wed May 27 19:54:35 MDT 2020
| Date              : Tue Mar 15 09:32:59 2022
| Host              : lepus running 64-bit CentOS Linux release 7.9.2009 (Core)
| Command           : report_timing_summary -file ./output/fc1_94/report/timing-summary-post-place.rpt
| Design            : top
| Device            : xcvu9p-flga2104
| Speed File        : -2L  PRODUCTION 1.27 02-28-2020
| Temperature Grade : E
-------------------------------------------------------------------------------------------------------

Timing Summary Report

------------------------------------------------------------------------------------------------
| Timer Settings
| --------------
------------------------------------------------------------------------------------------------

  Enable Multi Corner Analysis               :  Yes
  Enable Pessimism Removal                   :  Yes
  Pessimism Removal Resolution               :  Nearest Common Node
  Enable Input Delay Default Clock           :  No
  Enable Preset / Clear Arcs                 :  No
  Disable Flight Delays                      :  No
  Ignore I/O Paths                           :  No
  Timing Early Launch at Borrowing Latches   :  No
  Borrow Time for Max Delay Exceptions       :  Yes
  Merge Timing Exceptions                    :  Yes

  Corner  Analyze    Analyze    
  Name    Max Paths  Min Paths  
  ------  ---------  ---------  
  Slow    Yes        Yes        
  Fast    Yes        Yes        



check_timing report

Table of Contents
-----------------
1. checking no_clock (0)
2. checking constant_clock (0)
3. checking pulse_width_clock (0)
4. checking unconstrained_internal_endpoints (0)
5. checking no_input_delay (10)
6. checking no_output_delay (22)
7. checking multiple_clock (0)
8. checking generated_clocks (0)
9. checking loops (0)
10. checking partial_input_delay (0)
11. checking partial_output_delay (0)
12. checking latch_loops (0)

1. checking no_clock (0)
------------------------
 There are 0 register/latch pins with no clock.


2. checking constant_clock (0)
------------------------------
 There are 0 register/latch pins with constant_clock.


3. checking pulse_width_clock (0)
---------------------------------
 There are 0 register/latch pins which need pulse_width check


4. checking unconstrained_internal_endpoints (0)
------------------------------------------------
 There are 0 pins that are not constrained for maximum delay.

 There are 0 pins that are not constrained for maximum delay due to constant clock.


5. checking no_input_delay (10)
-------------------------------
 There are 10 input ports with no input delay specified. (HIGH)

 There are 0 input ports with no input delay but user has a false path constraint.


6. checking no_output_delay (22)
--------------------------------
 There are 22 ports with no output delay specified. (HIGH)

 There are 0 ports with no output delay but user has a false path constraint

 There are 0 ports with no output delay but with a timing clock defined on it or propagating through it


7. checking multiple_clock (0)
------------------------------
 There are 0 register/latch pins with multiple clocks.


8. checking generated_clocks (0)
--------------------------------
 There are 0 generated clocks that are not connected to a clock source.


9. checking loops (0)
---------------------
 There are 0 combinational loops in the design.


10. checking partial_input_delay (0)
------------------------------------
 There are 0 input ports with partial input delay specified.


11. checking partial_output_delay (0)
-------------------------------------
 There are 0 ports with partial output delay specified.


12. checking latch_loops (0)
----------------------------
 There are 0 combinational latch loops in the design through latch input



------------------------------------------------------------------------------------------------
| Design Timing Summary
| ---------------------
------------------------------------------------------------------------------------------------

    WNS(ns)      TNS(ns)  TNS Failing Endpoints  TNS Total Endpoints      WHS(ns)      THS(ns)  THS Failing Endpoints  THS Total Endpoints     WPWS(ns)     TPWS(ns)  TPWS Failing Endpoints  TPWS Total Endpoints  
    -------      -------  ---------------------  -------------------      -------      -------  ---------------------  -------------------     --------     --------  ----------------------  --------------------  
     -0.695       -5.557                     12                 1151       -0.076       -0.495                     21                 1151        1.725        0.000                       0                  1152  


Timing constraints are not met.


------------------------------------------------------------------------------------------------
| Clock Summary
| -------------
------------------------------------------------------------------------------------------------

Clock          Waveform(ns)         Period(ns)      Frequency(MHz)
-----          ------------         ----------      --------------
virtual_clock  {0.000 2.000}        4.000           250.000         


------------------------------------------------------------------------------------------------
| Intra Clock Table
| -----------------
------------------------------------------------------------------------------------------------

Clock              WNS(ns)      TNS(ns)  TNS Failing Endpoints  TNS Total Endpoints      WHS(ns)      THS(ns)  THS Failing Endpoints  THS Total Endpoints     WPWS(ns)     TPWS(ns)  TPWS Failing Endpoints  TPWS Total Endpoints  
-----              -------      -------  ---------------------  -------------------      -------      -------  ---------------------  -------------------     --------     --------  ----------------------  --------------------  
virtual_clock       -0.695       -5.557                     12                 1151       -0.076       -0.495                     21                 1151        1.725        0.000                       0                  1152  


------------------------------------------------------------------------------------------------
| Inter Clock Table
| -----------------
------------------------------------------------------------------------------------------------

From Clock    To Clock          WNS(ns)      TNS(ns)  TNS Failing Endpoints  TNS Total Endpoints      WHS(ns)      THS(ns)  THS Failing Endpoints  THS Total Endpoints  
----------    --------          -------      -------  ---------------------  -------------------      -------      -------  ---------------------  -------------------  


------------------------------------------------------------------------------------------------
| Other Path Groups Table
| -----------------------
------------------------------------------------------------------------------------------------

Path Group    From Clock    To Clock          WNS(ns)      TNS(ns)  TNS Failing Endpoints  TNS Total Endpoints      WHS(ns)      THS(ns)  THS Failing Endpoints  THS Total Endpoints  
----------    ----------    --------          -------      -------  ---------------------  -------------------      -------      -------  ---------------------  -------------------  


------------------------------------------------------------------------------------------------
| Timing Details
| --------------
------------------------------------------------------------------------------------------------


---------------------------------------------------------------------------------------------------
From Clock:  virtual_clock
  To Clock:  virtual_clock

Setup :           12  Failing Endpoints,  Worst Slack       -0.695ns,  Total Violation       -5.557ns
Hold  :           21  Failing Endpoints,  Worst Slack       -0.076ns,  Total Violation       -0.495ns
PW    :            0  Failing Endpoints,  Worst Slack        1.725ns,  Total Violation        0.000ns
---------------------------------------------------------------------------------------------------


Max Delay Paths
--------------------------------------------------------------------------------------
Slack (VIOLATED) :        -0.695ns  (required time - arrival time)
  Source:                 demux/sel_reg[4]/C
                            (rising edge-triggered cell FDSE clocked by virtual_clock  {rise@0.000ns fall@2.000ns period=4.000ns})
  Destination:            demux/sel_reg[1]/D
                            (rising edge-triggered cell FDRE clocked by virtual_clock  {rise@0.000ns fall@2.000ns period=4.000ns})
  Path Group:             virtual_clock
  Path Type:              Setup (Max at Slow Process Corner)
  Requirement:            4.000ns  (virtual_clock rise@4.000ns - virtual_clock rise@0.000ns)
  Data Path Delay:        4.578ns  (logic 1.781ns (38.903%)  route 2.797ns (61.097%))
  Logic Levels:           18  (CARRY8=10 LUT2=1 LUT3=3 LUT4=2 LUT5=1 LUT6=1)
  Clock Path Skew:        -0.106ns (DCD - SCD + CPR)
    Destination Clock Delay (DCD):    1.674ns = ( 5.674 - 4.000 ) 
    Source Clock Delay      (SCD):    2.155ns
    Clock Pessimism Removal (CPR):    0.376ns
  Clock Uncertainty:      0.035ns  ((TSJ^2 + TIJ^2)^1/2 + DJ) / 2 + PE
    Total System Jitter     (TSJ):    0.071ns
    Total Input Jitter      (TIJ):    0.000ns
    Discrete Jitter          (DJ):    0.000ns
    Phase Error              (PE):    0.000ns
  Clock Net Delay (Source):      1.209ns (routing 0.210ns, distribution 0.999ns)
  Clock Net Delay (Destination): 1.018ns (routing 0.190ns, distribution 0.828ns)

    Location             Delay type                Incr(ns)  Path(ns)    Netlist Resource(s)
  -------------------------------------------------------------------    -------------------
                         (clock virtual_clock rise edge)
                                                      0.000     0.000 r  
    AP13                                              0.000     0.000 r  clk (IN)
                         net (fo=0)                   0.000     0.000    clk_IBUF_inst/I
    AP13                 INBUF (Prop_INBUF_HPIOB_M_PAD_O)
                                                      0.595     0.595 r  clk_IBUF_inst/INBUF_INST/O
                         net (fo=1, routed)           0.000     0.595    clk_IBUF_inst/OUT
    AP13                 IBUFCTRL (Prop_IBUFCTRL_HPIOB_M_I_O)
                                                      0.000     0.595 r  clk_IBUF_inst/IBUFCTRL_INST/O
                         net (fo=1, estimated)        0.323     0.918    clk_IBUF
    BUFGCE_X1Y194        BUFGCE (Prop_BUFCE_BUFGCE_I_O)
                                                      0.028     0.946 r  clk_IBUF_BUFG_inst/O
    X4Y8 (CLOCK_ROOT)    net (fo=1151, estimated)     1.209     2.155    demux/CLK
    SLICE_X115Y482       FDSE                                         r  demux/sel_reg[4]/C
  -------------------------------------------------------------------    -------------------
    SLICE_X115Y482       FDSE (Prop_CFF_SLICEL_C_Q)
                                                      0.079     2.234 r  demux/sel_reg[4]/Q
                         net (fo=39, estimated)       0.330     2.564    demux/sel[4]
    SLICE_X113Y482       CARRY8 (Prop_CARRY8_SLICEM_S[3]_O[5])
                                                      0.184     2.748 f  demux/sel_reg[8]_i_6/O[5]
                         net (fo=41, estimated)       0.203     2.951    demux/sel_reg[0]_0[5]
    SLICE_X113Y482       LUT3 (Prop_E5LUT_SLICEM_I0_O)
                                                      0.113     3.064 f  demux/sel[8]_i_240/O
                         net (fo=1, estimated)        0.200     3.264    demux/sel[8]_i_240_n_0
    SLICE_X112Y482       CARRY8 (Prop_CARRY8_SLICEL_DI[4]_CO[7])
                                                      0.091     3.355 f  demux/sel_reg[8]_i_213/CO[7]
                         net (fo=1, estimated)        0.026     3.381    demux/sel_reg[8]_i_213_n_0
    SLICE_X112Y483       CARRY8 (Prop_CARRY8_SLICEL_CI_CO[5])
                                                      0.077     3.458 f  demux/sel_reg[8]_i_195/CO[5]
                         net (fo=30, estimated)       0.293     3.751    demux_n_9
    SLICE_X112Y479       LUT3 (Prop_G5LUT_SLICEL_I1_O)
                                                      0.111     3.862 r  sel[8]_i_135/O
                         net (fo=2, estimated)        0.205     4.067    sel[8]_i_135_n_0
    SLICE_X112Y479       LUT4 (Prop_H6LUT_SLICEL_I3_O)
                                                      0.051     4.118 r  sel[8]_i_142/O
                         net (fo=1, routed)           0.010     4.128    demux/sel[8]_i_73_0[6]
    SLICE_X112Y479       CARRY8 (Prop_CARRY8_SLICEL_S[7]_CO[7])
                                                      0.115     4.243 r  demux/sel_reg[8]_i_81/CO[7]
                         net (fo=1, estimated)        0.026     4.269    demux/sel_reg[8]_i_81_n_0
    SLICE_X112Y480       CARRY8 (Prop_CARRY8_SLICEL_CI_O[1])
                                                      0.076     4.345 r  demux/sel_reg[8]_i_77/O[1]
                         net (fo=2, estimated)        0.252     4.597    demux_n_89
    SLICE_X114Y479       LUT3 (Prop_E5LUT_SLICEL_I1_O)
                                                      0.101     4.698 r  sel[8]_i_32/O
                         net (fo=2, estimated)        0.203     4.901    sel[8]_i_32_n_0
    SLICE_X114Y479       LUT4 (Prop_F6LUT_SLICEL_I3_O)
                                                      0.049     4.950 r  sel[8]_i_40/O
                         net (fo=1, routed)           0.011     4.961    demux/sel[8]_i_25_0[5]
    SLICE_X114Y479       CARRY8 (Prop_CARRY8_SLICEL_S[5]_CO[7])
                                                      0.155     5.116 r  demux/sel_reg[8]_i_19/CO[7]
                         net (fo=1, estimated)        0.026     5.142    demux/sel_reg[8]_i_19_n_0
    SLICE_X114Y480       CARRY8 (Prop_CARRY8_SLICEL_CI_O[0])
                                                      0.056     5.198 r  demux/sel_reg[8]_i_22/O[0]
                         net (fo=4, estimated)        0.369     5.567    demux_n_104
    SLICE_X115Y481       CARRY8 (Prop_CARRY8_SLICEL_S[0]_O[2])
                                                      0.132     5.699 r  sel_reg[8]_i_18/O[2]
                         net (fo=1, estimated)        0.249     5.948    sel_reg[8]_i_18_n_13
    SLICE_X114Y482       LUT2 (Prop_F6LUT_SLICEL_I1_O)
                                                      0.035     5.983 r  sel[8]_i_10/O
                         net (fo=1, routed)           0.011     5.994    demux/sel_reg[5]_0[4]
    SLICE_X114Y482       CARRY8 (Prop_CARRY8_SLICEL_S[5]_CO[7])
                                                      0.155     6.149 r  demux/sel_reg[8]_i_4/CO[7]
                         net (fo=1, estimated)        0.026     6.175    demux/sel_reg[8]_i_4_n_0
    SLICE_X114Y483       CARRY8 (Prop_CARRY8_SLICEL_CI_O[1])
                                                      0.076     6.251 r  demux/sel_reg[8]_i_5/O[1]
                         net (fo=10, estimated)       0.156     6.407    demux/sel_reg[8]_i_5_n_14
    SLICE_X114Y484       LUT5 (Prop_E6LUT_SLICEL_I4_O)
                                                      0.035     6.442 r  demux/sel[3]_i_2/O
                         net (fo=4, estimated)        0.152     6.594    demux/sel[3]_i_2_n_0
    SLICE_X114Y481       LUT6 (Prop_B6LUT_SLICEL_I0_O)
                                                      0.090     6.684 r  demux/sel[1]_i_1/O
                         net (fo=1, routed)           0.049     6.733    demux/sel20_in[1]
    SLICE_X114Y481       FDRE                                         r  demux/sel_reg[1]/D
  -------------------------------------------------------------------    -------------------

                         (clock virtual_clock rise edge)
                                                      4.000     4.000 r  
    AP13                                              0.000     4.000 r  clk (IN)
                         net (fo=0)                   0.000     4.000    clk_IBUF_inst/I
    AP13                 INBUF (Prop_INBUF_HPIOB_M_PAD_O)
                                                      0.345     4.345 r  clk_IBUF_inst/INBUF_INST/O
                         net (fo=1, routed)           0.000     4.345    clk_IBUF_inst/OUT
    AP13                 IBUFCTRL (Prop_IBUFCTRL_HPIOB_M_I_O)
                                                      0.000     4.345 r  clk_IBUF_inst/IBUFCTRL_INST/O
                         net (fo=1, estimated)        0.287     4.632    clk_IBUF
    BUFGCE_X1Y194        BUFGCE (Prop_BUFCE_BUFGCE_I_O)
                                                      0.024     4.656 r  clk_IBUF_BUFG_inst/O
    X4Y8 (CLOCK_ROOT)    net (fo=1151, estimated)     1.018     5.674    demux/CLK
    SLICE_X114Y481       FDRE                                         r  demux/sel_reg[1]/C
                         clock pessimism              0.376     6.049    
                         clock uncertainty           -0.035     6.014    
    SLICE_X114Y481       FDRE (Setup_BFF_SLICEL_C_D)
                                                      0.025     6.039    demux/sel_reg[1]
  -------------------------------------------------------------------
                         required time                          6.039    
                         arrival time                          -6.733    
  -------------------------------------------------------------------
                         slack                                 -0.695    





Min Delay Paths
--------------------------------------------------------------------------------------
Slack (VIOLATED) :        -0.076ns  (arrival time - required time)
  Source:                 demux/genblk1[175].z_reg[175][3]/C
                            (rising edge-triggered cell FDRE clocked by virtual_clock  {rise@0.000ns fall@2.000ns period=4.000ns})
  Destination:            genblk1[175].reg_in/reg_out_reg[3]/D
                            (rising edge-triggered cell FDRE clocked by virtual_clock  {rise@0.000ns fall@2.000ns period=4.000ns})
  Path Group:             virtual_clock
  Path Type:              Hold (Min at Slow Process Corner)
  Requirement:            0.000ns  (virtual_clock rise@0.000ns - virtual_clock rise@0.000ns)
  Data Path Delay:        0.151ns  (logic 0.060ns (39.735%)  route 0.091ns (60.265%))
  Logic Levels:           0  
  Clock Path Skew:        0.165ns (DCD - SCD - CPR)
    Destination Clock Delay (DCD):    2.258ns
    Source Clock Delay      (SCD):    1.783ns
    Clock Pessimism Removal (CPR):    0.311ns
  Clock Net Delay (Source):      1.127ns (routing 0.190ns, distribution 0.937ns)
  Clock Net Delay (Destination): 1.312ns (routing 0.210ns, distribution 1.102ns)

    Location             Delay type                Incr(ns)  Path(ns)    Netlist Resource(s)
  -------------------------------------------------------------------    -------------------
                         (clock virtual_clock rise edge)
                                                      0.000     0.000 r  
    AP13                                              0.000     0.000 r  clk (IN)
                         net (fo=0)                   0.000     0.000    clk_IBUF_inst/I
    AP13                 INBUF (Prop_INBUF_HPIOB_M_PAD_O)
                                                      0.345     0.345 r  clk_IBUF_inst/INBUF_INST/O
                         net (fo=1, routed)           0.000     0.345    clk_IBUF_inst/OUT
    AP13                 IBUFCTRL (Prop_IBUFCTRL_HPIOB_M_I_O)
                                                      0.000     0.345 r  clk_IBUF_inst/IBUFCTRL_INST/O
                         net (fo=1, estimated)        0.287     0.632    clk_IBUF
    BUFGCE_X1Y194        BUFGCE (Prop_BUFCE_BUFGCE_I_O)
                                                      0.024     0.656 r  clk_IBUF_BUFG_inst/O
    X4Y8 (CLOCK_ROOT)    net (fo=1151, estimated)     1.127     1.783    demux/CLK
    SLICE_X108Y478       FDRE                                         r  demux/genblk1[175].z_reg[175][3]/C
  -------------------------------------------------------------------    -------------------
    SLICE_X108Y478       FDRE (Prop_AFF2_SLICEM_C_Q)
                                                      0.060     1.843 r  demux/genblk1[175].z_reg[175][3]/Q
                         net (fo=1, estimated)        0.091     1.934    genblk1[175].reg_in/D[3]
    SLICE_X108Y480       FDRE                                         r  genblk1[175].reg_in/reg_out_reg[3]/D
  -------------------------------------------------------------------    -------------------

                         (clock virtual_clock rise edge)
                                                      0.000     0.000 r  
    AP13                                              0.000     0.000 r  clk (IN)
                         net (fo=0)                   0.000     0.000    clk_IBUF_inst/I
    AP13                 INBUF (Prop_INBUF_HPIOB_M_PAD_O)
                                                      0.595     0.595 r  clk_IBUF_inst/INBUF_INST/O
                         net (fo=1, routed)           0.000     0.595    clk_IBUF_inst/OUT
    AP13                 IBUFCTRL (Prop_IBUFCTRL_HPIOB_M_I_O)
                                                      0.000     0.595 r  clk_IBUF_inst/IBUFCTRL_INST/O
                         net (fo=1, estimated)        0.323     0.918    clk_IBUF
    BUFGCE_X1Y194        BUFGCE (Prop_BUFCE_BUFGCE_I_O)
                                                      0.028     0.946 r  clk_IBUF_BUFG_inst/O
    X4Y8 (CLOCK_ROOT)    net (fo=1151, estimated)     1.312     2.258    genblk1[175].reg_in/CLK
    SLICE_X108Y480       FDRE                                         r  genblk1[175].reg_in/reg_out_reg[3]/C
                         clock pessimism             -0.311     1.947    
    SLICE_X108Y480       FDRE (Hold_FFF2_SLICEM_C_D)
                                                      0.062     2.009    genblk1[175].reg_in/reg_out_reg[3]
  -------------------------------------------------------------------
                         required time                         -2.009    
                         arrival time                           1.934    
  -------------------------------------------------------------------
                         slack                                 -0.076    





Pulse Width Checks
--------------------------------------------------------------------------------------
Clock Name:         virtual_clock
Waveform(ns):       { 0.000 2.000 }
Period(ns):         4.000
Sources:            { clk }

Check Type        Corner  Lib Pin   Reference Pin  Required(ns)  Actual(ns)  Slack(ns)  Location        Pin
Min Period        n/a     BUFGCE/I  n/a            1.290         4.000       2.710      BUFGCE_X1Y194   clk_IBUF_BUFG_inst/I
Low Pulse Width   Slow    FDRE/C    n/a            0.275         2.000       1.725      SLICE_X107Y475  genblk1[223].reg_in/reg_out_reg[3]/C
High Pulse Width  Fast    FDRE/C    n/a            0.275         2.000       1.725      SLICE_X111Y481  demux/genblk1[180].z_reg[180][0]/C



