Copyright 1986-2020 Xilinx, Inc. All Rights Reserved.
--------------------------------------------------------------------------------------------
| Tool Version      : Vivado v.2020.1 (lin64) Build 2902540 Wed May 27 19:54:35 MDT 2020
| Date              : Wed Mar 16 00:41:12 2022
| Host              : lepus running 64-bit CentOS Linux release 7.9.2009 (Core)
| Command           : report_timing_summary -file ./output/fc2_52/report/timing-summary.rpt
| Design            : top
| Device            : xcvu9p-flga2104
| Speed File        : -2L  PRODUCTION 1.27 02-28-2020
| Temperature Grade : E
--------------------------------------------------------------------------------------------

Timing Summary Report

------------------------------------------------------------------------------------------------
| Timer Settings
| --------------
------------------------------------------------------------------------------------------------

  Enable Multi Corner Analysis               :  Yes
  Enable Pessimism Removal                   :  Yes
  Pessimism Removal Resolution               :  Nearest Common Node
  Enable Input Delay Default Clock           :  No
  Enable Preset / Clear Arcs                 :  No
  Disable Flight Delays                      :  No
  Ignore I/O Paths                           :  No
  Timing Early Launch at Borrowing Latches   :  No
  Borrow Time for Max Delay Exceptions       :  Yes
  Merge Timing Exceptions                    :  Yes

  Corner  Analyze    Analyze    
  Name    Max Paths  Min Paths  
  ------  ---------  ---------  
  Slow    Yes        Yes        
  Fast    Yes        Yes        



check_timing report

Table of Contents
-----------------
1. checking no_clock (0)
2. checking constant_clock (0)
3. checking pulse_width_clock (0)
4. checking unconstrained_internal_endpoints (0)
5. checking no_input_delay (10)
6. checking no_output_delay (22)
7. checking multiple_clock (0)
8. checking generated_clocks (0)
9. checking loops (0)
10. checking partial_input_delay (0)
11. checking partial_output_delay (0)
12. checking latch_loops (0)

1. checking no_clock (0)
------------------------
 There are 0 register/latch pins with no clock.


2. checking constant_clock (0)
------------------------------
 There are 0 register/latch pins with constant_clock.


3. checking pulse_width_clock (0)
---------------------------------
 There are 0 register/latch pins which need pulse_width check


4. checking unconstrained_internal_endpoints (0)
------------------------------------------------
 There are 0 pins that are not constrained for maximum delay.

 There are 0 pins that are not constrained for maximum delay due to constant clock.


5. checking no_input_delay (10)
-------------------------------
 There are 10 input ports with no input delay specified. (HIGH)

 There are 0 input ports with no input delay but user has a false path constraint.


6. checking no_output_delay (22)
--------------------------------
 There are 22 ports with no output delay specified. (HIGH)

 There are 0 ports with no output delay but user has a false path constraint

 There are 0 ports with no output delay but with a timing clock defined on it or propagating through it


7. checking multiple_clock (0)
------------------------------
 There are 0 register/latch pins with multiple clocks.


8. checking generated_clocks (0)
--------------------------------
 There are 0 generated clocks that are not connected to a clock source.


9. checking loops (0)
---------------------
 There are 0 combinational loops in the design.


10. checking partial_input_delay (0)
------------------------------------
 There are 0 input ports with partial input delay specified.


11. checking partial_output_delay (0)
-------------------------------------
 There are 0 ports with partial output delay specified.


12. checking latch_loops (0)
----------------------------
 There are 0 combinational latch loops in the design through latch input



------------------------------------------------------------------------------------------------
| Design Timing Summary
| ---------------------
------------------------------------------------------------------------------------------------

    WNS(ns)      TNS(ns)  TNS Failing Endpoints  TNS Total Endpoints      WHS(ns)      THS(ns)  THS Failing Endpoints  THS Total Endpoints     WPWS(ns)     TPWS(ns)  TPWS Failing Endpoints  TPWS Total Endpoints  
    -------      -------  ---------------------  -------------------      -------      -------  ---------------------  -------------------     --------     --------  ----------------------  --------------------  
      0.067        0.000                      0                 1396        0.005        0.000                      0                 1396        2.167        0.000                       0                  1375  


All user specified timing constraints are met.


------------------------------------------------------------------------------------------------
| Clock Summary
| -------------
------------------------------------------------------------------------------------------------

Clock   Waveform(ns)         Period(ns)      Frequency(MHz)
-----   ------------         ----------      --------------
vclock  {0.000 2.442}        4.884           204.750         


------------------------------------------------------------------------------------------------
| Intra Clock Table
| -----------------
------------------------------------------------------------------------------------------------

Clock             WNS(ns)      TNS(ns)  TNS Failing Endpoints  TNS Total Endpoints      WHS(ns)      THS(ns)  THS Failing Endpoints  THS Total Endpoints     WPWS(ns)     TPWS(ns)  TPWS Failing Endpoints  TPWS Total Endpoints  
-----             -------      -------  ---------------------  -------------------      -------      -------  ---------------------  -------------------     --------     --------  ----------------------  --------------------  
vclock              0.067        0.000                      0                 1396        0.005        0.000                      0                 1396        2.167        0.000                       0                  1375  


------------------------------------------------------------------------------------------------
| Inter Clock Table
| -----------------
------------------------------------------------------------------------------------------------

From Clock    To Clock          WNS(ns)      TNS(ns)  TNS Failing Endpoints  TNS Total Endpoints      WHS(ns)      THS(ns)  THS Failing Endpoints  THS Total Endpoints  
----------    --------          -------      -------  ---------------------  -------------------      -------      -------  ---------------------  -------------------  


------------------------------------------------------------------------------------------------
| Other Path Groups Table
| -----------------------
------------------------------------------------------------------------------------------------

Path Group    From Clock    To Clock          WNS(ns)      TNS(ns)  TNS Failing Endpoints  TNS Total Endpoints      WHS(ns)      THS(ns)  THS Failing Endpoints  THS Total Endpoints  
----------    ----------    --------          -------      -------  ---------------------  -------------------      -------      -------  ---------------------  -------------------  


------------------------------------------------------------------------------------------------
| Timing Details
| --------------
------------------------------------------------------------------------------------------------


---------------------------------------------------------------------------------------------------
From Clock:  vclock
  To Clock:  vclock

Setup :            0  Failing Endpoints,  Worst Slack        0.067ns,  Total Violation        0.000ns
Hold  :            0  Failing Endpoints,  Worst Slack        0.005ns,  Total Violation        0.000ns
PW    :            0  Failing Endpoints,  Worst Slack        2.167ns,  Total Violation        0.000ns
---------------------------------------------------------------------------------------------------


Max Delay Paths
--------------------------------------------------------------------------------------
Slack (MET) :             0.067ns  (required time - arrival time)
  Source:                 genblk1[60].reg_in/reg_out_reg[0]/C
                            (rising edge-triggered cell FDRE clocked by vclock  {rise@0.000ns fall@2.442ns period=4.884ns})
  Destination:            reg_out/reg_out_reg[13]/R
                            (rising edge-triggered cell FDRE clocked by vclock  {rise@0.000ns fall@2.442ns period=4.884ns})
  Path Group:             vclock
  Path Type:              Setup (Max at Slow Process Corner)
  Requirement:            4.884ns  (vclock rise@4.884ns - vclock rise@0.000ns)
  Data Path Delay:        4.636ns  (logic 2.071ns (44.672%)  route 2.565ns (55.328%))
  Logic Levels:           19  (CARRY8=11 LUT2=8)
  Clock Path Skew:        -0.072ns (DCD - SCD + CPR)
    Destination Clock Delay (DCD):    1.341ns = ( 6.225 - 4.884 ) 
    Source Clock Delay      (SCD):    1.720ns
    Clock Pessimism Removal (CPR):    0.308ns
  Clock Uncertainty:      0.035ns  ((TSJ^2 + TIJ^2)^1/2 + DJ) / 2 + PE
    Total System Jitter     (TSJ):    0.071ns
    Total Input Jitter      (TIJ):    0.000ns
    Discrete Jitter          (DJ):    0.000ns
    Phase Error              (PE):    0.000ns
  Clock Net Delay (Source):      0.774ns (routing 0.001ns, distribution 0.773ns)
  Clock Net Delay (Destination): 0.685ns (routing 0.001ns, distribution 0.684ns)

    Location             Delay type                Incr(ns)  Path(ns)    Netlist Resource(s)
  -------------------------------------------------------------------    -------------------
                         (clock vclock rise edge)     0.000     0.000 r  
    AP13                                              0.000     0.000 r  clk (IN)
                         net (fo=0)                   0.000     0.000    clk_IBUF_inst/I
    AP13                 INBUF (Prop_INBUF_HPIOB_M_PAD_O)
                                                      0.595     0.595 r  clk_IBUF_inst/INBUF_INST/O
                         net (fo=1, routed)           0.000     0.595    clk_IBUF_inst/OUT
    AP13                 IBUFCTRL (Prop_IBUFCTRL_HPIOB_M_I_O)
                                                      0.000     0.595 r  clk_IBUF_inst/IBUFCTRL_INST/O
                         net (fo=1, routed)           0.323     0.918    clk_IBUF
    BUFGCE_X1Y194        BUFGCE (Prop_BUFCE_BUFGCE_I_O)
                                                      0.028     0.946 r  clk_IBUF_BUFG_inst/O
    X4Y8 (CLOCK_ROOT)    net (fo=1374, routed)        0.774     1.720    genblk1[60].reg_in/clk_IBUF_BUFG
    SLICE_X119Y510       FDRE                                         r  genblk1[60].reg_in/reg_out_reg[0]/C
  -------------------------------------------------------------------    -------------------
    SLICE_X119Y510       FDRE (Prop_EFF2_SLICEM_C_Q)
                                                      0.079     1.799 r  genblk1[60].reg_in/reg_out_reg[0]/Q
                         net (fo=3, routed)           0.287     2.086    conv/mul43/O61[0]
    SLICE_X119Y510       CARRY8 (Prop_CARRY8_SLICEM_S[0]_O[5])
                                                      0.240     2.326 r  conv/mul43/reg_out_reg[7]_i_272/O[5]
                         net (fo=1, routed)           0.228     2.554    conv/add000082/out0_5[5]
    SLICE_X118Y511       LUT2 (Prop_F6LUT_SLICEL_I1_O)
                                                      0.089     2.643 r  conv/add000082/reg_out[7]_i_267/O
                         net (fo=1, routed)           0.011     2.654    conv/add000082/reg_out[7]_i_267_n_0
    SLICE_X118Y511       CARRY8 (Prop_CARRY8_SLICEL_S[5]_CO[7])
                                                      0.155     2.809 r  conv/add000082/reg_out_reg[7]_i_119/CO[7]
                         net (fo=1, routed)           0.026     2.835    conv/add000082/reg_out_reg[7]_i_119_n_0
    SLICE_X118Y512       CARRY8 (Prop_CARRY8_SLICEL_CI_O[0])
                                                      0.056     2.891 r  conv/add000082/reg_out_reg[21]_i_340/O[0]
                         net (fo=1, routed)           0.387     3.278    conv/add000082/reg_out_reg[21]_i_340_n_15
    SLICE_X123Y511       LUT2 (Prop_A6LUT_SLICEM_I1_O)
                                                      0.125     3.403 r  conv/add000082/reg_out[21]_i_297/O
                         net (fo=1, routed)           0.013     3.416    conv/add000082/reg_out[21]_i_297_n_0
    SLICE_X123Y511       CARRY8 (Prop_CARRY8_SLICEM_S[0]_O[0])
                                                      0.065     3.481 r  conv/add000082/reg_out_reg[21]_i_210/O[0]
                         net (fo=2, routed)           0.234     3.715    conv/add000082/reg_out_reg[21]_i_210_n_15
    SLICE_X124Y511       LUT2 (Prop_A6LUT_SLICEL_I0_O)
                                                      0.050     3.765 r  conv/add000082/reg_out[21]_i_218/O
                         net (fo=1, routed)           0.009     3.774    conv/add000082/reg_out[21]_i_218_n_0
    SLICE_X124Y511       CARRY8 (Prop_CARRY8_SLICEL_S[0]_O[0])
                                                      0.063     3.837 r  conv/add000082/reg_out_reg[21]_i_149/O[0]
                         net (fo=1, routed)           0.183     4.020    conv/add000082/reg_out_reg[21]_i_149_n_15
    SLICE_X125Y511       LUT2 (Prop_A6LUT_SLICEM_I1_O)
                                                      0.125     4.145 r  conv/add000082/reg_out[21]_i_96/O
                         net (fo=1, routed)           0.013     4.158    conv/add000082/reg_out[21]_i_96_n_0
    SLICE_X125Y511       CARRY8 (Prop_CARRY8_SLICEM_S[0]_O[5])
                                                      0.240     4.398 r  conv/add000082/reg_out_reg[21]_i_55/O[5]
                         net (fo=2, routed)           0.269     4.667    conv/add000082/reg_out_reg[21]_i_55_n_10
    SLICE_X126Y511       LUT2 (Prop_H6LUT_SLICEL_I0_O)
                                                      0.051     4.718 r  conv/add000082/reg_out[21]_i_61/O
                         net (fo=1, routed)           0.010     4.728    conv/add000082/reg_out[21]_i_61_n_0
    SLICE_X126Y511       CARRY8 (Prop_CARRY8_SLICEL_S[7]_CO[7])
                                                      0.115     4.843 r  conv/add000082/reg_out_reg[21]_i_40/CO[7]
                         net (fo=1, routed)           0.026     4.869    conv/add000082/reg_out_reg[21]_i_40_n_0
    SLICE_X126Y512       CARRY8 (Prop_CARRY8_SLICEL_CI_O[0])
                                                      0.056     4.925 r  conv/add000082/reg_out_reg[21]_i_31/O[0]
                         net (fo=1, routed)           0.246     5.171    conv/add000082/reg_out_reg[21]_i_31_n_15
    SLICE_X127Y509       LUT2 (Prop_H6LUT_SLICEM_I1_O)
                                                      0.039     5.210 r  conv/add000082/reg_out[21]_i_17/O
                         net (fo=1, routed)           0.015     5.225    conv/add000082/reg_out[21]_i_17_n_0
    SLICE_X127Y509       CARRY8 (Prop_CARRY8_SLICEM_S[7]_CO[7])
                                                      0.117     5.342 r  conv/add000082/reg_out_reg[21]_i_4/CO[7]
                         net (fo=1, routed)           0.052     5.394    conv/add000082/reg_out_reg[21]_i_4_n_0
    SLICE_X127Y510       CARRY8 (Prop_CARRY8_SLICEM_CI_O[0])
                                                      0.056     5.450 r  conv/add000082/reg_out_reg[21]_i_3/O[0]
                         net (fo=2, routed)           0.183     5.633    conv/add000082/reg_out_reg[21]_i_3_n_15
    SLICE_X127Y513       LUT2 (Prop_B6LUT_SLICEM_I0_O)
                                                      0.089     5.722 r  conv/add000082/reg_out[21]_i_9/O
                         net (fo=1, routed)           0.016     5.738    conv/add000082/reg_out[21]_i_9_n_0
    SLICE_X127Y513       CARRY8 (Prop_CARRY8_SLICEM_S[1]_O[6])
                                                      0.224     5.962 r  conv/add000082/reg_out_reg[21]_i_2/O[6]
                         net (fo=1, routed)           0.121     6.083    reg_out/a[22]
    SLICE_X127Y514       LUT2 (Prop_E6LUT_SLICEM_I0_O)
                                                      0.037     6.120 r  reg_out/reg_out[21]_i_1/O
                         net (fo=22, routed)          0.236     6.356    reg_out/reg_out[21]_i_1_n_0
    SLICE_X128Y513       FDRE                                         r  reg_out/reg_out_reg[13]/R
  -------------------------------------------------------------------    -------------------

                         (clock vclock rise edge)     4.884     4.884 r  
    AP13                                              0.000     4.884 r  clk (IN)
                         net (fo=0)                   0.000     4.884    clk_IBUF_inst/I
    AP13                 INBUF (Prop_INBUF_HPIOB_M_PAD_O)
                                                      0.345     5.229 r  clk_IBUF_inst/INBUF_INST/O
                         net (fo=1, routed)           0.000     5.229    clk_IBUF_inst/OUT
    AP13                 IBUFCTRL (Prop_IBUFCTRL_HPIOB_M_I_O)
                                                      0.000     5.229 r  clk_IBUF_inst/IBUFCTRL_INST/O
                         net (fo=1, routed)           0.287     5.516    clk_IBUF
    BUFGCE_X1Y194        BUFGCE (Prop_BUFCE_BUFGCE_I_O)
                                                      0.024     5.540 r  clk_IBUF_BUFG_inst/O
    X4Y8 (CLOCK_ROOT)    net (fo=1374, routed)        0.685     6.225    reg_out/clk_IBUF_BUFG
    SLICE_X128Y513       FDRE                                         r  reg_out/reg_out_reg[13]/C
                         clock pessimism              0.308     6.532    
                         clock uncertainty           -0.035     6.497    
    SLICE_X128Y513       FDRE (Setup_BFF2_SLICEL_C_R)
                                                     -0.074     6.423    reg_out/reg_out_reg[13]
  -------------------------------------------------------------------
                         required time                          6.423    
                         arrival time                          -6.356    
  -------------------------------------------------------------------
                         slack                                  0.067    





Min Delay Paths
--------------------------------------------------------------------------------------
Slack (MET) :             0.005ns  (arrival time - required time)
  Source:                 demux/genblk1[2].z_reg[2][4]/C
                            (rising edge-triggered cell FDRE clocked by vclock  {rise@0.000ns fall@2.442ns period=4.884ns})
  Destination:            genblk1[2].reg_in/reg_out_reg[4]/D
                            (rising edge-triggered cell FDRE clocked by vclock  {rise@0.000ns fall@2.442ns period=4.884ns})
  Path Group:             vclock
  Path Type:              Hold (Min at Slow Process Corner)
  Requirement:            0.000ns  (vclock rise@0.000ns - vclock rise@0.000ns)
  Data Path Delay:        0.183ns  (logic 0.058ns (31.694%)  route 0.125ns (68.306%))
  Logic Levels:           0  
  Clock Path Skew:        0.116ns (DCD - SCD - CPR)
    Destination Clock Delay (DCD):    1.773ns
    Source Clock Delay      (SCD):    1.350ns
    Clock Pessimism Removal (CPR):    0.308ns
  Clock Net Delay (Source):      0.694ns (routing 0.001ns, distribution 0.693ns)
  Clock Net Delay (Destination): 0.827ns (routing 0.001ns, distribution 0.826ns)

    Location             Delay type                Incr(ns)  Path(ns)    Netlist Resource(s)
  -------------------------------------------------------------------    -------------------
                         (clock vclock rise edge)     0.000     0.000 r  
    AP13                                              0.000     0.000 r  clk (IN)
                         net (fo=0)                   0.000     0.000    clk_IBUF_inst/I
    AP13                 INBUF (Prop_INBUF_HPIOB_M_PAD_O)
                                                      0.345     0.345 r  clk_IBUF_inst/INBUF_INST/O
                         net (fo=1, routed)           0.000     0.345    clk_IBUF_inst/OUT
    AP13                 IBUFCTRL (Prop_IBUFCTRL_HPIOB_M_I_O)
                                                      0.000     0.345 r  clk_IBUF_inst/IBUFCTRL_INST/O
                         net (fo=1, routed)           0.287     0.632    clk_IBUF
    BUFGCE_X1Y194        BUFGCE (Prop_BUFCE_BUFGCE_I_O)
                                                      0.024     0.656 r  clk_IBUF_BUFG_inst/O
    X4Y8 (CLOCK_ROOT)    net (fo=1374, routed)        0.694     1.350    demux/clk_IBUF_BUFG
    SLICE_X126Y519       FDRE                                         r  demux/genblk1[2].z_reg[2][4]/C
  -------------------------------------------------------------------    -------------------
    SLICE_X126Y519       FDRE (Prop_FFF_SLICEL_C_Q)
                                                      0.058     1.408 r  demux/genblk1[2].z_reg[2][4]/Q
                         net (fo=1, routed)           0.125     1.533    genblk1[2].reg_in/D[4]
    SLICE_X127Y523       FDRE                                         r  genblk1[2].reg_in/reg_out_reg[4]/D
  -------------------------------------------------------------------    -------------------

                         (clock vclock rise edge)     0.000     0.000 r  
    AP13                                              0.000     0.000 r  clk (IN)
                         net (fo=0)                   0.000     0.000    clk_IBUF_inst/I
    AP13                 INBUF (Prop_INBUF_HPIOB_M_PAD_O)
                                                      0.595     0.595 r  clk_IBUF_inst/INBUF_INST/O
                         net (fo=1, routed)           0.000     0.595    clk_IBUF_inst/OUT
    AP13                 IBUFCTRL (Prop_IBUFCTRL_HPIOB_M_I_O)
                                                      0.000     0.595 r  clk_IBUF_inst/IBUFCTRL_INST/O
                         net (fo=1, routed)           0.323     0.918    clk_IBUF
    BUFGCE_X1Y194        BUFGCE (Prop_BUFCE_BUFGCE_I_O)
                                                      0.028     0.946 r  clk_IBUF_BUFG_inst/O
    X4Y8 (CLOCK_ROOT)    net (fo=1374, routed)        0.827     1.773    genblk1[2].reg_in/clk_IBUF_BUFG
    SLICE_X127Y523       FDRE                                         r  genblk1[2].reg_in/reg_out_reg[4]/C
                         clock pessimism             -0.308     1.466    
    SLICE_X127Y523       FDRE (Hold_GFF2_SLICEM_C_D)
                                                      0.062     1.528    genblk1[2].reg_in/reg_out_reg[4]
  -------------------------------------------------------------------
                         required time                         -1.528    
                         arrival time                           1.533    
  -------------------------------------------------------------------
                         slack                                  0.005    





Pulse Width Checks
--------------------------------------------------------------------------------------
Clock Name:         vclock
Waveform(ns):       { 0.000 2.442 }
Period(ns):         4.884
Sources:            { clk }

Check Type        Corner  Lib Pin   Reference Pin  Required(ns)  Actual(ns)  Slack(ns)  Location        Pin
Min Period        n/a     BUFGCE/I  n/a            1.290         4.884       3.594      BUFGCE_X1Y194   clk_IBUF_BUFG_inst/I
Low Pulse Width   Slow    FDRE/C    n/a            0.275         2.442       2.167      SLICE_X124Y513  demux/genblk1[28].z_reg[28][5]/C
High Pulse Width  Fast    FDRE/C    n/a            0.275         2.442       2.167      SLICE_X124Y518  demux/genblk1[0].z_reg[0][0]/C



