Copyright 1986-2020 Xilinx, Inc. All Rights Reserved.
--------------------------------------------------------------------------------------------
| Tool Version      : Vivado v.2020.1 (lin64) Build 2902540 Wed May 27 19:54:35 MDT 2020
| Date              : Tue Mar 15 01:45:04 2022
| Host              : lepus running 64-bit CentOS Linux release 7.9.2009 (Core)
| Command           : report_timing_summary -file ./output/fc1_52/report/timing-summary.rpt
| Design            : top
| Device            : xcvu9p-flga2104
| Speed File        : -2L  PRODUCTION 1.27 02-28-2020
| Temperature Grade : E
--------------------------------------------------------------------------------------------

Timing Summary Report

------------------------------------------------------------------------------------------------
| Timer Settings
| --------------
------------------------------------------------------------------------------------------------

  Enable Multi Corner Analysis               :  Yes
  Enable Pessimism Removal                   :  Yes
  Pessimism Removal Resolution               :  Nearest Common Node
  Enable Input Delay Default Clock           :  No
  Enable Preset / Clear Arcs                 :  No
  Disable Flight Delays                      :  No
  Ignore I/O Paths                           :  No
  Timing Early Launch at Borrowing Latches   :  No
  Borrow Time for Max Delay Exceptions       :  Yes
  Merge Timing Exceptions                    :  Yes

  Corner  Analyze    Analyze    
  Name    Max Paths  Min Paths  
  ------  ---------  ---------  
  Slow    Yes        Yes        
  Fast    Yes        Yes        



check_timing report

Table of Contents
-----------------
1. checking no_clock (0)
2. checking constant_clock (0)
3. checking pulse_width_clock (0)
4. checking unconstrained_internal_endpoints (0)
5. checking no_input_delay (10)
6. checking no_output_delay (24)
7. checking multiple_clock (0)
8. checking generated_clocks (0)
9. checking loops (0)
10. checking partial_input_delay (0)
11. checking partial_output_delay (0)
12. checking latch_loops (0)

1. checking no_clock (0)
------------------------
 There are 0 register/latch pins with no clock.


2. checking constant_clock (0)
------------------------------
 There are 0 register/latch pins with constant_clock.


3. checking pulse_width_clock (0)
---------------------------------
 There are 0 register/latch pins which need pulse_width check


4. checking unconstrained_internal_endpoints (0)
------------------------------------------------
 There are 0 pins that are not constrained for maximum delay.

 There are 0 pins that are not constrained for maximum delay due to constant clock.


5. checking no_input_delay (10)
-------------------------------
 There are 10 input ports with no input delay specified. (HIGH)

 There are 0 input ports with no input delay but user has a false path constraint.


6. checking no_output_delay (24)
--------------------------------
 There are 24 ports with no output delay specified. (HIGH)

 There are 0 ports with no output delay but user has a false path constraint

 There are 0 ports with no output delay but with a timing clock defined on it or propagating through it


7. checking multiple_clock (0)
------------------------------
 There are 0 register/latch pins with multiple clocks.


8. checking generated_clocks (0)
--------------------------------
 There are 0 generated clocks that are not connected to a clock source.


9. checking loops (0)
---------------------
 There are 0 combinational loops in the design.


10. checking partial_input_delay (0)
------------------------------------
 There are 0 input ports with partial input delay specified.


11. checking partial_output_delay (0)
-------------------------------------
 There are 0 ports with partial output delay specified.


12. checking latch_loops (0)
----------------------------
 There are 0 combinational latch loops in the design through latch input



------------------------------------------------------------------------------------------------
| Design Timing Summary
| ---------------------
------------------------------------------------------------------------------------------------

    WNS(ns)      TNS(ns)  TNS Failing Endpoints  TNS Total Endpoints      WHS(ns)      THS(ns)  THS Failing Endpoints  THS Total Endpoints     WPWS(ns)     TPWS(ns)  TPWS Failing Endpoints  TPWS Total Endpoints  
    -------      -------  ---------------------  -------------------      -------      -------  ---------------------  -------------------     --------     --------  ----------------------  --------------------  
      0.073        0.000                      0                 2721        0.003        0.000                      0                 2721        2.095        0.000                       0                  2722  


All user specified timing constraints are met.


------------------------------------------------------------------------------------------------
| Clock Summary
| -------------
------------------------------------------------------------------------------------------------

Clock   Waveform(ns)         Period(ns)      Frequency(MHz)
-----   ------------         ----------      --------------
vclock  {0.000 2.370}        4.740           210.970         


------------------------------------------------------------------------------------------------
| Intra Clock Table
| -----------------
------------------------------------------------------------------------------------------------

Clock             WNS(ns)      TNS(ns)  TNS Failing Endpoints  TNS Total Endpoints      WHS(ns)      THS(ns)  THS Failing Endpoints  THS Total Endpoints     WPWS(ns)     TPWS(ns)  TPWS Failing Endpoints  TPWS Total Endpoints  
-----             -------      -------  ---------------------  -------------------      -------      -------  ---------------------  -------------------     --------     --------  ----------------------  --------------------  
vclock              0.073        0.000                      0                 2721        0.003        0.000                      0                 2721        2.095        0.000                       0                  2722  


------------------------------------------------------------------------------------------------
| Inter Clock Table
| -----------------
------------------------------------------------------------------------------------------------

From Clock    To Clock          WNS(ns)      TNS(ns)  TNS Failing Endpoints  TNS Total Endpoints      WHS(ns)      THS(ns)  THS Failing Endpoints  THS Total Endpoints  
----------    --------          -------      -------  ---------------------  -------------------      -------      -------  ---------------------  -------------------  


------------------------------------------------------------------------------------------------
| Other Path Groups Table
| -----------------------
------------------------------------------------------------------------------------------------

Path Group    From Clock    To Clock          WNS(ns)      TNS(ns)  TNS Failing Endpoints  TNS Total Endpoints      WHS(ns)      THS(ns)  THS Failing Endpoints  THS Total Endpoints  
----------    ----------    --------          -------      -------  ---------------------  -------------------      -------      -------  ---------------------  -------------------  


------------------------------------------------------------------------------------------------
| Timing Details
| --------------
------------------------------------------------------------------------------------------------


---------------------------------------------------------------------------------------------------
From Clock:  vclock
  To Clock:  vclock

Setup :            0  Failing Endpoints,  Worst Slack        0.073ns,  Total Violation        0.000ns
Hold  :            0  Failing Endpoints,  Worst Slack        0.003ns,  Total Violation        0.000ns
PW    :            0  Failing Endpoints,  Worst Slack        2.095ns,  Total Violation        0.000ns
---------------------------------------------------------------------------------------------------


Max Delay Paths
--------------------------------------------------------------------------------------
Slack (MET) :             0.073ns  (required time - arrival time)
  Source:                 demux/sel_reg[1]/C
                            (rising edge-triggered cell FDRE clocked by vclock  {rise@0.000ns fall@2.370ns period=4.740ns})
  Destination:            demux/sel_reg[2]/D
                            (rising edge-triggered cell FDRE clocked by vclock  {rise@0.000ns fall@2.370ns period=4.740ns})
  Path Group:             vclock
  Path Type:              Setup (Max at Slow Process Corner)
  Requirement:            4.740ns  (vclock rise@4.740ns - vclock rise@0.000ns)
  Data Path Delay:        4.519ns  (logic 1.979ns (43.793%)  route 2.540ns (56.207%))
  Logic Levels:           18  (CARRY8=10 LUT2=1 LUT3=3 LUT4=2 LUT5=1 LUT6=1)
  Clock Path Skew:        -0.138ns (DCD - SCD + CPR)
    Destination Clock Delay (DCD):    1.763ns = ( 6.503 - 4.740 ) 
    Source Clock Delay      (SCD):    2.262ns
    Clock Pessimism Removal (CPR):    0.361ns
  Clock Uncertainty:      0.035ns  ((TSJ^2 + TIJ^2)^1/2 + DJ) / 2 + PE
    Total System Jitter     (TSJ):    0.071ns
    Total Input Jitter      (TIJ):    0.000ns
    Discrete Jitter          (DJ):    0.000ns
    Phase Error              (PE):    0.000ns
  Clock Net Delay (Source):      1.301ns (routing 0.171ns, distribution 1.130ns)
  Clock Net Delay (Destination): 1.093ns (routing 0.155ns, distribution 0.938ns)

    Location             Delay type                Incr(ns)  Path(ns)    Netlist Resource(s)
  -------------------------------------------------------------------    -------------------
                         (clock vclock rise edge)     0.000     0.000 r  
    AR14                                              0.000     0.000 r  clk (IN)
                         net (fo=0)                   0.000     0.000    clk_IBUF_inst/I
    AR14                 INBUF (Prop_INBUF_HPIOB_M_PAD_O)
                                                      0.610     0.610 r  clk_IBUF_inst/INBUF_INST/O
                         net (fo=1, routed)           0.000     0.610    clk_IBUF_inst/OUT
    AR14                 IBUFCTRL (Prop_IBUFCTRL_HPIOB_M_I_O)
                                                      0.000     0.610 r  clk_IBUF_inst/IBUFCTRL_INST/O
                         net (fo=1, routed)           0.323     0.933    clk_IBUF
    BUFGCE_X1Y212        BUFGCE (Prop_BUFCE_BUFGCE_I_O)
                                                      0.028     0.961 r  clk_IBUF_BUFG_inst/O
    X4Y8 (CLOCK_ROOT)    net (fo=2721, routed)        1.301     2.262    demux/CLK
    SLICE_X128Y477       FDRE                                         r  demux/sel_reg[1]/C
  -------------------------------------------------------------------    -------------------
    SLICE_X128Y477       FDRE (Prop_AFF_SLICEL_C_Q)
                                                      0.079     2.341 r  demux/sel_reg[1]/Q
                         net (fo=18, routed)          0.180     2.521    demux/sel[1]
    SLICE_X128Y475       CARRY8 (Prop_CARRY8_SLICEL_S[0]_O[5])
                                                      0.238     2.759 f  demux/sel_reg[8]_i_6/O[5]
                         net (fo=41, routed)          0.280     3.039    demux/sel_reg[0]_0[5]
    SLICE_X128Y468       LUT3 (Prop_D6LUT_SLICEL_I0_O)
                                                      0.122     3.161 f  demux/sel[8]_i_240/O
                         net (fo=1, routed)           0.138     3.299    demux/sel[8]_i_240_n_0
    SLICE_X127Y468       CARRY8 (Prop_CARRY8_SLICEM_DI[4]_CO[7])
                                                      0.093     3.392 f  demux/sel_reg[8]_i_213/CO[7]
                         net (fo=1, routed)           0.026     3.418    demux/sel_reg[8]_i_213_n_0
    SLICE_X127Y469       CARRY8 (Prop_CARRY8_SLICEM_CI_CO[5])
                                                      0.077     3.495 f  demux/sel_reg[8]_i_195/CO[5]
                         net (fo=30, routed)          0.221     3.716    demux_n_9
    SLICE_X127Y474       LUT3 (Prop_F5LUT_SLICEM_I1_O)
                                                      0.142     3.858 r  sel[8]_i_136/O
                         net (fo=2, routed)           0.193     4.051    sel[8]_i_136_n_0
    SLICE_X127Y474       LUT4 (Prop_G6LUT_SLICEM_I3_O)
                                                      0.090     4.141 r  sel[8]_i_143/O
                         net (fo=1, routed)           0.016     4.157    demux/sel[8]_i_73_0[5]
    SLICE_X127Y474       CARRY8 (Prop_CARRY8_SLICEM_S[6]_CO[7])
                                                      0.117     4.274 r  demux/sel_reg[8]_i_81/CO[7]
                         net (fo=1, routed)           0.026     4.300    demux/sel_reg[8]_i_81_n_0
    SLICE_X127Y475       CARRY8 (Prop_CARRY8_SLICEM_CI_O[3])
                                                      0.082     4.382 r  demux/sel_reg[8]_i_77/O[3]
                         net (fo=2, routed)           0.276     4.658    demux_n_87
    SLICE_X126Y473       LUT3 (Prop_G5LUT_SLICEL_I0_O)
                                                      0.111     4.769 r  sel[8]_i_30/O
                         net (fo=2, routed)           0.160     4.929    sel[8]_i_30_n_0
    SLICE_X126Y473       LUT4 (Prop_H6LUT_SLICEL_I3_O)
                                                      0.099     5.028 r  sel[8]_i_38/O
                         net (fo=1, routed)           0.010     5.038    demux/sel[8]_i_25_0[7]
    SLICE_X126Y473       CARRY8 (Prop_CARRY8_SLICEL_S[7]_CO[7])
                                                      0.115     5.153 r  demux/sel_reg[8]_i_19/CO[7]
                         net (fo=1, routed)           0.026     5.179    demux/sel_reg[8]_i_19_n_0
    SLICE_X126Y474       CARRY8 (Prop_CARRY8_SLICEL_CI_O[0])
                                                      0.056     5.235 r  demux/sel_reg[8]_i_22/O[0]
                         net (fo=4, routed)           0.365     5.600    demux_n_104
    SLICE_X125Y476       CARRY8 (Prop_CARRY8_SLICEM_S[0]_O[2])
                                                      0.134     5.734 r  sel_reg[8]_i_18/O[2]
                         net (fo=1, routed)           0.213     5.947    sel_reg[8]_i_18_n_13
    SLICE_X126Y475       LUT2 (Prop_F6LUT_SLICEL_I1_O)
                                                      0.035     5.982 r  sel[8]_i_10/O
                         net (fo=1, routed)           0.011     5.993    demux/sel_reg[5]_0[4]
    SLICE_X126Y475       CARRY8 (Prop_CARRY8_SLICEL_S[5]_CO[7])
                                                      0.155     6.148 r  demux/sel_reg[8]_i_4/CO[7]
                         net (fo=1, routed)           0.026     6.174    demux/sel_reg[8]_i_4_n_0
    SLICE_X126Y476       CARRY8 (Prop_CARRY8_SLICEL_CI_O[0])
                                                      0.056     6.230 f  demux/sel_reg[8]_i_5/O[0]
                         net (fo=10, routed)          0.181     6.411    demux/sel_reg[8]_i_5_n_15
    SLICE_X125Y477       LUT5 (Prop_C6LUT_SLICEM_I4_O)
                                                      0.088     6.499 r  demux/sel[3]_i_3/O
                         net (fo=4, routed)           0.044     6.543    demux/sel[3]_i_3_n_0
    SLICE_X125Y477       LUT6 (Prop_A6LUT_SLICEM_I1_O)
                                                      0.090     6.633 r  demux/sel[2]_i_1/O
                         net (fo=1, routed)           0.148     6.781    demux/sel20_in[2]
    SLICE_X126Y476       FDRE                                         r  demux/sel_reg[2]/D
  -------------------------------------------------------------------    -------------------

                         (clock vclock rise edge)     4.740     4.740 r  
    AR14                                              0.000     4.740 r  clk (IN)
                         net (fo=0)                   0.000     4.740    clk_IBUF_inst/I
    AR14                 INBUF (Prop_INBUF_HPIOB_M_PAD_O)
                                                      0.359     5.099 r  clk_IBUF_inst/INBUF_INST/O
                         net (fo=1, routed)           0.000     5.099    clk_IBUF_inst/OUT
    AR14                 IBUFCTRL (Prop_IBUFCTRL_HPIOB_M_I_O)
                                                      0.000     5.099 r  clk_IBUF_inst/IBUFCTRL_INST/O
                         net (fo=1, routed)           0.287     5.386    clk_IBUF
    BUFGCE_X1Y212        BUFGCE (Prop_BUFCE_BUFGCE_I_O)
                                                      0.024     5.410 r  clk_IBUF_BUFG_inst/O
    X4Y8 (CLOCK_ROOT)    net (fo=2721, routed)        1.093     6.503    demux/CLK
    SLICE_X126Y476       FDRE                                         r  demux/sel_reg[2]/C
                         clock pessimism              0.361     6.865    
                         clock uncertainty           -0.035     6.829    
    SLICE_X126Y476       FDRE (Setup_HFF2_SLICEL_C_D)
                                                      0.025     6.854    demux/sel_reg[2]
  -------------------------------------------------------------------
                         required time                          6.854    
                         arrival time                          -6.781    
  -------------------------------------------------------------------
                         slack                                  0.073    





Min Delay Paths
--------------------------------------------------------------------------------------
Slack (MET) :             0.003ns  (arrival time - required time)
  Source:                 demux/genblk1[47].z_reg[47][1]/C
                            (rising edge-triggered cell FDRE clocked by vclock  {rise@0.000ns fall@2.370ns period=4.740ns})
  Destination:            genblk1[47].reg_in/reg_out_reg[1]/D
                            (rising edge-triggered cell FDRE clocked by vclock  {rise@0.000ns fall@2.370ns period=4.740ns})
  Path Group:             vclock
  Path Type:              Hold (Min at Slow Process Corner)
  Requirement:            0.000ns  (vclock rise@0.000ns - vclock rise@0.000ns)
  Data Path Delay:        0.164ns  (logic 0.058ns (35.366%)  route 0.106ns (64.634%))
  Logic Levels:           0  
  Clock Path Skew:        0.101ns (DCD - SCD - CPR)
    Destination Clock Delay (DCD):    2.215ns
    Source Clock Delay      (SCD):    1.753ns
    Clock Pessimism Removal (CPR):    0.360ns
  Clock Net Delay (Source):      1.083ns (routing 0.155ns, distribution 0.928ns)
  Clock Net Delay (Destination): 1.254ns (routing 0.171ns, distribution 1.083ns)

    Location             Delay type                Incr(ns)  Path(ns)    Netlist Resource(s)
  -------------------------------------------------------------------    -------------------
                         (clock vclock rise edge)     0.000     0.000 r  
    AR14                                              0.000     0.000 r  clk (IN)
                         net (fo=0)                   0.000     0.000    clk_IBUF_inst/I
    AR14                 INBUF (Prop_INBUF_HPIOB_M_PAD_O)
                                                      0.359     0.359 r  clk_IBUF_inst/INBUF_INST/O
                         net (fo=1, routed)           0.000     0.359    clk_IBUF_inst/OUT
    AR14                 IBUFCTRL (Prop_IBUFCTRL_HPIOB_M_I_O)
                                                      0.000     0.359 r  clk_IBUF_inst/IBUFCTRL_INST/O
                         net (fo=1, routed)           0.287     0.646    clk_IBUF
    BUFGCE_X1Y212        BUFGCE (Prop_BUFCE_BUFGCE_I_O)
                                                      0.024     0.670 r  clk_IBUF_BUFG_inst/O
    X4Y8 (CLOCK_ROOT)    net (fo=2721, routed)        1.083     1.753    demux/CLK
    SLICE_X133Y509       FDRE                                         r  demux/genblk1[47].z_reg[47][1]/C
  -------------------------------------------------------------------    -------------------
    SLICE_X133Y509       FDRE (Prop_DFF_SLICEM_C_Q)
                                                      0.058     1.811 r  demux/genblk1[47].z_reg[47][1]/Q
                         net (fo=1, routed)           0.106     1.917    genblk1[47].reg_in/D[1]
    SLICE_X132Y509       FDRE                                         r  genblk1[47].reg_in/reg_out_reg[1]/D
  -------------------------------------------------------------------    -------------------

                         (clock vclock rise edge)     0.000     0.000 r  
    AR14                                              0.000     0.000 r  clk (IN)
                         net (fo=0)                   0.000     0.000    clk_IBUF_inst/I
    AR14                 INBUF (Prop_INBUF_HPIOB_M_PAD_O)
                                                      0.610     0.610 r  clk_IBUF_inst/INBUF_INST/O
                         net (fo=1, routed)           0.000     0.610    clk_IBUF_inst/OUT
    AR14                 IBUFCTRL (Prop_IBUFCTRL_HPIOB_M_I_O)
                                                      0.000     0.610 r  clk_IBUF_inst/IBUFCTRL_INST/O
                         net (fo=1, routed)           0.323     0.933    clk_IBUF
    BUFGCE_X1Y212        BUFGCE (Prop_BUFCE_BUFGCE_I_O)
                                                      0.028     0.961 r  clk_IBUF_BUFG_inst/O
    X4Y8 (CLOCK_ROOT)    net (fo=2721, routed)        1.254     2.215    genblk1[47].reg_in/CLK
    SLICE_X132Y509       FDRE                                         r  genblk1[47].reg_in/reg_out_reg[1]/C
                         clock pessimism             -0.360     1.855    
    SLICE_X132Y509       FDRE (Hold_AFF_SLICEL_C_D)
                                                      0.060     1.915    genblk1[47].reg_in/reg_out_reg[1]
  -------------------------------------------------------------------
                         required time                         -1.915    
                         arrival time                           1.917    
  -------------------------------------------------------------------
                         slack                                  0.003    





Pulse Width Checks
--------------------------------------------------------------------------------------
Clock Name:         vclock
Waveform(ns):       { 0.000 2.370 }
Period(ns):         4.740
Sources:            { clk }

Check Type        Corner  Lib Pin   Reference Pin  Required(ns)  Actual(ns)  Slack(ns)  Location        Pin
Min Period        n/a     BUFGCE/I  n/a            1.290         4.740       3.450      BUFGCE_X1Y212   clk_IBUF_BUFG_inst/I
Low Pulse Width   Slow    FDRE/C    n/a            0.275         2.370       2.095      SLICE_X127Y470  demux/genblk1[348].z_reg[348][6]/C
High Pulse Width  Fast    FDRE/C    n/a            0.275         2.370       2.095      SLICE_X128Y462  demux/genblk1[353].z_reg[353][1]/C



