Copyright 1986-2020 Xilinx, Inc. All Rights Reserved.
-------------------------------------------------------------------------------------------------------
| Tool Version      : Vivado v.2020.1 (lin64) Build 2902540 Wed May 27 19:54:35 MDT 2020
| Date              : Tue Mar 15 01:39:07 2022
| Host              : lepus running 64-bit CentOS Linux release 7.9.2009 (Core)
| Command           : report_timing_summary -file ./output/fc1_52/report/timing-summary-post-place.rpt
| Design            : top
| Device            : xcvu9p-flga2104
| Speed File        : -2L  PRODUCTION 1.27 02-28-2020
| Temperature Grade : E
-------------------------------------------------------------------------------------------------------

Timing Summary Report

------------------------------------------------------------------------------------------------
| Timer Settings
| --------------
------------------------------------------------------------------------------------------------

  Enable Multi Corner Analysis               :  Yes
  Enable Pessimism Removal                   :  Yes
  Pessimism Removal Resolution               :  Nearest Common Node
  Enable Input Delay Default Clock           :  No
  Enable Preset / Clear Arcs                 :  No
  Disable Flight Delays                      :  No
  Ignore I/O Paths                           :  No
  Timing Early Launch at Borrowing Latches   :  No
  Borrow Time for Max Delay Exceptions       :  Yes
  Merge Timing Exceptions                    :  Yes

  Corner  Analyze    Analyze    
  Name    Max Paths  Min Paths  
  ------  ---------  ---------  
  Slow    Yes        Yes        
  Fast    Yes        Yes        



check_timing report

Table of Contents
-----------------
1. checking no_clock (0)
2. checking constant_clock (0)
3. checking pulse_width_clock (0)
4. checking unconstrained_internal_endpoints (0)
5. checking no_input_delay (10)
6. checking no_output_delay (24)
7. checking multiple_clock (0)
8. checking generated_clocks (0)
9. checking loops (0)
10. checking partial_input_delay (0)
11. checking partial_output_delay (0)
12. checking latch_loops (0)

1. checking no_clock (0)
------------------------
 There are 0 register/latch pins with no clock.


2. checking constant_clock (0)
------------------------------
 There are 0 register/latch pins with constant_clock.


3. checking pulse_width_clock (0)
---------------------------------
 There are 0 register/latch pins which need pulse_width check


4. checking unconstrained_internal_endpoints (0)
------------------------------------------------
 There are 0 pins that are not constrained for maximum delay.

 There are 0 pins that are not constrained for maximum delay due to constant clock.


5. checking no_input_delay (10)
-------------------------------
 There are 10 input ports with no input delay specified. (HIGH)

 There are 0 input ports with no input delay but user has a false path constraint.


6. checking no_output_delay (24)
--------------------------------
 There are 24 ports with no output delay specified. (HIGH)

 There are 0 ports with no output delay but user has a false path constraint

 There are 0 ports with no output delay but with a timing clock defined on it or propagating through it


7. checking multiple_clock (0)
------------------------------
 There are 0 register/latch pins with multiple clocks.


8. checking generated_clocks (0)
--------------------------------
 There are 0 generated clocks that are not connected to a clock source.


9. checking loops (0)
---------------------
 There are 0 combinational loops in the design.


10. checking partial_input_delay (0)
------------------------------------
 There are 0 input ports with partial input delay specified.


11. checking partial_output_delay (0)
-------------------------------------
 There are 0 ports with partial output delay specified.


12. checking latch_loops (0)
----------------------------
 There are 0 combinational latch loops in the design through latch input



------------------------------------------------------------------------------------------------
| Design Timing Summary
| ---------------------
------------------------------------------------------------------------------------------------

    WNS(ns)      TNS(ns)  TNS Failing Endpoints  TNS Total Endpoints      WHS(ns)      THS(ns)  THS Failing Endpoints  THS Total Endpoints     WPWS(ns)     TPWS(ns)  TPWS Failing Endpoints  TPWS Total Endpoints  
    -------      -------  ---------------------  -------------------      -------      -------  ---------------------  -------------------     --------     --------  ----------------------  --------------------  
     -0.772      -12.343                     24                 2721       -0.036       -0.418                     26                 2721        1.725        0.000                       0                  2722  


Timing constraints are not met.


------------------------------------------------------------------------------------------------
| Clock Summary
| -------------
------------------------------------------------------------------------------------------------

Clock          Waveform(ns)         Period(ns)      Frequency(MHz)
-----          ------------         ----------      --------------
virtual_clock  {0.000 2.000}        4.000           250.000         


------------------------------------------------------------------------------------------------
| Intra Clock Table
| -----------------
------------------------------------------------------------------------------------------------

Clock              WNS(ns)      TNS(ns)  TNS Failing Endpoints  TNS Total Endpoints      WHS(ns)      THS(ns)  THS Failing Endpoints  THS Total Endpoints     WPWS(ns)     TPWS(ns)  TPWS Failing Endpoints  TPWS Total Endpoints  
-----              -------      -------  ---------------------  -------------------      -------      -------  ---------------------  -------------------     --------     --------  ----------------------  --------------------  
virtual_clock       -0.772      -12.343                     24                 2721       -0.036       -0.418                     26                 2721        1.725        0.000                       0                  2722  


------------------------------------------------------------------------------------------------
| Inter Clock Table
| -----------------
------------------------------------------------------------------------------------------------

From Clock    To Clock          WNS(ns)      TNS(ns)  TNS Failing Endpoints  TNS Total Endpoints      WHS(ns)      THS(ns)  THS Failing Endpoints  THS Total Endpoints  
----------    --------          -------      -------  ---------------------  -------------------      -------      -------  ---------------------  -------------------  


------------------------------------------------------------------------------------------------
| Other Path Groups Table
| -----------------------
------------------------------------------------------------------------------------------------

Path Group    From Clock    To Clock          WNS(ns)      TNS(ns)  TNS Failing Endpoints  TNS Total Endpoints      WHS(ns)      THS(ns)  THS Failing Endpoints  THS Total Endpoints  
----------    ----------    --------          -------      -------  ---------------------  -------------------      -------      -------  ---------------------  -------------------  


------------------------------------------------------------------------------------------------
| Timing Details
| --------------
------------------------------------------------------------------------------------------------


---------------------------------------------------------------------------------------------------
From Clock:  virtual_clock
  To Clock:  virtual_clock

Setup :           24  Failing Endpoints,  Worst Slack       -0.772ns,  Total Violation      -12.343ns
Hold  :           26  Failing Endpoints,  Worst Slack       -0.036ns,  Total Violation       -0.418ns
PW    :            0  Failing Endpoints,  Worst Slack        1.725ns,  Total Violation        0.000ns
---------------------------------------------------------------------------------------------------


Max Delay Paths
--------------------------------------------------------------------------------------
Slack (VIOLATED) :        -0.772ns  (required time - arrival time)
  Source:                 demux/sel_reg[2]/C
                            (rising edge-triggered cell FDRE clocked by virtual_clock  {rise@0.000ns fall@2.000ns period=4.000ns})
  Destination:            demux/sel_reg[1]/D
                            (rising edge-triggered cell FDRE clocked by virtual_clock  {rise@0.000ns fall@2.000ns period=4.000ns})
  Path Group:             virtual_clock
  Path Type:              Setup (Max at Slow Process Corner)
  Requirement:            4.000ns  (virtual_clock rise@4.000ns - virtual_clock rise@0.000ns)
  Data Path Delay:        4.660ns  (logic 1.783ns (38.262%)  route 2.877ns (61.738%))
  Logic Levels:           18  (CARRY8=10 LUT2=1 LUT3=3 LUT4=2 LUT5=1 LUT6=1)
  Clock Path Skew:        -0.102ns (DCD - SCD + CPR)
    Destination Clock Delay (DCD):    1.763ns = ( 5.763 - 4.000 ) 
    Source Clock Delay      (SCD):    2.243ns
    Clock Pessimism Removal (CPR):    0.378ns
  Clock Uncertainty:      0.035ns  ((TSJ^2 + TIJ^2)^1/2 + DJ) / 2 + PE
    Total System Jitter     (TSJ):    0.071ns
    Total Input Jitter      (TIJ):    0.000ns
    Discrete Jitter          (DJ):    0.000ns
    Phase Error              (PE):    0.000ns
  Clock Net Delay (Source):      1.282ns (routing 0.210ns, distribution 1.072ns)
  Clock Net Delay (Destination): 1.093ns (routing 0.190ns, distribution 0.903ns)

    Location             Delay type                Incr(ns)  Path(ns)    Netlist Resource(s)
  -------------------------------------------------------------------    -------------------
                         (clock virtual_clock rise edge)
                                                      0.000     0.000 r  
    AR14                                              0.000     0.000 r  clk (IN)
                         net (fo=0)                   0.000     0.000    clk_IBUF_inst/I
    AR14                 INBUF (Prop_INBUF_HPIOB_M_PAD_O)
                                                      0.610     0.610 r  clk_IBUF_inst/INBUF_INST/O
                         net (fo=1, routed)           0.000     0.610    clk_IBUF_inst/OUT
    AR14                 IBUFCTRL (Prop_IBUFCTRL_HPIOB_M_I_O)
                                                      0.000     0.610 r  clk_IBUF_inst/IBUFCTRL_INST/O
                         net (fo=1, estimated)        0.323     0.933    clk_IBUF
    BUFGCE_X1Y212        BUFGCE (Prop_BUFCE_BUFGCE_I_O)
                                                      0.028     0.961 r  clk_IBUF_BUFG_inst/O
    X4Y8 (CLOCK_ROOT)    net (fo=2721, estimated)     1.282     2.243    demux/CLK
    SLICE_X126Y476       FDRE                                         r  demux/sel_reg[2]/C
  -------------------------------------------------------------------    -------------------
    SLICE_X126Y476       FDRE (Prop_HFF2_SLICEL_C_Q)
                                                      0.080     2.323 r  demux/sel_reg[2]/Q
                         net (fo=167, estimated)      0.359     2.682    demux/sel[2]
    SLICE_X128Y475       CARRY8 (Prop_CARRY8_SLICEL_S[1]_O[7])
                                                      0.234     2.916 f  demux/sel_reg[8]_i_6/O[7]
                         net (fo=40, estimated)       0.243     3.159    demux/sel_reg[0]_0[7]
    SLICE_X129Y473       LUT3 (Prop_D6LUT_SLICEM_I0_O)
                                                      0.088     3.247 f  demux/sel[8]_i_238/O
                         net (fo=1, estimated)        0.253     3.500    demux/sel[8]_i_238_n_0
    SLICE_X127Y468       CARRY8 (Prop_CARRY8_SLICEM_DI[6]_CO[7])
                                                      0.060     3.560 f  demux/sel_reg[8]_i_213/CO[7]
                         net (fo=1, estimated)        0.026     3.586    demux/sel_reg[8]_i_213_n_0
    SLICE_X127Y469       CARRY8 (Prop_CARRY8_SLICEM_CI_CO[5])
                                                      0.077     3.663 f  demux/sel_reg[8]_i_195/CO[5]
                         net (fo=30, estimated)       0.310     3.973    demux_n_9
    SLICE_X127Y474       LUT3 (Prop_G5LUT_SLICEM_I1_O)
                                                      0.112     4.085 r  sel[8]_i_135/O
                         net (fo=2, estimated)        0.219     4.304    sel[8]_i_135_n_0
    SLICE_X127Y474       LUT4 (Prop_H6LUT_SLICEM_I3_O)
                                                      0.053     4.357 r  sel[8]_i_142/O
                         net (fo=1, routed)           0.015     4.372    demux/sel[8]_i_73_0[6]
    SLICE_X127Y474       CARRY8 (Prop_CARRY8_SLICEM_S[7]_CO[7])
                                                      0.117     4.489 r  demux/sel_reg[8]_i_81/CO[7]
                         net (fo=1, estimated)        0.026     4.515    demux/sel_reg[8]_i_81_n_0
    SLICE_X127Y475       CARRY8 (Prop_CARRY8_SLICEM_CI_O[1])
                                                      0.076     4.591 r  demux/sel_reg[8]_i_77/O[1]
                         net (fo=2, estimated)        0.243     4.834    demux_n_89
    SLICE_X126Y473       LUT3 (Prop_E5LUT_SLICEL_I1_O)
                                                      0.101     4.935 r  sel[8]_i_32/O
                         net (fo=2, estimated)        0.159     5.094    sel[8]_i_32_n_0
    SLICE_X126Y473       LUT4 (Prop_F6LUT_SLICEL_I3_O)
                                                      0.049     5.143 r  sel[8]_i_40/O
                         net (fo=1, routed)           0.011     5.154    demux/sel[8]_i_25_0[5]
    SLICE_X126Y473       CARRY8 (Prop_CARRY8_SLICEL_S[5]_CO[7])
                                                      0.155     5.309 r  demux/sel_reg[8]_i_19/CO[7]
                         net (fo=1, estimated)        0.026     5.335    demux/sel_reg[8]_i_19_n_0
    SLICE_X126Y474       CARRY8 (Prop_CARRY8_SLICEL_CI_O[0])
                                                      0.056     5.391 r  demux/sel_reg[8]_i_22/O[0]
                         net (fo=4, estimated)        0.374     5.765    demux_n_104
    SLICE_X125Y476       CARRY8 (Prop_CARRY8_SLICEM_S[0]_O[2])
                                                      0.134     5.899 r  sel_reg[8]_i_18/O[2]
                         net (fo=1, estimated)        0.217     6.116    sel_reg[8]_i_18_n_13
    SLICE_X126Y475       LUT2 (Prop_F6LUT_SLICEL_I1_O)
                                                      0.035     6.151 r  sel[8]_i_10/O
                         net (fo=1, routed)           0.011     6.162    demux/sel_reg[5]_0[4]
    SLICE_X126Y475       CARRY8 (Prop_CARRY8_SLICEL_S[5]_CO[7])
                                                      0.155     6.317 r  demux/sel_reg[8]_i_4/CO[7]
                         net (fo=1, estimated)        0.026     6.343    demux/sel_reg[8]_i_4_n_0
    SLICE_X126Y476       CARRY8 (Prop_CARRY8_SLICEL_CI_O[1])
                                                      0.076     6.419 r  demux/sel_reg[8]_i_5/O[1]
                         net (fo=10, estimated)       0.202     6.621    demux/sel_reg[8]_i_5_n_14
    SLICE_X126Y477       LUT5 (Prop_C6LUT_SLICEL_I4_O)
                                                      0.035     6.656 r  demux/sel[3]_i_2/O
                         net (fo=4, estimated)        0.109     6.765    demux/sel[3]_i_2_n_0
    SLICE_X128Y477       LUT6 (Prop_A6LUT_SLICEL_I0_O)
                                                      0.090     6.855 r  demux/sel[1]_i_1/O
                         net (fo=1, routed)           0.048     6.903    demux/sel20_in[1]
    SLICE_X128Y477       FDRE                                         r  demux/sel_reg[1]/D
  -------------------------------------------------------------------    -------------------

                         (clock virtual_clock rise edge)
                                                      4.000     4.000 r  
    AR14                                              0.000     4.000 r  clk (IN)
                         net (fo=0)                   0.000     4.000    clk_IBUF_inst/I
    AR14                 INBUF (Prop_INBUF_HPIOB_M_PAD_O)
                                                      0.359     4.359 r  clk_IBUF_inst/INBUF_INST/O
                         net (fo=1, routed)           0.000     4.359    clk_IBUF_inst/OUT
    AR14                 IBUFCTRL (Prop_IBUFCTRL_HPIOB_M_I_O)
                                                      0.000     4.359 r  clk_IBUF_inst/IBUFCTRL_INST/O
                         net (fo=1, estimated)        0.287     4.646    clk_IBUF
    BUFGCE_X1Y212        BUFGCE (Prop_BUFCE_BUFGCE_I_O)
                                                      0.024     4.670 r  clk_IBUF_BUFG_inst/O
    X4Y8 (CLOCK_ROOT)    net (fo=2721, estimated)     1.093     5.763    demux/CLK
    SLICE_X128Y477       FDRE                                         r  demux/sel_reg[1]/C
                         clock pessimism              0.378     6.142    
                         clock uncertainty           -0.035     6.106    
    SLICE_X128Y477       FDRE (Setup_AFF_SLICEL_C_D)
                                                      0.025     6.131    demux/sel_reg[1]
  -------------------------------------------------------------------
                         required time                          6.131    
                         arrival time                          -6.903    
  -------------------------------------------------------------------
                         slack                                 -0.772    





Min Delay Paths
--------------------------------------------------------------------------------------
Slack (VIOLATED) :        -0.036ns  (arrival time - required time)
  Source:                 demux/genblk1[304].z_reg[304][3]/C
                            (rising edge-triggered cell FDRE clocked by virtual_clock  {rise@0.000ns fall@2.000ns period=4.000ns})
  Destination:            genblk1[304].reg_in/reg_out_reg[3]/D
                            (rising edge-triggered cell FDRE clocked by virtual_clock  {rise@0.000ns fall@2.000ns period=4.000ns})
  Path Group:             virtual_clock
  Path Type:              Hold (Min at Slow Process Corner)
  Requirement:            0.000ns  (virtual_clock rise@0.000ns - virtual_clock rise@0.000ns)
  Data Path Delay:        0.187ns  (logic 0.058ns (31.016%)  route 0.129ns (68.984%))
  Logic Levels:           0  
  Clock Path Skew:        0.163ns (DCD - SCD - CPR)
    Destination Clock Delay (DCD):    2.243ns
    Source Clock Delay      (SCD):    1.769ns
    Clock Pessimism Removal (CPR):    0.311ns
  Clock Net Delay (Source):      1.099ns (routing 0.190ns, distribution 0.909ns)
  Clock Net Delay (Destination): 1.282ns (routing 0.210ns, distribution 1.072ns)

    Location             Delay type                Incr(ns)  Path(ns)    Netlist Resource(s)
  -------------------------------------------------------------------    -------------------
                         (clock virtual_clock rise edge)
                                                      0.000     0.000 r  
    AR14                                              0.000     0.000 r  clk (IN)
                         net (fo=0)                   0.000     0.000    clk_IBUF_inst/I
    AR14                 INBUF (Prop_INBUF_HPIOB_M_PAD_O)
                                                      0.359     0.359 r  clk_IBUF_inst/INBUF_INST/O
                         net (fo=1, routed)           0.000     0.359    clk_IBUF_inst/OUT
    AR14                 IBUFCTRL (Prop_IBUFCTRL_HPIOB_M_I_O)
                                                      0.000     0.359 r  clk_IBUF_inst/IBUFCTRL_INST/O
                         net (fo=1, estimated)        0.287     0.646    clk_IBUF
    BUFGCE_X1Y212        BUFGCE (Prop_BUFCE_BUFGCE_I_O)
                                                      0.024     0.670 r  clk_IBUF_BUFG_inst/O
    X4Y8 (CLOCK_ROOT)    net (fo=2721, estimated)     1.099     1.769    demux/CLK
    SLICE_X127Y479       FDRE                                         r  demux/genblk1[304].z_reg[304][3]/C
  -------------------------------------------------------------------    -------------------
    SLICE_X127Y479       FDRE (Prop_HFF_SLICEM_C_Q)
                                                      0.058     1.827 r  demux/genblk1[304].z_reg[304][3]/Q
                         net (fo=1, estimated)        0.129     1.956    genblk1[304].reg_in/D[3]
    SLICE_X127Y481       FDRE                                         r  genblk1[304].reg_in/reg_out_reg[3]/D
  -------------------------------------------------------------------    -------------------

                         (clock virtual_clock rise edge)
                                                      0.000     0.000 r  
    AR14                                              0.000     0.000 r  clk (IN)
                         net (fo=0)                   0.000     0.000    clk_IBUF_inst/I
    AR14                 INBUF (Prop_INBUF_HPIOB_M_PAD_O)
                                                      0.610     0.610 r  clk_IBUF_inst/INBUF_INST/O
                         net (fo=1, routed)           0.000     0.610    clk_IBUF_inst/OUT
    AR14                 IBUFCTRL (Prop_IBUFCTRL_HPIOB_M_I_O)
                                                      0.000     0.610 r  clk_IBUF_inst/IBUFCTRL_INST/O
                         net (fo=1, estimated)        0.323     0.933    clk_IBUF
    BUFGCE_X1Y212        BUFGCE (Prop_BUFCE_BUFGCE_I_O)
                                                      0.028     0.961 r  clk_IBUF_BUFG_inst/O
    X4Y8 (CLOCK_ROOT)    net (fo=2721, estimated)     1.282     2.243    genblk1[304].reg_in/CLK
    SLICE_X127Y481       FDRE                                         r  genblk1[304].reg_in/reg_out_reg[3]/C
                         clock pessimism             -0.311     1.932    
    SLICE_X127Y481       FDRE (Hold_AFF_SLICEM_C_D)
                                                      0.060     1.992    genblk1[304].reg_in/reg_out_reg[3]
  -------------------------------------------------------------------
                         required time                         -1.992    
                         arrival time                           1.956    
  -------------------------------------------------------------------
                         slack                                 -0.036    





Pulse Width Checks
--------------------------------------------------------------------------------------
Clock Name:         virtual_clock
Waveform(ns):       { 0.000 2.000 }
Period(ns):         4.000
Sources:            { clk }

Check Type        Corner  Lib Pin   Reference Pin  Required(ns)  Actual(ns)  Slack(ns)  Location        Pin
Min Period        n/a     BUFGCE/I  n/a            1.290         4.000       2.710      BUFGCE_X1Y212   clk_IBUF_BUFG_inst/I
Low Pulse Width   Slow    FDRE/C    n/a            0.275         2.000       1.725      SLICE_X130Y466  demux/genblk1[348].z_reg[348][5]/C
High Pulse Width  Fast    FDRE/C    n/a            0.275         2.000       1.725      SLICE_X127Y470  demux/genblk1[348].z_reg[348][6]/C



