Copyright 1986-2020 Xilinx, Inc. All Rights Reserved.
--------------------------------------------------------------------------------------------
| Tool Version      : Vivado v.2020.1 (lin64) Build 2902540 Wed May 27 19:54:35 MDT 2020
| Date              : Wed Mar 16 02:24:44 2022
| Host              : lepus running 64-bit CentOS Linux release 7.9.2009 (Core)
| Command           : report_timing_summary -file ./output/fc2_62/report/timing-summary.rpt
| Design            : top
| Device            : xcvu9p-flga2104
| Speed File        : -2L  PRODUCTION 1.27 02-28-2020
| Temperature Grade : E
--------------------------------------------------------------------------------------------

Timing Summary Report

------------------------------------------------------------------------------------------------
| Timer Settings
| --------------
------------------------------------------------------------------------------------------------

  Enable Multi Corner Analysis               :  Yes
  Enable Pessimism Removal                   :  Yes
  Pessimism Removal Resolution               :  Nearest Common Node
  Enable Input Delay Default Clock           :  No
  Enable Preset / Clear Arcs                 :  No
  Disable Flight Delays                      :  No
  Ignore I/O Paths                           :  No
  Timing Early Launch at Borrowing Latches   :  No
  Borrow Time for Max Delay Exceptions       :  Yes
  Merge Timing Exceptions                    :  Yes

  Corner  Analyze    Analyze    
  Name    Max Paths  Min Paths  
  ------  ---------  ---------  
  Slow    Yes        Yes        
  Fast    Yes        Yes        



check_timing report

Table of Contents
-----------------
1. checking no_clock (0)
2. checking constant_clock (0)
3. checking pulse_width_clock (0)
4. checking unconstrained_internal_endpoints (0)
5. checking no_input_delay (10)
6. checking no_output_delay (21)
7. checking multiple_clock (0)
8. checking generated_clocks (0)
9. checking loops (0)
10. checking partial_input_delay (0)
11. checking partial_output_delay (0)
12. checking latch_loops (0)

1. checking no_clock (0)
------------------------
 There are 0 register/latch pins with no clock.


2. checking constant_clock (0)
------------------------------
 There are 0 register/latch pins with constant_clock.


3. checking pulse_width_clock (0)
---------------------------------
 There are 0 register/latch pins which need pulse_width check


4. checking unconstrained_internal_endpoints (0)
------------------------------------------------
 There are 0 pins that are not constrained for maximum delay.

 There are 0 pins that are not constrained for maximum delay due to constant clock.


5. checking no_input_delay (10)
-------------------------------
 There are 10 input ports with no input delay specified. (HIGH)

 There are 0 input ports with no input delay but user has a false path constraint.


6. checking no_output_delay (21)
--------------------------------
 There are 21 ports with no output delay specified. (HIGH)

 There are 0 ports with no output delay but user has a false path constraint

 There are 0 ports with no output delay but with a timing clock defined on it or propagating through it


7. checking multiple_clock (0)
------------------------------
 There are 0 register/latch pins with multiple clocks.


8. checking generated_clocks (0)
--------------------------------
 There are 0 generated clocks that are not connected to a clock source.


9. checking loops (0)
---------------------
 There are 0 combinational loops in the design.


10. checking partial_input_delay (0)
------------------------------------
 There are 0 input ports with partial input delay specified.


11. checking partial_output_delay (0)
-------------------------------------
 There are 0 ports with partial output delay specified.


12. checking latch_loops (0)
----------------------------
 There are 0 combinational latch loops in the design through latch input



------------------------------------------------------------------------------------------------
| Design Timing Summary
| ---------------------
------------------------------------------------------------------------------------------------

    WNS(ns)      TNS(ns)  TNS Failing Endpoints  TNS Total Endpoints      WHS(ns)      THS(ns)  THS Failing Endpoints  THS Total Endpoints     WPWS(ns)     TPWS(ns)  TPWS Failing Endpoints  TPWS Total Endpoints  
    -------      -------  ---------------------  -------------------      -------      -------  ---------------------  -------------------     --------     --------  ----------------------  --------------------  
      0.024        0.000                      0                 1121        0.005        0.000                      0                 1121        2.166        0.000                       0                  1102  


All user specified timing constraints are met.


------------------------------------------------------------------------------------------------
| Clock Summary
| -------------
------------------------------------------------------------------------------------------------

Clock   Waveform(ns)         Period(ns)      Frequency(MHz)
-----   ------------         ----------      --------------
vclock  {0.000 2.441}        4.883           204.792         


------------------------------------------------------------------------------------------------
| Intra Clock Table
| -----------------
------------------------------------------------------------------------------------------------

Clock             WNS(ns)      TNS(ns)  TNS Failing Endpoints  TNS Total Endpoints      WHS(ns)      THS(ns)  THS Failing Endpoints  THS Total Endpoints     WPWS(ns)     TPWS(ns)  TPWS Failing Endpoints  TPWS Total Endpoints  
-----             -------      -------  ---------------------  -------------------      -------      -------  ---------------------  -------------------     --------     --------  ----------------------  --------------------  
vclock              0.024        0.000                      0                 1121        0.005        0.000                      0                 1121        2.166        0.000                       0                  1102  


------------------------------------------------------------------------------------------------
| Inter Clock Table
| -----------------
------------------------------------------------------------------------------------------------

From Clock    To Clock          WNS(ns)      TNS(ns)  TNS Failing Endpoints  TNS Total Endpoints      WHS(ns)      THS(ns)  THS Failing Endpoints  THS Total Endpoints  
----------    --------          -------      -------  ---------------------  -------------------      -------      -------  ---------------------  -------------------  


------------------------------------------------------------------------------------------------
| Other Path Groups Table
| -----------------------
------------------------------------------------------------------------------------------------

Path Group    From Clock    To Clock          WNS(ns)      TNS(ns)  TNS Failing Endpoints  TNS Total Endpoints      WHS(ns)      THS(ns)  THS Failing Endpoints  THS Total Endpoints  
----------    ----------    --------          -------      -------  ---------------------  -------------------      -------      -------  ---------------------  -------------------  


------------------------------------------------------------------------------------------------
| Timing Details
| --------------
------------------------------------------------------------------------------------------------


---------------------------------------------------------------------------------------------------
From Clock:  vclock
  To Clock:  vclock

Setup :            0  Failing Endpoints,  Worst Slack        0.024ns,  Total Violation        0.000ns
Hold  :            0  Failing Endpoints,  Worst Slack        0.005ns,  Total Violation        0.000ns
PW    :            0  Failing Endpoints,  Worst Slack        2.166ns,  Total Violation        0.000ns
---------------------------------------------------------------------------------------------------


Max Delay Paths
--------------------------------------------------------------------------------------
Slack (MET) :             0.024ns  (required time - arrival time)
  Source:                 genblk1[16].reg_in/reg_out_reg[0]/C
                            (rising edge-triggered cell FDRE clocked by vclock  {rise@0.000ns fall@2.441ns period=4.883ns})
  Destination:            reg_out/reg_out_reg[12]/R
                            (rising edge-triggered cell FDRE clocked by vclock  {rise@0.000ns fall@2.441ns period=4.883ns})
  Path Group:             vclock
  Path Type:              Setup (Max at Slow Process Corner)
  Requirement:            4.883ns  (vclock rise@4.883ns - vclock rise@0.000ns)
  Data Path Delay:        4.763ns  (logic 1.829ns (38.400%)  route 2.934ns (61.600%))
  Logic Levels:           16  (CARRY8=10 LUT2=5 LUT3=1)
  Clock Path Skew:        0.013ns (DCD - SCD + CPR)
    Destination Clock Delay (DCD):    1.514ns = ( 6.397 - 4.883 ) 
    Source Clock Delay      (SCD):    1.813ns
    Clock Pessimism Removal (CPR):    0.313ns
  Clock Uncertainty:      0.035ns  ((TSJ^2 + TIJ^2)^1/2 + DJ) / 2 + PE
    Total System Jitter     (TSJ):    0.071ns
    Total Input Jitter      (TIJ):    0.000ns
    Discrete Jitter          (DJ):    0.000ns
    Phase Error              (PE):    0.000ns
  Clock Net Delay (Source):      0.867ns (routing 0.001ns, distribution 0.866ns)
  Clock Net Delay (Destination): 0.858ns (routing 0.001ns, distribution 0.857ns)

    Location             Delay type                Incr(ns)  Path(ns)    Netlist Resource(s)
  -------------------------------------------------------------------    -------------------
                         (clock vclock rise edge)     0.000     0.000 r  
    AP13                                              0.000     0.000 r  clk (IN)
                         net (fo=0)                   0.000     0.000    clk_IBUF_inst/I
    AP13                 INBUF (Prop_INBUF_HPIOB_M_PAD_O)
                                                      0.595     0.595 r  clk_IBUF_inst/INBUF_INST/O
                         net (fo=1, routed)           0.000     0.595    clk_IBUF_inst/OUT
    AP13                 IBUFCTRL (Prop_IBUFCTRL_HPIOB_M_I_O)
                                                      0.000     0.595 r  clk_IBUF_inst/IBUFCTRL_INST/O
                         net (fo=1, routed)           0.323     0.918    clk_IBUF
    BUFGCE_X1Y194        BUFGCE (Prop_BUFCE_BUFGCE_I_O)
                                                      0.028     0.946 r  clk_IBUF_BUFG_inst/O
    X4Y8 (CLOCK_ROOT)    net (fo=1101, routed)        0.867     1.813    genblk1[16].reg_in/clk_IBUF_BUFG
    SLICE_X108Y528       FDRE                                         r  genblk1[16].reg_in/reg_out_reg[0]/C
  -------------------------------------------------------------------    -------------------
    SLICE_X108Y528       FDRE (Prop_AFF_SLICEM_C_Q)
                                                      0.077     1.890 r  genblk1[16].reg_in/reg_out_reg[0]/Q
                         net (fo=3, routed)           0.144     2.034    conv/mul10/O17[0]
    SLICE_X108Y528       CARRY8 (Prop_CARRY8_SLICEM_S[0]_O[0])
                                                      0.065     2.099 r  conv/mul10/reg_out_reg[8]_i_106/O[0]
                         net (fo=1, routed)           0.308     2.407    conv/add000065/out0[0]
    SLICE_X107Y527       CARRY8 (Prop_CARRY8_SLICEM_S[0]_O[0])
                                                      0.065     2.472 r  conv/add000065/reg_out_reg[8]_i_70/O[0]
                         net (fo=1, routed)           0.299     2.771    conv/add000065/reg_out_reg[8]_i_70_n_15
    SLICE_X104Y526       LUT3 (Prop_B5LUT_SLICEM_I2_O)
                                                      0.072     2.843 r  conv/add000065/reg_out[8]_i_46/O
                         net (fo=3, routed)           0.339     3.182    conv/add000065/reg_out[8]_i_46_n_0
    SLICE_X106Y527       CARRY8 (Prop_CARRY8_SLICEL_S[0]_O[3])
                                                      0.138     3.320 r  conv/add000065/reg_out_reg[8]_i_45/O[3]
                         net (fo=2, routed)           0.301     3.621    conv/add000065/reg_out_reg[8]_i_45_n_12
    SLICE_X104Y526       LUT2 (Prop_F6LUT_SLICEM_I0_O)
                                                      0.037     3.658 r  conv/add000065/reg_out[8]_i_49/O
                         net (fo=1, routed)           0.022     3.680    conv/add000065/reg_out[8]_i_49_n_0
    SLICE_X104Y526       CARRY8 (Prop_CARRY8_SLICEM_S[5]_CO[7])
                                                      0.159     3.839 r  conv/add000065/reg_out_reg[8]_i_28/CO[7]
                         net (fo=1, routed)           0.026     3.865    conv/add000065/reg_out_reg[8]_i_28_n_0
    SLICE_X104Y527       CARRY8 (Prop_CARRY8_SLICEM_CI_O[0])
                                                      0.056     3.921 r  conv/add000065/reg_out_reg[16]_i_58/O[0]
                         net (fo=1, routed)           0.197     4.118    conv/add000065/reg_out_reg[16]_i_58_n_15
    SLICE_X104Y522       LUT2 (Prop_A6LUT_SLICEM_I1_O)
                                                      0.125     4.243 r  conv/add000065/reg_out[16]_i_38/O
                         net (fo=1, routed)           0.013     4.256    conv/add000065/reg_out[16]_i_38_n_0
    SLICE_X104Y522       CARRY8 (Prop_CARRY8_SLICEM_S[0]_O[5])
                                                      0.240     4.496 r  conv/add000065/reg_out_reg[16]_i_20/O[5]
                         net (fo=2, routed)           0.317     4.813    conv/add000065/reg_out_reg[16]_i_20_n_10
    SLICE_X106Y518       LUT2 (Prop_F6LUT_SLICEL_I0_O)
                                                      0.049     4.862 r  conv/add000065/reg_out[16]_i_23/O
                         net (fo=1, routed)           0.011     4.873    conv/add000065/reg_out[16]_i_23_n_0
    SLICE_X106Y518       CARRY8 (Prop_CARRY8_SLICEL_S[5]_CO[7])
                                                      0.155     5.028 r  conv/add000065/reg_out_reg[16]_i_11/CO[7]
                         net (fo=1, routed)           0.026     5.054    conv/add000065/reg_out_reg[16]_i_11_n_0
    SLICE_X106Y519       CARRY8 (Prop_CARRY8_SLICEL_CI_O[0])
                                                      0.056     5.110 r  conv/add000065/reg_out_reg[21]_i_10/O[0]
                         net (fo=2, routed)           0.339     5.449    conv/add000065/reg_out_reg[21]_i_10_n_15
    SLICE_X106Y514       CARRY8 (Prop_CARRY8_SLICEL_DI[0]_O[2])
                                                      0.108     5.557 r  conv/add000065/reg_out_reg[21]_i_3/O[2]
                         net (fo=3, routed)           0.233     5.790    conv/add000049/reg_out_reg[21]_1[0]
    SLICE_X107Y513       LUT2 (Prop_B6LUT_SLICEM_I1_O)
                                                      0.100     5.890 r  conv/add000049/reg_out[21]_i_8/O
                         net (fo=1, routed)           0.016     5.906    conv/add000065/reg_out_reg[21]_0[0]
    SLICE_X107Y513       CARRY8 (Prop_CARRY8_SLICEM_S[1]_O[5])
                                                      0.237     6.143 r  conv/add000065/reg_out_reg[21]_i_2/O[5]
                         net (fo=2, routed)           0.139     6.282    reg_out/a[20]
    SLICE_X107Y514       LUT2 (Prop_A6LUT_SLICEM_I0_O)
                                                      0.090     6.372 r  reg_out/reg_out[21]_i_1/O
                         net (fo=20, routed)          0.204     6.576    reg_out/reg_out[21]_i_1_n_0
    SLICE_X107Y513       FDRE                                         r  reg_out/reg_out_reg[12]/R
  -------------------------------------------------------------------    -------------------

                         (clock vclock rise edge)     4.883     4.883 r  
    AP13                                              0.000     4.883 r  clk (IN)
                         net (fo=0)                   0.000     4.883    clk_IBUF_inst/I
    AP13                 INBUF (Prop_INBUF_HPIOB_M_PAD_O)
                                                      0.345     5.228 r  clk_IBUF_inst/INBUF_INST/O
                         net (fo=1, routed)           0.000     5.228    clk_IBUF_inst/OUT
    AP13                 IBUFCTRL (Prop_IBUFCTRL_HPIOB_M_I_O)
                                                      0.000     5.228 r  clk_IBUF_inst/IBUFCTRL_INST/O
                         net (fo=1, routed)           0.287     5.515    clk_IBUF
    BUFGCE_X1Y194        BUFGCE (Prop_BUFCE_BUFGCE_I_O)
                                                      0.024     5.539 r  clk_IBUF_BUFG_inst/O
    X4Y8 (CLOCK_ROOT)    net (fo=1101, routed)        0.858     6.397    reg_out/clk_IBUF_BUFG
    SLICE_X107Y513       FDRE                                         r  reg_out/reg_out_reg[12]/C
                         clock pessimism              0.313     6.710    
                         clock uncertainty           -0.035     6.674    
    SLICE_X107Y513       FDRE (Setup_BFF2_SLICEM_C_R)
                                                     -0.074     6.600    reg_out/reg_out_reg[12]
  -------------------------------------------------------------------
                         required time                          6.600    
                         arrival time                          -6.576    
  -------------------------------------------------------------------
                         slack                                  0.024    





Min Delay Paths
--------------------------------------------------------------------------------------
Slack (MET) :             0.005ns  (arrival time - required time)
  Source:                 demux/genblk1[54].z_reg[54][3]/C
                            (rising edge-triggered cell FDRE clocked by vclock  {rise@0.000ns fall@2.441ns period=4.883ns})
  Destination:            genblk1[54].reg_in/reg_out_reg[3]/D
                            (rising edge-triggered cell FDRE clocked by vclock  {rise@0.000ns fall@2.441ns period=4.883ns})
  Path Group:             vclock
  Path Type:              Hold (Min at Slow Process Corner)
  Requirement:            0.000ns  (vclock rise@0.000ns - vclock rise@0.000ns)
  Data Path Delay:        0.174ns  (logic 0.059ns (33.908%)  route 0.115ns (66.092%))
  Logic Levels:           0  
  Clock Path Skew:        0.107ns (DCD - SCD - CPR)
    Destination Clock Delay (DCD):    1.807ns
    Source Clock Delay      (SCD):    1.387ns
    Clock Pessimism Removal (CPR):    0.314ns
  Clock Net Delay (Source):      0.731ns (routing 0.001ns, distribution 0.730ns)
  Clock Net Delay (Destination): 0.861ns (routing 0.001ns, distribution 0.860ns)

    Location             Delay type                Incr(ns)  Path(ns)    Netlist Resource(s)
  -------------------------------------------------------------------    -------------------
                         (clock vclock rise edge)     0.000     0.000 r  
    AP13                                              0.000     0.000 r  clk (IN)
                         net (fo=0)                   0.000     0.000    clk_IBUF_inst/I
    AP13                 INBUF (Prop_INBUF_HPIOB_M_PAD_O)
                                                      0.345     0.345 r  clk_IBUF_inst/INBUF_INST/O
                         net (fo=1, routed)           0.000     0.345    clk_IBUF_inst/OUT
    AP13                 IBUFCTRL (Prop_IBUFCTRL_HPIOB_M_I_O)
                                                      0.000     0.345 r  clk_IBUF_inst/IBUFCTRL_INST/O
                         net (fo=1, routed)           0.287     0.632    clk_IBUF
    BUFGCE_X1Y194        BUFGCE (Prop_BUFCE_BUFGCE_I_O)
                                                      0.024     0.656 r  clk_IBUF_BUFG_inst/O
    X4Y8 (CLOCK_ROOT)    net (fo=1101, routed)        0.731     1.387    demux/clk_IBUF_BUFG
    SLICE_X111Y509       FDRE                                         r  demux/genblk1[54].z_reg[54][3]/C
  -------------------------------------------------------------------    -------------------
    SLICE_X111Y509       FDRE (Prop_DFF_SLICEL_C_Q)
                                                      0.059     1.446 r  demux/genblk1[54].z_reg[54][3]/Q
                         net (fo=1, routed)           0.115     1.561    genblk1[54].reg_in/D[3]
    SLICE_X111Y510       FDRE                                         r  genblk1[54].reg_in/reg_out_reg[3]/D
  -------------------------------------------------------------------    -------------------

                         (clock vclock rise edge)     0.000     0.000 r  
    AP13                                              0.000     0.000 r  clk (IN)
                         net (fo=0)                   0.000     0.000    clk_IBUF_inst/I
    AP13                 INBUF (Prop_INBUF_HPIOB_M_PAD_O)
                                                      0.595     0.595 r  clk_IBUF_inst/INBUF_INST/O
                         net (fo=1, routed)           0.000     0.595    clk_IBUF_inst/OUT
    AP13                 IBUFCTRL (Prop_IBUFCTRL_HPIOB_M_I_O)
                                                      0.000     0.595 r  clk_IBUF_inst/IBUFCTRL_INST/O
                         net (fo=1, routed)           0.323     0.918    clk_IBUF
    BUFGCE_X1Y194        BUFGCE (Prop_BUFCE_BUFGCE_I_O)
                                                      0.028     0.946 r  clk_IBUF_BUFG_inst/O
    X4Y8 (CLOCK_ROOT)    net (fo=1101, routed)        0.861     1.807    genblk1[54].reg_in/clk_IBUF_BUFG
    SLICE_X111Y510       FDRE                                         r  genblk1[54].reg_in/reg_out_reg[3]/C
                         clock pessimism             -0.314     1.493    
    SLICE_X111Y510       FDRE (Hold_GFF2_SLICEL_C_D)
                                                      0.062     1.555    genblk1[54].reg_in/reg_out_reg[3]
  -------------------------------------------------------------------
                         required time                         -1.555    
                         arrival time                           1.561    
  -------------------------------------------------------------------
                         slack                                  0.005    





Pulse Width Checks
--------------------------------------------------------------------------------------
Clock Name:         vclock
Waveform(ns):       { 0.000 2.441 }
Period(ns):         4.883
Sources:            { clk }

Check Type        Corner  Lib Pin   Reference Pin  Required(ns)  Actual(ns)  Slack(ns)  Location        Pin
Min Period        n/a     BUFGCE/I  n/a            1.290         4.883       3.593      BUFGCE_X1Y194   clk_IBUF_BUFG_inst/I
Low Pulse Width   Slow    FDRE/C    n/a            0.275         2.441       2.166      SLICE_X103Y530  demux/genblk1[19].z_reg[19][6]/C
High Pulse Width  Fast    FDRE/C    n/a            0.275         2.441       2.166      SLICE_X109Y512  genblk1[72].reg_in/reg_out_reg[0]/C



