Copyright 1986-2020 Xilinx, Inc. All Rights Reserved.
--------------------------------------------------------------------------------------------
| Tool Version      : Vivado v.2020.1 (lin64) Build 2902540 Wed May 27 19:54:35 MDT 2020
| Date              : Wed Mar 16 00:53:53 2022
| Host              : lepus running 64-bit CentOS Linux release 7.9.2009 (Core)
| Command           : report_timing_summary -file ./output/fc2_53/report/timing-summary.rpt
| Design            : top
| Device            : xcvu9p-flga2104
| Speed File        : -2L  PRODUCTION 1.27 02-28-2020
| Temperature Grade : E
--------------------------------------------------------------------------------------------

Timing Summary Report

------------------------------------------------------------------------------------------------
| Timer Settings
| --------------
------------------------------------------------------------------------------------------------

  Enable Multi Corner Analysis               :  Yes
  Enable Pessimism Removal                   :  Yes
  Pessimism Removal Resolution               :  Nearest Common Node
  Enable Input Delay Default Clock           :  No
  Enable Preset / Clear Arcs                 :  No
  Disable Flight Delays                      :  No
  Ignore I/O Paths                           :  No
  Timing Early Launch at Borrowing Latches   :  No
  Borrow Time for Max Delay Exceptions       :  Yes
  Merge Timing Exceptions                    :  Yes

  Corner  Analyze    Analyze    
  Name    Max Paths  Min Paths  
  ------  ---------  ---------  
  Slow    Yes        Yes        
  Fast    Yes        Yes        



check_timing report

Table of Contents
-----------------
1. checking no_clock (0)
2. checking constant_clock (0)
3. checking pulse_width_clock (0)
4. checking unconstrained_internal_endpoints (0)
5. checking no_input_delay (10)
6. checking no_output_delay (22)
7. checking multiple_clock (0)
8. checking generated_clocks (0)
9. checking loops (0)
10. checking partial_input_delay (0)
11. checking partial_output_delay (0)
12. checking latch_loops (0)

1. checking no_clock (0)
------------------------
 There are 0 register/latch pins with no clock.


2. checking constant_clock (0)
------------------------------
 There are 0 register/latch pins with constant_clock.


3. checking pulse_width_clock (0)
---------------------------------
 There are 0 register/latch pins which need pulse_width check


4. checking unconstrained_internal_endpoints (0)
------------------------------------------------
 There are 0 pins that are not constrained for maximum delay.

 There are 0 pins that are not constrained for maximum delay due to constant clock.


5. checking no_input_delay (10)
-------------------------------
 There are 10 input ports with no input delay specified. (HIGH)

 There are 0 input ports with no input delay but user has a false path constraint.


6. checking no_output_delay (22)
--------------------------------
 There are 22 ports with no output delay specified. (HIGH)

 There are 0 ports with no output delay but user has a false path constraint

 There are 0 ports with no output delay but with a timing clock defined on it or propagating through it


7. checking multiple_clock (0)
------------------------------
 There are 0 register/latch pins with multiple clocks.


8. checking generated_clocks (0)
--------------------------------
 There are 0 generated clocks that are not connected to a clock source.


9. checking loops (0)
---------------------
 There are 0 combinational loops in the design.


10. checking partial_input_delay (0)
------------------------------------
 There are 0 input ports with partial input delay specified.


11. checking partial_output_delay (0)
-------------------------------------
 There are 0 ports with partial output delay specified.


12. checking latch_loops (0)
----------------------------
 There are 0 combinational latch loops in the design through latch input



------------------------------------------------------------------------------------------------
| Design Timing Summary
| ---------------------
------------------------------------------------------------------------------------------------

    WNS(ns)      TNS(ns)  TNS Failing Endpoints  TNS Total Endpoints      WHS(ns)      THS(ns)  THS Failing Endpoints  THS Total Endpoints     WPWS(ns)     TPWS(ns)  TPWS Failing Endpoints  TPWS Total Endpoints  
    -------      -------  ---------------------  -------------------      -------      -------  ---------------------  -------------------     --------     --------  ----------------------  --------------------  
      0.066        0.000                      0                 1171        0.008        0.000                      0                 1171        2.185        0.000                       0                  1151  


All user specified timing constraints are met.


------------------------------------------------------------------------------------------------
| Clock Summary
| -------------
------------------------------------------------------------------------------------------------

Clock   Waveform(ns)         Period(ns)      Frequency(MHz)
-----   ------------         ----------      --------------
vclock  {0.000 2.461}        4.921           203.211         


------------------------------------------------------------------------------------------------
| Intra Clock Table
| -----------------
------------------------------------------------------------------------------------------------

Clock             WNS(ns)      TNS(ns)  TNS Failing Endpoints  TNS Total Endpoints      WHS(ns)      THS(ns)  THS Failing Endpoints  THS Total Endpoints     WPWS(ns)     TPWS(ns)  TPWS Failing Endpoints  TPWS Total Endpoints  
-----             -------      -------  ---------------------  -------------------      -------      -------  ---------------------  -------------------     --------     --------  ----------------------  --------------------  
vclock              0.066        0.000                      0                 1171        0.008        0.000                      0                 1171        2.185        0.000                       0                  1151  


------------------------------------------------------------------------------------------------
| Inter Clock Table
| -----------------
------------------------------------------------------------------------------------------------

From Clock    To Clock          WNS(ns)      TNS(ns)  TNS Failing Endpoints  TNS Total Endpoints      WHS(ns)      THS(ns)  THS Failing Endpoints  THS Total Endpoints  
----------    --------          -------      -------  ---------------------  -------------------      -------      -------  ---------------------  -------------------  


------------------------------------------------------------------------------------------------
| Other Path Groups Table
| -----------------------
------------------------------------------------------------------------------------------------

Path Group    From Clock    To Clock          WNS(ns)      TNS(ns)  TNS Failing Endpoints  TNS Total Endpoints      WHS(ns)      THS(ns)  THS Failing Endpoints  THS Total Endpoints  
----------    ----------    --------          -------      -------  ---------------------  -------------------      -------      -------  ---------------------  -------------------  


------------------------------------------------------------------------------------------------
| Timing Details
| --------------
------------------------------------------------------------------------------------------------


---------------------------------------------------------------------------------------------------
From Clock:  vclock
  To Clock:  vclock

Setup :            0  Failing Endpoints,  Worst Slack        0.066ns,  Total Violation        0.000ns
Hold  :            0  Failing Endpoints,  Worst Slack        0.008ns,  Total Violation        0.000ns
PW    :            0  Failing Endpoints,  Worst Slack        2.185ns,  Total Violation        0.000ns
---------------------------------------------------------------------------------------------------


Max Delay Paths
--------------------------------------------------------------------------------------
Slack (MET) :             0.066ns  (required time - arrival time)
  Source:                 genblk1[7].reg_in/reg_out_reg[2]/C
                            (rising edge-triggered cell FDRE clocked by vclock  {rise@0.000ns fall@2.461ns period=4.921ns})
  Destination:            reg_out/reg_out_reg[12]/R
                            (rising edge-triggered cell FDRE clocked by vclock  {rise@0.000ns fall@2.461ns period=4.921ns})
  Path Group:             vclock
  Path Type:              Setup (Max at Slow Process Corner)
  Requirement:            4.921ns  (vclock rise@4.921ns - vclock rise@0.000ns)
  Data Path Delay:        4.654ns  (logic 2.031ns (43.640%)  route 2.623ns (56.360%))
  Logic Levels:           18  (CARRY8=10 LUT2=7 LUT5=1)
  Clock Path Skew:        -0.091ns (DCD - SCD + CPR)
    Destination Clock Delay (DCD):    1.619ns = ( 6.540 - 4.921 ) 
    Source Clock Delay      (SCD):    2.057ns
    Clock Pessimism Removal (CPR):    0.348ns
  Clock Uncertainty:      0.035ns  ((TSJ^2 + TIJ^2)^1/2 + DJ) / 2 + PE
    Total System Jitter     (TSJ):    0.071ns
    Total Input Jitter      (TIJ):    0.000ns
    Discrete Jitter          (DJ):    0.000ns
    Phase Error              (PE):    0.000ns
  Clock Net Delay (Source):      1.111ns (routing 0.171ns, distribution 0.940ns)
  Clock Net Delay (Destination): 0.963ns (routing 0.155ns, distribution 0.808ns)

    Location             Delay type                Incr(ns)  Path(ns)    Netlist Resource(s)
  -------------------------------------------------------------------    -------------------
                         (clock vclock rise edge)     0.000     0.000 r  
    AP13                                              0.000     0.000 r  clk (IN)
                         net (fo=0)                   0.000     0.000    clk_IBUF_inst/I
    AP13                 INBUF (Prop_INBUF_HPIOB_M_PAD_O)
                                                      0.595     0.595 r  clk_IBUF_inst/INBUF_INST/O
                         net (fo=1, routed)           0.000     0.595    clk_IBUF_inst/OUT
    AP13                 IBUFCTRL (Prop_IBUFCTRL_HPIOB_M_I_O)
                                                      0.000     0.595 r  clk_IBUF_inst/IBUFCTRL_INST/O
                         net (fo=1, routed)           0.323     0.918    clk_IBUF
    BUFGCE_X1Y194        BUFGCE (Prop_BUFCE_BUFGCE_I_O)
                                                      0.028     0.946 r  clk_IBUF_BUFG_inst/O
    X4Y8 (CLOCK_ROOT)    net (fo=1150, routed)        1.111     2.057    genblk1[7].reg_in/clk_IBUF_BUFG
    SLICE_X123Y526       FDRE                                         r  genblk1[7].reg_in/reg_out_reg[2]/C
  -------------------------------------------------------------------    -------------------
    SLICE_X123Y526       FDRE (Prop_CFF_SLICEM_C_Q)
                                                      0.078     2.135 r  genblk1[7].reg_in/reg_out_reg[2]/Q
                         net (fo=3, routed)           0.113     2.248    conv/add000068/O8[2]
    SLICE_X123Y526       LUT2 (Prop_D6LUT_SLICEM_I1_O)
                                                      0.099     2.347 r  conv/add000068/reg_out[0]_i_82/O
                         net (fo=1, routed)           0.025     2.372    conv/add000068/reg_out[0]_i_82_n_0
    SLICE_X123Y526       CARRY8 (Prop_CARRY8_SLICEM_S[3]_O[5])
                                                      0.184     2.556 r  conv/add000068/reg_out_reg[0]_i_33/O[5]
                         net (fo=1, routed)           0.404     2.960    genblk1[6].reg_in/reg_out_reg[0]_i_218_1[2]
    SLICE_X120Y527       LUT5 (Prop_D6LUT_SLICEL_I4_O)
                                                      0.050     3.010 r  genblk1[6].reg_in/reg_out[0]_i_420/O
                         net (fo=1, routed)           0.009     3.019    conv/add000068/reg_out_reg[0]_i_92_0[2]
    SLICE_X120Y527       CARRY8 (Prop_CARRY8_SLICEL_S[3]_O[5])
                                                      0.180     3.199 r  conv/add000068/reg_out_reg[0]_i_218/O[5]
                         net (fo=2, routed)           0.264     3.463    conv/add000068/reg_out_reg[0]_i_218_n_10
    SLICE_X120Y525       CARRY8 (Prop_CARRY8_SLICEL_DI[5]_O[6])
                                                      0.096     3.559 r  conv/add000068/reg_out_reg[0]_i_92/O[6]
                         net (fo=1, routed)           0.355     3.914    conv/add000068/reg_out_reg[0]_i_92_n_9
    SLICE_X124Y523       LUT2 (Prop_H6LUT_SLICEL_I1_O)
                                                      0.051     3.965 r  conv/add000068/reg_out[0]_i_94/O
                         net (fo=1, routed)           0.010     3.975    conv/add000068/reg_out[0]_i_94_n_0
    SLICE_X124Y523       CARRY8 (Prop_CARRY8_SLICEL_S[7]_CO[7])
                                                      0.115     4.090 r  conv/add000068/reg_out_reg[0]_i_35/CO[7]
                         net (fo=1, routed)           0.026     4.116    conv/add000068/reg_out_reg[0]_i_35_n_0
    SLICE_X124Y524       CARRY8 (Prop_CARRY8_SLICEL_CI_O[1])
                                                      0.076     4.192 r  conv/add000068/reg_out_reg[21]_i_32/O[1]
                         net (fo=2, routed)           0.304     4.496    conv/add000068/reg_out_reg[21]_i_32_n_14
    SLICE_X128Y525       LUT2 (Prop_C6LUT_SLICEL_I0_O)
                                                      0.050     4.546 r  conv/add000068/reg_out[21]_i_41/O
                         net (fo=1, routed)           0.010     4.556    conv/add000068/reg_out[21]_i_41_n_0
    SLICE_X128Y525       CARRY8 (Prop_CARRY8_SLICEL_S[2]_O[5])
                                                      0.196     4.752 r  conv/add000068/reg_out_reg[21]_i_21/O[5]
                         net (fo=2, routed)           0.187     4.939    conv/add000068/reg_out_reg[21]_i_21_n_10
    SLICE_X128Y528       LUT2 (Prop_F6LUT_SLICEL_I0_O)
                                                      0.123     5.062 r  conv/add000068/reg_out[21]_i_24/O
                         net (fo=1, routed)           0.011     5.073    conv/add000068/reg_out[21]_i_24_n_0
    SLICE_X128Y528       CARRY8 (Prop_CARRY8_SLICEL_S[5]_CO[7])
                                                      0.155     5.228 r  conv/add000068/reg_out_reg[21]_i_11/CO[7]
                         net (fo=1, routed)           0.026     5.254    conv/add000068/reg_out_reg[21]_i_11_n_0
    SLICE_X128Y529       CARRY8 (Prop_CARRY8_SLICEL_CI_O[0])
                                                      0.056     5.310 r  conv/add000068/reg_out_reg[21]_i_10/O[0]
                         net (fo=2, routed)           0.228     5.538    conv/add000068/reg_out_reg[21]_i_10_n_15
    SLICE_X128Y533       LUT2 (Prop_B6LUT_SLICEL_I0_O)
                                                      0.051     5.589 r  conv/add000068/reg_out[21]_i_15/O
                         net (fo=1, routed)           0.009     5.598    conv/add000068/reg_out[21]_i_15_n_0
    SLICE_X128Y533       CARRY8 (Prop_CARRY8_SLICEL_S[1]_O[4])
                                                      0.200     5.798 r  conv/add000068/reg_out_reg[21]_i_3/O[4]
                         net (fo=3, routed)           0.213     6.011    conv/add000068/reg_out_reg[21]_i_3_n_11
    SLICE_X127Y532       LUT2 (Prop_D6LUT_SLICEM_I1_O)
                                                      0.051     6.062 r  conv/add000068/reg_out[21]_i_6/O
                         net (fo=1, routed)           0.025     6.087    conv/add000068/reg_out[21]_i_6_n_0
    SLICE_X127Y532       CARRY8 (Prop_CARRY8_SLICEM_S[3]_O[5])
                                                      0.184     6.271 r  conv/add000068/reg_out_reg[21]_i_2/O[5]
                         net (fo=2, routed)           0.180     6.451    reg_out/a[21]
    SLICE_X126Y530       LUT2 (Prop_H6LUT_SLICEL_I0_O)
                                                      0.036     6.487 r  reg_out/reg_out[21]_i_1/O
                         net (fo=21, routed)          0.224     6.711    reg_out/reg_out[21]_i_1_n_0
    SLICE_X125Y530       FDRE                                         r  reg_out/reg_out_reg[12]/R
  -------------------------------------------------------------------    -------------------

                         (clock vclock rise edge)     4.921     4.921 r  
    AP13                                              0.000     4.921 r  clk (IN)
                         net (fo=0)                   0.000     4.921    clk_IBUF_inst/I
    AP13                 INBUF (Prop_INBUF_HPIOB_M_PAD_O)
                                                      0.345     5.266 r  clk_IBUF_inst/INBUF_INST/O
                         net (fo=1, routed)           0.000     5.266    clk_IBUF_inst/OUT
    AP13                 IBUFCTRL (Prop_IBUFCTRL_HPIOB_M_I_O)
                                                      0.000     5.266 r  clk_IBUF_inst/IBUFCTRL_INST/O
                         net (fo=1, routed)           0.287     5.553    clk_IBUF
    BUFGCE_X1Y194        BUFGCE (Prop_BUFCE_BUFGCE_I_O)
                                                      0.024     5.577 r  clk_IBUF_BUFG_inst/O
    X4Y8 (CLOCK_ROOT)    net (fo=1150, routed)        0.963     6.540    reg_out/clk_IBUF_BUFG
    SLICE_X125Y530       FDRE                                         r  reg_out/reg_out_reg[12]/C
                         clock pessimism              0.348     6.887    
                         clock uncertainty           -0.035     6.852    
    SLICE_X125Y530       FDRE (Setup_BFF2_SLICEM_C_R)
                                                     -0.074     6.778    reg_out/reg_out_reg[12]
  -------------------------------------------------------------------
                         required time                          6.778    
                         arrival time                          -6.711    
  -------------------------------------------------------------------
                         slack                                  0.066    





Min Delay Paths
--------------------------------------------------------------------------------------
Slack (MET) :             0.008ns  (arrival time - required time)
  Source:                 demux/genblk1[10].z_reg[10][3]/C
                            (rising edge-triggered cell FDRE clocked by vclock  {rise@0.000ns fall@2.461ns period=4.921ns})
  Destination:            genblk1[10].reg_in/reg_out_reg[3]/D
                            (rising edge-triggered cell FDRE clocked by vclock  {rise@0.000ns fall@2.461ns period=4.921ns})
  Path Group:             vclock
  Path Type:              Hold (Min at Slow Process Corner)
  Requirement:            0.000ns  (vclock rise@0.000ns - vclock rise@0.000ns)
  Data Path Delay:        0.168ns  (logic 0.060ns (35.714%)  route 0.108ns (64.286%))
  Logic Levels:           0  
  Clock Path Skew:        0.098ns (DCD - SCD - CPR)
    Destination Clock Delay (DCD):    2.057ns
    Source Clock Delay      (SCD):    1.612ns
    Clock Pessimism Removal (CPR):    0.348ns
  Clock Net Delay (Source):      0.956ns (routing 0.155ns, distribution 0.801ns)
  Clock Net Delay (Destination): 1.111ns (routing 0.171ns, distribution 0.940ns)

    Location             Delay type                Incr(ns)  Path(ns)    Netlist Resource(s)
  -------------------------------------------------------------------    -------------------
                         (clock vclock rise edge)     0.000     0.000 r  
    AP13                                              0.000     0.000 r  clk (IN)
                         net (fo=0)                   0.000     0.000    clk_IBUF_inst/I
    AP13                 INBUF (Prop_INBUF_HPIOB_M_PAD_O)
                                                      0.345     0.345 r  clk_IBUF_inst/INBUF_INST/O
                         net (fo=1, routed)           0.000     0.345    clk_IBUF_inst/OUT
    AP13                 IBUFCTRL (Prop_IBUFCTRL_HPIOB_M_I_O)
                                                      0.000     0.345 r  clk_IBUF_inst/IBUFCTRL_INST/O
                         net (fo=1, routed)           0.287     0.632    clk_IBUF
    BUFGCE_X1Y194        BUFGCE (Prop_BUFCE_BUFGCE_I_O)
                                                      0.024     0.656 r  clk_IBUF_BUFG_inst/O
    X4Y8 (CLOCK_ROOT)    net (fo=1150, routed)        0.956     1.612    demux/clk_IBUF_BUFG
    SLICE_X128Y517       FDRE                                         r  demux/genblk1[10].z_reg[10][3]/C
  -------------------------------------------------------------------    -------------------
    SLICE_X128Y517       FDRE (Prop_EFF2_SLICEL_C_Q)
                                                      0.060     1.672 r  demux/genblk1[10].z_reg[10][3]/Q
                         net (fo=1, routed)           0.108     1.780    genblk1[10].reg_in/D[3]
    SLICE_X130Y516       FDRE                                         r  genblk1[10].reg_in/reg_out_reg[3]/D
  -------------------------------------------------------------------    -------------------

                         (clock vclock rise edge)     0.000     0.000 r  
    AP13                                              0.000     0.000 r  clk (IN)
                         net (fo=0)                   0.000     0.000    clk_IBUF_inst/I
    AP13                 INBUF (Prop_INBUF_HPIOB_M_PAD_O)
                                                      0.595     0.595 r  clk_IBUF_inst/INBUF_INST/O
                         net (fo=1, routed)           0.000     0.595    clk_IBUF_inst/OUT
    AP13                 IBUFCTRL (Prop_IBUFCTRL_HPIOB_M_I_O)
                                                      0.000     0.595 r  clk_IBUF_inst/IBUFCTRL_INST/O
                         net (fo=1, routed)           0.323     0.918    clk_IBUF
    BUFGCE_X1Y194        BUFGCE (Prop_BUFCE_BUFGCE_I_O)
                                                      0.028     0.946 r  clk_IBUF_BUFG_inst/O
    X4Y8 (CLOCK_ROOT)    net (fo=1150, routed)        1.111     2.057    genblk1[10].reg_in/clk_IBUF_BUFG
    SLICE_X130Y516       FDRE                                         r  genblk1[10].reg_in/reg_out_reg[3]/C
                         clock pessimism             -0.348     1.710    
    SLICE_X130Y516       FDRE (Hold_AFF2_SLICEL_C_D)
                                                      0.062     1.772    genblk1[10].reg_in/reg_out_reg[3]
  -------------------------------------------------------------------
                         required time                         -1.772    
                         arrival time                           1.780    
  -------------------------------------------------------------------
                         slack                                  0.008    





Pulse Width Checks
--------------------------------------------------------------------------------------
Clock Name:         vclock
Waveform(ns):       { 0.000 2.461 }
Period(ns):         4.921
Sources:            { clk }

Check Type        Corner  Lib Pin   Reference Pin  Required(ns)  Actual(ns)  Slack(ns)  Location        Pin
Min Period        n/a     BUFGCE/I  n/a            1.290         4.921       3.631      BUFGCE_X1Y194   clk_IBUF_BUFG_inst/I
Low Pulse Width   Slow    FDRE/C    n/a            0.275         2.460       2.185      SLICE_X131Y529  genblk1[115].reg_in/reg_out_reg[0]/C
High Pulse Width  Fast    FDRE/C    n/a            0.275         2.460       2.185      SLICE_X127Y516  demux/genblk1[2].z_reg[2][0]/C



