Copyright 1986-2020 Xilinx, Inc. All Rights Reserved.
------------------------------------------------------------------------------------------------------
| Tool Version      : Vivado v.2020.1 (lin64) Build 2902540 Wed May 27 19:54:35 MDT 2020
| Date              : Mon Mar 14 17:41:33 2022
| Host              : lepus running 64-bit CentOS Linux release 7.9.2009 (Core)
| Command           : report_timing_summary -file ./output/fc1_9/report/timing-summary-post-place.rpt
| Design            : top
| Device            : xcvu9p-flga2104
| Speed File        : -2L  PRODUCTION 1.27 02-28-2020
| Temperature Grade : E
------------------------------------------------------------------------------------------------------

Timing Summary Report

------------------------------------------------------------------------------------------------
| Timer Settings
| --------------
------------------------------------------------------------------------------------------------

  Enable Multi Corner Analysis               :  Yes
  Enable Pessimism Removal                   :  Yes
  Pessimism Removal Resolution               :  Nearest Common Node
  Enable Input Delay Default Clock           :  No
  Enable Preset / Clear Arcs                 :  No
  Disable Flight Delays                      :  No
  Ignore I/O Paths                           :  No
  Timing Early Launch at Borrowing Latches   :  No
  Borrow Time for Max Delay Exceptions       :  Yes
  Merge Timing Exceptions                    :  Yes

  Corner  Analyze    Analyze    
  Name    Max Paths  Min Paths  
  ------  ---------  ---------  
  Slow    Yes        Yes        
  Fast    Yes        Yes        



check_timing report

Table of Contents
-----------------
1. checking no_clock (0)
2. checking constant_clock (0)
3. checking pulse_width_clock (0)
4. checking unconstrained_internal_endpoints (0)
5. checking no_input_delay (10)
6. checking no_output_delay (22)
7. checking multiple_clock (0)
8. checking generated_clocks (0)
9. checking loops (0)
10. checking partial_input_delay (0)
11. checking partial_output_delay (0)
12. checking latch_loops (0)

1. checking no_clock (0)
------------------------
 There are 0 register/latch pins with no clock.


2. checking constant_clock (0)
------------------------------
 There are 0 register/latch pins with constant_clock.


3. checking pulse_width_clock (0)
---------------------------------
 There are 0 register/latch pins which need pulse_width check


4. checking unconstrained_internal_endpoints (0)
------------------------------------------------
 There are 0 pins that are not constrained for maximum delay.

 There are 0 pins that are not constrained for maximum delay due to constant clock.


5. checking no_input_delay (10)
-------------------------------
 There are 10 input ports with no input delay specified. (HIGH)

 There are 0 input ports with no input delay but user has a false path constraint.


6. checking no_output_delay (22)
--------------------------------
 There are 22 ports with no output delay specified. (HIGH)

 There are 0 ports with no output delay but user has a false path constraint

 There are 0 ports with no output delay but with a timing clock defined on it or propagating through it


7. checking multiple_clock (0)
------------------------------
 There are 0 register/latch pins with multiple clocks.


8. checking generated_clocks (0)
--------------------------------
 There are 0 generated clocks that are not connected to a clock source.


9. checking loops (0)
---------------------
 There are 0 combinational loops in the design.


10. checking partial_input_delay (0)
------------------------------------
 There are 0 input ports with partial input delay specified.


11. checking partial_output_delay (0)
-------------------------------------
 There are 0 ports with partial output delay specified.


12. checking latch_loops (0)
----------------------------
 There are 0 combinational latch loops in the design through latch input



------------------------------------------------------------------------------------------------
| Design Timing Summary
| ---------------------
------------------------------------------------------------------------------------------------

    WNS(ns)      TNS(ns)  TNS Failing Endpoints  TNS Total Endpoints      WHS(ns)      THS(ns)  THS Failing Endpoints  THS Total Endpoints     WPWS(ns)     TPWS(ns)  TPWS Failing Endpoints  TPWS Total Endpoints  
    -------      -------  ---------------------  -------------------      -------      -------  ---------------------  -------------------     --------     --------  ----------------------  --------------------  
     -0.949       -9.703                     16                 1519       -0.032       -0.146                      9                 1519        1.725        0.000                       0                  1520  


Timing constraints are not met.


------------------------------------------------------------------------------------------------
| Clock Summary
| -------------
------------------------------------------------------------------------------------------------

Clock          Waveform(ns)         Period(ns)      Frequency(MHz)
-----          ------------         ----------      --------------
virtual_clock  {0.000 2.000}        4.000           250.000         


------------------------------------------------------------------------------------------------
| Intra Clock Table
| -----------------
------------------------------------------------------------------------------------------------

Clock              WNS(ns)      TNS(ns)  TNS Failing Endpoints  TNS Total Endpoints      WHS(ns)      THS(ns)  THS Failing Endpoints  THS Total Endpoints     WPWS(ns)     TPWS(ns)  TPWS Failing Endpoints  TPWS Total Endpoints  
-----              -------      -------  ---------------------  -------------------      -------      -------  ---------------------  -------------------     --------     --------  ----------------------  --------------------  
virtual_clock       -0.949       -9.703                     16                 1519       -0.032       -0.146                      9                 1519        1.725        0.000                       0                  1520  


------------------------------------------------------------------------------------------------
| Inter Clock Table
| -----------------
------------------------------------------------------------------------------------------------

From Clock    To Clock          WNS(ns)      TNS(ns)  TNS Failing Endpoints  TNS Total Endpoints      WHS(ns)      THS(ns)  THS Failing Endpoints  THS Total Endpoints  
----------    --------          -------      -------  ---------------------  -------------------      -------      -------  ---------------------  -------------------  


------------------------------------------------------------------------------------------------
| Other Path Groups Table
| -----------------------
------------------------------------------------------------------------------------------------

Path Group    From Clock    To Clock          WNS(ns)      TNS(ns)  TNS Failing Endpoints  TNS Total Endpoints      WHS(ns)      THS(ns)  THS Failing Endpoints  THS Total Endpoints  
----------    ----------    --------          -------      -------  ---------------------  -------------------      -------      -------  ---------------------  -------------------  


------------------------------------------------------------------------------------------------
| Timing Details
| --------------
------------------------------------------------------------------------------------------------


---------------------------------------------------------------------------------------------------
From Clock:  virtual_clock
  To Clock:  virtual_clock

Setup :           16  Failing Endpoints,  Worst Slack       -0.949ns,  Total Violation       -9.703ns
Hold  :            9  Failing Endpoints,  Worst Slack       -0.032ns,  Total Violation       -0.146ns
PW    :            0  Failing Endpoints,  Worst Slack        1.725ns,  Total Violation        0.000ns
---------------------------------------------------------------------------------------------------


Max Delay Paths
--------------------------------------------------------------------------------------
Slack (VIOLATED) :        -0.949ns  (required time - arrival time)
  Source:                 demux/sel_reg[1]/C
                            (rising edge-triggered cell FDRE clocked by virtual_clock  {rise@0.000ns fall@2.000ns period=4.000ns})
  Destination:            demux/sel_reg[2]/D
                            (rising edge-triggered cell FDRE clocked by virtual_clock  {rise@0.000ns fall@2.000ns period=4.000ns})
  Path Group:             virtual_clock
  Path Type:              Setup (Max at Slow Process Corner)
  Requirement:            4.000ns  (virtual_clock rise@4.000ns - virtual_clock rise@0.000ns)
  Data Path Delay:        4.890ns  (logic 2.015ns (41.207%)  route 2.875ns (58.793%))
  Logic Levels:           17  (CARRY8=8 LUT2=2 LUT3=2 LUT4=3 LUT6=2)
  Clock Path Skew:        -0.048ns (DCD - SCD + CPR)
    Destination Clock Delay (DCD):    1.313ns = ( 5.313 - 4.000 ) 
    Source Clock Delay      (SCD):    1.743ns
    Clock Pessimism Removal (CPR):    0.383ns
  Clock Uncertainty:      0.035ns  ((TSJ^2 + TIJ^2)^1/2 + DJ) / 2 + PE
    Total System Jitter     (TSJ):    0.071ns
    Total Input Jitter      (TIJ):    0.000ns
    Discrete Jitter          (DJ):    0.000ns
    Phase Error              (PE):    0.000ns
  Clock Net Delay (Source):      0.797ns (routing 0.000ns, distribution 0.797ns)
  Clock Net Delay (Destination): 0.657ns (routing 0.000ns, distribution 0.657ns)

    Location             Delay type                Incr(ns)  Path(ns)    Netlist Resource(s)
  -------------------------------------------------------------------    -------------------
                         (clock virtual_clock rise edge)
                                                      0.000     0.000 r  
    AP13                                              0.000     0.000 r  clk (IN)
                         net (fo=0)                   0.000     0.000    clk_IBUF_inst/I
    AP13                 INBUF (Prop_INBUF_HPIOB_M_PAD_O)
                                                      0.595     0.595 r  clk_IBUF_inst/INBUF_INST/O
                         net (fo=1, routed)           0.000     0.595    clk_IBUF_inst/OUT
    AP13                 IBUFCTRL (Prop_IBUFCTRL_HPIOB_M_I_O)
                                                      0.000     0.595 r  clk_IBUF_inst/IBUFCTRL_INST/O
                         net (fo=1, estimated)        0.323     0.918    clk_IBUF
    BUFGCE_X1Y194        BUFGCE (Prop_BUFCE_BUFGCE_I_O)
                                                      0.028     0.946 r  clk_IBUF_BUFG_inst/O
    X4Y8 (CLOCK_ROOT)    net (fo=1519, estimated)     0.797     1.743    demux/CLK
    SLICE_X119Y509       FDRE                                         r  demux/sel_reg[1]/C
  -------------------------------------------------------------------    -------------------
    SLICE_X119Y509       FDRE (Prop_AFF_SLICEM_C_Q)
                                                      0.077     1.820 r  demux/sel_reg[1]/Q
                         net (fo=50, estimated)       0.245     2.065    demux/sel[1]
    SLICE_X118Y509       CARRY8 (Prop_CARRY8_SLICEL_S[0]_O[7])
                                                      0.239     2.304 r  demux/sel_reg[8]_i_6/O[7]
                         net (fo=37, estimated)       0.285     2.589    p_1_in[8]
    SLICE_X117Y506       LUT3 (Prop_E5LUT_SLICEM_I2_O)
                                                      0.102     2.691 r  sel[8]_i_219/O
                         net (fo=2, estimated)        0.205     2.896    sel[8]_i_219_n_0
    SLICE_X117Y506       LUT4 (Prop_F6LUT_SLICEM_I0_O)
                                                      0.098     2.994 r  sel[8]_i_226/O
                         net (fo=1, routed)           0.022     3.016    demux/S[1]
    SLICE_X117Y506       CARRY8 (Prop_CARRY8_SLICEM_S[5]_CO[7])
                                                      0.159     3.175 f  demux/sel_reg[8]_i_191/CO[7]
                         net (fo=1, estimated)        0.026     3.201    demux/sel_reg[8]_i_191_n_0
    SLICE_X117Y507       CARRY8 (Prop_CARRY8_SLICEM_CI_CO[5])
                                                      0.077     3.278 f  demux/sel_reg[8]_i_167/CO[5]
                         net (fo=36, estimated)       0.284     3.562    demux_n_10
    SLICE_X118Y508       LUT2 (Prop_B5LUT_SLICEL_I1_O)
                                                      0.104     3.666 r  sel[8]_i_101/O
                         net (fo=17, estimated)       0.165     3.831    sel[8]_i_101_n_0
    SLICE_X118Y506       LUT4 (Prop_C6LUT_SLICEL_I3_O)
                                                      0.050     3.881 r  sel[8]_i_147/O
                         net (fo=1, routed)           0.010     3.891    demux/sel[8]_i_64_0[1]
    SLICE_X118Y506       CARRY8 (Prop_CARRY8_SLICEL_S[2]_O[7])
                                                      0.198     4.089 r  demux/sel_reg[8]_i_81/O[7]
                         net (fo=2, estimated)        0.365     4.454    demux_n_84
    SLICE_X117Y510       LUT3 (Prop_C5LUT_SLICEM_I2_O)
                                                      0.099     4.553 r  sel[8]_i_34/O
                         net (fo=2, estimated)        0.249     4.802    sel[8]_i_34_n_0
    SLICE_X117Y510       LUT4 (Prop_D6LUT_SLICEM_I3_O)
                                                      0.051     4.853 r  sel[8]_i_42/O
                         net (fo=1, routed)           0.025     4.878    demux/sel[8]_i_28_0[3]
    SLICE_X117Y510       CARRY8 (Prop_CARRY8_SLICEM_S[3]_CO[7])
                                                      0.163     5.041 r  demux/sel_reg[8]_i_20/CO[7]
                         net (fo=1, estimated)        0.026     5.067    demux/sel_reg[8]_i_20_n_0
    SLICE_X117Y511       CARRY8 (Prop_CARRY8_SLICEM_CI_O[0])
                                                      0.056     5.123 r  demux/sel_reg[8]_i_22/O[0]
                         net (fo=3, estimated)        0.368     5.491    demux/O[0]
    SLICE_X120Y511       CARRY8 (Prop_CARRY8_SLICEL_S[0]_O[0])
                                                      0.063     5.554 r  demux/sel_reg[8]_i_19/O[0]
                         net (fo=1, estimated)        0.165     5.719    demux_n_110
    SLICE_X119Y510       LUT2 (Prop_D6LUT_SLICEM_I1_O)
                                                      0.051     5.770 r  sel[8]_i_14/O
                         net (fo=1, routed)           0.025     5.795    demux/sel_reg[6]_0[2]
    SLICE_X119Y510       CARRY8 (Prop_CARRY8_SLICEM_S[3]_O[5])
                                                      0.184     5.979 f  demux/sel_reg[8]_i_4/O[5]
                         net (fo=6, estimated)        0.214     6.193    demux/sel_reg[8]_i_4_n_10
    SLICE_X119Y509       LUT6 (Prop_F6LUT_SLICEM_I0_O)
                                                      0.148     6.341 r  demux/sel[3]_i_2/O
                         net (fo=4, estimated)        0.146     6.487    demux/sel[3]_i_2_n_0
    SLICE_X120Y509       LUT6 (Prop_C6LUT_SLICEL_I1_O)
                                                      0.096     6.583 r  demux/sel[2]_i_1/O
                         net (fo=1, routed)           0.050     6.633    demux/sel20_in[2]
    SLICE_X120Y509       FDRE                                         r  demux/sel_reg[2]/D
  -------------------------------------------------------------------    -------------------

                         (clock virtual_clock rise edge)
                                                      4.000     4.000 r  
    AP13                                              0.000     4.000 r  clk (IN)
                         net (fo=0)                   0.000     4.000    clk_IBUF_inst/I
    AP13                 INBUF (Prop_INBUF_HPIOB_M_PAD_O)
                                                      0.345     4.345 r  clk_IBUF_inst/INBUF_INST/O
                         net (fo=1, routed)           0.000     4.345    clk_IBUF_inst/OUT
    AP13                 IBUFCTRL (Prop_IBUFCTRL_HPIOB_M_I_O)
                                                      0.000     4.345 r  clk_IBUF_inst/IBUFCTRL_INST/O
                         net (fo=1, estimated)        0.287     4.632    clk_IBUF
    BUFGCE_X1Y194        BUFGCE (Prop_BUFCE_BUFGCE_I_O)
                                                      0.024     4.656 r  clk_IBUF_BUFG_inst/O
    X4Y8 (CLOCK_ROOT)    net (fo=1519, estimated)     0.657     5.313    demux/CLK
    SLICE_X120Y509       FDRE                                         r  demux/sel_reg[2]/C
                         clock pessimism              0.383     5.695    
                         clock uncertainty           -0.035     5.660    
    SLICE_X120Y509       FDRE (Setup_CFF_SLICEL_C_D)
                                                      0.025     5.685    demux/sel_reg[2]
  -------------------------------------------------------------------
                         required time                          5.685    
                         arrival time                          -6.633    
  -------------------------------------------------------------------
                         slack                                 -0.949    





Min Delay Paths
--------------------------------------------------------------------------------------
Slack (VIOLATED) :        -0.032ns  (arrival time - required time)
  Source:                 demux/genblk1[31].z_reg[31][4]/C
                            (rising edge-triggered cell FDRE clocked by virtual_clock  {rise@0.000ns fall@2.000ns period=4.000ns})
  Destination:            genblk1[31].reg_in/reg_out_reg[4]/D
                            (rising edge-triggered cell FDRE clocked by virtual_clock  {rise@0.000ns fall@2.000ns period=4.000ns})
  Path Group:             virtual_clock
  Path Type:              Hold (Min at Slow Process Corner)
  Requirement:            0.000ns  (virtual_clock rise@0.000ns - virtual_clock rise@0.000ns)
  Data Path Delay:        0.139ns  (logic 0.059ns (42.446%)  route 0.080ns (57.554%))
  Logic Levels:           0  
  Clock Path Skew:        0.109ns (DCD - SCD - CPR)
    Destination Clock Delay (DCD):    1.835ns
    Source Clock Delay      (SCD):    1.399ns
    Clock Pessimism Removal (CPR):    0.328ns
  Clock Net Delay (Source):      0.743ns (routing 0.000ns, distribution 0.743ns)
  Clock Net Delay (Destination): 0.889ns (routing 0.000ns, distribution 0.889ns)

    Location             Delay type                Incr(ns)  Path(ns)    Netlist Resource(s)
  -------------------------------------------------------------------    -------------------
                         (clock virtual_clock rise edge)
                                                      0.000     0.000 r  
    AP13                                              0.000     0.000 r  clk (IN)
                         net (fo=0)                   0.000     0.000    clk_IBUF_inst/I
    AP13                 INBUF (Prop_INBUF_HPIOB_M_PAD_O)
                                                      0.345     0.345 r  clk_IBUF_inst/INBUF_INST/O
                         net (fo=1, routed)           0.000     0.345    clk_IBUF_inst/OUT
    AP13                 IBUFCTRL (Prop_IBUFCTRL_HPIOB_M_I_O)
                                                      0.000     0.345 r  clk_IBUF_inst/IBUFCTRL_INST/O
                         net (fo=1, estimated)        0.287     0.632    clk_IBUF
    BUFGCE_X1Y194        BUFGCE (Prop_BUFCE_BUFGCE_I_O)
                                                      0.024     0.656 r  clk_IBUF_BUFG_inst/O
    X4Y8 (CLOCK_ROOT)    net (fo=1519, estimated)     0.743     1.399    demux/CLK
    SLICE_X111Y495       FDRE                                         r  demux/genblk1[31].z_reg[31][4]/C
  -------------------------------------------------------------------    -------------------
    SLICE_X111Y495       FDRE (Prop_CFF2_SLICEL_C_Q)
                                                      0.059     1.458 r  demux/genblk1[31].z_reg[31][4]/Q
                         net (fo=1, estimated)        0.080     1.538    genblk1[31].reg_in/D[4]
    SLICE_X109Y495       FDRE                                         r  genblk1[31].reg_in/reg_out_reg[4]/D
  -------------------------------------------------------------------    -------------------

                         (clock virtual_clock rise edge)
                                                      0.000     0.000 r  
    AP13                                              0.000     0.000 r  clk (IN)
                         net (fo=0)                   0.000     0.000    clk_IBUF_inst/I
    AP13                 INBUF (Prop_INBUF_HPIOB_M_PAD_O)
                                                      0.595     0.595 r  clk_IBUF_inst/INBUF_INST/O
                         net (fo=1, routed)           0.000     0.595    clk_IBUF_inst/OUT
    AP13                 IBUFCTRL (Prop_IBUFCTRL_HPIOB_M_I_O)
                                                      0.000     0.595 r  clk_IBUF_inst/IBUFCTRL_INST/O
                         net (fo=1, estimated)        0.323     0.918    clk_IBUF
    BUFGCE_X1Y194        BUFGCE (Prop_BUFCE_BUFGCE_I_O)
                                                      0.028     0.946 r  clk_IBUF_BUFG_inst/O
    X4Y8 (CLOCK_ROOT)    net (fo=1519, estimated)     0.889     1.835    genblk1[31].reg_in/CLK
    SLICE_X109Y495       FDRE                                         r  genblk1[31].reg_in/reg_out_reg[4]/C
                         clock pessimism             -0.328     1.507    
    SLICE_X109Y495       FDRE (Hold_FFF2_SLICEL_C_D)
                                                      0.062     1.569    genblk1[31].reg_in/reg_out_reg[4]
  -------------------------------------------------------------------
                         required time                         -1.569    
                         arrival time                           1.538    
  -------------------------------------------------------------------
                         slack                                 -0.032    





Pulse Width Checks
--------------------------------------------------------------------------------------
Clock Name:         virtual_clock
Waveform(ns):       { 0.000 2.000 }
Period(ns):         4.000
Sources:            { clk }

Check Type        Corner  Lib Pin   Reference Pin  Required(ns)  Actual(ns)  Slack(ns)  Location        Pin
Min Period        n/a     BUFGCE/I  n/a            1.290         4.000       2.710      BUFGCE_X1Y194   clk_IBUF_BUFG_inst/I
Low Pulse Width   Slow    FDRE/C    n/a            0.275         2.000       1.725      SLICE_X109Y523  demux/genblk1[393].z_reg[393][2]/C
High Pulse Width  Fast    FDRE/C    n/a            0.275         2.000       1.725      SLICE_X110Y508  demux/genblk1[177].z_reg[177][5]/C



