Copyright 1986-2020 Xilinx, Inc. All Rights Reserved.
-------------------------------------------------------------------------------------------
| Tool Version      : Vivado v.2020.1 (lin64) Build 2902540 Wed May 27 19:54:35 MDT 2020
| Date              : Mon Mar 14 16:04:00 2022
| Host              : lepus running 64-bit CentOS Linux release 7.9.2009 (Core)
| Command           : report_timing_summary -file ./output/fc1_0/report/timing-summary.rpt
| Design            : top
| Device            : xcvu9p-flga2104
| Speed File        : -2L  PRODUCTION 1.27 02-28-2020
| Temperature Grade : E
-------------------------------------------------------------------------------------------

Timing Summary Report

------------------------------------------------------------------------------------------------
| Timer Settings
| --------------
------------------------------------------------------------------------------------------------

  Enable Multi Corner Analysis               :  Yes
  Enable Pessimism Removal                   :  Yes
  Pessimism Removal Resolution               :  Nearest Common Node
  Enable Input Delay Default Clock           :  No
  Enable Preset / Clear Arcs                 :  No
  Disable Flight Delays                      :  No
  Ignore I/O Paths                           :  No
  Timing Early Launch at Borrowing Latches   :  No
  Borrow Time for Max Delay Exceptions       :  Yes
  Merge Timing Exceptions                    :  Yes

  Corner  Analyze    Analyze    
  Name    Max Paths  Min Paths  
  ------  ---------  ---------  
  Slow    Yes        Yes        
  Fast    Yes        Yes        



check_timing report

Table of Contents
-----------------
1. checking no_clock (0)
2. checking constant_clock (0)
3. checking pulse_width_clock (0)
4. checking unconstrained_internal_endpoints (0)
5. checking no_input_delay (10)
6. checking no_output_delay (24)
7. checking multiple_clock (0)
8. checking generated_clocks (0)
9. checking loops (0)
10. checking partial_input_delay (0)
11. checking partial_output_delay (0)
12. checking latch_loops (0)

1. checking no_clock (0)
------------------------
 There are 0 register/latch pins with no clock.


2. checking constant_clock (0)
------------------------------
 There are 0 register/latch pins with constant_clock.


3. checking pulse_width_clock (0)
---------------------------------
 There are 0 register/latch pins which need pulse_width check


4. checking unconstrained_internal_endpoints (0)
------------------------------------------------
 There are 0 pins that are not constrained for maximum delay.

 There are 0 pins that are not constrained for maximum delay due to constant clock.


5. checking no_input_delay (10)
-------------------------------
 There are 10 input ports with no input delay specified. (HIGH)

 There are 0 input ports with no input delay but user has a false path constraint.


6. checking no_output_delay (24)
--------------------------------
 There are 24 ports with no output delay specified. (HIGH)

 There are 0 ports with no output delay but user has a false path constraint

 There are 0 ports with no output delay but with a timing clock defined on it or propagating through it


7. checking multiple_clock (0)
------------------------------
 There are 0 register/latch pins with multiple clocks.


8. checking generated_clocks (0)
--------------------------------
 There are 0 generated clocks that are not connected to a clock source.


9. checking loops (0)
---------------------
 There are 0 combinational loops in the design.


10. checking partial_input_delay (0)
------------------------------------
 There are 0 input ports with partial input delay specified.


11. checking partial_output_delay (0)
-------------------------------------
 There are 0 ports with partial output delay specified.


12. checking latch_loops (0)
----------------------------
 There are 0 combinational latch loops in the design through latch input



------------------------------------------------------------------------------------------------
| Design Timing Summary
| ---------------------
------------------------------------------------------------------------------------------------

    WNS(ns)      TNS(ns)  TNS Failing Endpoints  TNS Total Endpoints      WHS(ns)      THS(ns)  THS Failing Endpoints  THS Total Endpoints     WPWS(ns)     TPWS(ns)  TPWS Failing Endpoints  TPWS Total Endpoints  
    -------      -------  ---------------------  -------------------      -------      -------  ---------------------  -------------------     --------     --------  ----------------------  --------------------  
      0.081        0.000                      0                 2818        0.013        0.000                      0                 2818        2.063        0.000                       0                  2819  


All user specified timing constraints are met.


------------------------------------------------------------------------------------------------
| Clock Summary
| -------------
------------------------------------------------------------------------------------------------

Clock   Waveform(ns)         Period(ns)      Frequency(MHz)
-----   ------------         ----------      --------------
vclock  {0.000 2.339}        4.677           213.812         


------------------------------------------------------------------------------------------------
| Intra Clock Table
| -----------------
------------------------------------------------------------------------------------------------

Clock             WNS(ns)      TNS(ns)  TNS Failing Endpoints  TNS Total Endpoints      WHS(ns)      THS(ns)  THS Failing Endpoints  THS Total Endpoints     WPWS(ns)     TPWS(ns)  TPWS Failing Endpoints  TPWS Total Endpoints  
-----             -------      -------  ---------------------  -------------------      -------      -------  ---------------------  -------------------     --------     --------  ----------------------  --------------------  
vclock              0.081        0.000                      0                 2818        0.013        0.000                      0                 2818        2.063        0.000                       0                  2819  


------------------------------------------------------------------------------------------------
| Inter Clock Table
| -----------------
------------------------------------------------------------------------------------------------

From Clock    To Clock          WNS(ns)      TNS(ns)  TNS Failing Endpoints  TNS Total Endpoints      WHS(ns)      THS(ns)  THS Failing Endpoints  THS Total Endpoints  
----------    --------          -------      -------  ---------------------  -------------------      -------      -------  ---------------------  -------------------  


------------------------------------------------------------------------------------------------
| Other Path Groups Table
| -----------------------
------------------------------------------------------------------------------------------------

Path Group    From Clock    To Clock          WNS(ns)      TNS(ns)  TNS Failing Endpoints  TNS Total Endpoints      WHS(ns)      THS(ns)  THS Failing Endpoints  THS Total Endpoints  
----------    ----------    --------          -------      -------  ---------------------  -------------------      -------      -------  ---------------------  -------------------  


------------------------------------------------------------------------------------------------
| Timing Details
| --------------
------------------------------------------------------------------------------------------------


---------------------------------------------------------------------------------------------------
From Clock:  vclock
  To Clock:  vclock

Setup :            0  Failing Endpoints,  Worst Slack        0.081ns,  Total Violation        0.000ns
Hold  :            0  Failing Endpoints,  Worst Slack        0.013ns,  Total Violation        0.000ns
PW    :            0  Failing Endpoints,  Worst Slack        2.063ns,  Total Violation        0.000ns
---------------------------------------------------------------------------------------------------


Max Delay Paths
--------------------------------------------------------------------------------------
Slack (MET) :             0.081ns  (required time - arrival time)
  Source:                 demux/sel_reg[2]/C
                            (rising edge-triggered cell FDRE clocked by vclock  {rise@0.000ns fall@2.339ns period=4.677ns})
  Destination:            demux/sel_reg[1]/D
                            (rising edge-triggered cell FDRE clocked by vclock  {rise@0.000ns fall@2.339ns period=4.677ns})
  Path Group:             vclock
  Path Type:              Setup (Max at Slow Process Corner)
  Requirement:            4.677ns  (vclock rise@4.677ns - vclock rise@0.000ns)
  Data Path Delay:        4.495ns  (logic 1.889ns (42.024%)  route 2.606ns (57.976%))
  Logic Levels:           18  (CARRY8=10 LUT2=1 LUT3=2 LUT4=3 LUT5=1 LUT6=1)
  Clock Path Skew:        -0.091ns (DCD - SCD + CPR)
    Destination Clock Delay (DCD):    1.737ns = ( 6.414 - 4.677 ) 
    Source Clock Delay      (SCD):    2.190ns
    Clock Pessimism Removal (CPR):    0.362ns
  Clock Uncertainty:      0.035ns  ((TSJ^2 + TIJ^2)^1/2 + DJ) / 2 + PE
    Total System Jitter     (TSJ):    0.071ns
    Total Input Jitter      (TIJ):    0.000ns
    Discrete Jitter          (DJ):    0.000ns
    Phase Error              (PE):    0.000ns
  Clock Net Delay (Source):      1.229ns (routing 0.171ns, distribution 1.058ns)
  Clock Net Delay (Destination): 1.067ns (routing 0.155ns, distribution 0.912ns)

    Location             Delay type                Incr(ns)  Path(ns)    Netlist Resource(s)
  -------------------------------------------------------------------    -------------------
                         (clock vclock rise edge)     0.000     0.000 r  
    AR14                                              0.000     0.000 r  clk (IN)
                         net (fo=0)                   0.000     0.000    clk_IBUF_inst/I
    AR14                 INBUF (Prop_INBUF_HPIOB_M_PAD_O)
                                                      0.610     0.610 r  clk_IBUF_inst/INBUF_INST/O
                         net (fo=1, routed)           0.000     0.610    clk_IBUF_inst/OUT
    AR14                 IBUFCTRL (Prop_IBUFCTRL_HPIOB_M_I_O)
                                                      0.000     0.610 r  clk_IBUF_inst/IBUFCTRL_INST/O
                         net (fo=1, routed)           0.323     0.933    clk_IBUF
    BUFGCE_X1Y212        BUFGCE (Prop_BUFCE_BUFGCE_I_O)
                                                      0.028     0.961 r  clk_IBUF_BUFG_inst/O
    X4Y8 (CLOCK_ROOT)    net (fo=2818, routed)        1.229     2.190    demux/CLK
    SLICE_X117Y475       FDRE                                         r  demux/sel_reg[2]/C
  -------------------------------------------------------------------    -------------------
    SLICE_X117Y475       FDRE (Prop_FFF2_SLICEM_C_Q)
                                                      0.079     2.269 r  demux/sel_reg[2]/Q
                         net (fo=175, routed)         0.257     2.526    demux/sel[2]
    SLICE_X121Y473       CARRY8 (Prop_CARRY8_SLICEM_S[1]_O[4])
                                                      0.204     2.730 r  demux/sel_reg[8]_i_6/O[4]
                         net (fo=36, routed)          0.427     3.157    demux/p_1_in[4]
    SLICE_X119Y469       LUT4 (Prop_B6LUT_SLICEM_I2_O)
                                                      0.052     3.209 r  demux/sel[8]_i_235/O
                         net (fo=1, routed)           0.016     3.225    demux/sel[8]_i_235_n_0
    SLICE_X119Y469       CARRY8 (Prop_CARRY8_SLICEM_S[1]_CO[7])
                                                      0.190     3.415 f  demux/sel_reg[8]_i_196/CO[7]
                         net (fo=1, routed)           0.026     3.441    demux/sel_reg[8]_i_196_n_0
    SLICE_X119Y470       CARRY8 (Prop_CARRY8_SLICEM_CI_CO[5])
                                                      0.077     3.518 f  demux/sel_reg[8]_i_171/CO[5]
                         net (fo=41, routed)          0.236     3.754    demux_n_10
    SLICE_X120Y473       LUT3 (Prop_G5LUT_SLICEL_I2_O)
                                                      0.135     3.889 r  sel[8]_i_135/O
                         net (fo=2, routed)           0.158     4.047    sel[8]_i_135_n_0
    SLICE_X120Y473       LUT4 (Prop_H6LUT_SLICEL_I3_O)
                                                      0.099     4.146 r  sel[8]_i_142/O
                         net (fo=1, routed)           0.010     4.156    demux/sel[8]_i_73_0[6]
    SLICE_X120Y473       CARRY8 (Prop_CARRY8_SLICEL_S[7]_CO[7])
                                                      0.115     4.271 r  demux/sel_reg[8]_i_81/CO[7]
                         net (fo=1, routed)           0.026     4.297    demux/sel_reg[8]_i_81_n_0
    SLICE_X120Y474       CARRY8 (Prop_CARRY8_SLICEL_CI_O[1])
                                                      0.076     4.373 r  demux/sel_reg[8]_i_77/O[1]
                         net (fo=2, routed)           0.280     4.653    demux_n_89
    SLICE_X119Y473       LUT3 (Prop_E5LUT_SLICEM_I1_O)
                                                      0.113     4.766 r  sel[8]_i_32/O
                         net (fo=2, routed)           0.129     4.895    sel[8]_i_32_n_0
    SLICE_X119Y473       LUT4 (Prop_F6LUT_SLICEM_I3_O)
                                                      0.051     4.946 r  sel[8]_i_40/O
                         net (fo=1, routed)           0.022     4.968    demux/sel[8]_i_25_0[5]
    SLICE_X119Y473       CARRY8 (Prop_CARRY8_SLICEM_S[5]_CO[7])
                                                      0.159     5.127 r  demux/sel_reg[8]_i_19/CO[7]
                         net (fo=1, routed)           0.026     5.153    demux/sel_reg[8]_i_19_n_0
    SLICE_X119Y474       CARRY8 (Prop_CARRY8_SLICEM_CI_O[0])
                                                      0.056     5.209 r  demux/sel_reg[8]_i_22/O[0]
                         net (fo=4, routed)           0.282     5.491    demux_n_104
    SLICE_X118Y474       CARRY8 (Prop_CARRY8_SLICEL_S[0]_O[0])
                                                      0.063     5.554 r  sel_reg[8]_i_18/O[0]
                         net (fo=1, routed)           0.233     5.787    sel_reg[8]_i_18_n_15
    SLICE_X118Y472       LUT2 (Prop_D6LUT_SLICEL_I1_O)
                                                      0.050     5.837 r  sel[8]_i_12/O
                         net (fo=1, routed)           0.009     5.846    demux/sel_reg[5]_0[2]
    SLICE_X118Y472       CARRY8 (Prop_CARRY8_SLICEL_S[3]_CO[7])
                                                      0.154     6.000 r  demux/sel_reg[8]_i_4/CO[7]
                         net (fo=1, routed)           0.026     6.026    demux/sel_reg[8]_i_4_n_0
    SLICE_X118Y473       CARRY8 (Prop_CARRY8_SLICEL_CI_O[0])
                                                      0.056     6.082 f  demux/sel_reg[8]_i_5/O[0]
                         net (fo=10, routed)          0.180     6.262    demux/sel_reg[8]_i_5_n_15
    SLICE_X118Y475       LUT5 (Prop_C6LUT_SLICEL_I4_O)
                                                      0.123     6.385 r  demux/sel[3]_i_3/O
                         net (fo=5, routed)           0.207     6.592    demux/sel[3]_i_3_n_0
    SLICE_X119Y475       LUT6 (Prop_E6LUT_SLICEM_I3_O)
                                                      0.037     6.629 r  demux/sel[1]_i_1/O
                         net (fo=1, routed)           0.056     6.685    demux/sel20_in[1]
    SLICE_X119Y475       FDRE                                         r  demux/sel_reg[1]/D
  -------------------------------------------------------------------    -------------------

                         (clock vclock rise edge)     4.677     4.677 r  
    AR14                                              0.000     4.677 r  clk (IN)
                         net (fo=0)                   0.000     4.677    clk_IBUF_inst/I
    AR14                 INBUF (Prop_INBUF_HPIOB_M_PAD_O)
                                                      0.359     5.036 r  clk_IBUF_inst/INBUF_INST/O
                         net (fo=1, routed)           0.000     5.036    clk_IBUF_inst/OUT
    AR14                 IBUFCTRL (Prop_IBUFCTRL_HPIOB_M_I_O)
                                                      0.000     5.036 r  clk_IBUF_inst/IBUFCTRL_INST/O
                         net (fo=1, routed)           0.287     5.323    clk_IBUF
    BUFGCE_X1Y212        BUFGCE (Prop_BUFCE_BUFGCE_I_O)
                                                      0.024     5.347 r  clk_IBUF_BUFG_inst/O
    X4Y8 (CLOCK_ROOT)    net (fo=2818, routed)        1.067     6.414    demux/CLK
    SLICE_X119Y475       FDRE                                         r  demux/sel_reg[1]/C
                         clock pessimism              0.362     6.776    
                         clock uncertainty           -0.035     6.741    
    SLICE_X119Y475       FDRE (Setup_EFF2_SLICEM_C_D)
                                                      0.025     6.766    demux/sel_reg[1]
  -------------------------------------------------------------------
                         required time                          6.766    
                         arrival time                          -6.685    
  -------------------------------------------------------------------
                         slack                                  0.081    





Min Delay Paths
--------------------------------------------------------------------------------------
Slack (MET) :             0.013ns  (arrival time - required time)
  Source:                 demux/genblk1[56].z_reg[56][5]/C
                            (rising edge-triggered cell FDRE clocked by vclock  {rise@0.000ns fall@2.339ns period=4.677ns})
  Destination:            genblk1[56].reg_in/reg_out_reg[5]/D
                            (rising edge-triggered cell FDRE clocked by vclock  {rise@0.000ns fall@2.339ns period=4.677ns})
  Path Group:             vclock
  Path Type:              Hold (Min at Slow Process Corner)
  Requirement:            0.000ns  (vclock rise@0.000ns - vclock rise@0.000ns)
  Data Path Delay:        0.166ns  (logic 0.058ns (34.940%)  route 0.108ns (65.060%))
  Logic Levels:           0  
  Clock Path Skew:        0.091ns (DCD - SCD - CPR)
    Destination Clock Delay (DCD):    2.217ns
    Source Clock Delay      (SCD):    1.764ns
    Clock Pessimism Removal (CPR):    0.362ns
  Clock Net Delay (Source):      1.094ns (routing 0.155ns, distribution 0.939ns)
  Clock Net Delay (Destination): 1.256ns (routing 0.171ns, distribution 1.085ns)

    Location             Delay type                Incr(ns)  Path(ns)    Netlist Resource(s)
  -------------------------------------------------------------------    -------------------
                         (clock vclock rise edge)     0.000     0.000 r  
    AR14                                              0.000     0.000 r  clk (IN)
                         net (fo=0)                   0.000     0.000    clk_IBUF_inst/I
    AR14                 INBUF (Prop_INBUF_HPIOB_M_PAD_O)
                                                      0.359     0.359 r  clk_IBUF_inst/INBUF_INST/O
                         net (fo=1, routed)           0.000     0.359    clk_IBUF_inst/OUT
    AR14                 IBUFCTRL (Prop_IBUFCTRL_HPIOB_M_I_O)
                                                      0.000     0.359 r  clk_IBUF_inst/IBUFCTRL_INST/O
                         net (fo=1, routed)           0.287     0.646    clk_IBUF
    BUFGCE_X1Y212        BUFGCE (Prop_BUFCE_BUFGCE_I_O)
                                                      0.024     0.670 r  clk_IBUF_BUFG_inst/O
    X4Y8 (CLOCK_ROOT)    net (fo=2818, routed)        1.094     1.764    demux/CLK
    SLICE_X128Y447       FDRE                                         r  demux/genblk1[56].z_reg[56][5]/C
  -------------------------------------------------------------------    -------------------
    SLICE_X128Y447       FDRE (Prop_FFF_SLICEL_C_Q)
                                                      0.058     1.822 r  demux/genblk1[56].z_reg[56][5]/Q
                         net (fo=1, routed)           0.108     1.930    genblk1[56].reg_in/D[5]
    SLICE_X126Y446       FDRE                                         r  genblk1[56].reg_in/reg_out_reg[5]/D
  -------------------------------------------------------------------    -------------------

                         (clock vclock rise edge)     0.000     0.000 r  
    AR14                                              0.000     0.000 r  clk (IN)
                         net (fo=0)                   0.000     0.000    clk_IBUF_inst/I
    AR14                 INBUF (Prop_INBUF_HPIOB_M_PAD_O)
                                                      0.610     0.610 r  clk_IBUF_inst/INBUF_INST/O
                         net (fo=1, routed)           0.000     0.610    clk_IBUF_inst/OUT
    AR14                 IBUFCTRL (Prop_IBUFCTRL_HPIOB_M_I_O)
                                                      0.000     0.610 r  clk_IBUF_inst/IBUFCTRL_INST/O
                         net (fo=1, routed)           0.323     0.933    clk_IBUF
    BUFGCE_X1Y212        BUFGCE (Prop_BUFCE_BUFGCE_I_O)
                                                      0.028     0.961 r  clk_IBUF_BUFG_inst/O
    X4Y8 (CLOCK_ROOT)    net (fo=2818, routed)        1.256     2.217    genblk1[56].reg_in/CLK
    SLICE_X126Y446       FDRE                                         r  genblk1[56].reg_in/reg_out_reg[5]/C
                         clock pessimism             -0.362     1.856    
    SLICE_X126Y446       FDRE (Hold_FFF2_SLICEL_C_D)
                                                      0.062     1.918    genblk1[56].reg_in/reg_out_reg[5]
  -------------------------------------------------------------------
                         required time                         -1.918    
                         arrival time                           1.930    
  -------------------------------------------------------------------
                         slack                                  0.013    





Pulse Width Checks
--------------------------------------------------------------------------------------
Clock Name:         vclock
Waveform(ns):       { 0.000 2.339 }
Period(ns):         4.677
Sources:            { clk }

Check Type        Corner  Lib Pin   Reference Pin  Required(ns)  Actual(ns)  Slack(ns)  Location        Pin
Min Period        n/a     BUFGCE/I  n/a            1.290         4.677       3.387      BUFGCE_X1Y212   clk_IBUF_BUFG_inst/I
Low Pulse Width   Fast    FDRE/C    n/a            0.275         2.338       2.063      SLICE_X126Y504  demux/genblk1[341].z_reg[341][6]/C
High Pulse Width  Fast    FDRE/C    n/a            0.275         2.338       2.063      SLICE_X128Y502  demux/genblk1[341].z_reg[341][0]/C



