Copyright 1986-2020 Xilinx, Inc. All Rights Reserved.
-------------------------------------------------------------------------------------------------------
| Tool Version      : Vivado v.2020.1 (lin64) Build 2902540 Wed May 27 19:54:35 MDT 2020
| Date              : Tue Mar 15 22:54:23 2022
| Host              : lepus running 64-bit CentOS Linux release 7.9.2009 (Core)
| Command           : report_timing_summary -file ./output/fc2_41/report/timing-summary-post-place.rpt
| Design            : top
| Device            : xcvu9p-flga2104
| Speed File        : -2L  PRODUCTION 1.27 02-28-2020
| Temperature Grade : E
-------------------------------------------------------------------------------------------------------

Timing Summary Report

------------------------------------------------------------------------------------------------
| Timer Settings
| --------------
------------------------------------------------------------------------------------------------

  Enable Multi Corner Analysis               :  Yes
  Enable Pessimism Removal                   :  Yes
  Pessimism Removal Resolution               :  Nearest Common Node
  Enable Input Delay Default Clock           :  No
  Enable Preset / Clear Arcs                 :  No
  Disable Flight Delays                      :  No
  Ignore I/O Paths                           :  No
  Timing Early Launch at Borrowing Latches   :  No
  Borrow Time for Max Delay Exceptions       :  Yes
  Merge Timing Exceptions                    :  Yes

  Corner  Analyze    Analyze    
  Name    Max Paths  Min Paths  
  ------  ---------  ---------  
  Slow    Yes        Yes        
  Fast    Yes        Yes        



check_timing report

Table of Contents
-----------------
1. checking no_clock (0)
2. checking constant_clock (0)
3. checking pulse_width_clock (0)
4. checking unconstrained_internal_endpoints (0)
5. checking no_input_delay (10)
6. checking no_output_delay (22)
7. checking multiple_clock (0)
8. checking generated_clocks (0)
9. checking loops (0)
10. checking partial_input_delay (0)
11. checking partial_output_delay (0)
12. checking latch_loops (0)

1. checking no_clock (0)
------------------------
 There are 0 register/latch pins with no clock.


2. checking constant_clock (0)
------------------------------
 There are 0 register/latch pins with constant_clock.


3. checking pulse_width_clock (0)
---------------------------------
 There are 0 register/latch pins which need pulse_width check


4. checking unconstrained_internal_endpoints (0)
------------------------------------------------
 There are 0 pins that are not constrained for maximum delay.

 There are 0 pins that are not constrained for maximum delay due to constant clock.


5. checking no_input_delay (10)
-------------------------------
 There are 10 input ports with no input delay specified. (HIGH)

 There are 0 input ports with no input delay but user has a false path constraint.


6. checking no_output_delay (22)
--------------------------------
 There are 22 ports with no output delay specified. (HIGH)

 There are 0 ports with no output delay but user has a false path constraint

 There are 0 ports with no output delay but with a timing clock defined on it or propagating through it


7. checking multiple_clock (0)
------------------------------
 There are 0 register/latch pins with multiple clocks.


8. checking generated_clocks (0)
--------------------------------
 There are 0 generated clocks that are not connected to a clock source.


9. checking loops (0)
---------------------
 There are 0 combinational loops in the design.


10. checking partial_input_delay (0)
------------------------------------
 There are 0 input ports with partial input delay specified.


11. checking partial_output_delay (0)
-------------------------------------
 There are 0 ports with partial output delay specified.


12. checking latch_loops (0)
----------------------------
 There are 0 combinational latch loops in the design through latch input



------------------------------------------------------------------------------------------------
| Design Timing Summary
| ---------------------
------------------------------------------------------------------------------------------------

    WNS(ns)      TNS(ns)  TNS Failing Endpoints  TNS Total Endpoints      WHS(ns)      THS(ns)  THS Failing Endpoints  THS Total Endpoints     WPWS(ns)     TPWS(ns)  TPWS Failing Endpoints  TPWS Total Endpoints  
    -------      -------  ---------------------  -------------------      -------      -------  ---------------------  -------------------     --------     --------  ----------------------  --------------------  
     -0.148       -1.048                      8                  702       -0.034       -0.245                     11                  702        1.725        0.000                       0                   703  


Timing constraints are not met.


------------------------------------------------------------------------------------------------
| Clock Summary
| -------------
------------------------------------------------------------------------------------------------

Clock          Waveform(ns)         Period(ns)      Frequency(MHz)
-----          ------------         ----------      --------------
virtual_clock  {0.000 2.000}        4.000           250.000         


------------------------------------------------------------------------------------------------
| Intra Clock Table
| -----------------
------------------------------------------------------------------------------------------------

Clock              WNS(ns)      TNS(ns)  TNS Failing Endpoints  TNS Total Endpoints      WHS(ns)      THS(ns)  THS Failing Endpoints  THS Total Endpoints     WPWS(ns)     TPWS(ns)  TPWS Failing Endpoints  TPWS Total Endpoints  
-----              -------      -------  ---------------------  -------------------      -------      -------  ---------------------  -------------------     --------     --------  ----------------------  --------------------  
virtual_clock       -0.148       -1.048                      8                  702       -0.034       -0.245                     11                  702        1.725        0.000                       0                   703  


------------------------------------------------------------------------------------------------
| Inter Clock Table
| -----------------
------------------------------------------------------------------------------------------------

From Clock    To Clock          WNS(ns)      TNS(ns)  TNS Failing Endpoints  TNS Total Endpoints      WHS(ns)      THS(ns)  THS Failing Endpoints  THS Total Endpoints  
----------    --------          -------      -------  ---------------------  -------------------      -------      -------  ---------------------  -------------------  


------------------------------------------------------------------------------------------------
| Other Path Groups Table
| -----------------------
------------------------------------------------------------------------------------------------

Path Group    From Clock    To Clock          WNS(ns)      TNS(ns)  TNS Failing Endpoints  TNS Total Endpoints      WHS(ns)      THS(ns)  THS Failing Endpoints  THS Total Endpoints  
----------    ----------    --------          -------      -------  ---------------------  -------------------      -------      -------  ---------------------  -------------------  


------------------------------------------------------------------------------------------------
| Timing Details
| --------------
------------------------------------------------------------------------------------------------


---------------------------------------------------------------------------------------------------
From Clock:  virtual_clock
  To Clock:  virtual_clock

Setup :            8  Failing Endpoints,  Worst Slack       -0.148ns,  Total Violation       -1.048ns
Hold  :           11  Failing Endpoints,  Worst Slack       -0.034ns,  Total Violation       -0.245ns
PW    :            0  Failing Endpoints,  Worst Slack        1.725ns,  Total Violation        0.000ns
---------------------------------------------------------------------------------------------------


Max Delay Paths
--------------------------------------------------------------------------------------
Slack (VIOLATED) :        -0.148ns  (required time - arrival time)
  Source:                 demux/sel_reg[3]/C
                            (rising edge-triggered cell FDRE clocked by virtual_clock  {rise@0.000ns fall@2.000ns period=4.000ns})
  Destination:            demux/sel_reg[4]/D
                            (rising edge-triggered cell FDRE clocked by virtual_clock  {rise@0.000ns fall@2.000ns period=4.000ns})
  Path Group:             virtual_clock
  Path Type:              Setup (Max at Slow Process Corner)
  Requirement:            4.000ns  (virtual_clock rise@4.000ns - virtual_clock rise@0.000ns)
  Data Path Delay:        4.032ns  (logic 1.624ns (40.278%)  route 2.408ns (59.722%))
  Logic Levels:           16  (CARRY8=9 LUT2=2 LUT3=2 LUT5=1 LUT6=2)
  Clock Path Skew:        -0.106ns (DCD - SCD + CPR)
    Destination Clock Delay (DCD):    2.317ns = ( 6.317 - 4.000 ) 
    Source Clock Delay      (SCD):    2.854ns
    Clock Pessimism Removal (CPR):    0.431ns
  Clock Uncertainty:      0.035ns  ((TSJ^2 + TIJ^2)^1/2 + DJ) / 2 + PE
    Total System Jitter     (TSJ):    0.071ns
    Total Input Jitter      (TIJ):    0.000ns
    Discrete Jitter          (DJ):    0.000ns
    Phase Error              (PE):    0.000ns
  Clock Net Delay (Source):      1.893ns (routing 1.005ns, distribution 0.888ns)
  Clock Net Delay (Destination): 1.647ns (routing 0.914ns, distribution 0.733ns)

    Location             Delay type                Incr(ns)  Path(ns)    Netlist Resource(s)
  -------------------------------------------------------------------    -------------------
                         (clock virtual_clock rise edge)
                                                      0.000     0.000 r  
    AR14                                              0.000     0.000 r  clk (IN)
                         net (fo=0)                   0.000     0.000    clk_IBUF_inst/I
    AR14                 INBUF (Prop_INBUF_HPIOB_M_PAD_O)
                                                      0.610     0.610 r  clk_IBUF_inst/INBUF_INST/O
                         net (fo=1, routed)           0.000     0.610    clk_IBUF_inst/OUT
    AR14                 IBUFCTRL (Prop_IBUFCTRL_HPIOB_M_I_O)
                                                      0.000     0.610 r  clk_IBUF_inst/IBUFCTRL_INST/O
                         net (fo=1, estimated)        0.323     0.933    clk_IBUF
    BUFGCE_X1Y194        BUFGCE (Prop_BUFCE_BUFGCE_I_O)
                                                      0.028     0.961 r  clk_IBUF_BUFG_inst/O
    X3Y7 (CLOCK_ROOT)    net (fo=702, estimated)      1.893     2.854    demux/CLK
    SLICE_X102Y495       FDRE                                         r  demux/sel_reg[3]/C
  -------------------------------------------------------------------    -------------------
    SLICE_X102Y495       FDRE (Prop_AFF_SLICEM_C_Q)
                                                      0.077     2.931 r  demux/sel_reg[3]/Q
                         net (fo=42, estimated)       0.293     3.224    demux/sel[3]
    SLICE_X102Y493       CARRY8 (Prop_CARRY8_SLICEM_S[2]_O[6])
                                                      0.188     3.412 r  demux/sel_reg[7]_i_6/O[6]
                         net (fo=27, estimated)       0.289     3.701    p_1_in[7]
    SLICE_X102Y488       LUT2 (Prop_H6LUT_SLICEM_I1_O)
                                                      0.039     3.740 r  sel[7]_i_184/O
                         net (fo=1, routed)           0.015     3.755    demux/S[3]
    SLICE_X102Y488       CARRY8 (Prop_CARRY8_SLICEM_S[7]_CO[7])
                                                      0.117     3.872 r  demux/sel_reg[7]_i_143/CO[7]
                         net (fo=1, estimated)        0.026     3.898    demux/sel_reg[7]_i_143_n_0
    SLICE_X102Y489       CARRY8 (Prop_CARRY8_SLICEM_CI_CO[4])
                                                      0.092     3.990 r  demux/sel_reg[7]_i_88/CO[4]
                         net (fo=41, estimated)       0.252     4.242    demux/CO[0]
    SLICE_X100Y490       LUT3 (Prop_B6LUT_SLICEM_I1_O)
                                                      0.052     4.294 r  demux/sel[7]_i_125/O
                         net (fo=1, routed)           0.016     4.310    demux/sel[7]_i_125_n_0
    SLICE_X100Y490       CARRY8 (Prop_CARRY8_SLICEM_S[1]_O[5])
                                                      0.237     4.547 r  demux/sel_reg[7]_i_58/O[5]
                         net (fo=3, estimated)        0.185     4.732    demux/sel_reg[7]_i_58_n_10
    SLICE_X100Y489       LUT3 (Prop_D6LUT_SLICEM_I1_O)
                                                      0.051     4.783 r  demux/sel[7]_i_80/O
                         net (fo=2, estimated)        0.202     4.985    demux/sel[7]_i_80_n_0
    SLICE_X102Y492       LUT5 (Prop_C5LUT_SLICEM_I1_O)
                                                      0.137     5.122 r  demux/sel[7]_i_40/O
                         net (fo=2, estimated)        0.184     5.306    demux/sel[7]_i_40_n_0
    SLICE_X101Y490       LUT6 (Prop_F6LUT_SLICEL_I0_O)
                                                      0.035     5.341 r  demux/sel[7]_i_48/O
                         net (fo=1, routed)           0.011     5.352    demux/sel[7]_i_48_n_0
    SLICE_X101Y490       CARRY8 (Prop_CARRY8_SLICEL_S[5]_CO[7])
                                                      0.155     5.507 r  demux/sel_reg[7]_i_21/CO[7]
                         net (fo=1, estimated)        0.026     5.533    demux/sel_reg[7]_i_21_n_0
    SLICE_X101Y491       CARRY8 (Prop_CARRY8_SLICEL_CI_O[6])
                                                      0.103     5.636 r  demux/sel_reg[7]_i_18/O[6]
                         net (fo=1, estimated)        0.404     6.040    demux_n_28
    SLICE_X100Y494       CARRY8 (Prop_CARRY8_SLICEM_S[0]_O[1])
                                                      0.096     6.136 r  sel_reg[7]_i_17/O[1]
                         net (fo=1, estimated)        0.216     6.352    demux/sel_reg[7]_i_5_0[1]
    SLICE_X101Y493       LUT2 (Prop_H6LUT_SLICEL_I1_O)
                                                      0.036     6.388 r  demux/sel[7]_i_8/O
                         net (fo=1, routed)           0.010     6.398    demux/sel[7]_i_8_n_0
    SLICE_X101Y493       CARRY8 (Prop_CARRY8_SLICEL_S[7]_CO[7])
                                                      0.115     6.513 r  demux/sel_reg[7]_i_4/CO[7]
                         net (fo=1, estimated)        0.026     6.539    demux/sel_reg[7]_i_4_n_0
    SLICE_X101Y494       CARRY8 (Prop_CARRY8_SLICEL_CI_O[0])
                                                      0.056     6.595 r  demux/sel_reg[7]_i_5/O[0]
                         net (fo=8, estimated)        0.200     6.795    demux/sel_reg[7]_i_5_n_15
    SLICE_X100Y495       LUT6 (Prop_A6LUT_SLICEM_I5_O)
                                                      0.038     6.833 r  demux/sel[4]_i_1/O
                         net (fo=1, routed)           0.053     6.886    demux/sel20_in[4]
    SLICE_X100Y495       FDRE                                         r  demux/sel_reg[4]/D
  -------------------------------------------------------------------    -------------------

                         (clock virtual_clock rise edge)
                                                      4.000     4.000 r  
    AR14                                              0.000     4.000 r  clk (IN)
                         net (fo=0)                   0.000     4.000    clk_IBUF_inst/I
    AR14                 INBUF (Prop_INBUF_HPIOB_M_PAD_O)
                                                      0.359     4.359 r  clk_IBUF_inst/INBUF_INST/O
                         net (fo=1, routed)           0.000     4.359    clk_IBUF_inst/OUT
    AR14                 IBUFCTRL (Prop_IBUFCTRL_HPIOB_M_I_O)
                                                      0.000     4.359 r  clk_IBUF_inst/IBUFCTRL_INST/O
                         net (fo=1, estimated)        0.287     4.646    clk_IBUF
    BUFGCE_X1Y194        BUFGCE (Prop_BUFCE_BUFGCE_I_O)
                                                      0.024     4.670 r  clk_IBUF_BUFG_inst/O
    X3Y7 (CLOCK_ROOT)    net (fo=702, estimated)      1.647     6.317    demux/CLK
    SLICE_X100Y495       FDRE                                         r  demux/sel_reg[4]/C
                         clock pessimism              0.431     6.749    
                         clock uncertainty           -0.035     6.713    
    SLICE_X100Y495       FDRE (Setup_AFF_SLICEM_C_D)
                                                      0.025     6.738    demux/sel_reg[4]
  -------------------------------------------------------------------
                         required time                          6.738    
                         arrival time                          -6.886    
  -------------------------------------------------------------------
                         slack                                 -0.148    





Min Delay Paths
--------------------------------------------------------------------------------------
Slack (VIOLATED) :        -0.034ns  (arrival time - required time)
  Source:                 demux/genblk1[90].z_reg[90][0]/C
                            (rising edge-triggered cell FDRE clocked by virtual_clock  {rise@0.000ns fall@2.000ns period=4.000ns})
  Destination:            genblk1[90].reg_in/reg_out_reg[0]/D
                            (rising edge-triggered cell FDRE clocked by virtual_clock  {rise@0.000ns fall@2.000ns period=4.000ns})
  Path Group:             virtual_clock
  Path Type:              Hold (Min at Slow Process Corner)
  Requirement:            0.000ns  (virtual_clock rise@0.000ns - virtual_clock rise@0.000ns)
  Data Path Delay:        0.135ns  (logic 0.058ns (42.963%)  route 0.077ns (57.037%))
  Logic Levels:           0  
  Clock Path Skew:        0.107ns (DCD - SCD - CPR)
    Destination Clock Delay (DCD):    2.802ns
    Source Clock Delay      (SCD):    2.267ns
    Clock Pessimism Removal (CPR):    0.427ns
  Clock Net Delay (Source):      1.597ns (routing 0.914ns, distribution 0.683ns)
  Clock Net Delay (Destination): 1.841ns (routing 1.005ns, distribution 0.836ns)

    Location             Delay type                Incr(ns)  Path(ns)    Netlist Resource(s)
  -------------------------------------------------------------------    -------------------
                         (clock virtual_clock rise edge)
                                                      0.000     0.000 r  
    AR14                                              0.000     0.000 r  clk (IN)
                         net (fo=0)                   0.000     0.000    clk_IBUF_inst/I
    AR14                 INBUF (Prop_INBUF_HPIOB_M_PAD_O)
                                                      0.359     0.359 r  clk_IBUF_inst/INBUF_INST/O
                         net (fo=1, routed)           0.000     0.359    clk_IBUF_inst/OUT
    AR14                 IBUFCTRL (Prop_IBUFCTRL_HPIOB_M_I_O)
                                                      0.000     0.359 r  clk_IBUF_inst/IBUFCTRL_INST/O
                         net (fo=1, estimated)        0.287     0.646    clk_IBUF
    BUFGCE_X1Y194        BUFGCE (Prop_BUFCE_BUFGCE_I_O)
                                                      0.024     0.670 r  clk_IBUF_BUFG_inst/O
    X3Y7 (CLOCK_ROOT)    net (fo=702, estimated)      1.597     2.267    demux/CLK
    SLICE_X101Y473       FDRE                                         r  demux/genblk1[90].z_reg[90][0]/C
  -------------------------------------------------------------------    -------------------
    SLICE_X101Y473       FDRE (Prop_AFF_SLICEL_C_Q)
                                                      0.058     2.325 r  demux/genblk1[90].z_reg[90][0]/Q
                         net (fo=1, estimated)        0.077     2.402    genblk1[90].reg_in/D[0]
    SLICE_X103Y473       FDRE                                         r  genblk1[90].reg_in/reg_out_reg[0]/D
  -------------------------------------------------------------------    -------------------

                         (clock virtual_clock rise edge)
                                                      0.000     0.000 r  
    AR14                                              0.000     0.000 r  clk (IN)
                         net (fo=0)                   0.000     0.000    clk_IBUF_inst/I
    AR14                 INBUF (Prop_INBUF_HPIOB_M_PAD_O)
                                                      0.610     0.610 r  clk_IBUF_inst/INBUF_INST/O
                         net (fo=1, routed)           0.000     0.610    clk_IBUF_inst/OUT
    AR14                 IBUFCTRL (Prop_IBUFCTRL_HPIOB_M_I_O)
                                                      0.000     0.610 r  clk_IBUF_inst/IBUFCTRL_INST/O
                         net (fo=1, estimated)        0.323     0.933    clk_IBUF
    BUFGCE_X1Y194        BUFGCE (Prop_BUFCE_BUFGCE_I_O)
                                                      0.028     0.961 r  clk_IBUF_BUFG_inst/O
    X3Y7 (CLOCK_ROOT)    net (fo=702, estimated)      1.841     2.802    genblk1[90].reg_in/CLK
    SLICE_X103Y473       FDRE                                         r  genblk1[90].reg_in/reg_out_reg[0]/C
                         clock pessimism             -0.427     2.375    
    SLICE_X103Y473       FDRE (Hold_EFF2_SLICEL_C_D)
                                                      0.062     2.437    genblk1[90].reg_in/reg_out_reg[0]
  -------------------------------------------------------------------
                         required time                         -2.437    
                         arrival time                           2.402    
  -------------------------------------------------------------------
                         slack                                 -0.034    





Pulse Width Checks
--------------------------------------------------------------------------------------
Clock Name:         virtual_clock
Waveform(ns):       { 0.000 2.000 }
Period(ns):         4.000
Sources:            { clk }

Check Type        Corner  Lib Pin   Reference Pin  Required(ns)  Actual(ns)  Slack(ns)  Location        Pin
Min Period        n/a     BUFGCE/I  n/a            1.290         4.000       2.710      BUFGCE_X1Y194   clk_IBUF_BUFG_inst/I
Low Pulse Width   Slow    FDRE/C    n/a            0.275         2.000       1.725      SLICE_X96Y480   genblk1[122].reg_in/reg_out_reg[2]/C
High Pulse Width  Fast    FDRE/C    n/a            0.275         2.000       1.725      SLICE_X105Y488  demux/genblk1[11].z_reg[11][2]/C



