Copyright 1986-2020 Xilinx, Inc. All Rights Reserved.
------------------------------------------------------------------------------------------------------
| Tool Version      : Vivado v.2020.1 (lin64) Build 2902540 Wed May 27 19:54:35 MDT 2020
| Date              : Mon Mar 14 16:58:15 2022
| Host              : lepus running 64-bit CentOS Linux release 7.9.2009 (Core)
| Command           : report_timing_summary -file ./output/fc1_5/report/timing-summary-post-place.rpt
| Design            : top
| Device            : xcvu9p-flga2104
| Speed File        : -2L  PRODUCTION 1.27 02-28-2020
| Temperature Grade : E
------------------------------------------------------------------------------------------------------

Timing Summary Report

------------------------------------------------------------------------------------------------
| Timer Settings
| --------------
------------------------------------------------------------------------------------------------

  Enable Multi Corner Analysis               :  Yes
  Enable Pessimism Removal                   :  Yes
  Pessimism Removal Resolution               :  Nearest Common Node
  Enable Input Delay Default Clock           :  No
  Enable Preset / Clear Arcs                 :  No
  Disable Flight Delays                      :  No
  Ignore I/O Paths                           :  No
  Timing Early Launch at Borrowing Latches   :  No
  Borrow Time for Max Delay Exceptions       :  Yes
  Merge Timing Exceptions                    :  Yes

  Corner  Analyze    Analyze    
  Name    Max Paths  Min Paths  
  ------  ---------  ---------  
  Slow    Yes        Yes        
  Fast    Yes        Yes        



check_timing report

Table of Contents
-----------------
1. checking no_clock (0)
2. checking constant_clock (0)
3. checking pulse_width_clock (0)
4. checking unconstrained_internal_endpoints (0)
5. checking no_input_delay (10)
6. checking no_output_delay (24)
7. checking multiple_clock (0)
8. checking generated_clocks (0)
9. checking loops (0)
10. checking partial_input_delay (0)
11. checking partial_output_delay (0)
12. checking latch_loops (0)

1. checking no_clock (0)
------------------------
 There are 0 register/latch pins with no clock.


2. checking constant_clock (0)
------------------------------
 There are 0 register/latch pins with constant_clock.


3. checking pulse_width_clock (0)
---------------------------------
 There are 0 register/latch pins which need pulse_width check


4. checking unconstrained_internal_endpoints (0)
------------------------------------------------
 There are 0 pins that are not constrained for maximum delay.

 There are 0 pins that are not constrained for maximum delay due to constant clock.


5. checking no_input_delay (10)
-------------------------------
 There are 10 input ports with no input delay specified. (HIGH)

 There are 0 input ports with no input delay but user has a false path constraint.


6. checking no_output_delay (24)
--------------------------------
 There are 24 ports with no output delay specified. (HIGH)

 There are 0 ports with no output delay but user has a false path constraint

 There are 0 ports with no output delay but with a timing clock defined on it or propagating through it


7. checking multiple_clock (0)
------------------------------
 There are 0 register/latch pins with multiple clocks.


8. checking generated_clocks (0)
--------------------------------
 There are 0 generated clocks that are not connected to a clock source.


9. checking loops (0)
---------------------
 There are 0 combinational loops in the design.


10. checking partial_input_delay (0)
------------------------------------
 There are 0 input ports with partial input delay specified.


11. checking partial_output_delay (0)
-------------------------------------
 There are 0 ports with partial output delay specified.


12. checking latch_loops (0)
----------------------------
 There are 0 combinational latch loops in the design through latch input



------------------------------------------------------------------------------------------------
| Design Timing Summary
| ---------------------
------------------------------------------------------------------------------------------------

    WNS(ns)      TNS(ns)  TNS Failing Endpoints  TNS Total Endpoints      WHS(ns)      THS(ns)  THS Failing Endpoints  THS Total Endpoints     WPWS(ns)     TPWS(ns)  TPWS Failing Endpoints  TPWS Total Endpoints  
    -------      -------  ---------------------  -------------------      -------      -------  ---------------------  -------------------     --------     --------  ----------------------  --------------------  
     -1.039      -12.201                     22                 2513       -0.026       -0.370                     32                 2513        1.725        0.000                       0                  2514  


Timing constraints are not met.


------------------------------------------------------------------------------------------------
| Clock Summary
| -------------
------------------------------------------------------------------------------------------------

Clock          Waveform(ns)         Period(ns)      Frequency(MHz)
-----          ------------         ----------      --------------
virtual_clock  {0.000 2.000}        4.000           250.000         


------------------------------------------------------------------------------------------------
| Intra Clock Table
| -----------------
------------------------------------------------------------------------------------------------

Clock              WNS(ns)      TNS(ns)  TNS Failing Endpoints  TNS Total Endpoints      WHS(ns)      THS(ns)  THS Failing Endpoints  THS Total Endpoints     WPWS(ns)     TPWS(ns)  TPWS Failing Endpoints  TPWS Total Endpoints  
-----              -------      -------  ---------------------  -------------------      -------      -------  ---------------------  -------------------     --------     --------  ----------------------  --------------------  
virtual_clock       -1.039      -12.201                     22                 2513       -0.026       -0.370                     32                 2513        1.725        0.000                       0                  2514  


------------------------------------------------------------------------------------------------
| Inter Clock Table
| -----------------
------------------------------------------------------------------------------------------------

From Clock    To Clock          WNS(ns)      TNS(ns)  TNS Failing Endpoints  TNS Total Endpoints      WHS(ns)      THS(ns)  THS Failing Endpoints  THS Total Endpoints  
----------    --------          -------      -------  ---------------------  -------------------      -------      -------  ---------------------  -------------------  


------------------------------------------------------------------------------------------------
| Other Path Groups Table
| -----------------------
------------------------------------------------------------------------------------------------

Path Group    From Clock    To Clock          WNS(ns)      TNS(ns)  TNS Failing Endpoints  TNS Total Endpoints      WHS(ns)      THS(ns)  THS Failing Endpoints  THS Total Endpoints  
----------    ----------    --------          -------      -------  ---------------------  -------------------      -------      -------  ---------------------  -------------------  


------------------------------------------------------------------------------------------------
| Timing Details
| --------------
------------------------------------------------------------------------------------------------


---------------------------------------------------------------------------------------------------
From Clock:  virtual_clock
  To Clock:  virtual_clock

Setup :           22  Failing Endpoints,  Worst Slack       -1.039ns,  Total Violation      -12.201ns
Hold  :           32  Failing Endpoints,  Worst Slack       -0.026ns,  Total Violation       -0.370ns
PW    :            0  Failing Endpoints,  Worst Slack        1.725ns,  Total Violation        0.000ns
---------------------------------------------------------------------------------------------------


Max Delay Paths
--------------------------------------------------------------------------------------
Slack (VIOLATED) :        -1.039ns  (required time - arrival time)
  Source:                 demux/sel_reg[1]/C
                            (rising edge-triggered cell FDRE clocked by virtual_clock  {rise@0.000ns fall@2.000ns period=4.000ns})
  Destination:            demux/sel_reg[2]/D
                            (rising edge-triggered cell FDRE clocked by virtual_clock  {rise@0.000ns fall@2.000ns period=4.000ns})
  Path Group:             virtual_clock
  Path Type:              Setup (Max at Slow Process Corner)
  Requirement:            4.000ns  (virtual_clock rise@4.000ns - virtual_clock rise@0.000ns)
  Data Path Delay:        4.967ns  (logic 1.851ns (37.266%)  route 3.116ns (62.734%))
  Logic Levels:           18  (CARRY8=10 LUT2=1 LUT3=2 LUT4=2 LUT5=1 LUT6=2)
  Clock Path Skew:        -0.062ns (DCD - SCD + CPR)
    Destination Clock Delay (DCD):    1.371ns = ( 5.371 - 4.000 ) 
    Source Clock Delay      (SCD):    1.797ns
    Clock Pessimism Removal (CPR):    0.364ns
  Clock Uncertainty:      0.035ns  ((TSJ^2 + TIJ^2)^1/2 + DJ) / 2 + PE
    Total System Jitter     (TSJ):    0.071ns
    Total Input Jitter      (TIJ):    0.000ns
    Discrete Jitter          (DJ):    0.000ns
    Phase Error              (PE):    0.000ns
  Clock Net Delay (Source):      0.836ns (routing 0.000ns, distribution 0.836ns)
  Clock Net Delay (Destination): 0.701ns (routing 0.000ns, distribution 0.701ns)

    Location             Delay type                Incr(ns)  Path(ns)    Netlist Resource(s)
  -------------------------------------------------------------------    -------------------
                         (clock virtual_clock rise edge)
                                                      0.000     0.000 r  
    AR14                                              0.000     0.000 r  clk (IN)
                         net (fo=0)                   0.000     0.000    clk_IBUF_inst/I
    AR14                 INBUF (Prop_INBUF_HPIOB_M_PAD_O)
                                                      0.610     0.610 r  clk_IBUF_inst/INBUF_INST/O
                         net (fo=1, routed)           0.000     0.610    clk_IBUF_inst/OUT
    AR14                 IBUFCTRL (Prop_IBUFCTRL_HPIOB_M_I_O)
                                                      0.000     0.610 r  clk_IBUF_inst/IBUFCTRL_INST/O
                         net (fo=1, estimated)        0.323     0.933    clk_IBUF
    BUFGCE_X1Y212        BUFGCE (Prop_BUFCE_BUFGCE_I_O)
                                                      0.028     0.961 r  clk_IBUF_BUFG_inst/O
    X4Y8 (CLOCK_ROOT)    net (fo=2513, estimated)     0.836     1.797    demux/CLK
    SLICE_X121Y490       FDRE                                         r  demux/sel_reg[1]/C
  -------------------------------------------------------------------    -------------------
    SLICE_X121Y490       FDRE (Prop_BFF_SLICEM_C_Q)
                                                      0.078     1.875 r  demux/sel_reg[1]/Q
                         net (fo=154, estimated)      0.277     2.152    demux/sel[1]
    SLICE_X121Y489       CARRY8 (Prop_CARRY8_SLICEM_S[0]_O[4])
                                                      0.206     2.358 r  demux/sel_reg[8]_i_6/O[4]
                         net (fo=36, estimated)       0.510     2.868    p_1_in[5]
    SLICE_X122Y483       LUT6 (Prop_G6LUT_SLICEL_I0_O)
                                                      0.149     3.017 r  sel[8]_i_245/O
                         net (fo=1, routed)           0.008     3.025    demux/sel[8]_i_201[2]
    SLICE_X122Y483       CARRY8 (Prop_CARRY8_SLICEL_S[6]_CO[7])
                                                      0.115     3.140 f  demux/sel_reg[8]_i_213/CO[7]
                         net (fo=1, estimated)        0.026     3.166    demux/sel_reg[8]_i_213_n_0
    SLICE_X122Y484       CARRY8 (Prop_CARRY8_SLICEL_CI_CO[5])
                                                      0.077     3.243 f  demux/sel_reg[8]_i_195/CO[5]
                         net (fo=30, estimated)       0.438     3.681    demux_n_9
    SLICE_X121Y486       LUT3 (Prop_G5LUT_SLICEM_I1_O)
                                                      0.112     3.793 r  sel[8]_i_135/O
                         net (fo=2, estimated)        0.219     4.012    sel[8]_i_135_n_0
    SLICE_X121Y486       LUT4 (Prop_H6LUT_SLICEM_I3_O)
                                                      0.053     4.065 r  sel[8]_i_142/O
                         net (fo=1, routed)           0.015     4.080    demux/sel[8]_i_73_0[6]
    SLICE_X121Y486       CARRY8 (Prop_CARRY8_SLICEM_S[7]_CO[7])
                                                      0.117     4.197 r  demux/sel_reg[8]_i_81/CO[7]
                         net (fo=1, estimated)        0.026     4.223    demux/sel_reg[8]_i_81_n_0
    SLICE_X121Y487       CARRY8 (Prop_CARRY8_SLICEM_CI_O[1])
                                                      0.076     4.299 r  demux/sel_reg[8]_i_77/O[1]
                         net (fo=2, estimated)        0.247     4.546    demux_n_89
    SLICE_X120Y486       LUT3 (Prop_E5LUT_SLICEL_I1_O)
                                                      0.101     4.647 r  sel[8]_i_32/O
                         net (fo=2, estimated)        0.162     4.809    sel[8]_i_32_n_0
    SLICE_X120Y486       LUT4 (Prop_F6LUT_SLICEL_I3_O)
                                                      0.049     4.858 r  sel[8]_i_40/O
                         net (fo=1, routed)           0.011     4.869    demux/sel[8]_i_25_0[5]
    SLICE_X120Y486       CARRY8 (Prop_CARRY8_SLICEL_S[5]_CO[7])
                                                      0.155     5.024 r  demux/sel_reg[8]_i_19/CO[7]
                         net (fo=1, estimated)        0.026     5.050    demux/sel_reg[8]_i_19_n_0
    SLICE_X120Y487       CARRY8 (Prop_CARRY8_SLICEL_CI_O[0])
                                                      0.056     5.106 r  demux/sel_reg[8]_i_22/O[0]
                         net (fo=4, estimated)        0.374     5.480    demux_n_104
    SLICE_X119Y489       CARRY8 (Prop_CARRY8_SLICEM_S[0]_O[2])
                                                      0.134     5.614 r  sel_reg[8]_i_18/O[2]
                         net (fo=1, estimated)        0.217     5.831    sel_reg[8]_i_18_n_13
    SLICE_X120Y488       LUT2 (Prop_F6LUT_SLICEL_I1_O)
                                                      0.035     5.866 r  sel[8]_i_10/O
                         net (fo=1, routed)           0.011     5.877    demux/sel_reg[5]_0[4]
    SLICE_X120Y488       CARRY8 (Prop_CARRY8_SLICEL_S[5]_CO[7])
                                                      0.155     6.032 r  demux/sel_reg[8]_i_4/CO[7]
                         net (fo=1, estimated)        0.026     6.058    demux/sel_reg[8]_i_4_n_0
    SLICE_X120Y489       CARRY8 (Prop_CARRY8_SLICEL_CI_O[0])
                                                      0.056     6.114 f  demux/sel_reg[8]_i_5/O[0]
                         net (fo=10, estimated)       0.270     6.384    demux/sel_reg[8]_i_5_n_15
    SLICE_X119Y490       LUT5 (Prop_E6LUT_SLICEM_I4_O)
                                                      0.037     6.421 r  demux/sel[3]_i_3/O
                         net (fo=4, estimated)        0.200     6.621    demux/sel[3]_i_3_n_0
    SLICE_X121Y491       LUT6 (Prop_A6LUT_SLICEM_I1_O)
                                                      0.090     6.711 r  demux/sel[2]_i_1/O
                         net (fo=1, routed)           0.053     6.764    demux/sel20_in[2]
    SLICE_X121Y491       FDRE                                         r  demux/sel_reg[2]/D
  -------------------------------------------------------------------    -------------------

                         (clock virtual_clock rise edge)
                                                      4.000     4.000 r  
    AR14                                              0.000     4.000 r  clk (IN)
                         net (fo=0)                   0.000     4.000    clk_IBUF_inst/I
    AR14                 INBUF (Prop_INBUF_HPIOB_M_PAD_O)
                                                      0.359     4.359 r  clk_IBUF_inst/INBUF_INST/O
                         net (fo=1, routed)           0.000     4.359    clk_IBUF_inst/OUT
    AR14                 IBUFCTRL (Prop_IBUFCTRL_HPIOB_M_I_O)
                                                      0.000     4.359 r  clk_IBUF_inst/IBUFCTRL_INST/O
                         net (fo=1, estimated)        0.287     4.646    clk_IBUF
    BUFGCE_X1Y212        BUFGCE (Prop_BUFCE_BUFGCE_I_O)
                                                      0.024     4.670 r  clk_IBUF_BUFG_inst/O
    X4Y8 (CLOCK_ROOT)    net (fo=2513, estimated)     0.701     5.371    demux/CLK
    SLICE_X121Y491       FDRE                                         r  demux/sel_reg[2]/C
                         clock pessimism              0.364     5.735    
                         clock uncertainty           -0.035     5.700    
    SLICE_X121Y491       FDRE (Setup_AFF_SLICEM_C_D)
                                                      0.025     5.725    demux/sel_reg[2]
  -------------------------------------------------------------------
                         required time                          5.725    
                         arrival time                          -6.764    
  -------------------------------------------------------------------
                         slack                                 -1.039    





Min Delay Paths
--------------------------------------------------------------------------------------
Slack (VIOLATED) :        -0.026ns  (arrival time - required time)
  Source:                 demux/genblk1[284].z_reg[284][7]/C
                            (rising edge-triggered cell FDRE clocked by virtual_clock  {rise@0.000ns fall@2.000ns period=4.000ns})
  Destination:            genblk1[284].reg_in/reg_out_reg[7]/D
                            (rising edge-triggered cell FDRE clocked by virtual_clock  {rise@0.000ns fall@2.000ns period=4.000ns})
  Path Group:             virtual_clock
  Path Type:              Hold (Min at Slow Process Corner)
  Requirement:            0.000ns  (virtual_clock rise@0.000ns - virtual_clock rise@0.000ns)
  Data Path Delay:        0.144ns  (logic 0.059ns (40.972%)  route 0.085ns (59.028%))
  Logic Levels:           0  
  Clock Path Skew:        0.108ns (DCD - SCD - CPR)
    Destination Clock Delay (DCD):    1.781ns
    Source Clock Delay      (SCD):    1.347ns
    Clock Pessimism Removal (CPR):    0.326ns
  Clock Net Delay (Source):      0.677ns (routing 0.000ns, distribution 0.677ns)
  Clock Net Delay (Destination): 0.820ns (routing 0.000ns, distribution 0.820ns)

    Location             Delay type                Incr(ns)  Path(ns)    Netlist Resource(s)
  -------------------------------------------------------------------    -------------------
                         (clock virtual_clock rise edge)
                                                      0.000     0.000 r  
    AR14                                              0.000     0.000 r  clk (IN)
                         net (fo=0)                   0.000     0.000    clk_IBUF_inst/I
    AR14                 INBUF (Prop_INBUF_HPIOB_M_PAD_O)
                                                      0.359     0.359 r  clk_IBUF_inst/INBUF_INST/O
                         net (fo=1, routed)           0.000     0.359    clk_IBUF_inst/OUT
    AR14                 IBUFCTRL (Prop_IBUFCTRL_HPIOB_M_I_O)
                                                      0.000     0.359 r  clk_IBUF_inst/IBUFCTRL_INST/O
                         net (fo=1, estimated)        0.287     0.646    clk_IBUF
    BUFGCE_X1Y212        BUFGCE (Prop_BUFCE_BUFGCE_I_O)
                                                      0.024     0.670 r  clk_IBUF_BUFG_inst/O
    X4Y8 (CLOCK_ROOT)    net (fo=2513, estimated)     0.677     1.347    demux/CLK
    SLICE_X118Y502       FDRE                                         r  demux/genblk1[284].z_reg[284][7]/C
  -------------------------------------------------------------------    -------------------
    SLICE_X118Y502       FDRE (Prop_HFF2_SLICEL_C_Q)
                                                      0.059     1.406 r  demux/genblk1[284].z_reg[284][7]/Q
                         net (fo=1, estimated)        0.085     1.491    genblk1[284].reg_in/D[7]
    SLICE_X119Y502       FDRE                                         r  genblk1[284].reg_in/reg_out_reg[7]/D
  -------------------------------------------------------------------    -------------------

                         (clock virtual_clock rise edge)
                                                      0.000     0.000 r  
    AR14                                              0.000     0.000 r  clk (IN)
                         net (fo=0)                   0.000     0.000    clk_IBUF_inst/I
    AR14                 INBUF (Prop_INBUF_HPIOB_M_PAD_O)
                                                      0.610     0.610 r  clk_IBUF_inst/INBUF_INST/O
                         net (fo=1, routed)           0.000     0.610    clk_IBUF_inst/OUT
    AR14                 IBUFCTRL (Prop_IBUFCTRL_HPIOB_M_I_O)
                                                      0.000     0.610 r  clk_IBUF_inst/IBUFCTRL_INST/O
                         net (fo=1, estimated)        0.323     0.933    clk_IBUF
    BUFGCE_X1Y212        BUFGCE (Prop_BUFCE_BUFGCE_I_O)
                                                      0.028     0.961 r  clk_IBUF_BUFG_inst/O
    X4Y8 (CLOCK_ROOT)    net (fo=2513, estimated)     0.820     1.781    genblk1[284].reg_in/CLK
    SLICE_X119Y502       FDRE                                         r  genblk1[284].reg_in/reg_out_reg[7]/C
                         clock pessimism             -0.326     1.455    
    SLICE_X119Y502       FDRE (Hold_AFF2_SLICEM_C_D)
                                                      0.062     1.517    genblk1[284].reg_in/reg_out_reg[7]
  -------------------------------------------------------------------
                         required time                         -1.517    
                         arrival time                           1.491    
  -------------------------------------------------------------------
                         slack                                 -0.026    





Pulse Width Checks
--------------------------------------------------------------------------------------
Clock Name:         virtual_clock
Waveform(ns):       { 0.000 2.000 }
Period(ns):         4.000
Sources:            { clk }

Check Type        Corner  Lib Pin   Reference Pin  Required(ns)  Actual(ns)  Slack(ns)  Location        Pin
Min Period        n/a     BUFGCE/I  n/a            1.290         4.000       2.710      BUFGCE_X1Y212   clk_IBUF_BUFG_inst/I
Low Pulse Width   Slow    FDRE/C    n/a            0.275         2.000       1.725      SLICE_X124Y527  demux/genblk1[352].z_reg[352][6]/C
High Pulse Width  Slow    FDRE/C    n/a            0.275         2.000       1.725      SLICE_X125Y526  demux/genblk1[354].z_reg[354][0]/C



