Copyright 1986-2020 Xilinx, Inc. All Rights Reserved.
-------------------------------------------------------------------------------------------
| Tool Version      : Vivado v.2020.1 (lin64) Build 2902540 Wed May 27 19:54:35 MDT 2020
| Date              : Mon Mar 14 17:14:28 2022
| Host              : lepus running 64-bit CentOS Linux release 7.9.2009 (Core)
| Command           : report_timing_summary -file ./output/fc1_6/report/timing-summary.rpt
| Design            : top
| Device            : xcvu9p-flga2104
| Speed File        : -2L  PRODUCTION 1.27 02-28-2020
| Temperature Grade : E
-------------------------------------------------------------------------------------------

Timing Summary Report

------------------------------------------------------------------------------------------------
| Timer Settings
| --------------
------------------------------------------------------------------------------------------------

  Enable Multi Corner Analysis               :  Yes
  Enable Pessimism Removal                   :  Yes
  Pessimism Removal Resolution               :  Nearest Common Node
  Enable Input Delay Default Clock           :  No
  Enable Preset / Clear Arcs                 :  No
  Disable Flight Delays                      :  No
  Ignore I/O Paths                           :  No
  Timing Early Launch at Borrowing Latches   :  No
  Borrow Time for Max Delay Exceptions       :  Yes
  Merge Timing Exceptions                    :  Yes

  Corner  Analyze    Analyze    
  Name    Max Paths  Min Paths  
  ------  ---------  ---------  
  Slow    Yes        Yes        
  Fast    Yes        Yes        



check_timing report

Table of Contents
-----------------
1. checking no_clock (0)
2. checking constant_clock (0)
3. checking pulse_width_clock (0)
4. checking unconstrained_internal_endpoints (0)
5. checking no_input_delay (10)
6. checking no_output_delay (24)
7. checking multiple_clock (0)
8. checking generated_clocks (0)
9. checking loops (0)
10. checking partial_input_delay (0)
11. checking partial_output_delay (0)
12. checking latch_loops (0)

1. checking no_clock (0)
------------------------
 There are 0 register/latch pins with no clock.


2. checking constant_clock (0)
------------------------------
 There are 0 register/latch pins with constant_clock.


3. checking pulse_width_clock (0)
---------------------------------
 There are 0 register/latch pins which need pulse_width check


4. checking unconstrained_internal_endpoints (0)
------------------------------------------------
 There are 0 pins that are not constrained for maximum delay.

 There are 0 pins that are not constrained for maximum delay due to constant clock.


5. checking no_input_delay (10)
-------------------------------
 There are 10 input ports with no input delay specified. (HIGH)

 There are 0 input ports with no input delay but user has a false path constraint.


6. checking no_output_delay (24)
--------------------------------
 There are 24 ports with no output delay specified. (HIGH)

 There are 0 ports with no output delay but user has a false path constraint

 There are 0 ports with no output delay but with a timing clock defined on it or propagating through it


7. checking multiple_clock (0)
------------------------------
 There are 0 register/latch pins with multiple clocks.


8. checking generated_clocks (0)
--------------------------------
 There are 0 generated clocks that are not connected to a clock source.


9. checking loops (0)
---------------------
 There are 0 combinational loops in the design.


10. checking partial_input_delay (0)
------------------------------------
 There are 0 input ports with partial input delay specified.


11. checking partial_output_delay (0)
-------------------------------------
 There are 0 ports with partial output delay specified.


12. checking latch_loops (0)
----------------------------
 There are 0 combinational latch loops in the design through latch input



------------------------------------------------------------------------------------------------
| Design Timing Summary
| ---------------------
------------------------------------------------------------------------------------------------

    WNS(ns)      TNS(ns)  TNS Failing Endpoints  TNS Total Endpoints      WHS(ns)      THS(ns)  THS Failing Endpoints  THS Total Endpoints     WPWS(ns)     TPWS(ns)  TPWS Failing Endpoints  TPWS Total Endpoints  
    -------      -------  ---------------------  -------------------      -------      -------  ---------------------  -------------------     --------     --------  ----------------------  --------------------  
      0.074        0.000                      0                 3121        0.012        0.000                      0                 3121        2.093        0.000                       0                  3122  


All user specified timing constraints are met.


------------------------------------------------------------------------------------------------
| Clock Summary
| -------------
------------------------------------------------------------------------------------------------

Clock   Waveform(ns)         Period(ns)      Frequency(MHz)
-----   ------------         ----------      --------------
vclock  {0.000 2.369}        4.737           211.104         


------------------------------------------------------------------------------------------------
| Intra Clock Table
| -----------------
------------------------------------------------------------------------------------------------

Clock             WNS(ns)      TNS(ns)  TNS Failing Endpoints  TNS Total Endpoints      WHS(ns)      THS(ns)  THS Failing Endpoints  THS Total Endpoints     WPWS(ns)     TPWS(ns)  TPWS Failing Endpoints  TPWS Total Endpoints  
-----             -------      -------  ---------------------  -------------------      -------      -------  ---------------------  -------------------     --------     --------  ----------------------  --------------------  
vclock              0.074        0.000                      0                 3121        0.012        0.000                      0                 3121        2.093        0.000                       0                  3122  


------------------------------------------------------------------------------------------------
| Inter Clock Table
| -----------------
------------------------------------------------------------------------------------------------

From Clock    To Clock          WNS(ns)      TNS(ns)  TNS Failing Endpoints  TNS Total Endpoints      WHS(ns)      THS(ns)  THS Failing Endpoints  THS Total Endpoints  
----------    --------          -------      -------  ---------------------  -------------------      -------      -------  ---------------------  -------------------  


------------------------------------------------------------------------------------------------
| Other Path Groups Table
| -----------------------
------------------------------------------------------------------------------------------------

Path Group    From Clock    To Clock          WNS(ns)      TNS(ns)  TNS Failing Endpoints  TNS Total Endpoints      WHS(ns)      THS(ns)  THS Failing Endpoints  THS Total Endpoints  
----------    ----------    --------          -------      -------  ---------------------  -------------------      -------      -------  ---------------------  -------------------  


------------------------------------------------------------------------------------------------
| Timing Details
| --------------
------------------------------------------------------------------------------------------------


---------------------------------------------------------------------------------------------------
From Clock:  vclock
  To Clock:  vclock

Setup :            0  Failing Endpoints,  Worst Slack        0.074ns,  Total Violation        0.000ns
Hold  :            0  Failing Endpoints,  Worst Slack        0.012ns,  Total Violation        0.000ns
PW    :            0  Failing Endpoints,  Worst Slack        2.093ns,  Total Violation        0.000ns
---------------------------------------------------------------------------------------------------


Max Delay Paths
--------------------------------------------------------------------------------------
Slack (MET) :             0.074ns  (required time - arrival time)
  Source:                 demux/sel_reg[0]/C
                            (rising edge-triggered cell FDRE clocked by vclock  {rise@0.000ns fall@2.368ns period=4.737ns})
  Destination:            demux/sel_reg[1]/D
                            (rising edge-triggered cell FDRE clocked by vclock  {rise@0.000ns fall@2.368ns period=4.737ns})
  Path Group:             vclock
  Path Type:              Setup (Max at Slow Process Corner)
  Requirement:            4.737ns  (vclock rise@4.737ns - vclock rise@0.000ns)
  Data Path Delay:        4.551ns  (logic 2.091ns (45.946%)  route 2.460ns (54.054%))
  Logic Levels:           18  (CARRY8=10 LUT2=1 LUT3=2 LUT4=2 LUT5=1 LUT6=2)
  Clock Path Skew:        -0.102ns (DCD - SCD + CPR)
    Destination Clock Delay (DCD):    1.658ns = ( 6.395 - 4.737 ) 
    Source Clock Delay      (SCD):    2.108ns
    Clock Pessimism Removal (CPR):    0.348ns
  Clock Uncertainty:      0.035ns  ((TSJ^2 + TIJ^2)^1/2 + DJ) / 2 + PE
    Total System Jitter     (TSJ):    0.071ns
    Total Input Jitter      (TIJ):    0.000ns
    Discrete Jitter          (DJ):    0.000ns
    Phase Error              (PE):    0.000ns
  Clock Net Delay (Source):      1.147ns (routing 0.171ns, distribution 0.976ns)
  Clock Net Delay (Destination): 0.988ns (routing 0.155ns, distribution 0.833ns)

    Location             Delay type                Incr(ns)  Path(ns)    Netlist Resource(s)
  -------------------------------------------------------------------    -------------------
                         (clock vclock rise edge)     0.000     0.000 r  
    AR14                                              0.000     0.000 r  clk (IN)
                         net (fo=0)                   0.000     0.000    clk_IBUF_inst/I
    AR14                 INBUF (Prop_INBUF_HPIOB_M_PAD_O)
                                                      0.610     0.610 r  clk_IBUF_inst/INBUF_INST/O
                         net (fo=1, routed)           0.000     0.610    clk_IBUF_inst/OUT
    AR14                 IBUFCTRL (Prop_IBUFCTRL_HPIOB_M_I_O)
                                                      0.000     0.610 r  clk_IBUF_inst/IBUFCTRL_INST/O
                         net (fo=1, routed)           0.323     0.933    clk_IBUF
    BUFGCE_X1Y212        BUFGCE (Prop_BUFCE_BUFGCE_I_O)
                                                      0.028     0.961 r  clk_IBUF_BUFG_inst/O
    X4Y8 (CLOCK_ROOT)    net (fo=3121, routed)        1.147     2.108    demux/CLK
    SLICE_X131Y487       FDRE                                         r  demux/sel_reg[0]/C
  -------------------------------------------------------------------    -------------------
    SLICE_X131Y487       FDRE (Prop_CFF2_SLICEM_C_Q)
                                                      0.077     2.185 r  demux/sel_reg[0]/Q
                         net (fo=139, routed)         0.214     2.399    demux/sel[0]
    SLICE_X129Y487       CARRY8 (Prop_CARRY8_SLICEM_CI_O[7])
                                                      0.231     2.630 r  demux/sel_reg[8]_i_6/O[7]
                         net (fo=40, routed)          0.273     2.903    p_1_in[8]
    SLICE_X128Y486       LUT6 (Prop_F6LUT_SLICEL_I5_O)
                                                      0.097     3.000 r  sel[8]_i_246/O
                         net (fo=1, routed)           0.011     3.011    demux/sel[8]_i_201[1]
    SLICE_X128Y486       CARRY8 (Prop_CARRY8_SLICEL_S[5]_CO[7])
                                                      0.155     3.166 f  demux/sel_reg[8]_i_213/CO[7]
                         net (fo=1, routed)           0.026     3.192    demux/sel_reg[8]_i_213_n_0
    SLICE_X128Y487       CARRY8 (Prop_CARRY8_SLICEL_CI_CO[5])
                                                      0.077     3.269 f  demux/sel_reg[8]_i_195/CO[5]
                         net (fo=30, routed)          0.242     3.511    demux_n_9
    SLICE_X130Y487       LUT3 (Prop_D5LUT_SLICEL_I1_O)
                                                      0.157     3.668 r  sel[8]_i_138/O
                         net (fo=2, routed)           0.137     3.805    sel[8]_i_138_n_0
    SLICE_X130Y487       LUT4 (Prop_E6LUT_SLICEL_I3_O)
                                                      0.123     3.928 r  sel[8]_i_145/O
                         net (fo=1, routed)           0.007     3.935    demux/sel[8]_i_73_0[3]
    SLICE_X130Y487       CARRY8 (Prop_CARRY8_SLICEL_S[4]_CO[7])
                                                      0.153     4.088 r  demux/sel_reg[8]_i_81/CO[7]
                         net (fo=1, routed)           0.026     4.114    demux/sel_reg[8]_i_81_n_0
    SLICE_X130Y488       CARRY8 (Prop_CARRY8_SLICEL_CI_O[3])
                                                      0.082     4.196 r  demux/sel_reg[8]_i_77/O[3]
                         net (fo=2, routed)           0.271     4.467    demux_n_87
    SLICE_X131Y487       LUT3 (Prop_G5LUT_SLICEM_I0_O)
                                                      0.068     4.535 r  sel[8]_i_30/O
                         net (fo=2, routed)           0.157     4.692    sel[8]_i_30_n_0
    SLICE_X131Y487       LUT4 (Prop_H6LUT_SLICEM_I3_O)
                                                      0.101     4.793 r  sel[8]_i_38/O
                         net (fo=1, routed)           0.015     4.808    demux/sel[8]_i_25_0[7]
    SLICE_X131Y487       CARRY8 (Prop_CARRY8_SLICEM_S[7]_CO[7])
                                                      0.117     4.925 r  demux/sel_reg[8]_i_19/CO[7]
                         net (fo=1, routed)           0.026     4.951    demux/sel_reg[8]_i_19_n_0
    SLICE_X131Y488       CARRY8 (Prop_CARRY8_SLICEM_CI_O[0])
                                                      0.056     5.007 r  demux/sel_reg[8]_i_22/O[0]
                         net (fo=4, routed)           0.304     5.311    demux_n_104
    SLICE_X132Y488       CARRY8 (Prop_CARRY8_SLICEL_S[0]_O[2])
                                                      0.132     5.443 r  sel_reg[8]_i_18/O[2]
                         net (fo=1, routed)           0.174     5.617    sel_reg[8]_i_18_n_13
    SLICE_X133Y488       LUT2 (Prop_F6LUT_SLICEM_I1_O)
                                                      0.037     5.654 r  sel[8]_i_10/O
                         net (fo=1, routed)           0.022     5.676    demux/sel_reg[5]_0[4]
    SLICE_X133Y488       CARRY8 (Prop_CARRY8_SLICEM_S[5]_CO[7])
                                                      0.159     5.835 r  demux/sel_reg[8]_i_4/CO[7]
                         net (fo=1, routed)           0.026     5.861    demux/sel_reg[8]_i_4_n_0
    SLICE_X133Y489       CARRY8 (Prop_CARRY8_SLICEM_CI_O[0])
                                                      0.056     5.917 r  demux/sel_reg[8]_i_5/O[0]
                         net (fo=10, routed)          0.191     6.108    demux/sel_reg[8]_i_5_n_15
    SLICE_X134Y488       LUT5 (Prop_C6LUT_SLICEL_I0_O)
                                                      0.123     6.231 r  demux/sel[3]_i_2/O
                         net (fo=4, routed)           0.051     6.282    demux/sel[3]_i_2_n_0
    SLICE_X134Y488       LUT6 (Prop_A6LUT_SLICEL_I0_O)
                                                      0.090     6.372 r  demux/sel[1]_i_1/O
                         net (fo=1, routed)           0.287     6.659    demux/sel20_in[1]
    SLICE_X129Y488       FDRE                                         r  demux/sel_reg[1]/D
  -------------------------------------------------------------------    -------------------

                         (clock vclock rise edge)     4.737     4.737 r  
    AR14                                              0.000     4.737 r  clk (IN)
                         net (fo=0)                   0.000     4.737    clk_IBUF_inst/I
    AR14                 INBUF (Prop_INBUF_HPIOB_M_PAD_O)
                                                      0.359     5.096 r  clk_IBUF_inst/INBUF_INST/O
                         net (fo=1, routed)           0.000     5.096    clk_IBUF_inst/OUT
    AR14                 IBUFCTRL (Prop_IBUFCTRL_HPIOB_M_I_O)
                                                      0.000     5.096 r  clk_IBUF_inst/IBUFCTRL_INST/O
                         net (fo=1, routed)           0.287     5.383    clk_IBUF
    BUFGCE_X1Y212        BUFGCE (Prop_BUFCE_BUFGCE_I_O)
                                                      0.024     5.407 r  clk_IBUF_BUFG_inst/O
    X4Y8 (CLOCK_ROOT)    net (fo=3121, routed)        0.988     6.395    demux/CLK
    SLICE_X129Y488       FDRE                                         r  demux/sel_reg[1]/C
                         clock pessimism              0.348     6.744    
                         clock uncertainty           -0.035     6.708    
    SLICE_X129Y488       FDRE (Setup_GFF2_SLICEM_C_D)
                                                      0.025     6.733    demux/sel_reg[1]
  -------------------------------------------------------------------
                         required time                          6.733    
                         arrival time                          -6.659    
  -------------------------------------------------------------------
                         slack                                  0.074    





Min Delay Paths
--------------------------------------------------------------------------------------
Slack (MET) :             0.012ns  (arrival time - required time)
  Source:                 demux/genblk1[365].z_reg[365][5]/C
                            (rising edge-triggered cell FDRE clocked by vclock  {rise@0.000ns fall@2.368ns period=4.737ns})
  Destination:            genblk1[365].reg_in/reg_out_reg[5]/D
                            (rising edge-triggered cell FDRE clocked by vclock  {rise@0.000ns fall@2.368ns period=4.737ns})
  Path Group:             vclock
  Path Type:              Hold (Min at Slow Process Corner)
  Requirement:            0.000ns  (vclock rise@0.000ns - vclock rise@0.000ns)
  Data Path Delay:        0.126ns  (logic 0.059ns (46.825%)  route 0.067ns (53.175%))
  Logic Levels:           0  
  Clock Path Skew:        0.052ns (DCD - SCD - CPR)
    Destination Clock Delay (DCD):    2.120ns
    Source Clock Delay      (SCD):    1.663ns
    Clock Pessimism Removal (CPR):    0.405ns
  Clock Net Delay (Source):      0.993ns (routing 0.155ns, distribution 0.838ns)
  Clock Net Delay (Destination): 1.159ns (routing 0.171ns, distribution 0.988ns)

    Location             Delay type                Incr(ns)  Path(ns)    Netlist Resource(s)
  -------------------------------------------------------------------    -------------------
                         (clock vclock rise edge)     0.000     0.000 r  
    AR14                                              0.000     0.000 r  clk (IN)
                         net (fo=0)                   0.000     0.000    clk_IBUF_inst/I
    AR14                 INBUF (Prop_INBUF_HPIOB_M_PAD_O)
                                                      0.359     0.359 r  clk_IBUF_inst/INBUF_INST/O
                         net (fo=1, routed)           0.000     0.359    clk_IBUF_inst/OUT
    AR14                 IBUFCTRL (Prop_IBUFCTRL_HPIOB_M_I_O)
                                                      0.000     0.359 r  clk_IBUF_inst/IBUFCTRL_INST/O
                         net (fo=1, routed)           0.287     0.646    clk_IBUF
    BUFGCE_X1Y212        BUFGCE (Prop_BUFCE_BUFGCE_I_O)
                                                      0.024     0.670 r  clk_IBUF_BUFG_inst/O
    X4Y8 (CLOCK_ROOT)    net (fo=3121, routed)        0.993     1.663    demux/CLK
    SLICE_X134Y489       FDRE                                         r  demux/genblk1[365].z_reg[365][5]/C
  -------------------------------------------------------------------    -------------------
    SLICE_X134Y489       FDRE (Prop_HFF2_SLICEL_C_Q)
                                                      0.059     1.722 r  demux/genblk1[365].z_reg[365][5]/Q
                         net (fo=1, routed)           0.067     1.789    genblk1[365].reg_in/D[5]
    SLICE_X134Y490       FDRE                                         r  genblk1[365].reg_in/reg_out_reg[5]/D
  -------------------------------------------------------------------    -------------------

                         (clock vclock rise edge)     0.000     0.000 r  
    AR14                                              0.000     0.000 r  clk (IN)
                         net (fo=0)                   0.000     0.000    clk_IBUF_inst/I
    AR14                 INBUF (Prop_INBUF_HPIOB_M_PAD_O)
                                                      0.610     0.610 r  clk_IBUF_inst/INBUF_INST/O
                         net (fo=1, routed)           0.000     0.610    clk_IBUF_inst/OUT
    AR14                 IBUFCTRL (Prop_IBUFCTRL_HPIOB_M_I_O)
                                                      0.000     0.610 r  clk_IBUF_inst/IBUFCTRL_INST/O
                         net (fo=1, routed)           0.323     0.933    clk_IBUF
    BUFGCE_X1Y212        BUFGCE (Prop_BUFCE_BUFGCE_I_O)
                                                      0.028     0.961 r  clk_IBUF_BUFG_inst/O
    X4Y8 (CLOCK_ROOT)    net (fo=3121, routed)        1.159     2.120    genblk1[365].reg_in/CLK
    SLICE_X134Y490       FDRE                                         r  genblk1[365].reg_in/reg_out_reg[5]/C
                         clock pessimism             -0.405     1.715    
    SLICE_X134Y490       FDRE (Hold_CFF2_SLICEL_C_D)
                                                      0.062     1.777    genblk1[365].reg_in/reg_out_reg[5]
  -------------------------------------------------------------------
                         required time                         -1.777    
                         arrival time                           1.789    
  -------------------------------------------------------------------
                         slack                                  0.012    





Pulse Width Checks
--------------------------------------------------------------------------------------
Clock Name:         vclock
Waveform(ns):       { 0.000 2.369 }
Period(ns):         4.737
Sources:            { clk }

Check Type        Corner  Lib Pin   Reference Pin  Required(ns)  Actual(ns)  Slack(ns)  Location        Pin
Min Period        n/a     BUFGCE/I  n/a            1.290         4.737       3.447      BUFGCE_X1Y212   clk_IBUF_BUFG_inst/I
Low Pulse Width   Slow    FDRE/C    n/a            0.275         2.368       2.093      SLICE_X120Y518  genblk1[31].reg_in/reg_out_reg[5]/C
High Pulse Width  Fast    FDRE/C    n/a            0.275         2.368       2.093      SLICE_X129Y499  genblk1[346].reg_in/reg_out_reg[4]/C



