Copyright 1986-2020 Xilinx, Inc. All Rights Reserved.
------------------------------------------------------------------------------------------------------
| Tool Version      : Vivado v.2020.1 (lin64) Build 2902540 Wed May 27 19:54:35 MDT 2020
| Date              : Mon Mar 14 17:08:22 2022
| Host              : lepus running 64-bit CentOS Linux release 7.9.2009 (Core)
| Command           : report_timing_summary -file ./output/fc1_6/report/timing-summary-post-place.rpt
| Design            : top
| Device            : xcvu9p-flga2104
| Speed File        : -2L  PRODUCTION 1.27 02-28-2020
| Temperature Grade : E
------------------------------------------------------------------------------------------------------

Timing Summary Report

------------------------------------------------------------------------------------------------
| Timer Settings
| --------------
------------------------------------------------------------------------------------------------

  Enable Multi Corner Analysis               :  Yes
  Enable Pessimism Removal                   :  Yes
  Pessimism Removal Resolution               :  Nearest Common Node
  Enable Input Delay Default Clock           :  No
  Enable Preset / Clear Arcs                 :  No
  Disable Flight Delays                      :  No
  Ignore I/O Paths                           :  No
  Timing Early Launch at Borrowing Latches   :  No
  Borrow Time for Max Delay Exceptions       :  Yes
  Merge Timing Exceptions                    :  Yes

  Corner  Analyze    Analyze    
  Name    Max Paths  Min Paths  
  ------  ---------  ---------  
  Slow    Yes        Yes        
  Fast    Yes        Yes        



check_timing report

Table of Contents
-----------------
1. checking no_clock (0)
2. checking constant_clock (0)
3. checking pulse_width_clock (0)
4. checking unconstrained_internal_endpoints (0)
5. checking no_input_delay (10)
6. checking no_output_delay (24)
7. checking multiple_clock (0)
8. checking generated_clocks (0)
9. checking loops (0)
10. checking partial_input_delay (0)
11. checking partial_output_delay (0)
12. checking latch_loops (0)

1. checking no_clock (0)
------------------------
 There are 0 register/latch pins with no clock.


2. checking constant_clock (0)
------------------------------
 There are 0 register/latch pins with constant_clock.


3. checking pulse_width_clock (0)
---------------------------------
 There are 0 register/latch pins which need pulse_width check


4. checking unconstrained_internal_endpoints (0)
------------------------------------------------
 There are 0 pins that are not constrained for maximum delay.

 There are 0 pins that are not constrained for maximum delay due to constant clock.


5. checking no_input_delay (10)
-------------------------------
 There are 10 input ports with no input delay specified. (HIGH)

 There are 0 input ports with no input delay but user has a false path constraint.


6. checking no_output_delay (24)
--------------------------------
 There are 24 ports with no output delay specified. (HIGH)

 There are 0 ports with no output delay but user has a false path constraint

 There are 0 ports with no output delay but with a timing clock defined on it or propagating through it


7. checking multiple_clock (0)
------------------------------
 There are 0 register/latch pins with multiple clocks.


8. checking generated_clocks (0)
--------------------------------
 There are 0 generated clocks that are not connected to a clock source.


9. checking loops (0)
---------------------
 There are 0 combinational loops in the design.


10. checking partial_input_delay (0)
------------------------------------
 There are 0 input ports with partial input delay specified.


11. checking partial_output_delay (0)
-------------------------------------
 There are 0 ports with partial output delay specified.


12. checking latch_loops (0)
----------------------------
 There are 0 combinational latch loops in the design through latch input



------------------------------------------------------------------------------------------------
| Design Timing Summary
| ---------------------
------------------------------------------------------------------------------------------------

    WNS(ns)      TNS(ns)  TNS Failing Endpoints  TNS Total Endpoints      WHS(ns)      THS(ns)  THS Failing Endpoints  THS Total Endpoints     WPWS(ns)     TPWS(ns)  TPWS Failing Endpoints  TPWS Total Endpoints  
    -------      -------  ---------------------  -------------------      -------      -------  ---------------------  -------------------     --------     --------  ----------------------  --------------------  
     -0.778      -12.506                     24                 3121       -0.040       -0.862                     55                 3121        1.725        0.000                       0                  3122  


Timing constraints are not met.


------------------------------------------------------------------------------------------------
| Clock Summary
| -------------
------------------------------------------------------------------------------------------------

Clock          Waveform(ns)         Period(ns)      Frequency(MHz)
-----          ------------         ----------      --------------
virtual_clock  {0.000 2.000}        4.000           250.000         


------------------------------------------------------------------------------------------------
| Intra Clock Table
| -----------------
------------------------------------------------------------------------------------------------

Clock              WNS(ns)      TNS(ns)  TNS Failing Endpoints  TNS Total Endpoints      WHS(ns)      THS(ns)  THS Failing Endpoints  THS Total Endpoints     WPWS(ns)     TPWS(ns)  TPWS Failing Endpoints  TPWS Total Endpoints  
-----              -------      -------  ---------------------  -------------------      -------      -------  ---------------------  -------------------     --------     --------  ----------------------  --------------------  
virtual_clock       -0.778      -12.506                     24                 3121       -0.040       -0.862                     55                 3121        1.725        0.000                       0                  3122  


------------------------------------------------------------------------------------------------
| Inter Clock Table
| -----------------
------------------------------------------------------------------------------------------------

From Clock    To Clock          WNS(ns)      TNS(ns)  TNS Failing Endpoints  TNS Total Endpoints      WHS(ns)      THS(ns)  THS Failing Endpoints  THS Total Endpoints  
----------    --------          -------      -------  ---------------------  -------------------      -------      -------  ---------------------  -------------------  


------------------------------------------------------------------------------------------------
| Other Path Groups Table
| -----------------------
------------------------------------------------------------------------------------------------

Path Group    From Clock    To Clock          WNS(ns)      TNS(ns)  TNS Failing Endpoints  TNS Total Endpoints      WHS(ns)      THS(ns)  THS Failing Endpoints  THS Total Endpoints  
----------    ----------    --------          -------      -------  ---------------------  -------------------      -------      -------  ---------------------  -------------------  


------------------------------------------------------------------------------------------------
| Timing Details
| --------------
------------------------------------------------------------------------------------------------


---------------------------------------------------------------------------------------------------
From Clock:  virtual_clock
  To Clock:  virtual_clock

Setup :           24  Failing Endpoints,  Worst Slack       -0.778ns,  Total Violation      -12.506ns
Hold  :           55  Failing Endpoints,  Worst Slack       -0.040ns,  Total Violation       -0.862ns
PW    :            0  Failing Endpoints,  Worst Slack        1.725ns,  Total Violation        0.000ns
---------------------------------------------------------------------------------------------------


Max Delay Paths
--------------------------------------------------------------------------------------
Slack (VIOLATED) :        -0.778ns  (required time - arrival time)
  Source:                 demux/sel_reg[0]/C
                            (rising edge-triggered cell FDRE clocked by virtual_clock  {rise@0.000ns fall@2.000ns period=4.000ns})
  Destination:            demux/sel_reg[1]/D
                            (rising edge-triggered cell FDRE clocked by virtual_clock  {rise@0.000ns fall@2.000ns period=4.000ns})
  Path Group:             virtual_clock
  Path Type:              Setup (Max at Slow Process Corner)
  Requirement:            4.000ns  (virtual_clock rise@4.000ns - virtual_clock rise@0.000ns)
  Data Path Delay:        4.660ns  (logic 1.851ns (39.721%)  route 2.809ns (60.279%))
  Logic Levels:           18  (CARRY8=10 LUT2=2 LUT3=2 LUT4=2 LUT5=1 LUT6=1)
  Clock Path Skew:        -0.108ns (DCD - SCD + CPR)
    Destination Clock Delay (DCD):    1.658ns = ( 5.658 - 4.000 ) 
    Source Clock Delay      (SCD):    2.131ns
    Clock Pessimism Removal (CPR):    0.365ns
  Clock Uncertainty:      0.035ns  ((TSJ^2 + TIJ^2)^1/2 + DJ) / 2 + PE
    Total System Jitter     (TSJ):    0.071ns
    Total Input Jitter      (TIJ):    0.000ns
    Discrete Jitter          (DJ):    0.000ns
    Phase Error              (PE):    0.000ns
  Clock Net Delay (Source):      1.170ns (routing 0.210ns, distribution 0.960ns)
  Clock Net Delay (Destination): 0.988ns (routing 0.190ns, distribution 0.798ns)

    Location             Delay type                Incr(ns)  Path(ns)    Netlist Resource(s)
  -------------------------------------------------------------------    -------------------
                         (clock virtual_clock rise edge)
                                                      0.000     0.000 r  
    AR14                                              0.000     0.000 r  clk (IN)
                         net (fo=0)                   0.000     0.000    clk_IBUF_inst/I
    AR14                 INBUF (Prop_INBUF_HPIOB_M_PAD_O)
                                                      0.610     0.610 r  clk_IBUF_inst/INBUF_INST/O
                         net (fo=1, routed)           0.000     0.610    clk_IBUF_inst/OUT
    AR14                 IBUFCTRL (Prop_IBUFCTRL_HPIOB_M_I_O)
                                                      0.000     0.610 r  clk_IBUF_inst/IBUFCTRL_INST/O
                         net (fo=1, estimated)        0.323     0.933    clk_IBUF
    BUFGCE_X1Y212        BUFGCE (Prop_BUFCE_BUFGCE_I_O)
                                                      0.028     0.961 r  clk_IBUF_BUFG_inst/O
    X4Y8 (CLOCK_ROOT)    net (fo=3121, estimated)     1.170     2.131    demux/CLK
    SLICE_X131Y487       FDRE                                         r  demux/sel_reg[0]/C
  -------------------------------------------------------------------    -------------------
    SLICE_X131Y487       FDRE (Prop_CFF2_SLICEM_C_Q)
                                                      0.077     2.208 r  demux/sel_reg[0]/Q
                         net (fo=139, estimated)      0.287     2.495    demux/sel[0]
    SLICE_X129Y487       CARRY8 (Prop_CARRY8_SLICEM_CI_O[5])
                                                      0.228     2.723 f  demux/sel_reg[8]_i_6/O[5]
                         net (fo=41, estimated)       0.235     2.958    demux/sel_reg[0]_0[5]
    SLICE_X129Y486       LUT3 (Prop_F5LUT_SLICEM_I0_O)
                                                      0.105     3.063 f  demux/sel[8]_i_226/O
                         net (fo=1, estimated)        0.143     3.206    demux/sel[8]_i_226_n_0
    SLICE_X129Y485       CARRY8 (Prop_CARRY8_SLICEM_DI[3]_CO[7])
                                                      0.106     3.312 f  demux/sel_reg[8]_i_196/CO[7]
                         net (fo=1, estimated)        0.026     3.338    demux/sel_reg[8]_i_196_n_0
    SLICE_X129Y486       CARRY8 (Prop_CARRY8_SLICEM_CI_CO[5])
                                                      0.077     3.415 f  demux/sel_reg[8]_i_171/CO[5]
                         net (fo=41, estimated)       0.295     3.710    demux_n_10
    SLICE_X130Y489       LUT2 (Prop_B5LUT_SLICEL_I0_O)
                                                      0.116     3.826 r  sel[8]_i_101/O
                         net (fo=17, estimated)       0.165     3.991    sel[8]_i_101_n_0
    SLICE_X130Y487       LUT4 (Prop_C6LUT_SLICEL_I3_O)
                                                      0.050     4.041 r  sel[8]_i_147/O
                         net (fo=1, routed)           0.010     4.051    demux/sel[8]_i_73_0[1]
    SLICE_X130Y487       CARRY8 (Prop_CARRY8_SLICEL_S[2]_CO[7])
                                                      0.155     4.206 r  demux/sel_reg[8]_i_81/CO[7]
                         net (fo=1, estimated)        0.026     4.232    demux/sel_reg[8]_i_81_n_0
    SLICE_X130Y488       CARRY8 (Prop_CARRY8_SLICEL_CI_O[1])
                                                      0.076     4.308 r  demux/sel_reg[8]_i_77/O[1]
                         net (fo=2, estimated)        0.246     4.554    demux_n_89
    SLICE_X131Y487       LUT3 (Prop_E5LUT_SLICEM_I1_O)
                                                      0.102     4.656 r  sel[8]_i_32/O
                         net (fo=2, estimated)        0.160     4.816    sel[8]_i_32_n_0
    SLICE_X131Y487       LUT4 (Prop_F6LUT_SLICEM_I3_O)
                                                      0.051     4.867 r  sel[8]_i_40/O
                         net (fo=1, routed)           0.022     4.889    demux/sel[8]_i_25_0[5]
    SLICE_X131Y487       CARRY8 (Prop_CARRY8_SLICEM_S[5]_CO[7])
                                                      0.159     5.048 r  demux/sel_reg[8]_i_19/CO[7]
                         net (fo=1, estimated)        0.026     5.074    demux/sel_reg[8]_i_19_n_0
    SLICE_X131Y488       CARRY8 (Prop_CARRY8_SLICEM_CI_O[0])
                                                      0.056     5.130 r  demux/sel_reg[8]_i_22/O[0]
                         net (fo=4, estimated)        0.315     5.445    demux_n_104
    SLICE_X132Y488       CARRY8 (Prop_CARRY8_SLICEL_S[0]_O[3])
                                                      0.138     5.583 r  sel_reg[8]_i_18/O[3]
                         net (fo=1, estimated)        0.223     5.806    sel_reg[8]_i_18_n_12
    SLICE_X133Y488       LUT2 (Prop_G6LUT_SLICEM_I1_O)
                                                      0.037     5.843 r  sel[8]_i_9/O
                         net (fo=1, routed)           0.016     5.859    demux/sel_reg[5]_0[5]
    SLICE_X133Y488       CARRY8 (Prop_CARRY8_SLICEM_S[6]_CO[7])
                                                      0.117     5.976 r  demux/sel_reg[8]_i_4/CO[7]
                         net (fo=1, estimated)        0.026     6.002    demux/sel_reg[8]_i_4_n_0
    SLICE_X133Y489       CARRY8 (Prop_CARRY8_SLICEM_CI_O[1])
                                                      0.076     6.078 r  demux/sel_reg[8]_i_5/O[1]
                         net (fo=10, estimated)       0.250     6.328    demux/sel_reg[8]_i_5_n_14
    SLICE_X134Y488       LUT5 (Prop_C6LUT_SLICEL_I4_O)
                                                      0.035     6.363 r  demux/sel[3]_i_2/O
                         net (fo=4, estimated)        0.053     6.416    demux/sel[3]_i_2_n_0
    SLICE_X134Y488       LUT6 (Prop_A6LUT_SLICEL_I0_O)
                                                      0.090     6.506 r  demux/sel[1]_i_1/O
                         net (fo=1, estimated)        0.285     6.791    demux/sel20_in[1]
    SLICE_X129Y488       FDRE                                         r  demux/sel_reg[1]/D
  -------------------------------------------------------------------    -------------------

                         (clock virtual_clock rise edge)
                                                      4.000     4.000 r  
    AR14                                              0.000     4.000 r  clk (IN)
                         net (fo=0)                   0.000     4.000    clk_IBUF_inst/I
    AR14                 INBUF (Prop_INBUF_HPIOB_M_PAD_O)
                                                      0.359     4.359 r  clk_IBUF_inst/INBUF_INST/O
                         net (fo=1, routed)           0.000     4.359    clk_IBUF_inst/OUT
    AR14                 IBUFCTRL (Prop_IBUFCTRL_HPIOB_M_I_O)
                                                      0.000     4.359 r  clk_IBUF_inst/IBUFCTRL_INST/O
                         net (fo=1, estimated)        0.287     4.646    clk_IBUF
    BUFGCE_X1Y212        BUFGCE (Prop_BUFCE_BUFGCE_I_O)
                                                      0.024     4.670 r  clk_IBUF_BUFG_inst/O
    X4Y8 (CLOCK_ROOT)    net (fo=3121, estimated)     0.988     5.658    demux/CLK
    SLICE_X129Y488       FDRE                                         r  demux/sel_reg[1]/C
                         clock pessimism              0.365     6.023    
                         clock uncertainty           -0.035     5.988    
    SLICE_X129Y488       FDRE (Setup_GFF2_SLICEM_C_D)
                                                      0.025     6.013    demux/sel_reg[1]
  -------------------------------------------------------------------
                         required time                          6.013    
                         arrival time                          -6.791    
  -------------------------------------------------------------------
                         slack                                 -0.778    





Min Delay Paths
--------------------------------------------------------------------------------------
Slack (VIOLATED) :        -0.040ns  (arrival time - required time)
  Source:                 demux/genblk1[64].z_reg[64][6]/C
                            (rising edge-triggered cell FDRE clocked by virtual_clock  {rise@0.000ns fall@2.000ns period=4.000ns})
  Destination:            genblk1[64].reg_in/reg_out_reg[6]/D
                            (rising edge-triggered cell FDRE clocked by virtual_clock  {rise@0.000ns fall@2.000ns period=4.000ns})
  Path Group:             virtual_clock
  Path Type:              Hold (Min at Slow Process Corner)
  Requirement:            0.000ns  (virtual_clock rise@0.000ns - virtual_clock rise@0.000ns)
  Data Path Delay:        0.221ns  (logic 0.058ns (26.244%)  route 0.163ns (73.756%))
  Logic Levels:           0  
  Clock Path Skew:        0.199ns (DCD - SCD - CPR)
    Destination Clock Delay (DCD):    2.159ns
    Source Clock Delay      (SCD):    1.649ns
    Clock Pessimism Removal (CPR):    0.311ns
  Clock Net Delay (Source):      0.979ns (routing 0.190ns, distribution 0.789ns)
  Clock Net Delay (Destination): 1.198ns (routing 0.210ns, distribution 0.988ns)

    Location             Delay type                Incr(ns)  Path(ns)    Netlist Resource(s)
  -------------------------------------------------------------------    -------------------
                         (clock virtual_clock rise edge)
                                                      0.000     0.000 r  
    AR14                                              0.000     0.000 r  clk (IN)
                         net (fo=0)                   0.000     0.000    clk_IBUF_inst/I
    AR14                 INBUF (Prop_INBUF_HPIOB_M_PAD_O)
                                                      0.359     0.359 r  clk_IBUF_inst/INBUF_INST/O
                         net (fo=1, routed)           0.000     0.359    clk_IBUF_inst/OUT
    AR14                 IBUFCTRL (Prop_IBUFCTRL_HPIOB_M_I_O)
                                                      0.000     0.359 r  clk_IBUF_inst/IBUFCTRL_INST/O
                         net (fo=1, estimated)        0.287     0.646    clk_IBUF
    BUFGCE_X1Y212        BUFGCE (Prop_BUFCE_BUFGCE_I_O)
                                                      0.024     0.670 r  clk_IBUF_BUFG_inst/O
    X4Y8 (CLOCK_ROOT)    net (fo=3121, estimated)     0.979     1.649    demux/CLK
    SLICE_X123Y535       FDRE                                         r  demux/genblk1[64].z_reg[64][6]/C
  -------------------------------------------------------------------    -------------------
    SLICE_X123Y535       FDRE (Prop_AFF_SLICEM_C_Q)
                                                      0.058     1.707 r  demux/genblk1[64].z_reg[64][6]/Q
                         net (fo=1, estimated)        0.163     1.870    genblk1[64].reg_in/D[6]
    SLICE_X123Y541       FDRE                                         r  genblk1[64].reg_in/reg_out_reg[6]/D
  -------------------------------------------------------------------    -------------------

                         (clock virtual_clock rise edge)
                                                      0.000     0.000 r  
    AR14                                              0.000     0.000 r  clk (IN)
                         net (fo=0)                   0.000     0.000    clk_IBUF_inst/I
    AR14                 INBUF (Prop_INBUF_HPIOB_M_PAD_O)
                                                      0.610     0.610 r  clk_IBUF_inst/INBUF_INST/O
                         net (fo=1, routed)           0.000     0.610    clk_IBUF_inst/OUT
    AR14                 IBUFCTRL (Prop_IBUFCTRL_HPIOB_M_I_O)
                                                      0.000     0.610 r  clk_IBUF_inst/IBUFCTRL_INST/O
                         net (fo=1, estimated)        0.323     0.933    clk_IBUF
    BUFGCE_X1Y212        BUFGCE (Prop_BUFCE_BUFGCE_I_O)
                                                      0.028     0.961 r  clk_IBUF_BUFG_inst/O
    X4Y8 (CLOCK_ROOT)    net (fo=3121, estimated)     1.198     2.159    genblk1[64].reg_in/CLK
    SLICE_X123Y541       FDRE                                         r  genblk1[64].reg_in/reg_out_reg[6]/C
                         clock pessimism             -0.311     1.848    
    SLICE_X123Y541       FDRE (Hold_GFF2_SLICEM_C_D)
                                                      0.062     1.910    genblk1[64].reg_in/reg_out_reg[6]
  -------------------------------------------------------------------
                         required time                         -1.910    
                         arrival time                           1.870    
  -------------------------------------------------------------------
                         slack                                 -0.040    





Pulse Width Checks
--------------------------------------------------------------------------------------
Clock Name:         virtual_clock
Waveform(ns):       { 0.000 2.000 }
Period(ns):         4.000
Sources:            { clk }

Check Type        Corner  Lib Pin   Reference Pin  Required(ns)  Actual(ns)  Slack(ns)  Location        Pin
Min Period        n/a     BUFGCE/I  n/a            1.290         4.000       2.710      BUFGCE_X1Y212   clk_IBUF_BUFG_inst/I
Low Pulse Width   Slow    FDRE/C    n/a            0.275         2.000       1.725      SLICE_X131Y490  demux/genblk1[321].z_reg[321][0]/C
High Pulse Width  Fast    FDRE/C    n/a            0.275         2.000       1.725      SLICE_X131Y490  demux/genblk1[321].z_reg[321][2]/C



