Copyright 1986-2020 Xilinx, Inc. All Rights Reserved.
-------------------------------------------------------------------------------------------------------
| Tool Version      : Vivado v.2020.1 (lin64) Build 2902540 Wed May 27 19:54:35 MDT 2020
| Date              : Mon Mar 14 23:46:53 2022
| Host              : lepus running 64-bit CentOS Linux release 7.9.2009 (Core)
| Command           : report_timing_summary -file ./output/fc1_42/report/timing-summary-post-place.rpt
| Design            : top
| Device            : xcvu9p-flga2104
| Speed File        : -2L  PRODUCTION 1.27 02-28-2020
| Temperature Grade : E
-------------------------------------------------------------------------------------------------------

Timing Summary Report

------------------------------------------------------------------------------------------------
| Timer Settings
| --------------
------------------------------------------------------------------------------------------------

  Enable Multi Corner Analysis               :  Yes
  Enable Pessimism Removal                   :  Yes
  Pessimism Removal Resolution               :  Nearest Common Node
  Enable Input Delay Default Clock           :  No
  Enable Preset / Clear Arcs                 :  No
  Disable Flight Delays                      :  No
  Ignore I/O Paths                           :  No
  Timing Early Launch at Borrowing Latches   :  No
  Borrow Time for Max Delay Exceptions       :  Yes
  Merge Timing Exceptions                    :  Yes

  Corner  Analyze    Analyze    
  Name    Max Paths  Min Paths  
  ------  ---------  ---------  
  Slow    Yes        Yes        
  Fast    Yes        Yes        



check_timing report

Table of Contents
-----------------
1. checking no_clock (0)
2. checking constant_clock (0)
3. checking pulse_width_clock (0)
4. checking unconstrained_internal_endpoints (0)
5. checking no_input_delay (10)
6. checking no_output_delay (24)
7. checking multiple_clock (0)
8. checking generated_clocks (0)
9. checking loops (0)
10. checking partial_input_delay (0)
11. checking partial_output_delay (0)
12. checking latch_loops (0)

1. checking no_clock (0)
------------------------
 There are 0 register/latch pins with no clock.


2. checking constant_clock (0)
------------------------------
 There are 0 register/latch pins with constant_clock.


3. checking pulse_width_clock (0)
---------------------------------
 There are 0 register/latch pins which need pulse_width check


4. checking unconstrained_internal_endpoints (0)
------------------------------------------------
 There are 0 pins that are not constrained for maximum delay.

 There are 0 pins that are not constrained for maximum delay due to constant clock.


5. checking no_input_delay (10)
-------------------------------
 There are 10 input ports with no input delay specified. (HIGH)

 There are 0 input ports with no input delay but user has a false path constraint.


6. checking no_output_delay (24)
--------------------------------
 There are 24 ports with no output delay specified. (HIGH)

 There are 0 ports with no output delay but user has a false path constraint

 There are 0 ports with no output delay but with a timing clock defined on it or propagating through it


7. checking multiple_clock (0)
------------------------------
 There are 0 register/latch pins with multiple clocks.


8. checking generated_clocks (0)
--------------------------------
 There are 0 generated clocks that are not connected to a clock source.


9. checking loops (0)
---------------------
 There are 0 combinational loops in the design.


10. checking partial_input_delay (0)
------------------------------------
 There are 0 input ports with partial input delay specified.


11. checking partial_output_delay (0)
-------------------------------------
 There are 0 ports with partial output delay specified.


12. checking latch_loops (0)
----------------------------
 There are 0 combinational latch loops in the design through latch input



------------------------------------------------------------------------------------------------
| Design Timing Summary
| ---------------------
------------------------------------------------------------------------------------------------

    WNS(ns)      TNS(ns)  TNS Failing Endpoints  TNS Total Endpoints      WHS(ns)      THS(ns)  THS Failing Endpoints  THS Total Endpoints     WPWS(ns)     TPWS(ns)  TPWS Failing Endpoints  TPWS Total Endpoints  
    -------      -------  ---------------------  -------------------      -------      -------  ---------------------  -------------------     --------     --------  ----------------------  --------------------  
     -1.081      -19.172                     28                 3412       -0.088       -1.563                     78                 3412        1.725        0.000                       0                  3413  


Timing constraints are not met.


------------------------------------------------------------------------------------------------
| Clock Summary
| -------------
------------------------------------------------------------------------------------------------

Clock          Waveform(ns)         Period(ns)      Frequency(MHz)
-----          ------------         ----------      --------------
virtual_clock  {0.000 2.000}        4.000           250.000         


------------------------------------------------------------------------------------------------
| Intra Clock Table
| -----------------
------------------------------------------------------------------------------------------------

Clock              WNS(ns)      TNS(ns)  TNS Failing Endpoints  TNS Total Endpoints      WHS(ns)      THS(ns)  THS Failing Endpoints  THS Total Endpoints     WPWS(ns)     TPWS(ns)  TPWS Failing Endpoints  TPWS Total Endpoints  
-----              -------      -------  ---------------------  -------------------      -------      -------  ---------------------  -------------------     --------     --------  ----------------------  --------------------  
virtual_clock       -1.081      -19.172                     28                 3412       -0.088       -1.563                     78                 3412        1.725        0.000                       0                  3413  


------------------------------------------------------------------------------------------------
| Inter Clock Table
| -----------------
------------------------------------------------------------------------------------------------

From Clock    To Clock          WNS(ns)      TNS(ns)  TNS Failing Endpoints  TNS Total Endpoints      WHS(ns)      THS(ns)  THS Failing Endpoints  THS Total Endpoints  
----------    --------          -------      -------  ---------------------  -------------------      -------      -------  ---------------------  -------------------  


------------------------------------------------------------------------------------------------
| Other Path Groups Table
| -----------------------
------------------------------------------------------------------------------------------------

Path Group    From Clock    To Clock          WNS(ns)      TNS(ns)  TNS Failing Endpoints  TNS Total Endpoints      WHS(ns)      THS(ns)  THS Failing Endpoints  THS Total Endpoints  
----------    ----------    --------          -------      -------  ---------------------  -------------------      -------      -------  ---------------------  -------------------  


------------------------------------------------------------------------------------------------
| Timing Details
| --------------
------------------------------------------------------------------------------------------------


---------------------------------------------------------------------------------------------------
From Clock:  virtual_clock
  To Clock:  virtual_clock

Setup :           28  Failing Endpoints,  Worst Slack       -1.081ns,  Total Violation      -19.172ns
Hold  :           78  Failing Endpoints,  Worst Slack       -0.088ns,  Total Violation       -1.563ns
PW    :            0  Failing Endpoints,  Worst Slack        1.725ns,  Total Violation        0.000ns
---------------------------------------------------------------------------------------------------


Max Delay Paths
--------------------------------------------------------------------------------------
Slack (VIOLATED) :        -1.081ns  (required time - arrival time)
  Source:                 demux/sel_reg[0]/C
                            (rising edge-triggered cell FDRE clocked by virtual_clock  {rise@0.000ns fall@2.000ns period=4.000ns})
  Destination:            demux/sel_reg[2]_rep/D
                            (rising edge-triggered cell FDRE clocked by virtual_clock  {rise@0.000ns fall@2.000ns period=4.000ns})
  Path Group:             virtual_clock
  Path Type:              Setup (Max at Slow Process Corner)
  Requirement:            4.000ns  (virtual_clock rise@4.000ns - virtual_clock rise@0.000ns)
  Data Path Delay:        4.958ns  (logic 2.022ns (40.783%)  route 2.936ns (59.217%))
  Logic Levels:           18  (CARRY8=9 LUT2=1 LUT3=3 LUT4=3 LUT6=2)
  Clock Path Skew:        -0.113ns (DCD - SCD + CPR)
    Destination Clock Delay (DCD):    1.644ns = ( 5.644 - 4.000 ) 
    Source Clock Delay      (SCD):    2.122ns
    Clock Pessimism Removal (CPR):    0.365ns
  Clock Uncertainty:      0.035ns  ((TSJ^2 + TIJ^2)^1/2 + DJ) / 2 + PE
    Total System Jitter     (TSJ):    0.071ns
    Total Input Jitter      (TIJ):    0.000ns
    Discrete Jitter          (DJ):    0.000ns
    Phase Error              (PE):    0.000ns
  Clock Net Delay (Source):      1.161ns (routing 0.210ns, distribution 0.951ns)
  Clock Net Delay (Destination): 0.974ns (routing 0.190ns, distribution 0.784ns)

    Location             Delay type                Incr(ns)  Path(ns)    Netlist Resource(s)
  -------------------------------------------------------------------    -------------------
                         (clock virtual_clock rise edge)
                                                      0.000     0.000 r  
    AR14                                              0.000     0.000 r  clk (IN)
                         net (fo=0)                   0.000     0.000    clk_IBUF_inst/I
    AR14                 INBUF (Prop_INBUF_HPIOB_M_PAD_O)
                                                      0.610     0.610 r  clk_IBUF_inst/INBUF_INST/O
                         net (fo=1, routed)           0.000     0.610    clk_IBUF_inst/OUT
    AR14                 IBUFCTRL (Prop_IBUFCTRL_HPIOB_M_I_O)
                                                      0.000     0.610 r  clk_IBUF_inst/IBUFCTRL_INST/O
                         net (fo=1, estimated)        0.323     0.933    clk_IBUF
    BUFGCE_X1Y212        BUFGCE (Prop_BUFCE_BUFGCE_I_O)
                                                      0.028     0.961 r  clk_IBUF_BUFG_inst/O
    X4Y8 (CLOCK_ROOT)    net (fo=3412, estimated)     1.161     2.122    demux/clk_IBUF_BUFG
    SLICE_X129Y528       FDRE                                         r  demux/sel_reg[0]/C
  -------------------------------------------------------------------    -------------------
    SLICE_X129Y528       FDRE (Prop_AFF_SLICEM_C_Q)
                                                      0.077     2.199 r  demux/sel_reg[0]/Q
                         net (fo=96, estimated)       0.277     2.476    demux/sel[0]
    SLICE_X128Y528       CARRY8 (Prop_CARRY8_SLICEL_CI_O[7])
                                                      0.229     2.705 r  demux/sel_reg[8]_i_6/O[7]
                         net (fo=37, estimated)       0.335     3.040    p_1_in[8]
    SLICE_X127Y524       LUT3 (Prop_E5LUT_SLICEM_I2_O)
                                                      0.102     3.142 r  sel[8]_i_219/O
                         net (fo=2, estimated)        0.192     3.334    sel[8]_i_219_n_0
    SLICE_X127Y524       LUT4 (Prop_F6LUT_SLICEM_I0_O)
                                                      0.098     3.432 r  sel[8]_i_226/O
                         net (fo=1, routed)           0.022     3.454    demux/S[1]
    SLICE_X127Y524       CARRY8 (Prop_CARRY8_SLICEM_S[5]_CO[7])
                                                      0.159     3.613 f  demux/sel_reg[8]_i_191/CO[7]
                         net (fo=1, estimated)        0.026     3.639    demux/sel_reg[8]_i_191_n_0
    SLICE_X127Y525       CARRY8 (Prop_CARRY8_SLICEM_CI_CO[5])
                                                      0.077     3.716 f  demux/sel_reg[8]_i_167/CO[5]
                         net (fo=36, estimated)       0.318     4.034    demux_n_10
    SLICE_X125Y526       LUT3 (Prop_C5LUT_SLICEM_I1_O)
                                                      0.099     4.133 r  sel[8]_i_139/O
                         net (fo=2, estimated)        0.177     4.310    sel[8]_i_139_n_0
    SLICE_X125Y526       LUT4 (Prop_D6LUT_SLICEM_I3_O)
                                                      0.051     4.361 r  sel[8]_i_146/O
                         net (fo=1, routed)           0.025     4.386    demux/sel[8]_i_64_0[2]
    SLICE_X125Y526       CARRY8 (Prop_CARRY8_SLICEM_S[3]_CO[7])
                                                      0.163     4.549 r  demux/sel_reg[8]_i_81/CO[7]
                         net (fo=1, estimated)        0.026     4.575    demux/sel_reg[8]_i_81_n_0
    SLICE_X125Y527       CARRY8 (Prop_CARRY8_SLICEM_CI_O[1])
                                                      0.076     4.651 r  demux/sel_reg[8]_i_77/O[1]
                         net (fo=2, estimated)        0.288     4.939    demux_n_98
    SLICE_X126Y527       LUT3 (Prop_E5LUT_SLICEL_I2_O)
                                                      0.101     5.040 r  sel[8]_i_32/O
                         net (fo=2, estimated)        0.159     5.199    sel[8]_i_32_n_0
    SLICE_X126Y527       LUT4 (Prop_F6LUT_SLICEL_I3_O)
                                                      0.049     5.248 r  sel[8]_i_40/O
                         net (fo=1, routed)           0.011     5.259    demux/sel[8]_i_28_0[5]
    SLICE_X126Y527       CARRY8 (Prop_CARRY8_SLICEL_S[5]_CO[7])
                                                      0.155     5.414 r  demux/sel_reg[8]_i_20/CO[7]
                         net (fo=1, estimated)        0.026     5.440    demux/sel_reg[8]_i_20_n_0
    SLICE_X126Y528       CARRY8 (Prop_CARRY8_SLICEL_CI_O[0])
                                                      0.056     5.496 r  demux/sel_reg[8]_i_22/O[0]
                         net (fo=3, estimated)        0.426     5.922    demux/O[0]
    SLICE_X129Y527       CARRY8 (Prop_CARRY8_SLICEM_S[0]_O[0])
                                                      0.065     5.987 r  demux/sel_reg[8]_i_19/O[0]
                         net (fo=1, estimated)        0.228     6.215    demux_n_110
    SLICE_X128Y526       LUT2 (Prop_D6LUT_SLICEL_I1_O)
                                                      0.036     6.251 r  sel[8]_i_14/O
                         net (fo=1, routed)           0.009     6.260    demux/sel_reg[0]_rep_0[2]
    SLICE_X128Y526       CARRY8 (Prop_CARRY8_SLICEL_S[3]_O[5])
                                                      0.180     6.440 f  demux/sel_reg[8]_i_4/O[5]
                         net (fo=6, estimated)        0.178     6.618    demux/sel_reg[8]_i_4_n_10
    SLICE_X129Y526       LUT6 (Prop_G6LUT_SLICEM_I0_O)
                                                      0.150     6.768 r  demux/sel[3]_i_2/O
                         net (fo=7, estimated)        0.167     6.935    demux/sel[3]_i_2_n_0
    SLICE_X128Y525       LUT6 (Prop_E6LUT_SLICEL_I1_O)
                                                      0.099     7.034 r  demux/sel[2]_rep_i_1/O
                         net (fo=1, routed)           0.046     7.080    demux/sel[2]_rep_i_1_n_0
    SLICE_X128Y525       FDRE                                         r  demux/sel_reg[2]_rep/D
  -------------------------------------------------------------------    -------------------

                         (clock virtual_clock rise edge)
                                                      4.000     4.000 r  
    AR14                                              0.000     4.000 r  clk (IN)
                         net (fo=0)                   0.000     4.000    clk_IBUF_inst/I
    AR14                 INBUF (Prop_INBUF_HPIOB_M_PAD_O)
                                                      0.359     4.359 r  clk_IBUF_inst/INBUF_INST/O
                         net (fo=1, routed)           0.000     4.359    clk_IBUF_inst/OUT
    AR14                 IBUFCTRL (Prop_IBUFCTRL_HPIOB_M_I_O)
                                                      0.000     4.359 r  clk_IBUF_inst/IBUFCTRL_INST/O
                         net (fo=1, estimated)        0.287     4.646    clk_IBUF
    BUFGCE_X1Y212        BUFGCE (Prop_BUFCE_BUFGCE_I_O)
                                                      0.024     4.670 r  clk_IBUF_BUFG_inst/O
    X4Y8 (CLOCK_ROOT)    net (fo=3412, estimated)     0.974     5.644    demux/clk_IBUF_BUFG
    SLICE_X128Y525       FDRE                                         r  demux/sel_reg[2]_rep/C
                         clock pessimism              0.365     6.010    
                         clock uncertainty           -0.035     5.974    
    SLICE_X128Y525       FDRE (Setup_EFF_SLICEL_C_D)
                                                      0.025     5.999    demux/sel_reg[2]_rep
  -------------------------------------------------------------------
                         required time                          5.999    
                         arrival time                          -7.080    
  -------------------------------------------------------------------
                         slack                                 -1.081    





Min Delay Paths
--------------------------------------------------------------------------------------
Slack (VIOLATED) :        -0.088ns  (arrival time - required time)
  Source:                 demux/genblk1[274].z_reg[274][3]/C
                            (rising edge-triggered cell FDRE clocked by virtual_clock  {rise@0.000ns fall@2.000ns period=4.000ns})
  Destination:            genblk1[274].reg_in/reg_out_reg[3]/D
                            (rising edge-triggered cell FDRE clocked by virtual_clock  {rise@0.000ns fall@2.000ns period=4.000ns})
  Path Group:             virtual_clock
  Path Type:              Hold (Min at Slow Process Corner)
  Requirement:            0.000ns  (virtual_clock rise@0.000ns - virtual_clock rise@0.000ns)
  Data Path Delay:        0.172ns  (logic 0.059ns (34.302%)  route 0.113ns (65.698%))
  Logic Levels:           0  
  Clock Path Skew:        0.198ns (DCD - SCD - CPR)
    Destination Clock Delay (DCD):    2.154ns
    Source Clock Delay      (SCD):    1.645ns
    Clock Pessimism Removal (CPR):    0.311ns
  Clock Net Delay (Source):      0.975ns (routing 0.190ns, distribution 0.785ns)
  Clock Net Delay (Destination): 1.193ns (routing 0.210ns, distribution 0.983ns)

    Location             Delay type                Incr(ns)  Path(ns)    Netlist Resource(s)
  -------------------------------------------------------------------    -------------------
                         (clock virtual_clock rise edge)
                                                      0.000     0.000 r  
    AR14                                              0.000     0.000 r  clk (IN)
                         net (fo=0)                   0.000     0.000    clk_IBUF_inst/I
    AR14                 INBUF (Prop_INBUF_HPIOB_M_PAD_O)
                                                      0.359     0.359 r  clk_IBUF_inst/INBUF_INST/O
                         net (fo=1, routed)           0.000     0.359    clk_IBUF_inst/OUT
    AR14                 IBUFCTRL (Prop_IBUFCTRL_HPIOB_M_I_O)
                                                      0.000     0.359 r  clk_IBUF_inst/IBUFCTRL_INST/O
                         net (fo=1, estimated)        0.287     0.646    clk_IBUF
    BUFGCE_X1Y212        BUFGCE (Prop_BUFCE_BUFGCE_I_O)
                                                      0.024     0.670 r  clk_IBUF_BUFG_inst/O
    X4Y8 (CLOCK_ROOT)    net (fo=3412, estimated)     0.975     1.645    demux/clk_IBUF_BUFG
    SLICE_X126Y538       FDRE                                         r  demux/genblk1[274].z_reg[274][3]/C
  -------------------------------------------------------------------    -------------------
    SLICE_X126Y538       FDRE (Prop_DFF_SLICEL_C_Q)
                                                      0.059     1.704 r  demux/genblk1[274].z_reg[274][3]/Q
                         net (fo=1, estimated)        0.113     1.817    genblk1[274].reg_in/D[3]
    SLICE_X128Y540       FDRE                                         r  genblk1[274].reg_in/reg_out_reg[3]/D
  -------------------------------------------------------------------    -------------------

                         (clock virtual_clock rise edge)
                                                      0.000     0.000 r  
    AR14                                              0.000     0.000 r  clk (IN)
                         net (fo=0)                   0.000     0.000    clk_IBUF_inst/I
    AR14                 INBUF (Prop_INBUF_HPIOB_M_PAD_O)
                                                      0.610     0.610 r  clk_IBUF_inst/INBUF_INST/O
                         net (fo=1, routed)           0.000     0.610    clk_IBUF_inst/OUT
    AR14                 IBUFCTRL (Prop_IBUFCTRL_HPIOB_M_I_O)
                                                      0.000     0.610 r  clk_IBUF_inst/IBUFCTRL_INST/O
                         net (fo=1, estimated)        0.323     0.933    clk_IBUF
    BUFGCE_X1Y212        BUFGCE (Prop_BUFCE_BUFGCE_I_O)
                                                      0.028     0.961 r  clk_IBUF_BUFG_inst/O
    X4Y8 (CLOCK_ROOT)    net (fo=3412, estimated)     1.193     2.154    genblk1[274].reg_in/CLK
    SLICE_X128Y540       FDRE                                         r  genblk1[274].reg_in/reg_out_reg[3]/C
                         clock pessimism             -0.311     1.843    
    SLICE_X128Y540       FDRE (Hold_AFF2_SLICEL_C_D)
                                                      0.062     1.905    genblk1[274].reg_in/reg_out_reg[3]
  -------------------------------------------------------------------
                         required time                         -1.905    
                         arrival time                           1.817    
  -------------------------------------------------------------------
                         slack                                 -0.088    





Pulse Width Checks
--------------------------------------------------------------------------------------
Clock Name:         virtual_clock
Waveform(ns):       { 0.000 2.000 }
Period(ns):         4.000
Sources:            { clk }

Check Type        Corner  Lib Pin   Reference Pin  Required(ns)  Actual(ns)  Slack(ns)  Location        Pin
Min Period        n/a     BUFGCE/I  n/a            1.290         4.000       2.710      BUFGCE_X1Y212   clk_IBUF_BUFG_inst/I
Low Pulse Width   Slow    FDRE/C    n/a            0.275         2.000       1.725      SLICE_X126Y538  demux/genblk1[274].z_reg[274][3]/C
High Pulse Width  Slow    FDRE/C    n/a            0.275         2.000       1.725      SLICE_X121Y542  demux/genblk1[239].z_reg[239][1]/C



